POS,1.02,-0.65,0.19,93
POS,0.98,-0.70,0.18,93
POS,1.00,-0.70,0.16,94
POS,0.91,-0.74,0.08,91
POS,0.90,-0.77,0.07,93
POS,0.96,-0.74,0.07,94
POS,0.91,-0.56,-0.16,96
POS,0.75,-0.67,-0.11,92
POS,0.63,-0.73,-0.01,92
POS,0.63,-0.78,0.02,91
POS,0.70,-0.78,0.04,93
POS,0.71,-0.80,-0.01,92
POS,0.74,-0.81,-0.01,93
POS,0.82,-0.75,-0.10,95



POS,0.80,-0.73,-0.23,96
POS,0.78,-0.77,-0.21,92
POS,0.78,-0.79,-0.14,92
POS,0.76,-0.81,-0.05,92
POS,0.78,-0.82,-0.02,93
POS,0.79,-0.83,-0.02,92
POS,0.83,-0.82,0.02,94
POS,0.90,-0.79,0.03,94
POS,0.88,-0.82,-0.00,93
POS,0.85,-0.82,-0.09,93

POS,0.93,-0.75,-0.09,94
POS,0.93,-0.77,-0.01,94
POS,0.97,-0.74,0.06,94
POS,0.98,-0.73,0.14,94
POS,0.95,-0.77,0.07,93
POS,0.94,-0.77,-0.02,93
POS,0.95,-0.76,0.04,94
POS,0.92,-0.73,-0.13,96
POS,0.94,-0.72,-0.01,94
POS,0.94,-0.73,0.02,93
POS,0.98,-0.73,-0.01,94
POS,1.05,-0.66,0.04,95
POS,1.07,-0.65,0.12,95
POS,1.12,-0.57,0.19,96
POS,1.16,-0.50,0.21,95
POS,1.14,-0.55,0.19,94
POS,1.13,-0.57,0.09,94
POS,1.10,-0.60,0.13,94
POS,1.13,-0.59,0.11,94
POS,1.18,-0.50,0.07,96
POS,1.12,-0.53,-0.01,93
POS,1.10,-0.54,0.02,92
POS,1.05,-0.57,0.09,93
POS,1.04,-0.60,0.10,93
POS,1.05,-0.59,0.11,93
POS,1.03,-0.62,0.12,93
POS,0.97,-0.66,0.14,92
POS,0.91,-0.31,0.08,90
POS,0.86,-0.44,0.07,91
POS,0.89,-0.51,0.08,94
POS,0.96,-0.48,0.16,94
POS,1.00,-0.50,0.22,95
POS,1.06,-0.50,0.19,94
POS,1.09,-0.52,0.21,94
POS,1.02,-0.48,-0.03,97
POS,0.97,-0.38,-0.22,96
POS,0.97,-0.44,-0.29,96
POS,1.03,-0.45,-0.23,94
POS,1.07,-0.46,-0.15,94
POS,1.07,-0.29,-0.20,95
POS,1.08,-0.36,-0.09,94
POS,0.99,-0.34,-0.27,96
POS,1.03,-0.12,-0.22,96
POS,1.08,-0.20,-0.21,94
POS,1.08,-0.30,-0.02,95
POS,1.13,-0.28,0.07,96
POS,1.03,-0.43,0.05,92
POS,0.77,-0.52,0.19,94
POS,0.83,-0.55,0.06,94
POS,0.64,-0.65,-0.02,96
POS,0.79,-0.47,-0.08,97
POS,0.85,-0.53,-0.02,94
POS,0.91,-0.55,-0.05,94
POS,0.90,-0.59,-0.11,93

POS,0.98,-0.53,-0.20,97
POS,1.02,-0.57,-0.08,95
POS,1.08,-0.52,-0.02,94
POS,1.10,-0.53,0.06,94
POS,1.11,-0.56,0.07,94
POS,1.14,-0.54,0.10,95
POS,1.15,-0.55,0.13,95
POS,1.19,-0.50,0.10,95
POS,1.21,-0.47,0.09,95
POS,1.20,-0.49,0.10,94
POS,1.20,-0.51,0.06,94
POS,1.18,-0.52,-0.05,96
POS,1.20,-0.52,-0.01,95
POS,1.20,-0.53,-0.02,94
POS,1.20,-0.53,0.00,94
POS,1.19,-0.51,-0.01,93
POS,1.21,-0.49,0.02,95
POS,1.22,-0.46,-0.03,95
POS,1.18,-0.35,-0.16,96
POS,1.16,-0.21,-0.23,96
POS,1.19,-0.26,-0.17,95
POS,1.20,-0.34,-0.13,95
POS,1.20,-0.38,-0.08,94
POS,1.23,-0.35,-0.07,95
POS,1.23,-0.38,-0.03,94
POS,1.21,-0.44,0.01,94
POS,1.22,-0.43,0.07,95
POS,1.21,-0.49,0.08,95
POS,1.21,-0.51,0.08,94
POS,1.22,-0.53,0.09,95
POS,1.22,-0.50,0.14,95
POS,1.21,-0.53,0.12,94
POS,1.21,-0.52,0.10,94
POS,1.24,-0.48,0.11,95
POS,1.23,-0.50,0.12,95
POS,1.24,-0.49,0.10,95
POS,1.24,-0.50,0.07,95
POS,1.25,-0.48,0.04,95
POS,1.24,-0.49,0.03,94
POS,1.25,-0.45,-0.03,95
POS,1.25,-0.44,0.01,95
POS,1.25,-0.44,-0.03,94
POS,1.26,-0.41,-0.00,95
POS,1.25,-0.40,-0.08,96
POS,1.25,-0.39,0.03,95

POS,1.22,-0.44,0.12,94
POS,1.07,-0.15,-0.00,92
POS,0.96,-0.08,-0.20,95
POS,1.01,-0.19,-0.16,94
POS,1.04,-0.29,-0.22,96
POS,1.03,-0.28,-0.34,97
POS,1.06,-0.37,-0.26,94
POS,1.07,-0.45,-0.16,94
POS,1.09,-0.48,-0.16,94
POS,1.13,-0.48,-0.18,95
POS,1.07,-0.52,-0.27,96
POS,1.12,-0.50,-0.18,95
POS,1.02,-0.31,-0.30,94
POS,1.06,-0.21,-0.34,96
POS,1.09,-0.20,-0.37,97
POS,1.10,-0.31,-0.21,95
POS,1.14,-0.36,-0.11,95
POS,1.14,-0.44,-0.09,94
POS,1.16,-0.44,-0.01,94
POS,1.18,-0.46,0.02,95
POS,1.19,-0.48,0.03,94
POS,1.20,-0.49,0.08,95
POS,1.22,-0.48,0.05,95
POS,1.23,-0.47,0.06,95
POS,1.23,-0.47,0.06,94
POS,1.22,-0.51,0.07,94
POS,1.23,-0.52,0.07,95
POS,1.22,-0.52,0.12,95
POS,1.19,-0.55,0.07,95
POS,1.18,-0.56,0.09,94
POS,1.18,-0.57,0.11,94
POS,1.21,-0.52,0.10,95
POS,1.21,-0.51,0.15,95
POS,1.22,-0.52,0.16,95
POS,1.23,-0.50,0.15,95
POS,1.23,-0.48,0.19,95
POS,1.20,-0.51,0.20,94
POS,1.22,-0.46,0.20,95
POS,1.24,-0.45,0.20,95
POS,1.23,-0.47,0.18,94
POS,1.23,-0.49,0.19,95
POS,1.24,-0.48,0.17,95
POS,1.21,-0.30,0.05,96
POS,1.21,-0.35,0.12,95
POS,1.20,-0.42,0.11,94
POS,1.20,-0.45,0.10,94
POS,1.21,-0.46,0.11,95
POS,1.22,-0.47,0.10,95
POS,1.19,-0.30,-0.01,96
POS,1.21,-0.35,0.03,95
POS,1.24,-0.28,0.02,97
POS,1.25,-0.33,0.03,95
POS,1.24,-0.38,0.04,94
POS,1.24,-0.42,0.07,95
POS,1.24,-0.47,0.06,95
POS,1.24,-0.48,0.06,95
POS,1.22,-0.51,0.11,94
POS,1.22,-0.51,0.12,94
POS,1.22,-0.36,0.02,96
POS,1.12,-0.07,0.02,92
POS,1.17,-0.14,0.04,95
POS,1.20,-0.17,0.09,96
POS,1.20,-0.28,0.10,95
POS,1.18,-0.39,0.11,95
POS,1.18,-0.24,-0.00,96
POS,1.19,-0.14,-0.04,96
POS,1.21,-0.21,-0.01,95
POS,1.23,-0.27,0.04,95
POS,1.23,-0.33,0.03,95
POS,1.15,-0.46,-0.01,94
POS,1.16,-0.50,0.03,95
POS,1.19,-0.44,0.02,95
POS,1.22,-0.44,0.05,95
POS,1.24,-0.42,0.01,95
POS,1.23,-0.45,-0.04,94
POS,1.23,-0.45,0.02,95
POS,1.23,-0.46,0.05,95
POS,1.25,-0.45,0.06,95
POS,1.25,-0.46,0.07,95
POS,1.25,-0.46,0.06,95
POS,1.22,-0.51,0.08,94
POS,1.22,-0.52,0.06,94
POS,1.23,-0.48,0.11,95
POS,1.23,-0.48,0.11,94
POS,1.25,-0.45,0.10,95
POS,1.23,-0.47,0.08,94
POS,1.23,-0.47,0.05,94
POS,1.24,-0.43,0.08,95
POS,1.24,-0.45,0.08,95
POS,1.24,-0.46,0.10,95
POS,1.23,-0.51,0.07,94
POS,1.20,-0.56,0.10,95
POS,1.19,-0.57,0.14,95
POS,1.18,-0.59,0.15,94
POS,1.16,-0.59,0.19,94
POS,1.15,-0.61,0.18,94
POS,1.17,-0.60,0.13,94
POS,1.19,-0.57,0.12,95
POS,1.21,-0.54,0.08,95
POS,1.21,-0.53,0.05,94
POS,1.21,-0.50,0.09,94
POS,1.20,-0.51,0.13,94
POS,1.21,-0.51,0.11,94
POS,1.20,-0.52,0.05,94
POS,1.21,-0.52,0.04,95
POS,1.20,-0.54,0.07,94
POS,1.20,-0.56,0.06,95
POS,1.21,-0.56,0.07,95
POS,1.21,-0.58,0.07,94
POS,1.22,-0.55,0.04,95
POS,1.22,-0.54,-0.01,94
POS,1.21,-0.56,0.03,94
POS,1.22,-0.55,0.04,95
POS,1.22,-0.57,0.05,95
POS,1.22,-0.54,0.06,95
POS,1.22,-0.54,0.08,94
POS,1.24,-0.49,0.04,95
POS,1.24,-0.49,0.06,95
POS,1.25,-0.46,0.06,95
POS,1.24,-0.47,0.08,94
POS,1.24,-0.48,0.09,95
POS,1.12,-0.57,0.04,92
POS,1.15,-0.56,0.06,95
POS,1.18,-0.53,0.03,95
POS,1.11,-0.60,0.03,93
POS,1.13,-0.59,0.03,94
POS,1.16,-0.55,0.05,95
POS,1.19,-0.54,0.05,95
POS,1.20,-0.50,0.10,95
POS,1.20,-0.51,0.12,94
POS,1.21,-0.49,0.13,94
POS,1.20,-0.53,0.16,95
POS,1.22,-0.49,0.11,95
POS,1.23,-0.48,0.15,95
POS,1.23,-0.50,0.16,95
POS,1.24,-0.49,0.12,95
POS,1.24,-0.50,0.09,95
POS,1.23,-0.52,0.12,94
POS,1.24,-0.52,0.11,95
POS,1.23,-0.52,0.08,94
POS,1.23,-0.52,0.10,95
POS,1.23,-0.52,0.10,94
POS,1.25,-0.47,0.09,95
POS,1.26,-0.45,0.08,95
POS,1.27,-0.41,0.06,95
POS,1.26,-0.44,0.10,94
POS,1.23,-0.48,0.13,95
POS,1.24,-0.48,0.12,95
POS,1.25,-0.45,0.10,95
POS,1.24,-0.30,0.02,96
POS,1.24,-0.34,0.08,95
POS,1.25,-0.35,0.08,95
POS,1.26,-0.37,0.07,95
POS,1.27,-0.38,0.05,95
POS,1.27,-0.40,0.06,95
POS,1.28,-0.35,0.04,96
POS,1.28,-0.36,0.04,95
POS,1.26,-0.40,0.09,94
POS,1.25,-0.44,0.11,95
POS,1.24,-0.47,0.12,94
POS,1.25,-0.45,0.07,95
POS,1.26,-0.42,0.11,95
POS,1.24,-0.45,0.13,94
POS,1.25,-0.42,0.13,95
POS,1.25,-0.41,0.14,95
POS,1.24,-0.44,0.15,95
POS,1.24,-0.44,0.15,95
POS,1.15,-0.15,0.09,92
POS,1.16,-0.26,0.10,94
POS,1.17,-0.33,0.10,94
POS,1.18,-0.39,0.14,95
POS,1.17,-0.45,0.18,95
POS,1.19,-0.44,0.19,95
POS,1.18,-0.46,0.22,94
POS,1.17,-0.52,0.23,95
POS,1.18,-0.51,0.18,94
POS,1.21,-0.47,0.11,95
POS,1.22,-0.46,0.13,95
POS,1.24,-0.43,0.12,95
POS,1.24,-0.44,0.12,95
POS,1.23,-0.47,0.12,94
POS,1.23,-0.48,0.09,94
POS,1.23,-0.49,0.09,94
POS,1.22,-0.50,0.12,95
POS,1.24,-0.49,0.11,95
POS,1.24,-0.51,0.13,95
POS,1.24,-0.49,0.10,94
POS,1.22,-0.51,0.12,94
POS,1.24,-0.50,0.09,95
POS,1.25,-0.48,0.03,95
POS,1.25,-0.48,0.02,95
POS,1.23,-0.51,-0.01,94
POS,1.22,-0.54,0.02,94
POS,1.22,-0.53,0.02,94
POS,1.21,-0.54,-0.00,94
POS,1.23,-0.47,0.02,95
POS,1.24,-0.44,0.08,95
POS,1.23,-0.45,0.12,95
POS,1.23,-0.47,0.11,94
POS,1.21,-0.49,0.10,94
POS,1.23,-0.45,0.11,95
POS,1.24,-0.45,0.14,95
POS,1.24,-0.43,0.18,95
POS,1.24,-0.43,0.21,95
POS,1.24,-0.44,0.22,95
POS,1.25,-0.40,0.24,95
POS,1.22,-0.45,0.26,94
POS,1.23,-0.43,0.26,95
POS,1.23,-0.42,0.26,95
POS,1.23,-0.42,0.28,95
POS,1.24,-0.43,0.22,95
POS,1.25,-0.42,0.21,95
POS,1.24,-0.44,0.20,94
POS,1.23,-0.45,0.23,95
POS,1.23,-0.46,0.19,95
POS,1.23,-0.48,0.19,95
POS,1.23,-0.49,0.20,95
POS,1.23,-0.48,0.20,94
POS,1.22,-0.50,0.21,94
POS,1.22,-0.49,0.23,95
POS,1.19,-0.54,0.23,95
POS,1.20,-0.53,0.23,95
POS,1.21,-0.52,0.23,95
POS,1.18,-0.55,0.22,94
POS,1.21,-0.53,0.21,95
POS,1.20,-0.53,0POS,1.17,-0.51,0.28,95
POS,1.16,-0.51,0.32,95
POS,1.18,-0.51,0.25,94
POS,1.18,-0.54,0.22,94
POS,1.20,-0.51,0.20,95
POS,1.20,-0.51,0.22,95
POS,1.19,-0.53,0.25,95
POS,1.18,-0.55,0.26,95
POS,1.20,-0.53,0.24,95
POS,1.19,-0.52,0.27,94
POS,1.20,-0.54,0.23,95
POS,1.21,-0.52,0.22,95
POS,1.19,-0.55,0.23,94
POS,1.19,-0.54,0.24,94
POS,1.19,-0.54,0.24,95
POS,1.17,-0.56,0.29,95
POS,1.19,-0.53,0.26,95
POS,1.17,-0.54,0.29,94
POS,1.18,-0.52,0.28,94
POS,1.16,-0.55,0.28,94
POS,1.17,-0.55,0.23,94
POS,1.18,-0.53,0.23,95
POS,1.19,-0.51,0.19,94
POS,1.17,-0.54,0.22,94
POS,1.17,-0.56,0.21,94
POS,1.16,-0.57,0.24,94
POS,1.16,-0.58,0.18,94
POS,1.18,-0.57,0.15,94
POS,1.19,-0.57,0.15,95
POS,1.21,-0.50,0.14,95
POS,1.21,-0.50,0.14,94
POS,1.21,-0.50,0.12,94
POS,1.19,-0.54,0.13,94
POS,1.20,-0.53,0.17,95
POS,1.19,-0.54,0.18,94
POS,1.19,-0.55,0.20,94
POS,1.18,-0.57,0.20,94
POS,1.16,-0.58,0.19,94
POS,1.16,-0.58,0.21,94
POS,1.15,-0.59,0.23,94
POS,1.17,-0.57,0.25,95
POS,1.17,-0.56,0.26,95
POS,1.17,-0.58,0.26,95
POS,1.19,-0.55,0.24,95
POS,1.16,-0.59,0.26,95
POS,1.18,-0.56,0.26,95
POS,1.19,-0.53,0.27,94
POS,1.20,-0.49,0.26,95
POS,1.19,-0.49,0.28,94
POS,1.16,-0.55,0.25,94
POS,1.15,-0.58,0.23,94
POS,1.14,-0.57,0.23,94
POS,1.17,-0.55,0.22,95
POS,1.17,-0.54,0.21,94
POS,1.17,-0.56,0.20,94
POS,1.18,-0.51,0.24,95
POS,1.18,-0.52,0.24,94
POS,1.19,-0.50,0.26,94
POS,1.20,-0.49,0.21,94
POS,1.16,-0.51,0.27,94
POS,1.18,-0.51,0.24,95
POS,1.17,-0.51,0.27,94
POS,1.17,-0.51,0.22,94
POS,1.18,-0.52,0.20,94
POS,1.19,-0.54,0.20,95
POS,1.15,-0.57,0.24,94
POS,1.16,-0.56,0.24,94
POS,1.15,-0.58,0.23,94
POS,1.14,-0.60,0.24,94
POS,1.15,-0.59,0.22,94
POS,1.18,-0.55,0.20,95
POS,1.19,-0.51,0.20,95
POS,1.20,-0.50,0.23,94
POS,1.20,-0.47,0.24,94
POS,1.21,-0.47,0.21,95
POS,1.20,-0.51,0.18,94
POS,1.20,-0.53,0.18,94
POS,1.20,-0.53,0.14,94
POS,1.23,-0.47,0.11,95
POS,1.24,-0.44,0.09,95
POS,1.24,-0.45,0.09,95
POS,1.23,-0.47,0.05,94
POS,1.23,-0.48,0.07,95
POS,1.24,-0.47,0.02,95
POS,1.22,-0.28,-0.03,96
POS,1.11,-0.43,-0.05,92
POS,1.00,-0.54,-0.10,92
POS,1.06,-0.55,-0.04,95
POS,1.08,-0.57,0.03,95
POS,1.12,-0.56,0.10,95
POS,1.14,-0.56,0.10,95
POS,1.13,-0.57,0.17,95
POS,1.17,-0.49,0.22,96
POS,1.16,-0.52,0.26,95
POS,1.18,-0.49,0.26,95
POS,1.19,-0.49,0.26,95
POS,1.20,-0.49,0.23,95
POS,1.22,-0.47,0.22,95
POS,1.21,-0.50,0.23,95
POS,1.20,-0.51,0.25,94
POS,1.18,-0.55,0.25,95
POS,1.20,-0.53,0.24,95
POS,1.20,-0.53,0.23,95
POS,1.20,-0.55,0.22,94
POS,1.21,-0.54,0.19,95
POS,1.21,-0.50,0.07,95
POS,1.21,-0.49,-0.02,95
POS,1.22,-0.31,-0.03,96
POS,1.22,-0.38,-0.01,94
POS,1.21,-0.44,0.03,95
POS,1.23,-0.45,0.02,95
POS,1.25,-0.42,0.00,95
POS,1.26,-0.41,-0.01,95
POS,1.26,-0.44,0.01,95
POS,1.26,-0.45,0.04,95
POS,1.27,-0.45,0.06,95
POS,1.25,-0.48,0.08,94
POS,1.23,-0.52,0.11,95
POS,1.24,-0.53,0.09,95
POS,1.24,-0.53,0.09,95
POS,1.24,-0.54,0.08,95
POS,1.25,-0.50,0.09,95
POS,1.25,-0.52,0.09,95
POS,1.23,-0.54,0.13,94
POS,1.24,-0.50,0.12,95
POS,1.24,-0.52,0.11,95
POS,1.24,-0.53,0.10,94
POS,1.23,-0.55,0.11,95
POS,1.16,-0.34,-0.06,95
POS,1.18,-0.39,-0.04,95
POS,1.20,-0.41,-0.01,95
POS,1.22,-0.42,-0.01,95
POS,1.22,-0.45,0.03,95
POS,1.24,-0.44,0.03,95
POS,1.25,-0.42,0.06,95
POS,1.22,-0.46,0.11,94
POS,1.24,-0.44,0.06,95
POS,1.22,-0.46,0.11,94
POS,1.20,-0.51,0.13,94
POS,1.22,-0.47,0.12,95
POS,1.18,-0.52,0.12,93
POS,1.16,-0.54,0.11,94
POS,1.18,-0.54,0.08,94
POS,1.10,-0.60,0.13,93
POS,1.11,-0.60,0.14,94
POS,1.12,-0.59,0.09,93
POS,1.15,-0.54,0.04,95
POS,1.15,-0.53,0.03,93
POS,1.15,-0.55,0.02,94
POS,1.14,-0.56,0.05,94
POS,1.11,-0.59,0.06,93
POS,1.13,-0.56,0.03,94
POS,1.11,-0.58,0.03,93
POS,1.13,-0.55,-0.01,94
POS,1.08,-0.59,0.03,94
POS,1.00,-0.25,-0.02,91
POS,1.05,-0.33,0.01,95
POS,1.11,-0.35,0.05,95
POS,1.12,-0.41,0.10,95
POS,1.15,-0.40,0.16,95
POS,1.18,-0.41,0.12,95
POS,1.18,-0.46,0.14,95
POS,1.15,-0.49,0.19,94
POS,1.15,-0.53,0.18,94
POS,1.14,-0.57,0.19,94
POS,1.15,-0.57,0.17,94
POS,1.17,-0.57,0.17,95
POS,1.20,-0.54,0.15,95
POS,1.22,-0.53,0.09,95
POS,1.17,-0.33,-0.05,96
POS,1.20,-0.36,-0.02,95
POS,1.08,-0.09,-0.08,91
POS,1.12,-0.19,-0.07,95
POS,1.14,-0.29,-0.04,94
POS,1.07,-0.41,-0.12,94
POS,1.12,-0.40,-0.12,95
POS,1.16,-0.39,-0.05,95
POS,1.19,-0.42,-0.01,95
POS,1.10,-0.53,-0.03,93
POS,1.14,-0.53,0.03,95
POS,1.18,-0.49,0.07,95
POS,1.19,-0.47,0.12,95
POS,1.21,-0.46,0.14,95
POS,1.20,-0.49,0.15,94
POS,1.11,-0.18,0.13,92
POS,1.14,-0.23,0.18,95
POS,1.17,-0.30,0.16,95
POS,1.18,-0.35,0.18,94
POS,1.20,-0.38,0.14,95
POS,1.21,-0.43,0.15,95
POS,1.22,-0.41,0.13,95
POS,1.20,-0.48,0.14,95
POS,1.18,-0.53,0.17,94
POS,1.18,-0.54,0.15,95
POS,1.17,-0.55,0.21,94
POS,1.17,-0.57,0.20,94
POS,1.19,-0.53,0.19,95
POS,1.22,-0.50,0.16,95
POS,1.20,-0.52,0.11,94
POS,1.21,-0.51,0.11,95
POS,1.23,-0.48,0.14,95
POS,1.21,-0.51,0.15,94
POS,1.16,-0.56,0.18,94
POS,1.17,-0.53,0.23,95
POS,1.19,-0.52,0.23,95
POS,1.18,-0.54,0.24,94
POS,1.20,-0.52,0.21,95
POS,1.22,-0.49,0.19,95
POS,1.24,-0.45,0.18,95
POS,1.25,-0.44,0.16,95
POS,1.26,-0.43,0.13,95
POS,1.26,-0.41,0.13,95
POS,1.27,-0.41,0.13,95
POS,1.28,-0.38,0.12,95
POS,1.28,-0.36,0.14,95
POS,1.27,-0.39,0.16,95
POS,1.25,-0.41,0.20,95
POS,1.25,-0.44,0.20,95
POS,1.23,-0.49,0.21,95
POS,1.21,-0.49,0.27,95
POS,1.22,-0.48,0.23,95
POS,1.22,-0.51,0.20,94
POS,1.22,-0.52,0.17,94
POS,1.23,-0.52,0.16,95
POS,1.22,-0.54,0.17,95
POS,1.23,-0.52,0.14,95
POS,1.20,-0.53,0.18,94
POS,1.19,-0.57,0.18,95
POS,1.19,-0.56,0.20,94
POS,1.21,-0.54,0.15,95
POS,1.22,-0.52,0.16,95
POS,1.24,-0.47,0.16,95
POS,1.25,-0.44,0.14,95
POS,1.26,-0.43,0.14,95
POS,1.25,-0.44,0.13,95
POS,1.26,-0.45,0.11,95
POS,1.24,-0.47,0.05,94
POS,1.25,-0.45,0.08,95
POS,1.23,-0.48,0.10,94
POS,1.21,-0.51,0.10,94
POS,1.23,-0.48,0.05,95
POS,1.24,-0.46,0.04,95
POS,1.12,-0.56,0.02,92
POS,1.09,-0.60,0.09,94
POS,1.12,-0.57,0.01,94
POS,1.14,-0.40,-0.06,96
POS,1.12,-0.47,0.03,94
POS,1.14,-0.50,0.02,94
POS,1.13,-0.54,-0.00,94
POS,1.16,-0.51,0.00,95
POS,1.18,-0.50,0.00,94
POS,1.20,-0.48,-0.03,95
POS,1.22,-0.42,-0.07,95
POS,1.23,-0.44,-0.06,95
POS,1.23,-0.47,-0.07,95
POS,1.24,-0.47,-0.04,95
POS,1.23,-0.49,-0.02,94
POS,1.23,-0.49,-0.00,95
POS,1.23,-0.51,0.05,95
POS,1.21,-0.53,0.05,94
POS,1.23,-0.49,0.05,95
POS,1.20,-0.56,0.05,94
POS,1.17,-0.59,0.02,94
POS,1.16,-0.61,0.04,94
POS,1.12,-0.65,0.04,94
POS,1.14,-0.63,0.06,94
POS,1.16,-0.60,0.09,95
POS,1.18,-0.59,0.09,94
POS,1.14,-0.63,0.06,94
POS,1.15,-0.63,0.08,94
POS,1.17,-0.62,0.07,94
POS,1.07,-0.67,-0.00,92
POS,1.11,-0.64,-0.01,94
POS,1.14,-0.61,0.03,94
POS,1.16,-0.58,-0.01,94
POS,1.17,-0.57,-0.02,94
POS,1.18,-0.57,0.00,94
POS,1.20,-0.56,0.02,95
POS,1.21,-0.56,0.04,95
POS,1.21,-0.54,0.02,94
POS,1.23,-0.50,0.02,95
POS,1.24,-0.48,0.01,95
POS,1.25,-0.47,0.05,95
POS,1.21,-0.52,0.06,94
POS,1.21,-0.53,0.05,94
POS,1.22,-0.52,0.02,95
POS,1.24,-0.49,-0.01,95
POS,1.23,-0.51,-0.03,94
POS,1.21,-0.54,0.03,94
POS,1.22,-0.54,0.06,95
POS,1.11,-0.62,0.07,93
POS,1.12,-0.62,0.06,94
POS,1.15,-0.59,0.06,95
POS,1.15,-0.60,0.05,94
POS,1.18,-0.57,0.04,95
POS,1.19,-0.57,0.06,94
POS,1.21,-0.51,0.04,95
POS,1.23,-0.47,-0.02,95
POS,1.21,-0.51,0.02,94
POS,1.21,-0.52,0.00,94
POS,1.12,-0.59,-0.05,93
POS,1.13,-0.60,0.00,94
POS,1.16,-0.57,-0.00,95
POS,1.18,-0.55,0.01,95
POS,1.19,-0.55,0.04,95
POS,1.21,-0.52,0.05,94
POS,1.18,-0.57,0.08,94
POS,1.19,-0.54,0.10,94
POS,1.20,-0.53,0.11,94
POS,1.19,-0.55,0.15,95
POS,1.21,-0.53,0.12,94
POS,1.10,-0.62,0.09,92
POS,1.02,-0.67,0.02,92
POS,1.08,-0.61,-0.02,95
POS,1.11,-0.60,0.02,94
POS,1.11,-0.63,0.03,94
POS,1.16,-0.57,0.02,95
POS,1.19,-0.55,0.03,95
POS,1.18,-0.57,0.06,95
POS,1.17,-0.59,0.11,95
POS,1.18,-0.57,0.06,94
POS,1.21,-0.52,0.08,95
POS,1.22,-0.52,0.11,95
POS,1.21,-0.53,0.11,94
POS,1.22,-0.54,0.09,95
POS,1.23,-0.52,0.09,95
POS,1.22,-0.53,0.07,94
POS,1.14,-0.61,0.04,93
POS,1.16,-0.59,0.06,94
POS,1.17,-0.60,0.08,95
POS,1.18,-0.60,0.08,94
POS,1.09,-0.67,0.04,93
POS,1.11,-0.66,0.06,94
POS,1.12,-0.66,0.06,94
POS,1.15,-0.63,0.05,95
POS,1.16,-0.59,0.06,94
POS,1.18,-0.57,0.08,94
POS,1.18,-0.57,0.07,94
POS,1.19,-0.56,0.08,94
POS,1.18,-0.59,0.07,94
POS,1.19,-0.57,0.09,94
POS,1.15,-0.63,0.10,95
POS,1.18,-0.58,0.06,95
POS,1.19,-0.58,0.10,95
POS,1.20,-0.56,0.08,95
POS,1.18,-0.58,0.08,94
POS,1.21,-0.55,0.06,95
POS,1.22,-0.53,0.06,95
POS,1.23,-0.51,0.06,95
POS,1.12,-0.44,-0.16,96
POS,1.13,-0.49,-0.10,94
POS,1.16,-0.49,-0.08,95
POS,1.07,-0.59,-0.08,93
POS,1.07,-0.61,-0.01,94
POS,0.97,-0.67,-0.03,91
POS,1.02,-0.66,-0.02,94
POS,1.06,-0.64,0.04,94
POS,1.07,-0.65,0.03,94
POS,1.10,-0.64,0.04,94
POS,1.11,-0.64,0.04,94
POS,1.13,-0.63,0.07,94
POS,1.12,-0.63,0.12,94
POS,1.15,-0.59,0.14,94
POS,1.17,-0.56,0.09,95
POS,1.17,-0.58,0.13,94
POS,1.19,-0.55,0.12,95
POS,1.05,-0.64,0.10,91
POS,1.10,-0.60,0.13,95
POS,1.11,-0.61,0.10,94
POS,1.10,-0.61,0.19,94
POS,1.11,-0.61,0.17,94
POS,1.15,-0.55,0.18,95
POS,1.08,-0.63,0.16,93
POS,1.11,-0.61,0.18,95
POS,1.14,-0.60,0.16,94
POS,1.17,-0.57,0.14,95
POS,1.14,-0.60,0.17,94
POS,1.12,-0.64,0.18,94
POS,1.10,-0.66,0.16,94
POS,1.13,-0.64,0.16,94
POS,1.14,-0.64,0.15,94
POS,1.15,-0.64,0.13,94
POS,1.18,-0.60,0.14,95
POS,1.19,-0.59,0.13,94
POS,1.12,-0.64,0.05,93
POS,1.16,-0.56,0.10,95
POS,1.19,-0.56,0.15,95
POS,1.20,-0.53,0.19,95
POS,1.09,-0.62,0.12,92
POS,1.10,-0.62,0.18,95
POS,1.09,-0.63,0.18,94
POS,1.11,-0.60,0.22,94
POS,1.14,-0.58,0.22,95
POS,1.16,-0.57,0.21,94
POS,1.17,-0.57,0.22,95
POS,1.12,-0.62,0.21,94
POS,1.13,-0.62,0.16,94
POS,1.17,-0.56,0.15,95
POS,1.17,-0.56,0.12,94
POS,1.16,-0.57,0.17,95
POS,1.16,-0.57,0.19,94
POS,1.08,-0.55,-0.03,97
POS,1.11,-0.55,0.00,94
POS,1.13,-0.56,0.03,94
POS,1.13,-0.58,0.07,94
POS,1.16,-0.53,0.10,94
POS,1.18,-0.52,0.11,95
POS,1.15,-0.57,0.12,94
POS,1.16,-0.57,0.14,94
POS,1.16,-0.56,0.15,94
POS,1.17,-0.57,0.11,94
POS,1.17,-0.58,0.12,94
POS,1.17,-0.59,0.13,94
POS,1.16,-0.62,0.12,94
POS,1.14,-0.63,0.13,94
POS,1.06,-0.69,0.08,93
POS,1.10,-0.67,0.09,95
POS,1.14,-0.60,0.04,95
POS,1.15,-0.59,0.05,94
POS,1.15,-0.58,0.08,94
POS,1.18,-0.55,0.08,95
POS,1.18,-0.54,0.15,95
POS,1.16,-0.56,0.18,94
POS,1.13,-0.59,0.17,94
POS,1.13,-0.61,0.16,94
POS,1.11,-0.63,0.20,94
POS,1.10,-0.64,0.13,94
POS,1.12,-0.62,0.16,94
POS,1.14,-0.62,0.16,95
POS,1.14,-0.63,0.19,95
POS,1.17,-0.58,0.22,95
POS,1.18,-0.57,0.20,94
POS,1.19,-0.56,0.19,94
POS,1.18,-0.54,0.23,94
POS,1.09,-0.62,0.16,93
POS,1.10,-0.62,0.13,94
POS,1.12,-0.61,0.16,95
POS,1.13,-0.60,0.16,94
POS,1.16,-0.60,0.14,95
POS,1.15,-0.61,0.14,94
POS,1.15,-0.59,0.20,95
POS,1.10,-0.63,0.09,93
POS,1.09,-0.64,0.14,94
POS,1.10,-0.63,0.11,94
POS,1.12,-0.63,0.14,94
POS,1.10,-0.65,0.15,94
POS,1.13,-0.61,0.16,94
POS,1.16,-0.57,0.15,95
POS,1.15,-0.60,0.15,94
POS,1.13,-0.61,0.16,94
POS,1.15,-0.56,0.20,95
POS,1.16,-0.58,0.15,94
POS,1.16,-0.60,0.12,94
POS,1.17,-0.59,0.07,94
POS,1.18,-0.57,0.07,94
POS,1.16,-0.60,0.07,94
POS,1.13,-0.63,0.14,95
POS,1.12,-0.64,0.13,94
POS,1.14,-0.62,0.16,94
POS,1.13,-0.64,0.10,94
POS,1.15,-0.60,0.09,94
POS,1.16,-0.61,0.08,94
POS,1.19,-0.56,0.11,95
POS,1.17,-0.58,0.14,94
POS,1.18,-0.59,0.10,94
POS,1.18,-0.58,0.10,94
POS,1.15,-0.59,0.13,93
POS,1.15,-0.59,0.12,94
POS,1.16,-0.59,0.12,94
POS,1.03,-0.67,0.11,91
POS,1.07,-0.65,0.12,95
POS,1.11,-0.61,0.15,95
POS,1.13,-0.57,0.20,95
POS,1.16,-0.55,0.18,95
POS,1.09,-0.61,0.08,93
POS,1.11,-0.59,0.12,94
POS,1.15,-0.57,0.13,95
POS,1.05,-0.65,0.07,92
POS,1.09,-0.61,0.12,95
POS,1.12,-0.60,0.16,95
POS,1.10,-0.63,0.16,94
POS,1.13,-0.59,0.14,94
POS,1.05,-0.55,-0.09,97
POS,1.06,-0.58,-0.05,94
POS,1.08,-0.58,-0.03,94
POS,1.11,-0.57,0.02,94
POS,1.11,-0.60,0.06,94
POS,1.11,-0.60,0.09,94
POS,1.14,-0.58,0.06,94
POS,1.15,-0.58,0.07,94
POS,1.13,-0.60,0.13,94
POS,1.14,-0.60,0.11,94
POS,1.16,-0.60,0.09,94
POS,1.18,-0.55,0.08,95
POS,1.12,-0.59,-0.01,93
POS,1.13,-0.60,0.01,94
POS,1.15,-0.58,0.00,94
POS,1.16,-0.60,-0.01,94
POS,1.14,-0.62,0.01,94
POS,1.16,-0.46,-0.08,97
POS,1.16,-0.47,0.00,94
POS,1.16,-0.51,0.05,94
POS,1.08,-0.60,0.04,93
POS,1.09,-0.58,0.04,93
POS,1.11,-0.60,0.02,94
POS,1.11,-0.59,-0.02,93
POS,1.14,-0.57,-0.02,95
POS,1.04,-0.65,0.02,92
POS,1.03,-0.64,0.11,94
POS,1.07,-0.63,0.13,94
POS,1.02,-0.69,0.08,94
POS,1.06,-0.68,0.09,94
POS,1.09,-0.64,0.03,94
POS,1.13,-0.62,0.02,95
POS,1.16,-0.58,0.06,95
POS,1.19,-0.56,0.05,95
POS,1.21,-0.55,0.02,95
POS,1.22,-0.52,0.06,95
POS,1.21,-0.54,0.07,94
POS,1.22,-0.54,0.08,95
POS,1.21,-0.56,0.11,94
POS,1.19,-0.56,0.15,94
POS,1.21,-0.54,0.16,95
POS,1.21,-0.56,0.11,95
POS,1.21,-0.55,0.12,94
POS,1.19,-0.56,0.11,94
POS,1.22,-0.53,0.07,95
POS,1.19,-0.57,0.09,94
POS,1.19,-0.58,0.12,94
POS,1.20,-0.57,0.10,94
POS,1.19,-0.56,0.07,94
POS,1.17,-0.59,0.07,94
POS,1.19,-0.55,0.05,95
POS,1.19,-0.57,0.07,95
POS,1.17,-0.59,0.11,94
POS,1.19,-0.55,0.10,95
POS,1.21,-0.52,0.10,95
POS,1.22,-0.51,0.15,95
POS,1.22,-0.52,0.14,95
POS,1.21,-0.54,0.12,94
POS,1.22,-0.51,0.16,95
POS,1.22,-0.51,0.13,95
POS,1.23,-0.51,0.07,94
POS,1.24,-0.50,0.06,95
POS,1.21,-0.55,0.08,94
POS,1.21,-0.54,0.10,94
POS,1.22,-0.54,0.09,95
POS,1.22,-0.56,0.11,95
POS,1.20,-0.58,0.11,94
POS,1.19,-0.59,0.13,96
POS,1.20,-0.59,0.13,95
POS,1.22,-0.54,0.11,95
POS,1.25,-0.47,0.12,96
POS,1.25,-0.47,0.10,95
POS,1.23,-0.50,0.13,94
POS,1.21,-0.54,0.15,95
POS,1.21,-0.56,0.14,94
POS,1.19,-0.58,0.18,94
POS,1.19,-0.57,0.20,95
POS,1.18,-0.59,0.20,95
POS,1.20,-0.57,0.12,94
POS,1.21,-0.53,0.14,95
POS,1.20,-0.55,0.15,94
POS,1.19,-0.57,0.16,94
POS,1.19,-0.57,0.18,95
POS,1.20,-0.55,0.12,94
POS,1.19,-0.56,0.06,94
POS,1.20,-0.52,0.10,95
POS,1.22,-0.51,0.12,95
POS,1.10,-0.59,0.05,92
POS,1.15,-0.53,0.03,95
POS,1.16,-0.54,0.08,94
POS,1.17,-0.56,0.10,95
POS,1.18,-0.57,0.10,95
POS,1.07,-0.22,0.09,91
POS,1.05,-0.37,0.11,94
POS,1.09,-0.41,0.10,94
POS,1.11,-0.46,0.12,95
POS,1.03,-0.15,0.08,92
POS,1.06,-0.08,-0.03,96
POS,0.96,-0.28,-0.01,91
POS,1.02,-0.34,0.01,94
POS,1.06,-0.39,0.10,95
POS,1.10,-0.44,0.07,94
POS,1.14,-0.45,0.08,95
POS,1.15,-0.48,0.11,94
POS,1.17,-0.48,0.13,95
POS,1.09,-0.54,0.01,94
POS,1.11,-0.54,0.06,94
POS,1.15,-0.52,0.12,95
POS,1.18,-0.49,0.14,95
POS,1.05,-0.59,0.14,91
POS,1.06,-0.60,0.17,94
POS,1.09,-0.42,0.03,96
POS,1.11,-0.46,0.04,94
POS,1.14,-0.47,0.03,94
POS,1.15,-0.50,0.05,94
POS,1.16,-0.53,0.08,94
POS,1.18,-0.51,0.12,95
POS,1.18,-0.52,0.14,94
POS,1.21,-0.50,0.14,95
POS,1.21,-0.51,0.11,94
POS,1.24,-0.48,0.11,95
POS,1.20,-0.53,0.17,95
POS,1.20,-0.52,0.18,95
POS,1.20,-0.51,0.19,94
POS,1.10,-0.60,0.16,93
POS,1.09,-0.61,0.22,94
POS,1.12,-0.61,0.16,94
POS,1.13,-0.60,0.14,94
POS,1.17,-0.56,0.15,95
POS,1.19,-0.53,0.14,95
POS,1.19,-0.52,0.14,94
POS,1.19,-0.53,0.13,94
POS,1.17,-0.56,0.13,94
POS,1.05,-0.63,0.05,91
POS,1.08,-0.61,0.13,95
POS,1.10,-0.60,0.18,94
POS,1.12,-0.60,0.16,94
POS,1.14,-0.59,0.12,94
POS,1.16,-0.58,0.11,94
POS,1.17,-0.58,0.10,94
POS,1.15,-0.61,0.11,94
POS,1.09,-0.66,0.14,94
POS,1.10,-0.67,0.18,95
POS,1.08,-0.68,0.20,94
POS,0.99,-0.73,0.15,92
POS,1.01,-0.73,0.18,95
POS,1.06,-0.66,0.13,94
POS,1.09,-0.65,0.09,94
POS,1.10,-0.65,0.10,94
POS,1.12,-0.63,0.07,94
POS,1.11,-0.64,0.14,94
POS,1.01,-0.69,0.12,91
POS,1.07,-0.65,0.12,95
POS,1.08,-0.66,0.12,95
POS,1.12,-0.63,0.11,94
POS,1.01,-0.68,0.07,91
POS,1.06,-0.65,0.10,95
POS,1.08,-0.65,0.12,94
POS,1.11,-0.63,0.10,94
POS,1.14,-0.61,0.09,95
POS,1.16,-0.59,0.10,94
POS,1.15,-0.60,0.12,94
POS,1.16,-0.58,0.09,94
POS,1.17,-0.58,0.09,94
POS,1.15,-0.61,0.11,94
POS,1.17,-0.59,0.10,94
POS,1.16,-0.60,0.11,94
POS,1.17,-0.58,0.13,94
POS,1.17,-0.58,0.13,94
POS,1.16,-0.59,0.11,94
POS,1.17,-0.57,0.10,94
POS,1.16,-0.59,0.12,94
POS,1.17,-0.59,0.11,94
POS,1.19,-0.57,0.11,94
POS,1.19,-0.56,0.15,95
POS,1.18,-0.59,0.16,94
POS,1.17,-0.60,0.10,94
POS,1.20,-0.55,0.10,95
POS,1.21,-0.52,0.05,95
POS,1.22,-0.51,0.08,95
POS,1.21,-0.53,0.07,94
POS,1.18,-0.57,0.09,94
POS,1.18,-0.57,0.11,94
POS,1.19,-0.58,0.11,95
POS,1.20,-0.56,0.13,95
POS,1.22,-0.51,0.14,95
POS,1.21,-0.52,0.10,94
POS,1.18,-0.56,0.14,94
POS,1.19,-0.57,0.12,94
POS,1.18,-0.57,0.15,94
POS,1.19,-0.55,0.14,94
POS,1.19,-0.54,0.17,94
POS,1.15,-0.58,0.18,94
POS,1.13,-0.61,0.16,94
POS,1.05,-0.68,0.13,93
POS,1.08,-0.66,0.14,94
POS,1.11,-0.62,0.18,95
POS,1.13,-0.60,0.19,94
POS,1.04,-0.25,0.16,91
POS,1.08,-0.33,0.13,94
POS,1.08,-0.41,0.10,93
POS,1.12,-0.43,0.08,94
POS,1.13,-0.47,0.07,94
POS,1.15,-0.50,0.07,94
POS,1.14,-0.54,0.09,94
POS,1.16,-0.54,0.08,94
POS,1.17,-0.52,0.04,94
POS,1.16,-0.33,-0.05,96
POS,1.15,-0.42,0.02,95
POS,1.16,-0.46,0.02,94
POS,1.17,-0.48,0.02,94
POS,1.13,-0.52,0.10,94
POS,1.15,-0.51,0.10,94
POS,1.15,-0.53,0.15,94
POS,1.16,-0.54,0.15,94
POS,1.18,-0.54,0.13,94
POS,1.18,-0.54,0.15,94
POS,1.18,-0.52,0.18,94
POS,1.18,-0.53,0.17,94
POS,1.19,-0.54,0.14,94
POS,1.17,-0.58,0.16,94
POS,1.18,-0.58,0.16,94
POS,1.17,-0.59,0.16,94
POS,1.16,-0.60,0.18,94
POS,1.18,-0.58,0.19,94
POS,1.18,-0.57,0.14,94
POS,1.20,-0.53,0.13,95
POS,1.11,-0.62,0.10,93
POS,1.14,-0.59,0.11,94
POS,1.14,-0.60,0.13,94
POS,1.13,-0.61,0.15,94
POS,1.15,-0.59,0.16,94
POS,1.17,-0.58,0.15,94
POS,1.17,-0.59,0.09,94
POS,1.17,-0.58,0.10,94
POS,1.17,-0.60,0.14,95
POS,1.19,-0.56,0.13,95
POS,1.18,-0.56,0.09,93
POS,1.17,-0.57,0.13,94
POS,1.17,-0.57,0.13,94
POS,1.15,-0.60,0.10,94
POS,1.05,-0.66,0.04,92
POS,1.06,-0.45,-0.08,96
POS,1.09,-0.48,-0.03,94
POS,1.12,-0.48,0.02,94
POS,1.04,-0.58,-0.00,93
POS,1.08,-0.58,-0.03,94
POS,1.11,-0.58,-0.05,94
POS,1.14,-0.56,-0.05,94
POS,1.17,-0.54,-0.05,95
POS,1.17,-0.55,-0.06,94
POS,1.19,-0.53,-0.05,94
POS,1.18,-0.56,-0.02,94
POS,1.17,-0.56,0.02,94
POS,1.17,-0.58,0.04,94
POS,1.18,-0.57,0.02,94
POS,1.19,-0.57,0.01,94
POS,1.11,-0.63,-0.03,93
POS,1.11,-0.63,-0.05,93
POS,1.13,-0.61,-0.07,94
POS,1.10,-0.63,-0.02,94
POS,1.12,-0.62,0.01,94
POS,1.16,-0.57,0.01,95
POS,1.15,-0.58,-0.03,94
POS,1.15,-0.58,0.03,94
POS,1.14,-0.58,0.00,93
POS,1.15,-0.59,0.06,95
POS,1.14,-0.61,0.09,94
POS,1.17,-0.55,0.05,95
POS,1.18,-0.51,0.08,94
POS,1.10,-0.59,0.02,93
POS,1.11,-0.60,0.01,94
POS,1.13,-0.58,0.04,94
POS,1.15,-0.57,0.06,94
POS,1.17,-0.55,0.03,94
POS,1.18,-0.53,-0.01,94
POS,1.15,-0.58,-0.01,94
POS,1.16,-0.59,-0.00,94
POS,1.19,-0.55,0.02,95
POS,1.19,-0.56,0.04,94
POS,1.16,-0.58,0.01,93
POS,1.15,-0.39,-0.10,96
POS,1.15,-0.44,-0.02,94
POS,1.07,-0.55,-0.04,93
POS,1.10,-0.56,-0.01,95
POS,1.11,-0.59,0.01,94
POS,1.15,-0.56,-0.01,94
POS,1.18,-0.53,0.00,95
POS,1.19,-0.53,0.05,94
POS,1.19,-0.54,0.07,94
POS,1.18,-0.56,0.06,94
POS,1.17,-0.59,0.04,94
POS,1.19,-0.57,0.08,95
POS,1.21,-0.55,0.09,95
POS,1.22,-0.52,0.11,95
POS,1.23,-0.53,0.12,95
POS,1.07,-0.61,0.06,91
POS,1.09,-0.62,0.05,94
POS,1.12,-0.42,-0.03,96
POS,1.02,-0.53,-0.04,91
POS,1.07,-0.53,0.01,94
POS,1.08,-0.57,0.07,94
POS,1.12,-0.55,0.08,95
POS,1.04,-0.62,0.04,92
POS,1.10,-0.56,0.08,95
POS,1.12,-0.55,0.11,94
POS,1.11,-0.58,0.17,94
POS,1.13,-0.59,0.18,95
POS,1.12,-0.61,0.19,94
POS,1.16,-0.56,0.18,95
POS,1.16,-0.57,0.14,94
POS,1.16,-0.58,0.15,94
POS,1.17,-0.59,0.11,94
POS,1.18,-0.55,0.14,94
POS,1.20,-0.52,0.16,95
POS,1.20,-0.52,0.13,94
POS,1.21,-0.52,0.15,95
POS,1.21,-0.52,0.15,94
POS,1.09,-0.61,0.12,92
POS,1.14,-0.55,0.13,95
POS,1.14,-0.58,0.16,95
POS,1.17,-0.54,0.16,95
POS,1.17,-0.54,0.18,94
POS,1.17,-0.55,0.16,94
POS,1.16,-0.57,0.15,94
POS,1.05,-0.64,0.08,91
POS,1.09,-0.61,0.07,94
POS,1.11,-0.62,0.06,94
POS,1.15,-0.56,0.05,95
POS,1.15,-0.58,0.07,94
POS,1.17,-0.55,0.09,94
POS,1.17,-0.58,0.09,94
POS,1.18,-0.57,0.07,94
POS,1.16,-0.37,-0.06,96
POS,1.16,-0.45,0.02,95
POS,1.18,-0.44,-0.00,94
POS,1.21,-0.43,0.04,95
POS,1.22,-0.46,0.07,95
POS,1.22,-0.47,0.04,94
POS,1.20,-0.47,0.08,94
POS,1.18,-0.53,0.06,94
POS,1.07,-0.60,-0.01,91
POS,1.10,-0.58,-0.01,94
POS,1.12,-0.54,0.07,95
POS,1.15,-0.53,0.06,94
POS,1.17,-0.51,0.03,94
POS,1.17,-0.53,0.06,94
POS,1.17,-0.56,0.06,94
POS,1.20,-0.53,0.05,95
POS,1.08,-0.61,0.03,92
POS,1.12,-0.59,0.04,94
POS,1.15,-0.57,0.03,95
POS,1.18,-0.55,0.06,95
POS,1.16,-0.57,0.10,94
POS,1.17,-0.57,0.08,94
POS,1.15,-0.60,0.07,94
POS,1.12,-0.63,0.10,94
POS,1.14,-0.61,0.04,94
POS,1.11,-0.65,-0.00,94
POS,1.15,-0.60,0.01,95
POS,1.04,-0.67,0.01,91
POS,1.08,-0.64,0.04,95
POS,1.12,-0.62,0.00,95
POS,1.14,-0.61,0.05,95
POS,1.17,-0.57,0.08,95
POS,1.17,-0.57,0.05,94
POS,1.19,-0.55,0.08,95
POS,1.19,-0.57,0.08,94
POS,1.21,-0.54,0.07,95
POS,1.08,-0.20,0.01,91
POS,1.12,-0.28,0.03,94
POS,1.12,-0.37,0.03,94
POS,1.13,-0.45,0.06,95
POS,1.14,-0.27,-0.02,96
POS,1.15,-0.33,-0.04,94
POS,1.17,-0.39,-0.02,94
POS,1.20,-0.41,0.01,95
POS,1.21,-0.44,-0.02,94
POS,1.20,-0.46,0.01,94
POS,1.20,-0.50,0.01,94
POS,1.21,-0.49,0.00,94
POS,1.19,-0.50,-0.04,93
POS,1.18,-0.51,0.04,94
POS,1.18,-0.52,0.09,94
POS,1.19,-0.52,0.12,95
POS,1.19,-0.54,0.14,94
POS,1.20,-0.51,0.15,95
POS,1.18,-0.54,0.15,94
POS,1.19,-0.52,0.12,95
POS,1.18,-0.53,0.10,94
POS,1.06,-0.62,0.10,92
POS,1.08,-0.62,0.14,94
POS,1.11,-0.61,0.14,94
POS,1.15,-0.58,0.10,95
POS,1.17,-0.57,0.10,94
POS,1.18,-0.56,0.12,95
POS,1.18,-0.56,0.14,94
POS,1.16,-0.58,0.14,94
POS,1.18,-0.56,0.15,94
POS,1.17,-0.56,0.14,94
POS,1.19,-0.54,0.13,94
POS,1.19,-0.55,0.14,95
POS,1.08,-0.63,0.10,92
POS,1.12,-0.60,0.06,95
POS,1.13,-0.60,0.09,94
POS,1.14,-0.61,0.11,94
POS,1.15,-0.61,0.10,94
POS,1.17,-0.57,0.11,95
POS,1.19,-0.54,0.14,95
POS,1.20,-0.53,0.15,95
POS,1.19,-0.55,0.15,94
POS,1.19,-0.55,0.09,94
POS,1.17,-0.59,0.11,95
POS,1.19,-0.56,0.09,95
POS,1.19,-0.56,0.07,94
POS,1.20,-0.54,0.11,95
POS,1.18,-0.55,0.08,94
POS,1.19,-0.54,0.06,94
POS,1.20,-0.54,0.07,94
POS,1.21,-0.51,0.12,95
POS,1.21,-0.51,0.16,95
POS,1.21,-0.51,0.17,95
POS,1.18,-0.56,0.18,94
POS,1.18,-0.57,0.20,94
POS,1.18,-0.56,0.17,94
POS,1.20,-0.53,0.11,95
POS,1.21,-0.53,0.13,94
POS,1.21,-0.54,0.13,94
POS,1.10,-0.63,0.10,93
POS,1.08,-0.65,0.12,94
POS,1.10,-0.64,0.09,94
POS,1.12,-0.64,0.11,94
POS,1.12,-0.63,0.12,94
POS,1.12,-0.62,0.14,94
POS,1.14,-0.61,0.15,94
POS,1.16,-0.60,0.11,95
POS,1.14,-0.62,0.11,94
POS,1.16,-0.60,0.10,94
POS,1.19,-0.57,0.08,95
POS,1.19,-0.54,0.12,94
POS,1.19,-0.55,0.12,94
POS,1.19,-0.56,0.12,94
POS,1.19,-0.57,0.09,94
POS,1.17,-0.60,0.13,94
POS,1.14,-0.62,0.12,94
POS,1.17,-0.57,0.11,95
POS,1.16,-0.59,0.12,94
POS,1.17,-0.58,0.09,94
POS,1.18,-0.56,0.10,95
POS,1.19,-0.54,0.06,94
POS,1.11,-0.61,0.04,93
POS,1.15,-0.56,0.06,95
POS,1.18,-0.54,0.04,95
POS,1.18,-0.53,0.07,94
POS,1.18,-0.53,0.04,94
POS,1.19,-0.54,0.07,94
POS,1.20,-0.53,0.10,95
POS,1.21,-0.54,0.12,95
POS,1.20,-0.57,0.13,95
POS,1.21,-0.55,0.14,95
POS,1.22,-0.54,0.16,95
POS,1.23,-0.52,0.14,95
POS,1.22,-0.51,0.15,94
POS,1.21,-0.53,0.11,94
POS,1.22,-0.53,0.13,95
POS,1.10,-0.62,0.06,92
POS,1.12,-0.63,0.09,95
POS,1.14,-0.61,0.05,94
POS,1.15,-0.61,0.07,94
POS,1.19,-0.53,0.07,95
POS,1.15,-0.57,0.12,94
POS,1.18,-0.54,0.09,95
POS,1.18,-0.56,0.08,94
POS,1.18,-0.58,0.11,95
POS,1.09,-0.63,0.03,93
POS,1.12,-0.62,0.01,94
POS,1.15,-0.61,0.06,95
POS,1.15,-0.62,0.09,94
POS,1.17,-0.60,0.07,95
POS,1.19,-0.56,0.09,95
POS,1.20,-0.54,0.11,95
POS,1.20,-0.56,0.10,94
POS,1.20,-0.54,0.12,94
POS,1.20,-0.55,0.10,94
POS,1.19,-0.56,0.12,94
POS,1.20,-0.55,0.08,94
POS,1.22,-0.53,0.06,95
POS,1.21,-0.54,0.09,94
POS,1.20,-0.57,0.12,94
POS,1.19,-0.59,0.11,95
POS,1.21,-0.54,0.14,95
POS,1.19,-0.57,0.10,94
POS,1.20,-0.56,0.13,95
POS,1.20,-0.56,0.06,94
POS,1.21,-0.54,0.08,94
POS,1.19,-0.58,0.09,94
POS,1.18,-0.60,0.07,94
POS,1.19,-0.60,0.05,94
POS,1.18,-0.61,0.03,94
POS,1.20,-0.59,0.06,95
POS,1.19,-0.60,0.03,94
POS,1.19,-0.58,0.03,94
POS,1.19,-0.57,-0.01,94
POS,1.20,-0.54,-0.02,94
POS,1.21,-0.53,0.01,94
POS,1.22,-0.53,0.05,95
POS,1.21,-0.53,0.03,94
POS,1.20,-0.56,0.05,94
POS,1.18,-0.58,0.03,94
POS,1.18,-0.58,0.05,94
POS,1.06,-0.64,-0.02,91
POS,1.07,-0.64,0.04,94
POS,1.07,-0.65,0.10,94
POS,1.13,-0.57,0.10,95
POS,1.15,-0.57,0.06,94
POS,1.14,-0.60,0.06,94
POS,1.16,-0.59,0.02,94
POS,1.17,-0.58,0.04,94
POS,1.18,-0.59,0.05,94
POS,1.20,-0.54,0.05,95
POS,1.19,-0.55,-0.01,94
POS,1.19,-0.58,0.00,94
POS,1.19,-0.57,0.04,94
POS,1.20,-0.56,0.01,94
POS,1.21,-0.55,0.01,95
POS,1.21,-0.55,0.02,94
POS,1.15,-0.49,-0.15,97
POS,1.18,-0.50,-0.12,95
POS,1.18,-0.49,-0.03,95
POS,1.20,-0.49,0.01,95
POS,1.20,-0.52,0.05,95
POS,1.19,-0.52,0.04,94
POS,1.20,-0.52,0.04,94
POS,1.20,-0.53,0.06,94
POS,1.20,-0.55,0.06,95
POS,1.23,-0.49,0.05,95
POS,1.22,-0.49,-0.00,94
POS,1.23,-0.48,0.02,95
POS,1.22,-0.49,0.05,94
POS,1.21,-0.51,0.08,94
POS,1.20,-0.53,0.06,94
POS,1.22,-0.51,0.05,95
POS,1.22,-0.52,0.04,94
POS,1.22,-0.52,0.08,95
POS,1.20,-0.56,0.12,94
POS,1.20,-0.56,0.14,95
POS,1.22,-0.54,0.14,95
POS,1.22,-0.53,0.14,95
POS,1.21,-0.54,0.15,94
POS,1.22,-0.53,0.16,95
POS,1.20,-0.56,0.19,95
POS,1.20,-0.57,0.19,95
POS,1.20,-0.58,0.15,94
POS,1.21,-0.56,0.16,95
POS,1.22,-0.53,0.16,94
POS,1.21,-0.53,0.09,94
POS,1.16,-0.58,0.14,94
POS,1.19,-0.53,0.14,95
POS,1.19,-0.55,0.12,94
POS,1.17,-0.58,0.14,94
POS,1.20,-0.51,0.12,95
POS,1.20,-0.52,0.17,95
POS,1.19,-0.53,0.21,95
POS,1.20,-0.51,0.19,95
POS,1.21,-0.51,0.19,95
POS,1.23,-0.46,0.18,95
POS,1.23,-0.48,0.18,95
POS,1.21,-0.52,0.20,95
POS,1.21,-0.52,0.17,94
POS,1.23,-0.48,0.18,95
POS,1.19,-0.30,0.03,96
POS,1.19,-0.36,0.08,95
POS,1.20,-0.42,0.05,95
POS,1.18,-0.48,0.10,94
POS,1.20,-0.47,0.12,95
POS,1.21,-0.49,0.12,95
POS,1.09,-0.17,0.07,91
POS,1.13,-0.26,0.10,95
POS,1.17,-0.29,0.08,95
POS,1.17,-0.35,0.11,94
POS,1.15,-0.44,0.08,94
POS,1.15,-0.48,0.10,94
POS,1.16,-0.51,0.08,94
POS,1.14,-0.55,0.13,94
POS,1.13,-0.57,0.15,94
POS,1.15,-0.56,0.18,95
POS,1.17,-0.56,0.15,94
POS,1.18,-0.55,0.12,94
POS,1.18,-0.56,0.15,94
POS,1.18,-0.55,0.19,95
POS,1.19,-0.53,0.21,95
POS,1.19,-0.53,0.22,94
POS,1.21,-0.50,0.21,95
POS,1.21,-0.52,0.21,95
POS,1.20,-0.54,0.22,95
POS,1.20,-0.54,0.23,95
POS,1.19,-0.56,0.24,95
POS,1.21,-0.54,0.22,95
POS,1.09,-0.62,0.14,92
POS,1.13,-0.58,0.15,95
POS,1.15,-0.58,0.12,94
POS,1.15,-0.58,0.17,94
POS,1.17,-0.58,0.13,95
POS,1.18,-0.56,0.14,94
POS,1.20,-0.54,0.08,95
POS,1.16,-0.57,0.16,94
POS,1.14,-0.60,0.16,94
POS,1.14,-0.60,0.19,94
POS,1.17,-0.58,0.17,95
POS,1.18,-0.58,0.15,94
POS,1.17,-0.59,0.10,94
POS,1.19,-0.56,0.13,94
POS,1.18,-0.59,0.14,94
POS,1.19,-0.55,0.18,95
POS,1.20,-0.54,0.19,94
POS,1.18,-0.57,0.21,94
POS,1.19,-0.54,0.21,95
POS,1.20,-0.53,0.22,95
POS,1.21,-0.52,0.18,95
POS,1.21,-0.52,0.18,94
POS,1.06,-0.62,0.14,91
POS,1.09,-0.61,0.15,94
POS,1.11,-0.60,0.17,95
POS,1.01,-0.68,0.14,92
POS,1.07,-0.64,0.13,95
POS,1.09,-0.62,0.18,95
POS,1.13,-0.58,0.18,95
POS,1.15,-0.58,0.20,95
POS,1.16,-0.57,0.20,94
POS,1.18,-0.55,0.17,95
POS,1.18,-0.57,0.15,94
POS,1.18,-0.58,0.17,94
POS,1.21,-0.50,0.14,96
POS,1.20,-0.53,0.16,94
POS,1.20,-0.54,0.15,95
POS,1.21,-0.54,0.15,95
POS,1.22,-0.54,0.12,94
POS,1.22,-0.54,0.15,95
POS,1.21,-0.54,0.16,94
POS,1.20,-0.40,0.01,96
POS,1.20,-0.44,0.03,94
POS,1.20,-0.47,0.08,94
POS,1.19,-0.49,0.13,94
POS,1.19,-0.52,0.12,94
POS,1.20,-0.51,0.13,95
POS,1.19,-0.54,0.15,94
POS,1.19,-0.55,0.15,94
POS,1.21,-0.53,0.15,95
POS,1.20,-0.54,0.18,94
POS,1.21,-0.54,0.16,95
POS,1.19,-0.57,0.14,94
POS,1.19,-0.57,0.15,94
POS,1.19,-0.58,0.16,94
POS,1.08,-0.24,0.07,91
POS,1.08,-0.35,0.10,94
POS,1.12,-0.40,0.10,94
POS,1.16,-0.40,0.09,95
POS,1.16,-0.44,0.08,94
POS,1.16,-0.49,0.08,94
POS,1.17,-0.52,0.07,94
POS,1.18,-0.52,0.08,95
POS,1.18,-0.54,0.11,94
POS,1.20,-0.52,0.08,95
POS,1.21,-0.53,0.09,94
POS,1.14,-0.46,-0.11,97
POS,1.14,-0.50,-0.02,94
POS,1.17,-0.50,0.04,95
POS,1.17,-0.52,0.04,94
POS,1.18,-0.53,0.06,94
POS,1.20,-0.52,0.08,95
POS,1.20,-0.52,0.14,95
POS,1.21,-0.51,0.13,95
POS,1.22,-0.51,0.12,95
POS,1.23,-0.50,0.13,95
POS,1.21,-0.54,0.14,94
POS,1.20,-0.54,0.17,94
POS,1.19,-0.55,0.18,94
POS,1.21,-0.51,0.18,95
POS,1.21,-0.52,0.16,94
POS,1.19,-0.53,0.22,95
POS,1.20,-0.54,0.21,95
POS,1.22,-0.51,0.18,95
POS,1.20,-0.54,0.18,94
POS,1.19,-0.55,0.17,94
POS,1.21,-0.52,0.17,95
POS,1.20,-0.54,0.17,94
POS,1.21,-0.54,0.14,95
POS,1.23,-0.51,0.13,95
POS,1.24,-0.49,0.13,95
POS,1.23,-0.50,0.15,95
POS,1.25,-0.47,0.12,95
POS,1.22,-0.52,0.09,94
POS,1.19,-0.55,0.13,94
POS,1.17,-0.58,0.15,94
POS,1.18,-0.58,0.15,95
POS,1.18,-0.57,0.19,95
POS,1.17,-0.58,0.20,94
POS,1.19,-0.57,0.17,95
POS,1.21,-0.55,0.13,95
POS,1.09,-0.62,0.06,91
POS,1.12,-0.59,0.11,94
POS,1.14,-0.60,0.12,95
POS,1.17,-0.57,0.11,95
POS,1.16,-0.57,0.07,94
POS,1.18,-0.57,0.07,95
POS,1.19,-0.56,0.10,94
POS,1.19,-0.57,0.10,95
POS,1.21,-0.53,0.14,95
POS,1.18,-0.58,0.16,94
POS,1.20,-0.56,0.12,95
POS,1.10,-0.63,0.07,92
POS,1.14,-0.58,0.11,95
POS,1.16,-0.56,0.13,94
POS,1.15,-0.58,0.17,94
POS,1.16,-0.60,0.15,94
POS,1.17,-0.57,0.17,94
POS,1.17,-0.57,0.14,94
POS,1.15,-0.60,0.15,94
POS,1.17,-0.60,0.12,94
POS,1.20,-0.54,0.13,95
POS,1.14,-0.23,0.12,93
POS,1.15,-0.32,0.11,94
POS,1.18,-0.34,0.09,95
POS,1.20,-0.36,0.10,95
POS,1.19,-0.43,0.10,94
POS,1.22,-0.43,0.09,95
POS,1.08,-0.54,0.02,91
POS,1.12,-0.51,0.08,95
POS,1.15,-0.49,0.12,95
POS,1.17,-0.50,0.14,94
POS,1.20,-0.48,0.17,95
POS,1.20,-0.50,0.17,95
POS,1.20,-0.51,0.18,94
POS,1.21,-0.53,0.16,95
POS,1.19,-0.56,0.19,94
POS,1.20,-0.55,0.16,94
POS,1.20,-0.54,0.14,94
POS,1.20,-0.53,0.15,94
POS,1.22,-0.51,0.13,95
POS,1.10,-0.60,0.05,92
POS,1.11,-0.39,-0.05,96
POS,1.13,-0.44,-0.01,94
POS,1.15,-0.47,0.02,95
POS,1.15,-0.32,-0.07,96
POS,1.16,-0.36,-0.09,94
POS,1.18,-0.40,-0.05,95
POS,1.19,-0.44,0.01,95
POS,1.18,-0.48,0.00,94
POS,1.19,-0.51,-0.01,95
POS,1.19,-0.53,0.02,94
POS,1.21,-0.52,0.03,95
POS,1.21,-0.55,0.06,95
POS,1.08,-0.63,0.06,91
POS,1.13,-0.58,0.05,95
POS,1.14,-0.58,0.09,94
POS,1.05,-0.64,0.04,92
POS,1.00,-0.69,0.01,93
POS,1.07,-0.64,0.03,95
POS,1.10,-0.63,0.05,94
POS,1.13,-0.61,0.06,94
POS,1.14,-0.61,0.09,94
POS,1.17,-0.56,0.05,95
POS,1.18,-0.56,0.07,94
POS,1.19,-0.54,0.10,95
POS,1.21,-0.52,0.12,95
POS,1.09,-0.61,0.06,92
POS,1.12,-0.60,0.03,94
POS,1.04,-0.24,0.01,92
POS,1.07,-0.33,0.06,95
POS,1.12,-0.38,0.05,95
POS,1.12,-0.46,0.07,95
POS,1.14,-0.49,0.08,94
POS,1.16,-0.49,0.08,94
POS,1.07,-0.59,0.03,92
POS,1.10,-0.59,0.08,95
POS,1.12,-0.58,0.10,94
POS,1.16,-0.54,0.11,95
POS,1.04,-0.63,0.07,92
POS,1.08,-0.62,0.11,95
POS,1.07,-0.61,0.18,94
POS,1.09,-0.61,0.18,94
POS,1.08,-0.63,0.13,94
POS,1.11,-0.62,0.12,94
POS,1.13,-0.60,0.13,94
POS,1.12,-0.62,0.12,94
POS,1.15,-0.59,0.10,95
POS,1.16,-0.60,0.11,95
POS,1.17,-0.60,0.14,95
POS,1.17,-0.60,0.12,94
POS,1.19,-0.57,0.14,95
POS,1.18,-0.59,0.15,94
POS,1.20,-0.56,0.16,95
POS,1.09,-0.63,0.08,92
POS,1.10,-0.63,0.07,94
POS,1.11,-0.64,0.06,94
POS,1.11,-0.65,0.09,94
POS,1.13,-0.64,0.08,94
POS,1.15,-0.60,0.14,95
POS,1.17,-0.59,0.16,95
POS,1.18,-0.59,0.14,94
POS,1.15,-0.61,0.19,95
POS,1.17,-0.58,0.21,95
POS,1.13,-0.62,0.23,94
POS,1.15,-0.58,0.21,95
POS,1.17,-0.56,0.22,95
POS,1.17,-0.57,0.22,95
POS,1.19,-0.55,0.19,94
POS,1.16,-0.58,0.15,94
POS,1.17,-0.56,0.14,94
POS,1.18,-0.55,0.16,94
POS,1.17,-0.57,0.15,94
POS,1.07,-0.63,0.05,92
POS,1.10,-0.40,-0.00,96
POS,1.14,-0.38,-0.01,95
POS,1.16,-0.41,0.02,94
POS,1.19,-0.39,0.07,95
POS,1.20,-0.42,0.06,94
POS,1.22,-0.42,0.08,95
POS,1.19,-0.50,0.07,95
POS,1.21,-0.48,0.05,95
POS,1.22,-0.48,0.07,95
POS,1.21,-0.51,0.11,94
POS,1.22,-0.51,0.13,95
POS,1.22,-0.49,0.14,95
POS,1.23,-0.50,0.13,95
POS,1.19,-0.53,0.13,94
POS,1.21,-0.53,0.15,95
POS,1.20,-0.56,0.15,95
POS,1.19,-0.56,0.13,94
POS,1.19,-0.56,0.11,94
POS,1.17,-0.57,0.12,94
POS,1.18,-0.54,0.07,94
POS,1.17,-0.56,0.12,94
POS,1.20,-0.52,0.10,95
POS,1.19,-0.54,0.13,94
POS,1.08,-0.63,0.12,92
POS,1.12,-0.60,0.13,95
POS,1.15,-0.59,0.12,94
POS,1.15,-0.59,0.14,94
POS,1.17,-0.58,0.13,95
POS,1.15,-0.60,0.16,94
POS,1.14,-0.62,0.18,94
POS,1.17,-0.58,0.17,95
POS,1.15,-0.61,0.20,95
POS,1.13,-0.63,0.22,94
POS,1.16,-0.59,0.17,94
POS,1.08,-0.64,0.09,92
POS,1.12,-0.61,0.07,94
POS,1.10,-0.64,0.09,94
POS,1.12,-0.62,0.13,94
POS,1.10,-0.65,0.14,94
POS,1.13,-0.60,0.13,94
POS,1.11,-0.63,0.16,94
POS,1.14,-0.59,0.10,94
POS,1.15,-0.59,0.08,94
POS,1.16,-0.59,0.10,94
POS,1.02,-0.67,0.04,91
POS,1.08,-0.63,0.02,95
POS,1.12,-0.59,0.04,95
POS,1.12,-0.61,0.07,94
POS,0.99,-0.24,0.03,91
POS,1.03,-0.33,0.04,94
POS,0.96,-0.47,0.01,92
POS,1.01,-0.49,0.06,94
POS,1.02,-0.54,0.14,95
POS,1.05,-0.56,0.16,94
POS,1.09,-0.54,0.18,95
POS,1.11,-0.55,0.21,94
POS,1.05,-0.62,0.18,93
POS,1.08,-0.60,0.22,95
POS,1.10,-0.58,0.22,94
POS,1.12,-0.59,0.18,94
POS,1.11,-0.59,0.20,94
POS,1.02,-0.67,0.16,92
POS,1.06,-0.64,0.19,95
POS,1.11,-0.60,0.19,95
POS,1.13,-0.58,0.17,94
POS,1.12,-0.60,0.15,94
POS,1.13,-0.60,0.17,94
POS,1.15,-0.58,0.18,94
POS,1.16,-0.55,0.11,94
POS,1.17,-0.54,0.16,95
POS,1.16,-0.54,0.21,94
POS,1.04,-0.63,0.21,92
POS,1.07,-0.62,0.24,95
POS,0.98,-0.68,0.19,91
POS,1.05,-0.60,0.20,95
POS,1.08,-0.59,0.21,94
POS,1.10,-0.59,0.22,94
POS,1.12,-0.57,0.22,94
POS,1.01,-0.65,0.14,92
POS,1.06,-0.60,0.20,95
POS,1.10,-0.60,0.16,95
POS,1.13,-0.56,0.18,95
POS,1.15,-0.57,0.18,94
POS,1.13,-0.60,0.19,94
POS,1.13,-0.60,0.19,94
POS,1.14,-0.60,0.16,94
POS,1.16,-0.57,0.17,95
POS,1.08,-0.55,-0.04,97
POS,1.10,-0.58,0.02,94
POS,1.13,-0.57,0.07,95
POS,1.16,-0.55,0.08,95
POS,1.15,-0.57,0.11,94
POS,1.17,-0.54,0.14,95
POS,1.19,-0.53,0.15,95
POS,1.17,-0.56,0.18,94
POS,1.17,-0.57,0.18,94
POS,1.18,-0.55,0.17,94
POS,1.15,-0.58,0.16,94
POS,1.15,-0.58,0.18,94
POS,1.18,-0.56,0.18,95
POS,1.11,-0.61,0.22,94
POS,1.13,-0.60,0.15,94
POS,1.13,-0.60,0.11,93
POS,1.12,-0.61,0.14,94
POS,1.16,-0.56,0.13,95
POS,1.16,-0.57,0.17,95
POS,1.16,-0.57,0.13,94
POS,1.14,-0.58,0.16,94
POS,1.17,-0.53,0.17,95
POS,1.14,-0.57,0.21,94
POS,1.14,-0.59,0.20,94
POS,1.16,-0.58,0.17,95
POS,1.18,-0.57,0.16,95
POS,1.19,-0.55,0.18,94
POS,1.17,-0.58,0.18,94
POS,1.18,-0.58,0.17,95
POS,1.09,-0.65,0.17,93
POS,1.08,-0.66,0.17,94
POS,1.09,-0.65,0.13,93
POS,1.10,-0.63,0.07,94
POS,1.09,-0.64,0.06,94
POS,1.09,-0.65,0.09,94
POS,1.11,-0.62,0.13,94
POS,1.11,-0.64,0.16,94
POS,1.13,-0.62,0.16,94
POS,1.14,-0.61,0.12,94
POS,1.14,-0.63,0.12,95
POS,1.17,-0.57,0.12,95
POS,1.18,-0.55,0.13,94
POS,1.18,-0.57,0.16,95
POS,1.21,-0.51,0.17,95
POS,1.20,-0.53,0.16,94
POS,1.21,-0.53,0.17,95
POS,1.20,-0.54,0.17,94
POS,1.20,-0.55,0.15,94
POS,1.21,-0.53,0.09,94
POS,1.23,-0.49,0.09,95
POS,1.21,-0.50,0.12,94
POS,1.16,-0.55,0.19,94
POS,1.18,-0.54,0.18,95
POS,1.20,-0.50,0.17,95
POS,1.22,-0.48,0.10,95
POS,1.21,-0.50,0.12,94
POS,1.12,-0.58,0.05,93
POS,1.12,-0.61,0.08,94
POS,1.12,-0.63,0.06,94
POS,1.14,-0.60,0.04,94
POS,1.18,-0.57,0.03,95
POS,1.20,-0.54,0.04,95
POS,1.11,-0.21,0.03,92
POS,1.12,-0.31,0.05,94
POS,1.13,-0.38,0.08,94
POS,1.15,-0.42,0.10,94
POS,1.17,-0.43,0.08,94
POS,1.17,-0.47,0.13,95
POS,1.17,-0.50,0.16,94
POS,1.18,-0.50,0.17,95
POS,1.20,-0.49,0.16,95
POS,1.21,-0.49,0.12,94
POS,1.21,-0.50,0.10,94
POS,1.20,-0.52,0.13,94
POS,1.19,-0.54,0.11,94
POS,1.21,-0.51,0.10,95
POS,1.20,-0.52,0.15,94
POS,1.18,-0.55,0.16,94
POS,1.17,-0.57,0.14,94
POS,1.17,-0.58,0.12,94
POS,1.17,-0.56,0.15,94
POS,1.17,-0.57,0.13,94
POS,1.18,-0.57,0.09,94
POS,1.18,-0.58,0.08,94
POS,1.17,-0.58,0.06,94
POS,1.18,-0.58,0.05,94
POS,1.20,-0.55,0.04,95
POS,1.10,-0.63,0.02,93
POS,1.11,-0.64,0.06,94
POS,1.15,-0.59,0.02,95
POS,1.15,-0.60,0.06,94
POS,1.17,-0.58,0.09,95
POS,1.19,-0.56,0.08,94
POS,1.18,-0.59,0.07,95
POS,1.19,-0.57,0.08,94
POS,1.19,-0.56,0.10,94
POS,1.20,-0.53,0.08,94
POS,1.19,-0.55,0.10,94
POS,1.19,-0.57,0.11,94
POS,1.20,-0.56,0.13,95
POS,1.19,-0.56,0.10,94
POS,1.18,-0.59,0.11,95
POS,1.17,-0.62,0.10,94
POS,1.18,-0.60,0.12,95
POS,1.19,-0.59,0.11,94
POS,1.19,-0.57,0.13,94
POS,1.21,-0.54,0.10,95
POS,1.22,-0.54,0.08,94
POS,1.22,-0.51,0.05,94
POS,1.22,-0.54,0.08,95
POS,1.23,-0.51,0.08,95
POS,1.22,-0.53,0.07,94
POS,1.22,-0.52,0.05,94
POS,1.14,-0.59,-0.03,93
POS,1.17,-0.56,-0.02,94
POS,1.05,-0.64,-0.04,92
POS,0.96,-0.71,-0.02,92
POS,1.02,-0.68,0.02,95
POS,1.08,-0.64,0.04,95
POS,1.11,-0.63,0.07,95
POS,1.12,-0.63,0.10,94
POS,1.14,-0.62,0.09,94
POS,1.18,-0.57,0.11,95
POS,1.18,-0.57,0.15,95
POS,1.18,-0.58,0.17,94
POS,1.20,-0.55,0.15,95
POS,1.20,-0.56,0.15,94
POS,1.19,-0.58,0.16,95
POS,1.08,-0.22,0.09,91
POS,1.08,-0.33,0.06,94
POS,1.04,-0.06,0.03,93
POS,1.08,-0.18,0.08,94
POS,1.10,-0.28,0.08,94
POS,1.14,-0.32,0.10,95
POS,1.17,-0.38,0.09,95
POS,1.15,-0.46,0.13,94
POS,1.14,-0.52,0.14,94
POS,1.08,-0.60,0.07,94
POS,1.10,-0.61,0.08,94
POS,1.09,-0.63,0.13,94
POS,1.11,-0.60,0.18,94
POS,1.14,-0.59,0.15,94
POS,1.16,-0.58,0.10,94
POS,1.16,-0.58,0.15,94
POS,1.15,-0.59,0.16,94
POS,1.17,-0.59,0.14,95
POS,1.17,-0.60,0.13,94
POS,1.16,-0.61,0.13,94
POS,1.18,-0.58,0.15,94
POS,1.19,-0.54,0.18,94
POS,1.07,-0.62,0.13,91
POS,1.10,-0.60,0.15,94
POS,1.11,-0.59,0.12,93
POS,1.13,-0.58,0.10,94
POS,1.16,-0.53,0.11,95
POS,1.16,-0.52,0.16,94
POS,1.18,-0.51,0.12,94
POS,1.20,-0.49,0.10,94
POS,1.20,-0.51,0.12,94
POS,1.22,-0.49,0.12,95
POS,1.22,-0.51,0.10,95
POS,1.23,-0.50,0.09,95
POS,1.22,-0.53,0.08,94
POS,1.24,-0.49,0.07,95
POS,1.24,-0.49,0.05,95
POS,1.23,-0.51,0.04,94
POS,1.22,-0.54,0.04,94
POS,1.21,-0.56,0.06,94
POS,1.10,-0.63,0.03,92
POS,1.07,-0.68,0.08,94
POS,1.11,-0.63,0.08,95
POS,1.14,-0.61,0.11,94
POS,1.16,-0.58,0.10,94
POS,1.15,-0.60,0.14,94
POS,1.14,-0.60,0.19,94
POS,1.14,-0.60,0.20,94
POS,1.15,-0.58,0.21,94
POS,1.07,-0.24,0.13,92
POS,1.12,-0.29,0.14,95
POS,1.14,-0.34,0.17,95
POS,1.15,-0.40,0.18,94
POS,1.16,-0.45,0.12,94
POS,1.06,-0.54,0.06,92
POS,0.99,-0.63,0.07,93
POS,1.04,-0.63,0.08,95
POS,1.07,-0.63,0.09,94
POS,1.02,-0.28,0.08,92
POS,1.08,-0.32,0.09,95
POS,1.12,-0.37,0.10,95
POS,1.13,-0.40,0.17,95
POS,1.12,-0.47,0.21,95
POS,1.14,-0.48,0.18,94
POS,1.18,-0.45,0.17,95
POS,1.18,-0.47,0.16,94
POS,1.20,-0.48,0.15,95
POS,1.18,-0.52,0.16,94
POS,1.17,-0.54,0.18,94
POS,1.16,-0.54,0.21,94
POS,1.12,-0.57,0.23,94
POS,1.14,-0.55,0.26,95
POS,1.16,-0.54,0.21,94
POS,1.16,-0.55,0.22,94
POS,1.16,-0.56,0.22,94
POS,1.15,-0.58,0.24,94
POS,1.14,-0.60,0.25,94
POS,1.15,-0.58,0.24,94
POS,1.16,-0.57,0.21,94
POS,1.19,-0.55,0.17,95
POS,1.19,-0.54,0.17,94
POS,1.20,-0.54,0.17,95
POS,1.20,-0.56,0.17,95
POS,1.20,-0.53,0.21,95
POS,1.19,-0.53,0.26,95
POS,1.18,-0.55,0.25,94
POS,1.20,-0.53,0.21,94
POS,1.21,-0.52,0.21,95
POS,1.20,-0.54,0.20,94
POS,1.20,-0.56,0.17,94
POS,1.08,-0.64,0.11,92
POS,1.11,-0.63,0.09,94
POS,1.16,-0.58,0.07,95
POS,1.13,-0.60,0.11,94
POS,1.15,-0.57,0.11,94
POS,1.16,-0.58,0.11,94
POS,1.17,-0.57,0.12,94
POS,1.06,-0.64,0.09,92
POS,1.10,-0.62,0.12,94
POS,1.12,-0.59,0.16,95
POS,1.13,-0.59,0.18,94
POS,1.04,-0.24,0.13,91
POS,1.08,-0.33,0.15,95
POS,1.12,-0.36,0.16,95
POS,1.15,-0.39,0.16,94
POS,1.17,-0.40,0.19,95
POS,1.17,-0.44,0.23,95
POS,1.19,-0.44,0.22,95
POS,1.19,-0.47,0.24,95
POS,1.18,-0.49,0.28,95
POS,1.18,-0.51,0.19,94
POS,1.20,-0.47,0.19,95
POS,1.20,-0.49,0.17,94
POS,1.21,-0.50,0.15,94
POS,1.21,-0.52,0.15,95
POS,1.11,-0.60,0.08,93
POS,1.13,-0.60,0.08,94
POS,1.10,-0.63,0.11,94
POS,1.12,-0.60,0.15,94
POS,1.13,-0.61,0.17,94
POS,1.11,-0.62,0.20,94
POS,1.05,-0.68,0.15,93
POS,1.07,-0.43,0.05,96
POS,1.11,-0.45,0.06,94
POS,1.13,-0.48,0.07,94
POS,1.11,-0.54,0.08,94
POS,1.11,-0.58,0.10,95
POS,1.14,-0.54,0.13,94
POS,1.14,-0.56,0.17,94
POS,1.17,-0.53,0.12,94
POS,1.15,-0.56,0.11,94
POS,1.15,-0.58,0.13,94
POS,1.13,-0.59,0.14,93
POS,1.14,-0.59,0.14,94
POS,1.15,-0.59,0.15,94
POS,1.16,-0.60,0.13,95
POS,1.17,-0.59,0.15,94
POS,1.18,-0.58,0.15,94
POS,1.15,-0.58,0.18,93
POS,1.14,-0.60,0.14,94
POS,1.14,-0.59,0.12,94
POS,1.12,-0.57,-0.02,98
POS,1.13,-0.58,0.00,94
POS,1.15,-0.57,0.03,94
POS,1.14,-0.59,0.09,94
POS,1.14,-0.59,0.11,94
POS,1.14,-0.59,0.14,94
POS,1.16,-0.57,0.15,95
POS,1.17,-0.58,0.16,95
POS,1.17,-0.58,0.13,94
POS,1.19,-0.55,0.13,95
POS,1.20,-0.54,0.15,95
POS,1.18,-0.57,0.15,94
POS,1.15,-0.36,0.02,95
POS,1.18,-0.38,0.06,95
POS,1.17,-0.42,0.06,94
POS,1.18,-0.46,0.06,94
POS,1.19,-0.47,0.09,95
POS,1.19,-0.50,0.05,94
POS,1.19,-0.52,0.09,94
POS,1.20,-0.51,0.10,94
POS,1.17,-0.55,0.08,94
POS,1.19,-0.54,0.06,95
POS,1.19,-0.55,0.09,94
POS,1.18,-0.56,0.03,94
POS,1.19,-0.55,0.06,95
POS,1.20,-0.55,0.09,95
POS,1.20,-0.55,0.09,94
POS,1.19,-0.57,0.12,94
POS,1.15,-0.61,0.13,94
POS,1.14,-0.62,0.15,94
POS,1.16,-0.59,0.13,94
POS,1.19,-0.54,0.08,95
POS,1.18,-0.55,0.12,94
POS,1.16,-0.58,0.15,94
POS,1.08,-0.64,0.13,93
POS,1.11,-0.63,0.14,94
POS,1.15,-0.57,0.14,95
POS,1.17,-0.56,0.10,94
POS,1.19,-0.54,0.10,95
POS,1.21,-0.50,0.12,95
POS,1.19,-0.53,0.12,94
POS,1.20,-0.52,0.11,94
POS,1.20,-0.52,0.16,95
POS,1.20,-0.52,0.12,94
POS,1.20,-0.54,0.08,94
POS,1.21,-0.54,0.06,95
POS,1.11,-0.60,-0.01,92
POS,1.12,-0.60,-0.02,94
POS,1.12,-0.61,-0.03,94
POS,1.14,-0.60,-0.01,94
POS,1.16,-0.59,0.00,94
POS,1.17,-0.57,0.03,94
POS,1.17,-0.56,0.07,94
POS,1.15,-0.60,0.08,94
POS,1.18,-0.57,0.08,95
POS,1.17,-0.58,0.11,94
POS,1.17,-0.58,0.12,94
POS,1.15,-0.59,0.13,94
POS,1.16,-0.60,0.11,94
POS,1.15,-0.61,0.11,94
POS,1.16,-0.59,0.11,94
POS,1.17,-0.57,0.08,94
POS,1.15,-0.58,0.09,94
POS,1.18,-0.56,0.09,95
POS,1.16,-0.59,0.07,94
POS,1.16,-0.59,0.06,94
POS,1.19,-0.55,0.10,95
POS,1.21,-0.50,0.03,95
POS,1.21,-0.51,0.04,94
POS,1.23,-0.48,0.00,95
POS,1.23,-0.49,0.03,95
POS,1.21,-0.52,0.08,94
POS,1.20,-0.53,0.12,94
POS,1.20,-0.53,0.14,94
POS,1.18,-0.56,0.17,94
POS,1.16,-0.59,0.17,94
POS,1.17,-0.58,0.17,94
POS,1.09,-0.63,0.06,92
POS,1.11,-0.61,0.01,94
POS,1.11,-0.63,0.03,94
POS,1.10,-0.61,0.11,94
POS,1.10,-0.63,0.13,94
POS,1.13,-0.58,0.14,94
POS,1.13,-0.60,0.15,94
POS,1.13,-0.60,0.20,94
POS,1.15,-0.58,0.18,94
POS,1.18,-0.54,0.14,95
POS,1.17,-0.58,0.11,94
POS,1.11,-0.63,0.03,94
POS,1.13,-0.63,0.05,95
POS,1.15,-0.61,0.11,95
POS,1.15,-0.61,0.14,94
POS,1.16,-0.61,0.13,95
POS,1.16,-0.61,0.12,94
POS,1.17,-0.61,0.15,94
POS,1.15,-0.63,0.17,94
POS,1.13,-0.63,0.10,93
POS,1.07,-0.67,0.04,93
POS,1.08,-0.68,0.05,95
POS,1.12,-0.65,0.03,94
POS,1.14,-0.63,0.01,95
POS,1.16,-0.60,0.04,94
POS,1.18,-0.59,0.02,94
POS,1.19,-0.56,0.06,94
POS,1.12,-0.62,0.01,93
POS,1.11,-0.63,0.06,94
POS,1.12,-0.62,0.02,93
POS,1.15,-0.60,0.02,95
POS,1.19,-0.55,0.04,95
POS,1.16,-0.57,0.10,94
POS,1.14,-0.61,0.10,94
POS,1.16,-0.60,0.11,94
POS,1.16,-0.60,0.11,94
POS,1.19,-0.55,0.08,95
POS,1.20,-0.55,0.06,95
POS,1.23,-0.49,0.05,95
POS,1.19,-0.54,0.10,95
POS,1.20,-0.54,0.09,94
POS,1.20,-0.53,0.14,95
POS,1.20,-0.51,0.14,94
POS,1.21,-0.50,0.13,95
POS,1.23,-0.48,0.16,95
POS,1.24,-0.47,0.13,95
POS,1.24,-0.47,0.16,95
POS,1.19,-0.56,0.12,95
POS,1.21,-0.51,0.15,95
POS,1.23,-0.47,0.14,95
POS,1.22,-0.48,0.17,95
POS,1.23,-0.49,0.16,95
POS,1.22,-0.49,0.18,94
POS,1.23,-0.48,0.16,95
POS,1.22,-0.49,0.18,94
POS,1.11,-0.59,0.13,92
POS,1.14,-0.56,0.13,95
POS,1.16,-0.56,0.13,94
POS,1.06,-0.60,0.02,92
POS,1.09,-0.59,0.01,94
POS,1.05,-0.63,-0.04,93
POS,1.08,-0.61,0.02,94
POS,0.97,-0.68,-0.03,91
POS,1.01,-0.67,0.06,95
POS,1.04,-0.66,0.07,94
POS,1.09,-0.62,0.02,94
POS,1.10,-0.64,0.04,94
POS,1.10,-0.65,0.06,94
POS,1.11,-0.64,0.04,94
POS,1.11,-0.64,0.01,94
POS,1.12,-0.62,0.06,94
POS,1.13,-0.63,0.03,94
POS,1.11,-0.64,0.02,94
POS,1.13,-0.61,0.02,94
POS,1.04,-0.67,-0.03,92
POS,1.10,-0.60,-0.02,95
POS,1.13,-0.58,0.01,94
POS,1.16,-0.54,0.02,95
POS,1.18,-0.52,0.07,94
POS,1.17,-0.56,0.11,95
POS,1.18,-0.55,0.12,94
POS,1.17,-0.58,0.14,94
POS,1.17,-0.60,0.13,95
POS,1.05,-0.67,0.11,91
POS,1.10,-0.61,0.13,95
POS,0.99,-0.68,0.10,92
POS,1.04,-0.67,0.14,95
POS,1.07,-0.65,0.17,94
POS,1.09,-0.65,0.19,95
POS,1.10,-0.44,0.04,96
POS,1.12,-0.48,0.09,94
POS,1.14,-0.50,0.10,95
POS,1.16,-0.52,0.12,94
POS,1.16,-0.54,0.17,95
POS,1.17,-0.53,0.17,94
POS,1.19,-0.53,0.16,95
POS,1.08,-0.61,0.10,92
POS,1.09,-0.63,0.09,94
POS,1.12,-0.58,0.14,95
POS,1.13,-0.59,0.14,94
POS,1.15,-0.58,0.16,95
POS,1.17,-0.56,0.18,95
POS,1.03,-0.65,0.17,91
POS,1.09,-0.60,0.13,95
POS,1.13,-0.57,0.14,95
POS,1.10,-0.61,0.11,93
POS,1.12,-0.60,0.13,94
POS,1.11,-0.60,0.13,93
POS,1.04,-0.67,0.08,93
POS,1.11,-0.57,0.08,95
POS,1.10,-0.61,0.10,94
POS,1.02,-0.67,0.09,92
POS,1.05,-0.66,0.13,94
POS,1.07,-0.65,0.15,94
POS,1.12,-0.60,0.13,95
POS,1.11,-0.61,0.20,95
POS,1.13,-0.59,0.22,95
POS,1.15,-0.58,0.24,95
POS,1.17,-0.57,0.20,94
POS,1.16,-0.59,0.19,94
POS,1.18,-0.55,0.16,95
POS,1.20,-0.54,0.18,95
POS,1.18,-0.58,0.18,95
POS,1.19,-0.57,0.16,94
POS,1.17,-0.59,0.13,94
POS,1.19,-0.57,0.13,95
POS,1.18,-0.58,0.18,95
POS,1.13,-0.62,0.20,94
POS,1.14,-0.62,0.21,94
POS,1.16,-0.61,0.18,94
POS,1.15,-0.62,0.21,94
POS,1.14,-0.62,0.24,95
POS,1.14,-0.62,0.19,94
POS,1.15,-0.61,0.18,94
POS,1.16,-0.58,0.18,94
POS,1.18,-0.56,0.13,94
POS,1.17,-0.59,0.09,94
POS,1.09,-0.66,0.05,93
POS,1.10,-0.63,0.13,94
POS,1.12,-0.61,0.15,94
POS,1.14,-0.59,0.17,94
POS,1.15,-0.59,0.18,94
POS,1.16,-0.56,0.21,94
POS,1.17,-0.55,0.15,94
POS,1.18,-0.55,0.15,94
POS,1.19,-0.56,0.13,95
POS,1.19,-0.56,0.15,94
POS,1.18,-0.58,0.10,94
POS,1.16,-0.60,0.10,94
POS,1.17,-0.60,0.13,95
POS,1.18,-0.59,0.14,95
POS,1.19,-0.60,0.14,95
POS,1.19,-0.58,0.16,94
POS,1.20,-0.58,0.15,95
POS,1.13,-0.63,0.19,94
POS,1.13,-0.65,0.20,95
POS,1.18,-0.58,0.15,95
POS,1.20,-0.54,0.08,95
POS,1.20,-0.55,0.09,94
POS,1.21,-0.52,0.13,95
POS,1.17,-0.57,0.15,94
POS,1.18,-0.57,0.15,94
POS,1.18,-0.58,0.15,94
POS,1.18,-0.58,0.14,94
POS,1.17,-0.60,0.15,94
POS,1.17,-0.61,0.12,94
POS,1.16,-0.62,0.13,94
POS,1.17,-0.60,0.17,94
POS,1.16,-0.61,0.21,95
POS,1.17,-0.58,0.19,94
POS,1.15,-0.42,0.02,96
POS,1.14,-0.46,0.05,93
POS,1.07,-0.54,-0.03,93
POS,1.09,-0.55,-0.00,94
POS,1.12,-0.55,0.02,94
POS,1.13,-0.55,0.05,94
POS,1.07,-0.62,-0.01,93
POS,1.11,-0.61,-0.00,95
POS,1.03,-0.67,0.05,93
POS,0.96,-0.71,-0.01,91
POS,0.98,-0.71,0.06,94
POS,0.93,-0.74,-0.02,92
POS,0.99,-0.51,-0.11,96
POS,1.03,-0.53,-0.03,94
POS,1.07,-0.53,0.03,95
POS,1.11,-0.51,0.05,94
POS,1.12,-0.53,0.11,94
POS,1.15,-0.53,0.12,94
POS,1.17,-0.52,0.09,95
POS,1.08,-0.62,0.04,93
POS,1.10,-0.61,0.08,94
POS,1.10,-0.62,0.12,94
POS,1.13,-0.60,0.10,94
POS,1.17,-0.56,0.05,95
POS,1.18,-0.54,0.08,95
POS,1.21,-0.51,0.13,95
POS,1.10,-0.60,0.10,92
POS,1.12,-0.59,0.12,94
POS,1.15,-0.56,0.13,94
POS,1.13,-0.59,0.19,95
POS,1.15,-0.58,0.21,95
POS,1.16,-0.58,0.17,94
POS,1.16,-0.58,0.13,94
POS,1.14,-0.60,0.19,94
POS,1.16,-0.57,0.18,94
POS,1.14,-0.61,0.17,94
POS,1.15,-0.60,0.17,94
POS,1.17,-0.57,0.13,94
POS,1.17,-0.56,0.15,94
POS,1.20,-0.53,0.13,95
POS,1.19,-0.52,0.16,94
POS,1.18,-0.53,0.14,94
POS,1.19,-0.53,0.14,94
POS,1.18,-0.53,0.20,95
POS,1.19,-0.54,0.14,94
POS,1.19,-0.53,0.09,94
POS,1.21,-0.51,0.11,95
POS,1.09,-0.59,0.03,92
POS,1.04,-0.63,-0.04,93
POS,1.08,-0.62,-0.02,94
POS,1.09,-0.62,-0.05,94
POS,1.11,-0.62,-0.02,94
POS,1.14,-0.59,0.02,94
POS,1.13,-0.61,0.01,94
POS,1.17,-0.52,-0.00,95
POS,1.20,-0.49,-0.04,95
POS,1.21,-0.50,-0.01,95
POS,1.23,-0.46,-0.02,95
POS,1.23,-0.47,-0.04,95
POS,1.23,-0.48,0.01,95
POS,1.24,-0.48,0.04,95
POS,1.25,-0.47,0.07,95
POS,1.26,-0.45,0.07,95
POS,1.23,-0.49,0.06,94
POS,1.21,-0.53,0.07,94
POS,1.18,-0.56,0.05,94
POS,1.17,-0.58,0.09,94
POS,1.18,-0.54,0.09,94
POS,1.11,-0.61,0.04,93
POS,1.13,-0.62,0.03,95
POS,1.11,-0.66,0.04,94
POS,1.12,-0.65,0.05,94
POS,1.15,-0.59,0.10,95
POS,1.17,-0.56,0.15,95
POS,1.17,-0.57,0.13,94
POS,1.18,-0.58,0.09,94
POS,1.19,-0.56,0.11,95
POS,1.19,-0.58,0.10,94
POS,1.19,-0.58,0.07,94
POS,1.19,-0.59,0.08,95
POS,1.20,-0.58,0.07,94
POS,1.19,-0.59,0.08,94
POS,1.20,-0.56,0.08,94
POS,1.20,-0.55,0.11,94
POS,1.11,-0.62,0.04,93
POS,1.15,-0.58,0.05,95
POS,1.16,-0.57,0.06,94
POS,1.18,-0.53,0.01,95
POS,1.08,-0.61,-0.02,92
POS,1.12,-0.60,-0.01,94
POS,1.14,-0.59,0.04,94
POS,1.11,-0.61,0.10,94
POS,1.04,-0.68,0.07,93
POS,1.08,-0.64,0.14,95
POS,1.09,-0.62,0.12,93
POS,1.12,-0.62,0.11,95
POS,1.15,-0.59,0.07,94
POS,1.18,-0.56,0.06,95
POS,1.16,-0.59,0.12,95
POS,1.18,-0.59,0.11,95
POS,1.18,-0.58,0.06,94
POS,1.06,-0.65,0.01,92
POS,1.08,-0.64,0.08,94
POS,1.13,-0.59,0.07,95
POS,1.13,-0.60,0.11,94
POS,1.08,-0.64,0.15,93
POS,1.12,-0.60,0.14,95
POS,1.04,-0.67,0.13,93
POS,1.08,-0.47,0.02,96
POS,1.10,-0.51,0.03,94
POS,1.10,-0.56,0.06,94
POS,1.13,-0.54,0.07,95
POS,1.15,-0.53,0.06,94
POS,1.13,-0.58,0.10,94
POS,1.12,-0.58,0.11,94
POS,1.13,-0.59,0.15,94
POS,1.16,-0.57,0.14,95
POS,1.18,-0.54,0.14,95
POS,1.21,-0.52,0.14,95
POS,1.21,-0.52,0.13,94
POS,1.21,-0.52,0.08,94
POS,1.20,-0.54,0.09,94
POS,1.19,-0.54,0.11,94
POS,1.21,-0.52,0.07,95
POS,1.23,-0.45,0.11,95
POS,1.24,-0.45,0.13,95
POS,1.24,-0.45,0.07,95
POS,1.22,-0.48,0.11,94
POS,1.24,-0.48,0.09,95
POS,1.21,-0.51,0.11,94
POS,1.23,-0.45,0.13,95
POS,1.21,-0.49,0.07,94
POS,1.22,-0.51,0.05,95
POS,1.23,-0.48,0.09,95
POS,1.22,-0.47,0.16,95
POS,1.23,-0.45,0.11,95
POS,1.21,-0.49,0.12,94
POS,1.21,-0.51,0.12,95
POS,1.22,-0.51,0.10,95
POS,1.23,-0.48,0.12,95
POS,1.10,-0.57,0.05,91
POS,1.02,-0.64,-0.01,92
POS,1.04,-0.63,0.06,94
POS,1.09,-0.60,0.04,95
POS,1.12,-0.59,0.05,94
POS,1.12,-0.61,0.09,94
POS,1.13,-0.61,0.10,94
POS,1.15,-0.60,0.10,95
POS,1.17,-0.58,0.13,95
POS,1.18,-0.54,0.17,95
POS,1.19,-0.55,0.15,94
POS,1.18,-0.57,0.18,94
POS,1.18,-0.56,0.11,94
POS,1.18,-0.54,0.16,95
POS,1.20,-0.52,0.15,95
POS,1.22,-0.51,0.11,95
POS,1.21,-0.53,0.12,95
POS,1.23,-0.51,0.13,95
POS,1.22,-0.53,0.15,95
POS,1.22,-0.53,0.12,94
POS,1.21,-0.55,0.11,94
POS,1.21,-0.56,0.12,94
POS,1.22,-0.54,0.08,95
POS,1.22,-0.56,0.11,95
POS,1.22,-0.57,0.09,95
POS,1.23,-0.54,0.03,95
POS,1.22,-0.55,0.06,94
POS,1.20,-0.58,0.05,94
POS,1.20,-0.58,0.07,94
POS,1.22,-0.54,0.07,95
POS,1.22,-0.52,0.12,95
POS,1.18,-0.57,0.16,95
POS,1.09,-0.65,0.12,93
POS,1.11,-0.64,0.12,94
POS,1.14,-0.60,0.16,95
POS,1.16,-0.58,0.13,94
POS,1.18,-0.56,0.12,95
POS,1.18,-0.53,0.17,94
POS,1.19,-0.54,0.16,94
POS,1.20,-0.52,0.12,94
POS,1.20,-0.49,0.18,95
POS,1.08,-0.59,0.13,92
POS,1.11,-0.58,0.12,94
POS,1.11,-0.60,0.15,94
POS,1.15,-0.55,0.18,95
POS,1.16,-0.54,0.17,94
POS,1.18,-0.54,0.17,95
POS,1.16,-0.57,0.18,94
POS,1.17,-0.57,0.16,94
POS,1.17,-0.56,0.15,94
POS,1.20,-0.54,0.14,95
POS,1.20,-0.54,0.12,94
POS,1.21,-0.54,0.12,95
POS,1.22,-0.53,0.08,94
POS,1.22,-0.54,0.06,94
POS,1.20,-0.56,0.07,94
POS,1.19,-0.57,0.10,94
POS,1.14,-0.61,0.13,94
POS,1.17,-0.58,0.14,95
POS,1.18,-0.56,0.09,94
POS,0.93,-0.67,0.15,97
POS,0.93,-0.61,0.28,97
POS,1.02,-0.58,0.22,95
POS,1.07,-0.56,0.19,95
POS,1.11,-0.52,0.20,95
POS,1.13,-0.54,0.22,95
POS,1.15,-0.53,0.22,94
POS,1.18,-0.50,0.19,95
POS,1.17,-0.55,0.20,95
POS,1.19,-0.54,0.16,95
POS,1.20,-0.54,0.17,95
POS,1.19,-0.56,0.18,94
POS,1.19,-0.57,0.16,94
POS,1.20,-0.56,0.14,94
POS,1.17,-0.60,0.11,94
POS,1.17,-0.59,0.08,94
POS,1.20,-0.55,0.09,95
POS,1.20,-0.54,0.14,95
POS,1.18,-0.57,0.16,95
POS,1.19,-0.55,0.17,94
POS,1.19,-0.55,0.16,94
POS,1.17,-0.57,0.12,93
POS,1.19,-0.53,0.09,95
POS,1.19,-0.56,0.07,94
POS,1.20,-0.57,0.09,95
POS,1.20,-0.54,0.14,95
POS,1.06,-0.63,0.11,91
POS,1.10,-0.62,0.10,94
POS,1.13,-0.61,0.11,95
POS,1.04,-0.68,0.09,92
POS,1.11,-0.61,0.10,95
POS,1.15,-0.57,0.06,95
POS,1.14,-0.60,0.10,94
POS,1.13,-0.61,0.17,95
POS,1.14,-0.62,0.14,94
POS,1.15,-0.62,0.16,95
POS,1.16,-0.60,0.18,94
POS,1.13,-0.63,0.20,95
POS,1.16,-0.59,0.21,95
POS,1.17,-0.60,0.17,94
POS,1.17,-0.59,0.12,94
POS,1.17,-0.59,0.12,94
POS,1.18,-0.56,0.05,94
POS,1.19,-0.57,0.04,94
POS,1.20,-0.56,0.03,95
POS,1.19,-0.58,0.01,94
POS,1.20,-0.57,0.04,94
POS,1.21,-0.56,0.01,95
POS,1.23,-0.52,0.04,95
POS,1.22,-0.54,0.07,94
POS,1.19,-0.57,0.09,94
POS,1.19,-0.58,0.12,94
POS,1.09,-0.64,0.05,92
POS,1.12,-0.62,0.05,94
POS,1.15,-0.59,0.04,94
POS,1.17,-0.58,0.04,95
POS,1.19,-0.56,0.01,95
POS,1.20,-0.55,0.04,95
POS,1.20,-0.57,0.04,95
POS,1.21,-0.55,0.03,94
POS,1.10,-0.63,-0.01,92
POS,1.12,-0.63,0.00,94
POS,1.16,-0.58,-0.01,95
POS,1.18,-0.55,-0.02,94
POS,1.21,-0.51,-0.01,95
POS,1.22,-0.50,0.04,95
POS,1.23,-0.48,0.08,95
POS,1.22,-0.49,0.08,94
POS,1.21,-0.52,0.09,94
POS,1.21,-0.53,0.09,94
POS,1.22,-0.51,0.05,95
POS,1.21,-0.51,0.06,94
POS,1.20,-0.53,0.04,94
POS,1.21,-0.51,0.05,94
POS,1.11,-0.58,-0.02,92
POS,1.13,-0.54,0.05,94
POS,1.09,-0.61,0.02,94
POS,1.13,-0.59,0.05,95
POS,1.16,-0.57,0.04,95
POS,1.16,-0.40,-0.08,96
POS,1.19,-0.39,-0.06,95
POS,1.20,-0.42,-0.00,94
POS,1.21,-0.43,-0.00,95
POS,1.23,-0.41,0.02,95
POS,1.23,-0.42,0.00,94
POS,1.13,-0.51,-0.06,92
POS,1.13,-0.54,-0.07,94
POS,1.16,-0.52,-0.09,95
POS,1.10,-0.60,-0.08,94
POS,1.15,-0.57,-0.05,95
POS,1.17,-0.55,-0.05,94
POS,1.15,-0.58,-0.05,94
POS,1.18,-0.54,-0.04,95
POS,1.19,-0.46,-0.11,96
POS,1.21,-0.46,-0.13,95
POS,1.19,-0.51,-0.04,95
POS,1.20,-0.51,-0.05,94
POS,1.20,-0.53,-0.03,94
POS,1.20,-0.53,-0.02,94
POS,1.21,-0.53,-0.03,95
POS,1.21,-0.52,-0.06,94
POS,1.21,-0.53,-0.06,94
POS,1.16,-0.52,-0.19,98
POS,1.13,-0.56,-0.13,94
POS,1.16,-0.53,-0.05,95
POS,1.18,-0.54,-0.02,95
POS,1.06,-0.61,-0.09,92
POS,1.09,-0.62,-0.08,94
POS,1.12,-0.60,-0.09,94
POS,1.15,-0.57,-0.07,95
POS,1.18,-0.54,-0.09,95
POS,1.20,-0.54,-0.04,95
POS,1.08,-0.61,-0.10,92
POS,1.10,-0.61,-0.01,95
POS,1.13,-0.60,-0.03,94
POS,1.16,-0.57,0.00,95
POS,1.17,-0.59,0.02,94
POS,1.19,-0.56,0.04,94
POS,1.17,-0.59,0.03,94
POS,1.20,-0.54,0.04,95
POS,1.20,-0.41,-0.07,97
POS,1.21,-0.43,-0.07,95
POS,1.22,-0.46,-0.04,94
POS,1.24,-0.43,-0.06,95
POS,1.24,-0.45,-0.09,95
POS,1.23,-0.48,-0.04,95
POS,1.21,-0.54,0.00,95
POS,1.19,-0.58,0.05,94
POS,1.19,-0.58,0.07,94
POS,1.20,-0.57,0.06,95
POS,1.21,-0.57,0.07,95
POS,1.21,-0.57,0.02,94
POS,1.19,-0.60,0.05,95
POS,1.20,-0.58,0.06,94
POS,1.21,-0.56,0.03,95
POS,1.23,-0.51,-0.02,95
POS,1.23,-0.49,-0.06,94
POS,1.21,-0.55,-0.03,95
POS,1.21,-0.54,-0.05,94
POS,1.20,-0.58,-0.03,94
POS,1.21,-0.55,0.01,95
POS,1.18,-0.59,0.06,94
POS,1.18,-0.62,0.08,95
POS,1.18,-0.62,0.09,95
POS,1.18,-0.61,0.05,94
POS,1.21,-0.56,0.03,95
POS,1.21,-0.54,0.07,95
POS,1.18,-0.58,0.12,95
POS,1.17,-0.60,0.09,94
POS,1.17,-0.59,0.14,94
POS,1.19,-0.57,0.14,95
POS,1.18,-0.59,0.09,94
POS,1.18,-0.59,0.10,94
POS,1.09,-0.63,-0.01,93
POS,1.13,-0.60,-0.00,95
POS,1.12,-0.42,-0.12,96
POS,1.14,-0.47,-0.09,94
POS,1.17,-0.46,-0.03,95
POS,1.18,-0.46,0.01,94
POS,1.20,-0.48,0.07,95
POS,1.19,-0.52,0.03,94
POS,1.21,-0.51,0.03,95
POS,1.20,-0.52,0.10,94
POS,1.21,-0.52,0.07,95
POS,1.11,-0.60,0.01,92
POS,1.11,-0.40,-0.10,96
POS,1.13,-0.43,-0.01,94
POS,1.16,-0.45,0.01,95
POS,1.17,-0.47,0.08,95
POS,1.19,-0.48,0.06,95
POS,1.21,-0.47,0.03,95
POS,1.11,-0.57,-0.01,92
POS,1.13,-0.57,-0.01,94
POS,1.18,-0.54,0.05,95
POS,1.18,-0.55,0.06,95
POS,1.19,-0.57,0.05,94
POS,1.10,-0.65,0.05,93
POS,1.14,-0.60,0.02,95
POS,1.19,-0.51,0.03,96
POS,1.19,-0.52,-0.01,94
POS,1.20,-0.55,-0.01,95
POS,1.19,-0.38,-0.09,96
POS,1.21,-0.41,-0.06,94
POS,1.21,-0.46,-0.03,95
POS,1.22,-0.45,-0.00,95
POS,1.22,-0.48,0.01,95
POS,1.24,-0.47,-0.01,95
POS,1.24,-0.48,-0.02,95
POS,1.15,-0.56,-0.05,93
POS,1.18,-0.55,-0.00,95
POS,1.18,-0.55,-0.02,94
POS,1.18,-0.57,0.06,95
POS,1.18,-0.58,0.06,94
POS,1.20,-0.54,0.08,95
POS,1.22,-0.52,0.08,95
POS,1.22,-0.53,0.12,95
POS,1.23,-0.51,0.11,95
POS,1.23,-0.51,0.11,95
POS,1.21,-0.53,0.10,94
POS,1.20,-0.56,0.11,95
POS,1.21,-0.55,0.12,95
POS,1.20,-0.57,0.17,95
POS,1.21,-0.53,0.19,95
POS,1.23,-0.52,0.18,95
POS,1.22,-0.54,0.17,95
POS,1.21,-0.57,0.15,94
POS,1.21,-0.57,0.13,95
POS,1.21,-0.57,0.14,94
POS,1.22,-0.56,0.14,95
POS,1.24,-0.54,0.11,95
POS,1.22,-0.56,0.09,94
POS,1.22,-0.54,0.09,94
POS,1.24,-0.51,0.08,95
POS,1.22,-0.52,0.14,95
POS,1.23,-0.50,0.17,95
POS,1.24,-0.50,0.14,95
POS,1.23,-0.50,0.14,94
POS,1.21,-0.54,0.14,94
POS,1.23,-0.50,0.17,95
POS,1.21,-0.54,0.19,95
POS,1.21,-0.52,0.22,95
POS,1.21,-0.51,0.24,95
POS,1.21,-0.52,0.20,94
POS,1.23,-0.50,0.21,95
POS,1.22,-0.51,0.21,94
POS,1.22,-0.53,0.18,95
POS,1.23,-0.52,0.19,95
POS,1.21,-0.56,0.20,95
POS,1.21,-0.56,0.19,94
POS,1.17,-0.59,0.23,95
POS,1.06,-0.66,0.15,91
POS,1.08,-0.64,0.17,94
POS,1.10,-0.64,0.16,94
POS,1.14,-0.60,0.12,95
POS,1.17,-0.54,0.14,95
POS,1.20,-0.52,0.14,95
POS,1.21,-0.50,0.15,95
POS,1.17,-0.57,0.16,94
POS,1.18,-0.55,0.19,95
POS,1.21,-0.52,0.14,95
POS,1.20,-0.53,0.16,95
POS,1.19,-0.55,0.15,94
POS,1.08,-0.63,0.08,92
POS,1.11,-0.62,0.10,95
POS,1.13,-0.62,0.09,94
POS,1.07,-0.27,0.08,93
POS,1.11,-0.33,0.07,95
POS,1.14,-0.39,0.08,94
POS,1.15,-0.44,0.09,94
POS,1.16,-0.48,0.11,95
POS,1.19,-0.47,0.10,95
POS,1.19,-0.49,0.16,95
POS,1.20,-0.49,0.18,95
POS,1.21,-0.51,0.15,95
POS,1.21,-0.54,0.13,95
POS,1.18,-0.56,0.18,94
POS,1.16,-0.59,0.19,94
POS,1.16,-0.60,0.19,95
POS,1.17,-0.60,0.18,95
POS,1.19,-0.58,0.13,94
POS,1.20,-0.56,0.15,95
POS,1.21,-0.55,0.14,95
POS,1.21,-0.56,0.12,94
POS,1.23,-0.52,0.11,95
POS,1.22,-0.53,0.13,94
POS,1.23,-0.52,0.10,95
POS,1.24,-0.51,0.11,95
POS,1.23,-0.53,0.10,94
POS,1.23,-0.53,0.07,95
POS,1.22,-0.53,0.08,94
POS,1.22,-0.54,0.12,95
POS,1.21,-0.55,0.13,94
POS,1.23,-0.54,0.11,95
POS,1.20,-0.55,0.12,94
POS,1.20,-0.56,0.09,95
POS,1.22,-0.54,0.05,95
POS,1.22,-0.52,0.01,94
POS,1.23,-0.48,-0.04,95
POS,1.23,-0.49,-0.00,94
POS,1.25,-0.42,0.06,96
POS,1.25,-0.43,0.05,95
POS,1.24,-0.47,0.08,95
POS,1.21,-0.52,0.13,94
POS,1.21,-0.50,0.11,94
POS,1.22,-0.51,0.09,95
POS,1.24,-0.50,0.11,95
POS,1.24,-0.48,0.09,95
POS,1.25,-0.49,0.12,95
POS,1.24,-0.51,0.09,94
POS,1.21,-0.53,0.14,94
POS,1.19,-0.56,0.11,94
POS,1.20,-0.54,0.14,95
POS,1.18,-0.57,0.17,94
POS,1.18,-0.59,0.11,94
POS,1.19,-0.60,0.10,95
POS,1.20,-0.59,0.06,95
POS,1.21,-0.57,0.03,95
POS,1.21,-0.58,0.08,95
POS,1.22,-0.56,0.08,95
POS,1.22,-0.54,0.12,95
POS,1.21,-0.56,0.15,95
POS,1.23,-0.52,0.13,95
POS,1.23,-0.51,0.16,95
POS,1.23,-0.52,0.12,94
POS,1.24,-0.53,0.09,95
POS,1.23,-0.54,0.13,95
POS,1.23,-0.54,0.09,94
POS,1.23,-0.54,0.08,95
POS,1.24,-0.53,0.11,95
POS,1.24,-0.51,0.12,95
POS,1.23,-0.50,0.15,94
POS,1.24,-0.49,0.16,95
POS,1.22,-0.52,0.16,94
POS,1.20,-0.55,0.15,94
POS,1.20,-0.56,0.16,95
POS,1.22,-0.52,0.14,95
POS,1.22,-0.49,0.17,94
POS,1.22,-0.49,0.15,95
POS,1.22,-0.50,0.10,94
POS,1.24,-0.48,0.07,95
POS,1.21,-0.52,0.13,95
POS,1.10,-0.60,0.04,92
POS,1.13,-0.58,0.03,94
POS,1.16,-0.57,0.06,95
POS,1.17,-0.56,0.12,95
POS,1.18,-0.55,0.10,95
POS,1.09,-0.21,0.04,92
POS,1.11,-0.30,0.10,94
POS,1.15,-0.37,0.09,95
POS,1.17,-0.42,0.11,95
POS,1.19,-0.45,0.13,95
POS,1.18,-0.50,0.10,94
POS,1.04,-0.15,0.03,91
POS,1.10,-0.22,0.06,95
POS,1.15,-0.28,0.05,95
POS,1.16,-0.35,0.03,94
POS,1.17,-0.38,0.02,94
POS,1.19,-0.40,0.04,95
POS,1.20,-0.42,0.09,95
POS,1.21,-0.42,0.03,95
POS,1.23,-0.43,0.05,95
POS,1.19,-0.49,-0.03,94
POS,1.06,-0.59,0.00,92
POS,1.07,-0.49,-0.12,97
POS,1.12,-0.47,-0.13,95
POS,1.14,-0.50,-0.09,94
POS,1.14,-0.54,-0.02,94
POS,1.15,-0.54,0.04,94
POS,1.18,-0.53,0.03,95
POS,1.14,-0.58,0.04,94
POS,1.14,-0.61,0.03,95
POS,1.16,-0.59,0.09,95
POS,1.17,-0.60,0.07,95
POS,1.20,-0.59,0.07,95
POS,1.21,-0.58,0.05,95
POS,1.22,-0.56,0.05,95
POS,1.22,-0.56,0.06,94
POS,1.20,-0.58,0.07,94
POS,1.21,-0.58,0.05,95
POS,1.22,-0.56,0.01,95
POS,1.20,-0.57,0.08,95
POS,1.23,-0.51,0.09,95
POS,1.23,-0.51,0.10,94
POS,1.22,-0.53,0.05,94
POS,1.22,-0.53,0.09,95
POS,1.22,-0.54,0.05,94
POS,1.21,-0.55,0.05,94
POS,1.20,-0.56,0.02,94
POS,1.20,-0.54,0.09,95
POS,1.22,-0.52,0.06,95
POS,1.19,-0.57,0.05,94
POS,1.20,-0.56,0.05,95
POS,1.20,-0.58,0.06,95
POS,1.22,-0.56,0.04,95
POS,1.20,-0.39,-0.09,96
POS,1.22,-0.40,-0.04,95
POS,1.21,-0.45,-0.06,94
POS,1.23,-0.44,-0.10,95
POS,1.23,-0.45,-0.11,94
POS,1.14,-0.55,-0.11,93
POS,1.17,-0.54,-0.09,95
POS,1.18,-0.54,-0.03,95
POS,1.20,-0.53,0.00,95
POS,1.18,-0.56,0.05,94
POS,1.17,-0.60,0.06,95
POS,1.18,-0.60,0.08,94
POS,1.21,-0.55,0.08,95
POS,1.18,-0.58,0.09,94
POS,1.20,-0.55,0.06,95
POS,1.22,-0.51,0.02,95
POS,1.23,-0.52,0.05,95
POS,1.23,-0.54,0.07,95
POS,1.23,-0.53,0.11,95
POS,1.23,-0.54,0.13,95
POS,1.23,-0.54,0.14,95
POS,1.23,-0.53,0.14,95
POS,1.24,-0.53,0.11,95
POS,1.25,-0.53,0.09,95
POS,1.25,-0.51,0.05,95
POS,1.25,-0.50,0.09,95
POS,1.21,-0.55,0.09,94
POS,1.23,-0.53,0.08,95
POS,1.21,-0.57,0.08,94
POS,1.13,-0.63,0.01,93
POS,1.15,-0.63,0.02,95
POS,1.15,-0.63,0.07,95
POS,1.17,-0.60,0.09,95
POS,1.17,-0.59,0.11,94
POS,1.20,-0.57,0.10,95
POS,1.21,-0.56,0.08,94
POS,1.23,-0.54,0.09,95
POS,1.23,-0.53,0.09,95
POS,1.24,-0.52,0.09,95
POS,1.23,-0.51,0.11,94
POS,1.21,-0.53,0.10,94
POS,1.21,-0.54,0.09,94
POS,1.21,-0.55,0.10,95
POS,1.12,-0.61,0.02,92
POS,1.13,-0.61,0.06,94
POS,1.16,-0.60,0.06,95
POS,1.15,-0.61,0.04,94
POS,1.17,-0.60,0.05,95
POS,1.18,-0.59,0.07,94
POS,1.20,-0.57,0.07,95
POS,1.22,-0.55,0.07,95
POS,1.22,-0.56,0.02,95
POS,1.19,-0.59,-0.01,94
POS,1.20,-0.58,0.00,94
POS,1.21,-0.56,-0.03,95
POS,1.21,-0.57,-0.02,95
POS,1.21,-0.57,0.01,94
POS,1.21,-0.58,0.02,95
POS,1.22,-0.58,-0.00,95
POS,1.20,-0.58,0.00,94
POS,1.17,-0.61,0.04,94
POS,1.17,-0.62,0.04,94
POS,1.15,-0.63,0.10,94
POS,1.16,-0.45,-0.03,96
POS,1.19,-0.46,0.03,95
POS,1.18,-0.50,0.09,95
POS,1.20,-0.50,0.04,95
POS,1.23,-0.45,0.03,96
POS,1.24,-0.46,0.04,95
POS,1.25,-0.46,0.05,95
POS,1.23,-0.49,0.07,94
POS,1.24,-0.49,0.10,95
POS,1.23,-0.52,0.10,95
POS,1.22,-0.53,0.13,95
POS,1.25,-0.48,0.11,95
POS,1.26,-0.46,0.10,95
POS,1.24,-0.49,0.13,95
POS,1.25,-0.49,0.12,95
POS,1.24,-0.50,0.14,94
POS,1.25,-0.48,0.12,95
POS,1.21,-0.53,0.12,94
POS,1.20,-0.54,0.19,95
POS,1.15,-0.58,0.11,94
POS,1.15,-0.60,0.14,94
POS,1.16,-0.58,0.14,94
POS,1.18,-0.56,0.12,95
POS,1.18,-0.36,0.02,96
POS,1.20,-0.38,0.08,95
POS,1.20,-0.44,0.07,95
POS,1.20,-0.49,0.09,95
POS,1.20,-0.52,0.13,95
POS,1.21,-0.52,0.13,95
POS,1.22,-0.51,0.10,95
POS,1.23,-0.50,0.10,95
POS,1.21,-0.31,0.01,96
POS,1.22,-0.38,0.05,95
POS,1.22,-0.40,0.07,94
POS,1.22,-0.44,0.06,94
POS,1.19,-0.51,0.11,95
POS,1.19,-0.51,0.12,94
POS,1.21,-0.51,0.10,95
POS,1.22,-0.50,0.07,95
POS,1.21,-0.51,0.10,94
POS,1.22,-0.51,0.11,95
POS,1.22,-0.52,0.12,95
POS,1.21,-0.55,0.11,94
POS,1.18,-0.58,0.15,94
POS,1.19,-0.56,0.15,94
POS,1.18,-0.57,0.19,94
POS,1.19,-0.57,0.15,94
POS,1.20,-0.57,0.12,95
POS,1.20,-0.57,0.13,94
POS,1.20,-0.55,0.16,94
POS,1.18,-0.58,0.18,95
POS,1.11,-0.63,0.07,93
POS,1.14,-0.59,0.09,95
POS,1.14,-0.63,0.09,95
POS,1.13,-0.64,0.14,94
POS,1.15,-0.64,0.12,95
POS,1.17,-0.61,0.08,94
POS,1.18,-0.59,0.06,94
POS,1.18,-0.60,0.09,95
POS,1.17,-0.61,0.12,95
POS,1.16,-0.62,0.08,94
POS,1.18,-0.58,0.10,94
POS,1.17,-0.58,0.14,94
POS,1.19,-0.55,0.12,95
POS,1.19,-0.56,0.14,94
POS,1.19,-0.59,0.11,95
POS,1.21,-0.56,0.09,95
POS,1.22,-0.55,0.09,95
POS,1.20,-0.58,0.07,95
POS,1.21,-0.57,0.07,94
POS,1.21,-0.56,0.13,95
POS,1.21,-0.56,0.12,94
POS,1.21,-0.56,0.16,95
POS,1.22,-0.56,0.15,95
POS,1.23,-0.54,0.12,95
POS,1.20,-0.56,0.16,94
POS,1.18,-0.59,0.16,95
POS,1.19,-0.57,0.14,94
POS,1.22,-0.54,0.09,95
POS,1.23,-0.52,0.11,95
POS,1.23,-0.53,0.08,94
POS,1.24,-0.52,0.05,95
POS,1.21,-0.57,0.07,95
POS,1.20,-0.56,0.10,94
POS,1.18,-0.59,0.13,95
POS,1.21,-0.56,0.14,95
POS,1.20,-0.57,0.18,95
POS,1.20,-0.58,0.16,94
POS,1.21,-0.56,0.14,95
POS,1.20,-0.56,0.12,94
POS,1.21,-0.55,0.10,95
POS,1.23,-0.52,0.06,95
POS,1.20,-0.56,0.05,94
POS,1.21,-0.55,0.02,95
POS,1.20,-0.57,0.09,95
POS,1.18,-0.59,0.09,94
POS,1.19,-0.57,0.14,95
POS,1.18,-0.59,0.16,94
POS,1.20,-0.56,0.14,95
POS,1.17,-0.58,0.20,95
POS,1.17,-0.57,0.23,95
POS,1.19,-0.57,0.14,95
POS,1.19,-0.58,0.12,95
POS,1.19,-0.58,0.12,94
POS,1.21,-0.53,0.12,95
POS,1.21,-0.55,0.10,94
POS,1.22,-0.53,0.10,95
POS,1.11,-0.61,0.03,92
POS,1.02,-0.68,-0.02,92
POS,1.08,-0.63,0.01,95
POS,1.13,-0.59,0.03,95
POS,1.16,-0.55,0.06,95
POS,1.16,-0.57,0.06,94
POS,1.20,-0.51,0.08,95
POS,1.22,-0.45,0.11,95
POS,1.21,-0.47,0.15,95
POS,1.10,-0.56,0.08,92
POS,1.03,-0.23,0.00,92
POS,1.08,-0.32,0.05,95
POS,1.11,-0.38,0.07,94
POS,1.15,-0.39,0.06,95
POS,1.19,-0.39,0.01,95
POS,1.20,-0.40,-0.04,95
POS,1.21,-0.43,-0.02,94
POS,1.23,-0.42,0.04,95
POS,1.25,-0.40,0.04,95
POS,1.26,-0.40,0.06,95
POS,1.26,-0.41,0.09,95
POS,1.11,-0.09,0.06,91
POS,1.15,-0.18,0.03,95
POS,1.14,-0.29,0.09,94
POS,1.14,-0.37,0.14,94
POS,1.16,-0.43,0.14,95
POS,1.15,-0.50,0.13,95
POS,1.18,-0.50,0.13,95
POS,1.14,-0.56,0.17,95
POS,1.17,-0.56,0.12,95
POS,1.20,-0.51,0.09,95
POS,1.22,-0.48,0.03,95
POS,1.21,-0.51,0.04,94
POS,1.22,-0.50,-0.00,95
POS,1.12,-0.57,-0.07,92
POS,1.15,-0.57,-0.02,95
POS,1.16,-0.58,0.03,94
POS,1.17,-0.57,0.08,95
POS,1.19,-0.55,0.08,95
POS,1.21,-0.53,0.01,95
POS,1.19,-0.56,0.04,94
POS,1.20,-0.54,0.03,94
POS,1.17,-0.56,-0.02,94
POS,1.20,-0.54,-0.04,95
POS,1.22,-0.52,-0.02,95
POS,1.22,-0.52,0.02,95
POS,1.23,-0.53,0.03,95
POS,1.21,-0.55,-0.01,94
POS,1.21,-0.55,-0.03,94
POS,1.22,-0.53,-0.05,95
POS,1.23,-0.51,0.00,95
POS,1.25,-0.48,0.03,95
POS,1.22,-0.53,0.05,95
POS,1.10,-0.61,-0.03,92
POS,1.13,-0.59,-0.07,94
POS,1.15,-0.56,-0.10,95
POS,1.17,-0.54,-0.11,94
POS,1.18,-0.56,-0.09,94
POS,1.18,-0.59,-0.03,95
POS,1.19,-0.55,0.03,95
POS,1.20,-0.56,-0.00,95
POS,1.22,-0.54,-0.01,95
POS,1.11,-0.61,-0.04,92
POS,1.14,-0.59,0.01,94
POS,1.15,-0.58,0.07,94
POS,1.16,-0.55,0.01,94
POS,1.08,-0.62,-0.06,92
POS,1.09,-0.40,-0.13,96
POS,1.12,-0.44,-0.10,94
POS,1.16,-0.44,-0.07,95
POS,1.16,-0.50,-0.00,95
POS,1.17,-0.50,-0.01,94
POS,1.18,-0.52,0.01,95
POS,1.17,-0.56,0.05,94
POS,1.19,-0.55,0.01,95
POS,1.20,-0.56,0.01,95
POS,1.22,-0.53,0.03,95
POS,1.21,-0.55,0.01,94
POS,1.21,-0.56,0.00,95
POS,1.23,-0.54,0.06,95
POS,1.23,-0.53,0.01,95
POS,1.12,-0.60,-0.05,92
POS,1.13,-0.58,0.04,94
POS,1.14,-0.60,0.05,94
POS,1.17,-0.56,0.05,95
POS,1.14,-0.61,0.05,94
POS,1.14,-0.42,-0.08,96
POS,1.16,-0.46,-0.06,95
POS,1.17,-0.50,-0.04,94
POS,1.17,-0.52,-0.07,94
POS,1.18,-0.51,-0.05,94
POS,1.15,-0.55,-0.00,93
POS,1.15,-0.57,0.04,94
POS,1.18,-0.52,-0.00,95
POS,1.19,-0.50,0.04,95
POS,1.21,-0.50,0.04,95
POS,1.23,-0.48,0.00,95
POS,1.24,-0.47,-0.02,95
POS,1.23,-0.50,0.01,94
POS,1.24,-0.50,-0.02,95
POS,1.15,-0.58,-0.04,93
POS,1.16,-0.59,0.00,95
POS,1.17,-0.59,0.00,94
POS,1.20,-0.55,0.04,95
POS,1.22,-0.40,0.03,97
POS,1.22,-0.26,-0.03,96
POS,1.21,-0.33,0.04,94
POS,1.22,-0.35,0.08,95
POS,1.13,-0.46,-0.02,93
POS,1.15,-0.46,0.05,95
POS,1.15,-0.52,0.05,94
POS,1.18,-0.50,-0.01,95
POS,1.19,-0.47,0.07,95
POS,1.18,-0.52,0.08,94
POS,1.18,-0.55,0.06,95
POS,1.19,-0.56,0.03,94
POS,1.21,-0.54,0.02,95
POS,1.20,-0.54,0.04,94
POS,1.16,-0.57,0.13,94
POS,1.20,-0.53,0.11,95
POS,1.18,-0.56,0.15,94
POS,1.19,-0.56,0.12,95
POS,1.17,-0.58,0.10,94
POS,1.10,-0.50,-0.12,97
POS,1.12,-0.50,-0.01,95
POS,1.17,-0.46,0.00,95
POS,1.18,-0.49,0.03,95
POS,1.22,-0.45,0.02,95
POS,1.22,-0.46,0.02,94
POS,1.23,-0.47,0.02,95
POS,1.24,-0.45,0.06,95
POS,1.24,-0.48,0.07,95
POS,1.25,-0.47,0.09,95
POS,1.26,-0.45,0.10,95
POS,1.26,-0.45,0.08,95
POS,1.23,-0.52,0.12,95
POS,1.24,-0.50,0.13,95
POS,1.24,-0.49,0.10,95
POS,1.25,-0.45,0.05,95
POS,1.26,-0.42,0.03,95
POS,1.25,-0.46,0.03,95
POS,1.24,-0.46,0.01,94
POS,1.22,-0.49,0.00,94
POS,1.21,-0.54,0.03,95
POS,1.20,-0.56,0.07,95
POS,1.21,-0.56,0.05,95
POS,1.22,-0.54,0.09,95
POS,1.20,-0.58,0.10,95
POS,1.21,-0.57,0.10,94
POS,1.20,-0.58,0.10,94
POS,1.22,-0.54,0.09,95
POS,1.21,-0.56,0.08,94
POS,1.22,-0.53,0.08,95
POS,1.21,-0.55,0.11,94
POS,1.24,-0.50,0.07,95
POS,1.14,-0.59,0.09,93
POS,1.16,-0.58,0.12,95
POS,1.19,-0.53,0.15,95
POS,1.18,-0.55,0.15,94
POS,1.19,-0.54,0.13,94
POS,1.19,-0.55,0.16,95
POS,1.19,-0.57,0.18,95
POS,1.17,-0.59,0.17,94
POS,1.19,-0.54,0.20,95
POS,1.20,-0.53,0.18,95
POS,1.20,-0.54,0.17,94
POS,1.17,-0.56,0.22,94
POS,1.16,-0.60,0.20,95
POS,1.15,-0.61,0.23,95
POS,1.17,-0.60,0.22,95
POS,1.19,-0.56,0.18,95
POS,1.17,-0.58,0.21,95
POS,1.19,-0.57,0.20,95
POS,1.19,-0.56,0.19,94
POS,1.19,-0.55,0.20,94
POS,1.15,-0.58,0.25,94
POS,1.16,-0.59,0.25,95
POS,1.19,-0.54,0.17,95
POS,1.16,-0.58,0.20,94
POS,1.19,-0.53,0.17,95
POS,1.19,-0.55,0.17,95
POS,1.07,-0.63,0.09,91
POS,1.07,-0.64,0.13,94
POS,1.11,-0.60,0.15,95
POS,1.14,-0.58,0.13,94
POS,1.15,-0.58,0.17,95
POS,1.17,-0.58,0.17,95
POS,1.16,-0.59,0.17,94
POS,1.17,-0.56,0.19,95
POS,1.19,-0.55,0.18,95
POS,1.19,-0.55,0.18,94
POS,1.21,-0.49,0.21,95
POS,1.23,-0.48,0.19,95
POS,1.25,-0.45,0.19,96
POS,1.27,-0.43,0.17,95
POS,1.26,-0.46,0.16,95
POS,1.25,-0.47,0.18,95
POS,1.24,-0.49,0.17,94
POS,1.24,-0.49,0.16,95
POS,1.24,-0.50,0.12,95
POS,1.12,-0.19,0.03,91
POS,1.12,-0.28,0.10,94
POS,1.15,-0.33,0.12,95
POS,1.13,-0.43,0.17,94
POS,1.14,-0.48,0.16,95
POS,1.17,-0.48,0.13,95
POS,1.18,-0.48,0.14,94
POS,1.17,-0.51,0.15,94
POS,1.20,-0.51,0.15,95
POS,1.20,-0.52,0.13,95
POS,1.20,-0.55,0.10,94
POS,1.22,-0.51,0.09,95
POS,1.22,-0.53,0.09,95
POS,1.21,-0.56,0.11,94
POS,1.20,-0.57,0.13,95
POS,1.21,-0.57,0.10,95
POS,1.22,-0.55,0.07,95
POS,1.21,-0.57,0.08,94
POS,1.21,-0.54,0.07,94
POS,1.22,-0.55,0.07,95
POS,1.23,-0.53,0.06,95
POS,1.21,-0.56,0.08,94
POS,1.19,-0.58,0.13,95
POS,1.21,-0.56,0.12,95
POS,1.23,-0.52,0.10,95
POS,1.23,-0.51,0.09,94
POS,1.23,-0.52,0.08,95
POS,1.23,-0.52,0.05,94
POS,1.21,-0.54,0.11,95
POS,1.20,-0.57,0.08,94
POS,1.21,-0.55,0.12,95
POS,1.21,-0.56,0.14,95
POS,1.22,-0.52,0.12,95
POS,1.20,-0.57,0.13,95
POS,1.21,-0.55,0.13,95
POS,1.21,-0.56,0.11,95
POS,1.21,-0.58,0.09,95
POS,1.19,-0.58,0.12,94
POS,1.22,-0.56,0.10,95
POS,1.22,-0.55,0.12,95
POS,1.23,-0.53,0.14,95
POS,1.25,-0.48,0.14,95
POS,1.26,-0.46,0.14,95
POS,1.16,-0.54,0.04,92
POS,1.07,-0.62,0.02,93
POS,1.09,-0.63,0.05,95
POS,1.04,-0.48,-0.16,96
POS,1.11,-0.46,-0.12,95
POS,1.13,-0.52,-0.06,95
POS,1.15,-0.52,-0.02,94
POS,1.18,-0.51,-0.00,95
POS,1.21,-0.49,-0.01,95
POS,1.20,-0.52,0.04,95
POS,1.22,-0.49,0.03,95
POS,1.23,-0.50,0.03,95
POS,1.23,-0.50,-0.00,95
POS,1.22,-0.52,0.04,94
POS,1.22,-0.53,0.01,94
POS,1.23,-0.51,0.05,95
POS,1.20,-0.31,-0.04,96
POS,1.20,-0.20,-0.10,96
POS,1.19,-0.31,-0.05,94
POS,1.21,-0.35,-0.03,95
POS,1.22,-0.39,0.01,94
POS,1.23,-0.42,-0.02,95
POS,1.25,-0.38,-0.00,96
POS,1.21,-0.46,0.04,94
POS,1.21,-0.49,0.05,94
POS,1.21,-0.50,0.08,94
POS,1.22,-0.51,0.09,95
POS,1.24,-0.49,0.10,95
POS,1.25,-0.47,0.06,95
POS,1.23,-0.52,0.10,95
POS,1.23,-0.50,0.04,95
POS,1.25,-0.47,0.01,95
POS,1.20,-0.41,-0.16,97
POS,1.21,-0.41,-0.17,94
POS,1.21,-0.45,-0.11,94
POS,1.18,-0.27,-0.19,96
POS,1.20,-0.33,-0.17,95
POS,1.21,-0.39,-0.13,95
POS,1.23,-0.40,-0.10,95
POS,1.21,-0.45,-0.01,94
POS,1.13,-0.54,-0.06,93
POS,1.16,-0.50,-0.02,95
POS,1.19,-0.49,0.01,95
POS,1.22,-0.48,0.02,95
POS,1.23,-0.48,0.03,95
POS,1.21,-0.52,0.05,94
POS,1.22,-0.51,0.07,95
POS,1.22,-0.51,0.03,94
POS,1.22,-0.36,-0.05,97
POS,1.23,-0.37,-0.02,95
POS,1.25,-0.38,0.03,95
POS,1.24,-0.44,0.02,95
POS,1.25,-0.42,0.07,95
POS,1.24,-0.28,-0.03,96
POS,1.24,-0.33,-0.02,95
POS,1.23,-0.39,0.06,95
POS,1.19,-0.47,0.06,94
POS,1.21,-0.46,0.07,95
POS,1.20,-0.49,0.11,94
POS,1.20,-0.53,0.10,95
POS,1.10,-0.60,0.00,92
POS,1.15,-0.55,0.01,95
POS,1.16,-0.55,0.03,94
POS,1.19,-0.53,0.03,95
POS,1.21,-0.50,0.07,95
POS,1.11,-0.58,-0.00,93
POS,1.12,-0.60,0.02,94
POS,1.13,-0.60,0.03,94
POS,1.16,-0.59,0.01,95
POS,1.17,-0.59,0.01,95
POS,1.19,-0.57,0.04,95
POS,1.10,-0.62,-0.04,93
POS,1.12,-0.62,0.01,94
POS,1.14,-0.61,0.05,95
POS,1.16,-0.59,0.09,95
POS,1.18,-0.58,0.11,95
POS,1.20,-0.56,0.12,95
POS,1.20,-0.58,0.07,95
POS,1.19,-0.58,0.09,94
POS,1.20,-0.57,0.06,94
POS,1.22,-0.53,0.07,95
POS,1.24,-0.44,0.06,98
POS,1.22,-0.48,0.10,94
POS,1.24,-0.47,0.09,95
POS,1.24,-0.48,0.13,95
POS,1.25,-0.46,0.09,95
POS,1.25,-0.45,0.11,95
POS,1.25,-0.46,0.13,95
POS,1.26,-0.46,0.11,95
POS,1.26,-0.48,0.16,95
POS,1.24,-0.50,0.11,94
POS,1.23,-0.51,0.05,95
POS,1.20,-0.56,0.08,95
POS,1.12,-0.23,0.07,92
POS,1.15,-0.33,0.06,95
POS,1.18,-0.37,0.07,95
POS,1.19,-0.40,0.11,95
POS,1.21,-0.43,0.09,95
POS,1.21,-0.45,0.12,95
POS,1.24,-0.42,0.10,95
POS,1.23,-0.46,0.10,95
POS,1.24,-0.48,0.08,95
POS,1.25,-0.46,0.05,95
POS,1.24,-0.49,0.04,94
POS,1.24,-0.49,0.10,95
POS,1.18,-0.54,0.17,95
POS,1.08,-0.61,0.06,92
POS,1.09,-0.62,0.05,94
POS,1.11,-0.62,0.11,95
POS,1.16,-0.56,0.10,95
POS,1.16,-0.57,0.08,94
POS,1.18,-0.56,0.05,95
POS,1.19,-0.56,0.07,94
POS,1.17,-0.57,0.10,94
POS,1.19,-0.55,0.12,94
POS,1.20,-0.54,0.12,94
POS,1.19,-0.33,0.05,96
POS,1.19,-0.39,0.06,94
POS,1.18,-0.45,0.04,94
POS,1.15,-0.50,0.10,94
POS,1.18,-0.48,0.13,95
POS,1.20,-0.49,0.09,95
POS,1.21,-0.50,0.09,94
POS,1.18,-0.54,0.07,94
POS,1.16,-0.59,0.08,95
POS,1.14,-0.60,0.06,93
POS,1.15,-0.58,0.05,94
POS,1.18,-0.54,0.00,95
POS,1.18,-0.54,0.03,94
POS,1.18,-0.55,0.09,94
POS,1.20,-0.53,0.08,95
POS,1.07,-0.62,0.04,91
POS,1.10,-0.59,0.10,94
POS,1.13,-0.57,0.10,94
POS,1.03,-0.63,0.03,91
POS,0.97,-0.54,-0.16,96
POS,0.95,-0.61,-0.15,93
POS,1.03,-0.57,-0.05,95
POS,1.10,-0.51,-0.02,95
POS,1.13,-0.53,0.01,94
POS,1.17,-0.48,0.00,95
POS,1.18,-0.49,0.02,94
POS,1.10,-0.53,-0.08,93
POS,1.14,-0.51,-0.00,95
POS,1.12,-0.56,0.00,94
POS,1.13,-0.57,-0.04,94
POS,1.17,-0.50,0.01,95
POS,1.17,-0.52,0.03,94
POS,1.15,-0.38,-0.11,96
