POS,0.13,-0.43,-0.08,77
POS,0.11,-0.42,-0.09,82
POS,0.16,-0.44,-0.08,75
POS,0.16,-0.43,-0.08,75
POS,0.16,-0.45,-0.06,80
POS,0.11,-0.42,-0.07,83
POS,0.10,-0.42,-0.08,82
POS,0.10,-0.43,-0.06,79
POS,0.11,-0.42,-0.07,78
POS,0.13,-0.44,-0.08,81
POS,0.11,-0.43,-0.07,76
POS,0.08,-0.42,-0.07,83
POS,0.09,-0.41,-0.08,79
POS,0.11,-0.43,-0.08,79
POS,0.11,-0.43,-0.06,77
POS,0.14,-0.45,-0.05,77
POS,0.11,-0.42,-0.08,85
POS,0.11,-0.42,-0.07,79
POS,0.14,-0.44,-0.05,77
POS,0.12,-0.43,-0.07,81
POS,0.14,-0.44,-0.08,79
POS,0.17,-0.45,-0.09,79
POS,0.19,-0.47,-0.08,79
POS,0.20,-0.48,-0.08,78
POS,0.17,-0.46,-0.06,77
POS,0.15,-0.46,-0.07,80
POS,0.11,-0.43,-0.05,77
POS,0.12,-0.42,-0.06,77
POS,0.11,-0.42,-0.06,78
POS,0.13,-0.44,-0.04,79
POS,0.12,-0.44,-0.04,77
POS,0.12,-0.44,-0.03,78
POS,0.10,-0.42,-0.03,78
POS,0.10,-0.43,-0.02,78
POS,0.10,-0.44,-0.04,81
POS,0.11,-0.45,-0.05,81
POS,0.16,-0.48,-0.03,78
POS,0.14,-0.46,-0.04,79
POS,0.15,-0.47,-0.02,78
POS,0.14,-0.46,-0.02,78
POS,0.17,-0.47,-0.03,77
POS,0.17,-0.47,-0.03,79
POS,0.15,-0.46,-0.04,80
POS,0.14,-0.48,-0.01,83
POS,0.15,-0.47,-0.01,77
POS,0.17,-0.49,-0.02,79
POS,0.13,-0.45,-0.04,82
POS,0.15,-0.45,-0.07,81
POS,0.19,-0.46,-0.06,75
POS,0.15,-0.43,-0.09,85
POS,0.17,-0.45,-0.07,77
POS,0.18,-0.45,-0.08,79
POS,0.17,-0.44,-0.09,80
POS,0.17,-0.45,-0.08,78
POS,0.15,-0.44,-0.09,81
POS,0.14,-0.44,-0.08,78
POS,0.14,-0.41,-0.10,84
POS,0.13,-0.42,-0.10,81
POS,0.12,-0.40,-0.11,81
POS,0.15,-0.44,-0.09,78
POS,0.14,-0.42,-0.11,83
POS,0.12,-0.42,-0.11,84
POS,0.16,-0.43,-0.11,78
POS,0.17,-0.44,-0.12,80
POS,0.18,-0.44,-0.13,81
POS,0.19,-0.44,-0.12,78
POS,0.19,-0.46,-0.12,80
POS,0.18,-0.46,-0.10,79
POS,0.18,-0.46,-0.09,77
POS,0.19,-0.47,-0.08,78
POS,0.17,-0.45,-0.09,82
POS,0.16,-0.47,-0.07,83
POS,0.15,-0.47,-0.07,79
POS,0.14,-0.44,-0.09,81
POS,0.14,-0.44,-0.09,79
POS,0.14,-0.44,-0.08,78
POS,0.16,-0.46,-0.08,80
POS,0.14,-0.44,-0.08,79
POS,0.14,-0.45,-0.08,79
POS,0.15,-0.44,-0.08,76
POS,0.14,-0.43,-0.09,79
POS,0.14,-0.44,-0.07,78
POS,0.13,-0.44,-0.07,80
POS,0.14,-0.43,-0.09,81
POS,0.13,-0.44,-0.08,81
POS,0.15,-0.45,-0.06,77
POS,0.11,-0.41,-0.07,82
POS,0.10,-0.41,-0.07,81
POS,0.13,-0.43,-0.07,78
POS,0.13,-0.42,-0.07,75
POS,0.13,-0.43,-0.07,80
POS,0.14,-0.43,-0.09,81
POS,0.16,-0.45,-0.08,77
POS,0.14,-0.44,-0.09,81
POS,0.14,-0.44,-0.09,79
POS,0.13,-0.44,-0.10,82
POS,0.12,-0.45,-0.08,83
POS,0.15,-0.47,-0.06,78
POS,0.15,-0.45,-0.04,72
POS,0.12,-0.44,-0.06,84
POS,0.11,-0.44,-0.05,79
POS,0.11,-0.44,-0.05,80
POS,0.13,-0.45,-0.08,80
POS,0.14,-0.46,-0.07,79
POS,0.14,-0.44,-0.07,77
POS,0.16,-0.46,-0.06,77
POS,0.16,-0.46,-0.07,79
POS,0.13,-0.44,-0.08,83
POS,0.10,-0.43,-0.09,85
POS,0.10,-0.41,-0.09,78
POS,0.13,-0.44,-0.05,77
POS,0.12,-0.43,-0.04,77
POS,0.14,-0.44,-0.06,80
POS,0.13,-0.43,-0.05,76
POS,0.12,-0.46,-0.02,84
POS,0.10,-0.45,-0.03,80
POS,0.10,-0.43,-0.05,79
POS,0.11,-0.42,-0.06,78
POS,0.13,-0.45,-0.02,78
POS,0.11,-0.43,-0.03,79
POS,0.10,-0.43,-0.03,78
POS,0.14,-0.46,-0.03,79
POS,0.15,-0.45,-0.07,82
POS,0.15,-0.47,-0.08,83
POS,0.13,-0.44,-0.09,80
POS,0.14,-0.44,-0.09,79
POS,0.12,-0.43,-0.10,82
POS,0.12,-0.43,-0.10,79
POS,0.16,-0.45,-0.06,75
POS,0.13,-0.44,-0.04,79
POS,0.15,-0.45,-0.06,79
POS,0.13,-0.46,-0.06,83
POS,0.17,-0.46,-0.08,78
POS,0.16,-0.45,-0.08,78
POS,0.18,-0.47,-0.06,78
POS,0.16,-0.45,-0.07,79
POS,0.13,-0.42,-0.07,80
POS,0.12,-0.41,-0.10,85
POS,0.15,-0.42,-0.11,79
POS,0.13,-0.42,-0.09,79
POS,0.15,-0.42,-0.11,82
POS,0.16,-0.43,-0.11,77
POS,0.16,-0.44,-0.10,78
POS,0.15,-0.43,-0.09,78
POS,0.13,-0.42,-0.08,81
POS,0.15,-0.44,-0.07,76
POS,0.15,-0.44,-0.06,78
POS,0.16,-0.45,-0.06,78
POS,0.14,-0.44,-0.05,76
POS,0.14,-0.44,-0.04,77

POS,0.12,-0.41,-0.06,83
POS,0.09,-0.38,-0.10,95
POS,0.12,-0.41,-0.06,77
POS,0.10,-0.41,-0.05,77
POS,0.13,-0.43,-0.07,81
POS,0.14,-0.43,-0.09,83
POS,0.13,-0.43,-0.07,77
POS,0.14,-0.45,-0.08,80
POS,0.15,-0.43,-0.10,82
POS,0.12,-0.40,-0.11,85
POS,0.14,-0.43,-0.10,78
POS,0.13,-0.42,-0.10,81
POS,0.14,-0.43,-0.11,80
POS,0.14,-0.42,-0.09,78
POS,0.15,-0.43,-0.10,80
POS,0.16,-0.44,-0.10,78
POS,0.13,-0.46,-0.05,83
POS,0.16,-0.47,-0.06,78
POS,0.15,-0.45,-0.08,83
POS,0.15,-0.46,-0.07,79
POS,0.16,-0.46,-0.07,77
POS,0.16,-0.43,-0.10,84
POS,0.18,-0.46,-0.09,78
POS,0.16,-0.44,-0.07,77
POS,0.16,-0.46,-0.08,79
POS,0.15,-0.45,-0.08,78
POS,0.17,-0.46,-0.06,78
POS,0.12,-0.44,-0.05,78
POS,0.14,-0.45,-0.06,78
POS,0.13,-0.44,-0.06,79
POS,0.12,-0.44,-0.07,82
POS,0.10,-0.44,-0.06,81
POS,0.12,-0.45,-0.07,78
POS,0.13,-0.44,-0.09,80
POS,0.14,-0.42,-0.09,77
POS,0.17,-0.44,-0.12,83
POS,0.19,-0.43,-0.14,83
POS,0.17,-0.42,-0.14,81
POS,0.17,-0.43,-0.15,83
POS,0.19,-0.46,-0.12,78
POS,0.16,-0.43,-0.11,80
POS,0.12,-0.41,-0.10,82
POS,0.15,-0.45,-0.06,79
POS,0.14,-0.43,-0.09,84
POS,0.14,-0.44,-0.11,84
POS,0.16,-0.45,-0.11,79
POS,0.13,-0.44,-0.09,77
POS,0.16,-0.45,-0.08,76
POS,0.14,-0.43,-0.10,85
POS,0.12,-0.41,-0.11,83
POS,0.11,-0.41,-0.10,79
POS,0.11,-0.39,-0.12,83
POS,0.12,-0.41,-0.11,79
POS,0.14,-0.43,-0.11,79
POS,0.13,-0.41,-0.11,81
POS,0.15,-0.41,-0.13,81
POS,0.16,-0.41,-0.12,77
POS,0.15,-0.40,-0.13,84
POS,0.17,-0.42,-0.09,76
POS,0.16,-0.42,-0.11,82
POS,0.14,-0.41,-0.11,83
POS,0.18,-0.42,-0.11,76
POS,0.17,-0.42,-0.10,78
POS,0.18,-0.44,-0.09,77
POS,0.15,-0.43,-0.07,77
POS,0.16,-0.42,-0.10,83
POS,0.19,-0.44,-0.09,76
POS,0.21,-0.45,-0.07,75
POS,0.18,-0.44,-0.04,76
POS,0.15,-0.43,-0.03,75
POS,0.12,-0.41,-0.03,76
POS,0.10,-0.41,-0.03,76
POS,0.13,-0.43,-0.04,78
POS,0.11,-0.44,-0.02,81
POS,0.14,-0.46,-0.03,78
POS,0.13,-0.45,-0.02,77
POS,0.11,-0.44,-0.00,78
POS,0.13,-0.46,0.02,78
POS,0.11,-0.45,-0.00,80
POS,0.12,-0.45,-0.03,79
POS,0.12,-0.46,-0.03,83
POS,0.09,-0.45,-0.01,80
POS,0.08,-0.45,-0.02,80
POS,0.12,-0.45,-0.04,76
POS,0.11,-0.44,-0.04,81
POS,0.10,-0.44,-0.04,78
POS,0.09,-0.43,-0.04,79
POS,0.09,-0.42,-0.03,75
POS,0.08,-0.42,-0.02,78
POS,0.08,-0.42,-0.05,84
POS,0.07,-0.42,-0.04,78
POS,0.08,-0.43,-0.03,80
POS,0.08,-0.43,-0.03,79
POS,0.08,-0.42,-0.01,74
POS,0.07,-0.39,-0.04,83
POS,0.07,-0.39,-0.04,77
POS,0.08,-0.41,-0.02,79
POS,0.10,-0.40,-0.07,96
POS,0.10,-0.40,-0.04,76
POS,0.09,-0.41,-0.05,81
POS,0.08,-0.42,-0.02,80
POS,0.08,-0.42,0.00,78
POS,0.09,-0.42,-0.02,79
POS,0.08,-0.42,-0.04,81
POS,0.08,-0.43,-0.03,79
POS,0.09,-0.44,-0.04,80
POS,0.07,-0.42,-0.02,78
POS,0.07,-0.42,0.02,78
POS,0.06,-0.41,0.02,78
POS,0.11,-0.44,0.00,77
POS,0.11,-0.43,0.02,74
POS,0.13,-0.44,-0.01,77
POS,0.12,-0.42,0.00,73
POS,0.11,-0.43,-0.00,79
POS,0.11,-0.42,0.01,74
POS,0.10,-0.42,-0.02,82
POS,0.09,-0.42,-0.02,79
POS,0.09,-0.43,-0.01,78
POS,0.09,-0.43,-0.02,80
POS,0.12,-0.44,-0.03,78
POS,0.11,-0.45,-0.04,80
POS,0.12,-0.45,-0.06,81
POS,0.11,-0.44,-0.03,77
POS,0.09,-0.42,-0.05,80
POS,0.12,-0.44,-0.05,78
POS,0.09,-0.42,-0.02,76
POS,0.12,-0.43,-0.07,83
POS,0.12,-0.44,-0.06,80
POS,0.12,-0.45,-0.06,82
POS,0.11,-0.45,-0.06,82
POS,0.12,-0.46,-0.07,79
POS,0.17,-0.47,-0.07,77
POS,0.14,-0.46,-0.04,80
POS,0.13,-0.45,-0.04,80
POS,0.11,-0.44,-0.06,82
POS,0.12,-0.46,-0.05,81
POS,0.15,-0.45,-0.07,76
POS,0.13,-0.44,-0.06,79
POS,0.12,-0.44,-0.04,77
POS,0.14,-0.46,-0.02,79
POS,0.14,-0.46,-0.03,78
POS,0.13,-0.46,-0.02,80
POS,0.10,-0.45,-0.01,78
POS,0.10,-0.44,-0.03,82
POS,0.10,-0.42,-0.06,84
POS,0.09,-0.41,-0.07,80
POS,0.08,-0.40,-0.08,82
POS,0.10,-0.42,-0.07,79
POS,0.11,-0.43,-0.08,82
POS,0.08,-0.42,-0.07,79
POS,0.07,-0.41,-0.03,75
POS,0.07,-0.42,-0.02,81
POS,0.07,-0.42,-0.02,78
POS,0.10,-0.43,-0.03,77
POS,0.10,-0.43,-0.05,81
POS,0.10,-0.43,-0.04,78
POS,0.13,-0.44,-0.05,77
POS,0.09,-0.43,-0.06,83
POS,0.10,-0.44,-0.06,81
POS,0.10,-0.44,-0.05,79
POS,0.08,-0.42,-0.04,75
POS,0.07,-0.42,-0.03,80
POS,0.07,-0.42,-0.05,83
POS,0.07,-0.41,-0.05,75
POS,0.08,-0.41,-0.03,77
POS,0.11,-0.42,-0.05,78
POS,0.13,-0.44,-0.05,78
POS,0.13,-0.45,-0.05,81
POS,0.12,-0.45,-0.02,79
POS,0.11,-0.43,-0.04,82
POS,0.10,-0.41,-0.07,84
POS,0.11,-0.43,-0.02,79
POS,0.09,-0.42,-0.03,78
POS,0.10,-0.44,0.00,81
POS,0.09,-0.42,-0.01,78
POS,0.07,-0.42,-0.02,79
POS,0.08,-0.44,0.02,84
POS,0.08,-0.44,0.03,78
POS,0.10,-0.45,0.02,79
POS,0.09,-0.45,0.01,80
POS,0.10,-0.45,-0.01,81
POS,0.10,-0.45,0.01,78
POS,0.10,-0.46,0.02,81
POS,0.07,-0.43,0.02,78
POS,0.06,-0.43,0.01,80
POS,0.09,-0.44,-0.01,78
POS,0.08,-0.45,-0.01,82
POS,0.07,-0.45,-0.00,80
POS,0.05,-0.42,-0.00,75
POS,0.05,-0.43,0.02,82
POS,0.10,-0.44,0.00,76
POS,0.10,-0.43,-0.04,84
POS,0.08,-0.41,-0.04,78
POS,0.08,-0.42,-0.01,79
POS,0.12,-0.43,-0.02,76
POS,0.14,-0.45,-0.01,77
POS,0.14,-0.45,-0.00,77
POS,0.11,-0.45,-0.01,80
POS,0.09,-0.45,0.01,83
POS,0.10,-0.45,-0.01,78
POS,0.11,-0.45,-0.03,81
POS,0.14,-0.46,-0.02,75
POS,0.13,-0.45,-0.04,81
POS,0.13,-0.46,-0.00,82
POS,0.13,-0.46,0.01,80
POS,0.11,-0.45,0.02,78
POS,0.09,-0.43,-0.01,81
POS,0.07,-0.42,0.02,79
POS,0.08,-0.42,0.00,79
POS,0.09,-0.43,0.01,80
POS,0.09,-0.44,-0.00,81
POS,0.07,-0.43,-0.01,78
POS,0.07,-0.44,-0.02,82
POS,0.07,-0.42,-0.01,74
POS,0.07,-0.41,-0.01,77
POS,0.06,-0.42,-0.00,79
POS,0.08,-0.42,-0.02,79
POS,0.06,-0.42,0.00,80
POS,0.05,-0.42,0.02,81
POS,0.04,-0.41,-0.00,81
POS,0.08,-0.43,-0.03,80
POS,0.07,-0.44,-0.01,82
POS,0.07,-0.41,-0.03,80
POS,0.06,-0.41,-0.03,79
POS,0.08,-0.43,0.01,79
POS,0.09,-0.43,0.02,76
POS,0.08,-0.41,0.00,77
POS,0.09,-0.43,-0.00,80
POS,0.11,-0.45,-0.01,79
POS,0.09,-0.43,-0.04,85
POS,0.11,-0.45,-0.04,80
POS,0.10,-0.44,-0.01,78
POS,0.11,-0.45,-0.02,80
POS,0.10,-0.46,-0.01,81
POS,0.13,-0.45,-0.04,79
POS,0.14,-0.46,-0.04,79
POS,0.13,-0.46,-0.04,81
POS,0.10,-0.44,-0.01,76
POS,0.08,-0.42,0.01,79
POS,0.09,-0.43,-0.01,79
POS,0.08,-0.43,-0.01,79
POS,0.06,-0.42,-0.01,79
POS,0.06,-0.42,-0.02,80
POS,0.05,-0.42,-0.02,78
POS,0.07,-0.42,-0.04,81
POS,0.08,-0.41,-0.07,84
POS,0.10,-0.42,-0.08,81
POS,0.09,-0.43,-0.07,79
POS,0.07,-0.42,-0.05,80
POS,0.08,-0.41,-0.07,83
POS,0.09,-0.41,-0.09,82
POS,0.10,-0.43,-0.08,80
POS,0.10,-0.44,-0.05,80
POS,0.10,-0.44,-0.06,81
POS,0.10,-0.45,-0.04,82
POS,0.08,-0.43,-0.06,84
POS,0.08,-0.43,-0.06,81
POS,0.08,-0.44,-0.03,80
POS,0.09,-0.44,-0.04,82
POS,0.11,-0.45,-0.05,77
POS,0.12,-0.45,-0.03,79
POS,0.12,-0.45,-0.06,82
POS,0.13,-0.45,-0.06,79
POS,0.10,-0.44,-0.03,80
POS,0.09,-0.44,-0.03,80
POS,0.11,-0.45,-0.02,79
POS,0.14,-0.46,-0.02,75
POS,0.14,-0.46,-0.03,79
POS,0.15,-0.47,-0.05,80
POS,0.13,-0.47,-0.05,82
POS,0.16,-0.47,-0.03,75
POS,0.15,-0.47,-0.04,80
POS,0.13,-0.47,-0.02,80
POS,0.13,-0.47,-0.00,79
POS,0.11,-0.45,-0.02,80
POS,0.11,-0.44,0.00,74
POS,0.14,-0.44,-0.01,75
POS,0.12,-0.43,0.00,74
POS,0.12,-0.44,-0.01,80
POS,0.11,-0.42,0.02,76
POS,0.11,-0.43,0.01,76
POS,0.10,-0.43,-0.01,84
POS,0.11,-0.38,-0.09,91
POS,0.10,-0.40,-0.07,80
POS,0.10,-0.41,-0.05,78
POS,0.10,-0.41,-0.08,85
POS,0.09,-0.43,-0.05,82
POS,0.09,-0.40,-0.09,86
POS,0.09,-0.39,-0.07,71
POS,0.11,-0.42,-0.07,79
POS,0.11,-0.42,-0.05,75
POS,0.11,-0.42,-0.06,80
POS,0.10,-0.43,-0.04,78
POS,0.13,-0.43,-0.06,80
POS,0.11,-0.43,-0.04,79
POS,0.14,-0.44,-0.06,77
POS,0.12,-0.44,-0.04,79
POS,0.11,-0.44,-0.01,80
POS,0.10,-0.43,0.00,74
POS,0.08,-0.41,-0.02,81
POS,0.11,-0.42,-0.04,79
POS,0.10,-0.43,-0.01,79
POS,0.12,-0.45,-0.01,80
POS,0.14,-0.46,-0.01,76
POS,0.14,-0.46,-0.03,81
POS,0.13,-0.45,-0.01,77
POS,0.11,-0.46,0.00,82
POS,0.09,-0.45,0.03,80
POS,0.09,-0.45,0.01,79
POS,0.07,-0.44,0.02,79
POS,0.06,-0.44,0.03,81
POS,0.07,-0.44,0.03,77
POS,0.05,-0.42,-0.01,86
POS,0.04,-0.41,-0.02,80
POS,0.03,-0.41,-0.03,80
POS,0.02,-0.39,-0.02,77
POS,0.04,-0.40,-0.02,79
POS,0.06,-0.41,-0.01,78
POS,0.06,-0.41,-0.01,76
POS,0.06,-0.42,0.01,78
POS,0.07,-0.43,0.02,80
POS,0.09,-0.45,-0.01,82
POS,0.06,-0.43,-0.01,80
POS,0.05,-0.43,-0.02,81
POS,0.06,-0.42,-0.03,80
POS,0.06,-0.41,-0.03,74
POS,0.06,-0.43,-0.04,83
POS,0.07,-0.42,-0.04,79
POS,0.07,-0.41,-0.05,78
POS,0.07,-0.41,-0.07,83
POS,0.07,-0.42,-0.07,81
POS,0.07,-0.42,-0.07,80
POS,0.06,-0.40,-0.05,76
POS,0.06,-0.40,-0.03,76
POS,0.05,-0.41,-0.03,82
POS,0.04,-0.40,-0.06,86
POS,0.04,-0.38,-0.07,80
POS,0.06,-0.42,-0.05,82
POS,0.07,-0.41,-0.02,76
POS,0.09,-0.40,-0.07,86
POS,0.08,-0.40,-0.07,80
POS,0.07,-0.39,-0.08,84
POS,0.06,-0.40,-0.05,81

POS,0.05,-0.39,-0.05,77
POS,0.04,-0.39,-0.04,78
POS,0.10,-0.41,-0.06,79
POS,0.08,-0.41,-0.09,86
POS,0.07,-0.41,-0.05,80
POS,0.07,-0.42,-0.05,78
POS,0.07,-0.42,-0.04,78
POS,0.09,-0.44,-0.03,80
POS,0.09,-0.43,-0.04,81
POS,0.09,-0.44,-0.05,81
POS,0.07,-0.41,-0.05,77
POS,0.05,-0.41,-0.05,80
POS,0.07,-0.42,-0.04,78
POS,0.07,-0.41,-0.02,75
POS,0.08,-0.42,0.00,79
POS,0.09,-0.43,-0.02,80
POS,0.10,-0.44,-0.02,81
POS,0.13,-0.45,-0.05,80
POS,0.09,-0.43,-0.04,79
POS,0.09,-0.42,-0.07,85
POS,0.10,-0.44,-0.05,81
POS,0.09,-0.42,-0.05,77
POS,0.09,-0.42,-0.05,79
POS,0.13,-0.45,-0.03,80
POS,0.13,-0.45,-0.04,78
POS,0.11,-0.43,-0.07,84
POS,0.13,-0.44,-0.07,78
POS,0.13,-0.44,-0.06,80
POS,0.10,-0.42,-0.04,76
POS,0.13,-0.42,-0.06,76
POS,0.17,-0.44,-0.04,74
POS,0.15,-0.43,-0.02,76
POS,0.12,-0.42,-0.02,76
POS,0.10,-0.40,-0.01,75
POS,0.11,-0.42,-0.01,80
POS,0.12,-0.43,-0.03,79
POS,0.11,-0.44,-0.02,80
POS,0.16,-0.45,-0.02,74
POS,0.12,-0.43,-0.03,78
POS,0.10,-0.41,-0.06,84
POS,0.15,-0.44,-0.03,76
POS,0.14,-0.44,-0.04,80
POS,0.14,-0.45,-0.01,79
POS,0.12,-0.45,-0.02,80
POS,0.11,-0.43,-0.05,83
POS,0.10,-0.41,-0.07,84
POS,0.08,-0.39,-0.07,77
POS,0.10,-0.41,-0.05,79
POS,0.09,-0.41,-0.03,77
POS,0.09,-0.41,-0.03,77
POS,0.08,-0.40,-0.03,77
POS,0.10,-0.43,-0.03,80
POS,0.10,-0.44,-0.01,81
POS,0.10,-0.42,-0.02,73
POS,0.11,-0.42,-0.01,74
POS,0.10,-0.42,-0.02,82
POS,0.10,-0.42,-0.03,78
POS,0.10,-0.43,-0.01,78
POS,0.09,-0.42,-0.01,77
POS,0.07,-0.42,-0.02,80
POS,0.10,-0.44,-0.01,80
POS,0.12,-0.43,-0.06,86
POS,0.10,-0.41,-0.07,80
POS,0.09,-0.41,-0.04,78
POS,0.11,-0.44,-0.04,80
POS,0.10,-0.44,-0.06,82
POS,0.09,-0.43,-0.05,77
POS,0.08,-0.42,-0.03,76
POS,0.09,-0.42,-0.01,77
POS,0.12,-0.45,-0.02,78
POS,0.12,-0.43,-0.02,72
POS,0.10,-0.42,-0.02,75
POS,0.13,-0.43,-0.03,78
POS,0.11,-0.43,-0.03,79
POS,0.09,-0.43,-0.03,80
POS,0.09,-0.44,0.00,79
POS,0.07,-0.43,-0.01,81
POS,0.09,-0.43,-0.03,80
POS,0.07,-0.43,-0.02,77
POS,0.08,-0.43,-0.04,80
POS,0.09,-0.44,-0.05,82
POS,0.11,-0.45,-0.06,79
POS,0.10,-0.46,-0.03,82
POS,0.09,-0.44,-0.03,76
POS,0.09,-0.43,-0.06,83
POS,0.09,-0.43,-0.08,82
POS,0.09,-0.44,-0.08,82
POS,0.10,-0.44,-0.08,81
POS,0.10,-0.44,-0.07,79
POS,0.11,-0.45,-0.06,80
POS,0.09,-0.44,-0.05,78
POS,0.08,-0.42,-0.05,80
POS,0.11,-0.45,-0.04,80
POS,0.09,-0.44,-0.02,78
POS,0.07,-0.43,-0.01,80
POS,0.07,-0.43,-0.02,79
POS,0.08,-0.44,-0.01,80
POS,0.07,-0.41,-0.04,83
POS,0.11,-0.41,-0.07,80
POS,0.11,-0.42,-0.02,78
POS,0.10,-0.42,-0.02,78
POS,0.10,-0.42,-0.03,81
POS,0.07,-0.42,0.00,82
POS,0.08,-0.42,-0.04,84
POS,0.07,-0.42,-0.03,78
POS,0.06,-0.42,-0.04,82
POS,0.06,-0.42,-0.03,79
POS,0.10,-0.45,-0.00,78
POS,0.12,-0.46,-0.02,77
POS,0.11,-0.44,-0.01,75
POS,0.11,-0.45,-0.03,82
POS,0.12,-0.44,-0.06,82
POS,0.12,-0.44,-0.07,78
POS,0.13,-0.45,-0.06,80
POS,0.12,-0.45,-0.03,79
POS,0.10,-0.41,-0.07,87
POS,0.10,-0.42,-0.07,81
POS,0.12,-0.43,-0.06,78
POS,0.09,-0.41,-0.04,74
POS,0.09,-0.41,-0.03,78
POS,0.09,-0.42,-0.02,80
POS,0.12,-0.45,-0.03,79
POS,0.13,-0.47,-0.00,81
POS,0.12,-0.45,-0.00,72
POS,0.10,-0.42,-0.02,79
POS,0.12,-0.42,-0.06,82
POS,0.11,-0.44,-0.03,83
POS,0.10,-0.44,-0.01,78
POS,0.08,-0.43,-0.02,80
POS,0.09,-0.44,-0.03,79
POS,0.08,-0.44,-0.01,79
POS,0.08,-0.42,-0.03,81
POS,0.09,-0.42,-0.02,75
POS,0.10,-0.43,-0.00,78
POS,0.14,-0.45,0.00,76
POS,0.12,-0.44,-0.00,78
POS,0.11,-0.45,0.00,80
POS,0.11,-0.44,-0.01,80
POS,0.10,-0.43,0.00,76
POS,0.09,-0.43,0.00,77
POS,0.09,-0.43,-0.01,78
POS,0.08,-0.42,-0.01,75
POS,0.06,-0.21,0.02,87
POS,0.08,-0.28,0.01,79
POS,0.09,-0.32,0.00,80
POS,0.10,-0.36,0.02,79
POS,0.10,-0.36,-0.02,83
POS,0.12,-0.39,-0.01,78
POS,0.12,-0.39,0.00,74
POS,0.12,-0.40,0.01,76
POS,0.12,-0.42,0.01,81
POS,0.11,-0.42,-0.01,82
POS,0.08,-0.39,-0.03,82
POS,0.09,-0.41,-0.02,78
POS,0.10,-0.42,-0.03,79
POS,0.09,-0.41,-0.03,77
POS,0.11,-0.43,-0.03,78
POS,0.09,-0.41,-0.04,80
POS,0.14,-0.43,-0.03,73
POS,0.14,-0.45,-0.01,80
POS,0.15,-0.45,-0.02,77
POS,0.13,-0.45,-0.01,80
POS,0.11,-0.44,0.01,77

POS,0.09,-0.44,0.02,80
POS,0.08,-0.44,0.02,80
POS,0.09,-0.43,0.03,74
POS,0.06,-0.41,0.03,79
POS,0.05,-0.42,0.02,81
POS,0.06,-0.43,-0.01,81
POS,0.09,-0.44,-0.02,78
POS,0.09,-0.43,-0.01,75
POS,0.06,-0.41,-0.01,77
POS,0.06,-0.39,-0.02,76
POS,0.06,-0.38,-0.02,74
POS,0.05,-0.39,-0.03,82
POS,0.07,-0.41,-0.04,81
POS,0.07,-0.40,-0.02,75
POS,0.07,-0.40,-0.01,76
POS,0.06,-0.39,-0.04,81
POS,0.13,-0.41,-0.04,75
POS,0.14,-0.43,-0.02,80
POS,0.12,-0.42,-0.03,79
POS,0.16,-0.42,-0.07,80
POS,0.14,-0.42,-0.09,84
POS,0.13,-0.42,-0.06,76
POS,0.13,-0.44,-0.05,82
POS,0.12,-0.43,-0.05,80
POS,0.10,-0.42,-0.03,75
POS,0.09,-0.42,-0.03,79
POS,0.10,-0.41,-0.06,83
POS,0.09,-0.40,-0.09,86
POS,0.10,-0.40,-0.07,76
POS,0.11,-0.42,-0.08,80
POS,0.10,-0.42,-0.07,79
POS,0.11,-0.44,-0.05,80
POS,0.12,-0.45,-0.06,79
POS,0.12,-0.45,-0.03,81
POS,0.12,-0.46,-0.03,80
POS,0.11,-0.46,-0.04,82
POS,0.10,-0.45,-0.03,79
POS,0.10,-0.44,-0.05,80
POS,0.09,-0.43,-0.01,78
POS,0.09,-0.43,-0.04,83
POS,0.09,-0.43,-0.06,81
POS,0.10,-0.44,-0.03,79
POS,0.08,-0.43,-0.05,82
POS,0.09,-0.43,-0.03,77
POS,0.08,-0.42,-0.05,83
POS,0.07,-0.43,-0.04,80
POS,0.06,-0.43,-0.02,80
POS,0.06,-0.42,-0.01,77
POS,0.04,-0.42,-0.01,80
POS,0.06,-0.42,-0.02,80
POS,0.08,-0.43,-0.04,80
POS,0.07,-0.42,-0.03,78
POS,0.08,-0.43,-0.03,80
POS,0.08,-0.43,-0.02,77
POS,0.09,-0.42,-0.02,77
POS,0.08,-0.44,0.01,83
POS,0.07,-0.43,0.02,77
POS,0.07,-0.43,0.01,79
POS,0.08,-0.42,0.00,76
POS,0.08,-0.44,0.02,82
POS,0.09,-0.45,0.03,80
POS,0.07,-0.44,0.02,79
POS,0.09,-0.44,-0.02,83
POS,0.10,-0.45,-0.02,82
POS,0.09,-0.45,-0.01,78
POS,0.09,-0.44,-0.02,80
POS,0.08,-0.44,0.00,80
POS,0.12,-0.45,-0.03,78
POS,0.11,-0.45,-0.01,78
POS,0.08,-0.43,-0.02,78
POS,0.08,-0.41,-0.04,80
POS,0.08,-0.41,-0.06,83
POS,0.09,-0.42,-0.07,81
POS,0.10,-0.45,-0.06,82
POS,0.10,-0.46,-0.05,81
POS,0.09,-0.44,-0.06,81
POS,0.09,-0.43,-0.09,86
POS,0.07,-0.41,-0.06,76
POS,0.08,-0.41,-0.05,74
POS,0.07,-0.41,-0.02,78
POS,0.07,-0.41,-0.01,79
POS,0.08,-0.42,-0.02,81
POS,0.08,-0.41,-0.01,72
POS,0.10,-0.44,-0.00,80
POS,0.13,-0.46,0.02,79
POS,0.11,-0.46,0.01,80
POS,0.10,-0.45,0.00,79
POS,0.09,-0.43,-0.02,80
POS,0.09,-0.41,-0.02,73
POS,0.09,-0.41,-0.06,86
POS,0.11,-0.41,-0.09,83
POS,0.12,-0.43,-0.11,83
POS,0.11,-0.44,-0.10,82
POS,0.12,-0.44,-0.06,79
POS,0.12,-0.45,-0.04,79
POS,0.11,-0.45,-0.02,81
POS,0.12,-0.46,-0.01,81
POS,0.12,-0.46,-0.03,80
POS,0.09,-0.44,-0.04,82
POS,0.11,-0.46,-0.04,79
POS,0.12,-0.47,-0.03,81
POS,0.09,-0.49,-0.02,99
POS,0.12,-0.50,-0.02,81
POS,0.14,-0.51,-0.02,80
POS,0.13,-0.48,-0.03,78
POS,0.11,-0.47,-0.01,79
POS,0.10,-0.46,-0.01,78
POS,0.08,-0.44,-0.03,80
POS,0.09,-0.44,-0.03,80
POS,0.11,-0.45,-0.01,79
POS,0.13,-0.47,-0.00,78
POS,0.12,-0.45,0.01,76
POS,0.12,-0.45,-0.01,79
POS,0.12,-0.46,-0.03,80
POS,0.13,-0.46,-0.05,82
POS,0.10,-0.45,-0.04,80
POS,0.08,-0.43,-0.04,76
POS,0.09,-0.43,-0.06,81
POS,0.08,-0.43,-0.04,78
POS,0.07,-0.42,-0.02,78
POS,0.06,-0.42,-0.03,81
POS,0.09,-0.40,-0.07,81
POS,0.11,-0.44,-0.05,81
POS,0.11,-0.43,-0.03,76
POS,0.09,-0.42,-0.02,77
POS,0.12,-0.44,0.00,78
POS,0.09,-0.42,0.01,77
POS,0.08,-0.43,-0.01,82
POS,0.09,-0.44,0.01,82
POS,0.08,-0.43,-0.03,83
POS,0.09,-0.43,-0.05,81
POS,0.10,-0.43,-0.06,78
POS,0.10,-0.43,-0.06,80
POS,0.12,-0.44,-0.06,79
POS,0.13,-0.46,-0.03,79
POS,0.17,-0.46,-0.06,79
POS,0.15,-0.46,-0.06,81
POS,0.12,-0.44,-0.07,81
POS,0.11,-0.45,-0.04,81
POS,0.11,-0.46,-0.04,83
POS,0.12,-0.46,-0.03,77
POS,0.10,-0.44,-0.04,79
POS,0.12,-0.44,-0.06,81
POS,0.14,-0.43,-0.08,78
POS,0.12,-0.42,-0.08,81
POS,0.11,-0.42,-0.06,74
POS,0.10,-0.40,-0.07,80
POS,0.10,-0.41,-0.05,76
POS,0.10,-0.41,-0.03,77
POS,0.09,-0.43,0.01,84
POS,0.12,-0.46,-0.01,79
POS,0.09,-0.43,-0.04,84
POS,0.14,-0.45,-0.04,77
POS,0.11,-0.42,-0.04,77
POS,0.10,-0.42,-0.04,78
POS,0.10,-0.40,-0.07,83
POS,0.07,-0.40,-0.06,80
POS,0.10,-0.43,-0.02,79
POS,0.11,-0.44,-0.03,78
POS,0.08,-0.42,-0.02,79
POS,0.09,-0.43,-0.00,78
POS,0.10,-0.43,-0.03,81
POS,0.10,-0.43,-0.02,75
POS,0.12,-0.44,-0.04,78
POS,0.10,-0.43,-0.02,79
POS,0.08,-0.42,-0.02,78
POS,0.08,-0.43,-0.01,80
POS,0.09,-0.42,-0.04,81
POS,0.09,-0.43,-0.02,79
POS,0.08,-0.43,-0.01,80
POS,0.08,-0.44,-0.00,79
POS,0.07,-0.43,0.00,80
POS,0.07,-0.42,-0.01,78
POS,0.11,-0.44,-0.03,79
POS,0.11,-0.44,-0.04,82
POS,0.10,-0.45,-0.01,82
POS,0.11,-0.47,0.00,80
POS,0.13,-0.48,0.00,79
POS,0.11,-0.47,0.03,81
POS,0.10,-0.44,-0.01,82
POS,0.12,-0.45,-0.03,77
POS,0.11,-0.44,-0.06,83
POS,0.08,-0.40,-0.05,80
POS,0.09,-0.42,-0.05,80
POS,0.08,-0.43,-0.03,80
POS,0.07,-0.41,-0.03,78
POS,0.06,-0.41,-0.05,83
POS,0.07,-0.42,-0.03,80
POS,0.07,-0.42,-0.02,78
POS,0.08,-0.43,0.01,81
POS,0.08,-0.44,-0.02,82
POS,0.08,-0.43,-0.02,78
POS,0.08,-0.43,-0.02,78
POS,0.08,-0.42,-0.04,82
POS,0.08,-0.42,-0.03,78
POS,0.11,-0.40,-0.10,92
POS,0.11,-0.42,-0.09,82
POS,0.10,-0.41,-0.10,81
POS,0.14,-0.44,-0.10,79
POS,0.13,-0.45,-0.07,83
POS,0.13,-0.46,-0.06,81
POS,0.12,-0.46,-0.06,80
POS,0.10,-0.45,-0.04,79
POS,0.12,-0.46,-0.05,77
POS,0.11,-0.45,-0.03,79
POS,0.10,-0.43,-0.03,74
POS,0.10,-0.43,-0.03,78
POS,0.08,-0.42,-0.02,78
POS,0.10,-0.43,-0.02,77
POS,0.09,-0.40,-0.06,85
POS,0.12,-0.42,-0.04,75
POS,0.13,-0.43,-0.06,79
POS,0.13,-0.45,-0.03,81
POS,0.15,-0.46,-0.02,78
POS,0.11,-0.44,-0.00,80
POS,0.11,-0.43,0.00,75
POS,0.10,-0.44,-0.02,82
POS,0.13,-0.45,-0.03,78
POS,0.17,-0.45,-0.08,82
POS,0.13,-0.43,-0.07,80
POS,0.11,-0.43,-0.05,77
POS,0.10,-0.42,-0.02,77
POS,0.10,-0.43,-0.01,80
POS,0.12,-0.45,-0.01,79
POS,0.12,-0.46,-0.01,81
POS,0.11,-0.44,-0.05,84
POS,0.10,-0.43,-0.05,79
POS,0.10,-0.44,-0.04,81
POS,0.10,-0.43,-0.06,82
POS,0.11,-0.43,-0.08,82
POS,0.13,-0.45,-0.04,80
POS,0.12,-0.45,-0.02,78
POS,0.10,-0.44,-0.00,77
POS,0.10,-0.43,-0.00,76
POS,0.10,-0.42,-0.03,80
POS,0.10,-0.42,-0.00,77
POS,0.09,-0.43,-0.03,83
POS,0.11,-0.45,-0.01,80
POS,0.11,-0.44,-0.01,76
POS,0.12,-0.46,-0.02,79
POS,0.14,-0.46,-0.00,77
POS,0.12,-0.45,-0.00,75
POS,0.14,-0.43,-0.04,79
POS,0.13,-0.45,-0.02,82
POS,0.13,-0.45,0.00,78
POS,0.15,-0.46,-0.00,78
POS,0.15,-0.46,-0.02,80
POS,0.13,-0.45,-0.05,84
POS,0.11,-0.43,-0.03,75
POS,0.10,-0.44,-0.01,82
POS,0.10,-0.44,0.01,76
POS,0.11,-0.44,-0.01,81
POS,0.09,-0.44,0.00,80
POS,0.09,-0.43,-0.03,82
POS,0.08,-0.44,-0.00,82
POS,0.08,-0.43,-0.00,76
POS,0.07,-0.43,-0.00,78
POS,0.09,-0.43,-0.04,83
POS,0.10,-0.43,-0.01,79
POS,0.10,-0.43,-0.04,82
POS,0.10,-0.43,-0.06,82
POS,0.09,-0.41,-0.06,78
POS,0.10,-0.42,-0.02,79
POS,0.12,-0.44,0.00,80
POS,0.11,-0.45,0.01,82
POS,0.13,-0.44,-0.05,85
POS,0.11,-0.41,-0.04,73
POS,0.11,-0.42,-0.04,80
POS,0.10,-0.42,-0.04,79
POS,0.10,-0.42,-0.04,75
POS,0.11,-0.44,-0.03,80
POS,0.11,-0.43,-0.06,83
POS,0.11,-0.43,-0.07,82
POS,0.13,-0.45,-0.05,78
POS,0.19,-0.49,-0.01,96
POS,0.16,-0.47,-0.01,76
POS,0.14,-0.44,-0.05,83
POS,0.12,-0.44,-0.05,80
POS,0.11,-0.42,-0.06,80
POS,0.12,-0.43,-0.07,81
POS,0.13,-0.44,-0.05,78
POS,0.11,-0.43,-0.05,78
POS,0.14,-0.45,-0.03,77
POS,0.12,-0.43,-0.06,83
POS,0.12,-0.43,-0.06,81
POS,0.10,-0.41,-0.06,77
POS,0.11,-0.42,-0.06,78
POS,0.12,-0.44,-0.04,80
POS,0.11,-0.44,-0.03,78
POS,0.12,-0.45,-0.03,80
POS,0.12,-0.45,-0.05,80
POS,0.10,-0.43,-0.02,76
POS,0.09,-0.43,-0.00,78
POS,0.09,-0.41,-0.05,84
POS,0.09,-0.43,-0.02,82
POS,0.11,-0.45,-0.03,80
POS,0.09,-0.44,-0.04,82
POS,0.07,-0.41,-0.04,76
POS,0.06,-0.40,-0.04,78
POS,0.07,-0.42,-0.05,81
POS,0.08,-0.43,-0.02,81
POS,0.08,-0.43,-0.03,81
POS,0.06,-0.41,-0.03,77
POS,0.08,-0.42,-0.02,79
POS,0.08,-0.43,-0.01,78
POS,0.06,-0.41,-0.03,84
POS,0.06,-0.42,-0.02,81
POS,0.10,-0.45,-0.02,79
POS,0.10,-0.44,-0.02,78
POS,0.11,-0.45,-0.02,81
POS,0.10,-0.44,0.01,76
POS,0.11,-0.43,-0.03,82
POS,0.08,-0.43,-0.02,81
POS,0.10,-0.44,-0.05,81
POS,0.08,-0.43,-0.04,80
POS,0.11,-0.46,-0.03,79
POS,0.10,-0.44,-0.04,82
POS,0.08,-0.44,-0.03,80
POS,0.06,-0.43,-0.01,79
POS,0.07,-0.43,-0.04,83
POS,0.07,-0.43,-0.04,80
POS,0.07,-0.44,-0.04,79
POS,0.08,-0.42,-0.08,87
POS,0.06,-0.42,-0.04,81
POS,0.07,-0.44,-0.02,81
POS,0.08,-0.43,-0.02,77
POS,0.08,-0.42,-0.01,73
POS,0.08,-0.42,-0.02,78
POS,0.08,-0.42,-0.01,77
POS,0.09,-0.43,-0.04,81
POS,0.07,-0.42,-0.04,81
POS,0.06,-0.41,-0.03,78
POS,0.09,-0.41,-0.06,80
POS,0.07,-0.40,-0.04,78
POS,0.10,-0.42,-0.08,85
POS,0.12,-0.44,-0.04,80
POS,0.10,-0.43,-0.04,80
POS,0.10,-0.44,-0.03,81
POS,0.11,-0.46,-0.01,80
POS,0.09,-0.44,-0.01,78
POS,0.08,-0.44,0.00,80
POS,0.09,-0.44,-0.03,83
POS,0.10,-0.45,-0.03,80
POS,0.11,-0.45,-0.05,80
POS,0.10,-0.45,-0.03,79
POS,0.09,-0.43,-0.04,80
POS,0.11,-0.44,-0.04,77
POS,0.12,-0.45,-0.05,80
POS,0.16,-0.46,-0.06,76
POS,0.16,-0.43,-0.11,95
POS,0.14,-0.42,-0.09,77
POS,0.14,-0.45,-0.05,81
POS,0.16,-0.46,-0.05,77
POS,0.17,-0.47,-0.06,78
POS,0.14,-0.44,-0.06,81
POS,0.12,-0.44,-0.07,81
POS,0.18,-0.46,-0.06,75
POS,0.18,-0.47,-0.04,80
POS,0.19,-0.46,-0.06,79
POS,0.17,-0.47,-0.06,80
POS,0.17,-0.48,-0.02,81
POS,0.15,-0.45,-0.03,77
POS,0.14,-0.45,-0.02,79
POS,0.13,-0.45,-0.00,79
POS,0.11,-0.43,-0.04,85
POS,0.10,-0.42,-0.01,77
POS,0.10,-0.44,-0.02,82
POS,0.10,-0.43,-0.02,75
POS,0.09,-0.43,-0.02,79
POS,0.12,-0.45,0.00,79
POS,0.12,-0.46,0.01,80
POS,0.11,-0.44,-0.03,84
POS,0.14,-0.43,-0.09,93
POS,0.13,-0.44,-0.06,82
POS,0.11,-0.45,-0.04,81
POS,0.12,-0.45,-0.02,79
POS,0.12,-0.44,-0.04,76
POS,0.15,-0.46,-0.04,77
POS,0.14,-0.45,-0.06,81
POS,0.14,-0.46,-0.03,81
POS,0.13,-0.45,-0.02,74
POS,0.11,-0.45,-0.02,79
POS,0.13,-0.46,0.02,78
POS,0.11,-0.44,0.02,77
POS,0.11,-0.45,0.02,80
POS,0.09,-0.44,0.00,80
POS,0.06,-0.42,-0.03,84
POS,0.06,-0.41,-0.02,76
POS,0.08,-0.42,-0.02,76
POS,0.09,-0.44,-0.02,82
POS,0.08,-0.43,-0.01,77
POS,0.08,-0.43,-0.01,79
POS,0.07,-0.42,-0.03,81
POS,0.07,-0.42,-0.02,78
POS,0.07,-0.42,-0.01,79
POS,0.05,-0.41,-0.03,80
POS,0.05,-0.40,-0.03,78
POS,0.06,-0.39,-0.08,87
POS,0.06,-0.39,-0.05,78
POS,0.05,-0.40,-0.05,81
POS,0.06,-0.40,-0.02,74
POS,0.08,-0.41,-0.04,81
POS,0.10,-0.43,-0.07,83
POS,0.11,-0.43,-0.05,75
POS,0.12,-0.37,-0.12,90
POS,0.13,-0.38,-0.13,81
POS,0.13,-0.41,-0.11,81
POS,0.11,-0.40,-0.09,76
POS,0.11,-0.41,-0.10,82
POS,0.13,-0.44,-0.09,78
POS,0.12,-0.45,-0.06,83
POS,0.12,-0.44,-0.08,82
POS,0.12,-0.45,-0.08,79
POS,0.09,-0.43,-0.05,79
POS,0.11,-0.45,-0.02,81
POS,0.10,-0.45,-0.00,79
POS,0.08,-0.43,-0.01,78
POS,0.10,-0.45,-0.02,80
POS,0.09,-0.44,-0.03,80
POS,0.09,-0.44,-0.01,78
POS,0.15,-0.45,-0.01,74
POS,0.12,-0.44,0.01,77
POS,0.12,-0.44,-0.02,82
POS,0.10,-0.43,-0.01,76
POS,0.08,-0.42,-0.01,77
POS,0.08,-0.40,-0.05,84
POS,0.10,-0.35,-0.13,89
POS,0.13,-0.38,-0.11,76
POS,0.14,-0.41,-0.09,78
POS,0.13,-0.41,-0.08,81
POS,0.15,-0.43,-0.08,76
POS,0.13,-0.41,-0.09,82
POS,0.15,-0.42,-0.12,85
POS,0.13,-0.40,-0.13,84
POS,0.11,-0.42,-0.09,82
POS,0.09,-0.42,-0.08,80
POS,0.09,-0.41,-0.10,85
POS,0.08,-0.41,-0.09,80
POS,0.10,-0.44,-0.05,80
POS,0.09,-0.44,-0.05,79
POS,0.10,-0.43,-0.06,79
POS,0.11,-0.44,-0.05,79
POS,0.11,-0.42,-0.08,83
POS,0.09,-0.41,-0.06,78
POS,0.09,-0.42,-0.07,80
POS,0.11,-0.44,-0.05,79
POS,0.09,-0.42,-0.08,86
POS,0.10,-0.44,-0.07,81
POS,0.15,-0.45,-0.07,76
POS,0.14,-0.44,-0.04,77
POS,0.11,-0.42,-0.03,77
POS,0.14,-0.44,-0.05,78
POS,0.10,-0.42,-0.05,81
POS,0.12,-0.44,-0.02,79
POS,0.11,-0.45,-0.00,81
POS,0.11,-0.45,-0.02,80
POS,0.10,-0.46,-0.00,82
POS,0.11,-0.47,-0.01,79
POS,0.10,-0.45,-0.01,77
POS,0.11,-0.45,0.02,78
POS,0.12,-0.42,-0.03,83
POS,0.09,-0.41,-0.04,81
POS,0.11,-0.43,-0.07,83
POS,0.09,-0.42,-0.07,81
POS,0.12,-0.43,-0.08,79
POS,0.11,-0.43,-0.08,80
POS,0.10,-0.43,-0.07,81
POS,0.12,-0.43,-0.10,85
POS,0.11,-0.44,-0.08,78
POS,0.12,-0.45,-0.07,80
POS,0.13,-0.46,-0.06,80
POS,0.11,-0.44,-0.07,82
POS,0.11,-0.44,-0.06,76
POS,0.12,-0.44,-0.07,80
POS,0.13,-0.44,-0.04,76
POS,0.12,-0.44,-0.04,80
POS,0.11,-0.43,-0.06,81
POS,0.09,-0.41,-0.04,76
POS,0.10,-0.41,-0.06,82
POS,0.08,-0.41,-0.07,84
POS,0.09,-0.41,-0.06,74
POS,0.13,-0.43,-0.04,76
POS,0.11,-0.42,-0.04,76
POS,0.09,-0.42,-0.01,81
POS,0.10,-0.43,-0.05,83
POS,0.08,-0.41,-0.05,79
POS,0.10,-0.43,-0.03,80
POS,0.12,-0.44,-0.02,77
POS,0.10,-0.43,-0.03,80
POS,0.10,-0.43,-0.02,79
POS,0.09,-0.43,-0.03,81
POS,0.09,-0.43,-0.03,78
POS,0.09,-0.42,-0.05,81
POS,0.09,-0.42,-0.06,82
POS,0.11,-0.43,-0.05,76
POS,0.13,-0.44,-0.06,78
POS,0.10,-0.42,-0.04,78
POS,0.08,-0.42,-0.04,79
POS,0.08,-0.41,-0.02,74
POS,0.08,-0.41,-0.04,82
POS,0.11,-0.43,-0.00,78
POS,0.11,-0.43,-0.03,81
POS,0.10,-0.42,-0.04,79
POS,0.09,-0.41,-0.06,82
POS,0.09,-0.42,-0.04,78
POS,0.10,-0.43,-0.01,82
POS,0.10,-0.42,-0.03,80
POS,0.09,-0.42,-0.04,80
POS,0.10,-0.43,-0.05,81
POS,0.12,-0.43,-0.07,79
POS,0.15,-0.44,-0.05,74
POS,0.14,-0.44,-0.03,74
POS,0.14,-0.45,-0.02,81
POS,0.12,-0.45,-0.01,78
POS,0.14,-0.46,0.02,79
POS,0.13,-0.45,0.01,78
POS,0.13,-0.45,-0.01,79
POS,0.13,-0.45,-0.04,80
POS,0.11,-0.43,-0.06,83
POS,0.12,-0.45,-0.03,80
POS,0.12,-0.44,-0.04,78
POS,0.14,-0.45,-0.06,78
POS,0.14,-0.43,-0.09,84
POS,0.12,-0.41,-0.06,73
POS,0.11,-0.42,-0.03,78
POS,0.11,-0.41,-0.07,84
POS,0.12,-0.41,-0.07,78
POS,0.10,-0.42,-0.03,81
POS,0.10,-0.41,-0.03,73
POS,0.10,-0.43,0.00,81
POS,0.09,-0.42,-0.00,77
POS,0.10,-0.44,-0.00,81
POS,0.12,-0.46,-0.01,78
POS,0.12,-0.45,0.00,75
POS,0.11,-0.44,0.01,76
POS,0.11,-0.45,0.01,80
POS,0.07,-0.43,0.03,82
POS,0.08,-0.44,0.01,81
POS,0.11,-0.45,-0.03,83
POS,0.10,-0.46,-0.02,82
POS,0.10,-0.46,-0.04,82
POS,0.10,-0.44,-0.05,80
POS,0.08,-0.42,-0.05,78
POS,0.09,-0.42,-0.07,81
POS,0.10,-0.42,-0.05,76
POS,0.10,-0.43,-0.04,79
POS,0.12,-0.45,-0.05,79
POS,0.10,-0.43,-0.05,77
POS,0.09,-0.41,-0.05,78
POS,0.08,-0.42,-0.03,80
POS,0.06,-0.41,-0.03,79
POS,0.09,-0.43,-0.02,77
POS,0.07,-0.43,-0.01,80
POS,0.10,-0.41,-0.05,80
POS,0.12,-0.44,-0.02,81
POS,0.14,-0.47,-0.04,80
POS,0.10,-0.45,-0.03,79
POS,0.10,-0.45,-0.00,79
POS,0.11,-0.46,-0.01,81
POS,0.12,-0.46,-0.04,82
POS,0.10,-0.45,-0.05,81
POS,0.10,-0.45,-0.05,82
POS,0.09,-0.43,-0.05,75
POS,0.08,-0.41,-0.08,85
POS,0.08,-0.41,-0.07,77
POS,0.07,-0.42,-0.04,82
POS,0.07,-0.41,-0.07,84
POS,0.06,-0.42,-0.05,80
POS,0.05,-0.41,-0.06,80
POS,0.10,-0.42,-0.05,75
POS,0.08,-0.42,-0.02,78
POS,0.07,-0.42,-0.03,81
POS,0.06,-0.41,-0.02,78
POS,0.08,-0.41,-0.05,81
POS,0.11,-0.42,-0.08,81
POS,0.10,-0.40,-0.09,81
POS,0.08,-0.39,-0.07,76
POS,0.09,-0.40,-0.08,80
POS,0.09,-0.42,-0.03,83
POS,0.10,-0.43,-0.03,80
POS,0.10,-0.44,-0.04,82
POS,0.08,-0.43,-0.04,78
POS,0.08,-0.42,-0.05,81
POS,0.07,-0.40,-0.06,81
POS,0.04,-0.41,-0.03,82
POS,0.05,-0.40,-0.04,80
POS,0.05,-0.40,-0.06,82
POS,0.06,-0.41,-0.04,81
POS,0.07,-0.40,-0.07,83
POS,0.08,-0.42,-0.04,81
POS,0.11,-0.45,-0.03,78
POS,0.10,-0.43,-0.02,75
POS,0.11,-0.45,0.00,81
POS,0.10,-0.43,-0.03,83
POS,0.08,-0.42,-0.03,78
POS,0.10,-0.43,-0.02,78
POS,0.09,-0.42,-0.04,82
POS,0.10,-0.44,-0.03,81
POS,0.12,-0.46,-0.00,80
POS,0.11,-0.44,-0.04,84
POS,0.09,-0.43,-0.02,78
POS,0.10,-0.43,-0.05,80
POS,0.09,-0.41,-0.04,77
POS,0.07,-0.40,-0.04,78
POS,0.09,-0.42,-0.03,79
POS,0.09,-0.42,-0.04,80
POS,0.10,-0.42,-0.07,84
POS,0.09,-0.40,-0.11,88
POS,0.11,-0.40,-0.12,82
POS,0.11,-0.41,-0.10,80
POS,0.10,-0.42,-0.09,80
POS,0.10,-0.42,-0.08,80
POS,0.09,-0.43,-0.04,81
POS,0.09,-0.43,-0.04,81
POS,0.08,-0.41,-0.06,81
POS,0.11,-0.44,-0.01,79
POS,0.10,-0.42,-0.01,74
POS,0.10,-0.42,-0.04,81
POS,0.11,-0.44,-0.03,80
POS,0.09,-0.42,-0.04,82
POS,0.09,-0.43,-0.01,81
POS,0.13,-0.45,-0.02,77
POS,0.12,-0.45,-0.02,77
POS,0.13,-0.46,-0.01,79
POS,0.12,-0.45,-0.03,80
POS,0.14,-0.47,-0.02,80
POS,0.13,-0.46,-0.04,81
POS,0.12,-0.46,-0.03,80
POS,0.12,-0.46,-0.01,80
POS,0.13,-0.47,0.01,79
POS,0.12,-0.46,-0.00,80
POS,0.12,-0.46,-0.01,80
POS,0.11,-0.46,-0.02,81
POS,0.07,-0.43,-0.02,80
POS,0.08,-0.44,-0.04,81
POS,0.09,-0.43,-0.06,81
POS,0.12,-0.45,-0.03,77
POS,0.10,-0.43,-0.07,85
POS,0.10,-0.42,-0.04,72
POS,0.12,-0.43,-0.05,79
POS,0.11,-0.43,-0.08,84
POS,0.14,-0.45,-0.05,78
POS,0.11,-0.43,-0.02,79
POS,0.12,-0.45,-0.00,80
POS,0.10,-0.43,-0.01,78
POS,0.11,-0.45,-0.02,81
POS,0.12,-0.45,-0.00,76
POS,0.09,-0.42,-0.02,79
POS,0.09,-0.42,-0.01,75
POS,0.08,-0.42,-0.04,85
POS,0.09,-0.43,-0.01,81
POS,0.10,-0.42,-0.04,81
POS,0.10,-0.41,-0.08,86
POS,0.09,-0.41,-0.06,77
POS,0.08,-0.40,-0.05,76
POS,0.08,-0.40,-0.04,77
POS,0.07,-0.42,-0.04,82
POS,0.08,-0.41,-0.07,82
POS,0.07,-0.42,-0.04,81
POS,0.06,-0.42,-0.05,83
POS,0.06,-0.43,-0.03,81
POS,0.08,-0.43,-0.05,80
POS,0.10,-0.44,-0.05,78
POS,0.09,-0.42,-0.03,73
POS,0.11,-0.43,-0.04,78
POS,0.15,-0.46,-0.01,76
POS,0.13,-0.45,0.01,78
POS,0.11,-0.44,-0.00,80
POS,0.10,-0.43,-0.00,73
POS,0.11,-0.44,0.02,80
POS,0.10,-0.44,0.01,79
POS,0.08,-0.43,-0.01,81
POS,0.08,-0.42,-0.00,74
POS,0.08,-0.42,-0.02,81
POS,0.07,-0.44,-0.00,83
POS,0.06,-0.43,0.01,79
POS,0.05,-0.42,-0.00,77
POS,0.07,-0.43,-0.01,81
POS,0.05,-0.42,-0.01,80
POS,0.05,-0.44,-0.01,82
POS,0.06,-0.44,-0.02,78
POS,0.08,-0.44,-0.01,79
POS,0.13,-0.46,-0.01,74
POS,0.13,-0.46,-0.01,81
POS,0.10,-0.44,-0.01,78
POS,0.09,-0.44,-0.02,81
POS,0.09,-0.44,-0.02,79
POS,0.07,-0.42,-0.01,76
POS,0.07,-0.40,-0.05,86
POS,0.09,-0.42,-0.05,78
POS,0.09,-0.42,-0.04,76
POS,0.14,-0.43,-0.04,73
POS,0.18,-0.45,-0.05,76
POS,0.16,-0.44,-0.03,77
POS,0.15,-0.45,-0.00,80
POS,0.12,-0.43,0.01,78
POS,0.14,-0.38,-0.08,88
POS,0.13,-0.40,-0.07,80
POS,0.12,-0.40,-0.05,76
POS,0.11,-0.40,-0.06,79
POS,0.10,-0.41,-0.06,81
POS,0.09,-0.40,-0.08,83
POS,0.10,-0.41,-0.07,80
POS,0.10,-0.42,-0.04,80
POS,0.12,-0.42,-0.07,83
POS,0.10,-0.41,-0.06,76
POS,0.11,-0.42,-0.07,81
POS,0.11,-0.42,-0.08,80
POS,0.10,-0.42,-0.07,77
POS,0.10,-0.42,-0.04,76
POS,0.10,-0.43,-0.02,81
POS,0.10,-0.44,-0.01,78
POS,0.10,-0.43,-0.02,79
POS,0.08,-0.41,-0.04,81
POS,0.09,-0.43,-0.04,80
POS,0.07,-0.43,-0.03,82
POS,0.07,-0.43,-0.01,79
POS,0.08,-0.43,-0.04,82
POS,0.09,-0.41,-0.08,87
POS,0.09,-0.42,-0.05,79
POS,0.11,-0.43,-0.06,79
POS,0.10,-0.41,-0.10,87
POS,0.09,-0.40,-0.11,86
POS,0.08,-0.38,-0.12,83
POS,0.08,-0.39,-0.09,77
POS,0.07,-0.40,-0.06,76
POS,0.06,-0.40,-0.06,81
POS,0.11,-0.41,-0.08,78
POS,0.12,-0.43,-0.07,79
POS,0.12,-0.42,-0.04,75
POS,0.10,-0.41,-0.03,75
POS,0.11,-0.42,-0.05,81
POS,0.11,-0.43,-0.06,80
POS,0.11,-0.44,-0.02,80
POS,0.10,-0.41,-0.05,84
POS,0.10,-0.43,-0.04,80
POS,0.08,-0.41,-0.04,79
POS,0.09,-0.42,-0.06,79
POS,0.09,-0.43,-0.04,79
POS,0.09,-0.44,-0.00,82
POS,0.08,-0.43,-0.01,76
POS,0.06,-0.42,-0.03,83
POS,0.06,-0.41,-0.03,77
POS,0.05,-0.40,-0.03,76
POS,0.06,-0.40,-0.05,82
POS,0.06,-0.41,-0.04,79
POS,0.08,-0.42,-0.01,79
POS,0.07,-0.41,-0.03,79
POS,0.07,-0.42,-0.02,77
POS,0.09,-0.43,-0.04,80
POS,0.08,-0.43,-0.02,80
POS,0.07,-0.43,-0.02,81
POS,0.08,-0.43,-0.01,77
POS,0.07,-0.43,-0.00,78
POS,0.08,-0.43,-0.03,81
POS,0.10,-0.43,-0.02,75
POS,0.08,-0.42,-0.05,83
POS,0.07,-0.40,-0.02,73
POS,0.08,-0.39,-0.02,73
POS,0.08,-0.39,-0.03,78
POS,0.09,-0.40,-0.03,77
POS,0.08,-0.40,-0.02,78
POS,0.09,-0.42,-0.02,80
POS,0.09,-0.42,-0.02,75
POS,0.07,-0.40,-0.02,77
POS,0.10,-0.42,-0.02,79
POS,0.07,-0.42,-0.01,80
POS,0.07,-0.41,-0.01,74
POS,0.07,-0.40,-0.02,80
POS,0.07,-0.41,-0.01,78
POS,0.06,-0.41,-0.02,78
POS,0.06,-0.40,-0.04,82
POS,0.09,-0.43,-0.03,79
POS,0.11,-0.41,-0.06,83
POS,0.11,-0.43,-0.02,81
POS,0.11,-0.43,-0.03,78
POS,0.10,-0.42,-0.04,79
POS,0.10,-0.42,-0.05,80
POS,0.10,-0.41,-0.03,73
POS,0.09,-0.42,-0.01,80
POS,0.07,-0.40,-0.03,87
POS,0.08,-0.41,-0.04,81
POS,0.11,-0.40,-0.06,77
POS,0.09,-0.40,-0.04,78
POS,0.07,-0.40,-0.05,80

POS,0.09,-0.42,-0.03,79
POS,0.09,-0.43,-0.02,80
POS,0.07,-0.42,-0.03,80
POS,0.10,-0.44,-0.00,79
POS,0.07,-0.43,0.01,81
POS,0.06,-0.42,-0.02,82
POS,0.05,-0.40,-0.04,83
POS,0.06,-0.40,-0.08,86
POS,0.06,-0.40,-0.06,78
POS,0.07,-0.42,-0.06,81
POS,0.07,-0.42,-0.06,79
POS,0.09,-0.43,-0.08,83
POS,0.07,-0.42,-0.07,79
POS,0.07,-0.41,-0.05,75
POS,0.08,-0.43,-0.05,79
POS,0.09,-0.42,-0.03,75
POS,0.09,-0.43,-0.02,77
POS,0.08,-0.43,-0.01,81
POS,0.08,-0.43,-0.01,77
POS,0.09,-0.43,-0.01,76
POS,0.09,-0.44,0.00,82
POS,0.06,-0.41,-0.00,77
POS,0.04,-0.39,-0.01,79
POS,0.04,-0.39,-0.04,83
POS,0.05,-0.39,-0.03,75
POS,0.15,-0.45,0.00,94
POS,0.12,-0.43,-0.01,77
POS,0.09,-0.42,-0.00,79
POS,0.07,-0.41,-0.00,79
POS,0.05,-0.41,-0.02,80
POS,0.05,-0.40,-0.03,80
POS,0.05,-0.40,-0.02,77
POS,0.05,-0.41,-0.01,81
POS,0.09,-0.43,-0.02,77
POS,0.07,-0.42,-0.04,83
POS,0.11,-0.44,-0.04,75
POS,0.09,-0.43,-0.01,79
POS,0.07,-0.42,-0.00,78
POS,0.07,-0.43,-0.01,80
POS,0.09,-0.45,-0.02,80
POS,0.10,-0.45,-0.01,80
POS,0.09,-0.44,-0.02,77
POS,0.10,-0.44,-0.04,79
POS,0.12,-0.45,-0.04,78
POS,0.12,-0.46,-0.01,80
POS,0.11,-0.43,-0.01,72
POS,0.13,-0.44,-0.02,78
POS,0.11,-0.44,-0.01,78
POS,0.18,-0.48,-0.01,95
POS,0.17,-0.48,-0.03,80
POS,0.15,-0.45,-0.02,71
POS,0.14,-0.46,-0.01,80
POS,0.14,-0.45,0.01,79
POS,0.11,-0.43,-0.01,80
POS,0.11,-0.45,-0.00,82
POS,0.08,-0.43,-0.01,79
POS,0.11,-0.45,-0.03,80
POS,0.08,-0.43,-0.02,78
POS,0.09,-0.42,-0.06,84
POS,0.10,-0.43,-0.08,82
POS,0.08,-0.41,-0.06,74
POS,0.10,-0.42,-0.07,80
POS,0.09,-0.43,-0.06,81
POS,0.09,-0.43,-0.05,80
POS,0.09,-0.42,-0.07,83
POS,0.09,-0.41,-0.10,85
POS,0.09,-0.41,-0.10,80
POS,0.11,-0.42,-0.06,76
POS,0.09,-0.42,-0.02,80
POS,0.11,-0.43,-0.03,78
POS,0.12,-0.45,-0.01,82
POS,0.11,-0.44,-0.01,75
POS,0.11,-0.44,-0.03,79
POS,0.10,-0.43,-0.00,75
POS,0.13,-0.45,0.00,77
POS,0.11,-0.42,-0.03,82
POS,0.11,-0.43,-0.02,80
POS,0.13,-0.44,-0.01,77
POS,0.12,-0.43,-0.00,74
POS,0.11,-0.42,-0.02,81
POS,0.12,-0.44,-0.01,79
POS,0.10,-0.44,-0.00,79
POS,0.08,-0.41,0.01,77
POS,0.08,-0.41,0.01,75
POS,0.10,-0.42,-0.01,77
POS,0.11,-0.44,-0.02,79
POS,0.14,-0.45,-0.03,77
POS,0.13,-0.45,-0.03,80
POS,0.11,-0.44,-0.02,80
POS,0.10,-0.42,-0.05,83
POS,0.11,-0.43,-0.05,80
POS,0.10,-0.42,-0.05,77
POS,0.10,-0.42,-0.05,78
POS,0.09,-0.42,-0.03,78
POS,0.09,-0.42,-0.02,75
POS,0.08,-0.41,-0.03,79
POS,0.10,-0.42,-0.03,78
POS,0.10,-0.44,-0.02,82
POS,0.09,-0.43,0.00,77
POS,0.11,-0.45,-0.00,80
POS,0.14,-0.45,-0.04,79
POS,0.12,-0.45,-0.00,80
POS,0.12,-0.45,0.01,81
POS,0.09,-0.44,-0.01,81
POS,0.09,-0.46,-0.00,84
POS,0.10,-0.47,-0.01,81
POS,0.09,-0.45,-0.04,83
POS,0.09,-0.43,-0.07,83
POS,0.11,-0.45,-0.05,79
POS,0.11,-0.44,-0.08,82
POS,0.09,-0.43,-0.07,79
POS,0.09,-0.43,-0.07,82
POS,0.10,-0.44,-0.08,80
POS,0.11,-0.42,-0.11,85
POS,0.09,-0.42,-0.08,79
POS,0.10,-0.43,-0.08,79
POS,0.10,-0.42,-0.06,75
POS,0.09,-0.41,-0.05,73
POS,0.07,-0.41,-0.03,78
POS,0.07,-0.41,-0.04,81
POS,0.06,-0.40,-0.02,78
POS,0.08,-0.42,-0.04,79
POS,0.10,-0.44,-0.00,80
POS,0.09,-0.43,0.02,76
POS,0.08,-0.43,0.00,79
POS,0.08,-0.43,-0.01,80
POS,0.07,-0.42,-0.03,83
POS,0.10,-0.44,-0.01,80
POS,0.09,-0.45,0.01,81
POS,0.10,-0.45,-0.00,80
POS,0.09,-0.44,0.01,80
POS,0.07,-0.44,0.02,80
POS,0.06,-0.43,0.01,80
POS,0.06,-0.45,0.01,82
POS,0.08,-0.43,-0.03,82
POS,0.07,-0.41,-0.06,85
POS,0.05,-0.39,-0.07,84
POS,0.07,-0.40,-0.08,81
POS,0.06,-0.42,-0.07,82
POS,0.10,-0.43,-0.08,78
POS,0.08,-0.40,-0.07,76
POS,0.07,-0.40,-0.04,77
POS,0.10,-0.43,-0.02,79
POS,0.12,-0.43,-0.06,84
POS,0.10,-0.42,-0.04,76
POS,0.12,-0.42,-0.06,78
POS,0.16,-0.43,-0.05,73
POS,0.13,-0.42,-0.04,75
POS,0.12,-0.42,-0.04,77
POS,0.13,-0.43,-0.05,80
POS,0.11,-0.43,-0.05,80
POS,0.14,-0.43,-0.06,76
POS,0.13,-0.45,-0.01,82
POS,0.14,-0.45,-0.03,80
POS,0.11,-0.43,-0.03,74
POS,0.10,-0.42,-0.03,79
POS,0.12,-0.44,-0.02,78
POS,0.10,-0.42,-0.01,77
POS,0.07,-0.40,-0.02,77
POS,0.10,-0.42,-0.02,78
POS,0.11,-0.44,-0.00,81
POS,0.11,-0.44,0.00,79
POS,0.11,-0.44,-0.00,79
POS,0.10,-0.44,0.00,76
POS,0.10,-0.44,-0.02,82
POS,0.13,-0.46,0.01,79
POS,0.11,-0.47,0.01,82
POS,0.11,-0.45,0.01,73
POS,0.12,-0.44,-0.02,79
POS,0.11,-0.43,-0.01,76
POS,0.10,-0.45,-0.01,83
POS,0.10,-0.45,-0.01,79
POS,0.10,-0.44,-0.03,82
POS,0.08,-0.42,-0.04,79
POS,0.08,-0.43,-0.05,82
POS,0.08,-0.44,-0.03,82
POS,0.08,-0.44,-0.01,79
POS,0.06,-0.42,-0.03,82
POS,0.07,-0.42,-0.02,76
POS,0.08,-0.43,-0.01,78
POS,0.09,-0.44,0.02,81
POS,0.11,-0.45,0.01,79
POS,0.11,-0.43,-0.03,82
POS,0.12,-0.45,-0.03,80
POS,0.13,-0.45,-0.04,78
POS,0.11,-0.45,-0.02,80
POS,0.12,-0.45,-0.03,78
POS,0.11,-0.44,-0.03,78
POS,0.09,-0.42,-0.03,78
POS,0.07,-0.41,-0.01,78
POS,0.08,-0.43,-0.04,80
POS,0.10,-0.41,-0.07,83
POS,0.11,-0.43,-0.05,78
POS,0.11,-0.41,-0.09,85
POS,0.09,-0.42,-0.04,80
POS,0.09,-0.42,-0.05,83
POS,0.09,-0.42,-0.06,80
POS,0.10,-0.43,-0.06,80
POS,0.08,-0.43,-0.03,79
POS,0.10,-0.44,-0.03,79
POS,0.13,-0.47,0.00,80
POS,0.13,-0.45,-0.03,82
POS,0.12,-0.44,-0.06,83
POS,0.11,-0.43,-0.07,82
POS,0.11,-0.42,-0.05,71
POS,0.11,-0.42,-0.07,82
POS,0.11,-0.43,-0.06,80
POS,0.08,-0.41,-0.06,80
POS,0.06,-0.40,-0.06,79
POS,0.10,-0.43,-0.03,79
POS,0.13,-0.46,-0.03,79
POS,0.10,-0.45,-0.01,80
POS,0.09,-0.44,-0.00,77
POS,0.10,-0.44,-0.00,78
POS,0.12,-0.45,-0.03,81
POS,0.11,-0.42,-0.08,87
POS,0.10,-0.41,-0.07,80
POS,0.09,-0.38,-0.10,87
POS,0.10,-0.37,-0.11,80
POS,0.10,-0.38,-0.08,75
POS,0.08,-0.38,-0.07,79
POS,0.11,-0.41,-0.08,79
POS,0.13,-0.42,-0.10,81
POS,0.11,-0.40,-0.11,84
POS,0.12,-0.41,-0.07,78
POS,0.12,-0.41,-0.05,71
POS,0.12,-0.40,-0.07,81
POS,0.14,-0.43,-0.08,80
POS,0.11,-0.42,-0.07,80
POS,0.11,-0.42,-0.07,79
POS,0.13,-0.44,-0.07,80
POS,0.10,-0.43,-0.07,80
POS,0.11,-0.44,-0.07,80
POS,0.11,-0.43,-0.05,76
POS,0.13,-0.45,-0.02,79
POS,0.14,-0.46,-0.04,79
POS,0.13,-0.43,-0.08,85
POS,0.11,-0.42,-0.06,75
POS,0.14,-0.42,-0.07,76
POS,0.11,-0.41,-0.05,77
POS,0.10,-0.42,-0.04,79
POS,0.11,-0.44,-0.02,82
POS,0.11,-0.45,-0.02,81
POS,0.11,-0.47,0.01,82
POS,0.10,-0.44,-0.02,82
POS,0.08,-0.42,-0.01,76
POS,0.06,-0.41,-0.01,78
POS,0.08,-0.43,-0.03,79
POS,0.09,-0.44,-0.01,83
POS,0.09,-0.44,-0.01,77
POS,0.10,-0.44,-0.03,80
POS,0.11,-0.46,-0.03,79
POS,0.11,-0.44,-0.02,75
POS,0.10,-0.46,-0.01,84
POS,0.11,-0.47,-0.02,80
POS,0.14,-0.46,-0.06,80
POS,0.14,-0.45,-0.09,97
POS,0.11,-0.45,-0.05,82
POS,0.09,-0.45,-0.05,83
POS,0.07,-0.44,-0.03,80
POS,0.07,-0.44,-0.04,83
POS,0.08,-0.44,-0.03,78
POS,0.08,-0.43,-0.03,75
POS,0.08,-0.43,-0.02,80
POS,0.08,-0.42,-0.05,83
POS,0.08,-0.41,-0.08,85
POS,0.11,-0.42,-0.07,76
POS,0.09,-0.42,-0.06,80
POS,0.08,-0.41,-0.07,81
POS,0.08,-0.41,-0.08,81
POS,0.07,-0.41,-0.07,78
POS,0.08,-0.43,-0.06,83
POS,0.08,-0.43,-0.04,77
POS,0.11,-0.45,-0.02,80
POS,0.10,-0.45,0.01,80

POS,0.10,-0.45,-0.01,79
POS,0.09,-0.43,-0.00,76
POS,0.09,-0.41,-0.06,87
POS,0.10,-0.42,-0.04,77
POS,0.10,-0.41,-0.07,83
POS,0.09,-0.40,-0.08,81
POS,0.09,-0.39,-0.08,80
POS,0.08,-0.40,-0.07,77
POS,0.09,-0.41,-0.06,80
POS,0.07,-0.40,-0.06,80
POS,0.07,-0.39,-0.07,81
POS,0.09,-0.41,-0.05,79
POS,0.08,-0.41,-0.01,79
POS,0.06,-0.40,-0.03,82
POS,0.05,-0.40,-0.03,80
POS,0.05,-0.38,-0.05,78
POS,0.10,-0.41,-0.06,78
POS,0.10,-0.42,-0.05,79
POS,0.08,-0.41,-0.05,79
POS,0.08,-0.41,-0.04,78
POS,0.07,-0.40,-0.04,76
POS,0.08,-0.42,-0.02,79
POS,0.10,-0.44,-0.01,81
POS,0.10,-0.45,0.00,81
POS,0.10,-0.45,0.00,78
POS,0.08,-0.44,-0.01,78
POS,0.14,-0.44,-0.04,78
POS,0.16,-0.46,-0.03,79
POS,0.16,-0.47,0.00,80
POS,0.16,-0.48,0.03,81
POS,0.13,-0.46,0.01,78
POS,0.11,-0.44,-0.02,83
POS,0.11,-0.44,-0.04,79
POS,0.11,-0.43,-0.03,76
POS,0.09,-0.43,-0.02,77
POS,0.11,-0.44,-0.02,79
POS,0.14,-0.46,-0.03,77
POS,0.12,-0.45,-0.02,77
POS,0.12,-0.45,-0.04,81
POS,0.14,-0.46,-0.04,78
POS,0.14,-0.46,-0.06,80
POS,0.16,-0.47,-0.06,78
POS,0.14,-0.47,-0.05,81
POS,0.14,-0.45,-0.04,74
POS,0.11,-0.44,-0.02,77
POS,0.11,-0.44,-0.02,77
POS,0.09,-0.42,-0.01,77
POS,0.11,-0.44,-0.00,78
POS,0.11,-0.44,0.01,78
POS,0.10,-0.42,-0.03,83
POS,0.12,-0.43,-0.06,81
POS,0.12,-0.44,-0.07,81
POS,0.11,-0.45,-0.05,83
POS,0.10,-0.45,-0.02,79
POS,0.09,-0.44,-0.01,78
POS,0.09,-0.42,-0.04,81
POS,0.08,-0.42,-0.05,83
POS,0.08,-0.43,-0.04,78
POS,0.08,-0.42,-0.04,76
POS,0.07,-0.41,-0.03,77
POS,0.07,-0.42,-0.04,82
POS,0.06,-0.42,-0.03,77
POS,0.09,-0.43,-0.06,80
POS,0.08,-0.41,-0.05,76
POS,0.07,-0.40,-0.05,77
POS,0.07,-0.42,-0.04,80
POS,0.10,-0.44,-0.04,78
POS,0.12,-0.45,-0.02,79
POS,0.12,-0.45,0.00,79
POS,0.12,-0.44,-0.03,82
POS,0.12,-0.45,-0.02,79
POS,0.11,-0.44,-0.02,75
POS,0.16,-0.44,-0.04,76
POS,0.12,-0.43,-0.02,77
POS,0.10,-0.42,-0.02,77
POS,0.09,-0.41,-0.03,79
POS,0.09,-0.40,-0.04,79
POS,0.08,-0.40,-0.05,82
POS,0.06,-0.38,-0.06,81
POS,0.07,-0.40,-0.05,80
POS,0.07,-0.40,-0.05,80
POS,0.06,-0.41,-0.05,79
POS,0.07,-0.42,-0.03,81
POS,0.10,-0.44,-0.04,78
POS,0.11,-0.44,-0.02,78
POS,0.09,-0.41,-0.05,83
POS,0.08,-0.41,-0.04,77
POS,0.10,-0.42,-0.03,77
POS,0.10,-0.43,-0.03,79
POS,0.10,-0.41,-0.03,74
POS,0.10,-0.43,-0.03,81
POS,0.09,-0.43,-0.01,80
POS,0.09,-0.43,-0.02,79
POS,0.08,-0.43,-0.02,80
POS,0.09,-0.43,-0.04,80
POS,0.06,-0.41,-0.05,80
POS,0.08,-0.42,-0.02,79
POS,0.10,-0.44,-0.02,79
POS,0.11,-0.44,-0.06,84
POS,0.10,-0.43,-0.07,82
POS,0.07,-0.41,-0.07,81
POS,0.07,-0.42,-0.05,78
POS,0.07,-0.42,-0.02,78
POS,0.06,-0.40,-0.03,76
POS,0.05,-0.40,-0.02,77
POS,0.07,-0.41,-0.05,82
POS,0.08,-0.39,-0.09,86
POS,0.09,-0.40,-0.06,76
POS,0.08,-0.39,-0.05,75
POS,0.06,-0.39,-0.04,78
POS,0.08,-0.40,-0.06,79
POS,0.08,-0.40,-0.08,83
POS,0.07,-0.40,-0.07,79
POS,0.07,-0.39,-0.09,83
POS,0.08,-0.40,-0.09,80
POS,0.09,-0.41,-0.09,81
POS,0.07,-0.39,-0.08,77
POS,0.08,-0.40,-0.07,77
POS,0.06,-0.39,-0.04,75
POS,0.11,-0.42,-0.04,76
POS,0.10,-0.42,-0.03,79
POS,0.10,-0.42,-0.03,76
POS,0.08,-0.41,-0.05,83
POS,0.06,-0.39,-0.05,79
POS,0.08,-0.40,-0.08,83
POS,0.11,-0.43,-0.06,79
POS,0.10,-0.42,-0.05,77
POS,0.10,-0.43,-0.07,82
POS,0.11,-0.43,-0.07,78
POS,0.14,-0.44,-0.06,74
POS,0.14,-0.44,-0.05,79
POS,0.13,-0.42,-0.08,84
POS,0.14,-0.44,-0.06,79
POS,0.13,-0.44,-0.07,81
POS,0.11,-0.45,-0.06,82
POS,0.12,-0.46,-0.04,80
POS,0.09,-0.44,-0.03,77
POS,0.09,-0.44,-0.02,80
POS,0.08,-0.44,-0.04,83
POS,0.07,-0.41,-0.05,82
POS,0.07,-0.41,-0.07,80
POS,0.07,-0.40,-0.08,82
POS,0.07,-0.40,-0.06,76
POS,0.06,-0.40,-0.06,80
POS,0.05,-0.40,-0.04,78
POS,0.06,-0.40,-0.02,76
POS,0.08,-0.39,-0.06,84
POS,0.08,-0.42,-0.04,81
POS,0.09,-0.42,-0.03,78
POS,0.11,-0.44,-0.01,80
POS,0.08,-0.44,0.00,80
POS,0.07,-0.42,-0.03,83
POS,0.07,-0.41,-0.01,75
POS,0.07,-0.40,-0.01,76
POS,0.07,-0.41,-0.03,81
POS,0.15,-0.45,-0.03,95
POS,0.15,-0.45,-0.03,78
POS,0.15,-0.45,-0.05,80
POS,0.15,-0.45,-0.07,80
POS,0.16,-0.46,-0.07,78
POS,0.12,-0.43,-0.05,75
POS,0.13,-0.44,-0.04,81
POS,0.13,-0.45,-0.03,80
POS,0.11,-0.44,-0.04,81
POS,0.11,-0.44,-0.05,81
POS,0.08,-0.43,-0.04,79
POS,0.07,-0.43,-0.03,81
POS,0.08,-0.44,-0.02,81
POS,0.09,-0.45,-0.01,80
POS,0.09,-0.45,-0.01,77
POS,0.08,-0.42,0.00,73
POS,0.09,-0.43,-0.00,78
POS,0.14,-0.46,0.02,97
POS,0.10,-0.43,-0.01,82
POS,0.10,-0.42,-0.03,82
POS,0.08,-0.41,-0.01,78
POS,0.10,-0.43,-0.01,81
POS,0.09,-0.43,-0.01,79
POS,0.08,-0.42,0.00,76
POS,0.06,-0.41,-0.01,79
POS,0.07,-0.42,-0.01,79
POS,0.09,-0.41,-0.05,83
POS,0.09,-0.42,-0.02,80
POS,0.11,-0.44,0.02,81
POS,0.12,-0.45,0.02,80
POS,0.13,-0.45,-0.02,81
POS,0.11,-0.43,-0.03,81
POS,0.10,-0.43,-0.04,82
POS,0.09,-0.42,-0.05,80
POS,0.13,-0.42,-0.07,76
POS,0.14,-0.43,-0.03,80
POS,0.12,-0.42,-0.01,74
POS,0.11,-0.42,-0.03,81
POS,0.12,-0.42,-0.05,81
POS,0.13,-0.44,-0.04,79
POS,0.15,-0.45,-0.05,78
POS,0.12,-0.42,-0.05,75
POS,0.10,-0.42,-0.03,77
POS,0.11,-0.42,-0.04,79
POS,0.10,-0.42,-0.04,79
POS,0.12,-0.45,-0.02,81
POS,0.11,-0.45,-0.02,77
POS,0.10,-0.42,-0.03,77
POS,0.10,-0.42,-0.04,79
POS,0.11,-0.43,-0.05,79
POS,0.11,-0.43,-0.04,78
POS,0.12,-0.45,-0.03,80
POS,0.12,-0.45,-0.04,80
POS,0.12,-0.44,-0.03,78
POS,0.09,-0.43,-0.03,78
POS,0.08,-0.43,-0.02,81
POS,0.08,-0.44,0.00,81
POS,0.10,-0.45,-0.03,80
POS,0.10,-0.45,-0.04,82
POS,0.09,-0.43,-0.03,72
POS,0.08,-0.41,-0.04,81
POS,0.09,-0.42,-0.03,78
POS,0.08,-0.42,-0.04,80
POS,0.08,-0.41,-0.04,78
POS,0.07,-0.41,-0.03,77
POS,0.08,-0.42,-0.02,80
POS,0.09,-0.43,-0.02,80
POS,0.13,-0.43,-0.05,78
POS,0.10,-0.42,-0.07,85
POS,0.07,-0.39,-0.06,78
POS,0.09,-0.41,-0.07,80
POS,0.08,-0.40,-0.06,75
POS,0.09,-0.42,-0.04,82
POS,0.11,-0.45,-0.01,80
POS,0.10,-0.43,-0.00,75
POS,0.10,-0.44,0.00,81
POS,0.09,-0.42,-0.03,83
POS,0.08,-0.43,-0.02,80
POS,0.10,-0.44,-0.04,79
POS,0.09,-0.43,-0.02,78
POS,0.08,-0.42,-0.02,74
POS,0.09,-0.44,0.00,82
POS,0.15,-0.46,-0.03,77
POS,0.15,-0.47,-0.03,81
POS,0.13,-0.45,-0.03,76
POS,0.11,-0.45,-0.02,80
POS,0.11,-0.46,0.01,81
POS,0.10,-0.45,-0.01,82
POS,0.11,-0.44,-0.02,76
POS,0.10,-0.43,-0.01,77
POS,0.09,-0.42,-0.03,82
POS,0.10,-0.43,-0.04,78
POS,0.10,-0.43,-0.05,80
POS,0.11,-0.44,-0.04,79
POS,0.12,-0.46,-0.01,80
POS,0.12,-0.46,0.00,80
POS,0.13,-0.47,-0.00,79
POS,0.12,-0.45,-0.01,78
POS,0.14,-0.44,-0.04,79
POS,0.10,-0.41,-0.05,80
POS,0.09,-0.39,-0.05,76
POS,0.09,-0.39,-0.06,80
POS,0.09,-0.41,-0.06,81
POS,0.08,-0.40,-0.05,78
POS,0.06,-0.39,-0.05,78
POS,0.05,-0.38,-0.07,84
POS,0.06,-0.41,-0.04,83
POS,0.11,-0.43,-0.06,79
POS,0.12,-0.45,-0.06,80
POS,0.11,-0.44,-0.08,83
POS,0.12,-0.43,-0.07,77
POS,0.11,-0.41,-0.07,77
POS,0.11,-0.40,-0.10,85
POS,0.12,-0.42,-0.10,80
POS,0.14,-0.44,-0.07,77
POS,0.14,-0.45,-0.04,81
POS,0.14,-0.45,-0.01,77
POS,0.12,-0.44,-0.01,78
POS,0.11,-0.45,0.01,83
POS,0.12,-0.45,-0.01,79
POS,0.12,-0.43,-0.05,85
POS,0.11,-0.42,-0.03,76
POS,0.10,-0.44,0.00,83
POS,0.11,-0.45,-0.01,81
POS,0.10,-0.43,0.00,73
POS,0.11,-0.44,-0.03,82
POS,0.10,-0.44,-0.04,81
POS,0.10,-0.46,-0.02,83
POS,0.09,-0.43,-0.05,85
POS,0.09,-0.41,-0.09,86
POS,0.08,-0.40,-0.09,83
POS,0.08,-0.41,-0.07,78
POS,0.08,-0.41,-0.05,77
POS,0.08,-0.42,-0.03,79
POS,0.06,-0.42,-0.01,80
POS,0.06,-0.42,-0.03,82
POS,0.07,-0.42,-0.03,80
POS,0.07,-0.41,-0.04,80
POS,0.11,-0.43,-0.05,77
POS,0.11,-0.44,-0.02,79
POS,0.09,-0.42,-0.05,83
POS,0.10,-0.42,-0.04,75
POS,0.08,-0.40,-0.02,76
POS,0.07,-0.40,-0.03,80
POS,0.07,-0.41,-0.02,80
POS,0.11,-0.44,-0.02,79
POS,0.11,-0.43,-0.00,75
POS,0.09,-0.42,-0.02,80
POS,0.10,-0.42,-0.05,82
POS,0.11,-0.42,-0.07,82
POS,0.12,-0.43,-0.07,79
POS,0.14,-0.44,-0.07,76
POS,0.10,-0.42,-0.08,83
POS,0.08,-0.41,-0.07,80
POS,0.11,-0.43,-0.06,79
POS,0.13,-0.46,-0.05,80
POS,0.12,-0.43,-0.07,83
POS,0.10,-0.43,-0.05,78
POS,0.08,-0.42,-0.02,79
POS,0.08,-0.43,-0.02,81
POS,0.08,-0.43,-0.04,83
POS,0.07,-0.41,-0.04,74
POS,0.11,-0.42,-0.05,78
POS,0.13,-0.44,-0.06,78
POS,0.12,-0.44,-0.08,84
POS,0.10,-0.43,-0.09,84
POS,0.14,-0.44,-0.09,76
POS,0.14,-0.45,-0.09,80
POS,0.17,-0.46,-0.08,75
POS,0.16,-0.47,-0.06,81
POS,0.18,-0.48,-0.04,77
POS,0.17,-0.49,-0.04,80
POS,0.16,-0.47,-0.02,76
POS,0.15,-0.45,-0.05,80
POS,0.14,-0.44,-0.04,75
POS,0.12,-0.43,-0.04,79
POS,0.16,-0.44,-0.05,76
POS,0.15,-0.44,-0.02,77
POS,0.14,-0.43,-0.02,77
POS,0.11,-0.42,-0.02,79
POS,0.11,-0.44,-0.01,83
POS,0.10,-0.44,-0.01,79
POS,0.09,-0.44,-0.01,79
POS,0.07,-0.41,-0.01,75
POS,0.07,-0.40,-0.05,84
POS,0.10,-0.42,-0.04,76
POS,0.11,-0.43,-0.04,79
POS,0.11,-0.43,-0.05,80
POS,0.09,-0.42,-0.06,84
POS,0.07,-0.41,-0.07,82
POS,0.09,-0.42,-0.04,78
POS,0.06,-0.41,-0.04,79
POS,0.07,-0.41,-0.02,78
POS,0.10,-0.44,0.00,78
POS,0.10,-0.43,-0.04,86
POS,0.10,-0.43,-0.02,79
POS,0.11,-0.43,-0.06,83
POS,0.10,-0.43,-0.02,79
POS,0.09,-0.41,-0.00,73
POS,0.07,-0.40,-0.02,81
POS,0.08,-0.42,-0.03,81
POS,0.07,-0.42,-0.03,78
POS,0.07,-0.42,-0.02,79
POS,0.08,-0.42,-0.03,79
POS,0.09,-0.42,-0.02,73
POS,0.10,-0.44,-0.01,81
POS,0.09,-0.43,-0.01,76
POS,0.09,-0.41,-0.04,82
POS,0.09,-0.42,-0.02,78
POS,0.09,-0.43,-0.03,82
POS,0.09,-0.43,-0.01,78
POS,0.10,-0.44,-0.02,78
POS,0.10,-0.43,-0.00,78
POS,0.09,-0.43,-0.01,78
POS,0.08,-0.43,-0.02,79
POS,0.13,-0.44,-0.01,72
POS,0.15,-0.45,-0.01,78
POS,0.15,-0.44,-0.06,84
POS,0.14,-0.44,-0.06,79
POS,0.12,-0.43,-0.07,82
POS,0.12,-0.42,-0.08,79
POS,0.11,-0.41,-0.08,81
POS,0.13,-0.44,-0.06,80
POS,0.17,-0.47,-0.04,97
POS,0.13,-0.44,-0.06,82
POS,0.12,-0.44,-0.06,81
POS,0.13,-0.45,-0.04,79
POS,0.09,-0.43,-0.03,79
POS,0.10,-0.43,-0.02,76
POS,0.09,-0.41,-0.01,74
POS,0.08,-0.40,-0.03,82
POS,0.07,-0.40,-0.04,79
POS,0.07,-0.40,-0.02,74
POS,0.07,-0.41,-0.00,79
POS,0.07,-0.43,0.01,83
POS,0.10,-0.42,-0.03,82
POS,0.09,-0.41,-0.03,75
POS,0.12,-0.43,-0.03,78
POS,0.11,-0.43,-0.04,81
POS,0.10,-0.42,-0.05,81
POS,0.11,-0.43,-0.06,81
POS,0.11,-0.44,-0.04,79
POS,0.12,-0.45,-0.04,79
POS,0.16,-0.46,-0.06,77
POS,0.14,-0.45,-0.06,82
POS,0.14,-0.44,-0.08,81
POS,0.13,-0.43,-0.07,77
POS,0.11,-0.44,-0.06,80
POS,0.13,-0.45,-0.05,77
POS,0.14,-0.47,-0.04,81
POS,0.17,-0.40,-0.12,87
POS,0.14,-0.41,-0.10,80
POS,0.15,-0.43,-0.09,79
POS,0.12,-0.43,-0.06,81
POS,0.11,-0.43,-0.06,79
POS,0.09,-0.44,-0.03,81
POS,0.11,-0.45,-0.00,80
POS,0.10,-0.44,-0.05,87
POS,0.11,-0.42,-0.09,85
POS,0.10,-0.42,-0.08,80
POS,0.09,-0.40,-0.10,84
POS,0.11,-0.42,-0.06,78
POS,0.10,-0.43,-0.02,81
POS,0.09,-0.41,-0.04,79
POS,0.10,-0.42,-0.04,81
POS,0.09,-0.42,-0.05,80
POS,0.07,-0.42,-0.03,78
POS,0.07,-0.43,-0.01,80
POS,0.07,-0.41,-0.03,83
POS,0.08,-0.42,-0.05,80
POS,0.07,-0.42,-0.03,79
POS,0.08,-0.43,-0.05,81
POS,0.08,-0.43,-0.04,79
POS,0.12,-0.45,-0.01,77
POS,0.12,-0.45,-0.00,80
POS,0.12,-0.46,-0.01,80
POS,0.17,-0.47,-0.03,77
POS,0.14,-0.46,0.00,80
POS,0.13,-0.45,0.01,75
POS,0.14,-0.46,0.02,80
POS,0.14,-0.46,-0.01,80
POS,0.12,-0.44,0.00,75
POS,0.13,-0.45,0.01,79
POS,0.11,-0.46,-0.00,83
POS,0.11,-0.46,-0.01,79
POS,0.08,-0.44,0.00,77
POS,0.09,-0.44,-0.01,79
POS,0.13,-0.44,-0.03,77
POS,0.12,-0.44,-0.04,79
POS,0.10,-0.43,-0.03,79
POS,0.11,-0.43,-0.03,79
POS,0.10,-0.42,-0.04,79
POS,0.08,-0.40,-0.02,74
POS,0.07,-0.41,-0.01,78
POS,0.07,-0.42,-0.02,81
POS,0.08,-0.41,-0.03,78
POS,0.07,-0.41,-0.02,77
POS,0.06,-0.42,-0.00,81
POS,0.08,-0.44,-0.00,80
POS,0.09,-0.43,-0.03,80
POS,0.11,-0.45,-0.01,79
POS,0.11,-0.44,0.00,76
POS,0.14,-0.46,-0.00,77
POS,0.13,-0.42,-0.06,87
POS,0.13,-0.42,-0.08,81
POS,0.10,-0.41,-0.07,79
POS,0.09,-0.40,-0.07,78
POS,0.08,-0.41,-0.03,80
POS,0.09,-0.43,-0.02,80
POS,0.08,-0.43,-0.03,81
POS,0.07,-0.42,-0.04,82
POS,0.06,-0.43,-0.02,82

POS,0.06,-0.40,-0.05,84
POS,0.08,-0.41,-0.04,77
POS,0.07,-0.41,-0.04,78
POS,0.07,-0.40,-0.04,78
POS,0.07,-0.40,-0.06,80
POS,0.06,-0.38,-0.03,75
POS,0.04,-0.38,-0.03,79
POS,0.04,-0.39,-0.03,77
POS,0.07,-0.41,-0.03,80
POS,0.06,-0.41,-0.00,79
POS,0.05,-0.42,0.01,79
POS,0.08,-0.42,-0.02,79
POS,0.09,-0.43,-0.02,79
POS,0.08,-0.42,-0.02,77
POS,0.09,-0.43,-0.03,79
POS,0.08,-0.43,-0.02,78
POS,0.08,-0.42,-0.02,79
POS,0.07,-0.42,-0.02,79
POS,0.07,-0.42,-0.04,81
POS,0.10,-0.44,-0.01,80
POS,0.09,-0.43,-0.02,79
POS,0.08,-0.40,-0.04,81
POS,0.10,-0.43,-0.03,78
POS,0.12,-0.44,-0.02,78
POS,0.14,-0.46,-0.01,78
POS,0.13,-0.44,-0.02,79
POS,0.11,-0.44,-0.03,83
POS,0.12,-0.44,-0.05,79
POS,0.11,-0.42,-0.08,84
POS,0.10,-0.39,-0.11,89
POS,0.08,-0.41,-0.06,82
POS,0.08,-0.41,-0.08,82
POS,0.07,-0.41,-0.05,81
POS,0.07,-0.42,-0.02,80
POS,0.07,-0.42,-0.04,81
POS,0.10,-0.43,-0.04,76
POS,0.09,-0.45,-0.03,83
POS,0.10,-0.46,-0.02,81
POS,0.12,-0.47,0.01,79
POS,0.10,-0.45,-0.03,85
POS,0.12,-0.46,-0.04,80
POS,0.09,-0.45,-0.04,81
POS,0.10,-0.46,-0.05,81
POS,0.08,-0.44,-0.03,79
POS,0.10,-0.45,-0.02,79
POS,0.10,-0.43,-0.02,73
POS,0.08,-0.41,-0.04,83
POS,0.08,-0.43,-0.02,80
POS,0.09,-0.43,-0.01,76
POS,0.10,-0.43,-0.01,78
POS,0.11,-0.45,-0.02,79
POS,0.10,-0.44,-0.04,83
POS,0.12,-0.45,-0.03,80
POS,0.10,-0.44,-0.01,74
POS,0.11,-0.44,-0.02,79
POS,0.12,-0.43,-0.05,81
POS,0.11,-0.44,-0.05,82
POS,0.10,-0.43,-0.06,81
POS,0.10,-0.42,-0.05,77
POS,0.10,-0.43,-0.05,80
POS,0.14,-0.46,-0.02,78
POS,0.13,-0.44,-0.05,81
POS,0.13,-0.44,-0.07,81
POS,0.11,-0.41,-0.06,76
POS,0.13,-0.44,-0.02,81
POS,0.13,-0.45,0.00,80
POS,0.11,-0.44,0.01,78
POS,0.10,-0.43,0.02,73
POS,0.11,-0.44,0.02,80
POS,0.10,-0.46,0.03,84
POS,0.12,-0.47,0.04,80
POS,0.10,-0.45,0.01,80
POS,0.11,-0.44,-0.03,81
POS,0.10,-0.43,-0.02,76
POS,0.07,-0.44,-0.01,84
POS,0.06,-0.43,-0.02,78
POS,0.05,-0.42,-0.03,82
POS,0.05,-0.43,-0.03,81
POS,0.09,-0.46,0.01,79
POS,0.09,-0.45,-0.00,79
POS,0.10,-0.46,0.02,81
POS,0.10,-0.46,0.01,80
POS,0.10,-0.44,-0.00,76
POS,0.11,-0.45,0.00,81
POS,0.11,-0.44,-0.02,78
POS,0.10,-0.42,0.01,73
POS,0.11,-0.43,0.01,79
POS,0.10,-0.42,-0.03,84
POS,0.10,-0.42,-0.02,75
POS,0.14,-0.44,0.00,77
POS,0.16,-0.46,0.01,79
POS,0.13,-0.45,-0.01,78
POS,0.13,-0.45,0.00,79
POS,0.11,-0.45,0.02,81
POS,0.11,-0.44,0.01,76
POS,0.13,-0.45,0.01,77
POS,0.11,-0.44,-0.00,77
POS,0.11,-0.43,0.00,76
POS,0.09,-0.43,-0.01,78
POS,0.08,-0.43,-0.01,78
POS,0.10,-0.45,-0.01,79
POS,0.08,-0.43,0.01,78
POS,0.10,-0.42,-0.03,83
POS,0.10,-0.42,-0.05,80
POS,0.11,-0.45,-0.02,81
POS,0.11,-0.44,-0.03,79
POS,0.09,-0.44,-0.03,79
POS,0.09,-0.44,-0.02,78
POS,0.09,-0.44,-0.02,80
POS,0.07,-0.42,-0.01,78
POS,0.07,-0.42,-0.03,81
POS,0.08,-0.44,-0.03,82
POS,0.09,-0.45,-0.01,81
POS,0.08,-0.43,0.01,75
POS,0.09,-0.44,0.01,79
POS,0.08,-0.43,0.01,78
POS,0.08,-0.43,-0.01,79
POS,0.07,-0.42,-0.01,78
POS,0.10,-0.45,-0.02,80
POS,0.10,-0.44,-0.01,77
POS,0.11,-0.45,-0.01,79
POS,0.10,-0.45,-0.01,80
POS,0.10,-0.43,-0.03,80
POS,0.12,-0.42,-0.07,82
POS,0.15,-0.45,-0.03,79
POS,0.13,-0.44,-0.01,77
POS,0.12,-0.43,-0.01,73
POS,0.12,-0.43,-0.03,79
POS,0.14,-0.42,-0.06,78
POS,0.13,-0.41,-0.05,74
POS,0.12,-0.41,-0.06,78
POS,0.11,-0.40,-0.07,80
POS,0.11,-0.40,-0.07,79
POS,0.08,-0.40,-0.05,78
POS,0.10,-0.40,-0.05,76
POS,0.16,-0.42,-0.06,77
POS,0.13,-0.41,-0.07,81
POS,0.12,-0.41,-0.07,80
POS,0.11,-0.40,-0.06,75
POS,0.11,-0.40,-0.08,82
POS,0.14,-0.43,-0.04,78
POS,0.12,-0.42,-0.04,78
POS,0.11,-0.42,-0.05,81
POS,0.10,-0.43,-0.04,79
POS,0.15,-0.44,-0.05,77
POS,0.14,-0.45,-0.03,79
POS,0.12,-0.43,-0.05,81
POS,0.10,-0.41,-0.07,84
POS,0.10,-0.40,-0.08,81
POS,0.08,-0.40,-0.06,76
POS,0.09,-0.40,-0.06,78
POS,0.11,-0.43,-0.07,81
POS,0.12,-0.45,-0.05,80
POS,0.11,-0.43,-0.07,81
POS,0.09,-0.45,-0.07,84
POS,0.06,-0.44,-0.06,82
POS,0.05,-0.42,-0.04,78
POS,0.08,-0.44,-0.04,78

POS,0.08,-0.43,-0.05,80
POS,0.07,-0.44,-0.02,83
POS,0.08,-0.43,-0.05,80
POS,0.11,-0.45,-0.04,78
POS,0.12,-0.44,-0.06,79
POS,0.10,-0.43,-0.06,80
POS,0.14,-0.43,-0.07,75
POS,0.14,-0.44,-0.04,77
POS,0.13,-0.44,-0.02,79
POS,0.12,-0.42,-0.03,75
POS,0.13,-0.45,-0.02,80
POS,0.11,-0.43,-0.04,82
POS,0.11,-0.43,-0.04,79
POS,0.11,-0.43,-0.02,76
POS,0.12,-0.44,-0.01,77
POS,0.13,-0.45,0.03,80
POS,0.14,-0.45,-0.00,79
POS,0.14,-0.45,-0.02,78
POS,0.16,-0.47,-0.01,78
POS,0.13,-0.44,-0.00,74
POS,0.11,-0.42,-0.02,80
POS,0.11,-0.44,-0.03,82
POS,0.10,-0.42,-0.04,78
POS,0.08,-0.41,-0.02,77
POS,0.06,-0.40,-0.01,78
POS,0.09,-0.42,-0.02,77
POS,0.09,-0.41,-0.01,73
POS,0.08,-0.41,-0.02,78
POS,0.07,-0.42,-0.04,84
POS,0.09,-0.43,-0.02,78
POS,0.11,-0.45,0.01,79
POS,0.09,-0.43,0.00,77
POS,0.10,-0.42,-0.03,80
POS,0.08,-0.42,-0.03,81
POS,0.07,-0.42,-0.04,81
POS,0.11,-0.44,-0.04,78
POS,0.09,-0.43,-0.03,77
POS,0.08,-0.42,-0.04,79
POS,0.10,-0.42,-0.06,80
POS,0.09,-0.42,-0.05,78
POS,0.13,-0.45,-0.04,78
POS,0.12,-0.44,-0.04,77
POS,0.13,-0.45,-0.04,79
POS,0.12,-0.43,-0.07,82
POS,0.14,-0.45,-0.07,78
POS,0.12,-0.44,-0.05,79
POS,0.11,-0.44,-0.03,79
POS,0.13,-0.45,-0.05,80
POS,0.12,-0.44,-0.06,81
POS,0.10,-0.43,-0.03,77
POS,0.10,-0.44,-0.00,81
POS,0.09,-0.43,-0.01,77
POS,0.11,-0.44,-0.03,79
POS,0.12,-0.46,-0.02,80
POS,0.13,-0.46,-0.02,79
POS,0.13,-0.47,-0.04,80
POS,0.13,-0.46,-0.02,78
POS,0.11,-0.44,-0.03,80
POS,0.10,-0.44,-0.03,78
POS,0.10,-0.44,-0.04,81
POS,0.10,-0.43,-0.06,81
POS,0.11,-0.43,-0.08,81
POS,0.12,-0.45,-0.05,80
POS,0.10,-0.45,-0.04,80
POS,0.09,-0.44,-0.03,74
POS,0.10,-0.44,-0.04,81
POS,0.10,-0.44,-0.02,77
POS,0.11,-0.44,-0.04,80
POS,0.11,-0.45,-0.05,80
POS,0.11,-0.44,-0.05,80
POS,0.10,-0.43,-0.05,78
POS,0.08,-0.42,-0.04,78
POS,0.11,-0.43,-0.04,76
POS,0.11,-0.44,-0.05,82
POS,0.13,-0.46,-0.01,80
POS,0.12,-0.45,-0.01,76
POS,0.09,-0.43,-0.03,82
POS,0.11,-0.45,-0.05,80
POS,0.10,-0.45,-0.02,79
POS,0.14,-0.44,-0.05,77
POS,0.12,-0.44,-0.05,81
POS,0.11,-0.44,-0.05,80
POS,0.12,-0.45,-0.03,80
POS,0.10,-0.43,-0.06,83
POS,0.09,-0.41,-0.03,73
POS,0.09,-0.43,-0.02,80
POS,0.09,-0.44,-0.01,82
POS,0.09,-0.43,-0.01,76
POS,0.07,-0.42,-0.01,78
POS,0.08,-0.42,-0.00,76
POS,0.05,-0.41,-0.01,80
POS,0.06,-0.40,-0.05,84
POS,0.07,-0.41,-0.03,80
POS,0.08,-0.41,-0.06,82
POS,0.08,-0.41,-0.07,81
POS,0.09,-0.43,-0.04,81
POS,0.10,-0.43,-0.04,76
POS,0.10,-0.44,-0.04,82
POS,0.10,-0.44,-0.02,78
POS,0.08,-0.43,-0.02,78
POS,0.07,-0.45,-0.01,84
POS,0.05,-0.44,-0.01,81
POS,0.08,-0.46,-0.01,80
POS,0.09,-0.46,-0.00,82
POS,0.08,-0.43,-0.04,84
POS,0.07,-0.42,-0.05,79
POS,0.06,-0.41,-0.03,76
POS,0.07,-0.43,-0.02,83
POS,0.08,-0.43,-0.03,80
POS,0.08,-0.43,-0.01,76
POS,0.10,-0.43,-0.03,80
POS,0.15,-0.44,-0.05,77
POS,0.12,-0.43,-0.05,78
POS,0.12,-0.43,-0.02,80
POS,0.11,-0.42,-0.05,83
POS,0.12,-0.44,-0.00,82
POS,0.10,-0.43,0.01,76
POS,0.14,-0.46,0.01,80
POS,0.13,-0.43,-0.01,75
POS,0.11,-0.43,-0.02,80
POS,0.16,-0.46,-0.01,77
POS,0.13,-0.44,-0.02,77
POS,0.16,-0.45,-0.03,74
POS,0.15,-0.45,-0.01,78
POS,0.14,-0.43,-0.05,83
POS,0.15,-0.43,-0.05,76
POS,0.12,-0.42,-0.05,77
POS,0.12,-0.43,-0.02,79
POS,0.09,-0.42,-0.00,77
POS,0.11,-0.42,-0.02,78
POS,0.17,-0.46,-0.00,96
POS,0.13,-0.45,-0.00,77
POS,0.17,-0.47,-0.01,78
POS,0.14,-0.45,-0.02,79
POS,0.14,-0.44,-0.05,80
POS,0.13,-0.44,-0.02,80
POS,0.13,-0.44,-0.02,75
POS,0.12,-0.44,-0.03,82
POS,0.11,-0.44,-0.02,78
POS,0.11,-0.44,-0.01,78
POS,0.10,-0.44,0.01,79
POS,0.09,-0.44,0.02,80
POS,0.09,-0.43,-0.00,82
POS,0.10,-0.45,0.00,81
POS,0.08,-0.43,-0.00,77
POS,0.12,-0.45,-0.01,75
POS,0.11,-0.44,-0.01,77
POS,0.09,-0.42,-0.01,76
POS,0.07,-0.42,-0.01,78
POS,0.08,-0.42,-0.02,80
POS,0.09,-0.44,0.01,83
POS,0.14,-0.47,0.01,77
POS,0.12,-0.45,-0.01,79
POS,0.12,-0.45,0.00,80
POS,0.13,-0.46,-0.03,80
POS,0.12,-0.44,-0.05,81
POS,0.13,-0.44,-0.07,80
POS,0.10,-0.42,-0.08,84
POS,0.16,-0.44,-0.07,75
POS,0.14,-0.43,-0.07,79
POS,0.18,-0.44,-0.08,77
POS,0.16,-0.44,-0.08,82
POS,0.14,-0.43,-0.05,75
POS,0.12,-0.42,-0.05,79
POS,0.13,-0.41,-0.11,95
POS,0.12,-0.42,-0.08,81
POS,0.11,-0.43,-0.04,79
POS,0.12,-0.43,-0.06,80
POS,0.10,-0.40,-0.09,86
POS,0.10,-0.41,-0.06,79
POS,0.10,-0.41,-0.04,72
POS,0.08,-0.41,-0.00,82
POS,0.06,-0.42,-0.01,81
POS,0.06,-0.42,-0.01,77
POS,0.06,-0.42,-0.02,81
POS,0.07,-0.44,-0.01,81
POS,0.07,-0.42,-0.03,81
POS,0.09,-0.44,-0.04,80
POS,0.10,-0.45,-0.01,81
POS,0.10,-0.44,-0.02,79
POS,0.08,-0.43,0.00,79
POS,0.08,-0.43,-0.01,80
POS,0.08,-0.41,-0.02,77
POS,0.10,-0.43,-0.05,82
POS,0.07,-0.41,-0.04,78
POS,0.07,-0.42,-0.00,81
POS,0.06,-0.41,-0.01,77
POS,0.07,-0.42,-0.03,82
POS,0.07,-0.43,0.00,81
POS,0.10,-0.45,-0.00,78
POS,0.08,-0.43,0.01,78
POS,0.09,-0.46,0.02,83
POS,0.09,-0.43,-0.02,84
POS,0.12,-0.45,-0.01,77
POS,0.12,-0.46,0.01,81
POS,0.12,-0.44,-0.02,82
POS,0.16,-0.45,-0.02,74
POS,0.16,-0.46,-0.00,79
POS,0.13,-0.44,-0.01,77
POS,0.12,-0.44,-0.01,78
POS,0.13,-0.45,-0.03,79
POS,0.11,-0.44,-0.05,83
POS,0.14,-0.46,-0.02,77
POS,0.12,-0.46,-0.03,84
POS,0.11,-0.46,-0.03,78
POS,0.10,-0.45,-0.00,76
POS,0.13,-0.44,-0.02,74
POS,0.11,-0.44,-0.03,81
POS,0.10,-0.43,-0.03,78
POS,0.11,-0.45,-0.01,81
POS,0.13,-0.46,-0.01,78
POS,0.09,-0.44,-0.01,78
POS,0.12,-0.45,-0.02,77
POS,0.11,-0.43,-0.03,80
POS,0.12,-0.45,-0.04,78
POS,0.15,-0.46,-0.04,78
POS,0.14,-0.45,-0.04,77
POS,0.15,-0.47,-0.04,79
POS,0.14,-0.46,-0.02,77
POS,0.13,-0.45,0.00,75
POS,0.11,-0.43,0.01,76
POS,0.12,-0.44,0.01,77
POS,0.11,-0.44,0.04,82
POS,0.10,-0.42,0.00,82
POS,0.12,-0.44,-0.00,79
POS,0.11,-0.43,-0.02,80
POS,0.17,-0.45,-0.02,75
POS,0.15,-0.45,-0.02,78
POS,0.15,-0.45,-0.04,80
POS,0.15,-0.45,-0.06,79
POS,0.10,-0.43,-0.04,82
POS,0.10,-0.42,-0.07,83
POS,0.09,-0.41,-0.07,80
POS,0.12,-0.44,-0.04,79
POS,0.13,-0.45,-0.03,79
POS,0.11,-0.43,-0.03,74
POS,0.10,-0.43,-0.02,78
POS,0.15,-0.45,-0.01,75
POS,0.15,-0.46,0.02,79
POS,0.17,-0.48,0.01,79
POS,0.17,-0.47,-0.01,78
POS,0.16,-0.45,-0.01,74
POS,0.13,-0.44,-0.02,78
POS,0.12,-0.44,-0.03,80
POS,0.11,-0.43,-0.02,77
POS,0.10,-0.43,0.00,79
POS,0.08,-0.42,-0.01,79
POS,0.08,-0.42,-0.03,81
POS,0.07,-0.41,-0.05,82
POS,0.08,-0.43,-0.02,81
POS,0.08,-0.43,-0.03,81
POS,0.06,-0.42,-0.02,79
POS,0.08,-0.44,-0.02,81
POS,0.08,-0.43,-0.03,79
POS,0.12,-0.44,-0.03,77
POS,0.10,-0.44,-0.01,80
POS,0.11,-0.45,-0.04,81
POS,0.11,-0.44,-0.05,80
POS,0.10,-0.44,-0.05,80
POS,0.13,-0.46,-0.04,77
POS,0.13,-0.44,-0.06,80
POS,0.14,-0.46,-0.06,80
POS,0.14,-0.46,-0.03,80
POS,0.12,-0.45,-0.04,81
POS,0.10,-0.42,-0.05,78
POS,0.07,-0.41,-0.02,80
POS,0.09,-0.43,-0.02,81
POS,0.07,-0.43,-0.02,79
POS,0.07,-0.42,-0.02,77
POS,0.08,-0.42,-0.02,75
POS,0.11,-0.44,-0.01,78
POS,0.12,-0.44,-0.02,78
POS,0.10,-0.41,-0.05,84
POS,0.10,-0.42,-0.03,78
POS,0.08,-0.41,-0.03,76
POS,0.08,-0.41,-0.02,77
POS,0.08,-0.42,-0.03,80
POS,0.10,-0.42,-0.05,80
POS,0.10,-0.43,-0.06,82
POS,0.11,-0.44,-0.03,78
POS,0.14,-0.46,-0.01,79
POS,0.14,-0.44,-0.06,84
POS,0.13,-0.45,-0.05,80
POS,0.12,-0.43,-0.06,81
POS,0.15,-0.45,-0.07,78
POS,0.14,-0.45,-0.05,80
POS,0.12,-0.45,-0.04,78
POS,0.11,-0.44,-0.05,82
POS,0.12,-0.44,-0.04,77
POS,0.13,-0.45,-0.04,79
POS,0.12,-0.47,0.01,83
POS,0.12,-0.44,-0.00,75
POS,0.10,-0.45,-0.01,81
POS,0.12,-0.46,-0.01,80
POS,0.12,-0.44,-0.02,78
POS,0.11,-0.45,-0.02,80
POS,0.09,-0.44,-0.03,81
POS,0.09,-0.44,-0.03,79
POS,0.12,-0.46,-0.03,78
POS,0.11,-0.44,-0.03,75
POS,0.12,-0.45,-0.03,79
POS,0.11,-0.43,-0.06,82
POS,0.10,-0.43,-0.05,79
POS,0.13,-0.45,-0.06,78
POS,0.14,-0.46,-0.04,79
POS,0.15,-0.46,-0.05,78
POS,0.16,-0.47,-0.04,77
POS,0.14,-0.46,-0.04,79
POS,0.13,-0.46,-0.03,80
POS,0.11,-0.46,-0.02,79
POS,0.10,-0.44,-0.00,74
POS,0.09,-0.44,-0.01,79
POS,0.09,-0.44,-0.02,82
POS,0.07,-0.43,-0.01,77
POS,0.06,-0.40,-0.00,74
POS,0.05,-0.40,-0.01,77
POS,0.11,-0.44,-0.02,80
POS,0.08,-0.44,-0.01,80
POS,0.10,-0.45,-0.02,81
POS,0.10,-0.45,-0.01,80
POS,0.10,-0.46,-0.01,80
POS,0.09,-0.44,-0.01,77
POS,0.09,-0.45,-0.03,81
POS,0.07,-0.44,-0.02,78
POS,0.08,-0.43,0.01,78
POS,0.10,-0.45,-0.01,79
POS,0.09,-0.45,0.00,80
POS,0.08,-0.43,-0.02,79
POS,0.08,-0.43,-0.02,79
POS,0.09,-0.44,-0.02,78
POS,0.09,-0.43,-0.02,77
POS,0.10,-0.45,-0.02,81
POS,0.11,-0.45,-0.02,80
POS,0.10,-0.44,-0.05,82
POS,0.06,-0.42,-0.04,81
POS,0.07,-0.44,-0.04,82
POS,0.08,-0.43,-0.01,76
POS,0.09,-0.44,-0.01,79
POS,0.08,-0.44,-0.02,80
POS,0.13,-0.38,-0.12,87
POS,0.13,-0.40,-0.13,82
POS,0.12,-0.41,-0.13,83
POS,0.12,-0.42,-0.09,79
POS,0.14,-0.42,-0.09,76
POS,0.12,-0.43,-0.09,83
POS,0.08,-0.42,-0.06,81
POS,0.09,-0.43,-0.07,80
POS,0.10,-0.43,-0.07,79
POS,0.08,-0.42,-0.05,77
POS,0.09,-0.43,-0.04,78
POS,0.10,-0.44,-0.05,80
POS,0.09,-0.43,-0.06,82
POS,0.10,-0.43,-0.06,79
POS,0.12,-0.46,-0.06,81
POS,0.14,-0.44,-0.10,85
POS,0.12,-0.43,-0.11,82
POS,0.11,-0.42,-0.12,84
POS,0.13,-0.43,-0.12,80
POS,0.12,-0.43,-0.11,81
POS,0.14,-0.45,-0.11,80
POS,0.16,-0.45,-0.10,76
POS,0.15,-0.45,-0.09,79
POS,0.16,-0.45,-0.10,80
POS,0.15,-0.44,-0.09,79
POS,0.16,-0.45,-0.07,78
POS,0.15,-0.46,-0.07,79
POS,0.13,-0.44,-0.10,86
POS,0.12,-0.42,-0.10,81
POS,0.12,-0.43,-0.10,81
POS,0.13,-0.44,-0.08,79
POS,0.14,-0.46,-0.06,80
POS,0.13,-0.46,-0.07,80
POS,0.13,-0.46,-0.06,79
POS,0.12,-0.46,-0.08,82
POS,0.15,-0.47,-0.07,79
POS,0.12,-0.45,-0.08,82
POS,0.14,-0.44,-0.09,80
POS,0.14,-0.42,-0.13,86
POS,0.13,-0.42,-0.13,81
POS,0.11,-0.42,-0.10,79
POS,0.11,-0.45,-0.08,82
POS,0.14,-0.46,-0.08,79
POS,0.16,-0.47,-0.06,76
POS,0.14,-0.46,-0.08,81
POS,0.14,-0.45,-0.08,78
POS,0.13,-0.44,-0.08,81
POS,0.11,-0.43,-0.06,77
POS,0.11,-0.44,-0.06,81
POS,0.09,-0.43,-0.08,83
POS,0.10,-0.43,-0.06,75
POS,0.10,-0.38,-0.12,92
POS,0.12,-0.40,-0.11,78
POS,0.10,-0.40,-0.10,81
POS,0.12,-0.40,-0.12,84
POS,0.15,-0.42,-0.11,77
POS,0.13,-0.42,-0.11,82
POS,0.11,-0.43,-0.12,85
POS,0.09,-0.42,-0.09,78
POS,0.11,-0.44,-0.09,80
POS,0.15,-0.45,-0.11,81
POS,0.14,-0.46,-0.09,81
POS,0.13,-0.44,-0.09,81
POS,0.11,-0.42,-0.09,80
POS,0.10,-0.41,-0.11,85
POS,0.10,-0.40,-0.10,78
POS,0.13,-0.44,-0.07,80
POS,0.13,-0.42,-0.09,82
POS,0.11,-0.42,-0.09,82
POS,0.11,-0.43,-0.08,80
POS,0.12,-0.45,-0.06,80
POS,0.12,-0.46,-0.06,82
POS,0.12,-0.45,-0.07,80
POS,0.12,-0.45,-0.11,88
POS,0.12,-0.42,-0.13,86
POS,0.12,-0.42,-0.12,77
POS,0.10,-0.42,-0.10,79
POS,0.12,-0.43,-0.12,84
POS,0.14,-0.44,-0.13,82
POS,0.18,-0.45,-0.14,81
POS,0.18,-0.47,-0.12,79
POS,0.18,-0.47,-0.11,79
POS,0.15,-0.46,-0.10,80
POS,0.11,-0.44,-0.08,79
POS,0.14,-0.45,-0.08,79
POS,0.13,-0.45,-0.08,84
POS,0.13,-0.44,-0.09,79
POS,0.15,-0.38,-0.17,88
POS,0.14,-0.39,-0.14,81
POS,0.14,-0.41,-0.14,81
POS,0.14,-0.42,-0.10,80
POS,0.14,-0.44,-0.09,82
POS,0.12,-0.44,-0.07,79
POS,0.12,-0.44,-0.09,82
POS,0.12,-0.43,-0.09,80
POS,0.14,-0.45,-0.09,79
POS,0.14,-0.46,-0.09,80
POS,0.14,-0.46,-0.09,80
POS,0.12,-0.45,-0.08,81
POS,0.12,-0.45,-0.08,80
POS,0.11,-0.45,-0.08,82
POS,0.12,-0.47,-0.07,81
POS,0.11,-0.46,-0.03,81
POS,0.13,-0.46,-0.04,77
POS,0.14,-0.47,-0.05,79
POS,0.13,-0.46,-0.04,76
POS,0.11,-0.46,-0.01,82
POS,0.19,-0.50,0.01,93
POS,0.20,-0.50,0.00,77
POS,0.19,-0.49,-0.02,79
POS,0.17,-0.49,-0.03,81
POS,0.17,-0.49,-0.04,80
POS,0.17,-0.48,-0.04,77
POS,0.13,-0.45,-0.06,83
POS,0.12,-0.44,-0.06,79
POS,0.10,-0.42,-0.07,82
POS,0.12,-0.44,-0.06,79
POS,0.11,-0.45,-0.05,79
POS,0.11,-0.43,-0.07,81
POS,0.11,-0.43,-0.07,80
POS,0.07,-0.41,-0.06,81
POS,0.07,-0.42,-0.05,80
POS,0.08,-0.42,-0.04,76
POS,0.10,-0.43,-0.05,77
POS,0.10,-0.44,-0.03,80
POS,0.08,-0.43,-0.04,81
POS,0.10,-0.45,-0.03,80
POS,0.09,-0.43,-0.05,82
POS,0.09,-0.43,-0.05,79
POS,0.13,-0.46,-0.04,79
POS,0.12,-0.45,-0.06,82
POS,0.14,-0.46,-0.05,78
POS,0.13,-0.44,-0.08,84
POS,0.12,-0.41,-0.10,84
POS,0.11,-0.39,-0.15,92
POS,0.15,-0.43,-0.13,78
POS,0.14,-0.45,-0.09,82
POS,0.13,-0.45,-0.09,82
POS,0.15,-0.45,-0.09,78
POS,0.15,-0.45,-0.08,77
POS,0.13,-0.45,-0.07,79
POS,0.13,-0.46,-0.06,80
POS,0.12,-0.47,-0.05,84
POS,0.15,-0.47,-0.06,78
POS,0.18,-0.48,-0.06,76
POS,0.16,-0.47,-0.06,81
POS,0.15,-0.47,-0.08,83
POS,0.16,-0.47,-0.08,77
POS,0.17,-0.47,-0.09,80
POS,0.14,-0.47,-0.06,81
POS,0.14,-0.47,-0.07,81
POS,0.15,-0.47,-0.07,77
POS,0.14,-0.46,-0.08,81
POS,0.13,-0.46,-0.09,82
POS,0.12,-0.46,-0.06,80
POS,0.11,-0.45,-0.08,82
POS,0.15,-0.48,-0.07,97
POS,0.15,-0.48,-0.08,80
POS,0.15,-0.46,-0.11,84
POS,0.16,-0.45,-0.12,81
POS,0.17,-0.46,-0.10,78
POS,0.17,-0.45,-0.11,80
POS,0.15,-0.45,-0.08,79
POS,0.12,-0.43,-0.09,84
POS,0.12,-0.43,-0.10,81
POS,0.12,-0.43,-0.07,77
POS,0.12,-0.43,-0.07,79
POS,0.12,-0.44,-0.06,80
POS,0.10,-0.43,-0.05,79
POS,0.11,-0.43,-0.09,85
POS,0.13,-0.45,-0.07,79
POS,0.14,-0.44,-0.07,77
POS,0.14,-0.45,-0.07,77
POS,0.15,-0.44,-0.09,80
POS,0.14,-0.43,-0.08,79
POS,0.14,-0.43,-0.09,80
POS,0.11,-0.43,-0.04,81
POS,0.12,-0.44,-0.06,82
POS,0.13,-0.45,-0.06,80
POS,0.12,-0.45,-0.06,79
POS,0.12,-0.46,-0.03,81
POS,0.12,-0.46,-0.02,80
POS,0.12,-0.47,-0.02,82
POS,0.13,-0.47,-0.08,87
POS,0.13,-0.47,-0.07,81
POS,0.13,-0.47,-0.05,79
POS,0.14,-0.48,-0.05,80
POS,0.12,-0.49,-0.05,84
POS,0.12,-0.48,-0.05,81
POS,0.14,-0.48,-0.07,79
POS,0.14,-0.47,-0.07,80
POS,0.12,-0.45,-0.07,81
POS,0.11,-0.46,-0.04,80
POS,0.09,-0.44,-0.05,81
POS,0.10,-0.44,-0.05,79
POS,0.13,-0.46,-0.04,78
POS,0.13,-0.47,-0.04,81
POS,0.13,-0.47,-0.04,80
POS,0.15,-0.48,-0.05,78
POS,0.13,-0.46,-0.06,82
POS,0.12,-0.45,-0.03,79
POS,0.09,-0.45,-0.03,80
POS,0.09,-0.44,-0.03,80
POS,0.07,-0.44,-0.03,80
POS,0.11,-0.45,-0.03,76
POS,0.09,-0.44,-0.01,78
POS,0.10,-0.45,-0.02,82
POS,0.10,-0.45,-0.03,80
POS,0.12,-0.44,-0.07,83
POS,0.11,-0.44,-0.05,78
POS,0.10,-0.43,-0.06,81
POS,0.09,-0.43,-0.07,83
POS,0.12,-0.43,-0.07,76
POS,0.09,-0.42,-0.07,81
POS,0.10,-0.42,-0.06,79
POS,0.10,-0.42,-0.07,79
POS,0.13,-0.44,-0.06,77
POS,0.14,-0.46,-0.04,79
POS,0.15,-0.46,-0.07,81
POS,0.14,-0.46,-0.09,84
POS,0.14,-0.45,-0.09,77
POS,0.14,-0.45,-0.09,79
POS,0.13,-0.44,-0.09,80
POS,0.15,-0.45,-0.10,80
POS,0.19,-0.47,-0.09,77
POS,0.20,-0.47,-0.09,77
POS,0.22,-0.47,-0.10,79
POS,0.20,-0.47,-0.08,79
POS,0.21,-0.48,-0.07,78
POS,0.16,-0.47,-0.07,82
POS,0.14,-0.45,-0.09,84
POS,0.22,-0.48,-0.02,92
POS,0.23,-0.47,-0.05,79
POS,0.19,-0.45,-0.05,79
POS,0.18,-0.47,-0.05,81
POS,0.15,-0.45,-0.07,83
POS,0.13,-0.44,-0.10,85
POS,0.13,-0.43,-0.10,78
POS,0.10,-0.40,-0.10,82
POS,0.09,-0.41,-0.10,82
POS,0.10,-0.41,-0.09,80
POS,0.13,-0.43,-0.07,76
POS,0.13,-0.43,-0.08,77
POS,0.11,-0.41,-0.07,78
POS,0.12,-0.41,-0.09,83
POS,0.13,-0.42,-0.09,79
POS,0.11,-0.43,-0.08,82
POS,0.13,-0.44,-0.08,79
POS,0.14,-0.45,-0.09,79
POS,0.15,-0.47,-0.08,79
POS,0.14,-0.46,-0.05,80
POS,0.13,-0.45,-0.07,81
POS,0.13,-0.47,-0.06,83
POS,0.12,-0.45,-0.08,83
POS,0.09,-0.43,-0.07,76
POS,0.15,-0.45,-0.07,77
POS,0.13,-0.45,-0.05,80
POS,0.12,-0.45,-0.04,79
POS,0.14,-0.45,-0.08,97
POS,0.15,-0.46,-0.08,80
POS,0.13,-0.46,-0.08,82
POS,0.14,-0.47,-0.09,81
POS,0.13,-0.47,-0.08,83
POS,0.13,-0.43,-0.13,90
POS,0.15,-0.46,-0.10,80
POS,0.14,-0.45,-0.10,81
POS,0.16,-0.46,-0.11,79
POS,0.15,-0.45,-0.09,78
POS,0.13,-0.41,-0.13,90
POS,0.16,-0.43,-0.14,80
POS,0.13,-0.43,-0.11,79
POS,0.13,-0.43,-0.12,83
POS,0.16,-0.45,-0.10,78
POS,0.15,-0.46,-0.11,81
POS,0.15,-0.43,-0.13,90
POS,0.15,-0.44,-0.12,78
POS,0.18,-0.45,-0.11,76
POS,0.16,-0.45,-0.08,79
POS,0.14,-0.44,-0.09,82
POS,0.15,-0.41,-0.14,90
POS,0.14,-0.42,-0.12,79
POS,0.14,-0.42,-0.10,77
POS,0.14,-0.41,-0.12,83
POS,0.13,-0.41,-0.13,84
POS,0.10,-0.41,-0.11,81
POS,0.11,-0.42,-0.10,79
POS,0.13,-0.43,-0.10,80
POS,0.14,-0.44,-0.09,77
POS,0.13,-0.45,-0.08,82
POS,0.11,-0.43,-0.08,81
POS,0.13,-0.43,-0.11,82
POS,0.12,-0.43,-0.10,82
POS,0.11,-0.43,-0.07,79
POS,0.13,-0.45,-0.09,82
POS,0.13,-0.45,-0.08,79
POS,0.16,-0.47,-0.07,79
POS,0.14,-0.44,-0.09,82
POS,0.13,-0.44,-0.07,78
POS,0.12,-0.43,-0.05,74
POS,0.12,-0.42,-0.06,79
POS,0.15,-0.43,-0.08,77
POS,0.15,-0.43,-0.10,84
POS,0.18,-0.44,-0.10,77
POS,0.12,-0.42,-0.09,83
POS,0.13,-0.43,-0.09,80
POS,0.12,-0.43,-0.07,75
POS,0.16,-0.45,-0.06,76
POS,0.16,-0.46,-0.07,80
POS,0.14,-0.46,-0.08,82
POS,0.13,-0.45,-0.10,84
POS,0.13,-0.44,-0.10,79
POS,0.14,-0.43,-0.11,81
POS,0.13,-0.42,-0.13,85
POS,0.13,-0.41,-0.12,78
POS,0.14,-0.43,-0.10,80
POS,0.17,-0.45,-0.12,82
POS,0.15,-0.44,-0.12,81
POS,0.13,-0.44,-0.10,79
POS,0.15,-0.44,-0.11,80
POS,0.11,-0.42,-0.12,87
POS,0.09,-0.42,-0.11,82
POS,0.11,-0.43,-0.10,78
POS,0.11,-0.44,-0.07,80
POS,0.10,-0.44,-0.08,83
POS,0.11,-0.43,-0.10,83
POS,0.12,-0.44,-0.09,78
POS,0.12,-0.43,-0.10,82
POS,0.14,-0.46,-0.09,79
POS,0.12,-0.45,-0.08,79
POS,0.12,-0.44,-0.09,82
POS,0.14,-0.46,-0.08,80
POS,0.12,-0.46,-0.05,79
POS,0.16,-0.47,-0.03,75
POS,0.15,-0.48,-0.00,83
POS,0.17,-0.49,-0.02,79
POS,0.15,-0.46,-0.01,72
POS,0.13,-0.44,-0.02,80
POS,0.11,-0.44,-0.01,79
POS,0.13,-0.44,-0.04,80
POS,0.12,-0.45,-0.03,81
POS,0.13,-0.46,-0.05,79
POS,0.13,-0.44,-0.06,79
POS,0.12,-0.44,-0.06,80
POS,0.09,-0.43,-0.06,80
POS,0.12,-0.43,-0.07,77
POS,0.12,-0.44,-0.06,80
POS,0.13,-0.46,-0.05,80
POS,0.13,-0.47,-0.03,80
POS,0.13,-0.47,-0.04,80
POS,0.14,-0.48,-0.03,79
POS,0.12,-0.45,-0.04,80
POS,0.15,-0.47,-0.04,77
POS,0.15,-0.47,-0.03,79
POS,0.17,-0.48,-0.05,78
POS,0.19,-0.49,-0.04,78
POS,0.20,-0.48,-0.05,77
POS,0.21,-0.49,-0.07,80
POS,0.19,-0.48,-0.06,78
POS,0.16,-0.47,-0.06,82
POS,0.19,-0.48,-0.05,76
POS,0.14,-0.47,-0.02,81
POS,0.12,-0.46,-0.02,80
POS,0.12,-0.44,-0.07,87
POS,0.10,-0.43,-0.06,78
POS,0.13,-0.46,-0.03,79
POS,0.09,-0.44,-0.03,79
POS,0.08,-0.43,-0.03,79
POS,0.09,-0.43,-0.05,80
POS,0.06,-0.42,-0.04,81
POS,0.08,-0.43,-0.02,79
POS,0.07,-0.43,-0.02,80
POS,0.05,-0.41,0.01,78
POS,0.06,-0.42,-0.00,79
POS,0.06,-0.42,-0.01,79
POS,0.05,-0.40,-0.03,82
POS,0.10,-0.42,-0.04,76
POS,0.12,-0.43,-0.05,78
POS,0.10,-0.43,-0.04,78
POS,0.09,-0.43,-0.03,78
POS,0.11,-0.45,-0.02,80
POS,0.10,-0.44,-0.01,76
POS,0.14,-0.46,-0.01,79
POS,0.14,-0.47,-0.02,79
POS,0.16,-0.47,-0.05,81
POS,0.15,-0.47,-0.07,81
POS,0.17,-0.46,-0.07,76
POS,0.15,-0.45,-0.05,75
POS,0.15,-0.44,-0.06,78
POS,0.13,-0.44,-0.04,78
POS,0.15,-0.45,-0.06,79
POS,0.13,-0.44,-0.06,81
POS,0.13,-0.46,-0.04,80
POS,0.14,-0.46,-0.03,79
POS,0.12,-0.45,-0.03,79
POS,0.11,-0.44,-0.05,81
POS,0.13,-0.44,-0.06,76
POS,0.14,-0.45,-0.05,79
POS,0.13,-0.45,-0.05,77
POS,0.16,-0.44,-0.08,81
POS,0.15,-0.44,-0.06,79
POS,0.11,-0.42,-0.05,78
POS,0.12,-0.45,-0.05,81
POS,0.13,-0.46,-0.05,79
POS,0.12,-0.44,-0.06,81
POS,0.10,-0.43,-0.06,79
POS,0.10,-0.43,-0.04,78
POS,0.11,-0.43,-0.06,80
POS,0.12,-0.44,-0.07,79
POS,0.13,-0.45,-0.08,81
POS,0.14,-0.46,-0.07,78
POS,0.10,-0.44,-0.03,81
POS,0.10,-0.42,-0.07,86
POS,0.11,-0.43,-0.07,78
POS,0.12,-0.42,-0.10,84
POS,0.12,-0.42,-0.11,83
POS,0.13,-0.44,-0.08,79
POS,0.10,-0.43,-0.10,85
POS,0.09,-0.41,-0.11,85
POS,0.09,-0.40,-0.14,87
POS,0.09,-0.39,-0.13,81
POS,0.10,-0.41,-0.11,80
POS,0.11,-0.42,-0.08,76
POS,0.09,-0.42,-0.07,80
POS,0.12,-0.36,-0.15,89
POS,0.10,-0.36,-0.14,82
POS,0.09,-0.36,-0.11,73
POS,0.10,-0.38,-0.11,81
POS,0.09,-0.39,-0.09,79
POS,0.13,-0.41,-0.09,77
POS,0.14,-0.44,-0.07,81
POS,0.17,-0.46,-0.06,77
POS,0.20,-0.47,-0.08,79
POS,0.23,-0.49,-0.06,76
POS,0.24,-0.49,-0.05,75
POS,0.19,-0.45,-0.07,81
POS,0.17,-0.45,-0.08,80
POS,0.16,-0.45,-0.06,79
POS,0.17,-0.46,-0.07,79
POS,0.14,-0.44,-0.06,79
POS,0.16,-0.44,-0.09,80
POS,0.18,-0.46,-0.09,79
POS,0.16,-0.45,-0.07,78
POS,0.16,-0.46,-0.07,77
POS,0.14,-0.46,-0.08,82
POS,0.14,-0.46,-0.06,81
POS,0.14,-0.46,-0.06,79
POS,0.13,-0.46,-0.07,82
POS,0.11,-0.45,-0.05,78
POS,0.10,-0.44,-0.04,77
POS,0.10,-0.45,-0.06,82
POS,0.12,-0.46,-0.06,79
POS,0.08,-0.43,-0.04,79
POS,0.09,-0.41,-0.09,86
POS,0.07,-0.40,-0.07,78
POS,0.09,-0.41,-0.10,85
POS,0.08,-0.41,-0.08,78
POS,0.11,-0.44,-0.06,80
POS,0.12,-0.46,-0.04,81
POS,0.14,-0.45,-0.07,80
POS,0.15,-0.46,-0.06,80
POS,0.13,-0.46,-0.03,78
POS,0.10,-0.43,-0.04,79
POS,0.12,-0.44,-0.04,78
POS,0.11,-0.43,-0.04,78
POS,0.11,-0.43,-0.06,82
POS,0.12,-0.42,-0.08,79
POS,0.12,-0.42,-0.09,81
POS,0.10,-0.42,-0.08,80
POS,0.13,-0.44,-0.09,80
POS,0.13,-0.46,-0.05,82
POS,0.15,-0.46,-0.07,79
POS,0.18,-0.47,-0.04,76
POS,0.19,-0.48,-0.04,77
POS,0.15,-0.47,-0.06,83
POS,0.12,-0.44,-0.07,83
POS,0.13,-0.43,-0.10,83
POS,0.13,-0.44,-0.09,81
POS,0.19,-0.44,-0.11,78
POS,0.16,-0.42,-0.12,85
POS,0.14,-0.43,-0.10,78
POS,0.14,-0.44,-0.09,81
POS,0.14,-0.45,-0.07,79
POS,0.17,-0.46,-0.08,78
POS,0.17,-0.46,-0.09,80
POS,0.15,-0.45,-0.12,86
POS,0.16,-0.44,-0.14,83
POS,0.13,-0.42,-0.13,82
POS,0.13,-0.43,-0.12,80
POS,0.15,-0.45,-0.09,78
POS,0.13,-0.45,-0.05,81
POS,0.14,-0.45,-0.07,81
POS,0.13,-0.45,-0.08,82
POS,0.15,-0.46,-0.09,79
POS,0.14,-0.46,-0.10,83
POS,0.11,-0.44,-0.07,79
POS,0.14,-0.43,-0.10,81
POS,0.13,-0.43,-0.08,78
POS,0.13,-0.44,-0.09,81
POS,0.13,-0.44,-0.09,78
POS,0.10,-0.42,-0.07,76
POS,0.10,-0.43,-0.07,81
POS,0.14,-0.43,-0.09,80
POS,0.11,-0.43,-0.04,81
POS,0.12,-0.44,-0.05,80
POS,0.12,-0.44,-0.07,81
POS,0.12,-0.43,-0.08,80
POS,0.09,-0.42,-0.06,77
POS,0.09,-0.40,-0.10,88
POS,0.12,-0.41,-0.12,82
POS,0.12,-0.42,-0.13,84
POS,0.15,-0.43,-0.11,76
POS,0.17,-0.44,-0.11,76
POS,0.17,-0.45,-0.11,81
POS,0.19,-0.46,-0.12,80
POS,0.17,-0.42,-0.16,91
POS,0.16,-0.42,-0.16,84
POS,0.15,-0.43,-0.14,81
POS,0.16,-0.45,-0.12,78
POS,0.13,-0.45,-0.10,80
POS,0.15,-0.44,-0.11,80
POS,0.14,-0.44,-0.10,79
POS,0.12,-0.43,-0.08,79
POS,0.14,-0.45,-0.08,78
POS,0.17,-0.45,-0.10,81
POS,0.19,-0.47,-0.09,79
POS,0.15,-0.46,-0.07,79
POS,0.18,-0.47,-0.06,77
POS,0.19,-0.48,-0.07,79
POS,0.14,-0.44,-0.07,80
POS,0.18,-0.46,-0.06,76
POS,0.19,-0.47,-0.06,76
POS,0.17,-0.45,-0.06,79
POS,0.18,-0.43,-0.08,80
POS,0.17,-0.44,-0.10,82
POS,0.20,-0.46,-0.07,74
POS,0.17,-0.46,-0.05,81
POS,0.15,-0.44,-0.06,78
POS,0.14,-0.43,-0.05,75
POS,0.12,-0.43,-0.03,80
POS,0.12,-0.44,-0.05,80
POS,0.15,-0.47,-0.01,79
POS,0.16,-0.47,-0.03,78
POS,0.12,-0.44,-0.04,82
POS,0.11,-0.42,-0.06,82
POS,0.13,-0.45,-0.05,79
POS,0.13,-0.45,-0.04,80
POS,0.11,-0.45,-0.05,82
POS,0.11,-0.46,-0.05,82
POS,0.10,-0.45,-0.05,79
POS,0.11,-0.47,-0.05,81
POS,0.12,-0.45,-0.07,81
POS,0.13,-0.46,-0.07,78
POS,0.13,-0.46,-0.08,82
POS,0.15,-0.47,-0.07,79
POS,0.15,-0.47,-0.04,78
POS,0.16,-0.47,-0.06,79
POS,0.16,-0.47,-0.05,79
POS,0.16,-0.47,-0.06,78
POS,0.14,-0.46,-0.07,82
POS,0.13,-0.45,-0.08,82
POS,0.12,-0.46,-0.08,82
POS,0.12,-0.46,-0.08,81
POS,0.13,-0.45,-0.09,79
POS,0.13,-0.45,-0.10,82
POS,0.13,-0.44,-0.11,81
POS,0.11,-0.43,-0.10,81
POS,0.10,-0.43,-0.11,82
POS,0.11,-0.43,-0.10,80
POS,0.11,-0.44,-0.11,82
POS,0.12,-0.45,-0.12,83
POS,0.12,-0.46,-0.12,82
POS,0.10,-0.45,-0.10,80
POS,0.14,-0.36,-0.18,86
POS,0.13,-0.39,-0.17,83
POS,0.12,-0.41,-0.12,81
POS,0.15,-0.43,-0.11,77
POS,0.14,-0.46,-0.11,83
POS,0.17,-0.40,-0.18,89
POS,0.15,-0.40,-0.18,85
POS,0.14,-0.41,-0.13,77
POS,0.15,-0.42,-0.12,78
POS,0.13,-0.43,-0.10,80
POS,0.10,-0.41,-0.07,76
POS,0.11,-0.42,-0.07,80
POS,0.10,-0.42,-0.06,79
POS,0.10,-0.44,-0.03,82
POS,0.08,-0.42,-0.05,81
POS,0.10,-0.42,-0.07,80
POS,0.13,-0.43,-0.07,78
POS,0.15,-0.45,-0.07,77
POS,0.13,-0.42,-0.07,77
POS,0.15,-0.41,-0.09,81
POS,0.15,-0.42,-0.11,83
POS,0.12,-0.41,-0.08,75
POS,0.13,-0.43,-0.06,79
POS,0.09,-0.41,-0.04,79
POS,0.10,-0.43,-0.03,81
POS,0.09,-0.43,-0.05,83
POS,0.08,-0.42,-0.03,76
POS,0.09,-0.43,-0.04,81
POS,0.12,-0.44,-0.06,79
POS,0.10,-0.43,-0.04,75
POS,0.09,-0.42,-0.06,81
POS,0.09,-0.41,-0.07,82
POS,0.10,-0.41,-0.08,80
POS,0.07,-0.40,-0.07,77
POS,0.09,-0.42,-0.04,80
POS,0.13,-0.45,-0.02,77
POS,0.17,-0.47,-0.02,77
POS,0.19,-0.47,-0.04,76
POS,0.20,-0.48,-0.02,79
POS,0.15,-0.46,0.00,80
POS,0.14,-0.47,-0.01,80
POS,0.15,-0.48,-0.01,80
