POS,0.71,-0.36,-0.41,95
POS,0.66,-0.37,-0.42,92
POS,0.70,-0.37,-0.41,95
POS,0.70,-0.37,-0.39,92
POS,0.66,-0.38,-0.41,93
POS,0.68,-0.41,-0.30,84
POS,0.70,-0.37,-0.33,94
POS,0.71,-0.38,-0.33,94
POS,0.68,-0.40,-0.36,92
POS,0.67,-0.44,-0.33,89
POS,0.75,-0.51,-0.24,93
POS,0.76,-0.38,-0.33,94
POS,0.76,-0.42,-0.24,87
POS,0.72,-0.46,-0.24,88
POS,0.73,-0.48,-0.23,88
POS,0.72,-0.49,-0.24,90
POS,0.72,-0.45,-0.31,95
POS,0.75,-0.43,-0.33,95
POS,0.85,-0.44,-0.27,93
POS,0.80,-0.42,-0.33,94
POS,0.78,-0.37,-0.38,94
POS,0.80,-0.42,-0.29,89
POS,0.76,-0.35,-0.37,93
POS,0.74,-0.33,-0.41,94
POS,0.74,-0.29,-0.45,94
POS,0.70,-0.33,-0.46,94
POS,0.71,-0.38,-0.33,86
POS,0.70,-0.41,-0.33,91
POS,0.74,-0.41,-0.27,84
POS,0.69,-0.44,-0.29,90
POS,0.73,-0.43,-0.27,90
POS,0.76,-0.40,-0.23,84
POS,0.76,-0.38,-0.25,93
POS,0.78,-0.39,-0.24,89
POS,0.76,-0.42,-0.25,90
POS,0.76,-0.42,-0.29,94
POS,0.74,-0.39,-0.35,94
POS,0.72,-0.38,-0.41,94
POS,0.74,-0.38,-0.38,92
POS,0.75,-0.29,-0.44,94
POS,0.76,-0.31,-0.44,96
POS,0.72,-0.37,-0.40,89
POS,0.74,-0.28,-0.50,96
POS,0.73,-0.34,-0.43,88
POS,0.71,-0.38,-0.40,90
POS,0.72,-0.40,-0.34,85
POS,0.72,-0.42,-0.31,89
POS,0.70,-0.40,-0.35,93
POS,0.71,-0.41,-0.37,95
POS,0.73,-0.44,-0.28,86
POS,0.71,-0.39,-0.36,94
POS,0.70,-0.32,-0.43,93
POS,0.68,-0.38,-0.41,90
POS,0.68,-0.41,-0.36,87
POS,0.67,-0.43,-0.33,88
POS,0.69,-0.42,-0.34,93
POS,0.66,-0.43,-0.35,91
POS,0.66,-0.44,-0.34,90
POS,0.64,-0.48,-0.29,85
POS,0.66,-0.49,-0.26,85
POS,0.68,-0.44,-0.29,94
POS,0.67,-0.42,-0.36,94
POS,0.66,-0.45,-0.34,90
POS,0.71,-0.45,-0.30,88
POS,0.73,-0.41,-0.31,95
POS,0.69,-0.45,-0.31,89
POS,0.65,-0.46,-0.33,91
POS,0.65,-0.46,-0.34,91
POS,0.63,-0.49,-0.31,87
POS,0.61,-0.50,-0.34,92
POS,0.60,-0.54,-0.29,86
POS,0.61,-0.55,-0.25,85
POS,0.65,-0.54,-0.24,89
POS,0.67,-0.49,-0.30,95
POS,0.72,-0.46,-0.27,89
POS,0.70,-0.45,-0.33,95
POS,0.72,-0.45,-0.28,85
POS,0.74,-0.42,-0.32,96
POS,0.74,-0.45,-0.28,87
POS,0.75,-0.44,-0.29,93
POS,0.73,-0.43,-0.33,95
POS,0.71,-0.46,-0.30,86
POS,0.70,-0.49,-0.28,88
POS,0.71,-0.49,-0.27,90
POS,0.72,-0.43,-0.30,94
POS,0.72,-0.48,-0.26,87
POS,0.69,-0.50,-0.24,86
POS,0.67,-0.48,-0.30,93
POS,0.70,-0.48,-0.26,87
POS,0.68,-0.48,-0.30,93
POS,0.67,-0.49,-0.29,88
POS,0.69,-0.50,-0.28,90
POS,0.72,-0.46,-0.28,92
POS,0.70,-0.47,-0.31,92
POS,0.69,-0.49,-0.31,90
POS,0.69,-0.51,-0.28,86
POS,0.71,-0.47,-0.30,94
POS,0.71,-0.49,-0.27,88
POS,0.69,-0.52,-0.23,84
POS,0.71,-0.51,-0.21,87
POS,0.69,-0.52,-0.20,86
POS,0.69,-0.49,-0.25,94
POS,0.70,-0.47,-0.27,93
POS,0.76,-0.51,-0.20,92
POS,0.78,-0.49,-0.17,85
POS,0.79,-0.47,-0.18,89
POS,0.77,-0.42,-0.28,94
POS,0.77,-0.41,-0.28,92
POS,0.78,-0.42,-0.25,87
POS,0.74,-0.45,-0.26,89
POS,0.74,-0.48,-0.24,87
POS,0.81,-0.46,-0.20,90
POS,0.78,-0.49,-0.19,87
POS,0.75,-0.51,-0.19,87
POS,0.73,-0.46,-0.27,94
POS,0.71,-0.44,-0.33,94
POS,0.74,-0.47,-0.24,89
POS,0.76,-0.45,-0.21,86
POS,0.75,-0.46,-0.23,90
POS,0.73,-0.45,-0.27,93
POS,0.72,-0.38,-0.35,93
POS,0.72,-0.37,-0.38,95
POS,0.74,-0.35,-0.37,95
POS,0.74,-0.39,-0.33,87
POS,0.74,-0.42,-0.29,87
POS,0.75,-0.43,-0.26,87
POS,0.78,-0.43,-0.22,87
POS,0.76,-0.30,-0.35,94
POS,0.75,-0.31,-0.39,95
POS,0.75,-0.29,-0.41,94
POS,0.74,-0.37,-0.31,86
POS,0.75,-0.37,-0.31,93
POS,0.74,-0.34,-0.36,94
POS,0.74,-0.40,-0.26,87
POS,0.69,-0.43,-0.29,90
POS,0.70,-0.45,-0.26,88
POS,0.68,-0.44,-0.33,94
POS,0.68,-0.43,-0.36,94
POS,0.68,-0.40,-0.38,94
POS,0.68,-0.41,-0.38,93
POS,0.71,-0.40,-0.40,95
POS,0.68,-0.43,-0.38,90
POS,0.67,-0.39,-0.43,94
POS,0.67,-0.38,-0.44,94
POS,0.70,-0.41,-0.35,86
POS,0.70,-0.39,-0.40,95
POS,0.67,-0.42,-0.39,91
POS,0.67,-0.43,-0.38,92
POS,0.69,-0.40,-0.40,95
POS,0.70,-0.37,-0.42,94
POS,0.70,-0.38,-0.42,94
POS,0.71,-0.37,-0.43,95
POS,0.70,-0.35,-0.46,94
POS,0.72,-0.36,-0.42,92
POS,0.70,-0.37,-0.44,95
POS,0.71,-0.35,-0.43,94
POS,0.71,-0.28,-0.48,93
POS,0.67,-0.36,-0.42,87
POS,0.66,-0.41,-0.39,90
POS,0.73,-0.43,-0.31,89
POS,0.70,-0.43,-0.34,93
POS,0.70,-0.38,-0.39,94
POS,0.72,-0.33,-0.44,94
POS,0.71,-0.35,-0.43,94
POS,0.71,-0.37,-0.42,92
POS,0.74,-0.37,-0.39,93
POS,0.73,-0.40,-0.37,91
POS,0.71,-0.45,-0.31,86
POS,0.74,-0.39,-0.35,94
POS,0.77,-0.44,-0.26,90
POS,0.75,-0.42,-0.32,95
POS,0.73,-0.41,-0.36,94
POS,0.74,-0.41,-0.36,94
POS,0.70,-0.39,-0.39,92
POS,0.70,-0.43,-0.37,91
POS,0.66,-0.43,-0.38,91
POS,0.66,-0.43,-0.40,94
POS,0.62,-0.45,-0.40,91
POS,0.66,-0.40,-0.43,94
POS,0.64,-0.40,-0.43,93
POS,0.66,-0.43,-0.38,88
POS,0.70,-0.39,-0.38,95
POS,0.70,-0.38,-0.41,95
POS,0.68,-0.40,-0.43,94
POS,0.68,-0.44,-0.38,88
POS,0.69,-0.42,-0.40,95
POS,0.66,-0.46,-0.36,87
POS,0.65,-0.43,-0.39,93
POS,0.68,-0.42,-0.38,94
POS,0.68,-0.43,-0.38,92
POS,0.66,-0.44,-0.38,92
POS,0.69,-0.39,-0.39,94
POS,0.68,-0.42,-0.37,90
POS,0.68,-0.43,-0.37,92
POS,0.68,-0.41,-0.38,94
POS,0.70,-0.40,-0.37,94
POS,0.65,-0.43,-0.38,90
POS,0.66,-0.44,-0.38,92
POS,0.68,-0.42,-0.37,94
POS,0.66,-0.42,-0.38,92
POS,0.71,-0.34,-0.40,94
POS,0.72,-0.37,-0.37,91
POS,0.71,-0.38,-0.39,94
POS,0.68,-0.39,-0.40,93
POS,0.68,-0.37,-0.42,94
POS,0.67,-0.40,-0.40,90
POS,0.69,-0.39,-0.39,94
POS,0.70,-0.37,-0.40,95
POS,0.71,-0.34,-0.43,94
POS,0.70,-0.36,-0.44,94
POS,0.65,-0.37,-0.45,93
POS,0.67,-0.41,-0.38,86
POS,0.66,-0.39,-0.42,94
POS,0.64,-0.39,-0.42,93
POS,0.65,-0.39,-0.44,95
POS,0.64,-0.42,-0.41,90
POS,0.64,-0.43,-0.41,93
POS,0.66,-0.44,-0.38,91
POS,0.68,-0.43,-0.38,93
POS,0.68,-0.43,-0.40,95
POS,0.66,-0.39,-0.44,93
POS,0.67,-0.42,-0.41,91
POS,0.68,-0.39,-0.42,95
POS,0.67,-0.41,-0.42,93
POS,0.68,-0.41,-0.41,93
POS,0.70,-0.36,-0.44,94
POS,0.71,-0.36,-0.43,95
POS,0.69,-0.39,-0.41,91
POS,0.69,-0.35,-0.45,93
POS,0.68,-0.34,-0.45,94
POS,0.69,-0.35,-0.47,95
POS,0.71,-0.33,-0.46,95
POS,0.65,-0.33,-0.47,91
POS,0.67,-0.37,-0.42,89
POS,0.68,-0.36,-0.41,94
POS,0.68,-0.35,-0.44,94
POS,0.67,-0.37,-0.44,93
POS,0.70,-0.35,-0.43,95
POS,0.70,-0.32,-0.46,94
POS,0.72,-0.31,-0.44,95
POS,0.69,-0.34,-0.43,92
POS,0.70,-0.35,-0.41,93
POS,0.70,-0.35,-0.42,94
POS,0.70,-0.36,-0.41,93
POS,0.65,-0.38,-0.43,93
POS,0.67,-0.39,-0.40,92
POS,0.67,-0.38,-0.41,94
POS,0.69,-0.40,-0.39,91
POS,0.71,-0.39,-0.38,94
POS,0.69,-0.43,-0.35,88
POS,0.71,-0.44,-0.33,91
POS,0.71,-0.42,-0.35,94
POS,0.69,-0.41,-0.37,94
POS,0.70,-0.41,-0.36,92
POS,0.68,-0.39,-0.39,93
POS,0.68,-0.40,-0.39,92
POS,0.68,-0.43,-0.35,89
POS,0.69,-0.40,-0.40,94
POS,0.71,-0.43,-0.33,87
POS,0.68,-0.39,-0.37,92
POS,0.66,-0.38,-0.39,93
POS,0.70,-0.41,-0.32,87
POS,0.66,-0.39,-0.36,93
POS,0.68,-0.42,-0.36,92
POS,0.67,-0.41,-0.40,95
POS,0.66,-0.41,-0.41,94
POS,0.67,-0.39,-0.42,95
POS,0.67,-0.41,-0.40,91
POS,0.70,-0.43,-0.36,90
POS,0.66,-0.45,-0.36,90
POS,0.67,-0.42,-0.39,94
POS,0.69,-0.42,-0.36,91
POS,0.68,-0.42,-0.38,94
POS,0.67,-0.41,-0.41,94
POS,0.65,-0.40,-0.41,93
POS,0.62,-0.36,-0.45,91
POS,0.60,-0.39,-0.44,91
POS,0.61,-0.42,-0.25,97
POS,0.64,-0.46,-0.21,86
POS,0.64,-0.45,-0.25,92
POS,0.63,-0.48,-0.25,88
POS,0.66,-0.46,-0.28,93
POS,0.68,-0.47,-0.26,88
POS,0.68,-0.47,-0.29,93
POS,0.68,-0.50,-0.25,86
POS,0.68,-0.45,-0.30,94
POS,0.70,-0.42,-0.32,95
POS,0.69,-0.41,-0.38,95
POS,0.69,-0.38,-0.40,94
POS,0.66,-0.41,-0.38,90
POS,0.69,-0.42,-0.36,92
POS,0.67,-0.42,-0.37,92
POS,0.69,-0.42,-0.36,92
POS,0.71,-0.44,-0.33,90
POS,0.66,-0.45,-0.35,91
POS,0.69,-0.38,-0.39,94
POS,0.73,-0.32,-0.40,94
POS,0.73,-0.33,-0.39,95
POS,0.74,-0.36,-0.37,92
POS,0.73,-0.35,-0.38,95
POS,0.73,-0.41,-0.32,86
POS,0.70,-0.42,-0.35,94
POS,0.71,-0.42,-0.35,92
POS,0.71,-0.44,-0.33,90
POS,0.71,-0.45,-0.32,91
POS,0.69,-0.42,-0.37,93
POS,0.68,-0.42,-0.37,92
POS,0.67,-0.43,-0.39,94
POS,0.66,-0.44,-0.39,92
POS,0.69,-0.41,-0.40,95
POS,0.68,-0.38,-0.44,93
POS,0.64,-0.41,-0.43,91
POS,0.63,-0.41,-0.43,92
POS,0.63,-0.39,-0.47,93
POS,0.64,-0.40,-0.45,93
POS,0.66,-0.37,-0.47,94
POS,0.66,-0.38,-0.45,92
POS,0.68,-0.34,-0.47,94
POS,0.69,-0.35,-0.45,94
POS,0.70,-0.32,-0.46,94
POS,0.72,-0.38,-0.38,88
POS,0.73,-0.40,-0.36,92
POS,0.70,-0.43,-0.36,90
POS,0.69,-0.48,-0.31,87
POS,0.67,-0.48,-0.32,91
POS,0.68,-0.44,-0.38,95
POS,0.69,-0.44,-0.37,92
POS,0.73,-0.45,-0.31,87
POS,0.74,-0.45,-0.28,89
POS,0.75,-0.46,-0.27,89
POS,0.73,-0.44,-0.33,95
POS,0.73,-0.46,-0.29,86
POS,0.73,-0.48,-0.27,89
POS,0.73,-0.47,-0.29,92
POS,0.71,-0.44,-0.33,94
POS,0.69,-0.49,-0.29,86
POS,0.71,-0.47,-0.30,93
POS,0.70,-0.50,-0.27,87
POS,0.70,-0.51,-0.26,88
POS,0.73,-0.47,-0.29,95
POS,0.69,-0.46,-0.33,93
POS,0.71,-0.46,-0.27,86
POS,0.71,-0.48,-0.27,89
POS,0.69,-0.44,-0.35,94
POS,0.69,-0.45,-0.34,90
POS,0.68,-0.46,-0.35,92
POS,0.68,-0.46,-0.34,90
POS,0.67,-0.46,-0.35,92
POS,0.69,-0.46,-0.32,88
POS,0.68,-0.45,-0.34,93
POS,0.69,-0.44,-0.36,94
POS,0.68,-0.40,-0.40,93
POS,0.64,-0.41,-0.41,92
POS,0.65,-0.42,-0.40,91
POS,0.62,-0.43,-0.40,91
POS,0.60,-0.39,-0.43,92
POS,0.63,-0.41,-0.41,92
POS,0.65,-0.35,-0.45,93
POS,0.62,-0.38,-0.44,92
POS,0.64,-0.40,-0.43,92
POS,0.67,-0.41,-0.39,91
POS,0.66,-0.45,-0.37,90
POS,0.65,-0.44,-0.38,93
POS,0.63,-0.47,-0.37,90
POS,0.67,-0.46,-0.33,89
POS,0.68,-0.46,-0.33,91
POS,0.66,-0.51,-0.29,86
POS,0.63,-0.49,-0.34,94
POS,0.67,-0.44,-0.37,95
POS,0.67,-0.46,-0.35,90
POS,0.66,-0.51,-0.28,85
POS,0.63,-0.53,-0.27,88
POS,0.61,-0.56,-0.25,86
POS,0.64,-0.53,-0.27,92
POS,0.63,-0.53,-0.27,88
POS,0.63,-0.52,-0.30,92
POS,0.63,-0.50,-0.30,89
POS,0.64,-0.51,-0.28,88
POS,0.66,-0.49,-0.30,92
POS,0.67,-0.47,-0.31,93
POS,0.66,-0.44,-0.35,93
POS,0.69,-0.43,-0.34,93
POS,0.69,-0.37,-0.39,93
POS,0.70,-0.40,-0.36,89
POS,0.69,-0.42,-0.35,91
POS,0.71,-0.40,-0.38,95
POS,0.65,-0.40,-0.41,92
POS,0.65,-0.38,-0.41,93
POS,0.62,-0.40,-0.41,90
POS,0.63,-0.40,-0.40,92
POS,0.61,-0.45,-0.36,87
POS,0.63,-0.47,-0.32,87
POS,0.65,-0.43,-0.35,94
POS,0.69,-0.37,-0.37,94
POS,0.63,-0.39,-0.39,91
POS,0.63,-0.41,-0.38,91
POS,0.63,-0.40,-0.40,94
POS,0.61,-0.39,-0.43,92
POS,0.56,-0.40,-0.44,91
POS,0.58,-0.44,-0.39,88
POS,0.58,-0.41,-0.41,92
POS,0.62,-0.41,-0.40,93
POS,0.64,-0.41,-0.38,92
POS,0.67,-0.43,-0.32,86
POS,0.71,-0.41,-0.30,91
POS,0.68,-0.44,-0.29,88
POS,0.71,-0.44,-0.28,90
POS,0.73,-0.41,-0.27,92
POS,0.74,-0.40,-0.28,92
POS,0.72,-0.37,-0.33,93
POS,0.71,-0.42,-0.30,87
POS,0.70,-0.41,-0.33,94
POS,0.71,-0.45,-0.29,87
POS,0.75,-0.39,-0.28,94
POS,0.74,-0.42,-0.26,87
POS,0.68,-0.43,-0.29,90
POS,0.70,-0.39,-0.31,95
POS,0.67,-0.34,-0.39,92
POS,0.63,-0.36,-0.40,91
POS,0.67,-0.36,-0.36,90
POS,0.70,-0.37,-0.33,91
POS,0.71,-0.37,-0.33,92
POS,0.70,-0.40,-0.32,89
POS,0.70,-0.43,-0.30,89
POS,0.69,-0.44,-0.31,90
POS,0.69,-0.42,-0.33,94
POS,0.64,-0.42,-0.37,92
POS,0.63,-0.46,-0.36,90
POS,0.64,-0.46,-0.36,92
POS,0.70,-0.40,-0.33,93
POS,0.68,-0.41,-0.35,92
POS,0.69,-0.43,-0.33,90
POS,0.68,-0.44,-0.32,89
POS,0.68,-0.38,-0.35,92
POS,0.68,-0.41,-0.34,90
POS,0.70,-0.42,-0.32,90
POS,0.68,-0.44,-0.30,88
POS,0.69,-0.41,-0.36,94
POS,0.70,-0.38,-0.36,94
POS,0.71,-0.40,-0.33,90
POS,0.74,-0.39,-0.29,88
POS,0.72,-0.43,-0.26,85
POS,0.71,-0.43,-0.28,92
POS,0.71,-0.41,-0.30,94
POS,0.69,-0.42,-0.31,91
POS,0.74,-0.39,-0.29,91
POS,0.74,-0.40,-0.27,89
POS,0.76,-0.36,-0.28,95
POS,0.74,-0.42,-0.25,86
POS,0.69,-0.39,-0.32,92
POS,0.71,-0.39,-0.32,92
POS,0.70,-0.39,-0.35,94
POS,0.72,-0.39,-0.34,92
POS,0.69,-0.43,-0.31,87
POS,0.71,-0.44,-0.26,85
POS,0.70,-0.38,-0.32,92
POS,0.69,-0.42,-0.29,87
POS,0.66,-0.43,-0.31,90
POS,0.65,-0.46,-0.31,89
POS,0.65,-0.39,-0.39,93
POS,0.66,-0.42,-0.34,86
POS,0.66,-0.43,-0.33,90
POS,0.66,-0.45,-0.34,92
POS,0.63,-0.46,-0.35,91
POS,0.68,-0.44,-0.34,93
POS,0.65,-0.48,-0.33,89
POS,0.68,-0.45,-0.32,93
POS,0.72,-0.40,-0.32,95
POS,0.74,-0.40,-0.31,92
POS,0.73,-0.42,-0.29,89
POS,0.72,-0.46,-0.27,86
POS,0.73,-0.41,-0.32,94
POS,0.69,-0.46,-0.31,89
POS,0.63,-0.42,-0.39,92
POS,0.64,-0.46,-0.31,84
POS,0.67,-0.49,-0.22,87
POS,0.71,-0.47,-0.20,85
POS,0.71,-0.45,-0.24,93
POS,0.72,-0.39,-0.28,93
POS,0.68,-0.41,-0.32,92
POS,0.67,-0.40,-0.35,94
POS,0.72,-0.45,-0.25,89
POS,0.68,-0.48,-0.26,88
POS,0.66,-0.48,-0.30,93
POS,0.70,-0.45,-0.29,91
POS,0.67,-0.48,-0.30,90
POS,0.65,-0.44,-0.36,93
POS,0.64,-0.32,-0.43,92
POS,0.64,-0.29,-0.47,93
POS,0.64,-0.36,-0.42,89
POS,0.67,-0.37,-0.38,91
POS,0.66,-0.41,-0.37,90
POS,0.63,-0.45,-0.34,87
POS,0.64,-0.47,-0.29,85
POS,0.63,-0.50,-0.28,88
POS,0.67,-0.47,-0.27,90
POS,0.69,-0.48,-0.28,91
POS,0.64,-0.43,-0.35,92
POS,0.65,-0.41,-0.37,94
POS,0.66,-0.41,-0.37,92
POS,0.62,-0.44,-0.36,88
POS,0.62,-0.46,-0.34,89
POS,0.62,-0.49,-0.29,85
POS,0.67,-0.45,-0.28,93
POS,0.71,-0.44,-0.27,89
POS,0.68,-0.45,-0.30,92
POS,0.66,-0.46,-0.32,92
POS,0.64,-0.50,-0.28,85
POS,0.67,-0.45,-0.29,95
POS,0.66,-0.46,-0.30,90
POS,0.66,-0.47,-0.31,91
POS,0.76,-0.47,-0.22,91
POS,0.70,-0.47,-0.28,92
POS,0.67,-0.49,-0.29,89
POS,0.64,-0.52,-0.25,84
POS,0.63,-0.53,-0.26,89
POS,0.61,-0.52,-0.28,90
POS,0.60,-0.51,-0.31,91
POS,0.66,-0.50,-0.28,89
POS,0.63,-0.50,-0.33,93
POS,0.63,-0.52,-0.29,86
POS,0.63,-0.49,-0.31,91
POS,0.62,-0.36,-0.42,94
POS,0.64,-0.36,-0.44,95
POS,0.67,-0.37,-0.41,92
POS,0.66,-0.38,-0.43,94
POS,0.69,-0.39,-0.38,89
POS,0.68,-0.41,-0.37,91
POS,0.65,-0.44,-0.37,90
POS,0.67,-0.45,-0.32,86
POS,0.67,-0.47,-0.28,85
POS,0.70,-0.46,-0.25,87
POS,0.69,-0.49,-0.24,87
POS,0.69,-0.45,-0.28,94
POS,0.69,-0.46,-0.27,89
POS,0.67,-0.46,-0.31,93
POS,0.68,-0.46,-0.31,90
POS,0.66,-0.50,-0.29,88
POS,0.66,-0.50,-0.30,91
POS,0.68,-0.50,-0.27,88
POS,0.71,-0.47,-0.29,93
POS,0.67,-0.51,-0.26,86
POS,0.64,-0.50,-0.31,92
POS,0.68,-0.48,-0.26,86
POS,0.68,-0.44,-0.30,94
POS,0.73,-0.46,-0.24,87
POS,0.73,-0.48,-0.22,86
POS,0.74,-0.49,-0.16,85
POS,0.78,-0.46,-0.16,88
POS,0.76,-0.49,-0.14,86
POS,0.74,-0.52,-0.14,86
POS,0.73,-0.50,-0.19,92
POS,0.69,-0.50,-0.24,91
POS,0.67,-0.54,-0.17,86
POS,0.64,-0.54,-0.21,89
POS,0.67,-0.53,-0.23,90
POS,0.69,-0.52,-0.24,90
POS,0.70,-0.52,-0.22,86
POS,0.71,-0.49,-0.25,93
POS,0.68,-0.49,-0.29,92
POS,0.70,-0.48,-0.29,92
POS,0.65,-0.53,-0.26,86
POS,0.67,-0.51,-0.28,92
POS,0.68,-0.50,-0.30,92
POS,0.68,-0.53,-0.29,89
POS,0.70,-0.53,-0.25,86
POS,0.69,-0.53,-0.25,89
POS,0.70,-0.55,-0.23,87
POS,0.71,-0.48,-0.28,94
POS,0.72,-0.41,-0.31,94
POS,0.72,-0.45,-0.23,86
POS,0.69,-0.46,-0.28,93
POS,0.70,-0.47,-0.26,87
POS,0.72,-0.46,-0.26,90
POS,0.75,-0.45,-0.24,89
POS,0.75,-0.39,-0.31,94
POS,0.70,-0.44,-0.32,89
POS,0.69,-0.44,-0.33,93
POS,0.70,-0.47,-0.24,86
POS,0.69,-0.47,-0.28,92
POS,0.69,-0.48,-0.28,90
POS,0.71,-0.45,-0.31,95
POS,0.69,-0.47,-0.31,90
POS,0.68,-0.47,-0.34,93
POS,0.69,-0.42,-0.36,94
POS,0.69,-0.47,-0.31,87
POS,0.64,-0.51,-0.31,89
POS,0.66,-0.51,-0.31,90
POS,0.68,-0.48,-0.31,92
POS,0.68,-0.48,-0.32,91
POS,0.64,-0.48,-0.36,93
POS,0.63,-0.48,-0.37,91
POS,0.66,-0.47,-0.36,92
POS,0.66,-0.44,-0.39,94
POS,0.64,-0.45,-0.39,91
POS,0.62,-0.45,-0.40,91
POS,0.63,-0.45,-0.39,92
POS,0.62,-0.44,-0.40,92
POS,0.61,-0.46,-0.37,88
POS,0.58,-0.44,-0.40,92
POS,0.59,-0.45,-0.39,91
POS,0.60,-0.47,-0.37,90
POS,0.61,-0.49,-0.36,90
POS,0.65,-0.49,-0.31,86
POS,0.66,-0.48,-0.31,91
POS,0.69,-0.44,-0.33,95
POS,0.67,-0.45,-0.33,90
POS,0.65,-0.44,-0.35,92
POS,0.66,-0.44,-0.35,92
POS,0.69,-0.42,-0.34,93
POS,0.72,-0.43,-0.28,85
POS,0.70,-0.42,-0.33,94
POS,0.68,-0.43,-0.33,90
POS,0.66,-0.46,-0.32,89
POS,0.67,-0.44,-0.35,94
POS,0.71,-0.44,-0.29,86
POS,0.73,-0.42,-0.31,95
POS,0.74,-0.45,-0.22,86
POS,0.73,-0.45,-0.25,92
POS,0.69,-0.43,-0.31,94
POS,0.68,-0.45,-0.34,93
POS,0.67,-0.40,-0.41,94
POS,0.68,-0.40,-0.42,95
POS,0.74,-0.43,-0.30,89
POS,0.72,-0.45,-0.32,92
POS,0.71,-0.47,-0.32,91
POS,0.69,-0.47,-0.34,92
POS,0.71,-0.43,-0.34,94
POS,0.69,-0.47,-0.30,86
POS,0.70,-0.44,-0.32,94
POS,0.70,-0.47,-0.30,89
POS,0.69,-0.50,-0.24,85
POS,0.71,-0.49,-0.22,86
POS,0.73,-0.48,-0.21,89
POS,0.65,-0.44,-0.31,92
POS,0.68,-0.43,-0.33,94
POS,0.67,-0.46,-0.33,91
POS,0.66,-0.40,-0.40,93
POS,0.64,-0.40,-0.44,94
POS,0.66,-0.42,-0.42,93
POS,0.67,-0.45,-0.38,88
POS,0.68,-0.48,-0.28,86
POS,0.71,-0.45,-0.28,93
POS,0.69,-0.43,-0.35,94
POS,0.67,-0.46,-0.33,88
POS,0.68,-0.46,-0.34,93
POS,0.67,-0.42,-0.39,94
POS,0.65,-0.42,-0.40,93
POS,0.65,-0.35,-0.45,93
POS,0.65,-0.42,-0.36,85
POS,0.68,-0.37,-0.41,95
POS,0.66,-0.41,-0.40,91
POS,0.63,-0.37,-0.45,93
POS,0.62,-0.41,-0.44,92
POS,0.62,-0.39,-0.46,93
POS,0.63,-0.42,-0.44,92
POS,0.64,-0.38,-0.46,93
POS,0.69,-0.37,-0.40,91
POS,0.69,-0.35,-0.42,94
POS,0.66,-0.39,-0.43,93
POS,0.63,-0.45,-0.39,88
POS,0.67,-0.43,-0.38,93
POS,0.65,-0.45,-0.37,90
POS,0.63,-0.48,-0.33,86
POS,0.65,-0.43,-0.39,94
POS,0.67,-0.44,-0.34,88
POS,0.65,-0.46,-0.36,92
POS,0.69,-0.47,-0.31,88
POS,0.69,-0.48,-0.28,86
POS,0.65,-0.51,-0.30,90
POS,0.69,-0.44,-0.32,95
POS,0.68,-0.39,-0.39,93
POS,0.73,-0.36,-0.37,95
POS,0.69,-0.36,-0.42,94
POS,0.65,-0.39,-0.43,93
POS,0.64,-0.43,-0.41,91
POS,0.69,-0.39,-0.40,96
POS,0.72,-0.36,-0.40,95
POS,0.69,-0.37,-0.41,93
POS,0.72,-0.36,-0.43,95
POS,0.68,-0.34,-0.47,93
POS,0.68,-0.41,-0.38,85
POS,0.65,-0.43,-0.36,89
POS,0.67,-0.44,-0.35,92
POS,0.69,-0.46,-0.30,86
POS,0.67,-0.45,-0.34,93
POS,0.70,-0.42,-0.36,95
POS,0.66,-0.45,-0.36,90
POS,0.63,-0.40,-0.43,93
POS,0.65,-0.42,-0.41,92
POS,0.66,-0.35,-0.46,93
POS,0.64,-0.39,-0.43,90
POS,0.68,-0.41,-0.35,86
POS,0.68,-0.46,-0.28,85
POS,0.69,-0.49,-0.24,87
POS,0.67,-0.49,-0.29,93
POS,0.63,-0.50,-0.31,90
POS,0.67,-0.50,-0.23,85
POS,0.71,-0.47,-0.25,93
POS,0.69,-0.47,-0.27,90
POS,0.66,-0.43,-0.35,93
POS,0.65,-0.42,-0.38,94
POS,0.68,-0.42,-0.35,90
POS,0.69,-0.38,-0.38,94
POS,0.68,-0.44,-0.32,86
POS,0.66,-0.48,-0.30,88
POS,0.68,-0.46,-0.31,92
POS,0.67,-0.49,-0.26,85
POS,0.69,-0.46,-0.29,94
POS,0.72,-0.45,-0.28,91
POS,0.72,-0.48,-0.25,87
POS,0.69,-0.52,-0.23,87
POS,0.65,-0.51,-0.30,93
POS,0.62,-0.48,-0.35,93
POS,0.60,-0.44,-0.42,93
POS,0.61,-0.40,-0.44,94
POS,0.64,-0.41,-0.42,92
POS,0.62,-0.43,-0.43,93
POS,0.64,-0.42,-0.44,95
POS,0.65,-0.45,-0.41,91
POS,0.63,-0.44,-0.44,94
POS,0.65,-0.46,-0.37,87
POS,0.64,-0.48,-0.35,88
POS,0.63,-0.42,-0.41,93
POS,0.64,-0.47,-0.34,85
POS,0.66,-0.46,-0.32,91
POS,0.64,-0.46,-0.36,93
POS,0.65,-0.49,-0.30,85
POS,0.66,-0.51,-0.25,86
POS,0.68,-0.46,-0.32,95
POS,0.68,-0.46,-0.32,92
POS,0.71,-0.44,-0.32,92
POS,0.68,-0.48,-0.28,86
POS,0.67,-0.51,-0.27,88
POS,0.67,-0.48,-0.29,92
POS,0.71,-0.47,-0.25,88
POS,0.67,-0.52,-0.21,83
POS,0.68,-0.46,-0.29,95
POS,0.67,-0.44,-0.34,94
POS,0.69,-0.44,-0.33,91
POS,0.72,-0.46,-0.28,88
POS,0.72,-0.45,-0.31,93
POS,0.67,-0.41,-0.38,93
POS,0.66,-0.38,-0.42,93
POS,0.69,-0.42,-0.31,86
POS,0.70,-0.44,-0.28,87
POS,0.70,-0.46,-0.28,90
POS,0.69,-0.48,-0.30,91
POS,0.67,-0.52,-0.26,86
POS,0.68,-0.52,-0.24,86
POS,0.66,-0.52,-0.27,91
POS,0.67,-0.51,-0.28,90
POS,0.67,-0.47,-0.33,95
POS,0.69,-0.42,-0.34,94
POS,0.71,-0.40,-0.38,95
POS,0.74,-0.39,-0.35,92
POS,0.75,-0.38,-0.35,95
POS,0.71,-0.34,-0.41,92
POS,0.70,-0.38,-0.38,90
POS,0.72,-0.39,-0.37,93
POS,0.67,-0.37,-0.42,93
POS,0.66,-0.34,-0.46,93
POS,0.69,-0.34,-0.44,95
POS,0.67,-0.32,-0.49,93
POS,0.67,-0.32,-0.47,95
POS,0.71,-0.36,-0.41,91
POS,0.69,-0.42,-0.38,89
POS,0.70,-0.44,-0.35,90
POS,0.72,-0.45,-0.29,86
POS,0.72,-0.45,-0.32,94
POS,0.70,-0.47,-0.31,89
POS,0.68,-0.42,-0.39,94
POS,0.68,-0.42,-0.39,93
POS,0.67,-0.46,-0.35,88
POS,0.69,-0.49,-0.29,87
POS,0.70,-0.50,-0.26,86
POS,0.68,-0.45,-0.34,94
POS,0.67,-0.43,-0.38,94
POS,0.67,-0.45,-0.37,90
POS,0.69,-0.46,-0.33,89
POS,0.67,-0.42,-0.37,93
POS,0.65,-0.39,-0.43,94
POS,0.69,-0.39,-0.40,92
POS,0.70,-0.37,-0.40,95
POS,0.70,-0.42,-0.35,88
POS,0.69,-0.46,-0.31,86
POS,0.68,-0.48,-0.29,88
POS,0.70,-0.48,-0.29,91
POS,0.70,-0.48,-0.28,89
POS,0.68,-0.47,-0.31,92
POS,0.66,-0.49,-0.31,89
POS,0.66,-0.50,-0.31,90
POS,0.63,-0.47,-0.36,93
POS,0.68,-0.43,-0.36,95
POS,0.68,-0.44,-0.37,93
POS,0.68,-0.45,-0.34,89
POS,0.67,-0.48,-0.30,86
POS,0.68,-0.46,-0.33,94
POS,0.71,-0.43,-0.32,92
POS,0.66,-0.44,-0.36,92
POS,0.65,-0.43,-0.38,94
POS,0.70,-0.41,-0.32,88
POS,0.68,-0.41,-0.36,94
POS,0.66,-0.38,-0.39,92
POS,0.71,-0.42,-0.29,88
POS,0.68,-0.45,-0.29,88
POS,0.68,-0.36,-0.35,93
POS,0.67,-0.37,-0.38,93
POS,0.67,-0.41,-0.35,89
POS,0.67,-0.44,-0.32,87
POS,0.67,-0.46,-0.33,91
POS,0.67,-0.48,-0.30,88
POS,0.63,-0.50,-0.29,87
POS,0.61,-0.49,-0.34,93
POS,0.65,-0.47,-0.32,91
POS,0.66,-0.45,-0.33,93
POS,0.67,-0.32,-0.44,94
POS,0.68,-0.38,-0.37,87
POS,0.66,-0.39,-0.39,93
POS,0.62,-0.45,-0.34,86
POS,0.64,-0.45,-0.34,91
POS,0.65,-0.48,-0.29,85
POS,0.66,-0.45,-0.34,94
POS,0.66,-0.39,-0.40,93
POS,0.69,-0.42,-0.33,87
POS,0.69,-0.45,-0.31,90
POS,0.69,-0.44,-0.35,95
POS,0.67,-0.45,-0.39,94
POS,0.68,-0.45,-0.37,91
POS,0.71,-0.46,-0.31,87
POS,0.68,-0.43,-0.37,94
POS,0.70,-0.44,-0.34,89
POS,0.63,-0.45,-0.36,91
POS,0.63,-0.46,-0.37,93
POS,0.64,-0.48,-0.33,87
POS,0.65,-0.47,-0.33,92
POS,0.65,-0.42,-0.39,93
POS,0.65,-0.47,-0.28,85
POS,0.63,-0.44,-0.34,93
POS,0.63,-0.41,-0.39,94
POS,0.66,-0.37,-0.41,94
POS,0.63,-0.39,-0.42,92
POS,0.63,-0.44,-0.36,87
POS,0.63,-0.47,-0.34,89
POS,0.59,-0.49,-0.37,92
POS,0.61,-0.47,-0.37,92
POS,0.61,-0.48,-0.38,92
POS,0.69,-0.44,-0.31,88
POS,0.70,-0.41,-0.33,94
POS,0.68,-0.45,-0.32,89
POS,0.65,-0.45,-0.37,94
POS,0.66,-0.47,-0.30,85
POS,0.62,-0.49,-0.33,91
POS,0.64,-0.46,-0.37,95
POS,0.65,-0.45,-0.37,93
POS,0.67,-0.44,-0.37,93
POS,0.67,-0.45,-0.37,92
POS,0.67,-0.49,-0.32,86
POS,0.68,-0.42,-0.37,93
POS,0.66,-0.39,-0.42,93
POS,0.67,-0.41,-0.39,91
POS,0.68,-0.44,-0.37,90
POS,0.68,-0.46,-0.36,91
POS,0.68,-0.46,-0.18,96
POS,0.71,-0.40,-0.26,95
POS,0.68,-0.39,-0.33,93
POS,0.65,-0.41,-0.37,93
POS,0.64,-0.41,-0.40,94
POS,0.67,-0.43,-0.34,86
POS,0.67,-0.46,-0.34,92
POS,0.65,-0.46,-0.38,94
POS,0.64,-0.46,-0.41,94
POS,0.66,-0.45,-0.42,95
POS,0.68,-0.46,-0.39,91
POS,0.70,-0.47,-0.32,87
POS,0.70,-0.44,-0.36,95
POS,0.69,-0.47,-0.33,88
POS,0.71,-0.48,-0.25,86
POS,0.67,-0.47,-0.30,93
POS,0.68,-0.48,-0.28,87
POS,0.69,-0.44,-0.31,95
POS,0.72,-0.42,-0.32,95
POS,0.71,-0.40,-0.34,94
POS,0.71,-0.33,-0.40,93
POS,0.72,-0.33,-0.41,95
POS,0.73,-0.33,-0.42,95
POS,0.68,-0.32,-0.46,93
POS,0.66,-0.33,-0.49,94
POS,0.66,-0.37,-0.46,93
POS,0.65,-0.38,-0.47,94
POS,0.66,-0.40,-0.44,92
POS,0.67,-0.40,-0.43,93
POS,0.66,-0.44,-0.39,88
POS,0.65,-0.42,-0.40,94
POS,0.67,-0.45,-0.34,86
POS,0.69,-0.42,-0.38,95
POS,0.68,-0.42,-0.37,92
POS,0.68,-0.44,-0.35,89
POS,0.66,-0.48,-0.31,86
POS,0.66,-0.44,-0.33,93
POS,0.62,-0.45,-0.37,92
POS,0.66,-0.44,-0.37,94
POS,0.64,-0.43,-0.40,94
POS,0.64,-0.45,-0.39,91
POS,0.65,-0.44,-0.41,95
POS,0.66,-0.47,-0.35,87
POS,0.68,-0.48,-0.32,89
POS,0.70,-0.46,-0.34,94
POS,0.73,-0.43,-0.35,95
POS,0.74,-0.35,-0.38,94
POS,0.71,-0.33,-0.42,92
POS,0.69,-0.34,-0.43,94
POS,0.69,-0.31,-0.45,93
POS,0.69,-0.34,-0.41,89
POS,0.69,-0.38,-0.38,90
POS,0.68,-0.33,-0.44,93
POS,0.66,-0.33,-0.46,93
POS,0.66,-0.31,-0.47,93
POS,0.65,-0.32,-0.50,94
POS,0.65,-0.34,-0.48,93
POS,0.65,-0.37,-0.46,93
POS,0.65,-0.39,-0.45,93
POS,0.63,-0.27,-0.56,95
POS,0.66,-0.32,-0.50,92
POS,0.68,-0.34,-0.48,95
POS,0.70,-0.34,-0.47,95
POS,0.65,-0.38,-0.45,90
POS,0.71,-0.38,-0.39,90
POS,0.77,-0.45,-0.29,92
POS,0.74,-0.45,-0.33,93
POS,0.72,-0.45,-0.32,90
POS,0.72,-0.43,-0.35,94
POS,0.74,-0.46,-0.25,87
POS,0.73,-0.45,-0.28,93
POS,0.75,-0.38,-0.33,94
POS,0.74,-0.36,-0.35,94
POS,0.76,-0.36,-0.34,93
POS,0.72,-0.43,-0.29,85
POS,0.73,-0.41,-0.32,95
POS,0.72,-0.42,-0.31,90
POS,0.69,-0.45,-0.32,90
POS,0.71,-0.42,-0.34,95
POS,0.70,-0.32,-0.42,93
POS,0.72,-0.30,-0.44,95
POS,0.75,-0.32,-0.40,92
POS,0.67,-0.37,-0.41,91
POS,0.62,-0.44,-0.38,88
POS,0.63,-0.43,-0.40,94
POS,0.63,-0.45,-0.36,88
POS,0.66,-0.44,-0.36,93
POS,0.67,-0.37,-0.41,93
POS,0.68,-0.39,-0.39,92
POS,0.69,-0.38,-0.39,94
POS,0.69,-0.38,-0.38,92
POS,0.71,-0.38,-0.37,93
POS,0.72,-0.38,-0.37,94
POS,0.70,-0.43,-0.33,88
POS,0.65,-0.47,-0.32,88
POS,0.65,-0.45,-0.35,94
POS,0.71,-0.42,-0.29,87
POS,0.70,-0.47,-0.24,85
POS,0.67,-0.50,-0.23,87
POS,0.66,-0.47,-0.28,93
POS,0.68,-0.47,-0.27,89
POS,0.68,-0.47,-0.28,91
POS,0.69,-0.46,-0.28,91
POS,0.68,-0.39,-0.37,93
POS,0.69,-0.44,-0.30,86
POS,0.70,-0.40,-0.34,95
POS,0.68,-0.42,-0.36,93
POS,0.66,-0.36,-0.42,92
POS,0.67,-0.39,-0.41,92
POS,0.74,-0.45,-0.30,92
POS,0.74,-0.39,-0.36,94
POS,0.73,-0.42,-0.33,88
POS,0.71,-0.41,-0.36,94
POS,0.72,-0.44,-0.31,87
POS,0.72,-0.46,-0.33,93
POS,0.70,-0.48,-0.34,92
POS,0.66,-0.44,-0.41,93
POS,0.67,-0.46,-0.34,86
POS,0.66,-0.48,-0.34,90
POS,0.65,-0.49,-0.33,89
POS,0.68,-0.48,-0.32,92
POS,0.72,-0.41,-0.35,95
POS,0.72,-0.42,-0.34,90
POS,0.69,-0.47,-0.31,87
POS,0.69,-0.43,-0.36,95
POS,0.69,-0.40,-0.40,94
POS,0.69,-0.34,-0.45,93
POS,0.67,-0.33,-0.47,93
POS,0.64,-0.30,-0.51,92
POS,0.68,-0.33,-0.45,92
POS,0.70,-0.34,-0.43,93
POS,0.70,-0.31,-0.45,94
POS,0.64,-0.33,-0.46,92
POS,0.66,-0.34,-0.46,95
POS,0.61,-0.42,-0.40,87
POS,0.62,-0.43,-0.38,90
POS,0.60,-0.48,-0.32,86
POS,0.61,-0.49,-0.34,92
POS,0.64,-0.42,-0.39,94
POS,0.64,-0.42,-0.39,92
POS,0.64,-0.42,-0.39,93
POS,0.66,-0.43,-0.38,92
POS,0.69,-0.44,-0.32,88
POS,0.70,-0.44,-0.33,92
POS,0.71,-0.43,-0.33,93
POS,0.71,-0.46,-0.29,86
POS,0.70,-0.45,-0.33,94
POS,0.71,-0.44,-0.35,93
POS,0.72,-0.46,-0.29,86
POS,0.68,-0.49,-0.30,90
POS,0.70,-0.49,-0.26,87
POS,0.69,-0.48,-0.29,92
POS,0.69,-0.49,-0.29,90
POS,0.68,-0.45,-0.35,94
POS,0.70,-0.48,-0.25,86
POS,0.72,-0.45,-0.27,94
POS,0.68,-0.39,-0.36,92
POS,0.69,-0.40,-0.36,92
POS,0.68,-0.44,-0.32,87
POS,0.69,-0.39,-0.35,94
POS,0.73,-0.40,-0.30,88
POS,0.77,-0.37,-0.28,93
POS,0.75,-0.38,-0.30,92
POS,0.77,-0.39,-0.25,86
POS,0.74,-0.36,-0.33,93
POS,0.71,-0.35,-0.39,94
POS,0.69,-0.38,-0.38,92
POS,0.68,-0.33,-0.45,93
POS,0.67,-0.39,-0.38,86
POS,0.67,-0.35,-0.43,94
POS,0.65,-0.42,-0.34,85
POS,0.65,-0.47,-0.30,87
POS,0.69,-0.49,-0.25,87
POS,0.71,-0.46,-0.26,91
POS,0.73,-0.40,-0.29,94
POS,0.70,-0.46,-0.24,84
POS,0.74,-0.44,-0.21,85
POS,0.74,-0.47,-0.15,87
POS,0.73,-0.43,-0.23,94
POS,0.74,-0.43,-0.24,91
POS,0.72,-0.47,-0.22,86
POS,0.70,-0.48,-0.25,91
POS,0.70,-0.42,-0.34,94
POS,0.73,-0.43,-0.27,84
POS,0.72,-0.45,-0.28,91
POS,0.83,-0.46,-0.23,93
POS,0.78,-0.45,-0.28,93
POS,0.77,-0.46,-0.26,88
POS,0.77,-0.46,-0.24,87
POS,0.74,-0.41,-0.32,93
POS,0.76,-0.42,-0.27,86
POS,0.73,-0.42,-0.31,94
POS,0.71,-0.39,-0.35,94
POS,0.73,-0.41,-0.31,88
POS,0.73,-0.44,-0.28,87
POS,0.77,-0.42,-0.21,85
POS,0.77,-0.41,-0.26,95
POS,0.76,-0.44,-0.26,90
POS,0.74,-0.43,-0.28,92
POS,0.73,-0.46,-0.24,85
POS,0.73,-0.48,-0.24,89
POS,0.74,-0.46,-0.24,89
POS,0.70,-0.46,-0.28,92
POS,0.70,-0.40,-0.35,94
POS,0.71,-0.42,-0.33,91
POS,0.71,-0.36,-0.41,94
POS,0.66,-0.41,-0.39,89
POS,0.62,-0.45,-0.38,90
POS,0.65,-0.41,-0.42,95
POS,0.66,-0.45,-0.36,87
POS,0.67,-0.47,-0.33,88
POS,0.67,-0.49,-0.29,87
POS,0.65,-0.38,-0.39,93
POS,0.71,-0.35,-0.35,92
POS,0.70,-0.41,-0.29,85
POS,0.72,-0.42,-0.29,92
POS,0.69,-0.46,-0.30,90
POS,0.64,-0.43,-0.37,93
POS,0.67,-0.45,-0.32,87
POS,0.66,-0.44,-0.37,95
POS,0.67,-0.47,-0.34,89
POS,0.65,-0.49,-0.34,91
POS,0.70,-0.49,-0.28,85
POS,0.71,-0.48,-0.30,93
POS,0.71,-0.45,-0.30,91
POS,0.70,-0.39,-0.38,94
POS,0.68,-0.42,-0.38,91
POS,0.68,-0.38,-0.43,94
POS,0.61,-0.39,-0.47,92
POS,0.64,-0.36,-0.48,95
POS,0.63,-0.41,-0.44,89
POS,0.65,-0.41,-0.40,91
POS,0.70,-0.31,-0.49,96
POS,0.68,-0.30,-0.52,93
POS,0.66,-0.29,-0.53,93
POS,0.64,-0.34,-0.48,90
POS,0.64,-0.39,-0.43,89
POS,0.65,-0.38,-0.45,94
POS,0.63,-0.42,-0.42,90
POS,0.61,-0.40,-0.46,93
POS,0.62,-0.28,-0.52,94
POS,0.64,-0.34,-0.49,92
POS,0.66,-0.37,-0.44,91
POS,0.66,-0.41,-0.40,89
POS,0.64,-0.44,-0.40,91
POS,0.68,-0.47,-0.33,88
POS,0.63,-0.40,-0.42,93
POS,0.64,-0.44,-0.43,94
POS,0.66,-0.45,-0.40,91
POS,0.65,-0.40,-0.45,94
POS,0.66,-0.42,-0.43,91
POS,0.65,-0.43,-0.42,92
POS,0.67,-0.45,-0.39,91
POS,0.66,-0.38,-0.46,93
POS,0.67,-0.42,-0.41,89
POS,0.60,-0.45,-0.40,89
POS,0.61,-0.46,-0.39,91
POS,0.65,-0.47,-0.35,89
POS,0.63,-0.51,-0.30,85
POS,0.65,-0.44,-0.37,94
POS,0.67,-0.46,-0.31,85
POS,0.67,-0.49,-0.30,89
POS,0.64,-0.53,-0.26,85
POS,0.67,-0.49,-0.29,94
POS,0.69,-0.49,-0.27,89
POS,0.69,-0.43,-0.35,94
POS,0.69,-0.47,-0.33,89
POS,0.69,-0.43,-0.35,94
POS,0.67,-0.47,-0.30,84
POS,0.65,-0.43,-0.37,94
POS,0.64,-0.40,-0.41,93
POS,0.68,-0.41,-0.37,91
POS,0.67,-0.42,-0.38,93
POS,0.64,-0.47,-0.36,88
POS,0.64,-0.44,-0.40,94
POS,0.63,-0.44,-0.39,92
POS,0.63,-0.46,-0.38,91
POS,0.67,-0.46,-0.35,90
POS,0.68,-0.43,-0.36,95
POS,0.67,-0.43,-0.39,94
POS,0.67,-0.44,-0.38,92
POS,0.62,-0.41,-0.44,92
POS,0.62,-0.44,-0.41,90
POS,0.63,-0.47,-0.37,89
POS,0.61,-0.47,-0.39,92
POS,0.60,-0.51,-0.34,86
POS,0.64,-0.50,-0.31,88
POS,0.60,-0.48,-0.35,92
POS,0.60,-0.52,-0.29,85
POS,0.63,-0.51,-0.30,91
POS,0.59,-0.51,-0.34,92
POS,0.61,-0.50,-0.35,92
POS,0.64,-0.44,-0.38,94
POS,0.65,-0.48,-0.35,89
POS,0.65,-0.50,-0.28,83
POS,0.64,-0.45,-0.33,93
POS,0.64,-0.49,-0.29,85
POS,0.66,-0.44,-0.10,94
POS,0.77,-0.53,-0.08,95
POS,0.77,-0.53,-0.09,88
POS,0.78,-0.52,-0.11,89
POS,0.80,-0.46,-0.17,96
POS,0.77,-0.49,-0.17,86
POS,0.70,-0.49,-0.23,91
POS,0.73,-0.46,-0.26,94
POS,0.69,-0.47,-0.29,91
POS,0.69,-0.45,-0.31,93
POS,0.71,-0.45,-0.30,91
POS,0.67,-0.46,-0.33,92
POS,0.69,-0.43,-0.33,93
POS,0.69,-0.40,-0.36,94
POS,0.66,-0.37,-0.42,93
POS,0.68,-0.42,-0.32,87
POS,0.68,-0.41,-0.35,95
POS,0.69,-0.40,-0.37,94
POS,0.73,-0.42,-0.30,86
POS,0.70,-0.43,-0.33,92
POS,0.70,-0.45,-0.33,91
POS,0.69,-0.50,-0.25,85
POS,0.69,-0.49,-0.26,90
POS,0.68,-0.51,-0.25,88
POS,0.68,-0.53,-0.23,86
POS,0.69,-0.45,-0.29,93
POS,0.66,-0.45,-0.31,91
POS,0.66,-0.47,-0.32,91
POS,0.66,-0.48,-0.33,91
POS,0.64,-0.50,-0.32,89
POS,0.65,-0.49,-0.32,91
POS,0.66,-0.47,-0.34,94
POS,0.68,-0.49,-0.31,89
POS,0.69,-0.49,-0.30,89
POS,0.72,-0.46,-0.29,91
POS,0.69,-0.46,-0.32,92
POS,0.74,-0.41,-0.31,95
POS,0.72,-0.41,-0.34,94
POS,0.74,-0.39,-0.35,95
POS,0.71,-0.33,-0.41,92
POS,0.71,-0.31,-0.42,94
POS,0.69,-0.36,-0.42,92
POS,0.73,-0.38,-0.33,85
POS,0.70,-0.39,-0.35,92
POS,0.67,-0.43,-0.37,92
POS,0.65,-0.45,-0.37,91
POS,0.64,-0.48,-0.35,89
POS,0.65,-0.49,-0.33,90
POS,0.75,-0.41,-0.25,92
POS,0.72,-0.45,-0.25,89
POS,0.74,-0.40,-0.28,95
POS,0.75,-0.41,-0.28,91
POS,0.74,-0.43,-0.28,90
POS,0.69,-0.42,-0.34,93
POS,0.68,-0.47,-0.28,85
POS,0.70,-0.35,-0.35,93
POS,0.69,-0.37,-0.37,93
POS,0.71,-0.40,-0.32,88
POS,0.70,-0.45,-0.27,86
POS,0.68,-0.47,-0.30,92
POS,0.71,-0.47,-0.28,90
POS,0.73,-0.42,-0.32,94
POS,0.73,-0.43,-0.31,90
POS,0.70,-0.46,-0.32,91
POS,0.72,-0.45,-0.33,93
POS,0.74,-0.45,-0.27,85
POS,0.70,-0.49,-0.27,89
POS,0.71,-0.43,-0.31,94
POS,0.69,-0.41,-0.35,94
POS,0.72,-0.41,-0.35,93
POS,0.70,-0.46,-0.31,86
POS,0.69,-0.45,-0.32,92
POS,0.68,-0.46,-0.33,92
POS,0.66,-0.44,-0.36,94
POS,0.67,-0.46,-0.35,90
POS,0.65,-0.43,-0.40,94
POS,0.67,-0.46,-0.34,87
POS,0.69,-0.44,-0.35,93
POS,0.68,-0.46,-0.35,92
POS,0.69,-0.48,-0.30,87
POS,0.69,-0.44,-0.34,94
POS,0.68,-0.45,-0.35,92
POS,0.69,-0.43,-0.35,92
POS,0.68,-0.42,-0.38,95
POS,0.71,-0.42,-0.36,92
POS,0.73,-0.42,-0.33,90
POS,0.72,-0.43,-0.34,92
POS,0.74,-0.42,-0.32,91
POS,0.74,-0.45,-0.27,86
POS,0.73,-0.43,-0.31,95
POS,0.75,-0.42,-0.31,92
POS,0.75,-0.38,-0.34,95
POS,0.74,-0.42,-0.31,89
POS,0.72,-0.41,-0.33,93
POS,0.71,-0.39,-0.37,94
POS,0.72,-0.38,-0.37,94
POS,0.70,-0.34,-0.40,92
POS,0.68,-0.41,-0.34,86
POS,0.69,-0.41,-0.36,94
POS,0.69,-0.45,-0.29,86
POS,0.71,-0.43,-0.32,95
POS,0.71,-0.39,-0.38,94
POS,0.71,-0.39,-0.39,94
POS,0.71,-0.42,-0.37,91
POS,0.71,-0.30,-0.43,93
POS,0.70,-0.36,-0.39,89
POS,0.68,-0.32,-0.44,93
POS,0.66,-0.32,-0.45,93
POS,0.64,-0.33,-0.47,93
POS,0.67,-0.37,-0.41,89
POS,0.67,-0.39,-0.41,93
POS,0.74,-0.40,-0.32,89
POS,0.74,-0.39,-0.33,94
POS,0.75,-0.41,-0.34,93
POS,0.72,-0.44,-0.33,90
POS,0.71,-0.46,-0.32,90
POS,0.70,-0.43,-0.37,94
POS,0.73,-0.38,-0.39,95
POS,0.69,-0.39,-0.41,94
POS,0.69,-0.40,-0.38,91
POS,0.71,-0.41,-0.38,93
POS,0.70,-0.39,-0.40,94
POS,0.71,-0.40,-0.39,92
POS,0.70,-0.44,-0.36,90
POS,0.66,-0.43,-0.41,93
POS,0.69,-0.41,-0.39,93
POS,0.66,-0.46,-0.35,88
POS,0.70,-0.46,-0.32,91
POS,0.70,-0.46,-0.32,91
POS,0.73,-0.43,-0.30,91
POS,0.75,-0.41,-0.31,94
POS,0.74,-0.38,-0.33,94
POS,0.77,-0.38,-0.33,94
POS,0.74,-0.43,-0.31,88
POS,0.73,-0.46,-0.29,88
POS,0.73,-0.41,-0.32,94
POS,0.72,-0.42,-0.33,92
POS,0.71,-0.41,-0.35,94
POS,0.73,-0.40,-0.36,94
POS,0.70,-0.42,-0.36,91
POS,0.69,-0.41,-0.39,95
POS,0.71,-0.43,-0.39,94
POS,0.71,-0.35,-0.44,93
POS,0.73,-0.31,-0.43,94
POS,0.71,-0.34,-0.43,93
POS,0.68,-0.37,-0.42,91
POS,0.71,-0.28,-0.52,96
POS,0.70,-0.26,-0.53,93
POS,0.71,-0.27,-0.53,95
POS,0.71,-0.31,-0.49,93
POS,0.68,-0.32,-0.48,93
POS,0.72,-0.36,-0.41,89
POS,0.70,-0.36,-0.43,94
POS,0.71,-0.40,-0.36,86
POS,0.72,-0.41,-0.36,93
POS,0.73,-0.42,-0.32,89
POS,0.75,-0.41,-0.31,91
POS,0.75,-0.41,-0.30,91
POS,0.72,-0.43,-0.33,92
POS,0.72,-0.42,-0.33,92
POS,0.73,-0.41,-0.33,93
POS,0.70,-0.46,-0.30,87
POS,0.67,-0.44,-0.35,93
POS,0.66,-0.46,-0.34,91
POS,0.68,-0.44,-0.36,94
POS,0.66,-0.43,-0.39,93
POS,0.66,-0.44,-0.39,92
POS,0.65,-0.39,-0.45,93
POS,0.64,-0.38,-0.46,94
POS,0.69,-0.38,-0.39,90
POS,0.66,-0.36,-0.44,93
POS,0.68,-0.32,-0.44,93
POS,0.68,-0.37,-0.40,89
POS,0.66,-0.42,-0.37,89
POS,0.66,-0.43,-0.37,92
POS,0.66,-0.43,-0.37,92
POS,0.70,-0.31,-0.48,96
POS,0.69,-0.32,-0.47,95
POS,0.72,-0.35,-0.44,93
POS,0.73,-0.38,-0.38,89
POS,0.73,-0.36,-0.39,94
POS,0.71,-0.36,-0.40,93
POS,0.68,-0.37,-0.44,94
POS,0.65,-0.37,-0.45,93
POS,0.70,-0.39,-0.38,89
POS,0.69,-0.41,-0.38,93
POS,0.71,-0.40,-0.37,93
POS,0.72,-0.34,-0.41,94
POS,0.71,-0.35,-0.41,94
POS,0.72,-0.40,-0.35,87
POS,0.72,-0.40,-0.36,93
POS,0.70,-0.40,-0.37,93
POS,0.69,-0.38,-0.43,94
POS,0.69,-0.39,-0.41,92
POS,0.69,-0.37,-0.42,94
POS,0.64,-0.40,-0.41,91
POS,0.64,-0.45,-0.37,88
POS,0.62,-0.44,-0.40,93
POS,0.62,-0.42,-0.42,93
POS,0.64,-0.41,-0.41,92
POS,0.70,-0.39,-0.34,88
POS,0.69,-0.38,-0.36,94
POS,0.64,-0.41,-0.37,90
POS,0.63,-0.44,-0.36,90
POS,0.64,-0.42,-0.38,95
POS,0.64,-0.41,-0.40,94
POS,0.66,-0.44,-0.37,90
POS,0.70,-0.43,-0.32,89
POS,0.75,-0.42,-0.27,87
POS,0.73,-0.43,-0.30,92
POS,0.75,-0.45,-0.25,87
POS,0.76,-0.41,-0.29,95
POS,0.71,-0.42,-0.33,93
POS,0.65,-0.45,-0.34,90
POS,0.66,-0.46,-0.34,91
POS,0.67,-0.48,-0.32,90
POS,0.65,-0.47,-0.34,92
POS,0.61,-0.44,-0.38,91
POS,0.67,-0.41,-0.36,93
POS,0.73,-0.47,-0.26,92
POS,0.73,-0.46,-0.29,93
POS,0.71,-0.44,-0.32,94
POS,0.72,-0.45,-0.32,91
POS,0.72,-0.45,-0.31,91
POS,0.73,-0.46,-0.30,91
POS,0.74,-0.47,-0.28,88
POS,0.70,-0.49,-0.29,89
POS,0.73,-0.45,-0.30,94
POS,0.75,-0.46,-0.24,85
POS,0.72,-0.45,-0.07,95
POS,0.71,-0.48,-0.11,89
POS,0.69,-0.46,-0.19,93
POS,0.72,-0.46,-0.20,90
POS,0.71,-0.37,-0.31,93
POS,0.68,-0.35,-0.36,93
POS,0.65,-0.38,-0.38,92
POS,0.63,-0.37,-0.42,93
POS,0.66,-0.40,-0.38,90
POS,0.63,-0.41,-0.42,94
POS,0.64,-0.43,-0.39,91
POS,0.67,-0.46,-0.28,87
POS,0.68,-0.48,-0.29,90
POS,0.68,-0.49,-0.28,89
POS,0.68,-0.46,-0.32,94
POS,0.68,-0.44,-0.35,94
POS,0.65,-0.46,-0.37,92
POS,0.63,-0.48,-0.35,89
POS,0.64,-0.48,-0.36,92
POS,0.64,-0.49,-0.35,90
POS,0.70,-0.46,-0.31,89
POS,0.68,-0.46,-0.32,92
POS,0.68,-0.47,-0.33,92
POS,0.66,-0.42,-0.38,93
POS,0.67,-0.41,-0.38,93
POS,0.66,-0.45,-0.36,90
POS,0.64,-0.46,-0.36,91
POS,0.65,-0.47,-0.35,90
POS,0.64,-0.45,-0.37,94
POS,0.62,-0.46,-0.38,92
POS,0.63,-0.50,-0.33,86
POS,0.63,-0.51,-0.31,89
POS,0.64,-0.50,-0.34,94
POS,0.65,-0.47,-0.38,94
POS,0.64,-0.49,-0.36,90
POS,0.65,-0.49,-0.35,91
POS,0.64,-0.52,-0.32,88
POS,0.66,-0.43,-0.39,94
POS,0.69,-0.42,-0.39,94
POS,0.68,-0.40,-0.40,93
POS,0.67,-0.42,-0.39,92
POS,0.69,-0.43,-0.36,89
POS,0.67,-0.46,-0.35,90
POS,0.65,-0.48,-0.34,90
POS,0.66,-0.48,-0.36,93
POS,0.67,-0.47,-0.35,90
POS,0.64,-0.48,-0.36,92
POS,0.64,-0.45,-0.39,94
POS,0.65,-0.48,-0.36,89
POS,0.66,-0.49,-0.34,90
POS,0.65,-0.46,-0.37,94
POS,0.63,-0.47,-0.38,92
POS,0.64,-0.49,-0.37,90
POS,0.64,-0.47,-0.39,94
POS,0.62,-0.43,-0.41,92
POS,0.63,-0.43,-0.41,92
POS,0.62,-0.45,-0.40,92
POS,0.66,-0.44,-0.40,95
POS,0.66,-0.44,-0.41,94
POS,0.65,-0.44,-0.40,92
POS,0.67,-0.44,-0.40,93
POS,0.64,-0.45,-0.41,92
POS,0.64,-0.42,-0.42,93
POS,0.65,-0.45,-0.37,88
POS,0.68,-0.38,-0.39,93
POS,0.70,-0.38,-0.37,92
POS,0.71,-0.39,-0.36,93
POS,0.72,-0.38,-0.39,95
POS,0.70,-0.40,-0.39,92
POS,0.72,-0.36,-0.41,94
POS,0.72,-0.36,-0.40,94
POS,0.70,-0.41,-0.37,89
POS,0.71,-0.37,-0.38,94
POS,0.74,-0.38,-0.32,87
POS,0.73,-0.37,-0.35,94
POS,0.70,-0.40,-0.36,93
POS,0.69,-0.46,-0.31,86
POS,0.70,-0.43,-0.35,95
POS,0.70,-0.42,-0.36,93
POS,0.70,-0.40,-0.36,94
POS,0.71,-0.39,-0.37,95
POS,0.74,-0.39,-0.34,90
POS,0.70,-0.38,-0.38,93
POS,0.70,-0.41,-0.36,91
POS,0.70,-0.43,-0.36,92
POS,0.67,-0.42,-0.39,94
POS,0.66,-0.43,-0.39,92
POS,0.69,-0.44,-0.36,90
POS,0.67,-0.43,-0.39,94
POS,0.67,-0.43,-0.41,95
POS,0.68,-0.43,-0.41,93
POS,0.70,-0.42,-0.38,92
POS,0.69,-0.42,-0.40,95
POS,0.67,-0.45,-0.38,90
POS,0.70,-0.46,-0.35,90
POS,0.72,-0.39,-0.39,94
POS,0.72,-0.40,-0.38,92
POS,0.74,-0.28,-0.42,93
POS,0.74,-0.32,-0.41,93
POS,0.70,-0.33,-0.43,94
POS,0.70,-0.36,-0.43,93
POS,0.68,-0.37,-0.44,94
POS,0.67,-0.35,-0.47,93
POS,0.69,-0.34,-0.46,95
POS,0.66,-0.35,-0.47,93
POS,0.65,-0.37,-0.47,93
POS,0.63,-0.41,-0.45,91
POS,0.60,-0.42,-0.46,93
POS,0.65,-0.40,-0.42,93
POS,0.67,-0.40,-0.41,93
POS,0.66,-0.39,-0.41,93
POS,0.67,-0.44,-0.37,89
POS,0.66,-0.42,-0.39,94
POS,0.70,-0.43,-0.29,85
POS,0.68,-0.47,-0.28,88
POS,0.69,-0.42,-0.34,94
POS,0.69,-0.43,-0.34,92
POS,0.68,-0.47,-0.30,86
POS,0.67,-0.46,-0.33,93
POS,0.68,-0.43,-0.35,95
POS,0.66,-0.46,-0.36,91
POS,0.66,-0.43,-0.39,94
POS,0.64,-0.47,-0.34,87
POS,0.66,-0.41,-0.40,94
POS,0.66,-0.39,-0.41,94
POS,0.66,-0.40,-0.42,94
POS,0.67,-0.42,-0.40,91
POS,0.69,-0.42,-0.39,93
POS,0.71,-0.44,-0.34,88
POS,0.67,-0.46,-0.36,92
POS,0.63,-0.44,-0.39,93
POS,0.67,-0.46,-0.35,90
POS,0.65,-0.39,-0.42,92
POS,0.69,-0.37,-0.38,91
POS,0.71,-0.30,-0.51,96
POS,0.69,-0.30,-0.52,94
POS,0.69,-0.31,-0.50,94
POS,0.68,-0.33,-0.50,95
POS,0.68,-0.36,-0.49,94
POS,0.70,-0.37,-0.46,94
POS,0.70,-0.36,-0.47,95
POS,0.72,-0.38,-0.43,92
POS,0.70,-0.41,-0.43,92
POS,0.68,-0.39,-0.46,94
POS,0.71,-0.35,-0.44,95
POS,0.69,-0.40,-0.41,90
POS,0.70,-0.42,-0.39,92
POS,0.64,-0.45,-0.39,90
POS,0.65,-0.42,-0.41,95
POS,0.65,-0.46,-0.38,89
POS,0.65,-0.43,-0.41,94
POS,0.67,-0.42,-0.39,92
POS,0.65,-0.46,-0.39,92
POS,0.65,-0.45,-0.40,93
POS,0.67,-0.46,-0.37,90
POS,0.63,-0.46,-0.39,92
POS,0.62,-0.44,-0.42,94
POS,0.61,-0.43,-0.45,94
POS,0.65,-0.41,-0.43,94
POS,0.68,-0.41,-0.41,93
POS,0.64,-0.42,-0.42,92
POS,0.66,-0.42,-0.41,93
POS,0.68,-0.44,-0.39,92
POS,0.70,-0.43,-0.37,92
POS,0.67,-0.45,-0.36,90
POS,0.66,-0.45,-0.37,92
POS,0.64,-0.44,-0.41,94
POS,0.66,-0.42,-0.42,95
POS,0.66,-0.40,-0.42,94
POS,0.66,-0.40,-0.42,93
POS,0.65,-0.44,-0.39,90
POS,0.65,-0.40,-0.43,94
POS,0.67,-0.36,-0.44,94
POS,0.68,-0.35,-0.44,94
POS,0.68,-0.34,-0.44,93
POS,0.69,-0.34,-0.42,94
POS,0.70,-0.35,-0.42,94
POS,0.71,-0.36,-0.42,95
POS,0.71,-0.36,-0.43,95
POS,0.69,-0.36,-0.45,95
POS,0.70,-0.37,-0.44,94
POS,0.68,-0.41,-0.40,89
POS,0.66,-0.44,-0.39,90
POS,0.64,-0.46,-0.39,92
POS,0.64,-0.47,-0.38,91
POS,0.61,-0.45,-0.43,93
POS,0.63,-0.45,-0.41,91
POS,0.67,-0.42,-0.43,95
POS,0.70,-0.41,-0.40,93
POS,0.72,-0.39,-0.41,95
POS,0.67,-0.43,-0.41,91
POS,0.68,-0.44,-0.37,90
POS,0.66,-0.47,-0.37,91
POS,0.64,-0.47,-0.38,92
POS,0.62,-0.46,-0.39,92
POS,0.60,-0.44,-0.42,93
POS,0.62,-0.44,-0.42,94
POS,0.67,-0.40,-0.40,95
POS,0.66,-0.40,-0.42,94
POS,0.69,-0.42,-0.37,89
POS,0.67,-0.38,-0.42,93
POS,0.66,-0.40,-0.42,93
POS,0.65,-0.43,-0.40,91
POS,0.69,-0.39,-0.41,95
POS,0.68,-0.41,-0.40,92
POS,0.67,-0.47,-0.33,86
POS,0.68,-0.44,-0.35,94
POS,0.68,-0.45,-0.36,93
POS,0.69,-0.38,-0.41,93
POS,0.65,-0.40,-0.44,94
POS,0.69,-0.38,-0.43,95
POS,0.68,-0.39,-0.46,95
POS,0.67,-0.44,-0.40,88
POS,0.66,-0.41,-0.44,94
POS,0.65,-0.37,-0.48,93
POS,0.64,-0.34,-0.49,93
POS,0.66,-0.37,-0.44,91
POS,0.66,-0.39,-0.44,94
POS,0.65,-0.37,-0.46,93
POS,0.65,-0.39,-0.45,93
POS,0.65,-0.41,-0.42,91
POS,0.66,-0.42,-0.43,94
POS,0.66,-0.41,-0.45,95
POS,0.68,-0.43,-0.41,91
POS,0.66,-0.45,-0.39,90
POS,0.68,-0.42,-0.41,95
POS,0.67,-0.45,-0.38,89
POS,0.64,-0.47,-0.37,90
POS,0.62,-0.49,-0.36,90
POS,0.65,-0.47,-0.36,93
POS,0.63,-0.47,-0.36,91
POS,0.67,-0.47,-0.32,88
POS,0.66,-0.44,-0.37,94
POS,0.68,-0.43,-0.38,94
POS,0.67,-0.43,-0.40,94
POS,0.66,-0.46,-0.39,92
POS,0.68,-0.45,-0.39,93
POS,0.69,-0.42,-0.40,94
POS,0.67,-0.44,-0.40,92
POS,0.65,-0.48,-0.37,89
POS,0.65,-0.43,-0.42,94
POS,0.65,-0.41,-0.44,93
POS,0.67,-0.37,-0.43,94
POS,0.64,-0.35,-0.47,93
POS,0.65,-0.34,-0.46,93
POS,0.66,-0.38,-0.44,92
POS,0.68,-0.38,-0.42,94
POS,0.74,-0.37,-0.35,88
POS,0.72,-0.38,-0.36,93
POS,0.71,-0.39,-0.38,94
POS,0.70,-0.41,-0.38,93
POS,0.70,-0.45,-0.34,88
POS,0.71,-0.43,-0.37,96
POS,0.72,-0.46,-0.33,88
POS,0.70,-0.45,-0.35,93
POS,0.69,-0.43,-0.38,94
POS,0.68,-0.44,-0.38,92
POS,0.66,-0.46,-0.36,90
POS,0.66,-0.50,-0.30,85
POS,0.73,-0.44,-0.22,85
POS,0.72,-0.46,-0.24,90
POS,0.74,-0.44,-0.26,93
POS,0.71,-0.42,-0.32,93
POS,0.68,-0.45,-0.33,90
POS,0.67,-0.39,-0.40,93
POS,0.67,-0.43,-0.37,90
POS,0.72,-0.39,-0.37,95
POS,0.69,-0.40,-0.39,93
POS,0.70,-0.39,-0.40,95
POS,0.71,-0.38,-0.39,93
POS,0.68,-0.39,-0.43,94
POS,0.70,-0.40,-0.40,92
POS,0.68,-0.43,-0.38,90
POS,0.68,-0.45,-0.36,89
POS,0.70,-0.44,-0.36,94
POS,0.68,-0.47,-0.36,91
POS,0.70,-0.47,-0.35,91
POS,0.66,-0.49,-0.36,91
POS,0.64,-0.47,-0.38,93
POS,0.62,-0.48,-0.40,92
POS,0.64,-0.45,-0.40,95
POS,0.70,-0.42,-0.36,92
POS,0.68,-0.42,-0.37,92
POS,0.65,-0.40,-0.40,92
POS,0.63,-0.40,-0.42,93
POS,0.63,-0.44,-0.39,89
POS,0.62,-0.43,-0.41,94
POS,0.63,-0.45,-0.39,91
POS,0.61,-0.45,-0.41,93
POS,0.60,-0.40,-0.45,92
POS,0.58,-0.46,-0.41,88
POS,0.57,-0.48,-0.41,92
POS,0.60,-0.43,-0.43,94
POS,0.63,-0.43,-0.42,93
POS,0.63,-0.47,-0.36,87
POS,0.67,-0.46,-0.34,91
POS,0.69,-0.39,-0.39,94
POS,0.70,-0.41,-0.36,90
POS,0.71,-0.43,-0.35,91
POS,0.72,-0.42,-0.35,93
POS,0.77,-0.40,-0.31,91
POS,0.73,-0.44,-0.28,86
POS,0.70,-0.46,-0.30,92
POS,0.71,-0.42,-0.34,94
POS,0.70,-0.42,-0.37,94
POS,0.73,-0.40,-0.35,93
POS,0.74,-0.44,-0.25,87
POS,0.71,-0.46,-0.28,91
POS,0.71,-0.44,-0.30,94
POS,0.68,-0.41,-0.36,93
POS,0.69,-0.33,-0.42,93
POS,0.73,-0.31,-0.40,95
POS,0.70,-0.36,-0.40,92
POS,0.70,-0.38,-0.39,92
POS,0.69,-0.40,-0.40,93
POS,0.67,-0.40,-0.41,94
POS,0.71,-0.40,-0.36,89
POS,0.68,-0.43,-0.35,90
POS,0.69,-0.44,-0.34,91
POS,0.71,-0.46,-0.31,89
POS,0.66,-0.44,-0.37,93
POS,0.68,-0.43,-0.37,93
POS,0.65,-0.44,-0.16,95
POS,0.62,-0.42,-0.25,92
POS,0.61,-0.45,-0.28,91
POS,0.66,-0.42,-0.29,94
POS,0.69,-0.38,-0.31,95
POS,0.67,-0.44,-0.28,87
POS,0.68,-0.45,-0.30,92
POS,0.66,-0.43,-0.35,93
POS,0.65,-0.45,-0.35,91
POS,0.67,-0.46,-0.33,91
POS,0.68,-0.46,-0.34,93
POS,0.67,-0.42,-0.39,93
POS,0.84,-0.45,-0.28,96
POS,0.82,-0.45,-0.29,92
POS,0.81,-0.45,-0.28,89
POS,0.80,-0.44,-0.30,93
POS,0.76,-0.45,-0.33,93
POS,0.74,-0.42,-0.36,94
POS,0.72,-0.44,-0.35,90
POS,0.71,-0.45,-0.36,93
POS,0.76,-0.47,-0.26,89
POS,0.76,-0.42,-0.30,94
POS,0.72,-0.46,-0.29,87
POS,0.68,-0.43,-0.35,93
POS,0.72,-0.37,-0.35,94
POS,0.68,-0.40,-0.38,93
POS,0.68,-0.43,-0.35,88
POS,0.66,-0.45,-0.35,91
POS,0.64,-0.48,-0.35,90
POS,0.66,-0.47,-0.34,92
POS,0.69,-0.44,-0.35,94
POS,0.66,-0.48,-0.31,85
POS,0.69,-0.48,-0.29,89
POS,0.66,-0.49,-0.29,88
POS,0.70,-0.42,-0.33,95
POS,0.73,-0.30,-0.40,94
POS,0.69,-0.34,-0.41,92
POS,0.68,-0.36,-0.40,92
POS,0.64,-0.39,-0.40,91
POS,0.59,-0.46,-0.34,85
POS,0.65,-0.45,-0.33,92
POS,0.63,-0.40,-0.39,93
POS,0.65,-0.45,-0.33,86
POS,0.69,-0.44,-0.29,88
POS,0.71,-0.44,-0.29,91
POS,0.69,-0.37,-0.37,93
POS,0.74,-0.37,-0.30,85
POS,0.77,-0.37,-0.29,93
POS,0.72,-0.39,-0.32,92
POS,0.68,-0.44,-0.27,83
POS,0.69,-0.48,-0.24,87
POS,0.72,-0.49,-0.20,86
POS,0.67,-0.47,-0.27,92
POS,0.63,-0.46,-0.32,93
POS,0.68,-0.43,-0.35,96
POS,0.69,-0.46,-0.30,87
POS,0.69,-0.46,-0.34,94
POS,0.65,-0.47,-0.35,90
POS,0.62,-0.48,-0.35,90
POS,0.65,-0.42,-0.38,94
POS,0.61,-0.36,-0.43,91
POS,0.61,-0.38,-0.45,94
POS,0.63,-0.39,-0.44,93
POS,0.61,-0.35,-0.47,92
POS,0.59,-0.35,-0.47,92
POS,0.67,-0.42,-0.35,91
POS,0.62,-0.45,-0.35,89
POS,0.63,-0.44,-0.35,92
POS,0.64,-0.43,-0.36,93
POS,0.61,-0.46,-0.34,88
POS,0.60,-0.45,-0.36,92
POS,0.58,-0.40,-0.41,91
POS,0.57,-0.43,-0.39,89
POS,0.58,-0.47,-0.32,84
POS,0.59,-0.45,-0.38,94
POS,0.59,-0.49,-0.30,83
POS,0.60,-0.44,-0.36,94
POS,0.65,-0.46,-0.31,87
POS,0.62,-0.48,-0.31,89
POS,0.63,-0.50,-0.28,86
POS,0.67,-0.51,-0.26,89
POS,0.63,-0.50,-0.30,91
POS,0.61,-0.48,-0.35,94
POS,0.65,-0.42,-0.40,95
POS,0.64,-0.45,-0.38,90
POS,0.64,-0.35,-0.50,95
POS,0.65,-0.36,-0.50,95
POS,0.61,-0.40,-0.43,85
POS,0.60,-0.39,-0.48,94
POS,0.57,-0.43,-0.44,89
POS,0.57,-0.44,-0.42,90
POS,0.57,-0.48,-0.37,86
POS,0.60,-0.47,-0.35,90
POS,0.62,-0.49,-0.32,88
POS,0.60,-0.51,-0.30,87
POS,0.63,-0.54,-0.25,87
POS,0.59,-0.52,-0.30,91
POS,0.59,-0.47,-0.37,93
POS,0.54,-0.44,-0.41,91
POS,0.55,-0.45,-0.41,91
POS,0.59,-0.35,-0.51,95
POS,0.61,-0.39,-0.48,92
POS,0.60,-0.37,-0.50,93
POS,0.60,-0.33,-0.53,93
POS,0.57,-0.35,-0.52,92
POS,0.56,-0.35,-0.52,93
POS,0.65,-0.43,-0.39,92
POS,0.66,-0.38,-0.44,94
POS,0.66,-0.42,-0.39,88
POS,0.66,-0.45,-0.34,86
POS,0.68,-0.47,-0.31,89
POS,0.67,-0.49,-0.27,83
POS,0.66,-0.50,-0.26,88
POS,0.65,-0.52,-0.26,88
POS,0.64,-0.52,-0.28,90
POS,0.64,-0.51,-0.30,91
POS,0.65,-0.49,-0.31,92
POS,0.67,-0.45,-0.33,94
POS,0.64,-0.41,-0.39,93
POS,0.64,-0.45,-0.34,86
POS,0.63,-0.37,-0.38,90
POS,0.67,-0.39,-0.34,89
POS,0.71,-0.41,-0.27,84
POS,0.69,-0.43,-0.30,92
POS,0.71,-0.39,-0.31,95
POS,0.65,-0.46,-0.23,83
POS,0.67,-0.46,-0.25,92
POS,0.64,-0.49,-0.25,87
POS,0.66,-0.48,-0.25,89
POS,0.61,-0.46,-0.31,92
POS,0.64,-0.40,-0.37,94
POS,0.63,-0.45,-0.35,90
POS,0.61,-0.43,-0.40,93
POS,0.61,-0.44,-0.40,92
POS,0.64,-0.44,-0.39,93
POS,0.61,-0.41,-0.43,93
POS,0.60,-0.41,-0.45,94
POS,0.58,-0.43,-0.43,89
POS,0.60,-0.45,-0.39,89
POS,0.60,-0.48,-0.34,86
POS,0.59,-0.52,-0.32,88
POS,0.59,-0.52,-0.31,88
POS,0.55,-0.54,-0.28,85
POS,0.54,-0.53,-0.32,91
POS,0.54,-0.45,-0.39,92
POS,0.52,-0.47,-0.40,91
POS,0.56,-0.47,-0.36,89
POS,0.56,-0.50,-0.33,87
POS,0.57,-0.54,-0.28,85
POS,0.59,-0.56,-0.22,84
POS,0.58,-0.57,-0.20,85
POS,0.58,-0.54,-0.26,92
POS,0.59,-0.45,-0.34,92
POS,0.59,-0.39,-0.40,93
POS,0.60,-0.43,-0.36,87
POS,0.59,-0.44,-0.38,93
POS,0.58,-0.48,-0.33,86
POS,0.58,-0.50,-0.31,87
POS,0.60,-0.52,-0.27,86
POS,0.60,-0.52,-0.29,91
POS,0.60,-0.51,-0.31,90
POS,0.60,-0.50,-0.31,90
POS,0.61,-0.47,-0.37,94
POS,0.63,-0.46,-0.40,95
POS,0.59,-0.46,-0.43,93
POS,0.61,-0.49,-0.34,85
POS,0.60,-0.41,-0.42,93
POS,0.60,-0.35,-0.47,92
POS,0.62,-0.40,-0.42,89
POS,0.58,-0.39,-0.45,92
POS,0.59,-0.41,-0.44,93
POS,0.56,-0.42,-0.44,91
POS,0.60,-0.46,-0.32,85
POS,0.58,-0.49,-0.30,87
POS,0.59,-0.45,-0.37,94
POS,0.57,-0.49,-0.33,86
POS,0.56,-0.49,-0.34,90
POS,0.57,-0.49,-0.34,90
POS,0.57,-0.50,-0.34,90
POS,0.56,-0.51,-0.35,91
POS,0.57,-0.52,-0.34,89
POS,0.59,-0.44,-0.39,93
POS,0.58,-0.47,-0.39,91
POS,0.58,-0.44,-0.41,93
POS,0.59,-0.47,-0.35,86
POS,0.65,-0.47,-0.32,90
POS,0.65,-0.45,-0.38,94
POS,0.67,-0.48,-0.33,88
POS,0.65,-0.48,-0.35,92
POS,0.65,-0.49,-0.31,86
POS,0.63,-0.48,-0.34,92
POS,0.63,-0.47,-0.39,95
POS,0.63,-0.48,-0.39,92
POS,0.58,-0.41,-0.45,91
POS,0.61,-0.42,-0.47,95
POS,0.60,-0.47,-0.37,83
POS,0.63,-0.38,-0.44,94
POS,0.63,-0.41,-0.40,89
POS,0.63,-0.44,-0.39,91
POS,0.65,-0.49,-0.31,86
POS,0.63,-0.46,-0.38,94
POS,0.60,-0.50,-0.36,89
POS,0.60,-0.35,-0.44,93
POS,0.63,-0.40,-0.32,85
POS,0.59,-0.40,-0.37,93
POS,0.58,-0.42,-0.40,93
POS,0.60,-0.45,-0.37,89
POS,0.60,-0.48,-0.34,88
POS,0.57,-0.44,-0.39,91
POS,0.55,-0.37,-0.45,92
POS,0.58,-0.37,-0.48,96
POS,0.59,-0.44,-0.39,85
POS,0.57,-0.46,-0.39,91
POS,0.58,-0.46,-0.39,91
POS,0.59,-0.47,-0.39,92
POS,0.61,-0.44,-0.42,94
POS,0.58,-0.41,-0.46,93
POS,0.59,-0.47,-0.34,84
POS,0.56,-0.43,-0.40,92
POS,0.57,-0.47,-0.35,87
POS,0.59,-0.47,-0.38,94
POS,0.59,-0.41,-0.44,93
POS,0.62,-0.44,-0.37,86
POS,0.60,-0.47,-0.35,89
POS,0.57,-0.48,-0.37,91
POS,0.56,-0.43,-0.43,93
POS,0.56,-0.45,-0.42,91
POS,0.57,-0.41,-0.46,93
POS,0.59,-0.38,-0.48,93
POS,0.60,-0.34,-0.50,93
POS,0.61,-0.32,-0.54,94
POS,0.65,-0.32,-0.52,96
POS,0.62,-0.38,-0.47,89
POS,0.63,-0.38,-0.47,95
POS,0.66,-0.42,-0.40,87
POS,0.65,-0.47,-0.34,86
POS,0.66,-0.50,-0.28,85
POS,0.69,-0.42,-0.35,95
POS,0.69,-0.44,-0.36,93
POS,0.64,-0.41,-0.42,93
POS,0.65,-0.34,-0.50,94
POS,0.66,-0.28,-0.52,93
POS,0.66,-0.32,-0.51,94
POS,0.63,-0.28,-0.54,92
POS,0.59,-0.32,-0.53,93
POS,0.61,-0.33,-0.53,95
POS,0.64,-0.32,-0.53,94
POS,0.65,-0.29,-0.54,94
POS,0.68,-0.32,-0.48,92
POS,0.68,-0.33,-0.48,95
POS,0.68,-0.35,-0.49,95
POS,0.62,-0.38,-0.48,91
POS,0.63,-0.43,-0.40,86
POS,0.60,-0.44,-0.40,90
POS,0.59,-0.45,-0.42,93
POS,0.61,-0.40,-0.46,94
POS,0.60,-0.35,-0.50,92
POS,0.57,-0.29,-0.54,92
POS,0.58,-0.24,-0.56,93
POS,0.60,-0.23,-0.56,93
POS,0.59,-0.30,-0.51,90
POS,0.60,-0.37,-0.44,87
POS,0.60,-0.43,-0.38,87
POS,0.61,-0.41,-0.42,94
POS,0.59,-0.37,-0.46,92
POS,0.58,-0.41,-0.44,91
POS,0.61,-0.43,-0.41,90
POS,0.64,-0.38,-0.44,94
POS,0.64,-0.43,-0.40,89
POS,0.63,-0.38,-0.45,93
POS,0.66,-0.43,-0.37,87
POS,0.64,-0.45,-0.36,90
POS,0.63,-0.46,-0.39,93
POS,0.65,-0.46,-0.39,93
POS,0.63,-0.46,-0.41,93
POS,0.63,-0.49,-0.37,89
POS,0.62,-0.52,-0.35,88
POS,0.61,-0.54,-0.29,83
POS,0.65,-0.39,-0.43,96
POS,0.64,-0.35,-0.47,93
POS,0.64,-0.37,-0.49,95
POS,0.64,-0.41,-0.45,91
POS,0.68,-0.43,-0.38,88
POS,0.70,-0.46,-0.32,87
POS,0.69,-0.44,-0.37,94
POS,0.70,-0.41,-0.41,95
POS,0.72,-0.36,-0.44,94
POS,0.72,-0.33,-0.47,94
POS,0.70,-0.33,-0.48,94
POS,0.69,-0.32,-0.50,94
POS,0.68,-0.24,-0.57,94
POS,0.65,-0.29,-0.54,93
POS,0.64,-0.36,-0.49,90
POS,0.62,-0.35,-0.51,93
POS,0.61,-0.41,-0.41,84
POS,0.59,-0.43,-0.42,92
POS,0.59,-0.46,-0.39,89
POS,0.60,-0.46,-0.40,93
POS,0.61,-0.47,-0.40,92
POS,0.60,-0.43,-0.44,93
POS,0.60,-0.44,-0.43,91
POS,0.62,-0.47,-0.38,88
POS,0.64,-0.43,-0.42,95
POS,0.65,-0.39,-0.46,94
POS,0.67,-0.40,-0.42,91
POS,0.67,-0.43,-0.40,91
POS,0.69,-0.42,-0.42,96
POS,0.65,-0.43,-0.42,92
POS,0.63,-0.46,-0.39,88
POS,0.63,-0.43,-0.43,94
POS,0.63,-0.43,-0.45,94
POS,0.62,-0.43,-0.44,92
POS,0.60,-0.42,-0.47,93
POS,0.63,-0.46,-0.38,87
POS,0.64,-0.44,-0.41,95
POS,0.66,-0.47,-0.36,87
POS,0.66,-0.45,-0.39,95
POS,0.64,-0.48,-0.35,87
POS,0.69,-0.47,-0.32,90
POS,0.68,-0.50,-0.28,85
POS,0.72,-0.47,-0.28,92
POS,0.70,-0.44,-0.32,94
POS,0.70,-0.44,-0.34,93
POS,0.67,-0.45,-0.36,92
POS,0.67,-0.44,-0.37,93
POS,0.64,-0.49,-0.31,84
POS,0.68,-0.42,-0.32,94
POS,0.68,-0.31,-0.45,95
POS,0.71,-0.33,-0.43,94
POS,0.71,-0.37,-0.40,90
POS,0.65,-0.39,-0.44,93
POS,0.65,-0.37,-0.47,94
POS,0.66,-0.32,-0.50,93
POS,0.68,-0.30,-0.52,94
POS,0.67,-0.25,-0.55,93
POS,0.69,-0.33,-0.44,86
POS,0.71,-0.34,-0.42,93
POS,0.67,-0.41,-0.39,89
POS,0.64,-0.45,-0.35,87
POS,0.64,-0.38,-0.42,93
POS,0.62,-0.34,-0.47,93
POS,0.62,-0.41,-0.40,87
POS,0.62,-0.37,-0.46,93
POS,0.59,-0.44,-0.39,86
POS,0.59,-0.31,-0.51,95
POS,0.58,-0.39,-0.44,87
POS,0.63,-0.42,-0.38,88
POS,0.62,-0.45,-0.37,90
POS,0.59,-0.49,-0.35,89
POS,0.62,-0.52,-0.30,86
POS,0.61,-0.55,-0.25,85
POS,0.66,-0.54,-0.23,89
POS,0.67,-0.49,-0.31,95
POS,0.66,-0.49,-0.33,92
POS,0.66,-0.46,-0.38,95
POS,0.63,-0.50,-0.35,88
POS,0.63,-0.53,-0.30,86
POS,0.63,-0.54,-0.28,87
POS,0.65,-0.50,-0.30,93
POS,0.62,-0.42,-0.39,92
POS,0.61,-0.46,-0.36,88
POS,0.58,-0.47,-0.37,90
POS,0.59,-0.46,-0.38,93
POS,0.56,-0.47,-0.39,91
POS,0.58,-0.47,-0.41,94
POS,0.56,-0.48,-0.39,89
POS,0.57,-0.47,-0.43,95
POS,0.59,-0.46,-0.43,93
POS,0.63,-0.45,-0.41,92
POS,0.61,-0.44,-0.44,94
POS,0.60,-0.43,-0.45,93
POS,0.59,-0.45,-0.46,93
POS,0.58,-0.42,-0.47,92
POS,0.62,-0.45,-0.42,90
POS,0.62,-0.47,-0.40,91
POS,0.61,-0.50,-0.37,89
POS,0.61,-0.47,-0.38,93
POS,0.62,-0.47,-0.37,91
POS,0.64,-0.49,-0.33,87
POS,0.65,-0.51,-0.30,88
POS,0.67,-0.51,-0.30,90
POS,0.62,-0.50,-0.33,91
POS,0.59,-0.53,-0.32,88
POS,0.58,-0.51,-0.34,91
POS,0.57,-0.55,-0.29,86
POS,0.61,-0.56,-0.25,86
POS,0.61,-0.52,-0.30,93
POS,0.59,-0.50,-0.33,91
POS,0.63,-0.51,-0.29,87
POS,0.58,-0.47,-0.34,91
POS,0.55,-0.47,-0.39,93
POS,0.57,-0.50,-0.37,89
POS,0.59,-0.50,-0.34,88
POS,0.56,-0.51,-0.33,88
POS,0.59,-0.53,-0.29,86
POS,0.59,-0.42,-0.39,93
POS,0.58,-0.44,-0.41,93
POS,0.59,-0.46,-0.37,88
POS,0.56,-0.48,-0.36,89
POS,0.56,-0.49,-0.37,91
POS,0.56,-0.50,-0.36,90
POS,0.54,-0.53,-0.32,86
POS,0.55,-0.48,-0.39,93
POS,0.56,-0.44,-0.43,93
POS,0.54,-0.41,-0.46,92
POS,0.53,-0.42,-0.46,92
POS,0.54,-0.39,-0.50,93
POS,0.50,-0.43,-0.47,89
POS,0.51,-0.35,-0.54,94
POS,0.56,-0.36,-0.51,94
POS,0.58,-0.42,-0.41,84
POS,0.57,-0.44,-0.39,90
POS,0.57,-0.49,-0.35,88
POS,0.60,-0.49,-0.36,92
POS,0.61,-0.51,-0.31,86
POS,0.63,-0.51,-0.28,87
POS,0.57,-0.50,-0.31,90
POS,0.55,-0.46,-0.36,92
POS,0.58,-0.36,-0.43,93
POS,0.56,-0.42,-0.40,89
POS,0.59,-0.40,-0.44,95
POS,0.63,-0.40,-0.42,93
POS,0.64,-0.42,-0.43,94
POS,0.64,-0.31,-0.51,94
POS,0.57,-0.35,-0.50,91
POS,0.57,-0.32,-0.52,93
POS,0.60,-0.32,-0.52,94
POS,0.59,-0.31,-0.54,93
POS,0.58,-0.34,-0.54,94
POS,0.59,-0.40,-0.47,88
POS,0.59,-0.41,-0.48,94
POS,0.55,-0.44,-0.44,89
POS,0.55,-0.49,-0.40,88
POS,0.56,-0.44,-0.45,93
POS,0.53,-0.47,-0.42,89
POS,0.58,-0.50,-0.36,87
POS,0.60,-0.49,-0.36,92
POS,0.62,-0.48,-0.38,94
POS,0.66,-0.49,-0.32,86
POS,0.62,-0.46,-0.38,93
POS,0.60,-0.45,-0.42,94
POS,0.58,-0.50,-0.38,88
POS,0.60,-0.45,-0.43,95
POS,0.58,-0.43,-0.47,93
POS,0.63,-0.45,-0.40,88
POS,0.68,-0.42,-0.36,92
POS,0.68,-0.46,-0.30,85
POS,0.67,-0.39,-0.39,94
POS,0.66,-0.46,-0.32,86
POS,0.66,-0.43,-0.36,94
POS,0.64,-0.48,-0.34,89
POS,0.68,-0.46,-0.33,93
POS,0.68,-0.50,-0.30,87
POS,0.64,-0.46,-0.36,93
POS,0.66,-0.47,-0.36,92
POS,0.65,-0.42,-0.41,94
POS,0.67,-0.39,-0.44,94
POS,0.65,-0.44,-0.40,90
POS,0.65,-0.48,-0.36,88
POS,0.66,-0.50,-0.26,85
POS,0.64,-0.51,-0.28,90
POS,0.65,-0.49,-0.33,95
POS,0.64,-0.44,-0.40,94
POS,0.63,-0.47,-0.37,90
POS,0.63,-0.50,-0.33,87
POS,0.62,-0.48,-0.37,94
POS,0.68,-0.45,-0.35,94
POS,0.68,-0.50,-0.28,87
POS,0.65,-0.53,-0.27,87
POS,0.64,-0.56,-0.24,87
POS,0.62,-0.52,-0.30,93
POS,0.63,-0.51,-0.32,91
POS,0.63,-0.53,-0.28,86
POS,0.64,-0.54,-0.27,88
POS,0.62,-0.49,-0.35,94
POS,0.64,-0.51,-0.29,85
POS,0.69,-0.48,-0.27,89
POS,0.64,-0.51,-0.27,88
POS,0.65,-0.54,-0.22,86
POS,0.64,-0.56,-0.19,84
POS,0.68,-0.52,-0.23,93
POS,0.69,-0.53,-0.16,85
POS,0.69,-0.43,-0.26,93
POS,0.72,-0.43,-0.25,89
POS,0.75,-0.41,-0.24,90
POS,0.73,-0.41,-0.29,94
POS,0.71,-0.40,-0.34,95
POS,0.71,-0.42,-0.33,90
POS,0.71,-0.44,-0.30,88
POS,0.72,-0.44,-0.31,92
POS,0.69,-0.49,-0.27,86
POS,0.69,-0.46,-0.31,94
POS,0.68,-0.43,-0.36,94
POS,0.70,-0.31,-0.44,94
POS,0.73,-0.26,-0.47,94
POS,0.71,-0.34,-0.37,83
POS,0.70,-0.32,-0.42,94
POS,0.70,-0.34,-0.40,92
POS,0.67,-0.36,-0.41,93
POS,0.73,-0.34,-0.33,86
POS,0.74,-0.33,-0.34,95
POS,0.76,-0.36,-0.29,87
POS,0.73,-0.38,-0.31,91
POS,0.69,-0.40,-0.32,90
POS,0.75,-0.38,-0.26,86
POS,0.71,-0.35,-0.32,92
POS,0.69,-0.34,-0.35,93
POS,0.67,-0.41,-0.31,87
POS,0.66,-0.43,-0.33,91
POS,0.67,-0.36,-0.39,94
POS,0.67,-0.33,-0.45,93
POS,0.67,-0.35,-0.44,93
POS,0.67,-0.34,-0.46,94
POS,0.68,-0.33,-0.48,95
POS,0.66,-0.40,-0.42,89
POS,0.67,-0.29,-0.50,94
POS,0.70,-0.34,-0.43,89
POS,0.71,-0.36,-0.40,91
POS,0.72,-0.41,-0.29,87
POS,0.77,-0.41,-0.24,87
POS,0.75,-0.46,-0.23,87
POS,0.77,-0.46,-0.22,89
POS,0.76,-0.46,-0.25,92
POS,0.74,-0.41,-0.31,93
POS,0.72,-0.43,-0.31,90
POS,0.68,-0.49,-0.28,87
POS,0.70,-0.50,-0.20,87
POS,0.73,-0.51,-0.15,86
POS,0.70,-0.53,-0.17,88
POS,0.71,-0.53,-0.18,89
POS,0.73,-0.38,-0.34,96
POS,0.74,-0.42,-0.24,87
POS,0.75,-0.46,-0.17,87
POS,0.76,-0.34,-0.33,96
POS,0.76,-0.28,-0.39,93
POS,0.71,-0.32,-0.41,93
POS,0.71,-0.36,-0.38,90
POS,0.71,-0.34,-0.41,94
POS,0.73,-0.36,-0.37,90
POS,0.73,-0.32,-0.38,93
POS,0.70,-0.38,-0.35,88
POS,0.69,-0.40,-0.36,92
POS,0.68,-0.36,-0.41,93
POS,0.72,-0.35,-0.34,87
POS,0.73,-0.40,-0.30,87
POS,0.70,-0.45,-0.25,83
POS,0.66,-0.45,-0.30,92
POS,0.64,-0.49,-0.29,88
POS,0.66,-0.49,-0.27,88
POS,0.67,-0.43,-0.32,93
POS,0.71,-0.41,-0.28,88
POS,0.75,-0.44,-0.23,88
POS,0.70,-0.46,-0.24,88
POS,0.67,-0.44,-0.30,93
POS,0.68,-0.44,-0.32,93
POS,0.68,-0.45,-0.33,92
POS,0.69,-0.47,-0.31,89
POS,0.76,-0.41,-0.25,86
POS,0.73,-0.41,-0.29,93
POS,0.70,-0.42,-0.32,93
POS,0.68,-0.45,-0.35,92
POS,0.66,-0.47,-0.33,89
POS,0.69,-0.48,-0.29,87
POS,0.64,-0.46,-0.33,92
POS,0.63,-0.47,-0.35,92
POS,0.60,-0.42,-0.40,92
POS,0.65,-0.43,-0.33,86
POS,0.68,-0.44,-0.29,87
POS,0.67,-0.45,-0.30,90
POS,0.62,-0.45,-0.34,92
POS,0.63,-0.50,-0.28,86
POS,0.64,-0.53,-0.24,85
POS,0.64,-0.50,-0.27,92
POS,0.67,-0.51,-0.19,86
POS,0.68,-0.48,-0.23,93
POS,0.71,-0.48,-0.22,88
POS,0.67,-0.49,-0.24,89
POS,0.63,-0.54,-0.19,84
POS,0.64,-0.49,-0.26,94
POS,0.64,-0.47,-0.31,94
POS,0.64,-0.47,-0.34,93
POS,0.65,-0.39,-0.37,91
POS,0.67,-0.42,-0.31,85
POS,0.62,-0.43,-0.34,91
POS,0.67,-0.43,-0.33,92
POS,0.67,-0.46,-0.29,85
POS,0.66,-0.48,-0.29,90
POS,0.66,-0.47,-0.32,93
POS,0.65,-0.47,-0.34,92
POS,0.64,-0.44,-0.39,93
POS,0.63,-0.45,-0.40,92
POS,0.65,-0.43,-0.40,94
POS,0.66,-0.38,-0.42,93
POS,0.71,-0.38,-0.33,84
POS,0.69,-0.39,-0.34,91
POS,0.68,-0.39,-0.37,94
POS,0.65,-0.44,-0.33,86
POS,0.62,-0.47,-0.33,90
POS,0.63,-0.49,-0.32,90
POS,0.66,-0.48,-0.30,89
POS,0.64,-0.49,-0.32,91
POS,0.64,-0.51,-0.31,89
POS,0.64,-0.50,-0.33,92
POS,0.65,-0.49,-0.34,93
POS,0.65,-0.50,-0.32,88
POS,0.65,-0.52,-0.29,87
POS,0.66,-0.47,-0.32,94
POS,0.63,-0.46,-0.35,92
POS,0.63,-0.47,-0.35,90
POS,0.60,-0.46,-0.37,92
POS,0.61,-0.50,-0.30,85
POS,0.63,-0.49,-0.30,89
POS,0.63,-0.40,-0.39,93
POS,0.61,-0.42,-0.38,90
POS,0.59,-0.44,-0.40,92
POS,0.55,-0.41,-0.43,90
POS,0.58,-0.42,-0.42,93
POS,0.58,-0.46,-0.40,90
POS,0.62,-0.42,-0.38,94
POS,0.65,-0.43,-0.38,93
POS,0.66,-0.41,-0.39,94
POS,0.64,-0.46,-0.35,86
POS,0.59,-0.43,-0.38,91
POS,0.60,-0.46,-0.36,89
POS,0.59,-0.42,-0.39,91
POS,0.64,-0.44,-0.36,91
POS,0.65,-0.45,-0.34,89
POS,0.63,-0.47,-0.34,90
POS,0.62,-0.48,-0.34,90
POS,0.60,-0.46,-0.38,92
POS,0.63,-0.48,-0.35,90
POS,0.65,-0.50,-0.33,89
POS,0.64,-0.53,-0.28,85
POS,0.69,-0.51,-0.23,85
POS,0.67,-0.54,-0.22,88
POS,0.69,-0.54,-0.20,87
POS,0.73,-0.53,-0.17,86
POS,0.69,-0.53,-0.20,89
POS,0.68,-0.53,-0.22,89
POS,0.72,-0.52,-0.20,88
POS,0.73,-0.47,-0.25,95
POS,0.71,-0.51,-0.23,86
POS,0.73,-0.49,-0.26,93
POS,0.81,-0.50,-0.18,92
POS,0.78,-0.50,-0.18,87
POS,0.79,-0.48,-0.21,91
POS,0.75,-0.47,-0.25,92
POS,0.70,-0.46,-0.31,93
POS,0.67,-0.47,-0.32,90
POS,0.64,-0.50,-0.29,86
POS,0.62,-0.51,-0.31,91
POS,0.65,-0.50,-0.33,92
POS,0.69,-0.46,-0.32,93
POS,0.67,-0.50,-0.30,89
POS,0.66,-0.52,-0.28,87
POS,0.67,-0.50,-0.31,94
POS,0.66,-0.50,-0.33,92
POS,0.63,-0.50,-0.34,90
POS,0.68,-0.46,-0.32,92
POS,0.69,-0.48,-0.30,89
POS,0.68,-0.48,-0.33,93
POS,0.66,-0.47,-0.34,91
POS,0.60,-0.47,-0.37,91
POS,0.58,-0.47,-0.39,92
POS,0.61,-0.45,-0.42,95
POS,0.64,-0.41,-0.42,95
POS,0.61,-0.44,-0.39,88
POS,0.60,-0.44,-0.39,91
POS,0.57,-0.46,-0.38,89
POS,0.55,-0.46,-0.41,92
POS,0.55,-0.45,-0.42,93
POS,0.55,-0.44,-0.42,92
POS,0.59,-0.46,-0.36,87
POS,0.60,-0.49,-0.34,89
POS,0.62,-0.46,-0.35,93
POS,0.57,-0.48,-0.35,89
POS,0.62,-0.46,-0.34,92
POS,0.60,-0.48,-0.34,90
POS,0.60,-0.44,-0.38,93
POS,0.59,-0.45,-0.37,90
POS,0.60,-0.47,-0.37,91
POS,0.57,-0.46,-0.38,90
POS,0.57,-0.46,-0.38,92
POS,0.57,-0.44,-0.41,93
POS,0.57,-0.48,-0.34,85
POS,0.61,-0.48,-0.32,89
POS,0.59,-0.45,-0.36,92
POS,0.59,-0.48,-0.34,89
POS,0.65,-0.48,-0.29,88
POS,0.68,-0.47,-0.31,93
POS,0.69,-0.47,-0.31,92
POS,0.68,-0.50,-0.26,85
POS,0.68,-0.47,-0.31,94
POS,0.65,-0.50,-0.31,90
POS,0.66,-0.43,-0.35,93
POS,0.65,-0.45,-0.34,89
POS,0.66,-0.45,-0.37,94
POS,0.67,-0.46,-0.37,93
POS,0.63,-0.42,-0.41,92
POS,0.62,-0.39,-0.44,93
POS,0.62,-0.44,-0.40,88
POS,0.63,-0.45,-0.39,92
POS,0.62,-0.44,-0.41,94
POS,0.62,-0.45,-0.41,92
POS,0.62,-0.46,-0.39,91
POS,0.67,-0.41,-0.38,95
POS,0.68,-0.41,-0.38,93
POS,0.70,-0.41,-0.37,93
POS,0.69,-0.43,-0.35,89
POS,0.73,-0.44,-0.29,86
POS,0.73,-0.40,-0.34,95
POS,0.70,-0.45,-0.32,88
POS,0.66,-0.43,-0.36,93
POS,0.65,-0.41,-0.39,94
POS,0.66,-0.45,-0.32,84
POS,0.68,-0.49,-0.27,87
POS,0.66,-0.48,-0.31,92
POS,0.68,-0.51,-0.22,87
POS,0.70,-0.48,-0.25,93
POS,0.73,-0.43,-0.30,95
POS,0.71,-0.42,-0.34,94
POS,0.71,-0.43,-0.31,88
POS,0.68,-0.46,-0.28,85
POS,0.72,-0.42,-0.27,93
POS,0.70,-0.43,-0.30,92
POS,0.72,-0.44,-0.26,86
POS,0.69,-0.46,-0.28,90
POS,0.70,-0.46,-0.27,89
POS,0.67,-0.44,-0.30,92
POS,0.72,-0.44,-0.26,86
POS,0.68,-0.46,-0.28,90
POS,0.66,-0.46,-0.30,91
POS,0.64,-0.48,-0.31,90
POS,0.62,-0.43,-0.36,91
POS,0.64,-0.47,-0.32,88
POS,0.64,-0.48,-0.32,90
POS,0.63,-0.50,-0.30,88
POS,0.70,-0.46,-0.26,88
POS,0.66,-0.45,-0.31,93
POS,0.66,-0.43,-0.34,94
POS,0.66,-0.46,-0.31,87
POS,0.66,-0.47,-0.30,89
POS,0.67,-0.49,-0.27,87
POS,0.71,-0.44,-0.26,91
POS,0.74,-0.40,-0.24,90
POS,0.73,-0.36,-0.32,94
POS,0.71,-0.41,-0.32,90
POS,0.71,-0.30,-0.39,93
POS,0.72,-0.34,-0.36,90
POS,0.73,-0.35,-0.34,92
POS,0.72,-0.32,-0.37,92
POS,0.70,-0.34,-0.38,93
POS,0.71,-0.38,-0.31,87
POS,0.67,-0.44,-0.29,86
POS,0.61,-0.43,-0.34,91
POS,0.66,-0.41,-0.37,96
POS,0.68,-0.45,-0.31,86
POS,0.68,-0.41,-0.37,94
POS,0.67,-0.42,-0.37,92
POS,0.71,-0.41,-0.31,86
POS,0.68,-0.40,-0.35,93
POS,0.69,-0.45,-0.29,86
POS,0.68,-0.36,-0.36,92
POS,0.74,-0.32,-0.31,91
POS,0.73,-0.34,-0.33,93
POS,0.77,-0.33,-0.30,92
POS,0.72,-0.37,-0.31,90
POS,0.69,-0.43,-0.27,85
POS,0.71,-0.40,-0.31,95
POS,0.68,-0.43,-0.32,90
POS,0.77,-0.44,-0.25,91
POS,0.74,-0.47,-0.27,90
POS,0.71,-0.45,-0.34,94
POS,0.73,-0.44,-0.33,92
POS,0.78,-0.39,-0.30,92
POS,0.74,-0.39,-0.33,93
POS,0.73,-0.40,-0.34,93
POS,0.73,-0.33,-0.39,93
POS,0.71,-0.38,-0.36,89
POS,0.71,-0.36,-0.36,94
POS,0.71,-0.32,-0.42,94
POS,0.71,-0.33,-0.41,94
POS,0.70,-0.34,-0.43,95
POS,0.70,-0.34,-0.45,94
POS,0.69,-0.38,-0.43,92
POS,0.71,-0.39,-0.39,91
POS,0.71,-0.43,-0.34,88
POS,0.74,-0.38,-0.33,95
POS,0.73,-0.36,-0.37,94
POS,0.69,-0.38,-0.36,90
POS,0.71,-0.36,-0.37,95
POS,0.68,-0.32,-0.43,93
POS,0.67,-0.28,-0.47,93
POS,0.67,-0.35,-0.38,83
POS,0.69,-0.34,-0.40,95
POS,0.66,-0.40,-0.35,86
POS,0.64,-0.41,-0.37,92
POS,0.67,-0.42,-0.33,87
POS,0.67,-0.39,-0.38,94
POS,0.68,-0.43,-0.34,89
POS,0.68,-0.37,-0.39,93
POS,0.66,-0.42,-0.36,88
POS,0.68,-0.40,-0.36,94
POS,0.72,-0.35,-0.35,94
POS,0.70,-0.38,-0.34,90
POS,0.68,-0.38,-0.38,94
POS,0.67,-0.38,-0.40,94
POS,0.66,-0.39,-0.41,93
POS,0.66,-0.43,-0.37,88
POS,0.69,-0.43,-0.35,92
POS,0.69,-0.41,-0.34,92
POS,0.69,-0.35,-0.41,93
POS,0.73,-0.32,-0.39,95
POS,0.73,-0.32,-0.40,94
POS,0.68,-0.37,-0.37,89
POS,0.74,-0.37,-0.36,94
POS,0.73,-0.40,-0.33,90
POS,0.74,-0.43,-0.30,89
POS,0.72,-0.45,-0.30,90
POS,0.69,-0.43,-0.34,93
POS,0.67,-0.45,-0.35,91
POS,0.68,-0.44,-0.35,93
POS,0.69,-0.45,-0.33,89
POS,0.69,-0.46,-0.33,91
POS,0.70,-0.36,-0.43,95
POS,0.68,-0.42,-0.37,86
POS,0.66,-0.43,-0.37,91
POS,0.66,-0.42,-0.40,95
POS,0.69,-0.42,-0.37,91
POS,0.65,-0.39,-0.41,92
POS,0.65,-0.40,-0.40,91
POS,0.66,-0.37,-0.41,93
POS,0.71,-0.38,-0.35,89
POS,0.74,-0.35,-0.39,95
POS,0.72,-0.40,-0.35,88
POS,0.70,-0.39,-0.37,94
POS,0.73,-0.38,-0.33,90
POS,0.73,-0.41,-0.31,89
POS,0.73,-0.40,-0.32,93
POS,0.70,-0.44,-0.31,88
POS,0.68,-0.43,-0.36,95
POS,0.68,-0.41,-0.39,94
POS,0.69,-0.36,-0.43,94
POS,0.68,-0.34,-0.46,94
POS,0.67,-0.24,-0.53,94
POS,0.68,-0.31,-0.43,84
POS,0.72,-0.30,-0.39,94
POS,0.71,-0.30,-0.43,94
POS,0.70,-0.35,-0.41,91
POS,0.73,-0.39,-0.33,85
POS,0.81,-0.44,-0.24,93
POS,0.76,-0.48,-0.24,88
POS,0.73,-0.44,-0.30,94
POS,0.73,-0.38,-0.38,94
POS,0.75,-0.37,-0.33,90
POS,0.69,-0.40,-0.34,89
POS,0.66,-0.42,-0.37,92
POS,0.72,-0.39,-0.30,87
POS,0.74,-0.38,-0.29,91
POS,0.71,-0.41,-0.32,92
POS,0.70,-0.39,-0.35,94
POS,0.66,-0.41,-0.38,92
POS,0.67,-0.42,-0.35,90
POS,0.66,-0.45,-0.33,88
POS,0.63,-0.47,-0.33,89
POS,0.60,-0.50,-0.30,87
POS,0.63,-0.51,-0.26,84
POS,0.63,-0.49,-0.29,93
POS,0.63,-0.49,-0.31,91
POS,0.66,-0.48,-0.30,90
POS,0.64,-0.50,-0.29,88
POS,0.61,-0.50,-0.32,91
POS,0.65,-0.48,-0.29,89
POS,0.68,-0.49,-0.25,87
POS,0.72,-0.48,-0.25,91
POS,0.66,-0.44,-0.32,90
POS,0.75,-0.46,-0.22,92
POS,0.75,-0.47,-0.21,86
POS,0.76,-0.49,-0.21,89
POS,0.73,-0.46,-0.27,94
POS,0.72,-0.40,-0.31,93
POS,0.74,-0.41,-0.30,91
POS,0.74,-0.43,-0.30,91
POS,0.72,-0.47,-0.27,86
POS,0.84,-0.44,-0.19,94
POS,0.81,-0.48,-0.18,87
POS,0.75,-0.51,-0.18,86
POS,0.76,-0.48,-0.19,90
POS,0.73,-0.47,-0.25,93
POS,0.73,-0.49,-0.24,88
POS,0.75,-0.45,-0.21,84
POS,0.73,-0.45,-0.23,90
POS,0.74,-0.40,-0.28,94
POS,0.70,-0.35,-0.36,93
POS,0.72,-0.38,-0.32,89
POS,0.74,-0.38,-0.32,92
POS,0.75,-0.35,-0.32,95
POS,0.76,-0.40,-0.23,87
POS,0.73,-0.42,-0.25,91
POS,0.69,-0.42,-0.29,92
POS,0.67,-0.42,-0.33,93
POS,0.67,-0.42,-0.34,93
POS,0.66,-0.45,-0.34,90
POS,0.64,-0.46,-0.35,92
POS,0.62,-0.49,-0.33,87
POS,0.64,-0.48,-0.32,90
POS,0.65,-0.48,-0.29,86
POS,0.64,-0.47,-0.33,93
POS,0.61,-0.47,-0.35,91
POS,0.64,-0.45,-0.34,92
POS,0.62,-0.43,-0.38,93
POS,0.63,-0.46,-0.33,86
POS,0.68,-0.43,-0.31,92
POS,0.66,-0.44,-0.31,89
POS,0.67,-0.45,-0.32,91
POS,0.68,-0.45,-0.30,89
POS,0.65,-0.46,-0.31,89
POS,0.66,-0.37,-0.34,91
POS,0.67,-0.40,-0.30,86
POS,0.64,-0.44,-0.30,89
POS,0.61,-0.46,-0.31,90
POS,0.64,-0.45,-0.30,89
POS,0.63,-0.49,-0.28,88
POS,0.66,-0.48,-0.28,90
POS,0.67,-0.41,-0.32,92
POS,0.67,-0.42,-0.31,89
POS,0.68,-0.44,-0.28,88
POS,0.67,-0.44,-0.31,92
POS,0.63,-0.44,-0.35,92
POS,0.64,-0.47,-0.31,87
POS,0.62,-0.49,-0.31,89
POS,0.64,-0.49,-0.30,89
POS,0.65,-0.44,-0.36,94
POS,0.68,-0.44,-0.32,88
POS,0.66,-0.49,-0.24,85
POS,0.71,-0.45,-0.25,93
POS,0.70,-0.42,-0.32,94
POS,0.73,-0.40,-0.31,93
POS,0.71,-0.41,-0.34,93
POS,0.71,-0.43,-0.25,83
POS,0.70,-0.38,-0.33,93
POS,0.72,-0.37,-0.33,93
POS,0.73,-0.35,-0.34,94
POS,0.80,-0.41,-0.24,92
POS,0.78,-0.43,-0.24,89
POS,0.71,-0.47,-0.24,87
POS,0.72,-0.45,-0.28,94
POS,0.75,-0.41,-0.26,91
POS,0.76,-0.43,-0.26,90
POS,0.75,-0.45,-0.25,87
POS,0.84,-0.54,-0.18,95
POS,0.81,-0.53,-0.20,90
POS,0.78,-0.49,-0.26,94
POS,0.70,-0.45,-0.32,90
POS,0.71,-0.43,-0.33,93
POS,0.72,-0.45,-0.28,85
POS,0.72,-0.39,-0.34,94
POS,0.72,-0.42,-0.31,88
POS,0.77,-0.44,-0.23,88
POS,0.73,-0.42,-0.30,94
POS,0.75,-0.43,-0.25,86
POS,0.72,-0.46,-0.26,89
POS,0.69,-0.49,-0.25,87
POS,0.75,-0.44,-0.21,87
POS,0.76,-0.43,-0.21,88
POS,0.75,-0.42,-0.23,92
POS,0.77,-0.43,-0.21,87
POS,0.78,-0.39,-0.23,94
POS,0.75,-0.43,-0.22,86
POS,0.73,-0.42,-0.27,93
POS,0.71,-0.43,-0.29,92
POS,0.70,-0.48,-0.24,85
POS,0.74,-0.47,-0.21,87
POS,0.75,-0.45,-0.23,92
POS,0.73,-0.42,-0.29,94
POS,0.68,-0.42,-0.34,93
POS,0.68,-0.42,-0.35,92
POS,0.67,-0.45,-0.32,87
POS,0.66,-0.47,-0.28,85
POS,0.67,-0.47,-0.27,88
POS,0.65,-0.47,-0.30,92
POS,0.68,-0.45,-0.27,87
POS,0.71,-0.44,-0.24,86
POS,0.69,-0.42,-0.30,93
POS,0.67,-0.44,-0.29,89
POS,0.70,-0.45,-0.29,91
POS,0.67,-0.47,-0.27,86
POS,0.69,-0.42,-0.28,94
POS,0.67,-0.43,-0.31,92
POS,0.67,-0.46,-0.29,88
POS,0.75,-0.43,-0.24,88
POS,0.73,-0.47,-0.20,85
POS,0.72,-0.48,-0.23,91
POS,0.68,-0.50,-0.22,85
POS,0.71,-0.48,-0.24,93
POS,0.68,-0.51,-0.23,86
POS,0.69,-0.51,-0.23,89
POS,0.71,-0.47,-0.26,94
POS,0.71,-0.47,-0.27,92
POS,0.68,-0.50,-0.26,86
POS,0.67,-0.52,-0.24,86
POS,0.69,-0.46,-0.28,95
POS,0.63,-0.41,-0.35,90
POS,0.66,-0.39,-0.36,95
POS,0.70,-0.36,-0.33,92
POS,0.75,-0.33,-0.30,92
POS,0.70,-0.36,-0.33,92
POS,0.71,-0.36,-0.34,93
POS,0.69,-0.41,-0.31,87
POS,0.69,-0.42,-0.32,92
POS,0.67,-0.44,-0.32,89
POS,0.67,-0.43,-0.33,92
POS,0.67,-0.44,-0.35,93
POS,0.64,-0.43,-0.37,93
POS,0.65,-0.45,-0.35,89
POS,0.67,-0.44,-0.33,90
POS,0.67,-0.47,-0.31,90
POS,0.70,-0.44,-0.32,94
POS,0.72,-0.41,-0.33,95
POS,0.70,-0.40,-0.35,94
POS,0.70,-0.44,-0.30,86
POS,0.67,-0.41,-0.35,93
POS,0.69,-0.43,-0.30,87
POS,0.69,-0.46,-0.29,89
POS,0.72,-0.44,-0.26,88
POS,0.72,-0.48,-0.19,86
POS,0.69,-0.52,-0.16,85
POS,0.65,-0.55,-0.17,86
POS,0.66,-0.54,-0.19,89
POS,0.67,-0.49,-0.25,95
POS,0.70,-0.47,-0.27,92
POS,0.72,-0.47,-0.27,90
POS,0.74,-0.47,-0.22,85
POS,0.71,-0.43,-0.28,93
POS,0.66,-0.42,-0.34,93
POS,0.70,-0.42,-0.29,86
POS,0.70,-0.46,-0.24,85
POS,0.69,-0.47,-0.26,90
POS,0.71,-0.43,-0.29,95
POS,0.73,-0.44,-0.25,87
POS,0.72,-0.45,-0.28,92
POS,0.72,-0.47,-0.26,87
POS,0.76,-0.44,-0.23,88
POS,0.72,-0.45,-0.27,91
POS,0.74,-0.46,-0.24,87
POS,0.75,-0.40,-0.28,94
POS,0.73,-0.43,-0.30,92
POS,0.73,-0.43,-0.34,95
POS,0.73,-0.44,-0.35,93
POS,0.71,-0.47,-0.28,84
POS,0.67,-0.49,-0.31,91
POS,0.71,-0.47,-0.31,93
POS,0.70,-0.43,-0.35,94
POS,0.71,-0.44,-0.34,92
POS,0.68,-0.47,-0.31,86
POS,0.69,-0.46,-0.36,95
POS,0.71,-0.45,-0.31,86
POS,0.75,-0.43,-0.28,90
POS,0.73,-0.43,-0.29,91
POS,0.71,-0.46,-0.28,89
POS,0.71,-0.40,-0.32,94
POS,0.72,-0.38,-0.35,94
POS,0.72,-0.38,-0.36,94
POS,0.74,-0.41,-0.30,87
POS,0.76,-0.42,-0.25,85
POS,0.74,-0.42,-0.27,92
POS,0.76,-0.41,-0.24,87
POS,0.77,-0.43,-0.24,89
POS,0.79,-0.42,-0.24,91
POS,0.73,-0.42,-0.29,92
POS,0.75,-0.44,-0.24,85
POS,0.70,-0.48,-0.22,84
POS,0.70,-0.47,-0.25,91
POS,0.67,-0.46,-0.29,92
POS,0.64,-0.45,-0.32,91
POS,0.68,-0.45,-0.28,87
POS,0.69,-0.38,-0.36,94
POS,0.66,-0.42,-0.34,89
POS,0.66,-0.43,-0.37,94
POS,0.68,-0.43,-0.35,91
POS,0.66,-0.45,-0.34,90
POS,0.69,-0.45,-0.31,89
POS,0.67,-0.49,-0.26,85
POS,0.70,-0.40,-0.32,94
POS,0.71,-0.42,-0.30,88
POS,0.68,-0.41,-0.34,93
POS,0.67,-0.46,-0.28,85
POS,0.67,-0.49,-0.26,88
POS,0.70,-0.49,-0.27,91
POS,0.67,-0.49,-0.30,92
POS,0.64,-0.49,-0.32,91
POS,0.65,-0.46,-0.34,94
POS,0.64,-0.49,-0.32,88
POS,0.65,-0.51,-0.29,88
POS,0.68,-0.51,-0.26,87
POS,0.67,-0.49,-0.30,94
POS,0.66,-0.46,-0.34,94
POS,0.69,-0.47,-0.31,89
POS,0.71,-0.42,-0.32,95
POS,0.67,-0.45,-0.34,92
POS,0.68,-0.47,-0.31,87
POS,0.67,-0.46,-0.33,92
POS,0.67,-0.46,-0.34,93
POS,0.70,-0.48,-0.29,87
POS,0.73,-0.48,-0.25,89
POS,0.77,-0.45,-0.25,92
POS,0.75,-0.42,-0.31,95
POS,0.72,-0.44,-0.32,91
POS,0.70,-0.47,-0.30,87
POS,0.71,-0.48,-0.21,84
POS,0.69,-0.46,-0.29,95
POS,0.73,-0.45,-0.27,91
POS,0.75,-0.45,-0.24,87
POS,0.75,-0.46,-0.23,88
POS,0.77,-0.44,-0.23,91
POS,0.74,-0.44,-0.27,92
POS,0.71,-0.44,-0.30,93
POS,0.71,-0.46,-0.31,92
POS,0.69,-0.42,-0.38,94
POS,0.73,-0.41,-0.34,91
POS,0.69,-0.47,-0.30,86
POS,0.69,-0.49,-0.26,85
POS,0.68,-0.50,-0.26,88
POS,0.68,-0.52,-0.24,87
POS,0.70,-0.47,-0.28,95
POS,0.74,-0.44,-0.25,90
POS,0.73,-0.43,-0.29,94
POS,0.74,-0.42,-0.31,93
POS,0.75,-0.41,-0.29,90
POS,0.71,-0.46,-0.28,87
POS,0.72,-0.45,-0.27,90
POS,0.67,-0.49,-0.25,85
POS,0.68,-0.51,-0.23,87
POS,0.65,-0.51,-0.25,88
POS,0.63,-0.50,-0.28,91
POS,0.66,-0.48,-0.31,93
POS,0.67,-0.49,-0.31,91
POS,0.67,-0.49,-0.33,92
POS,0.67,-0.51,-0.28,85
POS,0.67,-0.46,-0.32,94
POS,0.67,-0.41,-0.39,94
POS,0.72,-0.39,-0.31,86
POS,0.74,-0.41,-0.27,87
POS,0.68,-0.43,-0.30,90
POS,0.64,-0.48,-0.26,85
POS,0.69,-0.47,-0.22,85
POS,0.68,-0.46,-0.27,93
POS,0.68,-0.46,-0.29,92
POS,0.65,-0.50,-0.28,87
POS,0.63,-0.51,-0.28,88
POS,0.62,-0.53,-0.26,87
POS,0.64,-0.50,-0.29,93
POS,0.61,-0.52,-0.29,88
POS,0.60,-0.47,-0.34,92
POS,0.58,-0.49,-0.33,88
POS,0.59,-0.51,-0.31,88
POS,0.58,-0.47,-0.36,93
POS,0.59,-0.45,-0.38,93
POS,0.62,-0.45,-0.37,91
POS,0.63,-0.40,-0.42,94
POS,0.63,-0.42,-0.41,91
POS,0.62,-0.45,-0.38,89
POS,0.62,-0.47,-0.35,88
POS,0.64,-0.43,-0.36,94
POS,0.66,-0.43,-0.35,91
POS,0.76,-0.51,-0.25,94
POS,0.72,-0.50,-0.27,90
POS,0.73,-0.49,-0.28,92
POS,0.74,-0.50,-0.20,86
POS,0.72,-0.48,-0.26,94
POS,0.69,-0.46,-0.30,92
POS,0.69,-0.48,-0.28,88
POS,0.72,-0.42,-0.31,95
POS,0.71,-0.41,-0.34,94
POS,0.66,-0.43,-0.36,91
POS,0.63,-0.45,-0.38,92
POS,0.66,-0.45,-0.34,89
POS,0.66,-0.47,-0.31,88
POS,0.67,-0.45,-0.36,95
POS,0.65,-0.49,-0.31,86
POS,0.62,-0.44,-0.35,90
POS,0.60,-0.38,-0.40,90
POS,0.64,-0.40,-0.33,86
POS,0.59,-0.41,-0.37,92
POS,0.60,-0.33,-0.40,90
POS,0.61,-0.35,-0.40,93
POS,0.58,-0.35,-0.42,92
POS,0.63,-0.32,-0.41,94
POS,0.65,-0.32,-0.40,94
POS,0.65,-0.36,-0.38,90
POS,0.65,-0.41,-0.36,90
POS,0.65,-0.43,-0.34,90
POS,0.68,-0.45,-0.28,85
POS,0.72,-0.44,-0.26,89
POS,0.67,-0.46,-0.28,90
POS,0.68,-0.43,-0.30,93
POS,0.71,-0.42,-0.30,93
POS,0.73,-0.42,-0.29,91
POS,0.71,-0.43,-0.30,90
POS,0.71,-0.42,-0.32,93
POS,0.70,-0.43,-0.31,90
POS,0.69,-0.42,-0.36,95
POS,0.70,-0.43,-0.34,89
POS,0.71,-0.39,-0.36,94
POS,0.72,-0.42,-0.26,85
POS,0.71,-0.43,-0.27,90
POS,0.71,-0.41,-0.30,95
POS,0.72,-0.42,-0.27,86
POS,0.68,-0.42,-0.32,93
POS,0.68,-0.43,-0.34,93
POS,0.70,-0.37,-0.40,94
POS,0.69,-0.39,-0.39,92
POS,0.70,-0.43,-0.36,89
POS,0.68,-0.37,-0.40,92
POS,0.67,-0.42,-0.33,85
POS,0.68,-0.40,-0.36,94
POS,0.68,-0.39,-0.37,94
POS,0.70,-0.36,-0.37,94
POS,0.70,-0.35,-0.38,94
POS,0.69,-0.35,-0.39,94
POS,0.69,-0.39,-0.36,90
POS,0.69,-0.37,-0.38,93
POS,0.66,-0.41,-0.36,89
POS,0.68,-0.36,-0.36,93
POS,0.68,-0.38,-0.37,92
POS,0.73,-0.44,-0.28,91
POS,0.71,-0.43,-0.28,90
POS,0.67,-0.41,-0.34,92
POS,0.70,-0.36,-0.36,94
POS,0.66,-0.37,-0.38,93
POS,0.68,-0.35,-0.40,94
POS,0.67,-0.34,-0.42,93
POS,0.69,-0.34,-0.41,95
POS,0.68,-0.34,-0.41,94
POS,0.62,-0.37,-0.41,90
POS,0.66,-0.39,-0.36,88
POS,0.67,-0.39,-0.37,93
POS,0.68,-0.44,-0.30,85
POS,0.70,-0.40,-0.34,94
POS,0.71,-0.41,-0.33,91
POS,0.72,-0.40,-0.33,94
POS,0.73,-0.43,-0.29,87
POS,0.75,-0.42,-0.25,86
POS,0.71,-0.47,-0.19,83
POS,0.70,-0.49,-0.19,87
POS,0.71,-0.49,-0.18,86
POS,0.68,-0.47,-0.24,92
POS,0.69,-0.49,-0.23,87
POS,0.70,-0.48,-0.25,92
POS,0.67,-0.50,-0.26,88
POS,0.62,-0.47,-0.30,91
POS,0.66,-0.44,-0.28,90
POS,0.65,-0.41,-0.36,93
POS,0.65,-0.40,-0.36,93
POS,0.67,-0.40,-0.35,92
POS,0.67,-0.43,-0.34,90
POS,0.71,-0.42,-0.29,87
POS,0.68,-0.43,-0.33,93
POS,0.67,-0.40,-0.36,94
POS,0.65,-0.38,-0.40,93
POS,0.68,-0.43,-0.33,87
POS,0.65,-0.43,-0.36,93
POS,0.65,-0.42,-0.38,93
POS,0.69,-0.44,-0.33,89
POS,0.68,-0.45,-0.33,90
POS,0.69,-0.45,-0.33,91
POS,0.72,-0.45,-0.28,87
POS,0.73,-0.42,-0.31,95
POS,0.71,-0.41,-0.35,94
POS,0.70,-0.45,-0.31,87
POS,0.70,-0.44,-0.35,95
POS,0.68,-0.45,-0.33,89
POS,0.69,-0.43,-0.34,93
POS,0.71,-0.40,-0.35,95
POS,0.72,-0.35,-0.36,93
POS,0.76,-0.34,-0.31,88
POS,0.73,-0.34,-0.34,93
POS,0.71,-0.40,-0.29,86
POS,0.69,-0.34,-0.33,90
POS,0.72,-0.33,-0.33,95
POS,0.74,-0.35,-0.26,83
POS,0.72,-0.37,-0.28,90
POS,0.72,-0.37,-0.32,95
POS,0.64,-0.36,-0.37,90
POS,0.63,-0.34,-0.42,93
POS,0.62,-0.39,-0.37,86
POS,0.60,-0.40,-0.38,92
POS,0.62,-0.40,-0.38,92
POS,0.65,-0.41,-0.35,89
POS,0.67,-0.43,-0.31,88
POS,0.64,-0.44,-0.34,92
POS,0.65,-0.41,-0.39,94
POS,0.61,-0.40,-0.41,92
POS,0.74,-0.41,-0.30,92
POS,0.70,-0.42,-0.32,91
POS,0.70,-0.40,-0.37,94
POS,0.73,-0.40,-0.31,86
POS,0.71,-0.40,-0.36,95
POS,0.68,-0.39,-0.38,93
POS,0.74,-0.34,-0.32,90
POS,0.76,-0.38,-0.26,86
POS,0.73,-0.40,-0.27,89
POS,0.69,-0.42,-0.29,91
POS,0.69,-0.35,-0.36,93
POS,0.71,-0.39,-0.30,87
POS,0.67,-0.45,-0.26,85
POS,0.70,-0.42,-0.30,95
POS,0.68,-0.41,-0.33,93
POS,0.67,-0.39,-0.36,93
POS,0.67,-0.41,-0.36,93
POS,0.69,-0.36,-0.40,94
POS,0.68,-0.42,-0.33,84
POS,0.76,-0.45,-0.26,91
POS,0.75,-0.45,-0.26,88
POS,0.81,-0.51,-0.19,93
POS,0.81,-0.49,-0.22,92
POS,0.77,-0.51,-0.24,90
POS,0.75,-0.49,-0.26,91
POS,0.76,-0.46,-0.26,92
POS,0.73,-0.45,-0.30,93
POS,0.75,-0.41,-0.30,93
POS,0.73,-0.44,-0.27,86
POS,0.72,-0.46,-0.27,89
POS,0.72,-0.43,-0.31,95
POS,0.74,-0.37,-0.36,94
POS,0.75,-0.38,-0.34,92
POS,0.74,-0.36,-0.37,94
POS,0.75,-0.37,-0.35,92
POS,0.77,-0.39,-0.29,86
POS,0.75,-0.42,-0.26,86
POS,0.71,-0.46,-0.24,85
POS,0.70,-0.49,-0.23,86
POS,0.68,-0.42,-0.33,93
POS,0.68,-0.42,-0.35,93
POS,0.66,-0.42,-0.38,94
POS,0.69,-0.41,-0.37,93
POS,0.66,-0.39,-0.39,93
POS,0.68,-0.36,-0.40,94
POS,0.69,-0.37,-0.40,93
POS,0.71,-0.31,-0.43,94
POS,0.72,-0.29,-0.42,94
POS,0.69,-0.33,-0.42,92
POS,0.70,-0.26,-0.45,93
POS,0.69,-0.24,-0.47,92
POS,0.72,-0.29,-0.41,90
POS,0.71,-0.31,-0.43,94
POS,0.70,-0.32,-0.42,93
POS,0.67,-0.36,-0.40,90
POS,0.67,-0.38,-0.39,91
POS,0.65,-0.39,-0.39,92
POS,0.70,-0.40,-0.31,85
POS,0.68,-0.37,-0.37,93
POS,0.71,-0.36,-0.35,93
POS,0.72,-0.32,-0.37,93
POS,0.71,-0.33,-0.38,94
POS,0.71,-0.36,-0.35,89
POS,0.73,-0.34,-0.38,94
POS,0.72,-0.37,-0.37,92
POS,0.70,-0.37,-0.38,94
POS,0.70,-0.35,-0.39,94
POS,0.70,-0.37,-0.38,92
POS,0.74,-0.37,-0.30,84
POS,0.74,-0.39,-0.29,90
POS,0.68,-0.41,-0.32,90
POS,0.73,-0.40,-0.27,87
POS,0.70,-0.35,-0.33,91
POS,0.65,-0.36,-0.37,92
POS,0.64,-0.39,-0.38,91
POS,0.63,-0.43,-0.37,91
POS,0.64,-0.44,-0.35,90
POS,0.65,-0.40,-0.40,94
POS,0.65,-0.42,-0.38,91
POS,0.66,-0.45,-0.32,85
POS,0.63,-0.44,-0.36,93
POS,0.64,-0.46,-0.33,87
POS,0.67,-0.42,-0.36,96
POS,0.72,-0.41,-0.28,82
POS,0.68,-0.39,-0.35,93
POS,0.67,-0.41,-0.38,94
POS,0.68,-0.43,-0.33,87
POS,0.70,-0.45,-0.24,85
POS,0.68,-0.46,-0.28,92
POS,0.76,-0.43,-0.22,89
POS,0.74,-0.41,-0.29,94
POS,0.73,-0.45,-0.24,85
POS,0.71,-0.48,-0.23,86
POS,0.68,-0.49,-0.25,89
POS,0.67,-0.49,-0.28,92
POS,0.64,-0.41,-0.34,90
POS,0.66,-0.42,-0.30,85
POS,0.69,-0.42,-0.28,89
POS,0.64,-0.44,-0.32,92
POS,0.64,-0.43,-0.34,92
POS,0.63,-0.45,-0.35,91
POS,0.65,-0.40,-0.37,93
POS,0.69,-0.43,-0.27,87
POS,0.69,-0.45,-0.27,89
POS,0.69,-0.45,-0.30,93
POS,0.67,-0.43,-0.35,94
POS,0.68,-0.46,-0.31,87
POS,0.69,-0.40,-0.37,94
POS,0.69,-0.44,-0.32,87
POS,0.67,-0.44,-0.33,91
POS,0.65,-0.47,-0.31,88
POS,0.64,-0.43,-0.35,93
POS,0.64,-0.43,-0.37,93
POS,0.63,-0.45,-0.37,90
POS,0.62,-0.45,-0.38,92
POS,0.65,-0.41,-0.42,94
POS,0.69,-0.41,-0.37,89
POS,0.72,-0.42,-0.31,87
POS,0.70,-0.42,-0.34,93
POS,0.71,-0.46,-0.28,86
POS,0.71,-0.48,-0.21,84
POS,0.78,-0.50,-0.14,91
POS,0.76,-0.41,-0.26,93
POS,0.73,-0.42,-0.29,92
POS,0.72,-0.40,-0.32,94
POS,0.72,-0.42,-0.30,89
POS,0.70,-0.41,-0.33,93
POS,0.72,-0.40,-0.32,92
POS,0.73,-0.36,-0.35,94
POS,0.80,-0.45,-0.26,94
POS,0.76,-0.47,-0.29,91
POS,0.71,-0.46,-0.33,93
POS,0.69,-0.46,-0.33,90
POS,0.67,-0.41,-0.38,93
POS,0.65,-0.40,-0.39,92
POS,0.67,-0.43,-0.35,89
POS,0.72,-0.44,-0.27,85
POS,0.72,-0.41,-0.30,95
POS,0.69,-0.42,-0.32,92
POS,0.70,-0.41,-0.33,94
POS,0.65,-0.37,-0.40,92
POS,0.66,-0.39,-0.41,94
POS,0.63,-0.44,-0.37,88
POS,0.63,-0.44,-0.37,91
POS,0.62,-0.38,-0.40,90
POS,0.66,-0.40,-0.33,87
POS,0.67,-0.43,-0.32,90
POS,0.72,-0.41,-0.24,82
POS,0.72,-0.43,-0.24,89
POS,0.73,-0.41,-0.28,95
POS,0.75,-0.39,-0.26,90
POS,0.75,-0.33,-0.33,93
POS,0.74,-0.38,-0.28,85
POS,0.73,-0.39,-0.31,93
POS,0.71,-0.36,-0.35,93
POS,0.76,-0.36,-0.28,85
POS,0.71,-0.35,-0.33,92
POS,0.77,-0.42,-0.25,92
POS,0.76,-0.35,-0.33,93
POS,0.74,-0.39,-0.30,87
POS,0.73,-0.43,-0.29,89
POS,0.72,-0.39,-0.31,93
POS,0.69,-0.41,-0.32,90
POS,0.64,-0.41,-0.36,92
POS,0.65,-0.42,-0.39,95
POS,0.65,-0.42,-0.40,93
POS,0.68,-0.39,-0.43,95
POS,0.70,-0.37,-0.39,93
POS,0.71,-0.38,-0.36,89
POS,0.72,-0.37,-0.36,94
POS,0.72,-0.35,-0.37,95
POS,0.78,-0.32,-0.30,87
POS,0.76,-0.33,-0.32,93
POS,0.74,-0.33,-0.36,95
POS,0.73,-0.39,-0.30,84
POS,0.71,-0.40,-0.32,93
POS,0.72,-0.42,-0.31,91
POS,0.72,-0.42,-0.30,89
POS,0.72,-0.45,-0.27,87
POS,0.72,-0.46,-0.24,85
POS,0.67,-0.45,-0.29,92
POS,0.68,-0.46,-0.31,92
POS,0.82,-0.48,-0.22,95
POS,0.80,-0.48,-0.19,86
POS,0.79,-0.51,-0.17,87
POS,0.75,-0.48,-0.23,93
POS,0.77,-0.47,-0.21,88
POS,0.75,-0.48,-0.21,88
POS,0.75,-0.49,-0.15,85
POS,0.73,-0.44,-0.23,94
POS,0.74,-0.44,-0.24,91
POS,0.72,-0.48,-0.22,86
POS,0.69,-0.48,-0.24,89
POS,0.68,-0.49,-0.25,89
POS,0.66,-0.49,-0.27,90
POS,0.69,-0.44,-0.29,94
POS,0.66,-0.48,-0.26,86
POS,0.69,-0.44,-0.29,95
POS,0.70,-0.43,-0.31,93
POS,0.69,-0.27,-0.36,97
POS,0.72,-0.25,-0.41,95
POS,0.69,-0.29,-0.41,93
POS,0.73,-0.27,-0.40,94
POS,0.68,-0.30,-0.41,93
POS,0.71,-0.35,-0.36,88
POS,0.71,-0.24,-0.44,94
POS,0.68,-0.33,-0.35,83
POS,0.72,-0.37,-0.31,88
POS,0.72,-0.39,-0.29,90
POS,0.67,-0.40,-0.32,91
POS,0.68,-0.41,-0.33,91
POS,0.71,-0.39,-0.33,94
POS,0.72,-0.41,-0.31,90
POS,0.71,-0.41,-0.36,95
POS,0.69,-0.40,-0.38,94
POS,0.70,-0.42,-0.35,89
POS,0.72,-0.42,-0.30,87
POS,0.71,-0.43,-0.31,91
POS,0.67,-0.44,-0.33,91
POS,0.72,-0.42,-0.30,90
POS,0.71,-0.42,-0.31,91
POS,0.70,-0.42,-0.31,91
POS,0.69,-0.45,-0.26,84
POS,0.72,-0.45,-0.25,89
POS,0.73,-0.44,-0.27,93
POS,0.69,-0.43,-0.33,94
POS,0.68,-0.44,-0.35,92
POS,0.69,-0.47,-0.30,87
POS,0.70,-0.40,-0.36,93
POS,0.66,-0.43,-0.34,88
POS,0.67,-0.44,-0.32,88
POS,0.68,-0.47,-0.28,87
POS,0.69,-0.45,-0.30,93
POS,0.70,-0.44,-0.32,93
POS,0.71,-0.45,-0.32,91
POS,0.73,-0.42,-0.32,94
POS,0.76,-0.41,-0.26,83
POS,0.73,-0.43,-0.27,89
POS,0.71,-0.41,-0.31,94
POS,0.75,-0.38,-0.26,86
POS,0.72,-0.40,-0.29,91
POS,0.68,-0.44,-0.29,89
POS,0.67,-0.46,-0.28,89
POS,0.66,-0.44,-0.32,93
POS,0.67,-0.42,-0.35,95
POS,0.70,-0.40,-0.34,94
POS,0.72,-0.37,-0.35,95
POS,0.74,-0.37,-0.33,91
POS,0.70,-0.42,-0.32,89
POS,0.73,-0.43,-0.29,89
POS,0.76,-0.41,-0.24,85
POS,0.73,-0.38,-0.32,93
POS,0.75,-0.39,-0.28,86
POS,0.70,-0.39,-0.32,93
POS,0.71,-0.38,-0.33,94
POS,0.66,-0.38,-0.37,93
POS,0.67,-0.36,-0.42,94
POS,0.68,-0.33,-0.41,93
POS,0.70,-0.31,-0.44,95
POS,0.72,-0.34,-0.40,91
POS,0.69,-0.33,-0.42,92
POS,0.70,-0.35,-0.41,93
POS,0.69,-0.39,-0.38,89
POS,0.72,-0.38,-0.36,93
POS,0.73,-0.40,-0.33,89
POS,0.69,-0.38,-0.36,91
POS,0.66,-0.43,-0.33,87
POS,0.67,-0.39,-0.37,94
POS,0.64,-0.45,-0.34,87
POS,0.65,-0.38,-0.38,93
POS,0.67,-0.41,-0.37,92
POS,0.64,-0.44,-0.37,91
POS,0.66,-0.43,-0.39,95
POS,0.66,-0.44,-0.39,93
POS,0.67,-0.46,-0.29,84
POS,0.69,-0.41,-0.35,94
POS,0.68,-0.40,-0.38,95
POS,0.73,-0.37,-0.34,91
POS,0.78,-0.39,-0.24,88
POS,0.79,-0.40,-0.23,90
POS,0.75,-0.45,-0.19,84
POS,0.75,-0.42,-0.26,95
POS,0.73,-0.31,-0.40,95
POS,0.70,-0.35,-0.39,91
POS,0.67,-0.36,-0.39,92
POS,0.66,-0.43,-0.34,87
POS,0.64,-0.41,-0.38,93
POS,0.62,-0.36,-0.43,92
POS,0.65,-0.37,-0.41,92
POS,0.67,-0.31,-0.44,93
POS,0.68,-0.36,-0.40,90
POS,0.67,-0.42,-0.35,87
POS,0.68,-0.31,-0.48,95
POS,0.70,-0.32,-0.44,93
POS,0.69,-0.36,-0.40,89
POS,0.70,-0.41,-0.29,87
POS,0.73,-0.42,-0.28,90
POS,0.68,-0.44,-0.30,90
POS,0.70,-0.31,-0.38,94
POS,0.69,-0.34,-0.39,94
POS,0.66,-0.39,-0.38,89
POS,0.66,-0.38,-0.40,94
POS,0.64,-0.35,-0.43,92