POS,0.53,-0.25,0.30,73
POS,0.56,-0.21,0.32,74
POS,0.58,-0.19,0.33,73
POS,0.60,-0.19,0.34,76
POS,0.59,-0.18,0.35,87
POS,0.60,-0.18,0.36,73
POS,0.60,-0.20,0.36,74
POS,0.63,-0.22,0.35,78
POS,0.61,-0.19,0.16,86
POS,0.62,-0.21,0.21,76
POS,0.57,-0.24,0.23,65
POS,0.53,-0.10,0.23,57
POS,0.55,-0.14,0.27,75
POS,0.55,-0.17,0.30,72
POS,0.58,-0.17,0.31,77
POS,0.59,-0.11,0.30,81
POS,0.56,-0.16,0.32,70
POS,0.57,-0.15,0.33,70
POS,0.57,-0.19,0.34,75
POS,0.60,-0.18,0.34,77
POS,0.62,-0.16,0.34,74
POS,0.58,-0.05,0.33,64
POS,0.57,-0.10,0.33,68
POS,0.58,-0.09,0.15,85
POS,0.59,-0.12,0.21,77
POS,0.55,-0.16,0.25,69
POS,0.58,-0.16,0.28,77
POS,0.53,-0.21,0.27,63
POS,0.57,-0.22,0.30,78
POS,0.57,-0.24,0.32,76
POS,0.57,-0.25,0.33,73
POS,0.57,-0.25,0.34,73
POS,0.55,-0.28,0.34,72
POS,0.53,-0.29,0.34,69
POS,0.54,-0.28,0.35,74
POS,0.54,-0.30,0.34,72
POS,0.50,-0.30,0.33,66
POS,0.49,-0.30,0.33,63
POS,0.51,-0.29,0.32,71
POS,0.52,-0.28,0.34,70
POS,0.50,-0.29,0.32,63
POS,0.52,-0.27,0.33,69
POS,0.53,-0.26,0.34,69
POS,0.54,-0.26,0.34,73
POS,0.52,-0.28,0.34,70
POS,0.54,-0.26,0.34,71
POS,0.54,-0.27,0.34,72
POS,0.52,-0.15,0.33,56
POS,0.53,-0.19,0.33,73
POS,0.56,-0.19,0.34,75
POS,0.49,-0.09,0.28,76
POS,0.48,-0.14,0.28,60
POS,0.51,-0.14,0.30,72
POS,0.52,-0.16,0.32,70
POS,0.54,-0.15,0.34,72
POS,0.52,-0.20,0.32,64
POS,0.53,-0.21,0.34,74
POS,0.56,-0.23,0.33,75
POS,0.53,-0.23,0.35,70
POS,0.53,-0.24,0.36,72
POS,0.54,-0.25,0.35,70
POS,0.54,-0.28,0.35,75
POS,0.53,-0.28,0.35,69
POS,0.50,-0.29,0.35,68
POS,0.53,-0.28,0.35,76
POS,0.55,-0.28,0.36,75
POS,0.56,-0.29,0.36,76
POS,0.55,-0.28,0.36,66
POS,0.58,-0.26,0.36,79
POS,0.57,-0.27,0.35,69
POS,0.54,-0.28,0.34,66
POS,0.55,-0.27,0.34,69
POS,0.55,-0.28,0.33,70
POS,0.57,-0.27,0.32,70
POS,0.53,-0.28,0.31,58
POS,0.49,-0.30,0.29,64
POS,0.47,-0.28,0.31,67
POS,0.46,-0.28,0.31,63
POS,0.47,-0.28,0.33,73
POS,0.48,-0.28,0.34,70
POS,0.48,-0.29,0.34,71
POS,0.53,-0.26,0.36,77
POS,0.52,-0.28,0.36,74
POS,0.51,-0.13,0.33,62
POS,0.55,-0.15,0.32,73
POS,0.55,-0.18,0.33,71
POS,0.52,-0.21,0.33,65
POS,0.56,-0.21,0.34,78
POS,0.53,-0.22,0.33,60
POS,0.53,-0.24,0.33,70
POS,0.52,-0.11,0.32,61
POS,0.53,-0.15,0.33,72
POS,0.56,-0.16,0.34,75
POS,0.57,-0.19,0.33,69
POS,0.57,-0.19,0.34,72
POS,0.56,-0.21,0.34,68
POS,0.58,-0.21,0.35,77
POS,0.56,-0.23,0.36,71
POS,0.60,-0.23,0.34,77
POS,0.58,-0.24,0.34,66
POS,0.53,-0.10,0.31,55
POS,0.54,-0.14,0.32,73
POS,0.56,-0.17,0.33,75
POS,0.58,-0.18,0.34,75
POS,0.60,-0.20,0.35,77
POS,0.62,-0.20,0.35,79
POS,0.60,-0.20,0.36,70
POS,0.56,-0.23,0.34,64
POS,0.56,-0.24,0.36,76
POS,0.56,-0.25,0.34,67
POS,0.55,-0.27,0.35,73
POS,0.53,-0.27,0.36,69
POS,0.52,-0.26,0.35,65
POS,0.53,-0.24,0.36,71
POS,0.54,-0.24,0.36,71
POS,0.53,-0.25,0.36,69
POS,0.55,-0.25,0.35,74
POS,0.57,-0.25,0.35,73
POS,0.58,-0.22,0.35,73
POS,0.57,-0.23,0.35,68
POS,0.53,-0.09,0.33,61
POS,0.54,-0.13,0.34,72
POS,0.56,-0.14,0.35,72
POS,0.57,-0.16,0.35,72
POS,0.58,-0.18,0.34,72
POS,0.58,-0.19,0.35,73
POS,0.56,-0.22,0.34,64
POS,0.56,-0.21,0.35,72
POS,0.55,-0.25,0.35,73
POS,0.54,-0.26,0.34,70
POS,0.55,-0.26,0.34,71
POS,0.56,-0.27,0.34,71
POS,0.53,-0.28,0.35,71
POS,0.53,-0.27,0.35,71
POS,0.54,-0.28,0.35,72
POS,0.52,-0.28,0.34,64
POS,0.52,-0.28,0.36,74
POS,0.52,-0.29,0.36,72
POS,0.50,-0.29,0.38,73
POS,0.51,-0.28,0.37,70
POS,0.53,-0.28,0.36,73
POS,0.52,-0.27,0.36,64
POS,0.55,-0.27,0.37,79
POS,0.51,-0.28,0.35,64
POS,0.48,-0.29,0.35,70
POS,0.51,-0.28,0.35,73
POS,0.50,-0.29,0.34,69
POS,0.51,-0.29,0.33,66
POS,0.50,-0.29,0.33,67
POS,0.52,-0.30,0.34,76
POS,0.51,-0.30,0.35,71
POS,0.52,-0.27,0.35,66
POS,0.53,-0.26,0.36,71
POS,0.51,-0.27,0.36,70
POS,0.49,-0.28,0.37,70
POS,0.50,-0.29,0.35,69
POS,0.50,-0.28,0.36,70
POS,0.51,-0.28,0.35,69
POS,0.50,-0.29,0.35,71
POS,0.47,-0.30,0.34,64
POS,0.49,-0.29,0.34,68
POS,0.50,-0.26,0.33,60
POS,0.54,-0.27,0.34,79
POS,0.51,-0.27,0.35,70
POS,0.49,-0.28,0.33,58
POS,0.50,-0.28,0.33,69
POS,0.50,-0.29,0.32,67
POS,0.50,-0.31,0.34,77
POS,0.51,-0.29,0.36,72
POS,0.53,-0.27,0.36,72
POS,0.53,-0.27,0.37,72
POS,0.56,-0.24,0.37,73
POS,0.56,-0.22,0.37,68
POS,0.57,-0.22,0.35,71
POS,0.54,-0.25,0.35,66
POS,0.56,-0.25,0.33,71
POS,0.55,-0.24,0.33,64
POS,0.55,-0.25,0.33,67
POS,0.56,-0.24,0.34,74
POS,0.58,-0.24,0.34,75
POS,0.58,-0.24,0.37,76
POS,0.53,-0.26,0.35,66
POS,0.50,-0.27,0.35,69
POS,0.48,-0.28,0.34,63
POS,0.48,-0.27,0.34,68
POS,0.49,-0.27,0.34,68
POS,0.53,-0.26,0.35,75
POS,0.47,-0.26,0.35,68
POS,0.49,-0.27,0.34,69
POS,0.49,-0.29,0.35,74
POS,0.48,-0.30,0.35,71
POS,0.52,-0.27,0.35,76
POS,0.51,-0.29,0.36,73
POS,0.54,-0.29,0.35,75
POS,0.58,-0.27,0.35,78
POS,0.55,-0.27,0.37,74
POS,0.57,-0.25,0.37,70
POS,0.52,-0.27,0.35,65
POS,0.53,-0.26,0.36,74
POS,0.52,-0.28,0.35,69
POS,0.52,-0.27,0.36,71
POS,0.50,-0.28,0.35,65
POS,0.55,-0.28,0.34,77
POS,0.52,-0.29,0.32,66
POS,0.50,-0.29,0.33,67
POS,0.50,-0.29,0.32,64
POS,0.49,-0.28,0.32,63
POS,0.54,-0.27,0.32,77
POS,0.54,-0.28,0.32,70
POS,0.53,-0.28,0.33,69
POS,0.53,-0.29,0.34,73
POS,0.52,-0.29,0.34,69
POS,0.51,-0.29,0.33,63
POS,0.50,-0.28,0.34,69
POS,0.50,-0.28,0.34,66
POS,0.52,-0.27,0.36,74
POS,0.52,-0.29,0.20,92
POS,0.51,-0.28,0.23,64
POS,0.51,-0.25,0.28,69
POS,0.53,-0.27,0.30,75
POS,0.52,-0.27,0.30,65
POS,0.54,-0.26,0.31,70
POS,0.55,-0.28,0.33,77
POS,0.55,-0.27,0.33,69
POS,0.55,-0.28,0.32,70
POS,0.49,-0.29,0.32,70
POS,0.47,-0.29,0.31,59
POS,0.51,-0.29,0.32,76
POS,0.51,-0.29,0.33,71
POS,0.52,-0.28,0.36,76
POS,0.51,-0.29,0.35,68
POS,0.53,-0.28,0.35,72
POS,0.49,-0.30,0.33,66
POS,0.51,-0.30,0.33,73
POS,0.53,-0.29,0.33,72
POS,0.52,-0.29,0.32,64
POS,0.51,-0.29,0.34,69
POS,0.50,-0.30,0.33,70
POS,0.52,-0.29,0.35,75
POS,0.52,-0.29,0.36,71
POS,0.51,-0.29,0.36,71
POS,0.52,-0.28,0.35,67
POS,0.51,-0.28,0.35,70
POS,0.51,-0.28,0.36,69
POS,0.52,-0.29,0.35,72
POS,0.52,-0.30,0.34,69
POS,0.54,-0.28,0.36,77
POS,0.53,-0.28,0.35,63
POS,0.50,-0.28,0.35,66
POS,0.48,-0.28,0.34,62
POS,0.51,-0.27,0.35,75
POS,0.51,-0.26,0.34,64
POS,0.50,-0.26,0.35,69
POS,0.45,-0.27,0.34,68
POS,0.46,-0.29,0.34,71
POS,0.49,-0.28,0.35,74
POS,0.50,-0.28,0.37,73
POS,0.53,-0.28,0.36,75
POS,0.49,-0.28,0.35,62
POS,0.51,-0.27,0.35,73
POS,0.52,-0.28,0.34,71
POS,0.54,-0.26,0.35,72
POS,0.52,-0.12,0.33,58
POS,0.53,-0.15,0.34,71
POS,0.53,-0.18,0.35,71
POS,0.56,-0.20,0.35,76
POS,0.57,-0.22,0.34,73
POS,0.52,-0.25,0.33,65
POS,0.54,-0.14,0.35,75
POS,0.56,-0.19,0.35,77
POS,0.56,-0.20,0.36,73
POS,0.56,-0.21,0.36,70
POS,0.52,-0.24,0.32,57
POS,0.52,-0.25,0.35,75
POS,0.53,-0.26,0.34,72
POS,0.50,-0.28,0.31,57
POS,0.53,-0.27,0.31,72
POS,0.51,-0.13,0.30,60
POS,0.56,-0.15,0.32,79
POS,0.57,-0.17,0.32,73
POS,0.55,-0.07,0.32,61
POS,0.54,-0.13,0.31,65
POS,0.56,-0.15,0.32,72
POS,0.53,-0.19,0.33,70
POS,0.51,-0.22,0.32,65
POS,0.48,-0.09,0.31,61
POS,0.50,-0.13,0.32,70
POS,0.48,-0.03,0.30,57
POS,0.49,-0.10,0.32,73
POS,0.49,0.01,0.31,62
POS,0.46,-0.09,0.31,71
POS,0.48,-0.13,0.33,73
POS,0.51,-0.14,0.35,74
POS,0.50,-0.03,0.33,63
POS,0.50,-0.08,0.35,71
POS,0.49,-0.14,0.36,72
POS,0.50,-0.18,0.37,76
POS,0.47,-0.06,0.35,64
POS,0.47,-0.13,0.36,73
POS,0.51,-0.13,0.37,75
POS,0.53,-0.18,0.36,75
POS,0.50,-0.21,0.34,61
POS,0.49,-0.25,0.31,65
POS,0.53,-0.24,0.32,75
POS,0.48,-0.26,0.31,63
POS,0.47,-0.27,0.32,69
POS,0.51,-0.27,0.33,74
POS,0.53,-0.26,0.33,72
POS,0.49,-0.28,0.32,68
POS,0.46,-0.29,0.34,72
POS,0.43,-0.29,0.34,68
POS,0.48,-0.27,0.34,73
POS,0.49,-0.27,0.35,72
POS,0.52,-0.27,0.36,76
POS,0.49,-0.12,0.34,64
POS,0.49,-0.17,0.33,69
POS,0.54,-0.19,0.34,80
POS,0.54,-0.19,0.36,69
POS,0.54,-0.21,0.36,73
POS,0.55,-0.21,0.37,72
POS,0.56,-0.23,0.37,74
POS,0.58,-0.24,0.36,76
POS,0.54,-0.25,0.35,61
POS,0.55,-0.25,0.35,70
POS,0.55,-0.24,0.35,66
POS,0.57,-0.24,0.36,77
POS,0.52,-0.26,0.34,64
POS,0.56,-0.25,0.35,77
POS,0.55,-0.25,0.37,76
POS,0.56,-0.26,0.37,74
POS,0.54,-0.25,0.39,73
POS,0.53,-0.10,0.37,68
POS,0.53,-0.13,0.37,71
POS,0.56,-0.12,0.38,75
POS,0.58,-0.16,0.37,76
POS,0.57,-0.19,0.38,75
POS,0.58,-0.23,0.38,78
POS,0.57,-0.23,0.38,71
POS,0.56,-0.11,0.38,70
POS,0.57,-0.13,0.38,74
POS,0.56,-0.16,0.38,70
POS,0.56,-0.19,0.38,73
POS,0.53,-0.22,0.37,67
POS,0.52,-0.22,0.36,62
POS,0.52,-0.23,0.36,71
POS,0.54,-0.24,0.36,75
POS,0.55,-0.24,0.37,73
POS,0.56,-0.25,0.36,74
POS,0.56,-0.25,0.36,70
POS,0.56,-0.26,0.36,72
POS,0.57,-0.26,0.37,75
POS,0.58,-0.26,0.35,72
POS,0.57,-0.27,0.35,70
POS,0.59,-0.24,0.36,77
POS,0.56,-0.24,0.36,64
POS,0.54,-0.12,0.34,59
POS,0.55,-0.15,0.35,73
POS,0.55,-0.17,0.35,67
POS,0.56,-0.18,0.35,71
POS,0.58,-0.19,0.35,75
POS,0.57,-0.19,0.36,69
POS,0.58,-0.19,0.36,71
POS,0.62,-0.21,0.37,94
POS,0.62,-0.22,0.38,76
POS,0.62,-0.24,0.38,76
POS,0.62,-0.24,0.37,75
POS,0.61,-0.25,0.38,73
POS,0.62,-0.24,0.38,76
POS,0.62,-0.22,0.40,80
POS,0.62,-0.16,0.39,71
POS,0.60,-0.17,0.39,70
POS,0.61,-0.18,0.39,78
POS,0.60,-0.19,0.38,70
POS,0.57,-0.21,0.37,66
POS,0.58,-0.20,0.38,73
POS,0.59,-0.23,0.37,77
POS,0.59,-0.23,0.37,74
POS,0.55,-0.25,0.35,61
POS,0.55,-0.27,0.35,75
POS,0.55,-0.26,0.36,72
POS,0.57,-0.24,0.38,76
POS,0.56,-0.26,0.37,73
POS,0.54,-0.26,0.37,66
POS,0.55,-0.26,0.36,73
POS,0.52,-0.27,0.36,65
POS,0.55,-0.26,0.37,76
POS,0.53,-0.27,0.35,66
POS,0.53,-0.26,0.35,68
POS,0.52,-0.27,0.35,68
POS,0.52,-0.26,0.36,71
POS,0.51,-0.29,0.35,73
POS,0.48,-0.29,0.34,61
POS,0.50,-0.28,0.34,70
POS,0.47,-0.28,0.36,72
POS,0.46,-0.29,0.36,71
POS,0.48,-0.28,0.36,69
POS,0.50,-0.28,0.37,75
POS,0.52,-0.27,0.38,76
POS,0.55,-0.27,0.37,74
POS,0.52,-0.28,0.36,68
POS,0.52,-0.27,0.36,69
POS,0.50,-0.28,0.34,63
POS,0.47,-0.29,0.34,67
POS,0.49,-0.28,0.34,71
POS,0.49,-0.28,0.35,69
POS,0.50,-0.29,0.35,72
POS,0.50,-0.27,0.37,71
POS,0.51,-0.27,0.36,69
POS,0.51,-0.27,0.35,66
POS,0.49,-0.28,0.34,66
POS,0.47,-0.28,0.33,64
POS,0.45,-0.28,0.34,64
POS,0.47,-0.29,0.35,75
POS,0.48,-0.29,0.34,68
POS,0.47,-0.28,0.35,67
POS,0.45,-0.29,0.33,63
POS,0.48,-0.29,0.33,73
POS,0.49,-0.30,0.33,69
POS,0.47,-0.30,0.34,71
POS,0.49,-0.30,0.33,67
POS,0.50,-0.27,0.35,71
POS,0.50,-0.28,0.34,65
POS,0.50,-0.29,0.34,73
POS,0.49,-0.30,0.33,66
POS,0.47,-0.31,0.32,66
POS,0.40,-0.29,0.33,73
POS,0.42,-0.30,0.34,74
POS,0.45,-0.30,0.34,72
POS,0.46,-0.30,0.36,73
POS,0.44,-0.30,0.35,68
POS,0.47,-0.31,0.36,75
POS,0.48,-0.31,0.35,69
POS,0.46,-0.31,0.35,69
POS,0.46,-0.31,0.34,68
POS,0.49,-0.30,0.35,74
POS,0.48,-0.31,0.34,67
POS,0.47,-0.31,0.34,69
POS,0.51,-0.29,0.35,75
POS,0.53,-0.29,0.35,76
POS,0.53,-0.27,0.37,72
POS,0.52,-0.27,0.38,73
POS,0.56,-0.26,0.39,79
POS,0.57,-0.27,0.38,78
POS,0.55,-0.28,0.39,73
POS,0.56,-0.27,0.39,73
POS,0.51,-0.29,0.37,69
POS,0.53,-0.29,0.37,75
POS,0.53,-0.30,0.35,71
POS,0.53,-0.30,0.34,67
POS,0.55,-0.28,0.36,75
POS,0.51,-0.30,0.35,69
POS,0.52,-0.30,0.35,73
POS,0.53,-0.29,0.36,72
POS,0.53,-0.27,0.37,72
POS,0.53,-0.28,0.36,71
POS,0.55,-0.28,0.37,76
POS,0.54,-0.29,0.36,70
POS,0.54,-0.27,0.37,74
POS,0.58,-0.27,0.37,79
POS,0.53,-0.29,0.37,70
POS,0.52,-0.29,0.36,68
POS,0.51,-0.28,0.36,69
POS,0.51,-0.27,0.37,69
POS,0.51,-0.26,0.37,69
POS,0.51,-0.27,0.38,75
POS,0.51,-0.28,0.37,70
POS,0.51,-0.29,0.36,70
POS,0.49,-0.29,0.36,67
POS,0.48,-0.29,0.36,68
POS,0.48,-0.13,0.35,67
POS,0.51,-0.17,0.34,73
POS,0.53,-0.19,0.35,74
POS,0.55,-0.21,0.34,74
POS,0.53,-0.24,0.32,61
POS,0.53,-0.25,0.33,72
POS,0.52,-0.27,0.34,72
POS,0.54,-0.27,0.34,75
POS,0.51,-0.29,0.34,70
POS,0.52,-0.29,0.35,74
POS,0.55,-0.29,0.35,77
POS,0.55,-0.30,0.33,71
POS,0.52,-0.31,0.32,66
POS,0.47,-0.31,0.31,64
POS,0.47,-0.31,0.32,70
POS,0.50,-0.31,0.34,76
POS,0.52,-0.31,0.34,73
POS,0.55,-0.29,0.34,76
POS,0.55,-0.30,0.35,76
POS,0.52,-0.16,0.35,62
POS,0.55,-0.14,0.34,72
POS,0.52,-0.20,0.34,69
POS,0.54,-0.21,0.35,73
POS,0.57,-0.19,0.36,78
POS,0.60,-0.20,0.35,78
POS,0.62,-0.17,0.36,75
POS,0.64,-0.19,0.36,80
POS,0.61,-0.21,0.37,73
POS,0.61,-0.21,0.37,73
POS,0.59,-0.23,0.37,70
POS,0.58,-0.23,0.37,69
POS,0.59,-0.24,0.37,78
POS,0.61,-0.23,0.36,74
POS,0.59,-0.25,0.35,71
POS,0.56,-0.27,0.34,66
POS,0.55,-0.27,0.35,72
POS,0.53,-0.27,0.35,66
POS,0.50,-0.28,0.35,68
POS,0.52,-0.26,0.36,73
POS,0.53,-0.25,0.36,70
POS,0.44,-0.17,0.33,80
POS,0.46,-0.21,0.34,73
POS,0.48,-0.24,0.32,67
POS,0.48,-0.27,0.33,74
POS,0.49,-0.29,0.34,73
POS,0.50,-0.29,0.34,70
POS,0.50,-0.29,0.34,70
POS,0.54,-0.28,0.34,78
POS,0.52,-0.30,0.34,70
POS,0.52,-0.30,0.35,74
POS,0.56,-0.30,0.35,79
POS,0.52,-0.14,0.33,61
POS,0.55,-0.15,0.34,76
POS,0.56,-0.18,0.34,74
POS,0.55,-0.19,0.36,72
POS,0.55,-0.22,0.36,72
POS,0.55,-0.23,0.37,71
POS,0.52,-0.25,0.36,69
POS,0.53,-0.25,0.37,72
POS,0.51,-0.26,0.35,64
POS,0.51,-0.26,0.35,69
POS,0.51,-0.26,0.35,67
POS,0.52,-0.27,0.36,74
POS,0.50,-0.28,0.35,69
POS,0.52,-0.29,0.35,74
POS,0.49,-0.30,0.35,69
POS,0.48,-0.31,0.36,73
POS,0.51,-0.29,0.36,74
POS,0.51,-0.28,0.37,72
POS,0.55,-0.28,0.37,77
POS,0.55,-0.28,0.36,70
POS,0.51,-0.28,0.35,65
POS,0.45,-0.29,0.33,66
POS,0.48,-0.28,0.35,72
POS,0.46,-0.28,0.34,66
POS,0.51,-0.28,0.35,77
POS,0.49,-0.28,0.35,69
POS,0.52,-0.27,0.37,75
POS,0.52,-0.26,0.36,69
POS,0.54,-0.25,0.37,75
POS,0.53,-0.24,0.37,69
POS,0.55,-0.26,0.37,77
POS,0.54,-0.26,0.39,75
POS,0.54,-0.26,0.39,71
POS,0.54,-0.28,0.38,74
POS,0.50,-0.26,0.38,64
POS,0.51,-0.27,0.37,71
POS,0.48,-0.27,0.38,69
POS,0.51,-0.27,0.37,74
POS,0.51,-0.27,0.38,72
POS,0.54,-0.28,0.37,77
POS,0.54,-0.28,0.36,71
POS,0.52,-0.30,0.35,69
POS,0.53,-0.29,0.37,75
POS,0.55,-0.27,0.39,79
POS,0.55,-0.29,0.36,69
POS,0.55,-0.26,0.37,69
POS,0.56,-0.27,0.36,75
POS,0.56,-0.27,0.37,73
POS,0.57,-0.30,0.35,77
POS,0.58,-0.29,0.35,74
POS,0.60,-0.28,0.36,78
POS,0.60,-0.27,0.36,73
POS,0.58,-0.27,0.37,73
POS,0.56,-0.29,0.35,66
POS,0.57,-0.28,0.36,77
POS,0.59,-0.27,0.36,77
POS,0.58,-0.26,0.37,71
POS,0.55,-0.28,0.35,67
POS,0.52,-0.31,0.32,67
POS,0.51,-0.32,0.34,75
POS,0.52,-0.32,0.34,73
POS,0.53,-0.33,0.18,93
POS,0.56,-0.33,0.23,79
POS,0.56,-0.30,0.27,72
POS,0.58,-0.30,0.30,78
POS,0.56,-0.27,0.33,70
POS,0.54,-0.27,0.34,69
POS,0.52,-0.26,0.35,67
POS,0.52,-0.28,0.34,72
POS,0.55,-0.26,0.35,75
POS,0.55,-0.27,0.35,72
POS,0.57,-0.26,0.36,78
POS,0.59,-0.28,0.35,76
POS,0.58,-0.26,0.36,73
POS,0.56,-0.28,0.36,72
POS,0.57,-0.29,0.35,75
POS,0.56,-0.28,0.36,72
POS,0.57,-0.26,0.37,73
POS,0.57,-0.27,0.36,73
POS,0.54,-0.28,0.36,70
POS,0.51,-0.12,0.33,61
POS,0.49,-0.02,0.33,65
POS,0.47,0.07,0.30,62
POS,0.49,-0.01,0.31,71
POS,0.48,-0.07,0.32,65
POS,0.46,0.01,0.33,65
POS,0.49,-0.02,0.35,71
POS,0.52,-0.08,0.36,75
POS,0.51,-0.14,0.35,69
POS,0.48,-0.19,0.34,68
POS,0.50,-0.21,0.35,72
POS,0.50,-0.25,0.35,74
POS,0.50,-0.27,0.34,70
POS,0.50,-0.27,0.36,74
POS,0.51,-0.26,0.37,70
POS,0.54,-0.25,0.37,76
POS,0.53,-0.10,0.37,74
POS,0.53,-0.13,0.38,72
POS,0.56,-0.15,0.39,78
POS,0.57,-0.15,0.40,73
POS,0.55,-0.19,0.39,72
POS,0.55,-0.19,0.39,72
POS,0.58,-0.20,0.39,79
POS,0.58,-0.22,0.38,72
POS,0.56,-0.24,0.36,64
POS,0.54,-0.27,0.35,71
POS,0.55,-0.26,0.35,72
POS,0.56,-0.27,0.35,73
POS,0.55,-0.29,0.36,74
POS,0.54,-0.29,0.36,74
POS,0.54,-0.27,0.38,74
POS,0.53,-0.27,0.37,67
POS,0.55,-0.26,0.37,75
POS,0.56,-0.25,0.39,77
POS,0.57,-0.27,0.38,75
POS,0.55,-0.27,0.39,74
POS,0.55,-0.27,0.38,71
POS,0.57,-0.28,0.37,76
POS,0.56,-0.29,0.37,75
POS,0.57,-0.28,0.37,74
POS,0.59,-0.28,0.37,76
POS,0.55,-0.28,0.35,64
POS,0.54,-0.27,0.36,68
POS,0.53,-0.27,0.36,70
POS,0.54,-0.27,0.37,75
POS,0.55,-0.27,0.37,71
POS,0.55,-0.27,0.37,72
POS,0.55,-0.28,0.37,75
POS,0.55,-0.26,0.38,73
POS,0.53,-0.26,0.39,71
POS,0.49,-0.26,0.38,67
POS,0.47,-0.27,0.36,64
POS,0.49,-0.29,0.35,73
POS,0.52,-0.27,0.36,74
POS,0.55,-0.28,0.36,79
POS,0.53,-0.30,0.36,75
POS,0.56,-0.30,0.36,76
POS,0.51,-0.29,0.34,61
POS,0.50,-0.30,0.34,68
POS,0.53,-0.28,0.35,72
POS,0.50,-0.28,0.36,70
POS,0.53,-0.29,0.35,76
POS,0.54,-0.26,0.39,83
POS,0.57,-0.23,0.39,76
POS,0.56,-0.23,0.42,80
POS,0.55,-0.24,0.41,71
POS,0.57,-0.26,0.37,75
POS,0.54,-0.27,0.37,69
POS,0.54,-0.29,0.36,72
POS,0.51,-0.30,0.34,66
POS,0.52,-0.28,0.35,70
POS,0.55,-0.27,0.37,79
POS,0.56,-0.26,0.37,73
POS,0.56,-0.26,0.37,71
POS,0.55,-0.27,0.35,66
POS,0.56,-0.25,0.35,72
POS,0.54,-0.26,0.36,71
POS,0.51,-0.28,0.34,65
POS,0.51,-0.26,0.36,70
POS,0.51,-0.26,0.36,71
POS,0.52,-0.25,0.37,72
POS,0.53,-0.25,0.38,74
POS,0.52,-0.26,0.38,72
POS,0.54,-0.28,0.36,75
POS,0.54,-0.28,0.36,72
POS,0.52,-0.29,0.35,68
POS,0.53,-0.28,0.36,74
POS,0.52,-0.28,0.38,74
POS,0.53,-0.28,0.37,71
POS,0.51,-0.31,0.34,69
POS,0.55,-0.28,0.35,78
POS,0.52,-0.30,0.34,67
POS,0.54,-0.29,0.35,74
POS,0.52,-0.30,0.35,69
POS,0.54,-0.30,0.36,78
POS,0.51,-0.31,0.36,71
POS,0.49,-0.30,0.35,64
POS,0.54,-0.28,0.36,79
POS,0.53,-0.28,0.36,70
POS,0.51,-0.27,0.36,66
POS,0.54,-0.26,0.36,73
POS,0.53,-0.26,0.38,74
POS,0.54,-0.27,0.37,73
POS,0.55,-0.25,0.38,72
POS,0.55,-0.26,0.38,73
POS,0.55,-0.26,0.36,68
POS,0.55,-0.28,0.37,75
POS,0.53,-0.28,0.36,67
POS,0.50,-0.29,0.35,67
POS,0.50,-0.29,0.36,72
POS,0.51,-0.28,0.38,77
POS,0.53,-0.27,0.40,77
POS,0.51,-0.13,0.38,65
POS,0.52,-0.16,0.39,75
POS,0.54,-0.17,0.40,76
POS,0.56,-0.19,0.40,76
POS,0.57,-0.19,0.41,76
POS,0.53,-0.07,0.38,62
POS,0.50,-0.13,0.36,66
POS,0.51,-0.16,0.38,73
POS,0.53,-0.19,0.37,73
POS,0.51,-0.21,0.37,70
POS,0.50,-0.26,0.34,69
POS,0.47,-0.26,0.33,61
POS,0.46,-0.28,0.33,67
POS,0.49,-0.28,0.33,73
POS,0.50,-0.29,0.33,70
POS,0.50,-0.30,0.34,72
POS,0.52,-0.29,0.35,74
POS,0.52,-0.13,0.31,64
POS,0.55,-0.16,0.32,75
POS,0.51,-0.20,0.31,66
POS,0.51,-0.23,0.32,67
POS,0.52,-0.25,0.32,71
POS,0.52,-0.24,0.35,75
POS,0.52,-0.23,0.37,71
POS,0.52,-0.27,0.36,72
POS,0.52,-0.25,0.37,71
POS,0.49,-0.26,0.37,67
POS,0.52,-0.26,0.36,76
POS,0.52,-0.28,0.36,72
POS,0.55,-0.27,0.36,74
POS,0.55,-0.27,0.35,69
POS,0.55,-0.28,0.35,74
POS,0.56,-0.29,0.34,71
POS,0.55,-0.27,0.35,70
POS,0.54,-0.28,0.36,73
POS,0.56,-0.28,0.36,74
POS,0.55,-0.28,0.36,73
POS,0.51,-0.28,0.36,66
POS,0.50,-0.29,0.35,67
POS,0.48,-0.31,0.33,70
POS,0.47,-0.32,0.32,67
POS,0.48,-0.32,0.33,72
POS,0.49,-0.32,0.33,71
POS,0.49,-0.32,0.35,75
POS,0.52,-0.30,0.36,75
POS,0.52,-0.29,0.37,72
POS,0.53,-0.31,0.36,75
POS,0.52,-0.29,0.36,67
POS,0.54,-0.28,0.37,75
POS,0.54,-0.30,0.35,72
POS,0.55,-0.29,0.37,78
POS,0.52,-0.14,0.36,67
POS,0.53,-0.16,0.36,70
POS,0.52,-0.19,0.36,69
POS,0.50,-0.07,0.34,64
POS,0.48,-0.12,0.35,69
POS,0.52,-0.15,0.36,75
POS,0.56,-0.17,0.36,80
POS,0.54,-0.19,0.36,68
POS,0.53,-0.20,0.37,71
POS,0.56,-0.21,0.38,78
POS,0.58,-0.24,0.36,74
POS,0.58,-0.24,0.35,73
POS,0.59,-0.27,0.34,76
POS,0.57,-0.14,0.34,66
POS,0.53,-0.18,0.35,68
POS,0.54,-0.18,0.37,75
POS,0.55,-0.18,0.37,69
POS,0.53,-0.07,0.35,59
POS,0.53,-0.15,0.32,71
POS,0.53,-0.20,0.32,72
POS,0.52,-0.24,0.31,69
POS,0.49,-0.26,0.30,64
POS,0.48,-0.27,0.32,69
POS,0.46,-0.29,0.33,72
POS,0.44,-0.29,0.34,70
POS,0.46,-0.27,0.36,71
POS,0.45,-0.27,0.36,68
POS,0.48,-0.28,0.36,75
POS,0.47,-0.30,0.35,71
POS,0.46,-0.30,0.36,68
POS,0.49,-0.28,0.17,89
POS,0.52,-0.26,0.23,74
POS,0.49,-0.24,0.27,63
POS,0.49,-0.22,0.30,67
POS,0.43,-0.22,0.31,67
POS,0.47,-0.24,0.32,74
POS,0.49,-0.24,0.34,72
POS,0.50,-0.23,0.36,74
POS,0.50,-0.23,0.36,64
POS,0.52,-0.24,0.36,70
POS,0.54,-0.24,0.35,72
POS,0.54,-0.24,0.36,71
POS,0.54,-0.26,0.36,72
POS,0.51,-0.26,0.36,67
POS,0.48,-0.11,0.33,64
POS,0.51,-0.15,0.34,75
POS,0.54,-0.18,0.35,77
POS,0.51,-0.05,0.33,65
POS,0.49,-0.13,0.32,70
POS,0.53,-0.14,0.34,78
POS,0.49,-0.18,0.34,68
POS,0.46,-0.21,0.35,71
POS,0.45,-0.23,0.35,69
POS,0.45,-0.26,0.35,71
POS,0.49,-0.24,0.37,76
POS,0.49,-0.27,0.35,70
POS,0.53,-0.28,0.36,79
POS,0.53,-0.29,0.35,74
POS,0.51,-0.30,0.34,65
POS,0.52,-0.30,0.34,71
POS,0.54,-0.26,0.36,74
POS,0.52,-0.28,0.34,67
POS,0.50,-0.27,0.34,63
POS,0.52,-0.26,0.35,73
POS,0.55,-0.26,0.36,76
POS,0.55,-0.26,0.35,72
POS,0.55,-0.26,0.36,71
POS,0.53,-0.24,0.38,72
POS,0.54,-0.23,0.39,73
POS,0.54,-0.26,0.37,74
POS,0.56,-0.25,0.39,77
POS,0.57,-0.26,0.39,76
POS,0.56,-0.27,0.37,68
POS,0.51,-0.28,0.35,62
POS,0.49,-0.12,0.33,68
POS,0.52,-0.13,0.35,76
POS,0.55,-0.11,0.35,72
POS,0.54,-0.17,0.34,70
POS,0.57,-0.16,0.36,76
POS,0.57,-0.18,0.37,73
POS,0.54,-0.07,0.36,66
POS,0.52,0.01,0.36,66
POS,0.50,-0.05,0.34,59
POS,0.52,-0.11,0.36,76
POS,0.51,-0.16,0.35,68
POS,0.54,-0.19,0.34,76
POS,0.55,-0.18,0.35,69
POS,0.55,-0.22,0.34,72
POS,0.55,-0.21,0.35,69
POS,0.55,-0.20,0.37,71
POS,0.55,-0.10,0.36,69
POS,0.58,-0.13,0.38,80
POS,0.56,-0.18,0.37,72
POS,0.59,-0.17,0.37,76
POS,0.57,-0.18,0.37,67
POS,0.58,-0.19,0.37,75
POS,0.53,-0.21,0.36,65
POS,0.51,-0.10,0.36,65
POS,0.51,-0.12,0.38,71
POS,0.54,-0.14,0.38,76
POS,0.52,-0.18,0.37,67
POS,0.54,-0.19,0.37,74
POS,0.58,-0.20,0.38,80
POS,0.56,-0.20,0.39,71
POS,0.57,-0.21,0.38,71
POS,0.56,-0.21,0.39,72
POS,0.59,-0.22,0.38,78
POS,0.61,-0.23,0.37,77
POS,0.56,-0.25,0.36,68
POS,0.56,-0.24,0.36,70
POS,0.55,-0.24,0.38,73
POS,0.55,-0.26,0.37,73
POS,0.54,-0.26,0.37,70
POS,0.53,-0.26,0.37,68
POS,0.57,-0.26,0.36,77
POS,0.55,-0.24,0.38,71
POS,0.52,-0.27,0.36,68
POS,0.53,-0.27,0.37,73
POS,0.50,-0.29,0.36,70
POS,0.51,-0.30,0.36,76
POS,0.51,-0.29,0.38,71
POS,0.51,-0.26,0.39,71
POS,0.52,-0.27,0.38,72
POS,0.51,-0.27,0.38,69
POS,0.54,-0.28,0.37,77
POS,0.56,-0.27,0.37,75
POS,0.58,-0.27,0.37,76
POS,0.54,-0.28,0.34,62
POS,0.53,-0.28,0.36,72
POS,0.55,-0.28,0.37,79
POS,0.53,-0.27,0.37,67
POS,0.50,-0.28,0.36,66
POS,0.52,-0.26,0.37,72
POS,0.52,-0.26,0.37,68
POS,0.50,-0.28,0.37,73
POS,0.49,-0.28,0.38,71
POS,0.48,-0.29,0.38,74
POS,0.48,-0.28,0.37,66
POS,0.48,-0.29,0.37,69
POS,0.46,-0.28,0.37,67
POS,0.47,-0.26,0.37,68
POS,0.48,-0.27,0.36,69
POS,0.47,-0.29,0.36,69
POS,0.49,-0.29,0.36,74
POS,0.50,-0.29,0.36,71
POS,0.51,-0.30,0.37,75
POS,0.53,-0.29,0.38,77
POS,0.51,-0.29,0.41,78
POS,0.53,-0.30,0.40,76
POS,0.49,-0.30,0.40,73
POS,0.49,-0.31,0.40,74
POS,0.50,-0.28,0.41,73
POS,0.48,-0.29,0.38,67
POS,0.52,-0.28,0.39,77
POS,0.52,-0.29,0.38,71
POS,0.53,-0.30,0.37,74
POS,0.52,-0.29,0.38,72
POS,0.53,-0.26,0.39,72
POS,0.54,-0.28,0.37,71
POS,0.53,-0.25,0.37,65
POS,0.53,-0.26,0.37,70
POS,0.54,-0.27,0.36,73
POS,0.55,-0.28,0.35,73
POS,0.54,-0.27,0.37,71
POS,0.52,-0.28,0.36,68
POS,0.52,-0.29,0.36,73
POS,0.53,-0.28,0.37,75
POS,0.52,-0.28,0.37,70
POS,0.53,-0.30,0.35,70
POS,0.56,-0.30,0.35,78
POS,0.57,-0.29,0.34,71
POS,0.54,-0.29,0.34,66
POS,0.55,-0.29,0.34,71
POS,0.53,-0.29,0.34,68
POS,0.54,-0.28,0.36,75
POS,0.52,-0.27,0.37,69
POS,0.52,-0.28,0.37,72
POS,0.52,-0.28,0.37,72
POS,0.49,-0.29,0.37,68
POS,0.50,-0.28,0.37,71
POS,0.50,-0.30,0.36,72
POS,0.52,-0.28,0.37,75
POS,0.53,-0.26,0.38,73
POS,0.53,-0.25,0.39,73
POS,0.52,-0.26,0.38,70
POS,0.53,-0.27,0.38,72
POS,0.54,-0.28,0.37,75
POS,0.52,-0.27,0.37,64
POS,0.53,-0.27,0.36,71
POS,0.52,-0.29,0.36,72
POS,0.51,-0.29,0.35,63
POS,0.51,-0.28,0.36,74
POS,0.53,-0.28,0.40,82
POS,0.53,-0.29,0.39,73
POS,0.54,-0.28,0.38,71
POS,0.56,-0.28,0.38,76
POS,0.56,-0.28,0.38,74
POS,0.53,-0.13,0.34,55
POS,0.56,-0.15,0.35,77
POS,0.56,-0.20,0.34,73
POS,0.56,-0.22,0.35,75
POS,0.54,-0.25,0.36,73
POS,0.54,-0.28,0.35,74
POS,0.52,-0.28,0.36,70
POS,0.47,-0.30,0.35,71
POS,0.46,-0.30,0.35,71
POS,0.46,-0.29,0.37,72
POS,0.49,-0.28,0.39,76
POS,0.50,-0.28,0.39,71
POS,0.51,-0.27,0.40,75
POS,0.51,-0.26,0.40,70
POS,0.49,-0.12,0.40,73
POS,0.50,-0.15,0.41,75
POS,0.52,-0.18,0.40,74
POS,0.53,-0.21,0.39,75
POS,0.50,-0.24,0.36,64
POS,0.51,-0.24,0.37,72
POS,0.53,-0.26,0.36,73
POS,0.52,-0.29,0.36,74
POS,0.50,-0.30,0.34,64
POS,0.51,-0.29,0.34,71
POS,0.51,-0.31,0.35,75
POS,0.52,-0.30,0.35,72
POS,0.51,-0.31,0.35,68
POS,0.53,-0.27,0.38,81
POS,0.56,-0.27,0.37,77
POS,0.52,-0.29,0.35,67
POS,0.51,-0.30,0.36,74
POS,0.51,-0.30,0.37,73
POS,0.53,-0.30,0.37,73
POS,0.55,-0.29,0.37,77
POS,0.56,-0.28,0.37,72
POS,0.54,-0.25,0.39,74
POS,0.54,-0.25,0.39,72
POS,0.49,-0.26,0.39,73
POS,0.52,-0.25,0.39,73
POS,0.54,-0.26,0.38,74
POS,0.50,-0.26,0.36,60
POS,0.52,-0.26,0.37,77
POS,0.50,-0.27,0.37,67
POS,0.51,-0.28,0.36,72
POS,0.51,-0.28,0.36,70
POS,0.50,-0.29,0.36,70
POS,0.50,-0.28,0.36,68
POS,0.50,-0.26,0.37,70
POS,0.49,-0.27,0.36,66
POS,0.49,-0.27,0.36,69
POS,0.50,-0.28,0.36,72
POS,0.49,-0.26,0.37,67
POS,0.52,-0.26,0.37,73
POS,0.49,-0.26,0.35,60
POS,0.47,-0.28,0.33,66
POS,0.50,-0.27,0.35,74
POS,0.56,-0.25,0.35,82
POS,0.55,-0.26,0.36,72
POS,0.53,-0.27,0.34,62
POS,0.53,-0.27,0.34,69
POS,0.49,-0.28,0.32,61
POS,0.51,-0.28,0.33,73
POS,0.51,-0.29,0.31,64
POS,0.48,-0.29,0.31,62
POS,0.49,-0.31,0.31,72
POS,0.50,-0.28,0.34,72
POS,0.50,-0.27,0.33,59
POS,0.52,-0.27,0.34,73
POS,0.50,-0.28,0.32,63
POS,0.52,-0.29,0.33,75
POS,0.52,-0.27,0.35,71
POS,0.53,-0.27,0.35,70
POS,0.50,-0.27,0.36,72
POS,0.49,-0.28,0.35,67
POS,0.51,-0.27,0.37,74
POS,0.49,-0.28,0.35,65
POS,0.51,-0.28,0.35,73
POS,0.53,-0.25,0.37,73
POS,0.54,-0.24,0.38,74
POS,0.54,-0.24,0.37,70
POS,0.58,-0.23,0.38,80
POS,0.60,-0.23,0.37,79
POS,0.60,-0.24,0.37,74
POS,0.58,-0.25,0.38,74
POS,0.58,-0.27,0.37,73
POS,0.60,-0.26,0.37,79
POS,0.61,-0.24,0.37,74
POS,0.59,-0.24,0.37,68
POS,0.56,-0.22,0.39,72
POS,0.56,-0.24,0.37,70
POS,0.52,-0.25,0.37,66
POS,0.52,-0.26,0.38,73
POS,0.52,-0.25,0.38,70
POS,0.54,-0.26,0.38,76
POS,0.50,-0.27,0.36,65
POS,0.53,-0.27,0.36,74
POS,0.52,-0.29,0.35,72
POS,0.53,-0.30,0.34,71
POS,0.52,-0.28,0.36,70
POS,0.50,-0.14,0.35,65
POS,0.51,-0.16,0.37,73
POS,0.53,-0.17,0.38,75
POS,0.57,-0.20,0.36,77
POS,0.57,-0.22,0.37,74
POS,0.55,-0.25,0.38,78
POS,0.55,-0.25,0.38,72
POS,0.53,-0.26,0.38,71
POS,0.54,-0.28,0.39,77
POS,0.54,-0.28,0.38,70
POS,0.53,-0.29,0.38,73
POS,0.53,-0.15,0.37,66
POS,0.56,-0.15,0.37,76
POS,0.56,-0.19,0.36,71
POS,0.57,-0.20,0.35,72
POS,0.55,-0.24,0.34,69
POS,0.52,-0.25,0.35,71
POS,0.50,-0.26,0.37,73
POS,0.51,-0.25,0.38,72
POS,0.52,-0.23,0.38,68
POS,0.55,-0.23,0.39,77
POS,0.55,-0.21,0.41,77
POS,0.57,-0.23,0.39,75
POS,0.54,-0.22,0.40,68
POS,0.58,-0.23,0.38,77
POS,0.60,-0.20,0.38,74
POS,0.57,-0.06,0.34,67
POS,0.58,-0.09,0.35,73
POS,0.56,-0.15,0.36,73
POS,0.55,-0.16,0.37,72
POS,0.56,-0.18,0.37,73
POS,0.56,-0.19,0.38,72
POS,0.59,-0.17,0.38,76
POS,0.58,-0.21,0.36,70
POS,0.55,-0.22,0.37,69
POS,0.56,-0.21,0.38,73
POS,0.56,-0.22,0.38,72
POS,0.58,-0.23,0.38,77
POS,0.57,-0.25,0.37,74
POS,0.59,-0.26,0.37,78
POS,0.61,-0.20,0.36,86
POS,0.60,-0.21,0.36,74
POS,0.63,-0.20,0.37,80
POS,0.60,-0.24,0.36,75
POS,0.60,-0.24,0.37,73
POS,0.60,-0.24,0.38,76
POS,0.59,-0.11,0.36,65
POS,0.58,-0.16,0.36,74
POS,0.58,-0.20,0.36,75
POS,0.55,-0.22,0.35,64
POS,0.58,-0.22,0.36,78
POS,0.57,-0.23,0.37,73
POS,0.56,-0.23,0.37,69
POS,0.55,-0.23,0.37,70
POS,0.57,-0.22,0.38,74
POS,0.57,-0.23,0.37,72
POS,0.58,-0.24,0.37,74
POS,0.56,-0.23,0.38,70
POS,0.53,-0.26,0.37,69
POS,0.54,-0.25,0.38,74
POS,0.55,-0.24,0.39,74
POS,0.55,-0.25,0.38,72
POS,0.52,-0.27,0.37,69
POS,0.51,-0.31,0.35,74
POS,0.51,-0.31,0.36,73
POS,0.53,-0.30,0.35,73
POS,0.55,-0.28,0.35,73
POS,0.56,-0.28,0.35,73
POS,0.57,-0.29,0.35,75
POS,0.56,-0.30,0.34,71
POS,0.55,-0.29,0.37,76
POS,0.56,-0.27,0.37,73
POS,0.56,-0.28,0.35,70
POS,0.52,-0.27,0.36,65
POS,0.54,-0.26,0.36,74
POS,0.52,-0.27,0.36,67
POS,0.51,-0.29,0.34,68
POS,0.53,-0.27,0.37,76
POS,0.52,-0.28,0.36,68
POS,0.53,-0.28,0.36,72
POS,0.53,-0.26,0.37,70
POS,0.52,-0.24,0.38,69
POS,0.55,-0.24,0.39,77
POS,0.54,-0.25,0.38,71
POS,0.55,-0.26,0.37,71
POS,0.55,-0.24,0.40,79
POS,0.53,-0.25,0.39,67
POS,0.56,-0.24,0.39,79
POS,0.57,-0.26,0.37,74
POS,0.57,-0.26,0.37,74
POS,0.57,-0.28,0.36,74
POS,0.56,-0.28,0.36,70
POS,0.55,-0.29,0.33,67
POS,0.52,-0.31,0.31,65
POS,0.52,-0.31,0.32,71
POS,0.54,-0.31,0.32,73
POS,0.52,-0.32,0.33,71
POS,0.52,-0.31,0.34,71
POS,0.52,-0.29,0.36,72
POS,0.52,-0.30,0.36,73
POS,0.53,-0.28,0.37,73
POS,0.53,-0.29,0.37,76
POS,0.52,-0.27,0.38,67
POS,0.56,-0.28,0.37,79
POS,0.53,-0.26,0.38,66
POS,0.52,-0.25,0.39,73
POS,0.52,-0.25,0.40,72
POS,0.57,-0.25,0.38,79
POS,0.58,-0.26,0.36,73
POS,0.58,-0.26,0.35,71
POS,0.56,-0.27,0.36,73
POS,0.55,-0.26,0.36,70
POS,0.55,-0.26,0.36,69
POS,0.55,-0.27,0.36,72
POS,0.52,-0.12,0.34,64
POS,0.51,-0.16,0.34,66
POS,0.53,-0.18,0.34,72
POS,0.54,-0.21,0.34,75
POS,0.56,-0.24,0.34,76
POS,0.55,-0.26,0.34,72
POS,0.56,-0.27,0.34,74
POS,0.53,-0.28,0.35,71
POS,0.55,-0.29,0.33,72
POS,0.56,-0.28,0.37,82
POS,0.53,-0.29,0.37,69
POS,0.52,-0.30,0.38,76
POS,0.51,-0.30,0.38,71
POS,0.50,-0.32,0.36,70
POS,0.52,-0.31,0.35,73
POS,0.54,-0.30,0.37,76
POS,0.53,-0.27,0.39,74
POS,0.53,-0.26,0.38,68
POS,0.52,-0.26,0.38,71
POS,0.53,-0.25,0.38,70
POS,0.54,-0.28,0.38,75
POS,0.52,-0.27,0.38,70
POS,0.53,-0.28,0.38,76
POS,0.53,-0.27,0.38,72
POS,0.54,-0.26,0.40,75
POS,0.56,-0.27,0.39,77
POS,0.56,-0.26,0.40,75
POS,0.57,-0.26,0.38,74
POS,0.60,-0.26,0.39,80
POS,0.61,-0.24,0.41,81
POS,0.60,-0.26,0.38,72
POS,0.57,-0.28,0.37,68
POS,0.54,-0.29,0.36,69
POS,0.56,-0.28,0.36,76
POS,0.55,-0.28,0.36,71
POS,0.55,-0.28,0.36,70
POS,0.56,-0.28,0.36,74
POS,0.54,-0.27,0.37,70
POS,0.54,-0.28,0.37,73
POS,0.52,-0.30,0.36,70
POS,0.53,-0.27,0.37,71
POS,0.52,-0.27,0.37,69
POS,0.52,-0.28,0.38,75
POS,0.53,-0.24,0.39,72
POS,0.58,-0.23,0.37,77
POS,0.54,-0.25,0.36,68
POS,0.51,-0.26,0.36,67
POS,0.49,-0.26,0.36,66
POS,0.51,-0.24,0.39,79
POS,0.42,-0.15,0.33,79
POS,0.47,-0.15,0.35,89
POS,0.49,-0.16,0.36,70
POS,0.51,-0.17,0.37,72
POS,0.53,-0.17,0.37,72
POS,0.56,-0.19,0.37,76
POS,0.58,-0.19,0.37,74
POS,0.56,-0.19,0.38,69
POS,0.53,-0.07,0.37,66
POS,0.54,-0.11,0.38,74
POS,0.56,-0.15,0.38,75
POS,0.51,-0.19,0.37,68
POS,0.43,-0.21,0.37,78
POS,0.46,-0.23,0.37,73
POS,0.47,-0.22,0.38,68
POS,0.48,-0.23,0.38,69
POS,0.49,-0.25,0.38,76
POS,0.48,-0.28,0.36,67
POS,0.47,-0.28,0.35,65
POS,0.49,-0.28,0.36,73
POS,0.54,-0.28,0.35,80
POS,0.55,-0.29,0.35,74
POS,0.55,-0.28,0.35,71
POS,0.55,-0.29,0.34,68
POS,0.55,-0.30,0.34,74
POS,0.55,-0.27,0.36,71
POS,0.52,-0.29,0.34,67
POS,0.53,-0.28,0.35,70
POS,0.51,-0.29,0.34,70
POS,0.52,-0.29,0.36,73
POS,0.52,-0.28,0.37,73
POS,0.50,-0.29,0.34,63
POS,0.49,-0.28,0.36,69
POS,0.49,-0.29,0.35,70
POS,0.50,-0.29,0.34,68
POS,0.49,-0.14,0.31,57
POS,0.52,-0.18,0.32,78
POS,0.53,-0.20,0.34,72
POS,0.53,-0.21,0.35,72
POS,0.57,-0.21,0.36,80
POS,0.56,-0.22,0.36,70
POS,0.54,-0.24,0.37,72
POS,0.53,-0.24,0.38,71
POS,0.54,-0.26,0.38,76
POS,0.50,-0.13,0.35,59
POS,0.54,-0.15,0.36,78
POS,0.52,-0.19,0.35,63
POS,0.53,-0.20,0.36,73
POS,0.53,-0.25,0.35,75
POS,0.51,-0.26,0.34,67
POS,0.53,-0.27,0.34,74
POS,0.52,-0.26,0.35,68
POS,0.51,-0.27,0.35,67
POS,0.49,-0.28,0.36,70
POS,0.53,-0.27,0.36,76
POS,0.51,-0.28,0.34,66
POS,0.51,-0.29,0.35,71
POS,0.50,-0.29,0.37,74
POS,0.49,-0.30,0.34,62
POS,0.49,-0.28,0.35,68
POS,0.50,-0.29,0.36,74
POS,0.52,-0.28,0.36,72
POS,0.54,-0.24,0.36,72
POS,0.54,-0.25,0.36,69
POS,0.55,-0.24,0.36,72
POS,0.55,-0.25,0.37,73
POS,0.56,-0.25,0.39,77
POS,0.56,-0.25,0.38,72
POS,0.57,-0.25,0.37,70
POS,0.56,-0.25,0.37,69
POS,0.55,-0.25,0.38,72
POS,0.55,-0.26,0.36,67
POS,0.57,-0.24,0.36,76
POS,0.57,-0.25,0.36,72
POS,0.56,-0.25,0.37,70
POS,0.56,-0.23,0.39,73
POS,0.56,-0.25,0.39,76
POS,0.53,-0.25,0.39,70
POS,0.53,-0.26,0.38,70
POS,0.53,-0.27,0.37,71
POS,0.52,-0.29,0.35,70
POS,0.56,-0.29,0.36,79
POS,0.57,-0.27,0.36,72
POS,0.59,-0.26,0.35,74
POS,0.57,-0.27,0.34,67
POS,0.57,-0.29,0.34,75
POS,0.57,-0.28,0.35,72
POS,0.55,-0.28,0.36,72
POS,0.57,-0.28,0.36,76
POS,0.59,-0.28,0.36,79
POS,0.58,-0.29,0.36,73
POS,0.59,-0.28,0.34,72
POS,0.58,-0.28,0.34,68
POS,0.58,-0.28,0.34,73
POS,0.58,-0.30,0.33,74
POS,0.57,-0.30,0.34,72
POS,0.53,-0.28,0.35,68
POS,0.54,-0.27,0.36,71
POS,0.53,-0.26,0.38,73
POS,0.54,-0.27,0.37,73
POS,0.56,-0.28,0.35,73
POS,0.54,-0.29,0.35,70
POS,0.54,-0.29,0.35,72
POS,0.54,-0.27,0.35,66
POS,0.55,-0.27,0.35,72
POS,0.56,-0.25,0.36,73
POS,0.58,-0.25,0.36,76
POS,0.58,-0.26,0.35,72
POS,0.58,-0.25,0.36,73
POS,0.57,-0.24,0.35,67
POS,0.60,-0.24,0.34,74
POS,0.59,-0.22,0.35,69
POS,0.58,-0.23,0.35,72
POS,0.57,-0.24,0.36,72
POS,0.58,-0.24,0.36,76
POS,0.60,-0.26,0.35,76
POS,0.59,-0.27,0.35,74
POS,0.57,-0.28,0.35,72
POS,0.56,-0.26,0.36,67
POS,0.55,-0.27,0.36,70
POS,0.53,-0.27,0.36,70
POS,0.53,-0.28,0.36,72
POS,0.53,-0.28,0.37,73
POS,0.55,-0.27,0.36,73
POS,0.53,-0.28,0.37,74
POS,0.53,-0.28,0.37,72
POS,0.53,-0.27,0.37,69
POS,0.52,-0.27,0.38,72
POS,0.53,-0.28,0.38,74
POS,0.53,-0.29,0.37,73
POS,0.53,-0.27,0.37,69
POS,0.52,-0.28,0.36,68
POS,0.59,-0.28,0.38,87
POS,0.59,-0.27,0.37,73
POS,0.57,-0.28,0.36,66
POS,0.57,-0.29,0.34,76
POS,0.55,-0.29,0.35,70
POS,0.54,-0.28,0.36,72
POS,0.53,-0.28,0.37,72
POS,0.53,-0.30,0.36,72
POS,0.52,-0.29,0.36,70
POS,0.54,-0.28,0.36,72
POS,0.50,-0.30,0.35,70
POS,0.55,-0.27,0.36,80
POS,0.47,-0.18,0.34,80
POS,0.51,-0.19,0.34,71
POS,0.51,-0.24,0.34,75
POS,0.50,-0.26,0.34,72
POS,0.51,-0.26,0.35,69
POS,0.51,-0.27,0.38,77
POS,0.48,-0.29,0.37,73
POS,0.48,-0.28,0.37,70
POS,0.50,-0.29,0.37,72
POS,0.50,-0.27,0.40,79
POS,0.51,-0.28,0.40,75
POS,0.61,-0.27,0.41,91
POS,0.60,-0.25,0.41,71
POS,0.60,-0.25,0.41,76
POS,0.61,-0.23,0.41,76
POS,0.61,-0.23,0.40,75
POS,0.62,-0.22,0.39,75
POS,0.62,-0.21,0.39,73
POS,0.60,-0.22,0.38,70
POS,0.56,-0.24,0.36,65
POS,0.56,-0.24,0.36,70
POS,0.56,-0.23,0.37,71
POS,0.55,-0.24,0.38,74
POS,0.54,-0.26,0.37,70
POS,0.52,-0.26,0.36,65
POS,0.52,-0.27,0.38,75
POS,0.52,-0.27,0.38,72
POS,0.53,-0.28,0.38,77
POS,0.55,-0.26,0.39,75
POS,0.53,-0.26,0.40,74
POS,0.54,-0.28,0.39,75
POS,0.54,-0.28,0.40,74
POS,0.54,-0.28,0.39,73
POS,0.55,-0.27,0.38,72
POS,0.54,-0.27,0.39,71
POS,0.54,-0.26,0.39,75
POS,0.52,-0.28,0.37,67
POS,0.51,-0.29,0.37,72
POS,0.50,-0.29,0.37,68
POS,0.52,-0.28,0.39,78
POS,0.51,-0.27,0.38,65
POS,0.50,-0.27,0.37,68
POS,0.50,-0.28,0.37,72
POS,0.52,-0.26,0.39,75
POS,0.53,-0.27,0.38,72
POS,0.53,-0.28,0.36,70
POS,0.53,-0.28,0.36,70
POS,0.53,-0.30,0.36,75
POS,0.52,-0.31,0.37,74
POS,0.55,-0.29,0.37,77
POS,0.56,-0.28,0.36,70
POS,0.55,-0.27,0.37,70
POS,0.53,-0.28,0.37,70
POS,0.52,-0.28,0.37,72
POS,0.50,-0.29,0.38,72
POS,0.53,-0.28,0.38,75
POS,0.54,-0.28,0.36,72
POS,0.54,-0.28,0.35,65
POS,0.57,-0.26,0.35,76
POS,0.57,-0.27,0.34,69
POS,0.57,-0.27,0.35,75
POS,0.52,-0.25,0.35,63
POS,0.51,-0.25,0.36,70
POS,0.50,-0.26,0.34,60
POS,0.52,-0.27,0.35,76
POS,0.52,-0.28,0.36,72
POS,0.53,-0.26,0.36,68
POS,0.52,-0.25,0.37,72
POS,0.52,-0.25,0.38,72
POS,0.51,-0.27,0.37,70
POS,0.53,-0.27,0.36,70
POS,0.55,-0.26,0.36,74
POS,0.55,-0.26,0.37,74
POS,0.55,-0.26,0.38,73
POS,0.51,-0.27,0.38,71
POS,0.53,-0.27,0.37,71
POS,0.54,-0.28,0.36,75
POS,0.52,-0.29,0.35,67
POS,0.53,-0.28,0.36,72
POS,0.56,-0.27,0.35,75
POS,0.57,-0.27,0.34,72
POS,0.58,-0.28,0.33,75
POS,0.58,-0.27,0.33,69
POS,0.55,-0.29,0.33,66
POS,0.52,-0.30,0.31,64
POS,0.54,-0.29,0.32,74
POS,0.53,-0.30,0.33,72
POS,0.54,-0.30,0.33,72
POS,0.54,-0.30,0.33,70
POS,0.53,-0.30,0.33,68
POS,0.54,-0.31,0.32,74
POS,0.53,-0.29,0.35,73
POS,0.54,-0.31,0.34,75
POS,0.54,-0.32,0.34,75
POS,0.52,-0.32,0.34,69
POS,0.52,-0.32,0.33,66
POS,0.52,-0.30,0.33,67
POS,0.53,-0.30,0.32,69
POS,0.54,-0.29,0.33,71
POS,0.56,-0.28,0.33,74
POS,0.55,-0.29,0.32,69
POS,0.56,-0.29,0.33,72
POS,0.58,-0.28,0.32,73
POS,0.58,-0.27,0.32,69
POS,0.57,-0.27,0.33,70
POS,0.58,-0.28,0.32,74
POS,0.58,-0.29,0.33,74
POS,0.57,-0.28,0.33,66
POS,0.56,-0.27,0.34,68
POS,0.55,-0.26,0.34,69
POS,0.56,-0.26,0.34,71
POS,0.57,-0.27,0.34,72
POS,0.56,-0.27,0.34,70
POS,0.53,-0.27,0.36,73
POS,0.53,-0.28,0.35,72
POS,0.52,-0.28,0.36,71
POS,0.52,-0.28,0.36,70
POS,0.56,-0.27,0.37,79
POS,0.55,-0.27,0.37,71
POS,0.56,-0.27,0.36,74
POS,0.55,-0.28,0.36,73
POS,0.53,-0.29,0.36,70
POS,0.50,-0.31,0.34,65
POS,0.50,-0.31,0.35,74
POS,0.49,-0.30,0.36,69
POS,0.52,-0.29,0.35,71
POS,0.53,-0.29,0.33,70
POS,0.50,-0.30,0.33,65
POS,0.48,-0.31,0.31,65
POS,0.46,-0.32,0.31,68
POS,0.45,-0.31,0.31,65
POS,0.44,-0.32,0.31,67
POS,0.43,-0.32,0.30,64
POS,0.43,-0.29,0.33,69
POS,0.46,-0.30,0.33,72
POS,0.48,-0.30,0.34,74
POS,0.48,-0.31,0.33,67
POS,0.48,-0.31,0.34,71
POS,0.45,-0.31,0.34,68
POS,0.48,-0.32,0.32,69
POS,0.50,-0.30,0.34,74
POS,0.49,-0.31,0.33,66
POS,0.48,-0.32,0.32,67
POS,0.51,-0.30,0.33,74
POS,0.55,-0.28,0.33,75
POS,0.53,-0.29,0.33,68
POS,0.55,-0.28,0.33,72
POS,0.52,-0.29,0.33,70
POS,0.53,-0.28,0.33,69
POS,0.52,-0.29,0.32,66
POS,0.50,-0.30,0.32,66
POS,0.53,-0.28,0.32,73
POS,0.50,-0.28,0.33,67
POS,0.50,-0.27,0.36,75
POS,0.48,-0.28,0.36,68
POS,0.49,-0.27,0.36,70
POS,0.51,-0.27,0.37,75
POS,0.55,-0.26,0.37,79
POS,0.55,-0.27,0.36,70
POS,0.55,-0.27,0.36,72
POS,0.55,-0.28,0.37,75
POS,0.56,-0.28,0.37,73
POS,0.55,-0.27,0.35,63
POS,0.51,-0.28,0.33,63
POS,0.53,-0.29,0.34,75
POS,0.53,-0.30,0.34,73
POS,0.53,-0.28,0.35,68
POS,0.50,-0.29,0.33,62
POS,0.50,-0.29,0.33,67
POS,0.50,-0.29,0.33,66
POS,0.52,-0.30,0.32,74
POS,0.52,-0.29,0.34,73
POS,0.53,-0.29,0.33,67
POS,0.53,-0.29,0.34,74
POS,0.53,-0.29,0.36,75
POS,0.52,-0.31,0.35,71
POS,0.52,-0.29,0.37,73
POS,0.53,-0.32,0.38,80
POS,0.52,-0.31,0.38,73
POS,0.54,-0.29,0.38,73
POS,0.54,-0.29,0.37,72
POS,0.52,-0.29,0.38,72
POS,0.49,-0.30,0.37,69
POS,0.51,-0.30,0.37,74
POS,0.49,-0.31,0.34,62
POS,0.48,-0.32,0.35,73
POS,0.49,-0.30,0.37,76
POS,0.51,-0.29,0.36,70
POS,0.51,-0.29,0.37,72
POS,0.49,-0.28,0.36,67
POS,0.49,-0.28,0.36,66
POS,0.52,-0.28,0.35,74
POS,0.52,-0.28,0.35,70
POS,0.52,-0.29,0.36,73
POS,0.53,-0.29,0.36,72
POS,0.47,-0.30,0.37,77
POS,0.49,-0.30,0.36,70
POS,0.50,-0.31,0.37,74
POS,0.50,-0.30,0.36,69
POS,0.50,-0.28,0.38,74
POS,0.51,-0.28,0.37,67
POS,0.52,-0.29,0.36,73
POS,0.52,-0.28,0.37,72
POS,0.53,-0.28,0.36,69
POS,0.53,-0.28,0.35,68
POS,0.53,-0.27,0.36,70
POS,0.52,-0.28,0.35,68
POS,0.53,-0.28,0.35,72
POS,0.56,-0.26,0.36,76
POS,0.53,-0.28,0.36,70
POS,0.52,-0.29,0.35,70
POS,0.51,-0.28,0.35,67
POS,0.53,-0.27,0.36,72
POS,0.53,-0.27,0.35,69
POS,0.52,-0.27,0.36,68
POS,0.53,-0.27,0.36,74
POS,0.53,-0.25,0.37,70
POS,0.51,-0.26,0.37,69
POS,0.51,-0.27,0.37,68
POS,0.53,-0.28,0.36,72
POS,0.50,-0.28,0.35,67
POS,0.48,-0.27,0.35,64
POS,0.43,-0.29,0.33,67
POS,0.46,-0.29,0.34,72
POS,0.48,-0.28,0.35,72
POS,0.50,-0.28,0.37,75
POS,0.54,-0.26,0.37,77
POS,0.54,-0.27,0.38,74
POS,0.52,-0.27,0.37,67
POS,0.52,-0.27,0.37,72
POS,0.51,-0.26,0.38,70
POS,0.49,-0.27,0.37,65
POS,0.46,-0.27,0.35,60
POS,0.45,-0.28,0.34,67
POS,0.49,-0.28,0.35,76
POS,0.49,-0.28,0.35,68
POS,0.53,-0.28,0.35,78
POS,0.52,-0.27,0.35,64
POS,0.54,-0.27,0.34,72
POS,0.53,-0.29,0.36,75
POS,0.53,-0.29,0.36,73
POS,0.53,-0.27,0.37,67
POS,0.51,-0.26,0.36,65
POS,0.53,-0.27,0.36,74
POS,0.55,-0.27,0.35,72
POS,0.57,-0.27,0.36,78
POS,0.56,-0.27,0.35,69
POS,0.55,-0.27,0.36,70
POS,0.55,-0.27,0.37,74
POS,0.55,-0.27,0.38,74
POS,0.53,-0.27,0.38,70
POS,0.51,-0.29,0.36,69
POS,0.50,-0.30,0.35,69
POS,0.52,-0.29,0.35,72
POS,0.53,-0.29,0.35,72
POS,0.56,-0.29,0.35,78
POS,0.55,-0.29,0.35,68
POS,0.52,-0.29,0.36,72
POS,0.52,-0.29,0.36,72
POS,0.52,-0.28,0.36,69
POS,0.53,-0.29,0.36,74
POS,0.54,-0.28,0.36,70
POS,0.54,-0.28,0.36,70
POS,0.51,-0.28,0.37,74
POS,0.52,-0.27,0.37,68
POS,0.49,-0.28,0.35,63
POS,0.50,-0.27,0.36,72
POS,0.53,-0.28,0.35,73
POS,0.53,-0.28,0.34,68
POS,0.51,-0.28,0.35,69
POS,0.55,-0.28,0.35,78
POS,0.45,-0.20,0.33,83
POS,0.50,-0.18,0.37,85
POS,0.50,-0.22,0.37,75
POS,0.49,-0.24,0.38,72
POS,0.47,-0.24,0.38,67
POS,0.50,-0.26,0.39,76
POS,0.52,-0.26,0.37,69
POS,0.51,-0.26,0.37,71
POS,0.50,-0.26,0.38,71
POS,0.52,-0.29,0.37,76
POS,0.53,-0.29,0.37,73
POS,0.53,-0.29,0.36,69
POS,0.54,-0.27,0.36,69
POS,0.51,-0.28,0.34,65
POS,0.53,-0.29,0.34,73
POS,0.54,-0.28,0.35,74
POS,0.51,-0.29,0.34,66
POS,0.49,-0.30,0.35,71
POS,0.49,-0.30,0.34,67
POS,0.52,-0.29,0.34,73
POS,0.54,-0.29,0.33,71
POS,0.53,-0.28,0.33,67
POS,0.51,-0.29,0.33,69
POS,0.49,-0.30,0.33,67
POS,0.51,-0.30,0.33,71
POS,0.52,-0.29,0.33,72
POS,0.53,-0.28,0.35,73
POS,0.53,-0.29,0.35,70
POS,0.53,-0.28,0.36,73
POS,0.52,-0.28,0.36,70
POS,0.50,-0.28,0.36,66
POS,0.53,-0.28,0.36,76
POS,0.54,-0.28,0.36,73
POS,0.55,-0.28,0.35,71
POS,0.55,-0.28,0.35,72
POS,0.52,-0.29,0.35,69
POS,0.52,-0.31,0.35,75
POS,0.54,-0.30,0.35,75
POS,0.51,-0.30,0.35,66
POS,0.54,-0.28,0.37,77
POS,0.54,-0.27,0.37,72
POS,0.51,-0.28,0.38,72
POS,0.52,-0.28,0.37,73
POS,0.51,-0.28,0.38,73
POS,0.50,-0.29,0.38,70
POS,0.52,-0.29,0.37,72
POS,0.53,-0.28,0.37,72
POS,0.53,-0.28,0.37,72
POS,0.52,-0.29,0.39,77
POS,0.53,-0.29,0.39,74
POS,0.55,-0.28,0.39,76
POS,0.54,-0.29,0.38,74
POS,0.54,-0.29,0.38,71
POS,0.55,-0.29,0.38,75
POS,0.56,-0.28,0.38,74
POS,0.55,-0.29,0.37,71
POS,0.55,-0.30,0.36,73
POS,0.55,-0.29,0.35,67
POS,0.55,-0.28,0.34,69
POS,0.57,-0.27,0.36,76
POS,0.58,-0.27,0.34,75
POS,0.60,-0.26,0.36,77
POS,0.57,-0.27,0.35,69
POS,0.55,-0.29,0.35,71
POS,0.57,-0.29,0.36,78
POS,0.58,-0.26,0.37,75
POS,0.59,-0.25,0.37,72
POS,0.60,-0.25,0.35,72
POS,0.56,-0.25,0.35,66
POS,0.57,-0.23,0.36,71
POS,0.57,-0.25,0.37,77
POS,0.59,-0.26,0.37,78
POS,0.61,-0.25,0.36,75
POS,0.61,-0.25,0.36,73
POS,0.60,-0.23,0.38,74
POS,0.58,-0.23,0.38,72
POS,0.60,-0.23,0.37,75
POS,0.62,-0.23,0.35,75
POS,0.61,-0.23,0.37,75
POS,0.61,-0.24,0.36,73
POS,0.63,-0.24,0.36,78
POS,0.64,-0.23,0.35,77
POS,0.59,-0.24,0.35,63
POS,0.58,-0.25,0.34,68
POS,0.57,-0.25,0.34,70
POS,0.56,-0.25,0.35,71
POS,0.58,-0.25,0.35,73
POS,0.55,-0.25,0.34,65
POS,0.55,-0.28,0.33,72
POS,0.53,-0.29,0.33,70
POS,0.55,-0.27,0.33,70
POS,0.55,-0.28,0.34,75
POS,0.57,-0.29,0.34,77
POS,0.52,-0.30,0.32,65
POS,0.52,-0.31,0.32,69
POS,0.52,-0.30,0.34,73
POS,0.49,-0.30,0.33,62
POS,0.51,-0.30,0.33,73
POS,0.50,-0.31,0.31,63
POS,0.50,-0.29,0.33,70
POS,0.50,-0.30,0.33,71
POS,0.50,-0.30,0.33,68
POS,0.53,-0.29,0.34,75
POS,0.53,-0.31,0.32,69
POS,0.56,-0.27,0.33,77
POS,0.54,-0.29,0.33,69
POS,0.56,-0.29,0.33,73
POS,0.58,-0.24,0.31,85
POS,0.56,-0.25,0.33,71
POS,0.57,-0.23,0.33,70
POS,0.55,-0.25,0.34,71
POS,0.57,-0.25,0.35,76
POS,0.57,-0.26,0.34,69
POS,0.54,-0.11,0.32,63
POS,0.50,-0.16,0.31,66
POS,0.51,-0.20,0.31,70
POS,0.53,-0.22,0.34,77
POS,0.52,-0.25,0.33,66
POS,0.51,-0.25,0.35,72
POS,0.48,-0.26,0.33,61
POS,0.51,-0.27,0.33,75
POS,0.50,-0.28,0.34,71
POS,0.48,-0.27,0.34,62
POS,0.50,-0.29,0.17,92
POS,0.47,-0.30,0.20,63
POS,0.48,-0.28,0.25,71
POS,0.47,-0.26,0.30,70
POS,0.48,-0.28,0.29,67
POS,0.51,-0.28,0.31,75
POS,0.51,-0.27,0.33,70
POS,0.54,-0.27,0.35,76
POS,0.54,-0.29,0.35,75
POS,0.52,-0.29,0.35,68
POS,0.51,-0.30,0.35,70
POS,0.51,-0.30,0.35,71
POS,0.53,-0.29,0.35,73
POS,0.55,-0.27,0.37,75
POS,0.55,-0.25,0.37,69
POS,0.58,-0.26,0.36,78
POS,0.59,-0.24,0.36,72
POS,0.60,-0.23,0.36,73
POS,0.58,-0.22,0.36,67
POS,0.58,-0.24,0.36,73
POS,0.58,-0.25,0.36,76
POS,0.56,-0.24,0.38,72
POS,0.55,-0.25,0.36,67
POS,0.54,-0.27,0.35,70
POS,0.51,-0.30,0.33,69
POS,0.50,-0.29,0.34,67
POS,0.50,-0.28,0.35,68
POS,0.51,-0.28,0.34,69
POS,0.50,-0.29,0.33,65
POS,0.52,-0.28,0.33,70
POS,0.54,-0.27,0.34,76
POS,0.54,-0.28,0.35,72
POS,0.57,-0.26,0.35,75
POS,0.56,-0.27,0.35,69
POS,0.56,-0.28,0.35,74
POS,0.56,-0.28,0.35,73
POS,0.55,-0.29,0.35,72
POS,0.57,-0.28,0.35,74
POS,0.66,-0.32,0.40,97
POS,0.62,-0.31,0.38,68
POS,0.59,-0.29,0.39,69
POS,0.59,-0.28,0.38,72
POS,0.58,-0.27,0.39,73
POS,0.59,-0.25,0.38,75
POS,0.55,-0.26,0.36,64
POS,0.57,-0.27,0.36,75
POS,0.56,-0.27,0.36,70
POS,0.54,-0.27,0.37,72
POS,0.56,-0.27,0.37,76
POS,0.56,-0.26,0.36,69
POS,0.54,-0.27,0.35,67
POS,0.54,-0.28,0.35,69
POS,0.55,-0.28,0.35,75
POS,0.53,-0.27,0.38,73
POS,0.51,-0.27,0.36,64
POS,0.52,-0.26,0.37,70
POS,0.55,-0.25,0.37,77
POS,0.56,-0.26,0.36,71
POS,0.57,-0.24,0.36,72
POS,0.57,-0.25,0.36,71
POS,0.55,-0.25,0.36,69
POS,0.56,-0.24,0.37,73
POS,0.57,-0.24,0.36,72
POS,0.57,-0.25,0.38,76
POS,0.56,-0.26,0.38,73
POS,0.56,-0.26,0.38,70
POS,0.54,-0.25,0.38,68
POS,0.56,-0.23,0.37,71
POS,0.56,-0.24,0.37,71
POS,0.54,-0.26,0.36,70
POS,0.55,-0.27,0.36,74
POS,0.57,-0.25,0.37,73
POS,0.56,-0.26,0.37,73
POS,0.54,-0.28,0.37,73
POS,0.58,-0.26,0.38,80
POS,0.55,-0.27,0.36,66
POS,0.55,-0.27,0.36,70
POS,0.53,-0.29,0.36,72
POS,0.53,-0.28,0.37,72
POS,0.56,-0.27,0.37,75
POS,0.56,-0.28,0.36,72
POS,0.56,-0.28,0.36,73
POS,0.57,-0.28,0.35,72
POS,0.59,-0.27,0.36,77
POS,0.58,-0.27,0.36,73
POS,0.56,-0.26,0.36,65
POS,0.54,-0.27,0.36,71
POS,0.52,-0.29,0.36,72
POS,0.52,-0.28,0.37,72
POS,0.53,-0.30,0.36,75
POS,0.55,-0.28,0.37,75
POS,0.58,-0.27,0.37,79
POS,0.55,-0.28,0.36,66
POS,0.52,-0.28,0.35,65
POS,0.53,-0.28,0.36,73
POS,0.55,-0.27,0.36,75
POS,0.54,-0.27,0.37,74
POS,0.55,-0.29,0.37,76
POS,0.52,-0.29,0.37,70
POS,0.54,-0.29,0.36,73
POS,0.53,-0.28,0.38,73
POS,0.55,-0.29,0.37,74
POS,0.54,-0.27,0.36,66
POS,0.54,-0.27,0.37,74
POS,0.55,-0.28,0.36,71
POS,0.54,-0.27,0.38,74
POS,0.54,-0.27,0.38,71
POS,0.54,-0.26,0.38,72
POS,0.53,-0.27,0.37,68
POS,0.53,-0.27,0.37,71
POS,0.53,-0.27,0.36,67
POS,0.55,-0.27,0.37,77
POS,0.55,-0.28,0.37,75
POS,0.56,-0.27,0.37,72
POS,0.57,-0.26,0.38,76
POS,0.55,-0.27,0.39,74
POS,0.54,-0.27,0.38,69
POS,0.52,-0.30,0.38,77
POS,0.51,-0.30,0.37,65
POS,0.51,-0.29,0.38,74
POS,0.50,-0.28,0.37,65
POS,0.52,-0.30,0.37,75
POS,0.53,-0.28,0.37,72
POS,0.52,-0.30,0.36,72
POS,0.52,-0.29,0.37,72
POS,0.53,-0.27,0.37,69
POS,0.51,-0.28,0.36,69
POS,0.51,-0.28,0.36,70
POS,0.52,-0.29,0.36,73
POS,0.51,-0.30,0.35,69
POS,0.50,-0.30,0.35,71
POS,0.53,-0.29,0.35,72
POS,0.49,-0.30,0.34,69
POS,0.49,-0.30,0.33,66
POS,0.47,-0.31,0.33,68
POS,0.47,-0.32,0.32,68
POS,0.49,-0.31,0.34,74
POS,0.51,-0.29,0.34,69
POS,0.52,-0.30,0.34,74
POS,0.53,-0.31,0.34,74
POS,0.54,-0.30,0.34,71
POS,0.53,-0.30,0.35,72
POS,0.52,-0.31,0.36,74
POS,0.54,-0.31,0.35,76
POS,0.54,-0.31,0.35,71
POS,0.54,-0.31,0.35,71
POS,0.52,-0.31,0.34,66
POS,0.52,-0.32,0.33,71
POS,0.55,-0.30,0.35,76
POS,0.56,-0.30,0.34,75
POS,0.58,-0.30,0.35,78
POS,0.57,-0.29,0.35,73
POS,0.55,-0.30,0.36,72
POS,0.52,-0.31,0.36,72
POS,0.52,-0.31,0.36,70
POS,0.50,-0.31,0.35,67
POS,0.49,-0.32,0.34,69
POS,0.48,-0.32,0.35,72
POS,0.49,-0.31,0.37,75
POS,0.49,-0.30,0.38,73
POS,0.49,-0.31,0.36,71
POS,0.47,-0.31,0.37,72
POS,0.48,-0.30,0.37,70
POS,0.50,-0.29,0.37,71
POS,0.51,-0.29,0.37,74
POS,0.51,-0.28,0.38,73
POS,0.54,-0.28,0.38,76
POS,0.53,-0.29,0.38,73
POS,0.54,-0.29,0.37,73
POS,0.53,-0.30,0.37,70
POS,0.53,-0.30,0.37,74
POS,0.53,-0.30,0.37,74
POS,0.51,-0.32,0.36,70
POS,0.50,-0.31,0.35,66
POS,0.52,-0.31,0.35,74
POS,0.51,-0.32,0.34,67
POS,0.52,-0.32,0.33,72
POS,0.52,-0.32,0.32,67
POS,0.56,-0.32,0.32,80
POS,0.56,-0.31,0.31,69
POS,0.55,-0.31,0.32,70
POS,0.52,-0.31,0.32,65
POS,0.50,-0.32,0.32,71
POS,0.53,-0.28,0.36,79
POS,0.48,-0.29,0.35,67
POS,0.51,-0.28,0.36,75
POS,0.52,-0.28,0.36,72
POS,0.51,-0.28,0.35,67
POS,0.52,-0.29,0.35,72
POS,0.52,-0.28,0.35,70
POS,0.53,-0.30,0.35,73
POS,0.52,-0.30,0.34,70
POS,0.53,-0.30,0.35,73
POS,0.52,-0.30,0.36,72
POS,0.53,-0.29,0.38,78
POS,0.53,-0.28,0.39,71
POS,0.53,-0.28,0.38,71
POS,0.51,-0.29,0.36,68
POS,0.49,-0.30,0.34,64
POS,0.50,-0.30,0.35,72
POS,0.51,-0.29,0.36,73
POS,0.53,-0.27,0.37,72
POS,0.52,-0.28,0.36,71
POS,0.54,-0.28,0.36,74
POS,0.51,-0.29,0.35,68
POS,0.50,-0.29,0.35,67
POS,0.51,-0.30,0.34,71
POS,0.47,-0.30,0.35,69
POS,0.52,-0.29,0.35,78
POS,0.50,-0.29,0.35,68
POS,0.51,-0.28,0.37,74
POS,0.51,-0.28,0.37,72
POS,0.49,-0.29,0.37,69
POS,0.46,-0.29,0.35,65
POS,0.48,-0.29,0.36,74
POS,0.53,-0.28,0.35,75
POS,0.51,-0.29,0.33,65
POS,0.51,-0.29,0.32,66
POS,0.53,-0.30,0.33,75
POS,0.55,-0.31,0.33,77
POS,0.55,-0.30,0.37,78
POS,0.53,-0.30,0.38,75
POS,0.54,-0.30,0.39,76
POS,0.51,-0.30,0.37,68
POS,0.49,-0.31,0.36,69
POS,0.48,-0.32,0.35,68
POS,0.49,-0.31,0.36,71
POS,0.49,-0.30,0.37,74
POS,0.48,-0.31,0.36,70
POS,0.47,-0.30,0.36,66
POS,0.51,-0.28,0.37,77
POS,0.51,-0.28,0.37,72
POS,0.50,-0.29,0.36,67
POS,0.55,-0.29,0.37,81
POS,0.51,-0.30,0.36,69
POS,0.52,-0.29,0.37,74
POS,0.51,-0.31,0.36,72
POS,0.48,-0.31,0.36,66
POS,0.53,-0.31,0.35,79
POS,0.49,-0.16,0.35,67
POS,0.53,-0.17,0.35,78
POS,0.53,-0.06,0.33,62
POS,0.52,-0.10,0.34,69
POS,0.52,-0.15,0.35,71
POS,0.55,-0.16,0.36,75
POS,0.57,-0.18,0.37,79
POS,0.53,-0.22,0.35,62
POS,0.55,-0.22,0.35,76
POS,0.54,-0.23,0.36,71
POS,0.55,-0.24,0.36,72
POS,0.56,-0.25,0.36,74
POS,0.55,-0.26,0.35,67
POS,0.55,-0.28,0.35,74
POS,0.56,-0.29,0.35,74
POS,0.58,-0.27,0.35,74
POS,0.54,-0.28,0.34,66
POS,0.54,-0.28,0.35,70
POS,0.55,-0.28,0.36,75
POS,0.57,-0.24,0.36,75
POS,0.57,-0.24,0.37,74
POS,0.60,-0.23,0.37,79
POS,0.60,-0.24,0.36,73
POS,0.60,-0.24,0.37,74
POS,0.59,-0.25,0.37,74
POS,0.59,-0.25,0.36,72
POS,0.58,-0.25,0.37,74
POS,0.54,-0.27,0.37,72
POS,0.57,-0.28,0.37,78
POS,0.53,-0.28,0.36,66
POS,0.52,-0.29,0.35,68
POS,0.55,-0.28,0.35,77
POS,0.52,-0.29,0.33,63
POS,0.53,-0.29,0.33,70
POS,0.53,-0.29,0.34,71
POS,0.55,-0.27,0.35,72
POS,0.55,-0.27,0.36,73
POS,0.55,-0.25,0.37,72
POS,0.55,-0.25,0.37,73
POS,0.56,-0.25,0.38,74
POS,0.54,-0.25,0.39,72
POS,0.55,-0.25,0.39,74
POS,0.52,-0.27,0.39,72
POS,0.53,-0.25,0.38,69
POS,0.50,-0.27,0.35,60
POS,0.50,-0.27,0.36,70
POS,0.51,-0.27,0.35,71
POS,0.52,-0.28,0.35,73
POS,0.54,-0.28,0.36,75
POS,0.55,-0.28,0.36,75
POS,0.52,-0.30,0.36,70
POS,0.49,-0.31,0.34,66
POS,0.53,-0.27,0.36,76
POS,0.49,-0.13,0.34,62
POS,0.52,-0.17,0.34,76
POS,0.55,-0.19,0.36,77
POS,0.54,-0.23,0.35,71
POS,0.52,-0.25,0.35,70
POS,0.55,-0.24,0.36,76
POS,0.53,-0.25,0.36,68
POS,0.56,-0.25,0.37,78
POS,0.55,-0.26,0.36,70
POS,0.57,-0.25,0.36,73
POS,0.55,-0.26,0.36,69
POS,0.54,-0.27,0.37,74
POS,0.53,-0.27,0.38,73
POS,0.51,-0.28,0.37,67
POS,0.51,-0.28,0.38,74
POS,0.52,-0.14,0.35,66
POS,0.53,-0.18,0.36,76
POS,0.53,-0.19,0.37,69
POS,0.54,-0.20,0.38,74
POS,0.52,-0.23,0.37,70
POS,0.54,-0.24,0.37,73
POS,0.52,-0.26,0.37,72
POS,0.52,-0.27,0.38,75
POS,0.54,-0.28,0.38,77
POS,0.52,-0.29,0.37,70
POS,0.53,-0.29,0.38,76
POS,0.52,-0.28,0.38,68
POS,0.48,-0.28,0.39,72
POS,0.53,-0.27,0.39,80
POS,0.56,-0.27,0.39,77
POS,0.57,-0.27,0.38,75
POS,0.59,-0.27,0.37,76
POS,0.53,-0.27,0.36,63
POS,0.54,-0.28,0.36,75
POS,0.51,-0.28,0.35,65
POS,0.55,-0.26,0.35,77
POS,0.55,-0.25,0.37,73
POS,0.55,-0.25,0.38,72
POS,0.57,-0.25,0.38,76
POS,0.58,-0.25,0.38,77
POS,0.58,-0.25,0.37,72
POS,0.58,-0.25,0.38,73
POS,0.58,-0.25,0.39,75
POS,0.57,-0.23,0.39,69
POS,0.57,-0.24,0.38,71
POS,0.55,-0.25,0.37,67
POS,0.55,-0.25,0.37,72
POS,0.54,-0.26,0.37,71
POS,0.53,-0.28,0.37,73
POS,0.54,-0.28,0.36,73
POS,0.54,-0.28,0.36,68
POS,0.56,-0.28,0.35,76
POS,0.56,-0.29,0.35,74
POS,0.56,-0.29,0.35,73
POS,0.58,-0.27,0.36,75
POS,0.55,-0.27,0.37,70
POS,0.56,-0.27,0.37,76
POS,0.56,-0.27,0.37,71
POS,0.57,-0.27,0.36,74
POS,0.58,-0.26,0.36,73
POS,0.58,-0.25,0.37,73
POS,0.58,-0.26,0.37,73
POS,0.55,-0.28,0.35,69
POS,0.51,-0.27,0.36,66
POS,0.49,-0.29,0.33,64
POS,0.50,-0.28,0.34,69
POS,0.50,-0.28,0.35,73
POS,0.53,-0.28,0.35,77
POS,0.52,-0.29,0.36,73
POS,0.51,-0.27,0.37,70
POS,0.53,-0.27,0.38,76
POS,0.51,-0.28,0.39,73
POS,0.52,-0.30,0.38,74
POS,0.51,-0.28,0.39,71
POS,0.52,-0.28,0.39,73
POS,0.52,-0.29,0.39,75
POS,0.52,-0.29,0.39,73
POS,0.55,-0.27,0.39,76
POS,0.52,-0.29,0.38,70
POS,0.49,-0.30,0.36,64
POS,0.50,-0.29,0.35,70
POS,0.49,-0.30,0.35,67
POS,0.49,-0.29,0.36,73
POS,0.54,-0.27,0.37,80
POS,0.55,-0.27,0.38,73
POS,0.55,-0.27,0.38,73
POS,0.57,-0.28,0.36,77
POS,0.56,-0.27,0.36,70
POS,0.58,-0.26,0.37,76
POS,0.58,-0.25,0.38,76
POS,0.57,-0.26,0.38,72
POS,0.57,-0.26,0.37,70
POS,0.57,-0.26,0.37,71
POS,0.57,-0.27,0.35,71
POS,0.57,-0.27,0.35,70
POS,0.56,-0.26,0.35,69
POS,0.57,-0.26,0.35,74
POS,0.59,-0.27,0.36,77
POS,0.58,-0.27,0.35,71
POS,0.61,-0.26,0.35,79
POS,0.62,-0.24,0.35,76
POS,0.60,-0.26,0.36,73
POS,0.60,-0.25,0.36,72
POS,0.57,-0.26,0.37,72
POS,0.56,-0.27,0.37,74
POS,0.57,-0.29,0.36,77
POS,0.57,-0.28,0.37,71
POS,0.54,-0.31,0.34,69
POS,0.52,-0.31,0.34,71
POS,0.53,-0.29,0.35,71
POS,0.52,-0.29,0.36,73
POS,0.51,-0.30,0.36,69
POS,0.51,-0.29,0.35,67
POS,0.48,-0.30,0.34,66
POS,0.50,-0.30,0.35,76
POS,0.50,-0.29,0.36,70
POS,0.49,-0.28,0.37,69
POS,0.51,-0.27,0.38,74
POS,0.52,-0.27,0.37,71
POS,0.54,-0.26,0.37,75
POS,0.55,-0.26,0.39,77
POS,0.53,-0.27,0.38,68
POS,0.53,-0.27,0.37,70
POS,0.55,-0.27,0.36,74
POS,0.53,-0.27,0.36,69
POS,0.51,-0.28,0.35,66
POS,0.50,-0.29,0.35,70
POS,0.51,-0.28,0.36,70
POS,0.51,-0.29,0.35,71
POS,0.53,-0.29,0.36,76
POS,0.55,-0.30,0.36,77
POS,0.57,-0.28,0.36,76
POS,0.54,-0.28,0.35,64
POS,0.52,-0.29,0.35,68
POS,0.49,-0.29,0.34,63
POS,0.49,-0.30,0.34,71
POS,0.49,-0.29,0.34,68
POS,0.51,-0.29,0.36,76
POS,0.48,-0.28,0.36,64
POS,0.47,-0.30,0.35,70
POS,0.45,-0.30,0.33,62
POS,0.49,-0.31,0.33,75
POS,0.51,-0.29,0.34,71
POS,0.51,-0.29,0.34,69
POS,0.52,-0.28,0.36,72
POS,0.50,-0.27,0.36,68
POS,0.51,-0.26,0.37,71
POS,0.56,-0.25,0.37,81
POS,0.53,-0.26,0.37,68
POS,0.54,-0.25,0.37,72
POS,0.57,-0.26,0.36,77
POS,0.55,-0.28,0.35,69
POS,0.51,-0.29,0.35,69
POS,0.53,-0.25,0.36,71
POS,0.55,-0.27,0.35,76
POS,0.56,-0.26,0.35,71
POS,0.54,-0.28,0.35,70
POS,0.51,-0.29,0.33,66
POS,0.53,-0.28,0.35,74
POS,0.51,-0.13,0.33,62
POS,0.50,-0.17,0.35,73
POS,0.52,-0.20,0.35,75
POS,0.50,-0.22,0.35,66
POS,0.49,-0.24,0.37,75
POS,0.48,-0.26,0.37,70
POS,0.50,-0.26,0.37,74
POS,0.48,-0.28,0.35,67
POS,0.51,-0.27,0.37,76
POS,0.49,-0.28,0.37,72
POS,0.53,-0.29,0.37,78
POS,0.52,-0.29,0.37,72
POS,0.51,-0.28,0.38,71
POS,0.52,-0.28,0.38,73
POS,0.52,-0.28,0.38,71
POS,0.50,-0.29,0.37,69
POS,0.51,-0.29,0.38,74
POS,0.49,-0.29,0.36,64
POS,0.48,-0.30,0.33,62
POS,0.51,-0.29,0.35,78
POS,0.53,-0.29,0.35,73
POS,0.53,-0.28,0.36,72
POS,0.50,-0.29,0.36,66
POS,0.48,-0.30,0.35,69
POS,0.50,-0.29,0.35,73
POS,0.50,-0.29,0.36,70
POS,0.52,-0.27,0.36,71
POS,0.54,-0.29,0.35,74
POS,0.51,-0.30,0.34,67
POS,0.48,-0.30,0.34,67
POS,0.50,-0.28,0.35,70
POS,0.47,-0.29,0.33,65
POS,0.47,-0.29,0.34,67
POS,0.48,-0.28,0.35,69
POS,0.49,-0.28,0.36,75
POS,0.50,-0.29,0.36,73
POS,0.52,-0.29,0.37,73
POS,0.50,-0.29,0.38,71
POS,0.49,-0.30,0.36,67
POS,0.48,-0.29,0.35,66
POS,0.47,-0.30,0.35,69
POS,0.48,-0.28,0.37,74
POS,0.50,-0.29,0.37,72
POS,0.50,-0.28,0.38,71
POS,0.50,-0.30,0.36,71
POS,0.51,-0.29,0.36,73
POS,0.49,-0.29,0.38,73
POS,0.50,-0.29,0.38,72
POS,0.50,-0.30,0.36,70
POS,0.50,-0.28,0.38,72
POS,0.50,-0.29,0.36,68
POS,0.52,-0.28,0.36,71
POS,0.51,-0.28,0.36,70
POS,0.51,-0.28,0.37,71
POS,0.53,-0.27,0.39,78
POS,0.53,-0.28,0.39,75
POS,0.53,-0.30,0.37,71
POS,0.50,-0.29,0.36,65
POS,0.50,-0.29,0.35,65
POS,0.48,-0.13,0.33,64
POS,0.51,-0.14,0.33,67
POS,0.54,-0.16,0.34,75
POS,0.55,-0.17,0.36,75
POS,0.56,-0.19,0.36,73
POS,0.56,-0.25,0.33,74
POS,0.55,-0.25,0.35,72
POS,0.56,-0.24,0.35,72
POS,0.47,-0.15,0.32,81
POS,0.50,-0.16,0.35,75
POS,0.53,-0.18,0.35,74
POS,0.54,-0.20,0.36,73
POS,0.53,-0.21,0.36,69
POS,0.55,-0.23,0.36,75
POS,0.56,-0.24,0.36,75
POS,0.51,-0.25,0.35,67
POS,0.50,-0.25,0.35,65
POS,0.48,-0.26,0.35,62
POS,0.50,-0.26,0.35,71
POS,0.47,-0.27,0.34,65
POS,0.48,-0.28,0.35,72
POS,0.49,-0.26,0.36,69
POS,0.53,-0.24,0.37,74
POS,0.53,-0.26,0.36,71
POS,0.52,-0.27,0.35,66
POS,0.52,-0.26,0.35,66
POS,0.54,-0.25,0.35,74
POS,0.53,-0.27,0.34,68
POS,0.51,-0.27,0.34,68
POS,0.53,-0.27,0.35,74
POS,0.51,-0.29,0.33,66
POS,0.52,-0.27,0.37,79
POS,0.53,-0.27,0.36,69
POS,0.54,-0.28,0.36,73
POS,0.51,-0.29,0.34,66
POS,0.50,-0.29,0.34,67
POS,0.51,-0.26,0.37,74
POS,0.51,-0.26,0.38,71
POS,0.52,-0.27,0.37,73
POS,0.51,-0.26,0.39,72
POS,0.53,-0.27,0.39,75
POS,0.55,-0.26,0.38,75
POS,0.55,-0.28,0.36,71
POS,0.53,-0.29,0.35,68
POS,0.55,-0.29,0.34,72
POS,0.51,-0.29,0.34,66
POS,0.51,-0.29,0.35,75
POS,0.54,-0.28,0.36,76
POS,0.55,-0.27,0.36,73
POS,0.55,-0.27,0.36,71
POS,0.53,-0.26,0.36,67
POS,0.53,-0.27,0.36,70
POS,0.55,-0.26,0.36,75
POS,0.57,-0.26,0.37,77
POS,0.56,-0.26,0.38,71
POS,0.56,-0.26,0.37,73
POS,0.54,-0.26,0.37,68
POS,0.55,-0.25,0.37,71
POS,0.57,-0.26,0.36,77
POS,0.56,-0.27,0.36,70
POS,0.58,-0.25,0.37,76
POS,0.57,-0.24,0.37,70
POS,0.57,-0.24,0.38,74
POS,0.56,-0.24,0.38,69
POS,0.55,-0.25,0.37,69
POS,0.54,-0.27,0.36,70
POS,0.52,-0.29,0.35,70
POS,0.50,-0.27,0.36,67
POS,0.52,-0.26,0.36,72
POS,0.52,-0.28,0.35,72
POS,0.52,-0.27,0.36,69
POS,0.54,-0.25,0.36,70
POS,0.51,-0.25,0.36,65
POS,0.51,-0.27,0.36,71
POS,0.51,-0.27,0.36,72
POS,0.54,-0.26,0.36,72
POS,0.54,-0.26,0.36,69
POS,0.54,-0.27,0.36,74
POS,0.51,-0.28,0.36,67
POS,0.51,-0.27,0.35,68
POS,0.52,-0.27,0.37,75
POS,0.54,-0.26,0.37,72
POS,0.54,-0.26,0.37,71
POS,0.54,-0.26,0.37,71
POS,0.54,-0.25,0.37,71
POS,0.55,-0.25,0.37,70
POS,0.53,-0.26,0.36,69
POS,0.52,-0.25,0.37,70
POS,0.50,-0.26,0.36,67
POS,0.52,-0.25,0.36,71
POS,0.53,-0.25,0.36,69
POS,0.54,-0.24,0.37,72
POS,0.55,-0.25,0.37,73
POS,0.55,-0.27,0.36,75
POS,0.53,-0.26,0.38,73
POS,0.55,-0.25,0.39,73
POS,0.55,-0.26,0.38,74
POS,0.55,-0.27,0.37,72
POS,0.57,-0.28,0.37,78
POS,0.54,-0.30,0.36,70
POS,0.52,-0.30,0.37,73
POS,0.50,-0.30,0.35,64
POS,0.52,-0.30,0.35,73
POS,0.52,-0.28,0.36,70
POS,0.53,-0.28,0.37,74
POS,0.52,-0.29,0.37,73
POS,0.51,-0.30,0.36,71
POS,0.50,-0.30,0.35,65
POS,0.52,-0.30,0.35,75
POS,0.50,-0.31,0.34,67
POS,0.55,-0.30,0.34,79
POS,0.56,-0.29,0.34,74
POS,0.57,-0.28,0.35,74
POS,0.56,-0.27,0.36,72
POS,0.54,-0.27,0.37,70
POS,0.52,-0.28,0.38,72
POS,0.53,-0.27,0.38,72
POS,0.51,-0.28,0.39,74
POS,0.54,-0.27,0.38,73
POS,0.54,-0.28,0.38,74
POS,0.52,-0.28,0.38,69
POS,0.52,-0.28,0.37,70
POS,0.54,-0.27,0.37,72
POS,0.55,-0.27,0.36,73
POS,0.56,-0.27,0.36,72
POS,0.54,-0.29,0.35,73
POS,0.56,-0.30,0.35,76
POS,0.58,-0.28,0.35,77
POS,0.54,-0.28,0.36,69
POS,0.55,-0.27,0.37,73
POS,0.54,-0.27,0.37,74
POS,0.55,-0.29,0.37,76
POS,0.64,-0.28,0.38,90
POS,0.61,-0.28,0.38,70
POS,0.60,-0.28,0.37,72
POS,0.59,-0.29,0.36,73
POS,0.58,-0.28,0.35,70
POS,0.58,-0.31,0.34,74
POS,0.58,-0.29,0.34,72
POS,0.58,-0.30,0.35,76
POS,0.58,-0.29,0.35,72
POS,0.54,-0.29,0.35,67
POS,0.53,-0.27,0.36,70
POS,0.53,-0.28,0.36,72
POS,0.53,-0.29,0.36,73
POS,0.55,-0.27,0.36,72
POS,0.57,-0.28,0.35,75
POS,0.56,-0.29,0.36,74
POS,0.57,-0.29,0.36,74
POS,0.56,-0.29,0.36,72
POS,0.55,-0.29,0.36,73
POS,0.56,-0.29,0.36,73
POS,0.56,-0.29,0.37,73
POS,0.53,-0.30,0.36,70
POS,0.51,-0.30,0.35,66
POS,0.51,-0.30,0.36,72
POS,0.50,-0.31,0.35,71
POS,0.46,-0.32,0.33,67
POS,0.45,-0.32,0.32,65
POS,0.51,-0.30,0.33,79
POS,0.51,-0.29,0.34,70
POS,0.50,-0.30,0.33,67
POS,0.53,-0.29,0.35,78
POS,0.54,-0.28,0.35,70
POS,0.54,-0.28,0.35,71
POS,0.52,-0.28,0.35,66
POS,0.53,-0.28,0.34,69
POS,0.52,-0.28,0.34,67
POS,0.54,-0.27,0.33,70
POS,0.53,-0.28,0.35,75
POS,0.53,-0.27,0.36,69
POS,0.53,-0.26,0.36,70
POS,0.53,-0.26,0.39,76
POS,0.53,-0.27,0.37,70
POS,0.51,-0.28,0.36,68
POS,0.53,-0.28,0.36,73
POS,0.53,-0.30,0.33,69
POS,0.53,-0.30,0.33,68
POS,0.51,-0.31,0.33,71
POS,0.53,-0.31,0.33,72
POS,0.53,-0.30,0.34,72
POS,0.53,-0.32,0.33,71
POS,0.54,-0.31,0.33,71
POS,0.55,-0.31,0.34,75
POS,0.54,-0.31,0.34,70
POS,0.54,-0.30,0.35,73
POS,0.55,-0.28,0.36,74
POS,0.55,-0.28,0.36,71
POS,0.58,-0.24,0.36,75
POS,0.57,-0.25,0.36,73
POS,0.56,-0.26,0.36,68
POS,0.53,-0.27,0.36,68
POS,0.52,-0.27,0.37,72
POS,0.55,-0.27,0.36,76
POS,0.53,-0.29,0.35,71
POS,0.52,-0.30,0.36,72
POS,0.53,-0.29,0.37,74
POS,0.51,-0.14,0.34,62
POS,0.51,-0.16,0.35,70
POS,0.50,-0.21,0.34,67
POS,0.51,-0.23,0.35,74
POS,0.52,-0.25,0.34,68
POS,0.53,-0.26,0.33,73
POS,0.54,-0.27,0.34,74
POS,0.53,-0.29,0.34,72
POS,0.51,-0.30,0.32,65
POS,0.49,-0.30,0.33,68
POS,0.51,-0.29,0.33,67
POS,0.51,-0.27,0.34,68
POS,0.48,-0.28,0.32,63
POS,0.52,-0.26,0.33,76
POS,0.53,-0.28,0.33,73
POS,0.53,-0.28,0.34,70
POS,0.50,-0.29,0.32,60
POS,0.48,-0.29,0.30,62
POS,0.46,-0.30,0.31,69
POS,0.49,-0.30,0.33,75
POS,0.50,-0.30,0.34,72
POS,0.53,-0.30,0.35,76
POS,0.52,-0.30,0.36,72
POS,0.52,-0.28,0.37,71
POS,0.49,-0.29,0.35,65
POS,0.53,-0.28,0.36,76
POS,0.49,-0.29,0.33,62
POS,0.47,-0.28,0.33,60
POS,0.46,-0.27,0.34,65
POS,0.52,-0.26,0.35,80
POS,0.55,-0.25,0.35,76
POS,0.54,-0.25,0.36,67
POS,0.54,-0.26,0.37,75
POS,0.55,-0.26,0.37,75
POS,0.55,-0.25,0.38,72
POS,0.57,-0.27,0.37,77
POS,0.59,-0.27,0.37,78
POS,0.57,-0.13,0.36,66
POS,0.55,-0.17,0.38,75
POS,0.54,-0.18,0.38,69
POS,0.58,-0.20,0.37,78
POS,0.59,-0.21,0.37,75
POS,0.61,-0.22,0.37,80
POS,0.58,-0.24,0.37,71
POS,0.60,-0.24,0.36,73
POS,0.59,-0.25,0.34,70
POS,0.56,-0.10,0.29,59
POS,0.52,-0.17,0.27,66
POS,0.56,-0.18,0.29,77
POS,0.58,-0.20,0.31,75
POS,0.60,-0.22,0.31,78
POS,0.61,-0.22,0.33,79
POS,0.60,-0.24,0.34,72
POS,0.58,-0.26,0.35,72
POS,0.57,-0.27,0.37,76
POS,0.58,-0.27,0.37,76
POS,0.59,-0.27,0.37,76
POS,0.60,-0.28,0.36,78
POS,0.60,-0.25,0.37,72
POS,0.57,-0.13,0.36,62
POS,0.55,-0.18,0.35,72
POS,0.57,-0.20,0.37,78
POS,0.57,-0.20,0.36,69
POS,0.56,-0.23,0.36,70
POS,0.55,-0.22,0.36,68
POS,0.53,-0.25,0.36,70
POS,0.52,-0.28,0.35,71
POS,0.50,-0.29,0.34,68
POS,0.49,-0.30,0.34,70
POS,0.51,-0.29,0.34,70
POS,0.53,-0.27,0.35,72
POS,0.56,-0.28,0.35,78
POS,0.53,-0.28,0.36,72
POS,0.54,-0.27,0.37,72
POS,0.55,-0.27,0.37,74
POS,0.55,-0.27,0.37,69
POS,0.55,-0.27,0.37,73
POS,0.56,-0.26,0.37,72
POS,0.53,-0.25,0.37,66
POS,0.53,-0.26,0.37,72
POS,0.53,-0.26,0.37,72
POS,0.56,-0.25,0.36,74
POS,0.54,-0.26,0.36,67
POS,0.56,-0.27,0.36,76
POS,0.56,-0.27,0.35,70
POS,0.58,-0.27,0.35,78
POS,0.60,-0.25,0.35,75
POS,0.58,-0.25,0.36,70
POS,0.61,-0.26,0.35,80
POS,0.57,-0.27,0.34,65
POS,0.56,-0.27,0.35,71
POS,0.57,-0.26,0.35,74
POS,0.58,-0.25,0.35,71
POS,0.58,-0.27,0.35,77
POS,0.57,-0.27,0.36,69
POS,0.57,-0.26,0.36,74
POS,0.56,-0.25,0.36,66
POS,0.53,-0.25,0.35,62
POS,0.55,-0.26,0.34,72
POS,0.52,-0.28,0.34,69
POS,0.51,-0.26,0.35,65
POS,0.53,-0.29,0.34,76
POS,0.53,-0.28,0.34,69
POS,0.52,-0.29,0.35,72
POS,0.53,-0.27,0.36,69
POS,0.51,-0.28,0.35,66
POS,0.52,-0.28,0.35,71
POS,0.53,-0.28,0.34,69
POS,0.53,-0.29,0.36,75
POS,0.53,-0.28,0.36,71
POS,0.55,-0.27,0.37,77
POS,0.54,-0.28,0.38,72
POS,0.55,-0.30,0.36,74
POS,0.56,-0.28,0.36,72
POS,0.55,-0.28,0.37,74
POS,0.56,-0.28,0.37,73
POS,0.52,-0.29,0.34,61
POS,0.51,-0.29,0.35,69
POS,0.48,-0.29,0.34,64
POS,0.50,-0.29,0.36,76
POS,0.49,-0.31,0.37,76
POS,0.47,-0.30,0.36,66
POS,0.49,-0.28,0.38,74
POS,0.48,-0.30,0.37,70
POS,0.50,-0.29,0.39,78
POS,0.50,-0.30,0.37,70
POS,0.50,-0.31,0.37,72
POS,0.51,-0.30,0.37,73
POS,0.50,-0.29,0.37,67
POS,0.50,-0.30,0.35,68
POS,0.51,-0.31,0.33,69
POS,0.50,-0.29,0.35,69
POS,0.49,-0.28,0.36,67
POS,0.50,-0.27,0.36,72
POS,0.52,-0.29,0.35,73
POS,0.49,-0.31,0.34,71
POS,0.49,-0.31,0.32,67
POS,0.46,-0.30,0.33,67
POS,0.44,-0.30,0.33,66
POS,0.48,-0.31,0.33,73
POS,0.46,-0.31,0.33,67
POS,0.47,-0.31,0.34,71
POS,0.48,-0.30,0.35,72
POS,0.52,-0.29,0.35,75
POS,0.50,-0.28,0.37,72
POS,0.53,-0.30,0.35,75
POS,0.52,-0.28,0.36,70
POS,0.53,-0.29,0.36,74
POS,0.54,-0.29,0.36,73
POS,0.52,-0.29,0.36,69
POS,0.52,-0.28,0.36,70
POS,0.51,-0.30,0.33,65
POS,0.52,-0.30,0.34,72
POS,0.51,-0.30,0.35,70
POS,0.53,-0.29,0.36,74
POS,0.53,-0.30,0.36,75
POS,0.50,-0.30,0.34,61
POS,0.51,-0.30,0.36,75
POS,0.53,-0.29,0.36,75
POS,0.53,-0.29,0.37,73
POS,0.51,-0.29,0.37,68
POS,0.52,-0.29,0.36,71
POS,0.55,-0.29,0.36,77
POS,0.56,-0.27,0.36,71
POS,0.56,-0.26,0.36,70
POS,0.57,-0.27,0.35,74
POS,0.54,-0.27,0.34,60
POS,0.54,-0.28,0.35,72
POS,0.54,-0.27,0.34,70
POS,0.51,-0.29,0.34,68
POS,0.52,-0.29,0.35,73
POS,0.51,-0.30,0.35,73
POS,0.54,-0.30,0.35,76
POS,0.50,-0.30,0.35,68
POS,0.52,-0.28,0.37,73
POS,0.53,-0.29,0.36,75
POS,0.55,-0.29,0.36,76
POS,0.55,-0.30,0.36,73
POS,0.56,-0.31,0.35,75
POS,0.54,-0.29,0.37,70
POS,0.55,-0.29,0.36,73
POS,0.55,-0.28,0.37,73
POS,0.57,-0.25,0.38,76
POS,0.53,-0.26,0.38,71
POS,0.52,-0.28,0.38,74
POS,0.54,-0.28,0.38,75
POS,0.49,-0.29,0.37,69
POS,0.51,-0.28,0.38,74
POS,0.52,-0.28,0.37,70
POS,0.52,-0.28,0.38,73
POS,0.53,-0.28,0.38,74
POS,0.53,-0.27,0.39,71
POS,0.53,-0.28,0.39,74
POS,0.53,-0.29,0.38,72
POS,0.53,-0.30,0.37,72
POS,0.54,-0.30,0.36,76
POS,0.53,-0.31,0.36,71
POS,0.49,-0.30,0.35,64
POS,0.47,-0.31,0.35,70
POS,0.49,-0.31,0.37,77
POS,0.52,-0.29,0.37,74
POS,0.53,-0.29,0.37,73
POS,0.56,-0.29,0.36,78
POS,0.59,-0.27,0.36,78
POS,0.59,-0.27,0.36,74
POS,0.61,-0.27,0.36,78
POS,0.61,-0.26,0.37,75
POS,0.61,-0.27,0.35,74
POS,0.61,-0.25,0.36,75
POS,0.61,-0.26,0.36,75
POS,0.62,-0.25,0.36,78
POS,0.64,-0.23,0.36,78
POS,0.60,-0.23,0.37,68
POS,0.55,-0.25,0.35,64
POS,0.55,-0.24,0.36,70
POS,0.56,-0.24,0.36,72
POS,0.56,-0.25,0.35,71
POS,0.55,-0.27,0.35,73
POS,0.57,-0.27,0.35,75
POS,0.58,-0.28,0.35,76
POS,0.59,-0.29,0.34,76
POS,0.48,-0.20,0.28,80
POS,0.52,-0.21,0.30,77
POS,0.53,-0.22,0.31,70
POS,0.51,-0.24,0.32,69
POS,0.52,-0.23,0.34,68
POS,0.49,-0.24,0.33,65
POS,0.52,-0.24,0.34,72
POS,0.54,-0.24,0.35,75
POS,0.55,-0.24,0.35,70
POS,0.55,-0.26,0.35,74
POS,0.56,-0.28,0.35,76
POS,0.54,-0.28,0.38,77
POS,0.57,-0.27,0.38,77
POS,0.54,-0.27,0.38,72
POS,0.51,-0.29,0.35,64
POS,0.53,-0.28,0.36,76
POS,0.54,-0.28,0.36,75
POS,0.53,-0.29,0.36,68
POS,0.50,-0.29,0.36,71
POS,0.49,-0.30,0.35,66
POS,0.51,-0.29,0.36,74
POS,0.52,-0.29,0.37,74
POS,0.52,-0.29,0.37,74
POS,0.54,-0.28,0.37,74
POS,0.48,-0.29,0.36,69
POS,0.41,-0.20,0.32,79
POS,0.44,-0.22,0.34,72
POS,0.46,-0.22,0.35,72
POS,0.45,-0.24,0.35,67
POS,0.49,-0.26,0.35,74
POS,0.51,-0.27,0.35,75
POS,0.50,-0.27,0.36,70
POS,0.51,-0.28,0.36,74
POS,0.49,-0.28,0.36,71
POS,0.52,-0.29,0.35,73
POS,0.54,-0.27,0.35,70
POS,0.52,-0.30,0.33,69
POS,0.49,-0.29,0.32,60
POS,0.52,-0.29,0.32,76
POS,0.50,-0.30,0.31,63
POS,0.53,-0.28,0.34,78
POS,0.56,-0.28,0.34,76
POS,0.51,-0.30,0.33,67
POS,0.53,-0.30,0.34,76
POS,0.52,-0.29,0.35,70
POS,0.52,-0.29,0.35,71
POS,0.61,-0.28,0.41,96
POS,0.58,-0.29,0.39,69
POS,0.57,-0.29,0.39,74
POS,0.59,-0.30,0.38,79
POS,0.59,-0.29,0.38,74
POS,0.57,-0.30,0.37,71
POS,0.57,-0.28,0.37,72
POS,0.57,-0.27,0.36,69
POS,0.57,-0.28,0.36,74
POS,0.56,-0.28,0.36,68
POS,0.55,-0.28,0.37,76
POS,0.55,-0.27,0.37,69
POS,0.52,-0.27,0.37,67
POS,0.51,-0.26,0.37,68
POS,0.53,-0.27,0.37,76
POS,0.57,-0.26,0.36,79
POS,0.56,-0.26,0.37,73
POS,0.54,-0.27,0.37,68
POS,0.56,-0.28,0.36,76
POS,0.58,-0.26,0.37,76
POS,0.57,-0.26,0.37,73
POS,0.57,-0.29,0.36,77
POS,0.59,-0.29,0.35,75
POS,0.55,-0.13,0.31,60
POS,0.59,-0.16,0.32,79
POS,0.59,-0.19,0.33,75
POS,0.60,-0.19,0.34,73
POS,0.58,-0.22,0.34,71
POS,0.61,-0.19,0.35,78
POS,0.49,-0.12,0.30,81
POS,0.51,-0.16,0.31,71
POS,0.48,-0.20,0.31,65
POS,0.49,-0.21,0.33,72
POS,0.53,-0.22,0.34,78
POS,0.55,-0.24,0.34,75
POS,0.58,-0.25,0.33,79
POS,0.58,-0.25,0.34,72
POS,0.57,-0.25,0.36,74
POS,0.56,-0.25,0.38,73
POS,0.53,-0.27,0.36,65
POS,0.50,-0.27,0.36,69
POS,0.50,-0.28,0.35,70
POS,0.52,-0.28,0.35,70
POS,0.52,-0.28,0.35,71
POS,0.51,-0.27,0.37,71
POS,0.51,-0.26,0.37,70
POS,0.49,-0.28,0.36,69
POS,0.52,-0.28,0.36,73
POS,0.52,-0.29,0.36,73
POS,0.52,-0.29,0.35,71
POS,0.54,-0.29,0.35,72
POS,0.58,-0.28,0.34,78
POS,0.59,-0.25,0.36,73
POS,0.58,-0.27,0.35,72
POS,0.54,-0.27,0.35,67
POS,0.55,-0.28,0.35,76
POS,0.54,-0.15,0.35,64
POS,0.57,-0.16,0.35,77
POS,0.57,-0.16,0.36,70
POS,0.55,-0.20,0.36,72
POS,0.53,-0.23,0.36,69
POS,0.52,-0.25,0.35,68
POS,0.55,-0.26,0.35,77
POS,0.58,-0.27,0.35,78
POS,0.61,-0.25,0.36,81
POS,0.62,-0.22,0.36,77
POS,0.61,-0.23,0.37,72
POS,0.63,-0.21,0.37,78
POS,0.62,-0.22,0.37,73
POS,0.56,-0.08,0.35,62
POS,0.55,-0.11,0.36,70
POS,0.57,-0.15,0.37,78
POS,0.55,-0.18,0.37,70
POS,0.51,-0.07,0.36,64
POS,0.54,-0.13,0.36,75
POS,0.55,-0.15,0.35,71
POS,0.55,-0.19,0.34,69
POS,0.54,-0.07,0.32,60
POS,0.53,-0.12,0.33,71
POS,0.54,-0.15,0.35,71
POS,0.57,-0.17,0.35,77
POS,0.55,-0.21,0.37,77
POS,0.57,-0.23,0.37,77
POS,0.55,-0.26,0.36,73
POS,0.57,-0.25,0.36,74
POS,0.57,-0.25,0.36,71
POS,0.56,-0.27,0.36,74
POS,0.55,-0.28,0.36,72
POS,0.52,-0.29,0.35,66
POS,0.55,-0.29,0.35,77
POS,0.51,-0.30,0.35,70
POS,0.50,-0.30,0.35,67
POS,0.51,-0.30,0.35,73
POS,0.49,-0.31,0.34,64
POS,0.53,-0.30,0.33,78
POS,0.54,-0.29,0.33,69
POS,0.52,-0.29,0.34,69
POS,0.52,-0.29,0.34,72
POS,0.51,-0.29,0.34,65
POS,0.51,-0.29,0.34,71
POS,0.50,-0.30,0.33,67
POS,0.55,-0.29,0.34,81
POS,0.56,-0.29,0.35,75
POS,0.59,-0.27,0.37,81
POS,0.56,-0.28,0.37,74
POS,0.56,-0.27,0.39,75
POS,0.56,-0.28,0.37,68
POS,0.57,-0.27,0.36,73
POS,0.55,-0.27,0.36,67
POS,0.51,-0.28,0.34,66
POS,0.50,-0.29,0.35,72
POS,0.51,-0.14,0.34,68
POS,0.52,-0.17,0.36,75
POS,0.56,-0.18,0.36,79
POS,0.56,-0.20,0.37,72
POS,0.55,-0.21,0.39,73
POS,0.54,-0.21,0.38,67
POS,0.55,-0.22,0.38,75
POS,0.55,-0.24,0.38,71
POS,0.53,-0.23,0.37,66
POS,0.51,-0.26,0.36,70
POS,0.50,-0.28,0.35,69
POS,0.48,-0.29,0.34,67
POS,0.47,-0.29,0.35,67
POS,0.51,-0.28,0.35,77
POS,0.52,-0.28,0.36,74
POS,0.52,-0.28,0.36,70
POS,0.53,-0.28,0.36,70
POS,0.52,-0.27,0.37,71
POS,0.54,-0.28,0.35,74
POS,0.56,-0.27,0.36,76
POS,0.56,-0.27,0.35,69
POS,0.46,-0.18,0.30,79
POS,0.46,-0.05,0.30,64
POS,0.46,-0.11,0.32,71
POS,0.49,-0.14,0.33,72
POS,0.52,-0.19,0.33,75
POS,0.50,-0.23,0.34,73
POS,0.50,-0.25,0.35,72
POS,0.47,-0.27,0.33,64
POS,0.47,-0.28,0.34,71
POS,0.50,-0.29,0.35,75
POS,0.51,-0.27,0.35,69
POS,0.54,-0.27,0.34,73
POS,0.54,-0.28,0.34,71
POS,0.56,-0.27,0.33,71
POS,0.53,-0.27,0.34,66
POS,0.51,-0.29,0.33,67
POS,0.53,-0.29,0.34,74
POS,0.53,-0.28,0.33,69
POS,0.49,-0.30,0.33,70
POS,0.48,-0.30,0.33,69
POS,0.50,-0.31,0.34,74
POS,0.49,-0.33,0.32,69
POS,0.47,-0.32,0.33,68
POS,0.48,-0.32,0.34,74
POS,0.50,-0.33,0.33,75
POS,0.48,-0.32,0.33,66
POS,0.48,-0.33,0.33,69
POS,0.48,-0.33,0.33,72
POS,0.50,-0.32,0.33,69
POS,0.51,-0.32,0.35,75
POS,0.51,-0.32,0.34,72
POS,0.50,-0.31,0.35,71
POS,0.49,-0.31,0.35,71
POS,0.52,-0.30,0.35,71
POS,0.51,-0.29,0.36,70
POS,0.52,-0.28,0.36,70
POS,0.53,-0.27,0.37,73
POS,0.51,-0.27,0.36,64
POS,0.48,-0.28,0.35,66
POS,0.51,-0.27,0.36,73
POS,0.52,-0.30,0.37,79
POS,0.52,-0.29,0.37,72
POS,0.49,-0.29,0.36,64
POS,0.51,-0.30,0.36,74
POS,0.50,-0.30,0.37,73
POS,0.52,-0.29,0.36,74
POS,0.53,-0.29,0.35,71
POS,0.52,-0.30,0.35,70
POS,0.52,-0.29,0.35,70
POS,0.48,-0.13,0.32,64
POS,0.48,-0.16,0.34,71
POS,0.49,-0.20,0.33,69
POS,0.49,-0.22,0.34,70
POS,0.50,-0.23,0.37,75
POS,0.49,-0.25,0.35,68
POS,0.50,-0.26,0.35,68
POS,0.51,-0.26,0.35,71
POS,0.50,-0.25,0.37,72
POS,0.50,-0.27,0.37,72
POS,0.49,-0.28,0.38,72
POS,0.51,-0.28,0.37,72
POS,0.50,-0.29,0.35,69
POS,0.51,-0.30,0.35,71
POS,0.52,-0.29,0.35,73
POS,0.52,-0.28,0.36,69
POS,0.52,-0.27,0.36,69
POS,0.54,-0.26,0.36,72
POS,0.56,-0.25,0.37,74
POS,0.54,-0.24,0.37,70
POS,0.57,-0.26,0.38,79
POS,0.57,-0.25,0.38,74
POS,0.59,-0.25,0.38,76
POS,0.61,-0.25,0.37,79
POS,0.61,-0.25,0.36,70
POS,0.62,-0.24,0.36,77
POS,0.63,-0.24,0.37,77
POS,0.60,-0.25,0.36,70
POS,0.59,-0.28,0.35,72
POS,0.58,-0.28,0.36,73
POS,0.48,-0.28,0.36,77
POS,0.50,-0.29,0.36,74
POS,0.51,-0.29,0.35,69
POS,0.49,-0.31,0.33,67
POS,0.52,-0.30,0.34,75
POS,0.53,-0.31,0.35,75
POS,0.51,-0.30,0.36,70
POS,0.55,-0.29,0.35,79
POS,0.54,-0.30,0.36,72
POS,0.53,-0.30,0.35,66
POS,0.51,-0.28,0.35,66
POS,0.50,-0.27,0.36,69
POS,0.51,-0.27,0.37,71
POS,0.53,-0.26,0.36,73
POS,0.53,-0.27,0.37,72
POS,0.53,-0.28,0.36,72
POS,0.56,-0.27,0.36,76
POS,0.54,-0.26,0.39,75
POS,0.56,-0.25,0.38,74
POS,0.58,-0.24,0.38,73
POS,0.54,-0.24,0.39,70
POS,0.55,-0.25,0.39,75
POS,0.55,-0.26,0.38,73
POS,0.57,-0.25,0.39,76
POS,0.54,-0.26,0.39,70
POS,0.53,-0.27,0.38,72
POS,0.53,-0.25,0.39,70
POS,0.51,-0.27,0.37,69
POS,0.51,-0.28,0.36,68
POS,0.50,-0.28,0.37,71
POS,0.52,-0.26,0.38,72
POS,0.49,-0.27,0.36,64
POS,0.48,-0.26,0.37,67
POS,0.48,-0.12,0.34,62
POS,0.51,-0.14,0.34,72
POS,0.54,-0.17,0.34,73
POS,0.54,-0.18,0.36,72
POS,0.55,-0.20,0.35,72
POS,0.57,-0.21,0.34,72
POS,0.58,-0.20,0.35,71
POS,0.57,-0.23,0.34,72
POS,0.58,-0.23,0.34,71
POS,0.56,-0.24,0.38,77
POS,0.54,-0.25,0.37,67
POS,0.54,-0.23,0.37,67
POS,0.56,-0.22,0.37,71
POS,0.54,-0.22,0.38,70
POS,0.55,-0.21,0.39,72
POS,0.55,-0.23,0.38,72
POS,0.52,-0.25,0.36,63
POS,0.53,-0.26,0.35,73
POS,0.55,-0.26,0.35,74
POS,0.57,-0.27,0.36,76
POS,0.56,-0.28,0.36,72
POS,0.55,-0.27,0.38,76
POS,0.55,-0.28,0.38,75
POS,0.54,-0.29,0.37,71
POS,0.56,-0.28,0.37,75
POS,0.58,-0.27,0.37,77
POS,0.60,-0.27,0.37,76
POS,0.59,-0.27,0.37,75
POS,0.55,-0.27,0.38,70
POS,0.53,-0.28,0.38,69
POS,0.56,-0.27,0.37,76
POS,0.56,-0.27,0.37,72
POS,0.57,-0.28,0.36,76
POS,0.58,-0.28,0.35,76
POS,0.59,-0.28,0.36,75
POS,0.60,-0.28,0.37,78
POS,0.56,-0.29,0.37,71
POS,0.55,-0.29,0.37,72
POS,0.51,-0.28,0.37,64
POS,0.53,-0.28,0.36,72
POS,0.54,-0.27,0.35,71
POS,0.54,-0.28,0.35,71
POS,0.52,-0.27,0.36,69
POS,0.51,-0.29,0.35,70
POS,0.52,-0.27,0.35,68
POS,0.53,-0.29,0.34,73
POS,0.55,-0.29,0.34,74
POS,0.55,-0.28,0.35,70
POS,0.53,-0.30,0.34,69
POS,0.55,-0.30,0.34,74
POS,0.57,-0.28,0.35,76
POS,0.55,-0.27,0.34,65
POS,0.56,-0.27,0.34,73
POS,0.57,-0.28,0.34,72
POS,0.61,-0.27,0.33,77
POS,0.59,-0.25,0.34,71
POS,0.62,-0.23,0.34,77
POS,0.61,-0.23,0.35,73
POS,0.59,-0.23,0.36,70
POS,0.59,-0.25,0.36,76
POS,0.58,-0.27,0.34,68
POS,0.58,-0.26,0.36,76
POS,0.58,-0.26,0.35,71
POS,0.54,-0.28,0.33,67
POS,0.53,-0.27,0.35,68
POS,0.54,-0.28,0.35,74
POS,0.58,-0.26,0.35,78
POS,0.58,-0.26,0.36,73
POS,0.59,-0.25,0.36,75
POS,0.60,-0.24,0.35,73
POS,0.59,-0.25,0.35,72
POS,0.58,-0.25,0.36,69
POS,0.58,-0.26,0.35,74
POS,0.56,-0.28,0.35,72
POS,0.59,-0.28,0.35,78
POS,0.55,-0.30,0.35,70
POS,0.53,-0.30,0.33,66
POS,0.55,-0.29,0.35,75
POS,0.55,-0.27,0.36,72
POS,0.55,-0.28,0.36,73
POS,0.51,-0.28,0.36,68
POS,0.51,-0.28,0.36,71
POS,0.52,-0.27,0.37,73
POS,0.51,-0.28,0.36,69
POS,0.51,-0.28,0.37,69
POS,0.52,-0.28,0.37,75
POS,0.51,-0.28,0.36,68
POS,0.52,-0.29,0.38,76
POS,0.49,-0.29,0.37,66
POS,0.52,-0.28,0.36,74
POS,0.53,-0.28,0.36,73
POS,0.49,-0.29,0.35,67
POS,0.53,-0.29,0.36,78
POS,0.56,-0.27,0.36,77
POS,0.58,-0.26,0.36,74
POS,0.57,-0.25,0.37,70
POS,0.59,-0.24,0.36,75
POS,0.56,-0.26,0.37,72
POS,0.56,-0.25,0.37,73
POS,0.58,-0.27,0.37,78
POS,0.55,-0.28,0.37,72
POS,0.53,-0.28,0.38,70
POS,0.53,-0.28,0.37,70
POS,0.57,-0.28,0.36,78
POS,0.54,-0.29,0.36,70
POS,0.50,-0.30,0.35,70
POS,0.51,-0.30,0.36,75
POS,0.54,-0.29,0.36,75
POS,0.54,-0.30,0.34,70
POS,0.52,-0.27,0.37,70
POS,0.52,-0.28,0.35,71
POS,0.55,-0.28,0.35,76
POS,0.52,-0.28,0.36,67
POS,0.53,-0.28,0.36,73
POS,0.47,-0.30,0.37,78
POS,0.46,-0.30,0.35,62
POS,0.47,-0.30,0.34,68
POS,0.50,-0.29,0.35,74
POS,0.50,-0.30,0.38,78
POS,0.53,-0.30,0.38,78
POS,0.51,-0.30,0.39,73
POS,0.51,-0.28,0.41,75
POS,0.54,-0.29,0.40,78
POS,0.53,-0.28,0.39,70
POS,0.51,-0.27,0.39,68
POS,0.50,-0.28,0.38,70
POS,0.53,-0.27,0.38,73
POS,0.50,-0.30,0.36,71
POS,0.54,-0.29,0.36,77
POS,0.54,-0.29,0.37,76
POS,0.55,-0.28,0.37,73
POS,0.55,-0.29,0.38,75
POS,0.54,-0.28,0.38,71
POS,0.58,-0.28,0.36,79
POS,0.58,-0.28,0.39,78
POS,0.57,-0.27,0.39,73
POS,0.57,-0.29,0.38,74
POS,0.59,-0.29,0.37,79
POS,0.61,-0.28,0.38,78
POS,0.61,-0.27,0.38,77
POS,0.56,-0.29,0.38,72
POS,0.52,-0.30,0.36,67
POS,0.52,-0.32,0.35,74
POS,0.52,-0.31,0.36,74
POS,0.47,-0.30,0.35,65
POS,0.51,-0.29,0.35,73
POS,0.52,-0.28,0.36,71
POS,0.50,-0.28,0.35,62
POS,0.49,-0.30,0.34,72
POS,0.51,-0.28,0.34,68
POS,0.52,-0.28,0.35,72
POS,0.54,-0.27,0.35,73
POS,0.55,-0.28,0.36,76
POS,0.55,-0.27,0.36,71
POS,0.53,-0.28,0.35,69
POS,0.52,-0.27,0.36,67
POS,0.52,-0.27,0.35,67
POS,0.54,-0.27,0.35,73
POS,0.55,-0.26,0.35,71
POS,0.51,-0.27,0.36,71
POS,0.52,-0.26,0.36,70
POS,0.51,-0.26,0.36,67
POS,0.50,-0.28,0.34,67
POS,0.48,-0.29,0.35,70
POS,0.47,-0.30,0.36,72
POS,0.47,-0.29,0.37,70
POS,0.48,-0.27,0.39,75
POS,0.50,-0.27,0.39,73
POS,0.54,-0.24,0.39,76
POS,0.54,-0.26,0.38,74
POS,0.56,-0.25,0.38,74
POS,0.58,-0.24,0.38,76
POS,0.58,-0.24,0.39,75
POS,0.57,-0.26,0.37,71
POS,0.56,-0.26,0.37,72
POS,0.56,-0.27,0.36,71
POS,0.55,-0.29,0.36,72
POS,0.55,-0.29,0.35,73
POS,0.52,-0.31,0.34,70
POS,0.51,-0.32,0.34,71
POS,0.53,-0.31,0.34,74
POS,0.52,-0.30,0.36,75
POS,0.53,-0.30,0.36,71
POS,0.55,-0.29,0.36,76
POS,0.52,-0.28,0.36,67
POS,0.54,-0.28,0.35,72
POS,0.54,-0.28,0.35,69
POS,0.52,-0.28,0.35,68
POS,0.49,-0.28,0.35,66
POS,0.52,-0.28,0.36,76
POS,0.54,-0.29,0.35,75
POS,0.54,-0.28,0.36,73
POS,0.54,-0.28,0.37,73
POS,0.54,-0.28,0.36,70
POS,0.52,-0.29,0.37,74
POS,0.51,-0.28,0.39,72
POS,0.52,-0.28,0.38,72
POS,0.55,-0.28,0.38,79
POS,0.55,-0.27,0.38,71
POS,0.56,-0.25,0.39,74
POS,0.56,-0.25,0.39,73
POS,0.59,-0.23,0.39,76
POS,0.59,-0.24,0.38,75
POS,0.57,-0.23,0.38,68
POS,0.57,-0.23,0.38,73
POS,0.60,-0.24,0.37,78
POS,0.57,-0.24,0.38,72
POS,0.57,-0.24,0.39,74
POS,0.54,-0.26,0.36,66
POS,0.56,-0.27,0.36,75
POS,0.52,-0.27,0.37,71
POS,0.52,-0.28,0.37,71
POS,0.52,-0.26,0.37,70
POS,0.55,-0.24,0.38,77
POS,0.56,-0.27,0.37,75
POS,0.56,-0.28,0.37,75
POS,0.55,-0.29,0.37,74
POS,0.56,-0.29,0.37,73
POS,0.56,-0.28,0.37,73
POS,0.58,-0.27,0.36,75
POS,0.61,-0.27,0.36,80
POS,0.60,-0.27,0.36,72
POS,0.58,-0.26,0.36,70
POS,0.57,-0.27,0.37,74
POS,0.57,-0.26,0.37,71
POS,0.57,-0.26,0.38,75
POS,0.57,-0.26,0.38,70
POS,0.55,-0.27,0.38,74
POS,0.52,-0.28,0.36,62
POS,0.51,-0.29,0.34,65
POS,0.53,-0.29,0.35,78
POS,0.57,-0.27,0.36,78
POS,0.58,-0.28,0.36,78
POS,0.59,-0.28,0.35,75
POS,0.59,-0.28,0.36,75
POS,0.59,-0.29,0.35,74
POS,0.58,-0.29,0.36,76
POS,0.57,-0.30,0.37,74
POS,0.53,-0.31,0.37,70
POS,0.49,-0.31,0.33,62
POS,0.48,-0.31,0.34,69
POS,0.50,-0.30,0.34,70
POS,0.51,-0.29,0.34,70
POS,0.46,-0.30,0.34,71
POS,0.48,-0.30,0.34,71
POS,0.47,-0.31,0.33,71
POS,0.45,-0.32,0.32,65
POS,0.44,-0.31,0.33,67
POS,0.48,-0.29,0.34,74
POS,0.46,-0.30,0.33,64
POS,0.47,-0.31,0.33,72
POS,0.50,-0.29,0.35,74
POS,0.49,-0.30,0.34,69
POS,0.49,-0.29,0.35,68
POS,0.53,-0.26,0.36,77
POS,0.54,-0.25,0.37,72
POS,0.56,-0.26,0.37,78
POS,0.56,-0.26,0.37,74
POS,0.57,-0.27,0.38,75
POS,0.55,-0.27,0.38,71
POS,0.55,-0.27,0.38,74
POS,0.55,-0.27,0.39,73
POS,0.56,-0.27,0.38,76
POS,0.54,-0.28,0.38,71
POS,0.52,-0.30,0.36,71
POS,0.53,-0.29,0.37,72
POS,0.52,-0.30,0.36,72
POS,0.52,-0.30,0.37,73
POS,0.55,-0.30,0.37,77
POS,0.54,-0.29,0.37,72
POS,0.52,-0.16,0.36,63
POS,0.55,-0.16,0.37,77
POS,0.56,-0.18,0.37,74
POS,0.53,-0.21,0.36,64
POS,0.47,-0.23,0.35,67
POS,0.49,-0.25,0.36,75
POS,0.47,-0.27,0.35,69
POS,0.47,-0.27,0.37,73
POS,0.49,-0.26,0.37,71
POS,0.54,-0.27,0.38,80
POS,0.49,-0.28,0.36,66
POS,0.50,-0.29,0.35,70
POS,0.49,-0.29,0.35,66
POS,0.51,-0.28,0.37,75
POS,0.49,-0.28,0.37,71
POS,0.50,-0.29,0.37,72
POS,0.49,-0.29,0.37,70
POS,0.51,-0.28,0.37,74
POS,0.51,-0.27,0.39,72
POS,0.55,-0.26,0.38,78
POS,0.54,-0.29,0.36,71
POS,0.56,-0.28,0.35,72
POS,0.55,-0.27,0.37,73
POS,0.57,-0.27,0.36,77
POS,0.59,-0.27,0.36,77
POS,0.58,-0.26,0.35,68
POS,0.57,-0.26,0.35,69
POS,0.55,-0.28,0.34,70
POS,0.58,-0.28,0.34,78
POS,0.59,-0.27,0.35,75
POS,0.60,-0.25,0.36,75
POS,0.60,-0.24,0.36,72
POS,0.56,-0.12,0.34,58
POS,0.58,-0.15,0.34,76
POS,0.57,-0.19,0.34,72
POS,0.58,-0.21,0.34,73
POS,0.58,-0.24,0.34,74
POS,0.48,-0.15,0.30,80
POS,0.50,-0.17,0.32,71
POS,0.52,-0.17,0.34,72
POS,0.49,-0.20,0.34,66
POS,0.52,-0.23,0.34,76
POS,0.52,-0.24,0.35,72
POS,0.53,-0.24,0.36,69
POS,0.54,-0.26,0.36,74
POS,0.52,-0.27,0.35,70
POS,0.47,-0.29,0.34,68
POS,0.50,-0.28,0.35,73
POS,0.52,-0.25,0.38,77
POS,0.50,-0.26,0.36,67
POS,0.49,-0.27,0.34,62
POS,0.50,-0.28,0.36,74
POS,0.50,-0.28,0.35,66
POS,0.50,-0.29,0.35,72
POS,0.51,-0.28,0.36,69
POS,0.51,-0.28,0.36,72
POS,0.53,-0.29,0.35,74
POS,0.51,-0.28,0.37,71
POS,0.49,-0.27,0.37,67
POS,0.49,-0.26,0.38,71
POS,0.52,-0.27,0.38,75
POS,0.46,-0.29,0.36,68
POS,0.49,-0.29,0.36,74
POS,0.52,-0.29,0.36,76
POS,0.49,-0.31,0.32,62
POS,0.51,-0.29,0.15,89
POS,0.52,-0.28,0.21,73
POS,0.55,-0.26,0.26,75
POS,0.55,-0.24,0.30,70
POS,0.55,-0.23,0.32,70
POS,0.55,-0.22,0.33,68
POS,0.54,-0.24,0.34,72
POS,0.53,-0.25,0.35,69
POS,0.52,-0.26,0.35,72
POS,0.50,-0.27,0.36,69
POS,0.54,-0.28,0.36,78
POS,0.56,-0.28,0.35,74
POS,0.56,-0.26,0.36,72
POS,0.54,-0.26,0.37,72
POS,0.56,-0.26,0.37,76
POS,0.53,-0.27,0.38,73
POS,0.52,-0.28,0.38,72
POS,0.51,-0.30,0.37,71
POS,0.52,-0.27,0.39,77
POS,0.55,-0.25,0.38,75
POS,0.55,-0.25,0.38,71
POS,0.55,-0.26,0.37,71
POS,0.53,-0.28,0.36,70
POS,0.55,-0.28,0.37,75
POS,0.56,-0.27,0.37,75
POS,0.55,-0.27,0.38,72
POS,0.52,-0.27,0.38,71
POS,0.53,-0.28,0.38,74
POS,0.55,-0.29,0.37,75
POS,0.55,-0.28,0.37,71
POS,0.57,-0.27,0.39,81
POS,0.52,-0.28,0.40,73
POS,0.49,-0.29,0.38,67
POS,0.48,-0.31,0.37,71
POS,0.53,-0.28,0.36,78
POS,0.51,-0.29,0.36,69
POS,0.50,-0.29,0.36,69
POS,0.50,-0.28,0.37,72
POS,0.53,-0.26,0.38,77
POS,0.56,-0.28,0.35,76
POS,0.56,-0.29,0.36,75
POS,0.55,-0.28,0.37,73
POS,0.50,-0.28,0.37,66
POS,0.54,-0.29,0.34,76
POS,0.54,-0.29,0.35,72
POS,0.50,-0.30,0.34,68
POS,0.51,-0.31,0.33,72
POS,0.50,-0.31,0.34,70
POS,0.50,-0.30,0.36,73
POS,0.50,-0.30,0.38,75
POS,0.51,-0.30,0.38,74
POS,0.53,-0.29,0.37,74
POS,0.54,-0.29,0.38,76
POS,0.54,-0.29,0.38,72
POS,0.56,-0.29,0.37,75
POS,0.55,-0.28,0.37,70
POS,0.53,-0.30,0.36,72
POS,0.53,-0.29,0.37,73
POS,0.51,-0.29,0.36,63
POS,0.53,-0.28,0.35,71
POS,0.52,-0.27,0.35,64
POS,0.52,-0.28,0.36,74
POS,0.48,-0.26,0.36,61
POS,0.49,-0.28,0.36,74
POS,0.51,-0.29,0.35,73
POS,0.53,-0.30,0.35,75
POS,0.50,-0.32,0.34,70
POS,0.51,-0.30,0.35,70
POS,0.49,-0.30,0.35,70
POS,0.52,-0.29,0.36,74
POS,0.52,-0.30,0.36,72
POS,0.50,-0.30,0.36,72
POS,0.48,-0.32,0.34,68
POS,0.51,-0.31,0.35,76
POS,0.51,-0.32,0.37,76
POS,0.49,-0.32,0.37,72
POS,0.52,-0.32,0.36,75
POS,0.51,-0.31,0.36,69
POS,0.52,-0.32,0.34,73
POS,0.52,-0.31,0.34,67
POS,0.51,-0.31,0.36,75
POS,0.52,-0.30,0.37,74
POS,0.51,-0.31,0.37,72
POS,0.48,-0.30,0.37,68
POS,0.48,-0.30,0.37,69
POS,0.48,-0.30,0.36,67
POS,0.50,-0.30,0.35,72
POS,0.51,-0.30,0.35,74
POS,0.53,-0.30,0.34,72
POS,0.55,-0.30,0.34,76
POS,0.63,-0.29,0.33,86
POS,0.58,-0.29,0.31,60
POS,0.59,-0.30,0.33,77
POS,0.55,-0.31,0.33,72
POS,0.53,-0.31,0.33,66
POS,0.53,-0.29,0.34,69
POS,0.53,-0.30,0.32,64
POS,0.55,-0.29,0.33,75
POS,0.56,-0.29,0.33,74
POS,0.56,-0.28,0.34,72
POS,0.55,-0.28,0.33,67
POS,0.57,-0.27,0.34,74
POS,0.54,-0.29,0.34,69
POS,0.56,-0.29,0.34,74
POS,0.55,-0.28,0.34,68
POS,0.52,-0.30,0.32,64
POS,0.55,-0.28,0.34,76
POS,0.51,-0.29,0.32,63
POS,0.52,-0.30,0.33,74
POS,0.52,-0.28,0.35,72
POS,0.51,-0.29,0.36,72
POS,0.52,-0.29,0.36,73
POS,0.50,-0.28,0.38,71
POS,0.52,-0.29,0.38,76
POS,0.51,-0.31,0.36,70
POS,0.53,-0.30,0.37,77
POS,0.53,-0.29,0.39,74
POS,0.55,-0.27,0.38,72
POS,0.56,-0.26,0.38,74
POS,0.53,-0.27,0.38,70
POS,0.51,-0.29,0.38,73
POS,0.52,-0.30,0.36,72
POS,0.53,-0.29,0.37,73
POS,0.53,-0.27,0.18,87
POS,0.45,-0.16,0.17,79
POS,0.46,-0.17,0.24,72
POS,0.48,-0.21,0.25,71
POS,0.48,-0.22,0.28,68
POS,0.47,-0.26,0.29,71
POS,0.52,-0.27,0.31,79
POS,0.51,-0.29,0.32,73
POS,0.55,-0.29,0.33,77
POS,0.57,-0.29,0.34,77
POS,0.52,-0.30,0.34,71
POS,0.53,-0.31,0.34,75
POS,0.54,-0.29,0.36,73
POS,0.52,-0.30,0.34,65
POS,0.52,-0.29,0.36,75
POS,0.53,-0.29,0.36,74
POS,0.54,-0.29,0.36,73
POS,0.57,-0.29,0.37,78
POS,0.56,-0.30,0.37,74
POS,0.58,-0.27,0.37,74
POS,0.55,-0.13,0.35,65
POS,0.55,-0.14,0.36,72
POS,0.57,-0.16,0.38,77
POS,0.59,-0.19,0.37,78
POS,0.55,-0.22,0.36,66
POS,0.56,-0.21,0.37,75
POS,0.57,-0.23,0.38,76
POS,0.55,-0.24,0.38,68
POS,0.51,-0.25,0.36,66
POS,0.49,-0.27,0.35,66
POS,0.51,-0.26,0.36,73
POS,0.53,-0.25,0.38,76
POS,0.55,-0.25,0.39,76
POS,0.57,-0.25,0.38,75
POS,0.58,-0.26,0.38,76
POS,0.55,-0.27,0.35,64
POS,0.53,-0.13,0.34,64
POS,0.52,-0.19,0.34,73
POS,0.53,-0.21,0.35,72
POS,0.51,-0.08,0.34,66
POS,0.55,-0.12,0.34,79
POS,0.57,-0.16,0.35,77
POS,0.61,-0.16,0.36,80
POS,0.62,-0.18,0.36,78
POS,0.60,-0.21,0.36,72
POS,0.57,-0.21,0.37,68
POS,0.57,-0.22,0.37,73
POS,0.55,-0.10,0.36,65
POS,0.56,-0.14,0.36,72
POS,0.53,-0.18,0.35,67
POS,0.57,-0.20,0.34,79
POS,0.54,-0.23,0.35,70
POS,0.56,-0.24,0.35,74
POS,0.56,-0.24,0.36,74
POS,0.56,-0.25,0.35,70
POS,0.55,-0.27,0.34,69
POS,0.57,-0.26,0.34,76
POS,0.59,-0.25,0.36,78
POS,0.59,-0.25,0.36,73
POS,0.59,-0.27,0.36,76
POS,0.59,-0.26,0.36,72
POS,0.60,-0.27,0.36,78
POS,0.62,-0.25,0.39,83
POS,0.59,-0.27,0.39,75
POS,0.58,-0.26,0.40,74
POS,0.58,-0.28,0.39,76
POS,0.58,-0.28,0.39,74
POS,0.57,-0.27,0.39,72
POS,0.57,-0.27,0.39,74
POS,0.52,-0.28,0.38,68
POS,0.53,-0.29,0.37,71
POS,0.54,-0.29,0.36,73
POS,0.52,-0.29,0.36,72
POS,0.54,-0.29,0.37,74
POS,0.54,-0.28,0.37,72
POS,0.53,-0.27,0.38,69
POS,0.54,-0.27,0.37,73
POS,0.57,-0.27,0.37,77
POS,0.54,-0.12,0.34,63
POS,0.53,-0.16,0.34,71
POS,0.56,-0.20,0.33,73
POS,0.55,-0.22,0.34,74
POS,0.56,-0.23,0.34,71
POS,0.56,-0.23,0.35,70
POS,0.55,-0.23,0.36,69
POS,0.54,-0.26,0.35,73
POS,0.56,-0.24,0.37,75
POS,0.53,-0.25,0.36,68
POS,0.56,-0.25,0.36,75
POS,0.59,-0.23,0.35,77
POS,0.59,-0.23,0.37,77
POS,0.58,-0.23,0.38,72
POS,0.58,-0.22,0.39,74
POS,0.56,-0.23,0.40,72
POS,0.56,-0.24,0.38,73
POS,0.55,-0.26,0.38,72
POS,0.54,-0.25,0.39,71
POS,0.53,-0.26,0.39,74
POS,0.55,-0.26,0.39,74
POS,0.55,-0.25,0.39,71
POS,0.53,-0.26,0.38,70
POS,0.54,-0.27,0.38,74
POS,0.55,-0.25,0.38,69
POS,0.57,-0.24,0.37,74
POS,0.56,-0.24,0.38,71
POS,0.56,-0.25,0.37,73
POS,0.57,-0.27,0.37,76
POS,0.59,-0.25,0.37,74
POS,0.58,-0.26,0.36,69
POS,0.59,-0.26,0.36,76
POS,0.56,-0.28,0.36,71
POS,0.56,-0.27,0.36,70
POS,0.58,-0.25,0.36,76
POS,0.59,-0.24,0.36,74
POS,0.57,-0.25,0.37,74
POS,0.58,-0.25,0.37,73
POS,0.57,-0.25,0.39,75
POS,0.58,-0.25,0.38,75
POS,0.54,-0.27,0.39,73
POS,0.55,-0.26,0.38,71
POS,0.54,-0.27,0.38,72
POS,0.53,-0.27,0.39,72
POS,0.54,-0.27,0.39,74
POS,0.53,-0.26,0.39,70
POS,0.55,-0.27,0.38,75
POS,0.53,-0.28,0.38,73
POS,0.54,-0.27,0.37,72
POS,0.54,-0.28,0.38,74
POS,0.54,-0.28,0.37,70
POS,0.50,-0.30,0.35,67
POS,0.52,-0.30,0.36,75
POS,0.52,-0.30,0.37,74
POS,0.49,-0.31,0.34,64
POS,0.50,-0.30,0.35,71
POS,0.50,-0.28,0.36,69
POS,0.53,-0.29,0.35,76
POS,0.55,-0.29,0.35,76
POS,0.54,-0.30,0.34,71
POS,0.53,-0.30,0.35,71
POS,0.52,-0.32,0.34,71
POS,0.51,-0.31,0.36,72
POS,0.52,-0.31,0.36,74
POS,0.53,-0.29,0.37,74
POS,0.54,-0.29,0.37,72
POS,0.52,-0.27,0.37,67
POS,0.43,-0.18,0.33,83
POS,0.42,-0.21,0.34,69
POS,0.45,-0.22,0.35,73
POS,0.47,-0.24,0.37,76
POS,0.48,-0.26,0.37,73
POS,0.51,-0.25,0.37,71
POS,0.49,-0.26,0.38,69
POS,0.52,-0.26,0.37,73
POS,0.49,-0.27,0.37,70
POS,0.53,-0.26,0.38,77
POS,0.50,-0.29,0.35,65
POS,0.51,-0.28,0.36,74
POS,0.52,-0.27,0.37,73
POS,0.54,-0.26,0.38,74
POS,0.54,-0.25,0.39,72
POS,0.56,-0.24,0.39,74
POS,0.55,-0.25,0.39,73
POS,0.55,-0.24,0.38,71
POS,0.54,-0.26,0.38,71
POS,0.54,-0.27,0.37,70
POS,0.54,-0.27,0.36,70
POS,0.51,-0.29,0.36,71
POS,0.51,-0.29,0.37,72
POS,0.54,-0.28,0.37,75
POS,0.56,-0.26,0.38,77
POS,0.54,-0.28,0.36,68
POS,0.52,-0.29,0.35,68
POS,0.52,-0.29,0.34,67
POS,0.53,-0.29,0.36,76
POS,0.52,-0.29,0.35,68
POS,0.53,-0.28,0.35,69
POS,0.51,-0.28,0.35,66
POS,0.51,-0.27,0.36,72
POS,0.52,-0.28,0.36,73
POS,0.52,-0.29,0.35,69
POS,0.52,-0.29,0.36,73
POS,0.55,-0.28,0.36,74
POS,0.53,-0.29,0.36,73
POS,0.54,-0.29,0.36,73
POS,0.55,-0.28,0.37,73
POS,0.55,-0.28,0.37,73
POS,0.53,-0.27,0.38,72
POS,0.54,-0.29,0.37,73
POS,0.53,-0.30,0.37,74
POS,0.53,-0.29,0.37,71
POS,0.55,-0.30,0.36,73
POS,0.54,-0.29,0.36,69
POS,0.53,-0.29,0.35,68
POS,0.53,-0.28,0.36,73
POS,0.53,-0.27,0.36,69
POS,0.52,-0.28,0.38,75
POS,0.51,-0.30,0.36,71
POS,0.49,-0.31,0.35,70
POS,0.50,-0.30,0.36,72
POS,0.50,-0.29,0.37,72
POS,0.53,-0.30,0.38,78
POS,0.55,-0.29,0.37,75
POS,0.56,-0.29,0.37,75
POS,0.53,-0.30,0.35,68
POS,0.54,-0.27,0.17,86
POS,0.55,-0.24,0.24,76
POS,0.53,-0.22,0.29,73
POS,0.54,-0.24,0.31,73
POS,0.55,-0.26,0.32,74
POS,0.56,-0.26,0.33,75
POS,0.55,-0.29,0.35,77
POS,0.55,-0.29,0.35,72
POS,0.54,-0.30,0.35,72
POS,0.55,-0.28,0.35,70
POS,0.56,-0.28,0.37,77
POS,0.57,-0.28,0.37,77
POS,0.55,-0.26,0.37,67
POS,0.58,-0.24,0.38,76
POS,0.53,-0.26,0.37,69
POS,0.55,-0.24,0.38,73
POS,0.55,-0.23,0.38,70
POS,0.53,-0.25,0.37,69