POS,0.04,-0.45,0.11,84
POS,0.04,-0.46,0.12,85
POS,0.04,-0.46,0.13,85
POS,0.03,-0.45,0.12,81
POS,0.02,-0.45,0.12,82
POS,0.06,-0.46,0.13,82
POS,0.08,-0.47,0.13,82
POS,0.06,-0.46,0.15,84
POS,0.04,-0.44,0.14,80
POS,0.05,-0.45,0.13,83
POS,0.07,-0.46,0.11,82
POS,0.09,-0.46,0.08,78
POS,0.07,-0.44,0.05,79
POS,0.10,-0.45,0.03,77
POS,0.10,-0.45,0.03,80
POS,0.11,-0.46,0.04,80
POS,0.14,-0.46,0.06,76

POS,0.16,-0.47,0.08,78
POS,0.19,-0.48,0.07,77
POS,0.16,-0.47,0.04,80
POS,0.16,-0.47,0.04,80
POS,0.17,-0.47,0.03,76
POS,0.17,-0.47,0.03,79
POS,0.15,-0.48,0.03,83
POS,0.17,-0.46,-0.02,82
POS,0.24,-0.48,-0.04,80
POS,0.32,-0.51,-0.01,84
POS,0.29,-0.51,-0.00,78
POS,0.32,-0.49,-0.07,85
POS,0.29,-0.51,-0.06,81
POS,0.24,-0.47,-0.17,95
POS,0.20,-0.49,-0.15,85
POS,0.21,-0.50,-0.04,83
POS,0.22,-0.53,0.01,84
POS,0.35,-0.52,0.05,85
POS,0.32,-0.54,0.13,86
POS,0.35,-0.56,0.14,82
POS,0.35,-0.57,0.14,82
POS,0.34,-0.58,0.15,82
POS,0.31,-0.58,0.21,87
POS,0.29,-0.56,0.25,84
POS,0.29,-0.57,0.28,85
POS,0.24,-0.58,0.28,88
POS,0.22,-0.59,0.29,88
POS,0.22,-0.60,0.30,87
POS,0.14,-0.57,0.27,88
POS,0.07,-0.52,0.31,91
POS,0.06,-0.50,0.35,90
POS,0.05,-0.50,0.41,91

POS,0.23,-0.51,0.42,90
POS,0.20,-0.52,0.46,90
POS,0.18,-0.53,0.48,90
POS,0.20,-0.52,0.53,91
POS,0.25,-0.51,0.58,90
POS,0.19,-0.43,0.65,95
POS,0.19,-0.50,0.61,91
POS,0.24,-0.57,0.51,88
POS,0.22,-0.61,0.38,89
POS,0.24,-0.62,0.39,88
POS,0.23,-0.65,0.34,89
POS,0.21,-0.66,0.33,89
POS,0.25,-0.66,0.34,87
POS,0.28,-0.67,0.30,86
POS,0.20,-0.66,0.34,92
POS,0.14,-0.57,0.46,95
POS,0.17,-0.54,0.51,90
POS,0.09,-0.52,0.52,93
POS,0.07,-0.54,0.50,91
POS,0.08,-0.55,0.44,87
POS,0.11,-0.57,0.36,86
POS,0.15,-0.62,0.34,89
POS,0.21,-0.62,0.24,81
POS,0.23,-0.60,0.21,79
POS,0.20,-0.57,0.13,83
POS,0.20,-0.57,0.11,82
POS,0.19,-0.53,0.01,89
POS,0.18,-0.50,-0.07,90
POS,0.17,-0.48,-0.12,87
POS,0.16,-0.48,-0.09,80
POS,0.17,-0.49,-0.06,81
POS,0.16,-0.48,-0.03,80
POS,0.18,-0.50,0.00,80
POS,0.18,-0.51,0.03,82
POS,0.19,-0.51,0.00,80
POS,0.21,-0.52,0.01,79
POS,0.18,-0.51,-0.02,82
POS,0.19,-0.50,-0.06,83
POS,0.20,-0.23,-0.04,82
POS,0.13,-0.25,-0.03,82
POS,0.22,-0.33,-0.06,81
POS,0.15,-0.30,-0.14,95


POS,0.10,-0.34,-0.16,90
POS,0.05,-0.39,-0.15,89
POS,0.11,-0.46,-0.10,85
POS,0.15,-0.52,-0.05,86
POS,0.16,-0.55,-0.04,85
POS,0.13,-0.55,-0.01,87
POS,0.05,-0.51,0.00,88
POS,0.11,-0.54,-0.02,84
POS,0.18,-0.57,-0.02,83
POS,0.19,-0.59,-0.01,85
POS,0.24,-0.60,-0.04,84
POS,0.17,-0.56,-0.03,83
POS,0.13,-0.54,-0.02,85
POS,0.07,-0.49,0.04,86
POS,0.04,-0.47,0.04,83
POS,-0.01,-0.43,0.07,87
POS,-0.03,-0.41,0.09,85
POS,-0.03,-0.40,0.10,81
POS,-0.03,-0.41,0.12,84
POS,-0.04,-0.41,0.11,85
POS,-0.04,-0.41,0.12,83
POS,-0.04,-0.42,0.13,85
POS,-0.04,-0.41,0.15,85
POS,-0.04,-0.39,0.16,81
POS,-0.05,-0.38,0.15,85
POS,-0.04,-0.39,0.14,83
POS,-0.05,-0.40,0.12,84
POS,-0.06,-0.39,0.11,84
POS,-0.04,-0.42,0.10,84
POS,-0.05,-0.42,0.12,86
POS,-0.02,-0.42,0.13,82
POS,-0.02,-0.42,0.14,84
POS,-0.04,-0.40,0.15,85
POS,-0.04,-0.41,0.14,84
POS,-0.04,-0.42,0.13,85
POS,-0.03,-0.41,0.15,81
POS,-0.02,-0.41,0.17,83
POS,-0.02,-0.40,0.17,84
POS,-0.04,-0.41,0.15,85
POS,-0.04,-0.41,0.17,85
POS,0.01,-0.43,0.18,83
POS,-0.00,-0.42,0.19,84
POS,0.00,-0.44,0.20,87
POS,-0.01,-0.45,0.18,85
POS,-0.01,-0.44,0.17,83
POS,-0.01,-0.45,0.16,85
POS,-0.01,-0.45,0.16,84
POS,-0.02,-0.45,0.15,85
POS,-0.01,-0.46,0.14,86
POS,-0.02,-0.45,0.12,84
POS,0.00,-0.46,0.11,83
POS,0.01,-0.47,0.12,85
POS,0.00,-0.46,0.10,82
POS,-0.00,-0.45,0.11,84
POS,-0.02,-0.44,0.14,87
POS,-0.04,-0.41,0.15,84
POS,-0.05,-0.41,0.12,85
POS,-0.04,-0.42,0.14,85
POS,-0.04,-0.41,0.15,84
POS,-0.05,-0.40,0.14,83
POS,-0.07,-0.38,0.11,85
POS,-0.08,-0.38,0.12,86
POS,-0.07,-0.38,0.12,83
POS,-0.06,-0.40,0.11,83
POS,-0.07,-0.40,0.10,85
POS,-0.05,-0.41,0.11,83
POS,-0.06,-0.42,0.10,85
POS,-0.04,-0.42,0.12,84
POS,-0.03,-0.43,0.12,83
POS,-0.01,-0.44,0.11,82
POS,-0.01,-0.42,0.12,80
POS,-0.00,-0.42,0.12,81
POS,-0.03,-0.40,0.12,86
POS,-0.04,-0.39,0.11,83
POS,-0.04,-0.40,0.12,84
POS,-0.05,-0.39,0.15,85
POS,-0.05,-0.39,0.16,84
POS,-0.05,-0.40,0.15,85
POS,-0.06,-0.39,0.15,84
POS,-0.07,-0.38,0.14,86
POS,-0.06,-0.40,0.09,83
POS,-0.06,-0.40,0.10,83
POS,-0.06,-0.38,0.11,84
POS,-0.06,-0.39,0.12,85
POS,-0.07,-0.38,0.14,86
POS,-0.05,-0.40,0.12,83
POS,-0.04,-0.43,0.12,86
POS,-0.03,-0.43,0.12,82
POS,-0.02,-0.43,0.11,83
POS,-0.04,-0.40,0.08,84
POS,-0.02,-0.42,0.10,84
POS,-0.01,-0.44,0.09,85
POS,-0.01,-0.44,0.10,82
POS,-0.04,-0.40,0.13,88
POS,-0.02,-0.42,0.13,84
POS,-0.02,-0.42,0.13,82
POS,-0.02,-0.42,0.15,85
POS,-0.03,-0.42,0.14,84
POS,-0.02,-0.43,0.11,83
POS,-0.03,-0.41,0.11,82
POS,-0.02,-0.40,0.13,82
POS,-0.04,-0.42,0.12,86
POS,-0.05,-0.40,0.13,84
POS,-0.06,-0.41,0.14,87
POS,-0.04,-0.41,0.15,82
POS,-0.02,-0.43,0.15,85
POS,-0.02,-0.42,0.15,81
POS,-0.01,-0.43,0.14,83
POS,-0.03,-0.42,0.15,87
POS,-0.02,-0.42,0.16,83
POS,-0.02,-0.41,0.16,83
POS,-0.02,-0.41,0.16,83
POS,-0.03,-0.41,0.15,85
POS,-0.00,-0.43,0.11,82
POS,0.01,-0.43,0.12,81
POS,-0.02,-0.40,0.12,86
POS,-0.01,-0.41,0.14,84
POS,0.01,-0.42,0.14,82
POS,0.00,-0.41,0.16,84
POS,-0.01,-0.41,0.15,82
POS,-0.01,-0.41,0.16,83
POS,-0.01,-0.41,0.18,84
POS,-0.02,-0.40,0.16,82
POS,-0.02,-0.40,0.16,83
POS,-0.03,-0.38,0.14,82
POS,-0.05,-0.37,0.13,84
POS,-0.05,-0.38,0.14,84
POS,-0.06,-0.37,0.12,84
POS,-0.03,-0.39,0.13,82
POS,-0.02,-0.41,0.12,83
POS,-0.02,-0.42,0.13,85
POS,-0.02,-0.42,0.12,83
POS,-0.02,-0.41,0.15,83
POS,-0.02,-0.41,0.15,84
POS,-0.03,-0.41,0.16,85
POS,-0.01,-0.42,0.17,84
POS,-0.03,-0.40,0.12,82
POS,-0.03,-0.41,0.11,83
POS,-0.04,-0.39,0.11,83
POS,-0.01,-0.42,0.07,84
POS,-0.01,-0.42,0.11,84
POS,-0.04,-0.40,0.12,86
POS,-0.05,-0.37,0.14,84
POS,-0.07,-0.35,0.13,85
POS,-0.04,-0.38,0.11,80
POS,-0.05,-0.37,0.11,85
POS,-0.07,-0.37,0.14,87
POS,-0.06,-0.38,0.13,84
POS,-0.07,-0.38,0.12,85
POS,-0.05,-0.39,0.12,81
POS,-0.03,-0.41,0.12,84
POS,-0.03,-0.42,0.15,85
POS,-0.02,-0.42,0.16,83
POS,-0.04,-0.40,0.18,87
POS,-0.03,-0.40,0.17,82
POS,-0.03,-0.41,0.17,85
POS,-0.02,-0.40,0.18,83
POS,-0.03,-0.41,0.15,84
POS,-0.02,-0.40,0.16,82
POS,-0.04,-0.38,0.19,87
POS,-0.04,-0.39,0.19,85
POS,-0.04,-0.39,0.19,84
POS,-0.03,-0.41,0.20,85
POS,0.00,-0.43,0.17,84
POS,0.04,-0.46,0.18,84
POS,0.02,-0.45,0.18,84
POS,0.01,-0.44,0.16,83
POS,-0.01,-0.43,0.17,86
POS,-0.03,-0.43,0.14,85
POS,-0.03,-0.40,0.17,84
POS,-0.02,-0.41,0.16,82
POS,-0.03,-0.42,0.16,86
POS,-0.05,-0.41,0.16,86
POS,-0.06,-0.40,0.15,85
POS,-0.06,-0.40,0.14,84
POS,-0.06,-0.42,0.15,86
POS,-0.02,-0.43,0.15,84
POS,-0.03,-0.43,0.12,84
POS,-0.05,-0.40,0.14,86
POS,-0.06,-0.38,0.13,84
POS,-0.06,-0.39,0.12,84
POS,-0.05,-0.40,0.12,85
POS,-0.04,-0.41,0.11,81
POS,-0.02,-0.43,0.10,84
POS,-0.02,-0.42,0.13,84
POS,-0.01,-0.43,0.11,83
POS,-0.02,-0.44,0.11,84
POS,-0.03,-0.42,0.11,85
POS,-0.03,-0.43,0.10,84
POS,-0.01,-0.45,0.09,83
POS,-0.01,-0.44,0.11,85
POS,-0.00,-0.44,0.12,81
POS,-0.02,-0.43,0.10,83
POS,-0.03,-0.41,0.12,84
POS,-0.03,-0.43,0.11,85
POS,-0.01,-0.43,0.08,80
POS,-0.01,-0.43,0.09,82
POS,0.04,-0.45,0.12,82
POS,0.04,-0.46,0.12,84
POS,0.05,-0.46,0.12,83
POS,0.00,-0.43,0.13,87
POS,0.02,-0.44,0.12,82
POS,-0.01,-0.43,0.12,86
POS,-0.00,-0.44,0.11,84
POS,-0.00,-0.45,0.10,85
POS,-0.01,-0.43,0.13,83
POS,-0.04,-0.42,0.14,86
POS,-0.03,-0.43,0.11,83
POS,-0.03,-0.43,0.12,84
POS,-0.03,-0.42,0.14,85
POS,-0.03,-0.42,0.15,84
POS,-0.02,-0.41,0.19,96
POS,-0.03,-0.39,0.17,82
POS,-0.05,-0.37,0.17,86
POS,-0.06,-0.39,0.14,86
POS,-0.07,-0.38,0.15,86
POS,-0.02,-0.42,0.11,83
POS,-0.00,-0.44,0.11,85
POS,0.00,-0.43,0.12,81
POS,-0.01,-0.42,0.16,87
POS,-0.00,-0.44,0.16,85
POS,-0.02,-0.42,0.19,87
POS,0.01,-0.43,0.16,82
POS,-0.02,-0.41,0.17,86
POS,-0.02,-0.41,0.14,82
POS,-0.03,-0.40,0.18,87
POS,-0.02,-0.41,0.16,83
POS,-0.01,-0.43,0.16,85
POS,-0.02,-0.43,0.15,83
POS,0.01,-0.44,0.16,84
POS,-0.00,-0.44,0.16,85
POS,-0.03,-0.42,0.15,85
POS,-0.05,-0.39,0.15,85
POS,-0.04,-0.41,0.16,86
POS,-0.03,-0.41,0.17,82
POS,0.02,-0.44,0.16,82
POS,0.09,-0.50,0.16,97
POS,0.05,-0.46,0.16,83
POS,0.02,-0.45,0.14,84
POS,0.01,-0.43,0.15,84
POS,0.02,-0.44,0.16,84
POS,-0.00,-0.41,0.15,82
POS,-0.00,-0.43,0.15,85
POS,-0.00,-0.44,0.15,85
POS,-0.01,-0.43,0.13,83
POS,-0.00,-0.42,0.14,81
POS,-0.03,-0.40,0.15,85
POS,0.00,-0.41,0.16,83
POS,-0.00,-0.40,0.18,83
POS,0.01,-0.41,0.15,81
POS,-0.01,-0.41,0.13,84
POS,-POS,-0.07,-0.40,0.14,86
POS,-0.01,-0.44,0.15,82
POS,0.00,-0.45,0.15,85
POS,0.01,-0.45,0.19,86
POS,-0.00,-0.43,0.19,85
POS,-0.03,-0.40,0.15,83
POS,-0.06,-0.37,0.16,88
POS,-0.05,-0.37,0.16,82
POS,-0.06,-0.37,0.15,85
POS,-0.06,-0.37,0.16,83
POS,-0.07,-0.37,0.17,86
POS,-0.03,-0.40,0.13,82
POS,-0.03,-0.41,0.14,85
POS,-0.01,-0.42,0.13,81
POS,-0.04,-0.40,0.14,87
POS,-0.03,-0.43,0.15,87
POS,-0.03,-0.42,0.16,84
POS,-0.03,-0.42,0.16,85
POS,0.01,-0.46,0.15,83
POS,-0.00,-0.45,0.13,85
POS,-0.00,-0.46,0.13,84
POS,-0.03,-0.43,0.16,88
POS,-0.01,-0.43,0.15,82
POS,-0.01,-0.45,0.14,86
POS,-0.01,-0.45,0.14,85
POS,-0.02,-0.45,0.13,84
POS,-0.01,-0.45,0.15,85
POS,0.01,-0.47,0.13,86
POS,-0.02,-0.45,0.13,85
POS,-0.02,-0.44,0.16,85
POS,-0.00,-0.45,0.15,85
POS,-0.02,-0.43,0.18,86
POS,0.08,-0.49,0.20,95
POS,0.07,-0.48,0.15,81
POS,0.05,-0.46,0.16,83
POS,0.03,-0.45,0.16,84
POS,0.00,-0.42,0.16,84
POS,-0.01,-0.43,0.16,85
POS,-0.01,-0.42,0.14,80
POS,0.01,-0.45,0.14,86
POS,-0.01,-0.44,0.13,84
POS,0.02,-0.45,0.16,84
POS,0.06,-0.47,0.10,82
POS,0.07,-0.48,0.11,83
POS,0.06,-0.48,0.13,85
POS,0.05,-0.46,0.12,79
POS,0.03,-0.43,0.15,85
POS,0.04,-0.42,0.04,96
POS,0.03,-0.43,0.06,83
POS,0.01,-0.42,0.09,84
POS,0.01,-0.42,0.12,85
POS,0.00,-0.42,0.12,83
POS,-0.02,-0.41,0.13,85
POS,-0.04,-0.40,0.15,87
POS,-0.04,-0.40,0.15,84
POS,-0.05,-0.39,0.15,84
POS,-0.03,-0.41,0.15,84
POS,0.00,-0.43,0.15,83
POS,-0.01,-0.42,0.13,84
POS,-0.00,-0.42,0.15,82
POS,0.01,-0.43,0.14,82
POS,-0.00,-0.43,0.16,85
POS,0.02,-0.43,0.16,81
POS,-0.01,-0.40,0.16,83
POS,0.03,-0.42,0.16,82
POS,0.01,-0.40,0.17,83
POS,0.01,-0.42,0.17,85
POS,-0.03,-0.39,0.15,86
POS,-0.02,-0.40,0.17,85
POS,-0.05,-0.38,0.19,87
POS,-0.05,-0.39,0.18,86
POS,-0.03,-0.40,0.20,84
POS,-0.04,-0.41,0.16,85
POS,-0.01,-0.43,0.15,84
POS,0.03,-0.46,0.12,83
POS,0.03,-0.46,0.11,83
POS,0.01,-0.44,0.15,85
POS,-0.01,-0.42,0.13,83
POS,0.02,-0.44,0.10,83
POS,-0.00,-0.42,0.14,85
POS,-0.01,-0.42,0.12,83
POS,0.00,-0.43,0.14,84
POS,-0.00,-0.42,0.15,83
POS,0.01,-0.43,0.16,83
POS,0.00,-0.43,0.14,84
POS,-0.01,-0.42,0.14,84
POS,-0.02,-0.43,0.12,85
POS,-0.02,-0.43,0.10,82
POS,0.01,-0.45,0.13,85
POS,-0.02,-0.42,0.16,87
POS,-0.03,-0.41,0.14,82
POS,-0.02,-0.41,0.12,82
POS,-0.03,-0.40,0.15,85
POS,-0.03,-0.41,0.13,83
POS,-0.01,-0.43,0.11,83
POS,-0.01,-0.43,0.14,86
POS,-0.05,-0.40,0.12,87
POS,-0.03,-0.43,0.10,84
POS,-0.03,-0.42,0.14,86
POS,-0.02,-0.42,0.15,83
POS,-0.04,-0.41,0.16,86
POS,-0.04,-0.42,0.17,86
POS,-0.04,-0.43,0.16,86
POS,-0.04,-0.42,0.16,84
POS,-0.05,-0.42,0.12,84
POS,-0.03,-0.43,0.10,83
POS,-0.03,-0.42,0.11,84
POS,-0.04,-0.42,0.13,85
POS,-0.06,-0.39,0.15,87
POS,-0.07,-0.38,0.14,83
POS,-0.02,-0.42,0.14,83
POS,-0.04,-0.40,0.14,86
POS,-0.06,-0.39,0.12,86
POS,-0.08,-0.38,0.13,87
POS,-0.06,-0.38,0.16,84
POS,-0.05,-0.41,0.12,83
POS,-0.04,-0.41,0.13,83
POS,-0.05,-0.40,0.15,86
POS,-0.04,-0.40,0.15,81
POS,-0.03,-0.41,0.15,84
POS,-0.01,-0.43,0.15,84
POS,-0.01,-0.42,0.15,82
POS,-0.00,-0.43,0.15,83
POS,-0.01,-0.43,0.14,82
POS,-0.01,-0.44,0.15,86
POS,-0.01,-0.45,0.15,85
POS,-0.03,-0.44,0.15,86
POS,-0.02,-0.44,0.15,83
POS,-0.01,-0.44,0.16,85
POS,-0.02,-0.43,0.15,84
POS,-0.00,-0.44,0.15,82
POS,-0.02,-0.43,0.15,85
POS,-0.02,-0.43,0.17,84
POS,-0.02,-0.43,0.11,99
POS,-0.02,-0.42,0.11,81
POS,-0.02,-0.44,0.10,85
POS,-0.02,-0.43,0.12,84
POS,-0.00,-0.44,0.10,83
POS,-0.02,-0.42,0.11,83
POS,0.01,-0.45,0.11,84
POS,-0.03,-0.41,0.11,86
POS,-0.02,-0.42,0.14,85
POS,-0.03,-0.41,0.13,82
POS,0.00,-0.43,0.14,85
POS,0.00,-0.43,0.14,83
POS,-0.00,-0.43,0.14,83
POS,-0.01,-0.41,0.14,81
POS,-0.01,-0.41,0.12,80
POS,0.01,-0.43,0.14,85
POS,0.01,-0.42,0.15,83
POS,-0.01,-0.43,0.12,85
POS,0.00,-0.43,0.13,83
POS,0.03,-0.45,0.15,84
POS,-0.00,-0.42,0.17,86
POS,-0.00,-0.43,0.16,85
POS,0.00,-0.42,0.18,82
POS,0.00,-0.43,0.14,84
POS,0.02,-0.45,0.16,86
POS,0.01,-0.44,0.14,82
POS,-0.01,-0.42,0.16,85
POS,-0.02,-0.43,0.16,87
POS,-0.04,-0.44,0.14,86
POS,-0.03,-0.43,0.12,81
POS,-0.02,-0.44,0.11,82
POS,-0.03,-0.43,0.10,85
POS,-0.02,-0.44,0.09,84
POS,-0.04,-0.43,0.11,86
POS,-0.04,-0.41,0.13,83
POS,-0.04,-0.42,0.15,86
POS,-0.04,-0.42,0.14,84
POS,-0.04,-0.42,0.13,83
POS,-0.07,-0.38,0.12,86
POS,-0.06,-0.38,0.13,83
POS,-0.06,-0.39,0.11,83
POS,-0.04,-0.41,0.11,83
POS,-0.07,-0.38,0.12,87
POS,-0.04,-0.40,0.12,83
POS,-0.05,-0.39,0.14,85
POS,-0.04,-0.40,0.14,83
POS,-0.01,-0.43,0.14,85
POS,-0.00,-0.44,0.11,83
POS,-0.00,-0.43,0.09,80
POS,0.01,-0.45,0.11,85
POS,-0.02,-0.43,0.11,85
POS,-0.02,-0.42,0.09,81
POS,-0.02,-0.42,0.09,82
POS,-0.02,-0.42,0.09,84
POS,-0.01,-0.43,0.11,84
POS,-0.01,-0.42,0.13,83
POS,-0.04,-0.39,0.16,87
POS,-0.04,-0.39,0.15,84
POS,-0.01,-0.42,0.15,84
POS,0.01,-0.44,0.14,83
POS,0.03,-0.45,0.15,84
POS,0.01,-0.44,0.15,85
POS,0.03,-0.45,0.16,84
POS,0.02,-0.46,0.16,85
POS,0.02,-0.44,0.15,80
POS,0.02,-0.45,0.14,84
POS,0.03,-0.45,0.15,84
POS,0.02,-0.44,0.14,82
POS,-0.01,-0.42,0.14,85
POS,-0.02,-0.42,0.13,83
POS,0.01,-0.44,0.13,84
POS,0.02,-0.44,0.14,82
POS,-0.00,-0.44,0.14,86
POS,0.01,-0.45,0.12,84
POS,0.00,-0.45,0.13,84
POS,-0.01,-0.45,0.13,85
POS,-0.01,-0.44,0.10,82
POS,-0.02,-0.44,0.11,84
POS,-0.03,-0.43,0.09,84
POS,-0.02,-0.44,0.09,85
POS,-0.01,-0.46,0.09,85
POS,-0.01,-0.45,0.10,83
POS,-0.00,-0.45,0.11,84
POS,-0.01,-0.46,0.08,85
POS,-0.01,-0.45,0.09,83
POS,-0.01,-0.44,0.12,85
POS,-0.02,-0.45,0.14,86
POS,0.00,-0.46,0.14,85
POS,-0.03,-0.42,0.16,87
POS,-0.02,-0.43,0.16,85
POS,0.01,-0.45,0.15,85
POS,-0.01,-0.44,0.16,84
POS,-0.02,-0.42,0.12,82
POS,-0.01,-0.43,0.12,82
POS,-0.01,-0.45,0.13,86
POS,-0.00,-0.45,0.15,86
POS,-0.01,-0.45,0.16,85
POS,-0.01,-0.46,0.14,84
POS,-0.03,-0.43,0.17,87
POS,-0.03,-0.42,0.16,83
POS,-0.01,-0.43,0.15,83
POS,-0.00,-0.43,0.14,80
POS,-0.02,-0.43,0.15,86
POS,0.00,-0.45,0.16,85
POS,0.01,-0.45,0.16,84
POS,-0.01,-0.44,0.15,85
POS,-0.01,-0.46,0.15,86
POS,-0.01,-0.42,0.16,82
POS,-0.02,-0.42,0.17,85
POS,-0.01,-0.43,0.16,83
POS,0.00,-0.43,0.15,83
POS,0.00,-0.45,0.15,85
POS,-0.00,-0.46,0.16,86
POS,-0.03,-0.41,0.13,83
POS,-0.03,-0.41,0.12,81
POS,-0.03,-0.40,0.12,81
POS,-0.02,-0.41,0.10,83
POS,-0.00,-0.43,0.11,82
POS,-0.00,-0.43,0.10,83
POS,-0.00,-0.42,0.12,82
POS,-0.01,-0.42,0.14,85
POS,-0.00,-0.43,0.16,85
POS,0.02,-0.44,0.16,83
POS,-0.01,-0.42,0.18,86
POS,0.02,-0.44,0.17,84
POS,-0.02,-0.41,0.19,87
POS,-0.03,-0.41,0.18,84
POS,-0.02,-0.41,0.18,83
POS,-0.00,-0.42,0.13,81
POS,0.01,-0.43,0.13,83
POS,0.00,-0.42,0.15,84
POS,-0.01,-0.44,0.13,87
POS,-0.04,-0.43,0.11,85
POS,-0.03,-0.41,0.12,81
POS,-0.03,-0.40,0.15,85
POS,-0.02,-0.41,0.16,85
POS,-0.01,-0.42,0.13,82
POS,-0.01,-0.42,0.13,83
POS,-0.01,-0.42,0.16,85
POS,-0.01,-0.41,0.16,82
POS,-0.01,-0.43,0.15,85
POS,-0.04,-0.41,0.13,86
POS,-0.03,-0.41,0.12,80
POS,-0.03,-0.41,0.12,83
POS,-0.01,-0.43,0.11,84
POS,-0.00,-0.43,0.11,82
POS,-0.00,-0.43,0.13,83
POS,0.00,-0.43,0.14,83
POS,0.01,-0.44,0.16,87
POS,0.00,-0.44,0.16,83
POS,-0.00,-0.43,0.14,82
POS,-0.00,-0.43,0.14,82
POS,0.00,-0.43,0.14,83
POS,-0.01,-0.43,0.12,85
POS,-0.01,-0.42,0.16,85
POS,-0.03,-0.41,0.17,86
POS,-0.06,-0.39,0.17,87
POS,-0.06,-0.38,0.17,84
POS,-0.09,-0.35,0.17,88
POS,-0.07,-0.36,0.17,82
POS,-0.05,-0.38,0.15,83
POS,-0.01,-0.41,0.13,83
POS,0.00,-0.43,0.14,84
POS,-0.02,-0.43,0.15,86
POS,-0.03,-0.42,0.16,85
POS,-0.03,-0.41,0.17,83
POS,-0.04,-0.41,0.16,85
POS,-0.03,-0.43,0.14,84
POS,-0.05,-0.40,0.14,84
POS,-0.02,-0.42,0.14,85
POS,-0.02,-0.43,0.15,85
POS,-0.02,-0.43,0.15,85
POS,-0.03,-0.41,0.15,83
POS,-0.03,-0.42,0.14,84
POS,-0.04,-0.41,0.15,86
POS,-0.04,-0.42,0.16,86
POS,-0.05,-0.41,0.18,87
POS,-0.06,-0.40,0.19,85
POS,-0.05,-0.40,0.18,84
POS,-0.03,-0.42,0.15,84
POS,-0.05,-0.41,0.13,84
POS,-0.05,-0.40,0.15,85
POS,-0.05,-0.40,0.18,86
POS,-0.04,-0.40,0.16,81
POS,-0.00,-0.42,0.18,83
POS,0.01,-0.43,0.20,86
POS,-0.01,-0.42,0.22,87
POS,-0.03,-0.41,0.19,84
POS,-0.02,-0.41,0.21,85
POS,-0.04,-0.40,0.20,85
POS,-0.04,-0.40,0.19,84
POS,-0.04,-0.42,0.18,86
POS,-0.05,-0.41,0.17,85
POS,-0.03,-0.41,0.18,83
POS,-0.05,-0.39,0.19,85
POS,-0.02,-0.41,0.19,84
POS,-0.04,-0.39,0.17,85
POS,-0.05,-0.40,0.15,84
POS,-0.05,-0.41,0.14,85
POS,-0.05,-0.41,0.16,85
POS,-0.07,-0.39,0.15,87
POS,-0.09,-0.36,0.14,85
POS,-0.09,-0.34,0.13,84
POS,-0.07,-0.37,0.14,84
POS,-0.05,-0.39,0.13,83
POS,-0.04,-0.38,0.13,79
POS,-0.03,-0.39,0.15,85
POS,-0.03,-0.40,0.14,83
POS,-0.00,-0.41,0.16,84
POS,-0.01,-0.41,0.18,86
POS,-0.00,-0.42,0.20,85
POS,0.01,-0.44,0.15,84
POS,-0.00,-0.43,0.16,85
POS,0.00,-0.44,0.16,84
POS,-0.01,-0.44,0.16,85
POS,-0.01,-0.45,0.16,86
POS,0.01,-0.45,0.15,81
POS,0.02,-0.46,0.12,83
POS,0.02,-0.46,0.14,85
POS,-0.00,-0.44,0.15,84
POS,-0.01,-0.43,0.13,84
POS,-0.01,-0.43,0.15,85
POS,-0.02,-0.41,0.17,84
POS,-0.03,-0.40,0.18,86
POS,-0.06,-0.35,0.17,95
POS,-0.03,-0.38,0.13,81
POS,-0.03,-0.37,0.14,83
POS,-0.03,-0.39,0.15,85
POS,-0.03,-0.41,0.15,85
POS,0.01,-0.42,0.16,81
POS,0.01,-0.41,0.17,82
POS,-0.00,-0.40,0.18,84
POS,-0.00,-0.41,0.20,85
POS,-0.01,-0.42,0.18,85
POS,-0.03,-0.40,0.20,86
POS,-0.03,-0.40,0.19,84
POS,-0.00,-0.42,0.18,82
POS,-0.03,-0.41,0.16,86
POS,-0.03,-0.39,0.19,84
POS,-0.02,-0.39,0.19,83
POS,-0.04,-0.40,0.18,85
POS,-0.02,-0.42,0.19,86
POS,-0.02,-0.41,0.19,83
POS,-0.02,-0.40,0.20,83
POS,-0.03,-0.40,0.16,83
POS,-0.02,-0.42,0.14,85
POS,-0.00,-0.44,0.16,85
POS,-0.00,-0.45,0.15,85
POS,-0.00,-0.44,0.15,83
POS,-0.00,-0.44,0.17,85
POS,0.02,-0.45,0.18,84
POS,0.00,-0.45,0.17,85
POS,0.01,-0.45,0.16,83
POS,0.01,-0.45,0.11,81
POS,-0.01,-0.43,0.12,85
POS,-0.01,-0.43,0.12,83
POS,-0.03,-0.42,0.13,86
POS,-0.03,-0.42,0.13,83
POS,0.02,-0.45,0.12,83
POS,0.02,-0.46,0.13,85
POS,0.03,-0.46,0.12,81
POS,0.00,-0.44,0.12,85
POS,0.00,-0.44,0.12,83
POS,0.03,-0.46,0.11,83
POS,0.00,-0.44,0.13,85
POS,0.02,-0.45,0.13,84
POS,0.02,-0.46,0.14,85
POS,0.01,-0.44,0.17,85
POS,0.03,-0.47,0.17,86
POS,0.01,-0.45,0.16,84
POS,0.00,-0.45,0.17,85
POS,0.01,-0.44,0.19,82
POS,0.01,-0.45,0.18,85
POS,-0.01,-0.42,0.19,84
POS,-0.01,-0.42,0.17,83
POS,-0.03,-0.39,0.17,84
POS,0.00,-0.43,0.15,84
POS,-0.01,-0.43,0.15,85
POS,-0.01,-0.43,0.17,85
POS,0.01,-0.44,0.16,83
POS,0.03,-0.45,0.16,84
POS,0.02,-0.45,0.15,83
POS,0.04,-0.46,0.13,84
POS,0.04,-0.47,0.13,85
POS,0.02,-0.46,0.12,82
POS,0.01,-0.45,0.12,85
POS,-0.00,-0.44,0.14,83
POS,-0.01,-0.44,0.13,85
POS,-0.01,-0.43,0.15,84
POS,-0.02,-0.43,0.16,84
POS,-0.01,-0.44,0.13,84
POS,-0.01,-0.44,0.11,83
POS,-0.01,-0.43,0.12,82
POS,-0.02,-0.43,0.15,87
POS,0.01,-0.42,0.17,81
POS,0.01,-0.43,0.17,82
POS,0.01,-0.43,0.18,86
POS,0.01,-0.45,0.17,84
POS,0.01,-0.43,0.18,82
POS,0.02,-0.45,0.16,84
POS,-0.00,-0.45,0.15,86
POS,-0.00,-0.45,0.15,84
POS,0.00,-0.44,0.14,81
POS,0.01,-0.44,0.15,83
POS,0.02,-0.44,0.16,83
POS,0.02,-0.45,0.15,84
POS,0.01,-0.45,0.14,83
POS,0.01,-0.45,0.14,85
POS,-0.02,-0.43,0.14,85
POS,-0.05,-0.41,0.12,85
POS,-0.04,-0.41,0.14,84
POS,-0.05,-0.41,0.16,86
POS,-0.05,-0.41,0.18,87
POS,-0.06,-0.38,0.17,83
POS,-0.04,-0.39,0.16,81
POS,-0.03,-0.39,0.18,84
POS,-0.03,-0.41,0.18,86
POS,-0.03,-0.41,0.18,84
POS,-0.04,-0.41,0.17,84
POS,-0.03,-0.40,0.16,81
POS,-0.02,-0.42,0.13,83
POS,-0.03,-0.41,0.14,83
POS,-0.03,-0.41,0.14,83
POS,-0.01,-0.42,0.14,83
POS,0.00,-0.44,0.13,84
POS,-0.01,-0.43,0.12,83
POS,-0.01,-0.43,0.13,83
POS,-0.01,-0.44,0.14,86
POS,-0.02,-0.44,0.11,83
POS,-0.01,-0.45,0.11,84
POS,-0.03,-0.43,0.09,85
POS,-0.04,-0.43,0.11,85
POS,-0.01,-0.45,0.11,84
POS,-0.01,-0.44,0.10,82
POS,-0.02,-0.42,0.12,84
POS,-0.00,-0.43,0.14,83
POS,0.01,-0.43,0.12,79
POS,0.01,-0.43,0.13,83
POS,0.00,-0.42,0.15,84
POS,-0.03,-0.41,0.14,86
POS,-0.04,-0.41,0.16,86
POS,-0.01,-0.43,0.13,83
POS,-0.03,-0.39,0.10,83
POS,-0.05,-0.38,0.12,85
POS,-0.01,-0.40,0.12,81
POS,-0.04,-0.39,0.14,87
POS,-0.01,-0.41,0.15,84
POS,-0.03,-0.39,0.12,83
POS,-0.01,-0.40,0.14,82
POS,-0.02,-0.38,0.16,83
POS,-0.02,-0.38,0.12,80
POS,-0.03,-0.38,0.12,83
POS,-0.01,-0.40,0.10,82
POS,0.00,-0.43,0.10,84
POS,-0.02,-0.40,0.13,86
POS,-0.03,-0.41,0.13,86
POS,-0.05,-0.38,0.16,86
POS,-0.05,-0.39,0.16,85
POS,-0.03,-0.40,0.14,81
POS,-0.04,-0.39,0.14,83
POS,-0.01,-0.42,0.13,84
POS,-0.02,-0.41,0.13,84
POS,-0.01,-0.42,0.15,85
POS,-0.02,-0.43,0.15,85
POS,-0.02,-0.43,0.16,84
POS,-0.01,-0.43,0.14,81
POS,-0.02,-0.43,0.11,84
POS,-0.03,-0.43,0.12,84
POS,-0.03,-0.43,0.14,85
POS,-0.01,-0.45,0.14,85
POS,-0.02,-0.44,0.14,84
POS,-0.01,-0.43,0.13,81
POS,-0.01,-0.43,0.15,83
POS,-0.02,-0.43,0.14,85
POS,-0.02,-0.42,0.11,81
POS,-0.03,-0.41,0.08,83
POS,-0.03,-0.42,0.07,83
POS,-0.05,-0.38,0.12,87
POS,-0.05,-0.37,0.13,84
POS,-0.06,-0.35,0.12,82
POS,-0.02,-0.39,0.13,83
POS,-0.03,-0.38,0.14,85
POS,-0.04,-0.40,0.14,86
POS,-0.01,-0.42,0.13,83
POS,-0.01,-0.43,0.12,83
POS,0.04,-0.46,0.12,81
POS,0.04,-0.45,0.12,81
POS,0.01,-0.43,0.14,85
POS,0.00,-0.44,0.13,85
POS,-0.02,-0.43,0.10,84
POS,-0.03,-0.41,0.11,83
POS,-0.01,-0.43,0.09,84
POS,0.01,-0.43,0.13,83
POS,0.01,-0.44,0.13,84
POS,-0.00,-0.43,0.14,84
POS,-0.01,-0.42,0.16,85
POS,-0.01,-0.41,0.18,84
POS,-0.01,-0.40,0.18,82
POS,-0.02,-0.40,0.17,82
POS,-0.03,-0.38,0.14,81
POS,-0.04,-0.38,0.15,84
POS,-0.05,-0.37,0.15,85
POS,-0.06,-0.37,0.13,84
POS,-0.04,-0.39,0.15,84
POS,-0.03,-0.38,0.15,80
POS,-0.04,-0.38,0.14,84
POS,-0.02,-0.40,0.14,83
POS,-0.02,-0.39,0.13,81
POS,0.01,-0.42,0.15,83
POS,0.02,-0.41,0.18,83
POS,-0.00,-0.40,0.18,85
POS,0.00,-0.42,0.17,84
POS,0.01,-0.42,0.18,83
POS,-0.00,-0.41,0.17,82
POS,-0.00,-0.42,0.17,85
POS,0.02,-0.43,0.17,83
POS,-0.01,-0.40,0.18,85
POS,-0.02,-0.40,0.15,83
POS,-0.04,-0.40,0.15,86
POS,-0.04,-0.41,0.14,83
POS,-0.03,-0.39,0.16,83
POS,-0.00,-0.41,0.18,84
POS,0.02,-0.43,0.17,84
POS,0.01,-0.42,0.20,85
POS,0.02,-0.44,0.20,86
POS,0.01,-0.43,0.18,83
POS,0.02,-0.43,0.18,83
POS,-0.00,-0.43,0.15,84
POS,0.02,-0.44,0.15,84
POS,-0.01,-0.41,0.17,85
POS,-0.01,-0.41,0.14,80
POS,-0.01,-0.40,0.16,84
POS,-0.01,-0.40,0.17,83
POS,-0.03,-0.40,0.17,86
POS,-0.02,-0.40,0.19,84
POS,-0.00,-0.42,0.17,83
POS,-0.01,-0.40,0.18,84
POS,-0.01,-0.42,0.17,83
POS,-0.00,-0.42,0.16,82
POS,0.01,-0.43,0.18,86
POS,-0.01,-0.44,0.17,85
POS,0.00,-0.45,0.18,86
POS,-0.00,-0.42,0.19,83
POS,-0.02,-0.40,0.23,87
POS,-0.03,-0.37,0.23,85
POS,-0.00,-0.39,0.22,82
POS,-0.01,-0.38,0.22,83
POS,-0.04,-0.38,0.22,88
POS,-0.04,-0.38,0.22,85
POS,-0.06,-0.38,0.21,87
POS,-0.01,-0.41,0.18,82
POS,-0.03,-0.38,0.15,82
POS,-0.06,-0.36,0.15,87
POS,-0.04,-0.38,0.16,85
POS,-0.05,-0.38,0.16,85
POS,-0.03,-0.41,0.15,84
POS,-0.01,-0.42,0.09,83
POS,-0.03,-0.40,0.09,84
POS,-0.01,-0.41,0.09,81
POS,-0.01,-0.41,0.09,82
POS,-0.03,-0.41,0.08,84
POS,-0.04,-0.41,0.10,85
POS,-0.04,-0.40,0.11,82
POS,0.00,-0.42,0.14,83
POS,0.02,-0.43,0.15,84
POS,0.01,-0.42,0.15,84
POS,0.03,-0.44,0.14,82
POS,-0.00,-0.42,0.13,85
POS,-0.01,-0.42,0.15,86
POS,-0.02,-0.42,0.16,85
POS,-0.02,-0.40,0.18,84
POS,-0.05,-0.40,0.16,86
POS,-0.05,-0.38,0.16,84
POS,-0.06,-0.38,0.18,85
POS,-0.07,-0.38,0.18,87
POS,-0.05,-0.39,0.17,82
POS,-0.03,-0.40,0.17,82
POS,-0.04,-0.39,0.15,82
POS,-0.04,-0.41,0.13,85
POS,-0.01,-0.42,0.13,83
POS,-0.02,-0.42,0.14,84
POS,-0.05,-0.40,0.13,86
POS,-0.05,-0.40,0.16,87
POS,-0.03,-0.41,0.19,86
POS,0.01,-0.44,0.18,83
POS,0.01,-0.44,0.19,85
POS,-0.01,-0.43,0.19,85
POS,-0.04,-0.39,0.19,86
POS,-0.02,-0.40,0.18,83
POS,-0.02,-0.39,0.17,81
POS,-0.02,-0.38,0.15,79
POS,-0.03,-0.38,0.12,83
POS,-0.02,-0.40,0.14,84
POS,-0.05,-0.40,0.12,86
POS,-0.05,-0.41,0.13,85
POS,-0.04,-0.42,0.14,85
POS,-0.05,-0.42,0.12,84
POS,-0.08,-0.37,0.13,88
POS,-0.07,-0.39,0.13,85
POS,-0.05,-0.39,0.16,83
POS,-0.04,-0.38,0.18,84
POS,-0.02,-0.41,0.17,85
POS,-0.02,-0.40,0.17,83
POS,-0.02,-0.40,0.17,84
POS,-0.04,-0.39,0.19,87
POS,-0.01,-0.41,0.21,85
POS,0.02,-0.43,0.19,83
POS,-0.00,-0.41,0.17,82
POS,-0.01,-0.42,0.16,85
POS,-0.01,-0.42,0.15,82
POS,-0.01,-0.42,0.16,83
POS,-0.03,-0.40,0.14,84
POS,-0.01,-0.43,0.13,85
POS,-0.01,-0.43,0.16,85
POS,-0.01,-0.42,0.18,85
POS,-0.02,-0.41,0.20,85
POS,-0.01,-0.42,0.19,85
POS,0.00,-0.41,0.20,82
POS,-0.02,-0.39,0.22,87
POS,-0.01,-0.40,0.20,83
POS,-0.02,-0.39,0.18,83
POS,-0.04,-0.39,0.17,85
POS,-0.06,-0.37,0.18,87
POS,-0.06,-0.37,0.17,83
POS,-0.04,-0.37,0.19,82
POS,-0.04,-0.37,0.21,86
POS,-0.03,-0.36,0.23,84
POS,-0.03,-0.37,0.20,83
POS,-0.02,-0.38,0.21,83
POS,-0.01,-0.40,0.20,85
POS,0.01,-0.43,0.19,85
POS,0.02,-0.44,0.19,84
POS,0.01,-0.42,0.20,84
POS,0.01,-0.42,0.18,83
POS,-0.01,-0.41,0.17,84
POS,0.03,-0.43,0.15,80
POS,0.04,-0.44,0.15,83
POS,0.04,-0.45,0.15,86
POS,0.03,-0.44,0.18,85
POS,0.01,-0.42,0.18,84
POS,0.01,-0.42,0.19,84
POS,0.01,-0.44,0.18,84
POS,-0.01,-0.42,0.18,84
POS,-0.01,-0.42,0.20,85
POS,-0.02,-0.41,0.20,84
POS,-0.03,-0.38,0.20,83
POS,-0.03,-0.37,0.18,81
POS,-0.01,-0.40,0.16,83
POS,-0.02,-0.40,0.15,84
POS,-0.03,-0.39,0.16,84
POS,-0.02,-0.41,0.14,82
POS,-0.03,-0.40,0.18,87
POS,-0.06,-0.36,0.19,88
POS,-0.03,-0.38,0.18,84
POS,-0.03,-0.38,0.19,83
POS,-0.04,-0.38,0.17,85
POS,-0.03,-0.40,0.16,84
POS,-0.04,-0.41,0.15,84
POS,-0.03,-0.42,0.14,84
POS,-0.01,-0.43,0.12,80
POS,-0.01,-0.42,0.12,83
POS,-0.00,-0.41,0.15,83
POS,-0.03,-0.39,0.16,86
POS,0.00,-0.42,0.17,85
POS,-0.00,-0.43,0.19,86
POS,-0.01,-0.42,0.20,85
POS,-0.01,-0.43,0.19,83
POS,-0.00,-0.43,0.18,83
POS,0.00,-0.43,0.21,86
POS,-0.00,-0.43,0.18,84
POS,-0.02,-0.41,0.20,85
POS,-0.01,-0.40,0.21,83
POS,-0.05,-0.37,0.19,88
POS,-0.06,-0.36,0.20,86
POS,-0.07,-0.32,0.20,85
POS,-0.04,-0.36,0.19,83
POS,-0.01,-0.38,0.18,82
POS,-0.02,-0.39,0.15,83
POS,-0.02,-0.39,0.18,85
POS,-0.04,-0.36,0.17,83
POS,-0.03,-0.38,0.17,84
POS,-0.01,-0.41,0.17,85
POS,0.00,-0.42,0.15,83
POS,0.02,-0.43,0.15,82
POS,0.01,-0.43,0.16,85
POS,-0.01,-0.40,0.16,84
POS,0.01,-0.42,0.13,81
POS,0.01,-0.43,0.11,84
POS,-0.00,-0.44,0.13,87
POS,-0.01,-0.43,0.14,83
POS,-0.02,-0.41,0.17,85
POS,-0.03,-0.41,0.18,85
POS,-0.04,-0.39,0.17,84
POS,-0.03,-0.40,0.17,82
POS,0.01,-0.42,0.14,82
POS,-0.02,-0.39,0.16,85
POS,-0.01,-0.40,0.15,83
POS,-0.03,-0.38,0.15,85
POS,-0.01,-0.40,0.15,82
POS,0.02,-0.42,0.18,84
POS,0.01,-0.42,0.18,86
POS,0.00,-0.43,0.15,83
POS,-0.02,-0.41,0.15,85
POS,-0.03,-0.40,0.18,85
POS,-0.04,-0.38,0.16,83
POS,-0.06,-0.37,0.17,87
POS,-0.05,-0.39,0.13,83
POS,-0.03,-0.39,0.14,81
POS,-0.03,-0.39,0.13,81
POS,-0.05,-0.35,0.17,87
POS,-0.06,-0.36,0.18,86
POS,-0.05,-0.38,0.15,84
POS,-0.03,-0.39,0.16,82
POS,-0.05,-0.39,0.12,84
POS,-0.06,-0.38,0.14,86
POS,-0.07,-0.37,0.15,85
POS,-0.05,-0.39,0.13,83
POS,-0.03,-0.40,0.15,84
POS,-0.02,-0.42,0.14,83
POS,-0.01,-0.43,0.13,84
POS,0.00,-0.43,0.17,85
POS,0.02,-0.44,0.18,84
POS,0.02,-0.44,0.16,84
POS,0.02,-0.46,0.16,85
POS,0.02,-0.45,0.16,82
POS,0.01,-0.44,0.16,83
POS,0.01,-0.45,0.14,84
POS,0.01,-0.44,0.16,83
POS,0.00,-0.41,0.18,84
POS,0.01,-0.43,0.17,84
POS,-0.02,-0.40,0.18,85
POS,-0.01,-0.38,0.22,85
POS,0.01,-0.40,0.18,80
POS,-0.03,-0.36,0.14,86
POS,-0.03,-0.38,0.15,85
POS,-0.03,-0.39,0.13,83
POS,-0.02,-0.39,0.14,81
POS,-0.00,-0.42,0.13,84
POS,-0.02,-0.40,0.17,87
POS,0.01,-0.42,0.16,82
POS,0.03,-0.44,0.18,84
POS,0.03,-0.43,0.20,85
POS,0.00,-0.41,0.20,84
POS,0.02,-0.41,0.21,83
POS,0.04,-0.19,0.21,84
POS,0.02,-0.25,0.21,86
POS,0.03,-0.32,0.19,85
POS,0.01,-0.32,0.18,82
POS,-0.02,-0.34,0.16,86
POS,-0.02,-0.33,0.20,85
POS,-0.01,-0.36,0.22,87
POS,-0.03,-0.36,0.18,81
POS,0.01,-0.38,0.15,81
POS,0.01,-0.38,0.18,83
POS,-0.01,-0.39,0.18,85
POS,-0.02,-0.39,0.17,83
POS,0.00,-0.41,0.17,84
POS,-0.01,-0.41,0.16,83
POS,-0.01,-0.41,0.17,83
POS,-0.01,-0.41,0.16,83
POS,-0.01,-0.41,0.19,86
POS,-0.03,-0.39,0.18,83
POS,-0.03,-0.40,0.16,83
POS,-0.02,-0.40,0.16,82
POS,-0.03,-0.39,0.16,85
POS,-0.03,-0.40,0.18,85
POS,0.02,-0.43,0.13,81
POS,0.02,-0.43,0.15,84
POS,0.00,-0.42,0.10,81
POS,0.01,-0.43,0.11,82
POS,0.04,-0.45,0.12,84
POS,0.02,-0.45,0.13,86
POS,0.01,-0.43,0.16,84
POS,-0.00,-0.44,0.14,86
POS,0.00,-0.45,0.13,83
POS,-0.01,-0.44,0.15,85
POS,-0.00,-0.45,0.13,84
POS,0.02,-0.47,0.15,86
POS,0.01,-0.46,0.14,82
POS,-0.02,-0.44,0.14,86
POS,-0.03,-0.41,0.15,83
POS,-0.05,-0.39,0.18,87
POS,-0.02,-0.40,0.20,84
POS,-0.01,-0.41,0.16,82
POS,-0.02,-0.42,0.15,84
POS,0.00,-0.43,0.15,84
POS,-0.04,-0.40,0.15,87
POS,-0.03,-0.41,0.15,84
POS,-0.02,-0.41,0.16,82
POS,-0.01,-0.40,0.17,83
POS,-0.04,-0.38,0.19,88
POS,-0.04,-0.36,0.20,83
POS,-0.03,-0.36,0.19,80
POS,-0.00,-0.39,0.19,84
POS,0.00,-0.41,0.17,84
POS,0.01,-0.41,0.15,80
POS,0.02,-0.43,0.15,84
POS,0.01,-0.42,0.17,84
POS,-0.00,-0.42,0.14,83
POS,0.01,-0.38,0.00,94
POS,0.02,-0.38,0.03,77
POS,0.03,-0.41,0.06,84
POS,0.02,-0.41,0.06,81
POS,0.04,-0.42,0.08,81
POS,0.01,-0.40,0.13,87
POS,0.02,-0.41,0.12,81
POS,0.01,-0.42,0.13,85
POS,-0.01,-0.41,0.15,84
POS,0.00,-0.43,0.14,84
POS,-0.02,-0.40,0.17,86
POS,0.01,-0.41,0.18,82
POS,0.01,-0.42,0.17,83
POS,0.01,-0.41,0.19,84
POS,-0.01,-0.38,0.14,80
POS,-0.00,-0.40,0.15,84
POS,0.00,-0.41,0.15,84
POS,0.00,-0.42,0.14,82
POS,-0.00,-0.42,0.13,84
POS,-0.00,-0.42,0.14,83
POS,-0.00,-0.43,0.13,83
POS,-0.02,-0.41,0.15,85
POS,-0.02,-0.42,0.14,83
POS,-0.01,-0.43,0.15,85
POS,-0.03,-0.41,0.16,84
POS,-0.02,-0.42,0.16,85
POS,0.01,-0.44,0.17,84
POS,-0.01,-0.43,0.18,86
POS,-0.03,-0.42,0.19,87
POS,-0.03,-0.41,0.20,84
POS,-0.02,-0.41,0.20,84
POS,-0.03,-0.41,0.20,85
POS,0.00,-0.42,0.21,84
POS,-0.02,-0.41,0.17,84
POS,-0.04,-0.40,0.18,85
POS,-0.02,-0.42,0.17,86
POS,-0.02,-0.42,0.16,82
POS,-0.03,-0.40,0.18,85
POS,-0.03,-0.41,0.16,82
POS,-0.01,-0.42,0.16,82
POS,0.02,-0.43,0.16,82
POS,0.02,-0.43,0.17,85
POS,0.00,-0.43,0.17,85
POS,0.00,-0.42,0.18,82
POS,-0.03,-0.36,0.17,85
POS,-0.03,-0.37,0.16,83
POS,-0.04,-0.37,0.17,85
POS,-0.04,-0.37,0.15,82
POS,-0.05,-0.36,0.14,82
POS,-0.05,-0.37,0.12,83
POS,-0.03,-0.39,0.10,80
POS,-0.02,-0.39,0.11,83
POS,-0.02,-0.41,0.12,84
POS,-0.01,-0.41,0.11,80
POS,-0.01,-0.42,0.11,84
POS,-0.02,-0.40,0.14,83
POS,0.00,-0.42,0.15,83
POS,-0.01,-0.41,0.16,85
POS,-0.01,-0.41,0.17,84
POS,0.01,-0.42,0.18,84
POS,-0.01,-0.42,0.14,83
POS,0.00,-0.42,0.17,83
POS,0.01,-0.43,0.17,84
POS,0.03,-0.45,0.14,84
POS,0.01,-0.44,0.14,83
POS,-0.00,-0.44,0.13,85
POS,-0.01,-0.43,0.13,82
POS,-0.01,-0.43,0.13,83
POS,-0.02,-0.42,0.15,85
POS,-0.02,-0.41,0.16,82
POS,0.01,-0.42,0.18,83
POS,-0.01,-0.41,0.20,87
POS,0.00,-0.43,0.17,83
POS,-0.01,-0.42,0.17,85
POS,-0.01,-0.43,0.17,84
POS,-0.02,-0.42,0.17,85
POS,-0.02,-0.41,0.16,81
POS,-0.02,-0.42,0.13,83
POS,-0.04,-0.40,0.15,86
POS,-0.04,-0.39,0.18,86
POS,-0.05,-0.38,0.19,86
POS,-0.05,-0.37,0.21,85
POS,-0.03,-0.40,0.18,84
POS,-0.05,-0.40,0.17,86
POS,-0.05,-0.40,0.18,86
POS,-0.05,-0.41,0.19,86
POS,-0.03,-0.41,0.18,81
POS,-0.02,-0.42,0.14,82
POS,-0.01,-0.43,0.14,83
POS,-0.03,-0.41,0.16,86
POS,-0.03,-0.41,0.16,83
POS,-0.03,-0.40,0.15,82
POS,-0.02,-0.42,0.15,85
POS,-0.02,-0.42,0.16,83
POS,-0.02,-0.43,0.15,85
POS,-0.02,-0.42,0.18,85
POS,-0.03,-0.41,0.15,82
POS,-0.04,-0.39,0.18,85
POS,-0.02,-0.41,0.15,83
POS,-0.02,-0.42,0.16,85
POS,0.00,-0.44,0.15,83
POS,-0.03,-0.39,0.16,87
POS,-0.02,-0.41,0.16,85
POS,-0.01,-0.42,0.15,82
POS,-0.02,-0.42,0.16,86
POS,-0.01,-0.43,0.13,83
POS,-0.01,-0.44,0.15,85
POS,0.01,-0.45,0.15,84
POS,-0.01,-0.42,0.16,86
POS,-0.01,-0.43,0.12,83
POS,-0.00,-0.44,0.14,85
POS,-0.00,-0.43,0.17,85
POS,0.00,-0.43,0.17,84
POS,0.01,-0.43,0.17,81
POS,-0.00,-0.42,0.16,82
POS,-0.01,-0.42,0.16,84
POS,0.00,-0.43,0.16,84
POS,-0.02,-0.40,0.11,83
POS,-0.03,-0.39,0.13,84
POS,-0.03,-0.39,0.13,82
POS,-0.04,-0.41,0.13,86
POS,-0.03,-0.41,0.14,83
POS,-0.00,-0.42,0.12,81
POS,-0.02,-0.39,0.14,83
POS,-0.02,-0.39,0.14,83
POS,-0.02,-0.39,0.15,82
POS,-0.03,-0.40,0.15,85
POS,-0.03,-0.39,0.16,83
POS,-0.04,-0.38,0.18,86
POS,-0.03,-0.40,0.16,82
POS,-0.01,-0.41,0.16,84
POS,0.01,-0.42,0.16,82
POS,0.01,-0.43,0.14,84
POS,-0.02,-0.42,0.13,84
POS,-0.03,-0.41,0.08,83
POS,-0.00,-0.43,0.11,84
POS,0.01,-0.45,0.12,86
POS,-0.00,-0.44,0.13,84
POS,-0.00,-0.44,0.15,85
POS,-0.03,-0.40,0.16,86
POS,-0.00,-0.42,0.15,82
POS,-0.00,-0.43,0.11,83
POS,-0.02,-0.41,0.13,85
POS,-0.03,-0.42,0.10,84
POS,-0.03,-0.41,0.08,83
POS,-0.05,-0.39,0.12,87
POS,-0.06,-0.40,0.13,86
POS,-0.05,-0.42,0.13,85
POS,-0.06,-0.40,0.14,84
POS,-0.03,-0.41,0.13,82
POS,-0.03,-0.40,0.16,84
POS,-0.03,-0.42,0.15,86
POS,-0.02,-0.42,0.14,81
POS,-0.02,-0.41,0.15,83
POS,-0.02,-0.42,0.11,82
POS,-0.01,-0.43,0.13,84
POS,0.01,-0.44,0.12,84
POS,0.00,-0.43,0.15,84
POS,-0.00,-0.42,0.14,82
POS,-0.03,-0.42,0.14,85
POS,0.08,-0.47,0.13,95
POS,0.06,-0.46,0.12,82
POS,0.05,-0.47,0.13,84
POS,0.02,-0.44,0.11,83
POS,0.03,-0.43,0.13,81
POS,0.00,-0.40,0.15,85
POS,0.02,-0.44,0.14,86
POS,0.02,-0.45,0.11,83
POS,0.02,-0.44,0.14,84
POS,-0.01,-0.41,0.15,85
POS,-0.00,-0.40,0.16,82
POS,-0.04,-0.37,0.15,86
POS,-0.03,-0.38,0.16,84
POS,-0.03,-0.39,0.17,84
POS,-0.01,-0.41,0.14,82
POS,-0.00,-0.41,0.14,82
POS,0.01,-0.42,0.15,82
POS,-0.01,-0.41,0.16,85
POS,-0.03,-0.41,0.18,87
POS,-0.03,-0.39,0.20,85
POS,-0.04,-0.39,0.20,85
POS,-0.02,-0.39,0.21,83
POS,-0.05,-0.39,0.18,85
POS,-0.04,-0.40,0.18,85
POS,-0.02,-0.42,0.15,83
POS,-0.01,-0.43,0.14,84
POS,-0.02,-0.41,0.15,83
POS,-0.03,-0.41,0.15,85
POS,-0.01,-0.43,0.15,84
POS,-0.01,-0.42,0.14,82
POS,0.01,-0.43,0.15,83
POS,0.04,-0.45,0.14,83
POS,0.03,-0.44,0.11,80
POS,0.00,-0.42,0.13,85
POS,0.01,-0.42,0.15,82
POS,0.00,-0.41,0.15,83
POS,0.00,-0.41,0.14,82
POS,-0.00,-0.42,0.15,84
POS,0.00,-0.42,0.14,82
POS,0.00,-0.43,0.14,84
POS,-0.01,-0.41,0.17,85
POS,-0.02,-0.39,0.20,86
POS,-0.00,-0.41,0.16,82
POS,-0.00,-0.42,0.17,83
POS,-0.02,-0.40,0.17,84
POS,-0.02,-0.40,0.16,83
POS,0.00,-0.42,0.15,83
POS,0.00,-0.44,0.14,85
POS,0.00,-0.45,0.14,85
POS,-0.03,-0.43,0.14,85
POS,0.00,-0.44,0.13,83
POS,-0.00,-0.43,0.14,83
POS,-0.03,-0.42,0.12,85
POS,-0.03,-0.41,0.16,85
POS,0.01,-0.43,0.14,82
POS,-0.02,-0.41,0.14,85
POS,-0.01,-0.42,0.12,83
POS,-0.01,-0.42,0.13,82
POS,-0.03,-0.41,0.15,87
POS,-0.05,-0.39,0.14,84
POS,-0.03,-0.41,0.14,84
POS,-0.03,-0.42,0.14,83
POS,-0.01,-0.42,0.16,84
POS,-0.02,-0.43,0.15,86
POS,-0.00,-0.45,0.15,84
POS,-0.02,-0.44,0.11,83
POS,-0.02,-0.44,0.14,86
POS,0.01,-0.46,0.14,83
POS,0.01,-0.45,0.15,83
POS,0.02,-0.46,0.12,84
POS,0.02,-0.45,0.15,83
POS,0.00,-0.44,0.17,86
POS,-0.01,-0.41,0.18,84
POS,-0.00,-0.44,0.17,86
POS,0.01,-0.43,0.19,84
POS,0.01,-0.44,0.17,84
POS,-0.02,-0.43,0.16,85
POS,-0.05,-0.40,0.14,86
POS,-0.04,-0.41,0.13,82
POS,-0.03,-0.41,0.14,83
POS,-0.01,-0.43,0.12,83
POS,-0.02,-0.43,0.13,84
POS,-0.01,-0.43,0.13,84
POS,-0.01,-0.43,0.13,83
POS,0.00,-0.44,0.12,81
POS,0.02,-0.44,0.12,83
POS,-0.00,-0.41,0.15,84
POS,-0.02,-0.42,0.14,85
POS,-0.01,-0.43,0.15,84
POS,-0.01,-0.43,0.18,86
POS,-0.01,-0.42,0.19,84
POS,-0.00,-0.43,0.18,84
POS,0.01,-0.44,0.18,83
POS,-0.01,-0.41,0.16,82
POS,-0.02,-0.41,0.18,85
POS,-0.00,-0.42,0.17,83
POS,-0.02,-0.42,0.14,85
POS,-0.01,-0.43,0.14,83
POS,-0.02,-0.43,0.14,85
POS,-0.00,-0.44,0.15,84
POS,0.02,-0.45,0.16,84
POS,0.01,-0.46,0.16,85
POS,-0.00,-0.43,0.14,81
POS,0.02,-0.46,0.12,85
POS,0.01,-0.45,0.13,85
POS,-0.02,-0.44,0.13,86
POS,-0.02,-0.43,0.13,83
POS,0.00,-0.45,0.14,85
POS,-0.01,-0.43,0.16,85
POS,-0.04,-0.41,0.16,86
POS,-0.02,-0.42,0.16,84
POS,-0.02,-0.41,0.18,83
POS,-0.04,-0.39,0.18,84
POS,-0.06,-0.37,0.17,86
POS,-0.04,-0.39,0.16,84
POS,-0.03,-0.41,0.16,84
POS,-0.04,-0.40,0.17,85
POS,-0.04,-0.40,0.17,84
POS,-0.03,-0.40,0.16,82
POS,-0.03,-0.41,0.16,83
POS,-0.04,-0.40,0.15,84
POS,-0.03,-0.42,0.13,84
POS,-0.04,-0.42,0.12,85
POS,-0.03,-0.43,0.11,83
POS,-0.03,-0.44,0.11,86
POS,-0.01,-0.44,0.10,81
POS,-0.01,-0.45,0.12,86
POS,-0.02,-0.43,0.12,82
POS,-0.03,-0.42,0.14,86
POS,-0.03,-0.41,0.14,82
POS,-0.03,-0.40,0.17,86
POS,-0.03,-0.41,0.19,85
POS,-0.03,-0.42,0.19,86
POS,-0.01,-0.43,0.18,84
POS,-0.01,-0.43,0.18,84
POS,-0.03,-0.40,0.19,85
POS,-0.04,-0.40,0.18,84
POS,-0.03,-0.41,0.19,85
POS,-0.03,-0.41,0.21,86
POS,-0.03,-0.42,0.17,82
POS,-0.03,-0.41,0.18,84
POS,-0.02,-0.41,0.17,81
POS,-0.01,-0.42,0.16,83
POS,-0.02,-0.43,0.15,85
POS,-0.03,-0.42,0.14,84
POS,-0.05,-0.41,0.11,84
POS,-0.02,-0.41,0.14,83
POS,-0.04,-0.41,0.13,86
POS,-0.01,-0.42,0.13,80
POS,-0.02,-0.40,0.16,84
POS,-0.01,-0.40,0.13,79
POS,-0.04,-0.39,0.16,87
POS,-0.06,-0.38,0.15,86
POS,-0.05,-0.40,0.15,84
POS,-0.04,-0.40,0.14,82
POS,-0.03,-0.41,0.13,83
POS,-0.02,-0.42,0.07,84
POS,-0.00,-0.43,0.08,84
POS,0.01,-0.44,0.09,83
POS,0.01,-0.44,0.10,83
POS,-0.03,-0.40,0.12,88
POS,0.00,-0.44,0.10,84
POS,0.02,-0.45,0.09,82
POS,0.02,-0.44,0.09,82
POS,0.02,-0.46,0.11,86
POS,0.02,-0.47,0.13,86
POS,0.03,-0.48,0.14,85
POS,0.02,-0.47,0.14,84
POS,0.01,-0.46,0.16,85
POS,0.01,-0.45,0.15,83
POS,0.01,-0.46,0.15,84
POS,-0.00,-0.45,0.15,83
POS,-0.02,-0.44,0.13,84
POS,-0.01,-0.43,0.15,82
POS,0.01,-0.45,0.15,85
POS,0.01,-0.46,0.14,86
POS,0.01,-0.46,0.13,83
POS,0.01,-0.45,0.14,82
POS,0.01,-0.45,0.12,81
POS,0.02,-0.46,0.13,85
POS,0.00,-0.45,0.13,85
POS,0.01,-0.45,0.16,84
POS,-0.00,-0.45,0.16,85
POS,-0.03,-0.40,0.16,86
POS,-0.02,-0.39,0.20,84
POS,-0.03,-0.40,0.15,84
POS,-0.02,-0.41,0.16,84
POS,-0.02,-0.43,0.16,86
POS,-0.01,-0.43,0.18,84
POS,-0.01,-0.42,0.22,86
POS,-0.02,-0.41,0.22,86
POS,-0.02,-0.40,0.19,81
POS,-0.02,-0.42,0.14,83
POS,-0.02,-0.42,0.16,86
POS,-0.02,-0.43,0.16,85
POS,-0.02,-0.44,0.16,85
POS,-0.02,-0.44,0.15,84
POS,0.00,-0.45,0.15,84
POS,-0.00,-0.45,0.15,85
POS,0.02,-0.47,0.15,85
POS,0.00,-0.45,0.16,85
POS,-0.00,-0.44,0.16,83
POS,-0.01,-0.46,0.14,86
POS,-0.01,-0.44,0.14,83
POS,0.01,-0.44,0.15,83
POS,0.02,-0.46,0.13,85
POS,0.00,-0.45,0.14,85
POS,0.01,-0.46,0.15,85
POS,-0.00,-0.46,0.14,85
POS,-0.02,-0.44,0.14,84
POS,0.02,-0.45,0.17,84
POS,0.02,-0.45,0.17,84
POS,-0.01,-0.43,0.15,83
POS,-0.03,-0.41,0.13,85
POS,-0.03,-0.41,0.13,82
POS,-0.02,-0.42,0.14,83
POS,-0.02,-0.42,0.15,84
POS,-0.01,-0.43,0.15,84
POS,-0.01,-0.41,0.17,83
POS,-0.01,-0.42,0.15,83
POS,-0.01,-0.41,0.15,82
POS,-0.00,-0.42,0.15,83
POS,0.02,-0.43,0.17,84
POS,0.01,-0.41,0.18,83
POS,0.02,-0.41,0.20,83
POS,0.01,-0.41,0.20,83
POS,-0.02,-0.39,0.20,86
POS,-0.01,-0.40,0.19,83
POS,-0.02,-0.39,0.17,83
POS,-0.02,-0.40,0.17,83
POS,-0.02,-0.40,0.18,83
POS,-0.02,-0.41,0.17,84
POS,-0.00,-0.42,0.18,85
POS,0.03,-0.45,0.19,85
POS,0.02,-0.43,0.19,81
POS,0.02,-0.43,0.18,84
POS,-0.00,-0.41,0.20,85
POS,-0.00,-0.43,0.16,84
POS,-0.02,-0.42,0.13,83
POS,-0.02,-0.42,0.13,84
POS,-0.00,-0.42,0.14,81
POS,-0.02,-0.40,0.19,87
POS,-0.03,-0.40,0.20,86
POS,-0.02,-0.42,0.18,84
POS,-0.02,-0.42,0.14,83
POS,-0.03,-0.43,0.13,85
POS,-0.03,-0.41,0.15,83
POS,-0.01,-0.43,0.12,84
POS,0.01,-0.44,0.15,84
POS,0.03,-0.45,0.18,85
POS,0.00,-0.43,0.18,86
POS,0.01,-0.43,0.15,81
POS,-0.01,-0.40,0.16,84
POS,-0.01,-0.39,0.19,83
POS,-0.01,-0.39,0.18,81
POS,-0.02,-0.39,0.19,85
POS,0.01,-0.42,0.16,84
POS,-0.01,-0.42,0.16,85
POS,-0.02,-0.42,0.14,84
POS,-0.03,-0.42,0.13,85
POS,-0.00,-0.45,0.15,86
POS,0.02,-0.45,0.16,83
POS,0.02,-0.46,0.13,84
POS,0.02,-0.47,0.14,85
POS,0.01,-0.44,0.13,82
POS,0.02,-0.46,0.10,84
POS,0.02,-0.45,0.13,85
POS,-0.00,-0.46,0.11,85
POS,0.00,-0.46,0.12,86
POS,-0.00,-0.45,0.14,83
POS,0.01,-0.44,0.16,83
POS,0.01,-0.43,0.14,80
POS,0.03,-0.44,0.15,83
POS,0.03,-0.44,0.16,84
POS,0.02,-0.44,0.15,83
POS,0.01,-0.44,0.15,84
POS,0.04,-0.46,0.15,83
POS,0.03,-0.45,0.12,81
POS,0.02,-0.45,0.13,86
POS,0.01,-0.45,0.15,84
POS,-0.02,-0.42,0.16,85
POS,0.00,-0.43,0.15,84
POS,-0.04,-0.39,0.15,87
POS,-0.04,-0.40,0.10,83
POS,-0.03,-0.42,0.10,84
POS,-0.03,-0.41,0.13,86
POS,-0.02,-0.41,0.13,80
POS,-0.01,-0.42,0.13,83
POS,0.00,-0.45,0.13,86
POS,0.01,-0.44,0.16,85
POS,-0.02,-0.41,0.12,85
POS,-0.03,-0.41,0.14,86
POS,0.02,-0.45,0.17,84
POS,0.01,-0.44,0.17,84
POS,0.00,-0.44,0.13,82
POS,-0.02,-0.43,0.13,86
POS,0.01,-0.45,0.17,86
POS,0.01,-0.45,0.15,83
POS,-0.03,-0.42,0.16,86
POS,0.00,-0.44,0.16,84
POS,0.00,-0.43,0.17,84
POS,0.01,-0.43,0.15,81
POS,-0.00,-0.42,0.13,81
POS,-0.01,-0.41,0.12,82
POS,-0.00,-0.41,0.15,84
POS,-0.01,-0.42,0.12,82
POS,-0.01,-0.41,0.14,83
POS,-0.00,-0.43,0.14,84
POS,-0.02,-0.41,0.14,85
POS,-0.01,-0.42,0.14,83
POS,-0.00,-0.41,0.16,82
POS,-0.00,-0.42,0.14,83
POS,0.01,-0.44,0.13,85
POS,0.03,-0.47,0.14,86
POS,0.02,-0.45,0.15,83
POS,0.01,-0.44,0.17,84
POS,-0.00,-0.43,0.17,84
POS,-0.02,-0.41,0.18,84
POS,-0.03,-0.41,0.17,85
POS,-0.03,-0.41,0.18,86
POS,-0.05,-0.41,0.17,87
POS,-0.03,-0.41,0.17,81
POS,-0.01,-0.43,0.15,83
POS,-0.05,-0.38,0.16,88
POS,-0.02,-0.40,0.17,84
POS,0.00,-0.42,0.15,83
POS,0.00,-0.41,0.18,84
POS,-0.02,-0.41,0.18,86
POS,0.00,-0.42,0.20,84
POS,-0.02,-0.42,0.16,85
POS,-0.01,-0.43,0.16,83
POS,-0.02,-0.41,0.19,87
POS,0.01,-0.43,0.17,83
POS,-0.01,-0.42,0.16,83
POS,0.02,-0.44,0.18,84
POS,0.03,-0.45,0.18,85
POS,0.00,-0.41,0.20,86
POS,0.01,-0.42,0.18,83
POS,0.00,-0.42,0.15,82
POS,0.04,-0.45,0.17,84
POS,0.03,-0.45,0.17,84
POS,0.04,-0.45,0.17,83
POS,0.01,-0.45,0.17,86
POS,0.01,-0.42,0.19,83
POS,0.02,-0.42,0.21,84
POS,0.01,-0.42,0.21,83
POS,-0.01,-0.40,0.21,85
POS,0.00,-0.42,0.19,85
POS,0.03,-0.45,0.18,84
POS,0.02,-0.44,0.16,84
POS,0.02,-0.45,0.14,83
POS,0.00,-0.44,0.13,83
POS,-0.02,-0.43,0.08,85
POS,-0.00,-0.44,0.11,85
POS,-0.00,-0.46,0.12,86
POS,-0.02,-0.42,0.14,84
POS,-0.03,-0.42,0.15,86
POS,-0.04,-0.42,0.16,85
POS,-0.01,-0.44,0.16,86
POS,-0.02,-0.43,0.14,82
POS,-0.02,-0.44,0.10,85
POS,-0.04,-0.41,0.12,84
POS,-0.02,-0.40,0.15,82
POS,-0.02,-0.41,0.12,84
POS,-0.04,-0.41,0.14,85
POS,-0.04,-0.41,0.14,84
POS,-0.04,-0.41,0.14,85
POS,-0.03,-0.41,0.15,83
POS,-0.01,-0.43,0.16,85
POS,-0.04,-0.41,0.14,84
POS,-0.04,-0.41,0.13,84
POS,-0.05,-0.40,0.13,84
POS,-0.04,-0.41,0.16,87
POS,-0.05,-0.41,0.14,85
POS,-0.04,-0.42,0.14,84
POS,-0.05,-0.43,0.14,87
POS,-0.04,-0.44,0.14,84
POS,-0.06,-0.42,0.14,86
POS,-0.05,-0.42,0.14,84
POS,-0.04,-0.42,0.14,83
POS,-0.02,-0.45,0.12,86
POS,-0.00,-0.45,0.13,81
POS,-0.01,-0.42,0.15,83
POS,0.00,-0.44,0.16,85
POS,0.00,-0.44,0.12,82
POS,-0.01,-0.42,0.12,82
POS,-0.01,-0.42,0.15,85
POS,-0.01,-0.43,0.14,85
POS,-0.01,-0.43,0.14,83
POS,-0.01,-0.45,0.14,86
POS,-0.02,-0.43,0.15,84
POS,-0.01,-0.45,0.17,86
POS,-0.02,-0.44,0.15,84
POS,-0.01,-0.44,0.15,83
POS,0.02,-0.47,0.15,85
POS,0.03,-0.47,0.14,82
POS,0.02,-0.46,0.17,85
POS,0.01,-0.46,0.16,85
POS,0.00,-0.46,0.17,86
POS,-0.03,-0.43,0.15,84
POS,-0.03,-0.42,0.14,83
POS,-0.01,-0.42,0.17,84
POS,-0.02,-0.42,0.17,86
POS,-0.04,-0.40,0.18,86
POS,-0.04,-0.41,0.17,84
POS,-0.03,-0.42,0.16,84
POS,-0.01,-0.42,0.17,82
POS,-0.02,-0.42,0.15,83
POS,-0.02,-0.42,0.13,84
POS,-0.02,-0.44,0.14,86
POS,-0.03,-0.44,0.14,86
POS,-0.05,-0.42,0.14,85
POS,-0.04,-0.42,0.17,86
POS,-0.01,-0.44,0.17,84
POS,-0.01,-0.43,0.17,84
POS,-0.01,-0.44,0.16,85
POS,-0.02,-0.44,0.15,86
POS,-0.01,-0.44,0.15,82
POS,0.01,-0.46,0.12,85
POS,-0.01,-0.43,0.15,85
POS,-0.01,-0.43,0.14,84
POS,0.01,-0.44,0.15,82
POS,-0.00,-0.43,0.17,85
POS,-0.02,-0.41,0.18,86
POS,0.00,-0.42,0.21,86
POS,0.02,-0.44,0.19,84
POS,0.02,-0.44,0.20,85
POS,0.01,-0.46,0.18,86
POS,-0.00,-0.46,0.18,86
POS,-0.01,-0.44,0.18,83
POS,-0.01,-0.44,0.19,85
POS,-0.02,-0.44,0.16,83
POS,-0.04,-0.38,0.16,85
POS,0.00,-0.42,0.16,84
POS,-0.03,-0.38,0.18,86
POS,-0.02,-0.39,0.21,85
POS,-0.01,-0.40,0.21,85
POS,-0.03,-0.37,0.19,83
POS,-0.00,-0.40,0.19,85
POS,0.01,-0.41,0.21,83
POS,-0.01,-0.41,0.20,86
POS,-0.01,-0.41,0.21,85
POS,-0.04,-0.38,0.20,86
POS,-0.04,-0.40,0.18,84
POS,-0.03,-0.41,0.16,83
POS,-0.04,-0.41,0.14,84
POS,-0.00,-0.44,0.13,84
POS,0.01,-0.45,0.13,84
POS,0.03,-0.47,0.11,83
POS,0.02,-0.46,0.10,83
POS,-0.00,-0.45,0.13,87
POS,0.01,-0.44,0.16,83
POS,0.02,-0.45,0.16,84
POS,0.00,-0.44,0.16,84
POS,-0.01,-0.42,0.17,85
POS,0.00,-0.43,0.17,83
POS,0.01,-0.45,0.18,87
POS,0.00,-0.45,0.16,85
POS,-0.00,-0.46,0.16,85
POS,0.02,-0.48,0.16,87
POS,0.01,-0.46,0.18,85
POS,0.01,-0.47,0.16,84
POS,0.00,-0.46,0.14,84
POS,-0.01,-0.44,0.15,83
POS,-0.03,-0.42,0.18,86
POS,-0.01,-0.43,0.14,80
POS,0.02,-0.45,0.15,86
POS,0.02,-0.46,0.14,84
POS,0.02,-0.46,0.16,85
POS,0.03,-0.47,0.17,87
POS,0.01,-0.45,0.19,86
POS,-0.00,-0.44,0.17,84
POS,0.01,-0.46,0.18,86
POS,-0.00,-0.45,0.18,85
POS,0.00,-0.45,0.19,85
POS,-0.00,-0.43,0.18,82
POS,0.00,-0.42,0.20,82
POS,-0.03,-0.41,0.20,87
POS,-0.00,-0.43,0.21,86
POS,-0.01,-0.43,0.20,85
POS,0.02,-0.45,0.20,84
POS,0.00,-0.44,0.21,86
POS,-0.01,-0.43,0.17,83
POS,-0.01,-0.44,0.15,85
POS,-0.03,-0.41,0.15,84
POS,-0.02,-0.43,0.17,85
POS,-0.00,-0.42,0.19,82
POS,0.01,-0.42,0.20,84
POS,0.01,-0.43,0.20,85
POS,0.01,-0.44,0.18,85
POS,0.02,-0.44,0.19,84
POS,0.02,-0.44,0.20,85
POS,0.02,-0.44,0.22,85
POS,0.01,-0.44,0.20,84
POS,0.02,-0.44,0.21,85
POS,0.01,-0.43,0.23,85
POS,0.03,-0.44,0.21,83
POS,0.01,-0.43,0.20,84
POS,-0.02,-0.40,0.18,84
POS,-0.04,-0.38,0.20,86
POS,-0.04,-0.36,0.21,85
POS,-0.06,-0.36,0.19,86
POS,-0.04,-0.38,0.18,82
POS,-0.04,-0.38,0.16,82
POS,-0.04,-0.39,0.16,84
POS,-0.02,-0.39,0.20,84
POS,-0.02,-0.38,0.21,85
POS,-0.01,-0.34,0.26,94
POS,-0.00,-0.36,0.25,83
POS,-0.00,-0.37,0.22,82
POS,-0.00,-0.38,0.20,83
POS,-0.00,-0.42,0.20,87
POS,-0.01,-0.42,0.19,86
POS,-0.02,-0.42,0.18,84
POS,-0.01,-0.42,0.16,81
POS,0.03,-0.45,0.12,82
POS,0.02,-0.44,0.12,83
POS,0.02,-0.43,0.15,83
POS,0.02,-0.44,0.15,83
POS,0.01,-0.43,0.16,85
POS,-0.01,-0.42,0.17,85
POS,-0.01,-0.43,0.15,84
POS,-0.02,-0.40,0.17,85
POS,-0.01,-0.40,0.20,82
POS,-0.02,-0.37,0.21,85
POS,-0.03,-0.37,0.20,84
POS,0.00,-0.39,0.22,84
POS,0.02,-0.42,0.20,84
POS,-0.01,-0.40,0.19,84
POS,-0.01,-0.42,0.19,85
POS,0.02,-0.42,0.18,80
POS,0.06,-0.20,0.15,77
POS,0.05,-0.26,0.14,83
POS,0.03,-0.31,0.11,84
POS,0.03,-0.33,0.13,82
POS,0.04,-0.37,0.14,84
POS,0.03,-0.39,0.15,85
POS,0.01,-0.39,0.18,86
POS,0.01,-0.40,0.17,82
POS,0.04,-0.42,0.16,82
POS,0.05,-0.44,0.17,85
POS,0.00,-0.41,0.16,86
POS,0.02,-0.43,0.16,85
POS,0.00,-0.43,0.18,86
POS,-0.02,-0.42,0.21,88
POS,-0.01,-0.41,0.22,83
POS,-0.02,-0.41,0.23,86
POS,-0.04,-0.36,0.20,96
POS,-0.02,-0.38,0.19,84
POS,-0.02,-0.38,0.20,83
POS,-0.03,-0.38,0.16,84
POS,-0.02,-0.40,0.18,85
POS,-0.02,-0.42,0.16,85
POS,-0.02,-0.42,0.16,85
POS,-0.04,-0.42,0.16,86
POS,-0.04,-0.41,0.12,82
POS,-0.03,-0.41,0.14,83
POS,-0.03,-0.41,0.15,84
POS,-0.04,-0.40,0.15,84
POS,-0.03,-0.42,0.16,85
POS,-0.01,-0.42,0.18,85
POS,-0.01,-0.41,0.16,80
POS,-0.03,-0.41,0.16,86
POS,-0.02,-0.41,0.15,81
POS,-0.00,-0.41,0.16,82
POS,-0.01,-0.41,0.18,85
POS,-0.03,-0.41,0.19,86
POS,-0.02,-0.42,0.18,86
POS,-0.01,-0.43,0.19,84
POS,-0.01,-0.42,0.21,85
POS,0.05,-0.45,0.18,81
POS,0.05,-0.47,0.15,85
POS,0.01,-0.43,0.15,85
POS,0.05,-0.45,0.16,83
POS,0.05,-0.46,0.16,84
POS,0.04,-0.47,0.13,85
POS,0.01,-0.45,0.15,86
POS,0.00,-0.43,0.17,84
POS,-0.00,-0.44,0.18,86
POS,-0.00,-0.43,0.17,83
POS,-0.00,-0.44,0.18,86
POS,-0.03,-0.42,0.18,87
POS,-0.04,-0.40,0.19,84
POS,-0.03,-0.40,0.19,84
POS,-0.02,-0.41,0.20,84
POS,-0.01,-0.41,0.20,83
POS,-0.02,-0.43,0.20,87
POS,-0.02,-0.41,0.18,81
POS,-0.02,-0.41,0.18,83
POS,-0.01,-0.42,0.17,83
POS,-0.01,-0.40,0.19,83
POS,0.00,-0.41,0.20,84
POS,0.00,-0.42,0.18,83
POS,0.04,-0.45,0.17,84
POS,0.07,-0.48,0.15,84
POS,0.07,-0.48,0.15,84
POS,0.05,-0.47,0.15,84
POS,0.03,-0.46,0.14,83
POS,0.02,-0.45,0.14,84
POS,-0.00,-0.42,0.14,82
POS,-0.02,-0.41,0.13,83
POS,0.01,-0.44,0.12,84
POS,0.03,-0.45,0.12,82
POS,0.01,-0.44,0.12,85
POS,0.01,-0.44,0.12,82
POS,0.01,-0.44,0.12,84
POS,0.00,-0.44,0.14,85
POS,-0.00,-0.44,0.17,85
POS,-0.00,-0.43,0.17,83
POS,-0.04,-0.41,0.17,87
POS,-0.04,-0.40,0.17,84
POS,-0.02,-0.41,0.16,81
POS,0.02,-0.44,0.16,83
POS,-0.02,-0.41,0.17,87
POS,-0.01,-0.41,0.17,82
POS,-0.01,-0.43,0.14,84
POS,-0.01,-0.43,0.14,83
POS,0.00,-0.42,0.15,81
POS,-0.02,-0.42,0.12,84
POS,-0.01,-0.43,0.13,85
POS,0.01,-0.44,0.16,85
POS,-0.00,-0.43,0.17,85
POS,-0.00,-0.42,0.18,83
POS,-0.00,-0.40,0.20,83
POS,-0.00,-0.41,0.20,85
POS,-0.01,-0.40,0.19,83
POS,-0.01,-0.40,0.20,85
POS,-0.00,-0.42,0.21,85
POS,-0.01,-0.40,0.21,83
POS,-0.04,-0.39,0.20,87
POS,-0.03,-0.40,0.21,85
POS,-0.01,-0.42,0.19,84
POS,0.00,-0.43,0.17,83
POS,0.01,-0.43,0.17,83
POS,-0.01,-0.40,0.19,83
POS,-0.02,-0.38,0.19,82
POS,0.01,-0.41,0.15,83
POS,0.03,-0.43,0.13,83
POS,0.04,-0.44,0.10,82
POS,0.03,-0.45,0.10,83
POS,0.02,-0.43,0.10,81
POS,0.04,-0.46,0.11,84
POS,0.01,-0.44,0.14,86
POS,0.01,-0.45,0.16,86
POS,0.02,-0.46,0.15,84
POS,-0.01,-0.44,0.15,86
POS,0.01,-0.45,0.13,83
POS,-0.02,-0.41,0.14,86
POS,-0.06,-0.38,0.13,86
POS,-0.04,-0.39,0.14,82
POS,-0.04,-0.39,0.13,83
POS,-0.04,-0.39,0.14,82
POS,-0.02,-0.40,0.12,83
POS,-0.01,-0.42,0.15,86
POS,0.02,-0.44,0.17,83
POS,0.04,-0.46,0.15,85
POS,0.05,-0.46,0.14,82
POS,0.03,-0.44,0.17,85
POS,-0.01,-0.42,0.17,86
POS,-0.01,-0.42,0.17,85
POS,-0.02,-0.42,0.17,86
POS,-0.01,-0.42,0.17,80
POS,-0.01,-0.42,0.18,84
POS,-0.02,-0.41,0.17,84
POS,-0.01,-0.41,0.17,82
POS,-0.02,-0.41,0.16,84
POS,-0.01,-0.42,0.11,82
POS,-0.02,-0.42,0.11,84
POS,-0.00,-0.43,0.11,82
POS,-0.04,-0.41,0.12,87
POS,-0.03,-0.42,0.12,84
POS,-0.04,-0.41,0.13,83
POS,-0.01,-0.42,0.13,84
POS,-0.03,-0.41,0.14,86
POS,-0.02,-0.42,0.15,83
POS,-0.00,-0.43,0.11,81
POS,-0.00,-0.43,0.10,82
POS,0.01,-0.44,0.09,83
POS,0.00,-0.43,0.12,84
POS,-0.00,-0.43,0.14,84
POS,-0.02,-0.42,0.12,84
POS,-0.01,-0.45,0.13,86
POS,-0.03,-0.43,0.12,84
POS,-0.05,-0.40,0.15,87
POS,-0.05,-0.41,0.15,85
POS,-0.03,-0.42,0.15,82
POS,-0.02,-0.43,0.13,84
POS,-0.02,-0.43,0.13,82
POS,0.00,-0.44,0.14,83
POS,-0.01,-0.43,0.12,83
POS,0.01,-0.44,0.14,83
POS,0.04,-0.46,0.16,84
POS,0.05,-0.47,0.16,85
POS,0.04,-0.44,0.18,81
POS,0.03,-0.44,0.18,84
POS,0.02,-0.42,0.19,83
POS,0.01,-0.42,0.18,82
POS,-0.01,-0.41,0.15,84
POS,-0.03,-0.38,0.18,86
POS,-0.02,-0.40,0.15,83
POS,-0.00,-0.40,0.16,81
POS,0.01,-0.43,0.13,84
POS,-0.01,-0.41,0.13,83
POS,-0.02,-0.41,0.12,84
POS,-0.01,-0.42,0.11,82
POS,-0.04,-0.39,0.13,87
POS,-0.03,-0.41,0.15,85
POS,-0.02,-0.42,0.14,84
POS,-0.01,-0.42,0.14,82
POS,-0.02,-0.42,0.17,86
POS,0.01,-0.43,0.17,83
POS,0.02,-0.44,0.17,82
POS,0.01,-0.42,0.16,83
POS,0.02,-0.45,0.17,86
POS,0.02,-0.44,0.18,84
POS,0.00,-0.44,0.18,85
POS,0.02,-0.45,0.14,82
POS,0.02,-0.45,0.13,82
POS,0.03,-0.46,0.10,83
POS,0.03,-0.45,0.13,82
POS,0.04,-0.45,0.14,82
POS,0.00,-0.41,0.16,87
POS,-0.01,-0.40,0.15,82
POS,0.02,-0.43,0.13,84
POS,-0.01,-0.40,0.15,84
POS,-0.02,-0.39,0.17,85
POS,-0.02,-0.40,0.17,84
POS,0.00,-0.41,0.17,83
POS,0.04,-0.44,0.19,84
POS,0.00,-0.41,0.18,85
POS,-0.03,-0.38,0.20,88
POS,-0.01,-0.39,0.18,81
POS,0.01,-0.41,0.17,83
POS,-0.02,-0.38,0.19,85
POS,-0.00,-0.39,0.19,82
POS,-0.03,-0.38,0.19,86
POS,-0.05,-0.37,0.18,86
POS,-0.05,-0.37,0.19,85
POS,-0.07,-0.36,0.19,87
POS,-0.04,-0.39,0.17,83
POS,-0.03,-0.41,0.13,82
POS,-0.03,-0.38,0.15,82
POS,-0.06,-0.35,0.12,86
POS,-0.06,-0.35,0.15,85
POS,-0.04,-0.37,0.13,82
POS,-0.05,-0.37,0.13,83
POS,-0.04,-0.38,0.14,83
POS,-0.03,-0.37,0.17,83
POS,-0.04,-0.34,0.20,96
POS,-0.02,-0.35,0.21,82
POS,-0.01,-0.38,0.20,84
POS,-0.04,-0.36,0.19,86
POS,-0.03,-0.36,0.18,79
POS,-0.04,-0.35,0.18,84
POS,-0.02,-0.37,0.17,83
POS,-0.01,-0.39,0.17,83
POS,-0.02,-0.39,0.17,84
POS,-0.02,-0.41,0.15,85
POS,-0.03,-0.38,0.18,84
POS,-0.01,-0.40,0.17,83
POS,-0.03,-0.39,0.18,86
POS,-0.02,-0.40,0.18,83
POS,-0.03,-0.37,0.17,81
POS,-0.03,-0.38,0.17,84
POS,-0.03,-0.37,0.18,84
POS,-0.02,-0.40,0.17,85
POS,-0.00,-0.41,0.15,81
POS,0.01,-0.44,0.14,84
POS,0.01,-0.45,0.14,85
POS,0.02,-0.45,0.15,84
POS,-0.01,-0.44,0.14,85
POS,-0.00,-0.44,0.15,83
POS,-0.02,-0.42,0.14,84
POS,-0.03,-0.41,0.14,84
POS,-0.02,-0.42,0.14,84
POS,-0.02,-0.43,0.14,84
POS,-0.02,-0.42,0.12,83
POS,-0.03,-0.42,0.14,85
POS,-0.02,-0.43,0.10,83
POS,-0.01,-0.44,0.12,84
POS,-0.03,-0.41,0.13,85
POS,-0.02,-0.43,0.13,85
POS,-0.01,-0.44,0.15,83
POS,-0.03,-0.40,0.15,85
POS,-0.01,-0.41,0.15,83
POS,-0.00,-0.43,0.14,83
POS,0.01,-0.44,0.15,85
POS,0.00,-0.45,0.17,87
POS,-0.02,-0.42,0.15,83
POS,-0.02,-0.41,0.16,83
POS,-0.00,-0.42,0.15,81
POS,-0.01,-0.41,0.16,83
POS,-0.01,-0.42,0.18,86
POS,0.01,-0.43,0.16,81
POS,0.03,-0.45,0.16,85
POS,0.01,-0.44,0.16,85
POS,0.02,-0.44,0.15,81
POS,0.02,-0.44,0.16,84
POS,-0.00,-0.41,0.15,82
POS,-0.01,-0.39,0.16,83
POS,-0.02,-0.39,0.14,81
POS,-0.02,-0.38,0.15,83
POS,-0.02,-0.39,0.14,83
POS,0.01,-0.41,0.15,83
POS,0.02,-0.41,0.16,81
POS,-0.00,-0.39,0.18,85
POS,0.01,-0.42,0.17,84
POS,0.01,-0.42,0.17,83
POS,-0.00,-0.41,0.14,82
POS,0.02,-0.44,0.12,84
POS,0.01,-0.43,0.10,82
POS,-0.03,-0.40,0.09,85
POS,-0.02,-0.40,0.10,83
POS,-0.01,-0.42,0.11,84
POS,0.02,-0.44,0.11,83
POS,-0.01,-0.43,0.12,87
POS,0.02,-0.44,0.14,83
POS,0.00,-0.45,0.14,87
POS,-0.00,-0.45,0.14,84
POS,-0.03,-0.41,0.15,86
POS,-0.02,-0.42,0.15,84
POS,0.01,-0.43,0.14,82
POS,-0.02,-0.41,0.14,85
POS,-0.02,-0.41,0.15,84
POS,-0.02,-0.41,0.16,84
POS,-0.02,-0.41,0.15,82
POS,0.01,-0.42,0.16,83
POS,0.01,-0.43,0.16,84
POS,-0.02,-0.40,0.19,87
POS,-0.02,-0.40,0.17,82
POS,-0.03,-0.39,0.17,82
POS,-0.01,-0.40,0.16,82
POS,-0.01,-0.41,0.16,84
POS,0.00,-0.43,0.15,84
POS,0.03,-0.45,0.15,84
POS,0.03,-0.46,0.18,87
POS,0.03,-0.46,0.16,83
POS,0.02,-0.44,0.18,83
POS,0.02,-0.46,0.17,85
POS,0.05,-0.48,0.17,85
POS,0.04,-0.48,0.19,86
POS,0.03,-0.45,0.19,82
POS,0.05,-0.46,0.20,84
POS,0.03,-0.45,0.19,84
POS,0.03,-0.45,0.19,85
POS,0.03,-0.46,0.19,84
POS,0.05,-0.46,0.20,84
POS,0.04,-0.46,0.17,83
POS,0.02,-0.45,0.19,86
POS,0.02,-0.44,0.19,84
POS,0.02,-0.45,0.17,84
POS,0.01,-0.44,0.16,83
POS,0.02,-0.45,0.18,85
POS,0.01,-0.45,0.18,86
POS,-0.01,-0.42,0.17,83
POS,-0.02,-0.42,0.17,85
POS,-0.01,-0.42,0.15,81
POS,-0.02,-0.41,0.15,83
POS,-0.03,-0.40,0.15,85
POS,-0.02,-0.41,0.14,81
POS,-0.01,-0.41,0.16,83
POS,-0.03,-0.40,0.16,85
POS,0.03,-0.44,0.11,80
POS,0.03,-0.45,0.10,84
POS,0.02,-0.43,0.13,83
POS,0.00,-0.42,0.14,83
POS,0.02,-0.43,0.15,83

POS,0.02,-0.44,0.15,84
POS,0.01,-0.44,0.12,83
POS,0.03,-0.46,0.12,85
POS,0.02,-0.45,0.13,83
POS,-0.00,-0.43,0.13,84
POS,-0.01,-0.43,0.12,83
POS,0.01,-0.43,0.14,82
POS,-0.00,-0.40,0.15,82
POS,0.01,-0.41,0.16,83
POS,-0.00,-0.42,0.14,84
POS,-0.00,-0.42,0.13,83
POS,0.02,-0.44,0.12,84
POS,0.03,-0.44,0.15,83
POS,0.03,-0.44,0.15,82
POS,0.02,-0.43,0.13,82
POS,0.00,-0.42,0.15,84
POS,-0.01,-0.41,0.17,84
POS,-0.01,-0.41,0.16,83
POS,-0.01,-0.41,0.16,83
POS,0.01,-0.44,0.15,85
POS,-0.01,-0.43,0.14,84
POS,0.01,-0.44,0.14,82
POS,0.01,-0.44,0.13,83
POS,-0.00,-0.41,0.14,82
POS,-0.01,-0.42,0.14,84
POS,-0.02,-0.42,0.16,86
POS,-0.03,-0.41,0.16,85
POS,-0.03,-0.41,0.15,82
POS,-0.01,-0.41,0.15,82
POS,-0.00,-0.40,0.17,83
POS,0.01,-0.42,0.15,82
POS,0.00,-0.41,0.16,82
POS,-0.01,-0.39,0.18,85
POS,-0.01,-0.41,0.16,84
POS,-0.02,-0.42,0.15,86
POS,-0.02,-0.42,0.16,84
POS,0.02,-0.44,0.18,82
POS,0.04,-0.45,0.17,84
POS,0.01,-0.42,0.18,85
POS,0.02,-0.43,0.17,83
POS,0.06,-0.46,0.14,81
POS,0.07,-0.46,0.15,85
POS,0.04,-0.45,0.17,85
POS,0.05,-0.46,0.14,84
POS,0.01,-0.43,0.12,84
POS,-0.01,-0.42,0.14,86
POS,-0.03,-0.42,0.13,85
POS,-0.03,-0.41,0.14,82
POS,-0.03,-0.39,0.13,81
POS,-0.04,-0.40,0.12,85
POS,-0.04,-0.40,0.12,82
POS,-0.02,-0.43,0.10,86
POS,-0.02,-0.43,0.12,85
POS,-0.00,-0.44,0.11,83
POS,-0.02,-0.43,0.13,86
POS,-0.03,-0.42,0.13,84
POS,-0.03,-0.43,0.08,83
POS,-0.04,-0.42,0.12,86
POS,-0.02,-0.43,0.13,83
POS,-0.02,-0.43,0.10,82
POS,-0.03,-0.41,0.11,83
POS,-0.04,-0.40,0.11,83
POS,0.07,-0.45,0.16,94
POS,0.05,-0.45,0.18,87
POS,0.06,-0.46,0.16,82
POS,0.05,-0.45,0.18,83
POS,0.05,-0.45,0.17,83
POS,0.05,-0.44,0.14,78
POS,0.04,-0.45,0.14,84
POS,0.06,-0.47,0.13,84
POS,0.05,-0.47,0.12,84
POS,0.06,-0.47,0.14,84
POS,0.03,-0.45,0.16,85
POS,0.02,-0.45,0.14,83
POS,0.02,-0.44,0.12,80
POS,0.02,-0.43,0.13,80
POS,0.00,-0.44,0.10,84
POS,-0.00,-0.42,0.12,82
POS,-0.01,-0.41,0.09,82
POS,-0.01,-0.42,0.09,82
POS,-0.01,-0.42,0.12,85
POS,-0.01,-0.43,0.13,85
POS,-0.01,-0.44,0.13,84
POS,-0.00,-0.42,0.15,82
POS,-0.00,-0.42,0.15,82
POS,0.00,-0.42,0.15,81
POS,-0.00,-0.40,0.17,83
POS,0.01,-0.41,0.18,83
POS,0.02,-0.42,0.19,85
POS,0.01,-0.41,0.19,84
POS,0.02,-0.43,0.17,82
POS,0.01,-0.42,0.19,85
POS,-0.00,-0.42,0.17,83
POS,-0.02,-0.40,0.16,83
POS,-0.05,-0.39,0.15,86
POS,-0.03,-0.38,0.15,79
POS,-0.03,-0.37,0.18,84
POS,0.00,-0.40,0.17,83
POS,0.03,-0.42,0.16,82
POS,0.02,-0.42,0.15,84
POS,0.05,-0.19,0.14,83
POS,0.01,-0.23,0.17,86
POS,-0.02,-0.22,0.20,88
POS,-0.02,-0.28,0.20,86
POS,-0.01,-0.31,0.17,81
POS,-0.00,-0.34,0.16,81
POS,0.00,-0.36,0.17,82
POS,-0.01,-0.37,0.15,82
POS,-0.01,-0.37,0.15,82
POS,-0.02,-0.38,0.14,84
POS,0.00,-0.41,0.13,83
POS,-0.01,-0.42,0.11,84
POS,-0.01,-0.41,0.12,82
POS,0.02,-0.43,0.11,83
POS,0.03,-0.44,0.10,83
POS,0.00,-0.42,0.12,84
POS,0.00,-0.43,0.14,85
POS,-0.02,-0.42,0.14,85
POS,-0.02,-0.42,0.16,85
POS,-0.01,-0.43,0.17,85
POS,-0.01,-0.42,0.17,82
POS,-0.02,-0.39,0.16,81
POS,-0.04,-0.39,0.14,84
POS,-0.02,-0.41,0.16,84
POS,-0.01,-0.42,0.14,82
POS,0.02,-0.43,0.16,85
POS,-0.01,-0.43,0.13,85
POS,-0.01,-0.42,0.13,81
POS,0.00,-0.44,0.13,85
POS,-0.03,-0.40,0.14,86
POS,-0.05,-0.39,0.15,86
POS,-0.06,-0.39,0.17,86
POS,-0.06,-0.39,0.17,85
POS,-0.05,-0.40,0.17,85
POS,-0.02,-0.41,0.17,82
POS,-0.00,-0.42,0.17,82
POS,-0.01,-0.41,0.17,84
POS,0.00,-0.43,0.16,84
POS,0.01,-0.43,0.17,83
POS,0.06,-0.44,0.19,80
POS,0.05,-0.44,0.20,85
POS,0.06,-0.45,0.19,84
POS,0.07,-0.46,0.20,84
POS,0.07,-0.46,0.20,84
POS,0.04,-0.43,0.20,85
POS,0.01,-0.40,0.19,84
POS,-0.03,-0.38,0.19,87
POS,0.01,-0.41,0.19,83
POS,-0.00,-0.42,0.19,85
POS,-0.01,-0.43,0.16,85
POS,-0.01,-0.43,0.17,85
POS,-0.01,-0.42,0.17,82
POS,0.00,-0.44,0.14,84
POS,0.01,-0.43,0.16,83
POS,0.02,-0.44,0.16,83
POS,0.01,-0.44,0.16,85
POS,0.03,-0.45,0.16,84
POS,0.05,-0.46,0.17,83
POS,0.03,-0.44,0.17,83
POS,0.02,-0.42,0.18,83
POS,0.03,-0.43,0.17,82
POS,-0.01,-0.41,0.17,86
POS,0.02,-0.44,0.15,85
POS,-0.01,-0.42,0.15,84
POS,0.00,-0.43,0.16,84
POS,0.01,-0.43,0.16,83
POS,0.04,-0.45,0.17,84
POS,0.03,-0.45,0.19,84
POS,0.04,-0.44,0.19,83
POS,0.05,-0.46,0.16,84
POS,0.02,-0.44,0.17,85
POS,0.02,-0.44,0.16,83
POS,0.00,-0.44,0.16,85
POS,-0.00,-0.43,0.19,86
POS,-0.00,-0.45,0.17,85
POS,0.06,-0.47,0.13,80
POS,0.03,-0.45,0.15,85
POS,0.06,-0.21,0.15,82
POS,0.05,-0.26,0.15,81
POS,0.06,-0.32,0.15,83
POS,0.04,-0.33,0.15,83
POS,0.01,-0.33,0.17,84
POS,0.02,-0.36,0.16,81
POS,0.03,-0.38,0.16,83
POS,0.07,-0.42,0.17,82
POS,0.05,-0.41,0.14,81
POS,0.02,-0.37,0.15,82
POS,0.01,-0.38,0.13,80
POS,-0.01,-0.39,0.16,87
POS,-0.02,-0.39,0.17,85
POS,-0.02,-0.40,0.18,86
POS,-0.03,-0.39,0.19,84
POS,-0.03,-0.40,0.18,84
POS,-0.03,-0.40,0.17,84
POS,-0.00,-0.42,0.16,82
POS,-0.00,-0.42,0.14,82
POS,0.00,-0.42,0.14,83
POS,0.01,-0.43,0.14,82
POS,0.01,-0.44,0.13,83
POS,-0.01,-0.41,0.12,84
POS,-0.02,-0.41,0.13,83
POS,0.00,-0.42,0.14,82
POS,0.01,-0.43,0.17,86
POS,-0.00,-0.43,0.16,84
POS,-0.01,-0.43,0.16,85
POS,-0.02,-0.43,0.18,86
POS,-0.03,-0.43,0.13,84
POS,-0.03,-0.42,0.14,83
POS,-0.00,-0.42,0.16,83
POS,0.00,-0.43,0.17,85
POS,0.02,-0.45,0.16,85
POS,0.01,-0.44,0.17,83
POS,-0.01,-0.43,0.17,85
POS,-0.02,-0.41,0.19,85
POS,-0.01,-0.42,0.16,83
POS,-0.00,-0.43,0.17,84
POS,-0.02,-0.40,0.19,85
POS,-0.03,-0.38,0.17,83
POS,-0.01,-0.40,0.16,82
POS,-0.01,-0.42,0.16,86
POS,0.03,-0.44,0.15,82
POS,0.04,-0.46,0.18,86
POS,0.03,-0.45,0.19,85
POS,0.01,-0.44,0.18,83
POS,-0.00,-0.43,0.18,85
POS,0.01,-0.45,0.17,85
POS,0.01,-0.45,0.16,83
POS,0.01,-0.44,0.16,83
POS,0.05,-0.46,0.14,82
POS,0.03,-0.46,0.17,87
POS,0.03,-0.47,0.17,85
POS,0.03,-0.48,0.13,84
POS,0.05,-0.49,0.14,85
POS,0.04,-0.48,0.14,84
POS,0.05,-0.49,0.14,85
POS,0.05,-0.47,0.13,80
POS,0.03,-0.44,0.14,83
POS,0.04,-0.45,0.14,82
POS,0.05,-0.47,0.11,84
POS,0.04,-0.47,0.13,85
POS,0.01,-0.46,0.13,86
POS,0.02,-0.46,0.12,83
POS,-0.00,-0.45,0.12,84
POS,0.01,-0.47,0.10,85
POS,0.01,-0.45,0.12,83
POS,0.03,-0.46,0.12,83
POS,0.01,-0.41,0.14,82
POS,0.02,-0.42,0.16,82
POS,0.04,-0.43,0.17,84
POS,0.02,-0.42,0.18,83
POS,0.01,-0.42,0.13,83
POS,0.05,-0.46,0.08,83
POS,0.04,-0.46,0.10,85
POS,0.03,-0.46,0.13,86
POS,0.03,-0.45,0.15,84
POS,0.02,-0.45,0.15,84
POS,0.00,-0.44,0.13,83
POS,0.01,-0.44,0.14,84
POS,-0.01,-0.43,0.14,85
POS,-0.01,-0.44,0.14,83
POS,-0.02,-0.43,0.14,83
POS,-0.02,-0.42,0.14,82
POS,-0.01,-0.43,0.17,86
POS,-0.04,-0.41,0.15,86
POS,-0.04,-0.42,0.18,87
POS,-0.01,-0.44,0.16,84
POS,0.00,-0.45,0.16,85
POS,-0.00,-0.44,0.16,83
POS,0.01,-0.45,0.15,84
POS,0.00,-0.45,0.15,84
POS,-0.00,-0.44,0.17,85
POS,0.01,-0.44,0.20,86
POS,0.00,-0.44,0.21,85
POS,0.03,-0.46,0.19,84
POS,0.00,-0.44,0.18,85
POS,0.01,-0.45,0.17,83
POS,0.02,-0.45,0.16,84
POS,0.04,-0.46,0.17,83
POS,0.07,-0.47,0.19,83
POS,0.06,-0.48,0.15,85
POS,0.04,-0.46,0.13,82
POS,0.05,-0.48,0.15,85
POS,0.05,-0.47,0.14,83
POS,0.03,-0.47,0.13,86
POS,0.04,-0.47,0.15,84
POS,0.03,-0.46,0.15,82
POS,0.04,-0.46,0.19,86
POS,0.01,-0.43,0.18,84
POS,0.03,-0.44,0.21,86
POS,0.04,-0.47,0.18,86
POS,0.04,-0.46,0.16,81
POS,0.04,-0.45,0.18,84
POS,0.04,-0.44,0.19,82
POS,-0.00,-0.40,0.18,86
POS,0.00,-0.41,0.17,83
POS,0.00,-0.43,0.15,84
POS,0.01,-0.43,0.16,84
POS,-0.01,-0.43,0.12,84
POS,-0.00,-0.44,0.13,84
POS,-0.03,-0.41,0.15,87
POS,-0.01,-0.43,0.12,82
POS,-0.03,-0.41,0.10,83
POS,-0.04,-0.40,0.11,84
POS,-0.03,-0.41,0.14,85
POS,-0.03,-0.41,0.15,85
POS,-0.02,-0.42,0.17,84
POS,0.03,-0.45,0.13,82
POS,0.03,-0.45,0.14,83
POS,0.03,-0.45,0.16,84
POS,0.02,-0.45,0.16,86
POS,0.01,-0.42,0.20,84
POS,-0.00,-0.42,0.18,84
POS,-0.03,-0.41,0.16,86
POS,-0.02,-0.41,0.18,85
POS,-0.03,-0.41,0.18,85
POS,-0.01,-0.41,0.19,83
POS,-0.03,-0.40,0.15,84
POS,-0.04,-0.40,0.14,82
POS,-0.03,-0.40,0.15,83
POS,0.00,-0.43,0.16,85
POS,0.00,-0.45,0.16,87
POS,0.05,-0.48,0.15,82
POS,0.03,-0.47,0.11,83
POS,0.03,-0.46,0.13,84
POS,0.02,-0.45,0.14,83
POS,0.01,-0.44,0.14,83
POS,0.03,-0.46,0.12,85
POS,0.04,-0.48,0.12,85
POS,0.04,-0.48,0.12,84
POS,0.00,-0.45,0.12,85
POS,-0.01,-0.43,0.13,84
POS,0.02,-0.46,0.12,83
POS,-0.00,-0.44,0.14,85
POS,-0.00,-0.43,0.15,83
POS,-0.01,-0.42,0.14,82
POS,0.01,-0.43,0.15,83
POS,0.00,-0.42,0.12,80
POS,0.01,-0.43,0.14,84
POS,0.00,-0.42,0.14,82
POS,-0.00,-0.43,0.14,84
POS,-0.00,-0.43,0.14,85
POS,-0.00,-0.43,0.15,83
POS,-0.03,-0.40,0.17,86
POS,-0.01,-0.41,0.16,82
POS,-0.01,-0.42,0.15,83
POS,-0.01,-0.43,0.15,85
POS,-0.01,-0.43,0.13,84
POS,0.02,-0.45,0.15,83
POS,0.02,-0.45,0.14,83
POS,0.02,-0.44,0.18,86
POS,-0.01,-0.42,0.17,84
POS,0.02,-0.43,0.17,81
POS,0.01,-0.41,0.17,82
POS,0.03,-0.44,0.16,85
POS,0.01,-0.42,0.16,83
POS,0.02,-0.43,0.16,83
POS,0.01,-0.43,0.17,85
POS,-0.00,-0.39,0.19,84
POS,0.01,-0.40,0.20,82
POS,0.02,-0.41,0.23,86
POS,-0.01,-0.38,0.24,87
POS,-0.02,-0.39,0.21,83
POS,-0.00,-0.40,0.19,81
POS,-0.01,-0.41,0.17,84
POS,-0.03,-0.39,0.14,83
POS,-0.01,-0.42,0.13,84
POS,-0.03,-0.39,0.15,85
POS,-0.02,-0.39,0.15,81
POS,0.00,-0.42,0.14,84
POS,0.01,-0.43,0.16,85
POS,-0.02,-0.41,0.16,85
POS,-0.00,-0.41,0.17,83
POS,0.01,-0.44,0.17,85
POS,0.01,-0.45,0.17,85
POS,0.02,-0.44,0.19,85
POS,0.02,-0.45,0.17,83
POS,0.02,-0.45,0.17,84
POS,0.00,-0.42,0.19,85
POS,-0.02,-0.41,0.15,85
POS,-0.00,-0.43,0.14,83
POS,0.01,-0.42,0.16,81
POS,0.02,-0.41,0.18,82
POS,0.03,-0.42,0.18,82
POS,0.06,-0.19,0.16,82
POS,0.02,-0.22,0.16,85
POS,0.01,-0.27,0.15,83
POS,0.02,-0.32,0.13,82
POS,0.00,-0.33,0.11,81
POS,0.00,-0.34,0.16,85
POS,-0.01,-0.36,0.16,84
POS,-0.00,-0.38,0.13,83
POS,0.01,-0.39,0.14,80
POS,0.02,-0.41,0.14,84
POS,0.00,-0.41,0.11,82
POS,0.00,-0.43,0.13,85
POS,0.00,-0.42,0.16,84
POS,0.01,-0.44,0.16,86
POS,0.02,-0.44,0.15,81
POS,0.02,-0.43,0.17,83
POS,0.01,-0.42,0.19,85
POS,0.01,-0.42,0.19,82
POS,0.01,-0.41,0.20,84
POS,0.01,-0.43,0.21,86
POS,0.02,-0.44,0.22,86
POS,-0.00,-0.43,0.19,84
POS,-0.01,-0.43,0.17,84
POS,-0.02,-0.41,0.16,83
POS,-0.02,-0.42,0.16,85
POS,-0.02,-0.42,0.17,85
POS,-0.01,-0.43,0.17,83
POS,0.01,-0.44,0.17,83
POS,-0.01,-0.42,0.14,84
POS,-0.02,-0.43,0.15,86
POS,-0.02,-0.42,0.16,84
POS,-0.04,-0.41,0.17,86
POS,-0.04,-0.41,0.15,99
POS,-0.03,-0.41,0.17,83
POS,-0.04,-0.40,0.17,84
POS,-0.04,-0.40,0.13,82
POS,-0.04,-0.40,0.13,83
POS,0.01,-0.42,0.17,82
POS,0.01,-0.43,0.15,85
POS,-0.02,-0.40,0.15,85
POS,-0.01,-0.41,0.11,81
POS,0.01,-0.43,0.11,83
POS,0.02,-0.43,0.12,82
POS,0.03,-0.45,0.13,85
POS,0.02,-0.44,0.13,83
POS,0.01,-0.44,0.13,83
POS,-0.03,-0.41,0.11,86
POS,0.01,-0.43,0.13,82
POS,0.01,-0.41,0.11,78
POS,0.03,-0.42,0.13,82
POS,0.03,-0.42,0.14,82
POS,0.02,-0.42,0.11,82
POS,0.03,-0.44,0.11,83
POS,0.00,-0.43,0.12,86
POS,-0.00,-0.42,0.12,81
POS,0.01,-0.42,0.13,82
POS,-0.00,-0.42,0.13,84
POS,-0.03,-0.38,0.16,86
POS,0.02,-0.40,0.19,82
POS,0.02,-0.42,0.18,84
POS,-0.02,-0.40,0.14,85
POS,-0.03,-0.38,0.18,86
POS,-0.02,-0.39,0.18,83
POS,-0.02,-0.38,0.19,84
POS,-0.03,-0.40,0.18,85
POS,-0.04,-0.40,0.14,84
POS,-0.05,-0.39,0.14,83
POS,-0.02,-0.41,0.16,84
POS,-0.03,-0.40,0.15,84
POS,-0.02,-0.42,0.15,83
POS,-0.03,-0.40,0.16,85
POS,-0.02,-0.42,0.15,84
POS,-0.01,-0.42,0.12,81
POS,-0.01,-0.41,0.13,81
POS,0.02,-0.43,0.15,84
POS,0.02,-0.44,0.15,85
POS,0.03,-0.45,0.16,84
POS,0.03,-0.46,0.15,84
POS,0.02,-0.44,0.15,80
POS,0.04,-0.45,0.15,83
POS,0.02,-0.45,0.14,84
POS,0.01,-0.44,0.15,85
POS,-0.00,-0.43,0.13,82
POS,-0.00,-0.44,0.14,85
POS,0.01,-0.44,0.15,82
POS,0.03,-0.46,0.14,84
POS,-0.01,-0.42,0.12,84
POS,-0.01,-0.43,0.11,83
POS,-0.02,-0.44,0.11,86
POS,-0.00,-0.45,0.14,85
POS,0.02,-0.46,0.12,82
POS,0.01,-0.45,0.14,84
POS,0.00,-0.46,0.11,85
POS,-0.02,-0.43,0.12,84
POS,0.02,-0.45,0.14,84
POS,0.04,-0.45,0.14,82
POS,0.01,-0.44,0.11,83
POS,0.03,-0.46,0.09,84
POS,0.06,-0.48,0.07,84
POS,0.05,-0.47,0.06,81
POS,0.04,-0.46,0.09,83
POS,0.05,-0.46,0.09,80
POS,0.03,-0.46,0.09,84
POS,0.03,-0.46,0.10,83
POS,0.03,-0.45,0.12,83
POS,-0.01,-0.43,0.11,85
POS,-0.02,-0.41,0.14,84
POS,-0.02,-0.42,0.14,84
POS,0.02,-0.45,0.11,83
POS,-0.00,-0.44,0.11,84
POS,-0.03,-0.41,0.10,85
POS,-0.05,-0.41,0.11,86
POS,-0.08,-0.38,0.14,88
POS,-0.06,-0.38,0.15,84
POS,-0.02,-0.41,0.12,82
POS,0.00,-0.43,0.09,81
POS,-0.01,-0.41,0.09,82
POS,-0.01,-0.41,0.09,82
POS,0.02,-0.44,0.10,84
POS,0.01,-0.44,0.12,85
POS,-0.01,-0.43,0.11,84
POS,-0.01,-0.43,0.12,84
POS,-0.01,-0.43,0.10,81
POS,-0.02,-0.43,0.13,86
POS,-0.00,-0.44,0.10,83
POS,-0.02,-0.44,0.10,85
POS,-0.01,-0.44,0.12,84
POS,-0.02,-0.44,0.14,86
POS,-0.02,-0.43,0.14,81
POS,-0.03,-0.42,0.15,86
POS,-0.02,-0.44,0.14,85
POS,-0.00,-0.46,0.12,83
POS,-0.02,-0.45,0.12,86
POS,-0.00,-0.46,0.12,85
POS,0.01,-0.46,0.13,82
POS,0.01,-0.45,0.12,82
POS,-0.00,-0.44,0.12,83
POS,-0.00,-0.43,0.10,81
POS,-0.00,-0.42,0.13,83
POS,-0.00,-0.41,0.14,80
POS,0.03,-0.44,0.14,84
POS,0.02,-0.43,0.13,83
POS,0.02,-0.44,0.10,81
POS,0.03,-0.45,0.10,84
POS,0.03,-0.46,0.06,83
POS,0.04,-0.47,0.04,84
POS,0.04,-0.47,0.03,82
POS,0.02,-0.46,0.03,83
POS,-0.00,-0.45,0.06,85
POS,-0.03,-0.43,0.10,86
POS,-0.02,-0.43,0.09,82
POS,-0.00,-0.44,0.10,83
POS,-0.01,-0.43,0.11,84
POS,-0.02,-0.43,0.12,85
POS,0.01,-0.44,0.14,83
POS,-0.01,-0.42,0.12,84
POS,-0.05,-0.41,0.10,87
POS,-0.06,-0.40,0.11,86
POS,-0.07,-0.39,0.14,86
POS,-0.06,-0.39,0.16,85
POS,-0.05,-0.41,0.16,86
POS,-0.06,-0.40,0.16,84
POS,-0.06,-0.42,0.13,85
POS,-0.04,-0.41,0.15,81
POS,-0.04,-0.40,0.13,83
POS,-0.01,-0.42,0.11,82
POS,0.00,-0.45,0.11,86
POS,-0.02,-0.42,0.12,84
POS,-0.02,-0.43,0.11,84
POS,-0.01,-0.43,0.14,86
POS,-0.02,-0.44,0.15,86
POS,-0.01,-0.44,0.15,83
POS,-0.04,-0.41,0.13,86
POS,-0.00,-0.44,0.14,84
POS,-0.02,-0.43,0.14,85
POS,-0.05,-0.41,0.12,85
POS,-0.05,-0.40,0.10,82
POS,-0.04,-0.40,0.12,83
POS,-0.03,-0.41,0.13,82
POS,-0.01,-0.42,0.14,82
POS,0.02,-0.44,0.10,82
POS,0.00,-0.43,0.12,85
POS,-0.01,-0.40,0.14,83
POS,-0.02,-0.40,0.13,83
POS,-0.05,-0.39,0.13,88
POS,-0.05,-0.40,0.15,84
POS,-0.02,-0.41,0.15,83
POS,-0.01,-0.41,0.17,82
POS,-0.03,-0.41,0.13,84
POS,0.00,-0.43,0.13,84
POS,0.00,-0.44,0.11,82
POS,0.01,-0.44,0.12,83
POS,-0.01,-0.43,0.09,83
POS,-0.04,-0.42,0.12,87
POS,0.01,-0.43,0.13,80
POS,0.02,-0.44,0.12,82
POS,0.03,-0.45,0.12,84
POS,0.00,-0.42,0.13,84
POS,-0.02,-0.40,0.15,85
POS,-0.02,-0.40,0.16,84
POS,-0.01,-0.41,0.18,84
POS,-0.01,-0.41,0.16,83
POS,-0.02,-0.39,0.16,82
POS,0.00,-0.42,0.12,83
POS,-0.01,-0.41,0.14,83
POS,-0.02,-0.40,0.13,84
POS,-0.02,-0.40,0.10,80
POS,0.01,-0.41,0.12,83
POS,0.00,-0.42,0.10,82
POS,0.00,-0.44,0.10,85
POS,-0.02,-0.42,0.10,84
POS,0.02,-0.43,0.14,84
POS,-0.02,-0.41,0.13,85
POS,-0.02,-0.42,0.10,83
POS,-0.03,-0.41,0.15,87
POS,-0.00,-0.42,0.14,82
POS,0.00,-0.43,0.14,84
POS,-0.00,-0.43,0.13,82
POS,-0.00,-0.41,0.16,81
POS,0.01,-0.42,0.15,82
POS,0.02,-0.43,0.13,82
POS,0.02,-0.44,0.11,82
POS,0.00,-0.43,0.10,83
POS,0.01,-0.44,0.13,85
POS,0.01,-0.44,0.12,81
POS,0.01,-0.44,0.11,82
POS,0.02,-0.45,0.09,83
POS,0.01,-0.45,0.07,84
POS,-0.01,-0.45,0.05,84
POS,-0.03,-0.43,0.07,86
POS,-0.03,-0.43,0.08,84
POS,-0.03,-0.43,0.07,84
POS,-0.05,-0.40,0.10,86
POS,-0.05,-0.41,0.09,85
POS,-0.04,-0.41,0.10,81
POS,-0.04,-0.41,0.12,85
POS,-0.00,-0.43,0.10,83
POS,-0.00,-0.43,0.10,83
POS,-0.03,-0.41,0.11,86
POS,-0.04,-0.41,0.11,84
POS,-0.02,-0.43,0.08,84
POS,-0.02,-0.44,0.09,83
POS,-0.01,-0.45,0.11,86
POS,-0.01,-0.45,0.10,84
POS,-0.01,-0.45,0.09,84
POS,-0.02,-0.45,0.09,84
POS,-0.03,-0.44,0.10,84
POS,-0.03,-0.44,0.07,83
POS,-0.02,-0.44,0.10,85
POS,-0.03,-0.44,0.11,85
POS,-0.02,-0.43,0.11,82
POS,-0.04,-0.43,0.12,86
POS,-0.03,-0.43,0.12,82
POS,-0.02,-0.43,0.11,81
POS,-0.03,-0.41,0.10,82
POS,-0.01,-0.43,0.09,82
POS,-0.02,-0.44,0.12,87
POS,0.01,-0.46,0.10,85
POS,0.03,-0.22,0.11,84
POS,0.01,-0.25,0.13,83
POS,-0.01,-0.30,0.14,86
POS,-0.01,-0.32,0.14,82
POS,-0.01,-0.35,0.14,83
POS,-0.00,-0.37,0.15,84
POS,-0.00,-0.39,0.12,83
POS,-0.02,-0.40,0.10,83
POS,-0.01,-0.41,0.09,83
POS,-0.00,-0.43,0.10,85
POS,0.00,-0.44,0.10,82
POS,0.02,-0.45,0.07,82
POS,0.03,-0.46,0.09,84
POS,0.05,-0.47,0.12,84
POS,0.04,-0.48,0.13,86
POS,0.04,-0.47,0.14,83
POS,-0.00,-0.44,0.13,86
POS,0.01,-0.45,0.15,85
POS,-0.01,-0.44,0.16,85
POS,-0.01,-0.43,0.15,83
POS,-0.03,-0.43,0.16,86
POS,0.00,-0.46,0.14,85
POS,0.00,-0.47,0.14,86
POS,-0.02,-0.46,0.12,86
POS,-0.04,-0.43,0.15,86
POS,-0.02,-0.44,0.15,84
POS,-0.01,-0.45,0.14,85
POS,-0.01,-0.46,0.12,85
POS,-0.01,-0.46,0.09,83
POS,-0.03,-0.44,0.10,85
POS,-0.00,-0.47,0.12,86
POS,0.01,-0.48,0.12,86
POS,0.02,-0.48,0.15,86
POS,-0.00,-0.47,0.16,86
POS,-0.00,-0.46,0.16,84
POS,0.00,-0.47,0.11,84
POS,0.02,-0.48,0.10,84
POS,0.00,-0.48,0.10,86
POS,-0.02,-0.46,0.10,86
POS,-0.02,-0.46,0.10,83
POS,-0.02,-0.45,0.10,83
POS,-0.02,-0.45,0.10,84
POS,-0.04,-0.43,0.10,84
POS,-0.04,-0.42,0.09,82
POS,-0.02,-0.44,0.08,85
POS,-0.00,-0.44,0.10,82
POS,0.00,-0.44,0.10,82
POS,-0.00,-0.45,0.11,86
POS,-0.00,-0.45,0.09,84
POS,0.01,-0.46,0.07,82
POS,0.02,-0.46,0.08,83
POS,0.02,-0.45,0.11,82
POS,0.01,-0.46,0.13,86
POS,0.01,-0.45,0.13,83
POS,0.01,-0.45,0.13,83
POS,-0.01,-0.44,0.11,84
POS,-0.03,-0.43,0.11,86
POS,-0.03,-0.43,0.11,83
POS,-0.02,-0.45,0.10,85
POS,-0.03,-0.43,0.05,85
POS,-0.01,-0.44,0.09,84
POS,-0.02,-0.42,0.07,80
POS,-0.02,-0.42,0.10,85
POS,-0.03,-0.41,0.09,81
POS,-0.02,-0.43,0.10,85
POS,-0.01,-0.44,0.12,84
POS,0.00,-0.43,0.13,81
POS,-0.02,-0.43,0.13,87
POS,-0.05,-0.42,0.14,87
POS,-0.03,-0.42,0.16,84
POS,-0.05,-0.40,0.16,84
POS,-0.03,-0.40,0.15,81
POS,-0.04,-0.38,0.16,83
POS,-0.02,-0.40,0.16,83
POS,-0.02,-0.40,0.14,82
POS,-0.00,-0.41,0.15,82
POS,-0.02,-0.41,0.15,86
POS,-0.05,-0.40,0.15,88
POS,-0.02,-0.41,0.13,81
POS,-0.03,-0.40,0.15,84
POS,0.02,-0.40,0.19,95
POS,0.01,-0.41,0.15,83
POS,0.03,-0.42,0.16,85
POS,0.01,-0.41,0.18,85
POS,0.01,-0.43,0.18,84
POS,-0.00,-0.41,0.15,81
POS,-0.01,-0.39,0.15,81
POS,0.02,-0.42,0.10,83
POS,0.01,-0.43,0.10,83
POS,-0.02,-0.41,0.11,85
POS,0.00,-0.42,0.08,79
POS,-0.00,-0.41,0.10,82
POS,-0.00,-0.42,0.10,84
POS,0.01,-0.42,0.11,82
POS,0.03,-0.45,0.12,84
POS,0.04,-0.46,0.11,84
POS,0.04,-0.46,0.12,82
POS,0.03,-0.45,0.12,83
POS,0.03,-0.47,0.13,86
POS,0.00,-0.44,0.16,86
POS,0.00,-0.44,0.17,85
POS,0.04,-0.48,0.16,85
POS,0.04,-0.47,0.19,86
POS,0.04,-0.47,0.15,82
POS,0.09,-0.49,0.16,97
POS,0.06,-0.46,0.19,85
POS,0.03,-0.44,0.17,83
POS,0.02,-0.45,0.17,85
POS,0.03,-0.44,0.17,81
POS,0.02,-0.44,0.19,86
POS,0.03,-0.45,0.19,85
POS,0.06,-0.47,0.15,83
POS,0.03,-0.46,0.15,84
POS,0.03,-0.45,0.15,81
POS,0.04,-0.46,0.15,84
POS,0.03,-0.45,0.14,83
POS,0.01,-0.43,0.13,82
POS,-0.00,-0.43,0.14,84
POS,0.01,-0.44,0.13,84
POS,0.01,-0.43,0.14,82
POS,-0.00,-0.42,0.15,83
POS,-0.01,-0.41,0.17,84
POS,-0.03,-0.40,0.17,86
POS,-0.01,-0.41,0.15,81
POS,-0.01,-0.41,0.15,83
POS,0.01,-0.43,0.13,83
POS,0.03,-0.45,0.13,84
POS,0.04,-0.44,0.14,81
POS,0.04,-0.45,0.14,83
POS,0.03,-0.44,0.16,85
POS,0.02,-0.44,0.17,85
POS,-0.01,-0.43,0.15,85
POS,-0.01,-0.42,0.16,83
POS,-0.01,-0.41,0.17,83
POS,-0.03,-0.40,0.18,85
POS,0.01,-0.43,0.15,83
POS,-0.01,-0.42,0.17,86
POS,-0.03,-0.41,0.14,83
POS,-0.03,-0.41,0.14,85
POS,-0.01,-0.41,0.17,83
POS,0.01,-0.42,0.20,85
POS,-0.01,-0.41,0.19,84
POS,-0.01,-0.41,0.17,82
POS,-0.01,-0.43,0.16,85
POS,-0.02,-0.42,0.17,84
POS,-0.00,-0.44,0.16,85
POS,-0.00,-0.44,0.17,85
POS,-0.02,-0.41,0.16,83
POS,-0.04,-0.40,0.15,85
POS,-0.02,-0.42,0.12,84
POS,-0.03,-0.42,0.12,84
POS,0.00,-0.44,0.10,84
POS,0.01,-0.44,0.13,84
POS,-0.00,-0.45,0.14,86
POS,-0.00,-0.44,0.14,82
POS,0.01,-0.45,0.13,82
POS,-0.01,-0.43,0.13,85
POS,-0.01,-0.43,0.13,82
POS,-0.03,-0.43,0.12,86
POS,-0.02,-0.43,0.12,82
POS,0.01,-0.45,0.11,84
POS,0.03,-0.44,0.15,82
POS,0.04,-0.44,0.16,83
POS,0.01,-0.41,0.18,86
POS,0.03,-0.43,0.15,81
POS,0.05,-0.41,0.20,83
POS,0.04,-0.43,0.17,84
POS,0.04,-0.42,0.19,81
POS,0.03,-0.43,0.15,83
POS,0.03,-0.43,0.15,81
POS,0.01,-0.42,0.17,86
POS,-0.00,-0.40,0.19,84
POS,-0.01,-0.41,0.17,85
POS,0.01,-0.43,0.15,83
POS,-0.01,-0.41,0.15,84
POS,-0.01,-0.39,0.17,81
POS,0.01,-0.39,0.19,83
POS,0.01,-0.40,0.17,81
POS,-0.01,-0.41,0.15,86
POS,0.01,-0.43,0.13,82
POS,-0.01,-0.42,0.16,86
POS,-0.01,-0.41,0.15,80
POS,0.02,-0.42,0.16,84
POS,0.02,-0.21,0.13,86
POS,0.00,-0.26,0.10,83
POS,0.01,-0.31,0.12,83
POS,0.01,-0.34,0.13,83
POS,0.01,-0.36,0.12,82
POS,0.01,-0.37,0.14,83
POS,-0.00,-0.37,0.17,85
POS,0.02,-0.38,0.18,83
POS,-0.00,-0.37,0.18,83
POS,0.02,-0.40,0.15,82
POS,0.02,-0.39,0.17,81
POS,0.00,-0.39,0.16,84
POS,-0.02,-0.39,0.15,84
POS,-0.01,-0.41,0.12,85
POS,-0.02,-0.41,0.11,84
POS,-0.03,-0.41,0.12,84
POS,-0.00,-0.44,0.11,86
POS,0.00,-0.44,0.10,82
POS,0.02,-0.43,0.13,82
POS,0.02,-0.44,0.11,82

POS,0.00,-0.43,0.11,84
POS,0.01,-0.45,0.11,85
POS,0.02,-0.45,0.12,83
POS,0.03,-0.46,0.13,84
POS,0.03,-0.44,0.12,78
POS,0.00,-0.42,0.14,85
POS,0.00,-0.42,0.17,85
POS,-0.01,-0.41,0.16,83
POS,-0.03,-0.38,0.16,84
POS,-0.02,-0.39,0.14,79
POS,-0.01,-0.40,0.15,83
POS,0.00,-0.41,0.15,84
POS,-0.01,-0.42,0.16,85
POS,-0.01,-0.43,0.17,87
POS,0.01,-0.44,0.18,84
POS,0.02,-0.44,0.19,84
POS,0.03,-0.45,0.19,83
POS,-0.00,-0.43,0.18,85
POS,0.01,-0.43,0.16,82
POS,0.03,-0.46,0.15,86
POS,0.04,-0.47,0.11,84
POS,0.04,-0.47,0.11,83
POS,0.04,-0.46,0.12,82
POS,0.04,-0.46,0.12,83
POS,0.05,-0.46,0.13,82
POS,0.04,-0.46,0.13,83
POS,0.04,-0.46,0.13,84
POS,0.03,-0.44,0.13,81
POS,0.02,-0.44,0.15,85
POS,0.02,-0.44,0.17,85
POS,0.02,-0.45,0.15,82
POS,0.02,-0.44,0.16,83
POS,0.02,-0.45,0.15,83
POS,0.00,-0.44,0.15,84
POS,-0.00,-0.43,0.13,82
POS,0.02,-0.45,0.13,84
POS,0.02,-0.47,0.13,88
POS,0.00,-0.47,0.13,86
POS,-0.01,-0.45,0.11,81
POS,-0.03,-0.43,0.11,85
POS,-0.00,-0.45,0.11,83
POS,0.01,-0.45,0.13,83

POS,0.05,-0.46,0.15,82
POS,0.03,-0.42,0.18,84
POS,0.01,-0.41,0.18,83
POS,-0.00,-0.43,0.17,86
POS,-0.01,-0.41,0.17,82
POS,0.01,-0.43,0.16,84
POS,0.02,-0.43,0.15,82
POS,0.01,-0.44,0.15,85
POS,0.03,-0.45,0.11,82
POS,0.01,-0.43,0.12,84
POS,0.01,-0.44,0.13,85
POS,0.03,-0.45,0.16,85
POS,0.01,-0.44,0.15,84
POS,0.02,-0.43,0.16,81
POS,0.03,-0.44,0.16,84
POS,0.00,-0.43,0.16,85
POS,0.02,-0.44,0.17,84
POS,0.01,-0.44,0.15,84
POS,0.00,-0.42,0.15,81
POS,-0.01,-0.40,0.17,84
POS,0.01,-0.41,0.14,80
POS,0.01,-0.43,0.15,85
POS,0.02,-0.46,0.12,87
POS,0.01,-0.46,0.12,85
POS,0.03,-0.45,0.16,84
POS,0.06,-0.47,0.17,82
POS,0.03,-0.45,0.17,85
POS,-0.00,-0.40,0.19,86
POS,-0.01,-0.41,0.18,84
POS,-0.03,-0.39,0.17,83
POS,-0.05,-0.38,0.16,85
POS,-0.05,-0.39,0.16,85
POS,-0.03,-0.38,0.18,82
POS,-0.02,-0.41,0.17,84
POS,-0.02,-0.40,0.16,82
POS,-0.00,-0.42,0.14,82
POS,-0.01,-0.43,0.14,85
POS,-0.02,-0.41,0.14,83
POS,-0.03,-0.41,0.12,83
POS,-0.02,-0.41,0.14,83
POS,0.01,-0.42,0.13,81
POS,0.02,-0.43,0.12,81
POS,0.00,-0.40,0.15,83
POS,0.01,-0.41,0.16,84
POS,0.01,-0.42,0.16,83
POS,0.01,-0.42,0.14,81
POS,-0.02,-0.41,0.12,84
POS,0.00,-0.43,0.11,84
POS,0.02,-0.44,0.13,84
POS,0.01,-0.43,0.15,83
POS,-0.02,-0.41,0.14,85
POS,0.00,-0.42,0.14,82
POS,-0.01,-0.41,0.15,85
POS,-0.01,-0.40,0.18,83
POS,-0.01,-0.40,0.17,83
POS,0.00,-0.43,0.18,86
POS,0.01,-0.43,0.17,81
POS,0.01,-0.42,0.19,83
POS,0.00,-0.41,0.19,83
POS,0.01,-0.42,0.19,85
POS,0.01,-0.42,0.21,86
POS,0.01,-0.44,0.18,85
POS,0.01,-0.45,0.18,85
POS,-0.00,-0.44,0.17,84
POS,-0.00,-0.44,0.17,85
POS,0.01,-0.45,0.18,85

POS,0.05,-0.47,0.21,84
POS,0.02,-0.44,0.21,86
POS,0.02,-0.45,0.20,84
POS,0.02,-0.43,0.22,84
POS,0.00,-0.44,0.19,85
POS,0.00,-0.43,0.18,81
POS,0.00,-0.41,0.19,82
POS,-0.00,-0.39,0.24,87
POS,0.00,-0.41,0.23,86
POS,0.01,-0.42,0.23,84
POS,-0.01,-0.41,0.22,85
POS,-0.01,-0.41,0.22,85
POS,-0.04,-0.39,0.19,86
POS,-0.04,-0.40,0.19,85
POS,-0.04,-0.40,0.20,85
POS,-0.03,-0.42,0.20,86
POS,-0.03,-0.43,0.19,86
POS,-0.01,-0.43,0.17,81
POS,-0.03,-0.42,0.17,87
POS,-0.01,-0.44,0.14,83
POS,-0.02,-0.43,0.16,85
POS,0.01,-0.45,0.15,84
POS,0.04,-0.46,0.15,84
POS,0.01,-0.45,0.17,86
POS,0.01,-0.45,0.18,85
POS,0.00,-0.43,0.18,82
POS,-0.03,-0.41,0.18,87
POS,-0.03,-0.39,0.17,81
POS,-0.05,-0.39,0.17,87
POS,-0.05,-0.40,0.18,85
POS,-0.05,-0.42,0.15,85
POS,-0.05,-0.41,0.17,85
POS,-0.05,-0.39,0.18,83
POS,-0.01,-0.41,0.18,83
POS,-0.00,-0.41,0.20,84
POS,0.00,-0.41,0.18,82
POS,-0.01,-0.41,0.19,85
POS,0.00,-0.42,0.19,82
POS,-0.00,-0.41,0.19,84
POS,0.02,-0.43,0.18,84
POS,0.02,-0.43,0.15,81
POS,0.02,-0.43,0.15,82
POS,0.01,-0.44,0.14,85
POS,-0.00,-0.45,0.12,85
POS,-0.01,-0.43,0.15,84
POS,-0.02,-0.42,0.16,84
POS,-0.03,-0.40,0.15,84
POS,-0.03,-0.38,0.18,84
POS,-0.03,-0.40,0.15,83
POS,-0.01,-0.42,0.12,82
POS,-0.02,-0.41,0.12,83
POS,-0.02,-0.41,0.13,82
POS,-0.00,-0.41,0.14,81
POS,0.00,-0.42,0.16,85
POS,0.01,-0.42,0.16,83
POS,-0.01,-0.41,0.15,84
POS,-0.01,-0.43,0.15,84
POS,0.03,-0.45,0.10,83
POS,0.06,-0.46,0.13,82
POS,0.05,-0.46,0.15,85
POS,0.05,-0.46,0.17,85
POS,0.03,-0.46,0.16,85
POS,0.03,-0.46,0.15,84
POS,0.00,-0.44,0.16,84
POS,0.05,-0.47,0.12,82
POS,0.05,-0.47,0.14,86
POS,0.02,-0.45,0.15,86
POS,0.02,-0.44,0.16,83
POS,0.01,-0.44,0.15,83
POS,-0.01,-0.43,0.15,86
POS,0.01,-0.44,0.15,82
POS,0.00,-0.44,0.15,85
POS,0.09,-0.50,0.17,96
POS,0.05,-0.48,0.15,85
POS,0.06,-0.47,0.18,84
POS,0.06,-0.46,0.19,83
POS,0.04,-0.47,0.17,86
POS,0.01,-0.44,0.14,84
POS,-0.00,-0.43,0.13,82
POS,0.02,-0.44,0.13,82
POS,0.03,-0.44,0.16,84
POS,0.02,-0.44,0.15,83
POS,0.00,-0.43,0.11,82
POS,-0.00,-0.40,0.15,83
POS,-0.00,-0.41,0.16,84
POS,-0.02,-0.41,0.19,87
POS,-0.03,-0.40,0.16,82
POS,-0.04,-0.41,0.17,86
POS,-0.01,-0.42,0.20,86
POS,-0.04,-0.42,0.18,87
POS,-0.02,-0.42,0.19,83
POS,-0.01,-0.43,0.17,84
POS,-0.01,-0.42,0.16,82
POS,-0.02,-0.40,0.20,87
POS,-0.04,-0.40,0.19,86
POS,-0.05,-0.40,0.18,84
POS,-0.04,-0.41,0.16,83
POS,-0.03,-0.39,0.18,82
POS,-0.03,-0.40,0.16,83
POS,-0.03,-0.40,0.17,85
POS,-0.04,-0.41,0.14,84
POS,-0.01,-0.41,0.15,81
POS,-0.03,-0.39,0.13,83
POS,-0.03,-0.39,0.16,85
POS,-0.04,-0.39,0.17,85
POS,-0.04,-0.39,0.16,83
POS,-0.04,-0.37,0.19,85
POS,-0.02,-0.37,0.23,84
POS,-0.02,-0.39,0.21,85
POS,-0.00,-0.40,0.20,84
POS,-0.03,-0.38,0.20,85
POS,-0.02,-0.38,0.21,83
POS,0.01,-0.18,0.21,83
POS,-0.00,-0.23,0.23,86
POS,-0.00,-0.27,0.23,85
POS,0.02,-0.33,0.23,85
POS,-0.01,-0.33,0.18,83
POS,0.00,-0.36,0.20,85
POS,-0.01,-0.36,0.19,83
POS,0.01,-0.39,0.20,86
POS,0.01,-0.40,0.19,83
POS,0.00,-0.40,0.20,84
POS,-0.01,-0.37,0.22,84
POS,-0.02,-0.39,0.20,86
POS,-0.03,-0.38,0.21,86
POS,-0.03,-0.39,0.21,84
POS,0.00,-0.43,0.20,86
POS,-0.02,-0.40,0.17,82
POS,-0.02,-0.41,0.15,83
POS,-0.03,-0.41,0.17,85
POS,-0.02,-0.40,0.20,85
POS,-0.04,-0.39,0.18,84
POS,-0.01,-0.41,0.15,82
POS,-0.03,-0.39,0.17,85
POS,-0.05,-0.37,0.16,85
POS,-0.04,-0.37,0.18,83
POS,-0.04,-0.34,0.20,82
POS,-0.05,-0.36,0.16,84
POS,-0.04,-0.38,0.14,83
POS,-0.03,-0.38,0.15,82
POS,-0.00,-0.41,0.16,85
POS,-0.02,-0.40,0.16,84
POS,-0.03,-0.39,0.18,86
POS,-0.04,-0.37,0.19,85
POS,-0.01,-0.38,0.21,84
POS,-0.01,-0.40,0.18,84
POS,-0.02,-0.41,0.19,86
POS,-0.01,-0.42,0.18,83
POS,0.00,-0.42,0.20,85
POS,0.01,-0.43,0.21,85
POS,-0.01,-0.41,0.22,85
POS,-0.02,-0.41,0.20,85
POS,-0.01,-0.41,0.20,82
POS,-0.02,-0.39,0.22,84
POS,-0.02,-0.39,0.18,80
POS,-0.01,-0.40,0.18,84
POS,0.00,-0.41,0.18,82
POS,0.00,-0.42,0.19,86
POS,0.02,-0.42,0.20,82
POS,0.03,-0.41,0.21,81
POS,0.00,-0.40,0.19,84
POS,0.02,-0.42,0.18,84
POS,0.01,-0.42,0.18,83
POS,-0.02,-0.37,0.20,87
POS,0.00,-0.39,0.18,81
POS,-0.00,-0.41,0.15,84
POS,0.02,-0.43,0.15,84
POS,0.02,-0.44,0.15,85
POS,-0.01,-0.42,0.16,86
POS,0.01,-0.44,0.16,84
POS,-0.01,-0.42,0.15,82
POS,-0.01,-0.43,0.15,85
POS,-0.01,-0.43,0.18,86
POS,-0.01,-0.41,0.18,80
POS,-0.01,-0.42,0.18,86
POS,0.00,-0.43,0.18,84
POS,0.01,-0.44,0.18,83
POS,0.02,-0.44,0.17,83
POS,0.01,-0.44,0.16,84
POS,0.02,-0.45,0.14,83
POS,0.00,-0.44,0.16,85
POS,-0.01,-0.42,0.16,84
POS,-0.02,-0.41,0.16,84
POS,-0.03,-0.40,0.19,86
POS,-0.03,-0.41,0.18,85
POS,-0.03,-0.40,0.18,82
POS,-0.04,-0.38,0.17,84
POS,-0.06,-0.37,0.17,86
POS,-0.06,-0.35,0.18,82
POS,-0.05,-0.36,0.20,86
POS,-0.02,-0.39,0.21,86
POS,-0.03,-0.38,0.20,83
POS,0.01,-0.42,0.16,83
POS,0.01,-0.42,0.16,83
POS,-0.01,-0.39,0.18,83
POS,-0.03,-0.39,0.15,85
POS,-0.02,-0.41,0.14,85
POS,-0.03,-0.42,0.16,85
POS,-0.02,-0.43,0.14,84
POS,-0.03,-0.42,0.14,84
POS,-0.04,-0.42,0.12,85
POS,-0.05,-0.42,0.10,84
POS,-0.03,-0.42,0.14,85
POS,-0.04,-0.39,0.15,83
POS,-0.04,-0.39,0.16,84
POS,-0.04,-0.38,0.14,81
POS,-0.04,-0.38,0.18,86
POS,-0.01,-0.39,0.20,84
POS,-0.03,-0.38,0.18,82
POS,0.00,-0.41,0.17,84
POS,0.02,-0.43,0.16,84
POS,0.01,-0.42,0.14,82
POS,0.02,-0.42,0.16,83
POS,0.00,-0.40,0.13,80
POS,0.03,-0.42,0.14,83
POS,0.05,-0.43,0.17,84
POS,0.04,-0.42,0.17,81
POS,0.04,-0.42,0.18,82
POS,0.04,-0.43,0.15,83
POS,0.04,-0.44,0.15,84
POS,-0.01,-0.40,0.14,87
POS,-0.01,-0.38,0.19,85
POS,-0.02,-0.37,0.22,86
POS,-0.01,-0.38,0.20,82
POS,-0.02,-0.37,0.21,85
POS,-0.03,-0.37,0.21,84
POS,-0.01,-0.38,0.21,83
POS,0.01,-0.40,0.20,83
POS,0.01,-0.42,0.18,82
POS,0.01,-0.43,0.16,84
POS,0.03,-0.45,0.16,85
POS,0.01,-0.45,0.15,85
POS,0.01,-0.45,0.15,83
POS,0.03,-0.46,0.16,85
POS,-0.00,-0.43,0.13,83
POS,0.01,-0.44,0.15,84
POS,0.00,-0.43,0.14,83
POS,-0.01,-0.42,0.17,85
POS,0.02,-0.44,0.14,83
POS,0.03,-0.45,0.13,83
POS,0.03,-0.45,0.16,85
POS,0.02,-0.45,0.15,84
POS,0.03,-0.44,0.18,84
POS,0.03,-0.45,0.15,83
POS,0.02,-0.45,0.17,85
POS,0.01,-0.43,0.18,85
POS,0.01,-0.44,0.17,85
POS,0.04,-0.46,0.16,83
POS,0.04,-0.44,0.17,80
POS,0.06,-0.46,0.18,84
POS,0.07,-0.47,0.16,83
POS,0.05,-0.45,0.16,81
