POS,0.34,-0.38,0.32,77
POS,0.25,-0.38,0.31,85
POS,0.25,-0.38,0.32,76
POS,0.26,-0.36,0.33,74
POS,0.28,-0.37,0.33,75
POS,0.28,-0.37,0.33,72
POS,0.34,-0.38,0.32,78
POS,0.50,-0.39,0.32,91
POS,0.43,-0.39,0.29,74
POS,0.38,-0.37,0.29,70
POS,0.33,-0.36,0.30,77
POS,0.31,-0.35,0.32,75
POS,0.29,-0.35,0.32,77
POS,0.25,-0.31,0.35,79
POS,0.42,-0.36,0.29,90
POS,0.37,-0.36,0.26,66
POS,0.39,-0.36,0.28,74
POS,0.36,-0.30,0.34,83
POS,0.47,-0.36,0.28,88
POS,0.41,-0.36,0.25,69
POS,0.39,-0.37,0.28,76
POS,0.38,-0.36,0.30,72
POS,0.40,-0.33,0.34,76
POS,0.55,-0.37,0.32,92
POS,0.48,-0.34,0.35,74
POS,0.45,-0.34,0.35,72
POS,0.40,-0.34,0.32,68
POS,0.38,-0.33,0.31,67
POS,0.35,-0.33,0.32,73
POS,0.31,-0.33,0.32,76
POS,0.33,-0.34,0.30,66
POS,0.31,-0.33,0.33,76
POS,0.30,-0.34,0.32,76
POS,0.35,-0.36,0.30,72
POS,0.31,-0.35,0.32,78
POS,0.27,-0.35,0.33,79
POS,0.28,-0.34,0.33,73
POS,0.27,-0.34,0.34,75
POS,0.28,-0.34,0.32,69
POS,0.26,-0.33,0.34,79
POS,0.26,-0.33,0.33,69
POS,0.27,-0.34,0.31,69
POS,0.26,-0.35,0.29,73
POS,0.25,-0.34,0.31,77
POS,0.27,-0.32,0.31,64
POS,0.25,-0.33,0.31,77
POS,0.24,-0.34,0.31,76
POS,0.23,-0.32,0.34,80
POS,0.26,-0.32,0.32,64
POS,0.25,-0.32,0.33,77
POS,0.32,-0.34,0.32,76
POS,0.39,-0.34,0.35,83
POS,0.36,-0.34,0.34,71
POS,0.35,-0.34,0.35,74
POS,0.35,-0.33,0.32,59
POS,0.33,-0.32,0.32,69
POS,0.31,-0.33,0.33,75
POS,0.33,-0.33,0.33,71
POS,0.34,-0.34,0.31,68
POS,0.33,-0.32,0.34,74
POS,0.30,-0.33,0.33,77
POS,0.29,-0.35,0.31,72
POS,0.34,-0.34,0.33,78
POS,0.33,-0.35,0.32,72
POS,0.30,-0.37,0.30,76
POS,0.31,-0.36,0.29,65
POS,0.31,-0.35,0.31,72
POS,0.26,-0.37,0.31,84
POS,0.26,-0.34,0.33,74
POS,0.26,-0.34,0.34,76
POS,0.28,-0.34,0.33,68
POS,0.27,-0.35,0.33,77
POS,0.28,-0.37,0.33,76
POS,0.29,-0.35,0.35,74
POS,0.29,-0.35,0.35,75
POS,0.28,-0.35,0.35,74
POS,0.30,-0.36,0.34,74
POS,0.31,-0.37,0.34,74
POS,0.31,-0.37,0.33,72
POS,0.32,-0.37,0.31,70
POS,0.34,-0.37,0.33,76
POS,0.34,-0.37,0.33,72
POS,0.34,-0.35,0.35,75
POS,0.33,-0.36,0.35,76
POS,0.40,-0.38,0.34,80
POS,0.49,-0.41,0.33,89
POS,0.44,-0.39,0.33,68
POS,0.44,-0.42,0.26,94
POS,0.41,-0.42,0.24,70
POS,0.45,-0.42,0.24,77
POS,0.43,-0.42,0.25,74
POS,0.41,-0.41,0.27,73
POS,0.39,-0.42,0.27,76
POS,0.39,-0.39,0.30,73
POS,0.43,-0.38,0.32,76
POS,0.39,-0.38,0.30,73
POS,0.37,-0.38,0.30,73
POS,0.41,-0.39,0.31,77
POS,0.42,-0.35,0.35,75
POS,0.38,-0.35,0.34,71
POS,0.37,-0.34,0.35,74
POS,0.27,-0.34,0.33,85
POS,0.28,-0.37,0.29,73
POS,0.30,-0.38,0.29,73
POS,0.32,-0.37,0.31,75
POS,0.32,-0.36,0.33,74
POS,0.31,-0.36,0.33,75
POS,0.38,-0.37,0.30,77
POS,0.35,-0.37,0.31,75
POS,0.39,-0.38,0.31,76
POS,0.38,-0.38,0.30,69
POS,0.37,-0.38,0.29,73
POS,0.33,-0.37,0.30,75
POS,0.38,-0.39,0.28,77
POS,0.37,-0.39,0.29,74
POS,0.34,-0.34,0.34,81
POS,0.33,-0.36,0.34,77
POS,0.32,-0.37,0.31,72
POS,0.31,-0.36,0.31,71
POS,0.28,-0.35,0.33,79
POS,0.29,-0.37,0.31,73
POS,0.26,-0.35,0.34,79
POS,0.26,-0.35,0.33,73
POS,0.25,-0.34,0.34,77
POS,0.23,-0.34,0.33,78
POS,0.23,-0.34,0.33,73
POS,0.25,-0.35,0.30,70
POS,0.24,-0.34,0.30,73
POS,0.26,-0.32,0.32,71
POS,0.26,-0.32,0.30,68
POS,0.27,-0.32,0.33,75
POS,0.26,-0.34,0.32,79
POS,0.30,-0.36,0.31,73
POS,0.33,-0.36,0.31,71
POS,0.35,-0.37,0.31,72
POS,0.25,-0.36,0.30,84
POS,0.29,-0.38,0.29,75
POS,0.32,-0.39,0.28,71
POS,0.30,-0.36,0.32,77
POS,0.30,-0.35,0.32,70
POS,0.29,-0.35,0.30,71
POS,0.29,-0.37,0.28,74
POS,0.28,-0.35,0.29,69
POS,0.28,-0.35,0.29,72
POS,0.29,-0.36,0.29,72
POS,0.28,-0.34,0.32,75
POS,0.30,-0.34,0.30,67
POS,0.31,-0.35,0.30,71
POS,0.32,-0.35,0.29,68
POS,0.31,-0.35,0.30,73
POS,0.28,-0.35,0.31,78
POS,0.27,-0.33,0.31,68
POS,0.27,-0.33,0.32,75
POS,0.26,-0.34,0.29,70
POS,0.27,-0.33,0.29,68
POS,0.28,-0.33,0.30,71
POS,0.28,-0.33,0.30,70
POS,0.28,-0.31,0.33,75
POS,0.32,-0.32,0.33,71
POS,0.30,-0.33,0.33,75
POS,0.31,-0.34,0.33,73
POS,0.31,-0.36,0.29,69
POS,0.40,-0.40,0.32,88
POS,0.39,-0.40,0.30,72
POS,0.34,-0.38,0.31,76
POS,0.34,-0.37,0.32,72
POS,0.35,-0.38,0.32,72
POS,0.31,-0.38,0.28,74
POS,0.31,-0.37,0.30,72
POS,0.30,-0.36,0.30,72
POS,0.30,-0.35,0.30,72
POS,0.24,-0.33,0.30,76
POS,0.26,-0.35,0.30,74
POS,0.26,-0.34,0.32,77
POS,0.27,-0.35,0.31,73
POS,0.29,-0.36,0.31,73
POS,0.29,-0.35,0.33,73
POS,0.30,-0.37,0.30,73
POS,0.31,-0.35,0.32,73
POS,0.30,-0.36,0.32,74
POS,0.28,-0.35,0.33,77
POS,0.26,-0.34,0.34,76
POS,0.24,-0.33,0.31,69
POS,0.24,-0.32,0.33,75
POS,0.27,-0.34,0.34,75
POS,0.26,-0.34,0.34,76
POS,0.34,-0.37,0.32,79
POS,0.32,-0.38,0.30,75
POS,0.32,-0.37,0.32,75
POS,0.31,-0.37,0.31,72
POS,0.31,-0.37,0.32,75
POS,0.30,-0.36,0.31,70
POS,0.29,-0.36,0.32,76
POS,0.28,-0.37,0.32,77
POS,0.36,-0.37,0.35,82
POS,0.33,-0.36,0.34,74
POS,0.34,-0.36,0.35,74
POS,0.35,-0.36,0.34,70
POS,0.33,-0.37,0.34,77
POS,0.32,-0.37,0.34,74
POS,0.32,-0.37,0.34,75
POS,0.30,-0.37,0.33,75
POS,0.31,-0.37,0.33,75
POS,0.29,-0.39,0.31,76
POS,0.30,-0.39,0.30,72
POS,0.39,-0.28,0.26,81
POS,0.34,-0.29,0.30,77
POS,0.33,-0.30,0.32,76
POS,0.30,-0.30,0.34,77
POS,0.29,-0.31,0.33,75
POS,0.27,-0.31,0.34,75
POS,0.26,-0.32,0.31,72
POS,0.31,-0.34,0.32,76
POS,0.37,-0.36,0.32,78
POS,0.35,-0.34,0.34,76
POS,0.43,-0.38,0.34,86
POS,0.39,-0.38,0.33,76
POS,0.38,-0.38,0.34,76
POS,0.33,-0.36,0.34,76
POS,0.32,-0.36,0.34,74
POS,0.33,-0.36,0.33,70
POS,0.31,-0.34,0.36,78
POS,0.28,-0.34,0.33,74
POS,0.27,-0.36,0.31,75
POS,0.26,-0.34,0.32,74
POS,0.26,-0.35,0.32,74
POS,0.25,-0.34,0.31,75
POS,0.28,-0.36,0.31,73
POS,0.27,-0.35,0.31,73
POS,0.30,-0.37,0.31,76
POS,0.30,-0.37,0.33,77
POS,0.28,-0.37,0.32,74
POS,0.26,-0.36,0.34,80
POS,0.26,-0.37,0.34,76
POS,0.43,-0.37,0.34,91
POS,0.38,-0.37,0.32,74
POS,0.37,-0.36,0.35,77
POS,0.34,-0.37,0.33,72
POS,0.31,-0.37,0.30,74
POS,0.34,-0.38,0.30,74
POS,0.33,-0.40,0.31,77
POS,0.32,-0.41,0.28,75
POS,0.32,-0.40,0.28,72
POS,0.32,-0.39,0.31,75
POS,0.34,-0.39,0.31,74
POS,0.32,-0.37,0.33,75
POS,0.32,-0.39,0.30,74
POS,0.33,-0.39,0.29,72
POS,0.31,-0.39,0.29,75
POS,0.30,-0.38,0.31,75
POS,0.33,-0.40,0.28,74
POS,0.31,-0.40,0.29,78
POS,0.32,-0.39,0.30,71
POS,0.33,-0.39,0.28,70
POS,0.34,-0.39,0.29,72
POS,0.33,-0.39,0.28,73
POS,0.31,-0.39,0.29,76
POS,0.38,-0.25,0.25,78
POS,0.33,-0.27,0.27,77
POS,0.30,-0.29,0.28,76
POS,0.27,-0.29,0.30,76
POS,0.28,-0.32,0.29,73
POS,0.27,-0.33,0.28,72
POS,0.26,-0.35,0.28,77
POS,0.28,-0.35,0.30,73
POS,0.27,-0.35,0.29,72
POS,0.26,-0.33,0.32,76
POS,0.24,-0.34,0.31,77
POS,0.31,-0.36,0.31,76
POS,0.28,-0.36,0.33,82
POS,0.35,-0.38,0.32,79
POS,0.32,-0.36,0.31,72
POS,0.40,-0.38,0.34,86
POS,0.28,-0.40,0.32,88
POS,0.26,-0.37,0.32,75
POS,0.26,-0.38,0.32,76
POS,0.26,-0.36,0.34,78
POS,0.27,-0.37,0.35,77
POS,0.28,-0.38,0.33,75
POS,0.30,-0.35,0.34,65
POS,0.30,-0.35,0.33,73
POS,0.29,-0.35,0.34,75
POS,0.27,-0.36,0.33,79
POS,0.37,-0.40,0.29,84
POS,0.35,-0.39,0.31,74
POS,0.32,-0.36,0.34,77
POS,0.29,-0.35,0.35,79
POS,0.27,-0.33,0.37,78
POS,0.28,-0.34,0.38,79
POS,0.28,-0.33,0.38,74
POS,0.40,-0.34,0.36,84
POS,0.36,-0.34,0.34,72
POS,0.45,-0.38,0.30,85
POS,0.41,-0.38,0.31,75
POS,0.46,-0.39,0.30,80
POS,0.42,-0.39,0.32,78
POS,0.40,-0.39,0.32,75
POS,0.39,-0.38,0.35,77
POS,0.36,-0.37,0.34,75
POS,0.31,-0.36,0.35,81
POS,0.28,-0.36,0.35,78
POS,0.29,-0.35,0.33,68
POS,0.30,-0.36,0.32,71
POS,0.31,-0.35,0.32,69
POS,0.29,-0.35,0.33,77
POS,0.38,-0.38,0.32,84
POS,0.34,-0.35,0.35,77
POS,0.34,-0.36,0.34,76
POS,0.40,-0.38,0.32,80
POS,0.38,-0.38,0.30,68
POS,0.33,-0.36,0.33,79
POS,0.35,-0.36,0.33,73
POS,0.38,-0.37,0.33,73
POS,0.34,-0.36,0.34,78
POS,0.30,-0.33,0.36,79
POS,0.30,-0.34,0.36,75
POS,0.33,-0.35,0.35,72
POS,0.32,-0.36,0.32,71
POS,0.33,-0.36,0.32,70
POS,0.38,-0.37,0.34,79
POS,0.36,-0.37,0.34,74
POS,0.36,-0.36,0.33,71
POS,0.36,-0.36,0.33,71
POS,0.33,-0.36,0.36,81
POS,0.33,-0.36,0.36,76
POS,0.23,-0.38,0.33,88
POS,0.26,-0.38,0.34,75
POS,0.30,-0.37,0.34,72
POS,0.30,-0.35,0.35,72
POS,0.30,-0.34,0.35,74
POS,0.28,-0.33,0.35,75
POS,0.28,-0.33,0.36,74
POS,0.25,-0.33,0.35,77
POS,0.29,-0.33,0.34,69
POS,0.36,-0.36,0.31,77
POS,0.38,-0.36,0.33,76
POS,0.36,-0.38,0.33,78
POS,0.35,-0.38,0.36,79
POS,0.35,-0.39,0.35,78
POS,0.38,-0.39,0.33,72
POS,0.39,-0.39,0.33,73
POS,0.39,-0.38,0.33,73
POS,0.37,-0.38,0.34,75
POS,0.28,-0.39,0.34,87
POS,0.27,-0.39,0.33,77
POS,0.30,-0.39,0.31,68
POS,0.30,-0.39,0.33,77
POS,0.31,-0.39,0.34,76
POS,0.46,-0.40,0.32,89
POS,0.49,-0.39,0.30,75
POS,0.44,-0.38,0.32,77
POS,0.29,-0.40,0.34,92
POS,0.30,-0.38,0.34,73
POS,0.31,-0.21,0.35,74
POS,0.39,-0.26,0.33,79
POS,0.34,-0.27,0.34,78
POS,0.32,-0.27,0.36,75
POS,0.33,-0.30,0.34,71
POS,0.34,-0.32,0.33,74
POS,0.40,-0.35,0.33,79
POS,0.38,-0.35,0.33,74
POS,0.51,-0.36,0.30,88
POS,0.54,-0.39,0.29,81
POS,0.45,-0.36,0.32,78
POS,0.40,-0.37,0.31,76
POS,0.38,-0.37,0.32,76
POS,0.34,-0.36,0.34,77
POS,0.42,-0.40,0.33,86
POS,0.42,-0.42,0.30,75
POS,0.35,-0.40,0.27,72
POS,0.38,-0.36,0.27,54
POS,0.33,-0.36,0.28,78
POS,0.32,-0.36,0.30,76
POS,0.37,-0.36,0.31,75
POS,0.35,-0.36,0.33,76
POS,0.33,-0.33,0.35,76
POS,0.32,-0.34,0.35,75
POS,0.33,-0.35,0.35,76
POS,0.31,-0.34,0.35,75
POS,0.30,-0.34,0.37,76
POS,0.28,-0.35,0.36,78
POS,0.27,-0.35,0.36,78
POS,0.28,-0.35,0.36,76
POS,0.27,-0.34,0.36,73
POS,0.27,-0.35,0.35,74
POS,0.27,-0.35,0.34,74
POS,0.24,-0.32,0.36,79
POS,0.24,-0.33,0.36,76
POS,0.25,-0.33,0.35,72
POS,0.25,-0.33,0.34,73
POS,0.24,-0.33,0.35,77
POS,0.29,-0.34,0.36,77
POS,0.35,-0.36,0.35,78
POS,0.31,-0.35,0.35,79
POS,0.29,-0.35,0.34,74
POS,0.29,-0.34,0.35,72
POS,0.29,-0.33,0.35,74
POS,0.27,-0.30,0.37,75
POS,0.27,-0.31,0.37,75
POS,0.26,-0.33,0.35,76
POS,0.25,-0.34,0.34,77
POS,0.25,-0.34,0.34,75
POS,0.28,-0.34,0.32,67
POS,0.31,-0.35,0.33,73
POS,0.30,-0.35,0.31,71
POS,0.29,-0.35,0.31,72
POS,0.28,-0.37,0.29,76
POS,0.28,-0.36,0.31,75
POS,0.44,-0.36,0.36,92
POS,0.40,-0.35,0.36,72
POS,0.44,-0.36,0.34,77
POS,0.42,-0.37,0.34,76
POS,0.41,-0.38,0.31,68
POS,0.37,-0.35,0.33,75
POS,0.33,-0.36,0.34,78
POS,0.32,-0.36,0.35,75
POS,0.27,-0.32,0.38,83
POS,0.31,-0.34,0.39,78
POS,0.32,-0.34,0.39,76
POS,0.30,-0.35,0.36,75
POS,0.31,-0.34,0.34,64
POS,0.29,-0.34,0.34,75
POS,0.28,-0.36,0.32,77
POS,0.28,-0.34,0.34,75
POS,0.29,-0.34,0.33,68
POS,0.33,-0.35,0.31,69
POS,0.30,-0.33,0.34,77
POS,0.29,-0.34,0.33,74
POS,0.28,-0.36,0.32,75
POS,0.31,-0.37,0.30,71
POS,0.31,-0.38,0.31,76
POS,0.35,-0.37,0.31,73
POS,0.33,-0.34,0.34,76
POS,0.29,-0.34,0.34,79
POS,0.26,-0.34,0.36,81
POS,0.34,-0.35,0.33,76
POS,0.41,-0.38,0.32,83
POS,0.38,-0.37,0.31,69
POS,0.35,-0.34,0.35,79
POS,0.42,-0.36,0.33,81
POS,0.42,-0.37,0.32,71
POS,0.38,-0.35,0.32,72
POS,0.37,-0.35,0.32,71
POS,0.49,-0.33,0.34,89
POS,0.42,-0.35,0.34,80
POS,0.41,-0.35,0.33,70
POS,0.30,-0.38,0.33,89
POS,0.27,-0.37,0.35,80
POS,0.29,-0.37,0.33,68
POS,0.32,-0.35,0.35,75
POS,0.31,-0.36,0.35,78
POS,0.31,-0.36,0.34,69
POS,0.40,-0.39,0.31,84
POS,0.38,-0.38,0.31,69
POS,0.38,-0.38,0.30,74
POS,0.39,-0.38,0.33,76
POS,0.38,-0.37,0.33,73
POS,0.36,-0.37,0.35,77
POS,0.38,-0.37,0.34,73
POS,0.39,-0.37,0.34,73
POS,0.51,-0.44,0.29,91
POS,0.49,-0.42,0.32,77
POS,0.44,-0.38,0.33,70
POS,0.41,-0.38,0.31,69
POS,0.41,-0.36,0.34,74
POS,0.36,-0.37,0.32,77
POS,0.35,-0.37,0.31,72
POS,0.33,-0.37,0.31,73
POS,0.32,-0.37,0.32,75
POS,0.32,-0.37,0.33,76
POS,0.31,-0.38,0.31,74
POS,0.29,-0.40,0.30,77
POS,0.43,-0.39,0.31,89
POS,0.42,-0.40,0.30,71
POS,0.41,-0.37,0.33,75
POS,0.40,-0.38,0.34,76
POS,0.38,-0.37,0.32,67
POS,0.28,-0.37,0.29,83
POS,0.29,-0.38,0.28,74
POS,0.28,-0.38,0.29,75
POS,0.29,-0.38,0.30,74
POS,0.28,-0.38,0.29,75
POS,0.29,-0.37,0.30,70
POS,0.36,-0.38,0.30,77
POS,0.36,-0.38,0.32,76
POS,0.37,-0.38,0.33,74
POS,0.36,-0.38,0.33,77
POS,0.50,-0.40,0.30,90
POS,0.48,-0.41,0.30,75
POS,0.41,-0.41,0.30,80
POS,0.35,-0.41,0.31,81
POS,0.34,-0.41,0.32,75
POS,0.30,-0.42,0.31,82
POS,0.37,-0.42,0.32,81
POS,0.37,-0.40,0.35,78
POS,0.36,-0.40,0.33,73
POS,0.29,-0.43,0.31,86
POS,0.25,-0.37,0.34,80
POS,0.21,-0.40,0.33,85
POS,0.17,-0.43,0.29,86
POS,0.28,-0.42,0.30,80
POS,0.31,-0.41,0.30,73
POS,0.45,-0.42,0.30,89
POS,0.31,-0.42,0.29,89
POS,0.31,-0.38,0.33,75
POS,0.38,-0.37,0.34,79
POS,0.38,-0.36,0.36,77
POS,0.44,-0.38,0.33,80
POS,0.43,-0.37,0.35,76
POS,0.43,-0.39,0.33,75
POS,0.37,-0.40,0.31,77
POS,0.39,-0.40,0.31,75
POS,0.38,-0.39,0.33,76
POS,0.36,-0.38,0.36,79
POS,0.37,-0.38,0.36,77
POS,0.43,-0.41,0.33,83
POS,0.41,-0.41,0.32,74
POS,0.40,-0.41,0.30,70
POS,0.47,-0.42,0.30,85
POS,0.42,-0.40,0.29,69
POS,0.43,-0.39,0.31,75
POS,0.48,-0.35,0.35,82
POS,0.44,-0.36,0.33,70
POS,0.41,-0.36,0.32,71
POS,0.39,-0.38,0.30,73
POS,0.46,-0.38,0.32,84
POS,0.55,-0.36,0.29,83
POS,0.55,-0.37,0.30,77
POS,0.49,-0.34,0.32,71
POS,0.46,-0.36,0.32,75
POS,0.43,-0.37,0.30,71
POS,0.44,-0.39,0.26,95
POS,0.43,-0.35,0.29,68
POS,0.41,-0.36,0.30,74
POS,0.41,-0.36,0.32,76
POS,0.39,-0.36,0.32,71
POS,0.47,-0.39,0.32,85
POS,0.45,-0.38,0.34,76
POS,0.41,-0.37,0.34,72
POS,0.38,-0.35,0.34,72
POS,0.35,-0.35,0.31,69
POS,0.36,-0.37,0.30,73
POS,0.41,-0.36,0.32,76
POS,0.38,-0.37,0.32,75
POS,0.34,-0.36,0.30,71
POS,0.31,-0.33,0.33,76
POS,0.31,-0.33,0.33,70
POS,0.32,-0.33,0.32,67
POS,0.32,-0.34,0.30,71
POS,0.30,-0.33,0.32,74
POS,0.31,-0.33,0.33,71
POS,0.33,-0.34,0.32,69
POS,0.33,-0.32,0.31,63
POS,0.29,-0.34,0.21,98
POS,0.31,-0.33,0.23,64
POS,0.31,-0.33,0.25,68
POS,0.30,-0.33,0.26,70
POS,0.28,-0.34,0.27,77
POS,0.32,-0.32,0.28,59
POS,0.33,-0.32,0.26,62
POS,0.31,-0.29,0.31,74
POS,0.31,-0.30,0.31,72
POS,0.30,-0.31,0.32,76
POS,0.29,-0.32,0.33,75
POS,0.29,-0.33,0.32,70
POS,0.31,-0.33,0.33,72
POS,0.36,-0.35,0.32,76
POS,0.34,-0.34,0.35,77
POS,0.33,-0.34,0.34,72
POS,0.38,-0.36,0.32,75
POS,0.42,-0.38,0.31,77
POS,0.39,-0.37,0.33,77
POS,0.37,-0.34,0.36,74
POS,0.35,-0.35,0.34,73
POS,0.30,-0.33,0.34,76
POS,0.29,-0.32,0.35,74
POS,0.29,-0.33,0.33,72
POS,0.37,-0.35,0.31,79
POS,0.32,-0.35,0.32,81
POS,0.40,-0.37,0.32,82
POS,0.39,-0.33,0.36,77
POS,0.46,-0.37,0.32,83
POS,0.40,-0.35,0.30,64
POS,0.39,-0.34,0.34,77
POS,0.38,-0.35,0.33,73
POS,0.34,-0.34,0.33,74
POS,0.31,-0.35,0.32,74
POS,0.33,-0.35,0.33,75
POS,0.31,-0.35,0.35,78
POS,0.28,-0.33,0.35,76
POS,0.29,-0.35,0.35,76
POS,0.28,-0.35,0.33,73
POS,0.28,-0.35,0.33,73
POS,0.27,-0.34,0.34,77
POS,0.29,-0.35,0.31,67
POS,0.28,-0.34,0.33,74
POS,0.27,-0.33,0.35,77
POS,0.27,-0.32,0.36,76
POS,0.24,-0.32,0.36,78
POS,0.24,-0.32,0.36,76
POS,0.23,-0.32,0.36,76
POS,0.23,-0.32,0.35,73
POS,0.25,-0.34,0.33,74
POS,0.32,-0.35,0.31,74
POS,0.32,-0.36,0.31,73
POS,0.30,-0.34,0.33,76
POS,0.26,-0.32,0.34,78
POS,0.37,-0.36,0.32,84
POS,0.32,-0.33,0.34,78
POS,0.29,-0.35,0.34,78
POS,0.40,-0.40,0.29,87
POS,0.45,-0.41,0.30,81
POS,0.43,-0.41,0.32,76
POS,0.41,-0.39,0.33,75
POS,0.40,-0.38,0.35,76
POS,0.53,-0.39,0.32,88
POS,0.56,-0.39,0.32,84
POS,0.60,-0.42,0.32,86
POS,0.51,-0.43,0.31,79
POS,0.49,-0.43,0.30,75
POS,0.49,-0.40,0.33,76
POS,0.42,-0.37,0.31,68
POS,0.41,-0.35,0.33,72
POS,0.53,-0.35,0.33,89
POS,0.48,-0.36,0.30,69
POS,0.37,-0.34,0.33,86
POS,0.38,-0.35,0.33,74
POS,0.42,-0.37,0.33,78
POS,0.46,-0.36,0.35,80
POS,0.45,-0.37,0.34,73
POS,0.41,-0.36,0.34,73
POS,0.36,-0.35,0.33,71
POS,0.37,-0.36,0.33,74
POS,0.32,-0.34,0.34,78
POS,0.32,-0.34,0.34,73
POS,0.31,-0.33,0.35,73
POS,0.38,-0.34,0.32,76
POS,0.38,-0.35,0.32,73
POS,0.35,-0.34,0.33,75
POS,0.33,-0.34,0.34,75
POS,0.29,-0.34,0.33,77
POS,0.36,-0.36,0.30,75
POS,0.36,-0.36,0.32,76
POS,0.35,-0.36,0.32,71
POS,0.33,-0.35,0.32,73
POS,0.33,-0.34,0.33,71
POS,0.32,-0.35,0.31,71
POS,0.32,-0.33,0.33,72
POS,0.30,-0.31,0.34,74
POS,0.29,-0.31,0.35,75
POS,0.30,-0.32,0.36,74
POS,0.32,-0.34,0.35,76
POS,0.31,-0.35,0.35,75
POS,0.41,-0.38,0.34,85
POS,0.48,-0.40,0.34,86
POS,0.43,-0.39,0.34,73
POS,0.38,-0.36,0.33,74
POS,0.43,-0.38,0.32,79
POS,0.39,-0.35,0.35,75
POS,0.37,-0.35,0.33,68
POS,0.35,-0.35,0.35,77
POS,0.31,-0.36,0.33,77
POS,0.28,-0.36,0.33,78
POS,0.29,-0.36,0.32,70
POS,0.27,-0.33,0.34,76
POS,0.28,-0.34,0.33,72
POS,0.35,-0.35,0.31,76
POS,0.32,-0.34,0.33,75
POS,0.39,-0.36,0.31,78
POS,0.36,-0.37,0.31,75
POS,0.34,-0.35,0.34,76
POS,0.32,-0.36,0.35,78
POS,0.31,-0.36,0.33,72
POS,0.29,-0.34,0.34,75
POS,0.31,-0.35,0.33,70
POS,0.31,-0.34,0.33,72
POS,0.37,-0.36,0.32,77
POS,0.34,-0.34,0.34,76
POS,0.35,-0.34,0.33,69
POS,0.30,-0.34,0.32,77
POS,0.30,-0.35,0.32,73
POS,0.30,-0.35,0.31,69
POS,0.28,-0.34,0.32,76
POS,0.25,-0.33,0.33,77
POS,0.24,-0.33,0.33,76
POS,0.25,-0.33,0.34,76
POS,0.28,-0.33,0.35,74
POS,0.26,-0.34,0.34,77
POS,0.42,-0.37,0.32,90
POS,0.39,-0.36,0.32,72
POS,0.39,-0.37,0.31,72
POS,0.35,-0.37,0.30,73
POS,0.35,-0.37,0.30,73
POS,0.34,-0.37,0.30,72
POS,0.33,-0.37,0.31,74
POS,0.34,-0.38,0.30,72
POS,0.34,-0.36,0.32,74
POS,0.32,-0.35,0.35,77
POS,0.32,-0.35,0.34,71
POS,0.30,-0.33,0.35,74
POS,0.32,-0.34,0.35,73
POS,0.32,-0.35,0.34,72
POS,0.32,-0.35,0.34,76
POS,0.33,-0.36,0.35,76
POS,0.31,-0.36,0.34,73
POS,0.29,-0.35,0.35,76
POS,0.27,-0.34,0.35,76
POS,0.27,-0.33,0.35,73
POS,0.28,-0.33,0.34,70
POS,0.26,-0.32,0.35,76
POS,0.24,-0.31,0.35,76
POS,0.22,-0.29,0.36,78
POS,0.30,-0.32,0.34,77
POS,0.32,-0.33,0.34,72
POS,0.29,-0.31,0.36,76
POS,0.28,-0.30,0.37,75
POS,0.30,-0.31,0.36,70
POS,0.29,-0.34,0.35,78
POS,0.27,-0.33,0.34,73
POS,0.27,-0.33,0.34,75
POS,0.26,-0.32,0.35,76
POS,0.25,-0.33,0.35,77
POS,0.25,-0.32,0.36,76
POS,0.26,-0.33,0.35,73
POS,0.30,-0.33,0.34,69
POS,0.31,-0.34,0.34,72
POS,0.29,-0.35,0.31,73
POS,0.29,-0.35,0.31,72
POS,0.35,-0.34,0.33,76
POS,0.32,-0.35,0.34,78
POS,0.32,-0.34,0.35,74
POS,0.31,-0.35,0.35,76
POS,0.32,-0.35,0.35,73
POS,0.31,-0.35,0.35,75
POS,0.31,-0.35,0.35,73
POS,0.30,-0.34,0.36,76
POS,0.28,-0.34,0.34,72
POS,0.28,-0.35,0.33,74
POS,0.44,-0.39,0.32,92
POS,0.41,-0.36,0.31,65
POS,0.44,-0.38,0.31,78
POS,0.38,-0.35,0.31,73
POS,0.36,-0.37,0.30,73
POS,0.32,-0.32,0.33,76
POS,0.30,-0.32,0.33,73
POS,0.37,-0.35,0.31,76
POS,0.35,-0.33,0.32,71
POS,0.31,-0.33,0.31,73
POS,0.31,-0.33,0.32,72
POS,0.28,-0.32,0.33,78
POS,0.30,-0.30,0.36,73
POS,0.30,-0.31,0.35,70
POS,0.30,-0.32,0.34,72
POS,0.37,-0.34,0.32,76
POS,0.43,-0.34,0.36,84
POS,0.39,-0.35,0.35,76
POS,0.38,-0.34,0.34,71
POS,0.35,-0.34,0.34,72
POS,0.33,-0.34,0.35,75
POS,0.38,-0.36,0.34,77
POS,0.43,-0.38,0.31,78
POS,0.52,-0.33,0.33,86
POS,0.46,-0.33,0.32,70
POS,0.40,-0.33,0.32,74
POS,0.35,-0.33,0.33,77
POS,0.32,-0.34,0.32,77
POS,0.30,-0.34,0.33,75
POS,0.30,-0.35,0.33,76
POS,0.27,-0.37,0.29,75
POS,0.26,-0.36,0.30,76
POS,0.37,-0.26,0.25,83
POS,0.35,-0.27,0.28,73
POS,0.33,-0.29,0.29,73
POS,0.31,-0.29,0.32,76
POS,0.28,-0.30,0.33,78
POS,0.28,-0.31,0.33,74
POS,0.29,-0.33,0.32,73
POS,0.28,-0.34,0.33,76
POS,0.29,-0.35,0.32,73
POS,0.29,-0.34,0.33,73
POS,0.30,-0.36,0.34,77
POS,0.37,-0.37,0.33,78
POS,0.41,-0.37,0.33,78
POS,0.39,-0.36,0.33,71
POS,0.35,-0.37,0.33,76
POS,0.34,-0.38,0.32,75
POS,0.33,-0.37,0.33,73
POS,0.33,-0.38,0.31,74
POS,0.33,-0.37,0.32,72
POS,0.32,-0.39,0.33,78
POS,0.32,-0.36,0.33,68
POS,0.31,-0.36,0.33,74
POS,0.33,-0.36,0.35,76
POS,0.31,-0.35,0.34,73
POS,0.33,-0.35,0.35,76
POS,0.31,-0.34,0.37,77
POS,0.29,-0.35,0.36,77
POS,0.28,-0.36,0.34,74
POS,0.36,-0.38,0.34,80
POS,0.35,-0.38,0.34,75
POS,0.40,-0.39,0.32,78
POS,0.46,-0.38,0.36,85
POS,0.42,-0.40,0.22,94
POS,0.40,-0.37,0.26,72
POS,0.40,-0.37,0.28,74
POS,0.44,-0.37,0.31,79
POS,0.39,-0.35,0.31,90
POS,0.39,-0.37,0.31,75
POS,0.36,-0.34,0.34,76
POS,0.34,-0.34,0.35,74
POS,0.32,-0.34,0.36,79
POS,0.37,-0.36,0.35,76
POS,0.35,-0.35,0.36,74
POS,0.32,-0.33,0.37,76
POS,0.30,-0.34,0.35,76
POS,0.28,-0.35,0.35,79
POS,0.27,-0.35,0.34,73
POS,0.28,-0.35,0.36,77
POS,0.44,-0.36,0.35,90
POS,0.39,-0.38,0.34,80
POS,0.39,-0.39,0.34,76
POS,0.38,-0.38,0.34,74
POS,0.38,-0.39,0.32,72
POS,0.37,-0.35,0.35,73
POS,0.33,-0.35,0.36,78
POS,0.38,-0.37,0.33,76
POS,0.36,-0.36,0.33,72
POS,0.34,-0.37,0.33,76
POS,0.31,-0.35,0.35,77
POS,0.30,-0.35,0.35,74
POS,0.30,-0.35,0.37,78
POS,0.31,-0.35,0.37,76
POS,0.31,-0.36,0.36,76
POS,0.30,-0.36,0.36,75
POS,0.32,-0.36,0.35,71
POS,0.32,-0.35,0.35,73
POS,0.31,-0.35,0.36,76
POS,0.30,-0.34,0.37,76
POS,0.31,-0.34,0.37,75
POS,0.29,-0.33,0.36,74
POS,0.29,-0.34,0.35,74
POS,0.38,-0.39,0.34,85
POS,0.37,-0.39,0.34,76
POS,0.38,-0.38,0.34,73
POS,0.51,-0.40,0.31,88
POS,0.49,-0.40,0.33,78
POS,0.44,-0.41,0.29,71
POS,0.55,-0.38,0.28,86
POS,0.48,-0.38,0.28,72
POS,0.42,-0.38,0.28,74
POS,0.48,-0.41,0.30,86
POS,0.43,-0.39,0.31,74
POS,0.40,-0.38,0.32,74
POS,0.41,-0.39,0.31,74
POS,0.40,-0.38,0.32,72
POS,0.44,-0.39,0.31,79
POS,0.41,-0.36,0.33,71
POS,0.38,-0.37,0.32,74
POS,0.37,-0.37,0.32,75
POS,0.39,-0.39,0.31,76
POS,0.38,-0.38,0.32,72
POS,0.39,-0.39,0.31,73
POS,0.37,-0.39,0.31,76
POS,0.32,-0.37,0.34,78
POS,0.32,-0.37,0.33,74
POS,0.32,-0.36,0.35,75
POS,0.34,-0.37,0.35,76
POS,0.33,-0.37,0.35,76
POS,0.30,-0.37,0.35,78
POS,0.31,-0.37,0.35,75
POS,0.31,-0.37,0.35,75
POS,0.47,-0.40,0.34,91
POS,0.42,-0.39,0.34,74
POS,0.38,-0.38,0.32,72
POS,0.36,-0.39,0.31,74
POS,0.34,-0.38,0.33,78
POS,0.33,-0.38,0.34,76
POS,0.32,-0.38,0.33,74
POS,0.32,-0.37,0.34,75
POS,0.21,-0.38,0.33,89
POS,0.19,-0.41,0.33,85
POS,0.22,-0.39,0.34,74
POS,0.23,-0.38,0.35,76
POS,0.26,-0.38,0.34,73
POS,0.24,-0.37,0.33,78
POS,0.25,-0.37,0.35,78
POS,0.27,-0.37,0.37,77
POS,0.30,-0.37,0.38,78
POS,0.29,-0.36,0.39,80
POS,0.28,-0.36,0.38,77
POS,0.26,-0.37,0.37,80
POS,0.39,-0.42,0.34,89
POS,0.40,-0.40,0.35,75
POS,0.38,-0.38,0.33,66
POS,0.39,-0.39,0.32,74
POS,0.39,-0.40,0.32,76
POS,0.36,-0.38,0.33,75
POS,0.37,-0.40,0.32,76
POS,0.34,-0.36,0.34,73
POS,0.32,-0.37,0.35,78
POS,0.34,-0.38,0.34,74
POS,0.31,-0.37,0.34,78
POS,0.42,-0.40,0.33,87
POS,0.40,-0.38,0.36,78
POS,0.36,-0.37,0.33,71
POS,0.42,-0.39,0.32,81
POS,0.55,-0.38,0.31,89
POS,0.52,-0.38,0.33,76
POS,0.35,-0.39,0.31,89
POS,0.42,-0.41,0.34,85
POS,0.38,-0.38,0.35,74
POS,0.33,-0.37,0.36,80
POS,0.34,-0.38,0.34,72
POS,0.35,-0.39,0.31,71
POS,0.32,-0.37,0.32,75
POS,0.31,-0.37,0.33,76
POS,0.30,-0.38,0.30,73
POS,0.30,-0.37,0.31,72
POS,0.29,-0.38,0.31,78
POS,0.29,-0.36,0.33,73
POS,0.28,-0.34,0.35,76
POS,0.25,-0.34,0.36,80
POS,0.25,-0.34,0.35,76
POS,0.24,-0.33,0.36,75
POS,0.25,-0.33,0.36,76
POS,0.24,-0.33,0.36,75
POS,0.29,-0.35,0.34,73
POS,0.27,-0.33,0.35,76
POS,0.27,-0.33,0.36,78
POS,0.33,-0.36,0.33,74
POS,0.39,-0.37,0.30,75
POS,0.37,-0.33,0.33,73
POS,0.31,-0.30,0.36,80
POS,0.30,-0.31,0.37,76
POS,0.30,-0.32,0.35,72
POS,0.28,-0.31,0.36,75
POS,0.28,-0.32,0.36,75
POS,0.30,-0.34,0.34,72
POS,0.29,-0.35,0.33,73
POS,0.28,-0.34,0.32,73
POS,0.34,-0.37,0.28,72
POS,0.32,-0.32,0.33,76
POS,0.32,-0.33,0.33,73
POS,0.29,-0.33,0.34,78
POS,0.28,-0.36,0.31,77
POS,0.30,-0.37,0.31,73
POS,0.40,-0.38,0.30,83
POS,0.37,-0.37,0.31,74
POS,0.33,-0.39,0.29,77
POS,0.32,-0.39,0.31,77
POS,0.30,-0.39,0.31,75
POS,0.29,-0.38,0.31,74
POS,0.29,-0.36,0.34,77
POS,0.29,-0.35,0.35,74
POS,0.37,-0.39,0.32,83
POS,0.35,-0.37,0.33,75
POS,0.32,-0.38,0.31,75
POS,0.33,-0.37,0.32,71
POS,0.31,-0.37,0.33,78
POS,0.38,-0.38,0.32,80
POS,0.37,-0.37,0.32,71
POS,0.44,-0.39,0.33,85
POS,0.41,-0.40,0.33,78
POS,0.38,-0.37,0.34,71
POS,0.32,-0.40,0.33,84
POS,0.32,-0.38,0.32,67
POS,0.31,-0.36,0.31,70
POS,0.32,-0.38,0.30,72
POS,0.33,-0.37,0.30,68
POS,0.39,-0.38,0.29,79
POS,0.37,-0.38,0.29,69
POS,0.38,-0.37,0.28,66
POS,0.37,-0.36,0.30,73
POS,0.34,-0.35,0.31,74
POS,0.35,-0.34,0.31,65
POS,0.34,-0.35,0.31,73
POS,0.48,-0.39,0.32,91
POS,0.43,-0.39,0.30,70
POS,0.32,-0.38,0.29,84
POS,0.31,-0.35,0.32,74
POS,0.45,-0.37,0.33,90
POS,0.39,-0.37,0.32,77
POS,0.38,-0.38,0.30,72
POS,0.38,-0.38,0.30,68
POS,0.34,-0.36,0.32,79
POS,0.39,-0.37,0.33,80
POS,0.34,-0.35,0.34,75
POS,0.34,-0.35,0.33,70
POS,0.48,-0.40,0.27,90
POS,0.42,-0.34,0.29,69
POS,0.43,-0.34,0.33,78
POS,0.41,-0.35,0.34,76
POS,0.40,-0.36,0.35,77
POS,0.36,-0.36,0.35,75
POS,0.32,-0.35,0.32,73
POS,0.36,-0.37,0.31,75
POS,0.34,-0.37,0.30,75
POS,0.35,-0.37,0.32,73
POS,0.40,-0.38,0.31,78
POS,0.35,-0.36,0.31,74
POS,0.41,-0.34,0.32,74
POS,0.52,-0.32,0.33,88
POS,0.46,-0.32,0.32,69
POS,0.46,-0.33,0.34,75
POS,0.32,-0.35,0.32,89
POS,0.32,-0.37,0.24,95
POS,0.40,-0.37,0.25,76
POS,0.53,-0.38,0.27,90
POS,0.48,-0.36,0.31,76
POS,0.42,-0.35,0.30,70
POS,0.47,-0.37,0.30,80
POS,0.46,-0.38,0.32,78
POS,0.47,-0.38,0.33,77
POS,0.45,-0.38,0.30,66
POS,0.43,-0.36,0.31,69
POS,0.43,-0.37,0.30,72
POS,0.38,-0.37,0.28,69
POS,0.50,-0.38,0.25,86
POS,0.49,-0.37,0.28,75
POS,0.42,-0.39,0.27,78
POS,0.51,-0.36,0.30,85
POS,0.45,-0.36,0.30,73
POS,0.40,-0.35,0.31,74
POS,0.40,-0.35,0.32,72
POS,0.46,-0.38,0.29,81
POS,0.41,-0.36,0.30,72
POS,0.37,-0.35,0.29,66
POS,0.43,-0.37,0.27,77
POS,0.37,-0.35,0.27,70
POS,0.36,-0.34,0.29,70
POS,0.34,-0.34,0.31,74
POS,0.32,-0.34,0.32,74
POS,0.46,-0.35,0.29,87
POS,0.40,-0.33,0.31,75
POS,0.43,-0.33,0.29,64
POS,0.55,-0.37,0.27,90
POS,0.50,-0.38,0.25,90
POS,0.50,-0.38,0.27,74
POS,0.42,-0.39,0.25,78
POS,0.37,-0.36,0.27,73
POS,0.44,-0.40,0.28,84
POS,0.29,-0.41,0.31,92
POS,0.35,-0.39,0.32,75
POS,0.43,-0.42,0.30,84
POS,0.40,-0.39,0.30,69
POS,0.37,-0.38,0.31,74
POS,0.39,-0.37,0.32,71
POS,0.39,-0.36,0.32,69
POS,0.40,-0.37,0.30,69
POS,0.37,-0.36,0.30,71
POS,0.37,-0.37,0.30,70
POS,0.34,-0.37,0.28,73
POS,0.32,-0.36,0.28,69
POS,0.43,-0.40,0.28,88
POS,0.41,-0.40,0.27,71
POS,0.37,-0.39,0.30,77
POS,0.45,-0.41,0.27,84
POS,0.56,-0.41,0.27,89
POS,0.51,-0.41,0.29,77
POS,0.47,-0.39,0.32,76
POS,0.40,-0.37,0.32,76
POS,0.44,-0.36,0.31,71
POS,0.40,-0.37,0.32,78
POS,0.44,-0.38,0.30,74
POS,0.38,-0.37,0.29,74
POS,0.38,-0.37,0.28,71
POS,0.37,-0.38,0.28,71
POS,0.33,-0.35,0.31,77
POS,0.32,-0.35,0.32,74
POS,0.31,-0.35,0.32,71
POS,0.37,-0.37,0.30,77
POS,0.35,-0.37,0.28,70
POS,0.40,-0.38,0.28,76
POS,0.37,-0.38,0.27,71
POS,0.34,-0.35,0.31,78
POS,0.31,-0.35,0.33,78
POS,0.33,-0.36,0.31,70
POS,0.29,-0.35,0.32,76
POS,0.32,-0.36,0.32,75
POS,0.32,-0.37,0.31,72
POS,0.36,-0.37,0.32,77
POS,0.41,-0.38,0.33,77
POS,0.45,-0.38,0.32,78
POS,0.40,-0.36,0.33,75
POS,0.45,-0.38,0.30,79
POS,0.47,-0.38,0.31,77
POS,0.47,-0.35,0.34,74
POS,0.43,-0.36,0.32,72
POS,0.39,-0.37,0.33,77
POS,0.34,-0.37,0.32,78
POS,0.35,-0.37,0.32,72
POS,0.35,-0.38,0.32,75
POS,0.31,-0.36,0.34,78
POS,0.28,-0.35,0.34,76
POS,0.35,-0.37,0.30,75
POS,0.32,-0.36,0.30,76
POS,0.32,-0.37,0.29,69
POS,0.28,-0.34,0.31,77
POS,0.36,-0.38,0.30,82
POS,0.35,-0.37,0.30,68
POS,0.33,-0.35,0.31,73
POS,0.33,-0.35,0.31,70
POS,0.33,-0.33,0.33,73
POS,0.31,-0.36,0.30,75
POS,0.31,-0.35,0.32,74
POS,0.31,-0.35,0.32,74
POS,0.38,-0.35,0.30,74
POS,0.36,-0.35,0.29,67
POS,0.34,-0.34,0.29,71
POS,0.34,-0.35,0.30,70
POS,0.30,-0.33,0.32,80
POS,0.29,-0.36,0.30,77
POS,0.31,-0.37,0.30,70
POS,0.40,-0.39,0.30,84
POS,0.42,-0.39,0.29,71
POS,0.38,-0.39,0.28,73
POS,0.37,-0.38,0.28,67
POS,0.42,-0.40,0.28,79
POS,0.41,-0.38,0.31,74
POS,0.39,-0.36,0.31,68
POS,0.36,-0.36,0.32,75
POS,0.36,-0.34,0.32,66
POS,0.35,-0.35,0.32,73
POS,0.43,-0.40,0.28,84
POS,0.38,-0.39,0.29,77
POS,0.34,-0.38,0.30,74
POS,0.31,-0.38,0.30,76
POS,0.30,-0.37,0.32,77
POS,0.27,-0.36,0.34,80
POS,0.34,-0.37,0.31,73
POS,0.41,-0.40,0.28,82
POS,0.42,-0.40,0.28,71
POS,0.51,-0.40,0.26,85
POS,0.46,-0.37,0.27,63
POS,0.39,-0.38,0.25,76
POS,0.37,-0.37,0.27,72
POS,0.37,-0.34,0.28,61
POS,0.35,-0.34,0.29,73
POS,0.36,-0.35,0.29,68
POS,0.37,-0.37,0.27,70
POS,0.36,-0.36,0.27,69
POS,0.34,-0.36,0.29,72
POS,0.32,-0.37,0.29,77
POS,0.32,-0.37,0.29,70
POS,0.31,-0.36,0.31,75
POS,0.32,-0.35,0.32,73
POS,0.31,-0.35,0.33,74
POS,0.30,-0.35,0.33,74
POS,0.39,-0.39,0.29,83
POS,0.40,-0.23,0.30,67
POS,0.39,-0.25,0.29,65
POS,0.34,-0.27,0.30,76
POS,0.35,-0.29,0.28,64
POS,0.36,-0.31,0.27,67
POS,0.41,-0.34,0.26,75
POS,0.44,-0.36,0.26,74
POS,0.49,-0.40,0.25,84
POS,0.44,-0.37,0.29,77
POS,0.44,-0.37,0.30,71
POS,0.46,-0.39,0.28,75
POS,0.57,-0.45,0.25,92
POS,0.48,-0.42,0.25,71
POS,0.44,-0.38,0.27,69
POS,0.38,-0.39,0.28,77
POS,0.43,-0.40,0.27,77
POS,0.38,-0.38,0.28,72
POS,0.34,-0.37,0.29,76
POS,0.39,-0.39,0.27,75
POS,0.38,-0.38,0.27,67
POS,0.37,-0.36,0.31,74
POS,0.34,-0.35,0.31,74
POS,0.34,-0.35,0.31,70
POS,0.46,-0.42,0.27,91
POS,0.42,-0.42,0.28,75
POS,0.39,-0.40,0.26,67
POS,0.34,-0.37,0.28,75
POS,0.42,-0.40,0.30,85
POS,0.42,-0.40,0.28,72
POS,0.53,-0.41,0.27,87
POS,0.49,-0.40,0.27,67
POS,0.44,-0.40,0.24,69
POS,0.41,-0.38,0.25,67
POS,0.48,-0.41,0.26,86
POS,0.43,-0.40,0.25,67
POS,0.42,-0.41,0.24,74
POS,0.39,-0.38,0.26,68
POS,0.47,-0.38,0.26,81
POS,0.52,-0.42,0.25,86
POS,0.48,-0.41,0.24,65
POS,0.45,-0.36,0.25,57
POS,0.48,-0.36,0.27,76
POS,0.51,-0.39,0.25,81
POS,0.52,-0.39,0.26,74
POS,0.48,-0.38,0.28,73
POS,0.46,-0.35,0.31,73
POS,0.42,-0.34,0.31,66
POS,0.44,-0.36,0.29,73
POS,0.45,-0.36,0.28,68
POS,0.37,-0.39,0.26,98
POS,0.38,-0.36,0.28,67
POS,0.35,-0.34,0.32,78
POS,0.34,-0.35,0.31,72
POS,0.36,-0.37,0.30,73
POS,0.45,-0.37,0.28,82
POS,0.41,-0.36,0.28,68
POS,0.43,-0.37,0.29,76
POS,0.45,-0.38,0.28,69
POS,0.41,-0.36,0.29,71
POS,0.55,-0.39,0.27,91
POS,0.51,-0.35,0.31,72
POS,0.45,-0.35,0.33,78
POS,0.43,-0.36,0.34,75
POS,0.40,-0.36,0.32,70
POS,0.39,-0.36,0.31,68
POS,0.36,-0.34,0.33,73
POS,0.34,-0.35,0.31,70
POS,0.37,-0.34,0.29,62
POS,0.38,-0.36,0.27,68
POS,0.37,-0.37,0.29,75
POS,0.44,-0.40,0.28,84
POS,0.39,-0.36,0.30,69
POS,0.34,-0.35,0.31,78
POS,0.34,-0.36,0.31,72
POS,0.35,-0.35,0.30,66
POS,0.38,-0.36,0.30,72
POS,0.43,-0.37,0.28,76
POS,0.40,-0.37,0.29,73
POS,0.40,-0.38,0.31,76
POS,0.37,-0.36,0.31,72
POS,0.41,-0.37,0.31,75
POS,0.39,-0.37,0.30,69
POS,0.39,-0.36,0.30,70
POS,0.37,-0.36,0.30,70
POS,0.37,-0.37,0.28,72
POS,0.33,-0.37,0.30,78
POS,0.40,-0.38,0.28,78
POS,0.37,-0.37,0.29,72
POS,0.36,-0.36,0.30,73
POS,0.36,-0.36,0.29,67
POS,0.43,-0.36,0.30,78
POS,0.41,-0.37,0.29,73
POS,0.35,-0.40,0.30,83
POS,0.36,-0.38,0.31,71
POS,0.36,-0.39,0.28,69
POS,0.35,-0.38,0.29,71
POS,0.32,-0.36,0.31,76
POS,0.30,-0.35,0.31,74
POS,0.36,-0.36,0.31,76
POS,0.35,-0.34,0.33,73
POS,0.31,-0.33,0.34,79
POS,0.37,-0.34,0.32,73
POS,0.42,-0.36,0.31,77
POS,0.42,-0.34,0.33,72
POS,0.48,-0.38,0.29,83
POS,0.54,-0.41,0.30,87
POS,0.48,-0.39,0.29,65
POS,0.44,-0.38,0.28,66
POS,0.40,-0.37,0.28,69
POS,0.37,-0.36,0.29,74
POS,0.34,-0.33,0.33,74
POS,0.32,-0.33,0.33,75
POS,0.31,-0.36,0.33,78
POS,0.29,-0.35,0.34,78
POS,0.29,-0.35,0.34,73
POS,0.30,-0.36,0.33,72
POS,0.45,-0.35,0.32,88
POS,0.47,-0.37,0.30,75
POS,0.43,-0.36,0.29,69
POS,0.40,-0.37,0.28,70
POS,0.49,-0.36,0.29,83
POS,0.47,-0.35,0.32,75
POS,0.46,-0.36,0.33,77
POS,0.40,-0.35,0.31,66
POS,0.38,-0.36,0.32,77
POS,0.35,-0.39,0.28,77
POS,0.36,-0.39,0.28,70
POS,0.30,-0.35,0.31,79
POS,0.30,-0.34,0.32,72
POS,0.29,-0.34,0.34,77
POS,0.28,-0.34,0.33,74
POS,0.28,-0.35,0.33,74
POS,0.29,-0.35,0.30,67
POS,0.32,-0.36,0.29,67
POS,0.35,-0.36,0.26,67
POS,0.41,-0.36,0.27,76
POS,0.40,-0.35,0.28,68
POS,0.43,-0.36,0.29,76
POS,0.42,-0.34,0.32,73
POS,0.44,-0.36,0.31,74
POS,0.42,-0.36,0.30,66
POS,0.38,-0.35,0.29,70
POS,0.42,-0.36,0.29,75
POS,0.39,-0.35,0.32,77
POS,0.29,-0.34,0.31,83
POS,0.30,-0.33,0.33,73
POS,0.27,-0.33,0.34,79
POS,0.27,-0.34,0.33,73
POS,0.24,-0.32,0.35,80
POS,0.22,-0.31,0.36,78
POS,0.25,-0.31,0.37,76
POS,0.28,-0.34,0.33,69
POS,0.31,-0.35,0.31,71
POS,0.32,-0.35,0.30,65
POS,0.31,-0.36,0.30,73
POS,0.30,-0.36,0.32,78
POS,0.29,-0.36,0.32,76
POS,0.31,-0.36,0.32,71
POS,0.27,-0.32,0.35,79
POS,0.34,-0.34,0.33,75
POS,0.47,-0.36,0.29,87
POS,0.40,-0.33,0.31,73
POS,0.36,-0.32,0.35,79
POS,0.33,-0.32,0.36,78
POS,0.33,-0.33,0.33,68
POS,0.35,-0.33,0.32,66
POS,0.36,-0.35,0.30,72
POS,0.35,-0.34,0.33,73
POS,0.35,-0.34,0.30,65
POS,0.37,-0.36,0.28,68
POS,0.38,-0.37,0.28,73
POS,0.37,-0.37,0.28,72
POS,0.34,-0.40,0.27,79
POS,0.39,-0.38,0.28,74
POS,0.37,-0.37,0.29,71
POS,0.25,-0.37,0.30,88
POS,0.41,-0.40,0.26,89
POS,0.37,-0.36,0.28,70
POS,0.35,-0.35,0.32,78
POS,0.33,-0.35,0.30,67
POS,0.39,-0.38,0.26,76
POS,0.37,-0.38,0.26,71
POS,0.38,-0.37,0.27,69
POS,0.32,-0.35,0.29,80
POS,0.34,-0.36,0.28,69
POS,0.32,-0.35,0.30,74
POS,0.37,-0.37,0.29,75
POS,0.37,-0.37,0.28,67
POS,0.34,-0.37,0.29,76
POS,0.31,-0.36,0.30,74
POS,0.39,-0.38,0.30,83
POS,0.35,-0.37,0.32,77
POS,0.34,-0.36,0.32,72
POS,0.32,-0.38,0.30,74
POS,0.32,-0.37,0.29,67
POS,0.43,-0.41,0.23,87
POS,0.42,-0.41,0.24,87
POS,0.37,-0.39,0.23,71
POS,0.36,-0.38,0.25,69
POS,0.41,-0.40,0.25,78
POS,0.40,-0.41,0.26,74
POS,0.38,-0.40,0.26,70
POS,0.36,-0.38,0.28,73
POS,0.40,-0.38,0.30,77
POS,0.37,-0.35,0.32,70
POS,0.33,-0.34,0.34,78
POS,0.32,-0.34,0.32,70
POS,0.29,-0.32,0.35,78
POS,0.31,-0.33,0.32,69
POS,0.28,-0.33,0.33,78
POS,0.30,-0.33,0.33,71
POS,0.33,-0.35,0.32,71
POS,0.29,-0.33,0.34,81
POS,0.31,-0.34,0.34,71
POS,0.33,-0.34,0.31,65
POS,0.38,-0.34,0.33,78
POS,0.39,-0.35,0.31,70
POS,0.44,-0.35,0.31,75
POS,0.44,-0.35,0.30,69
POS,0.38,-0.35,0.30,76
POS,0.36,-0.34,0.32,73
POS,0.43,-0.37,0.32,85
POS,0.43,-0.38,0.32,75
POS,0.43,-0.37,0.33,71
POS,0.43,-0.38,0.31,72
POS,0.42,-0.38,0.32,74
POS,0.38,-0.36,0.32,71
POS,0.44,-0.38,0.33,83
POS,0.43,-0.38,0.34,77
POS,0.39,-0.37,0.34,73
POS,0.37,-0.36,0.35,75
POS,0.44,-0.39,0.32,82
POS,0.45,-0.39,0.32,73
POS,0.50,-0.35,0.29,93
POS,0.44,-0.35,0.28,70
POS,0.42,-0.36,0.31,78
POS,0.38,-0.38,0.31,78
POS,0.37,-0.37,0.31,69
POS,0.37,-0.36,0.30,69
POS,0.44,-0.41,0.28,85
POS,0.41,-0.39,0.29,71
POS,0.36,-0.41,0.27,79
POS,0.35,-0.41,0.24,67
POS,0.37,-0.41,0.23,68
POS,0.34,-0.40,0.25,76
POS,0.42,-0.43,0.24,84
POS,0.40,-0.42,0.26,75
POS,0.35,-0.39,0.29,76
POS,0.36,-0.39,0.28,70
POS,0.33,-0.37,0.30,77
POS,0.32,-0.36,0.32,74
POS,0.29,-0.35,0.34,79
POS,0.26,-0.35,0.35,80
POS,0.23,-0.32,0.37,80
POS,0.28,-0.32,0.36,70
POS,0.36,-0.35,0.33,78
POS,0.43,-0.37,0.33,82
POS,0.44,-0.36,0.34,74
POS,0.39,-0.37,0.33,74
POS,0.34,-0.31,0.35,75
POS,0.31,-0.31,0.36,77
POS,0.34,-0.32,0.34,67
POS,0.24,-0.35,0.30,86
POS,0.32,-0.37,0.30,78
POS,0.33,-0.37,0.29,70
POS,0.32,-0.36,0.33,78
POS,0.29,-0.35,0.34,79
POS,0.30,-0.35,0.34,73
POS,0.40,-0.40,0.29,85
POS,0.39,-0.38,0.28,65
POS,0.48,-0.38,0.28,82
POS,0.44,-0.36,0.26,61
POS,0.44,-0.36,0.26,67
POS,0.47,-0.38,0.26,77
POS,0.44,-0.35,0.30,73
POS,0.42,-0.36,0.30,71
POS,0.38,-0.36,0.29,69
POS,0.39,-0.35,0.29,70
POS,0.43,-0.35,0.30,72
POS,0.37,-0.38,0.31,83
POS,0.41,-0.40,0.28,74
POS,0.46,-0.39,0.27,76
POS,0.32,-0.39,0.27,88
POS,0.40,-0.41,0.26,83
POS,0.37,-0.39,0.28,71
POS,0.35,-0.35,0.31,74
POS,0.44,-0.34,0.32,83
POS,0.44,-0.34,0.32,70
POS,0.42,-0.36,0.31,72
POS,0.40,-0.36,0.31,72
POS,0.46,-0.36,0.33,83
POS,0.44,-0.36,0.30,65
POS,0.39,-0.36,0.32,77
POS,0.38,-0.36,0.30,69
POS,0.36,-0.38,0.31,78
POS,0.33,-0.36,0.32,75
POS,0.33,-0.36,0.31,70
POS,0.31,-0.36,0.32,76
POS,0.27,-0.31,0.35,78
POS,0.32,-0.32,0.33,69
POS,0.37,-0.35,0.31,75
POS,0.35,-0.17,0.31,74
POS,0.36,-0.23,0.29,70
POS,0.32,-0.26,0.32,79
POS,0.47,-0.31,0.30,89
POS,0.40,-0.34,0.29,80
POS,0.36,-0.35,0.29,72
POS,0.37,-0.34,0.29,65
POS,0.35,-0.33,0.29,67
POS,0.33,-0.33,0.33,79
POS,0.33,-0.34,0.31,68
POS,0.29,-0.34,0.31,78
POS,0.38,-0.36,0.29,79
POS,0.35,-0.38,0.27,75
POS,0.33,-0.38,0.25,68
POS,0.33,-0.38,0.25,68
POS,0.33,-0.37,0.25,69
POS,0.30,-0.37,0.27,78
POS,0.26,-0.37,0.28,80
POS,0.25,-0.35,0.31,77
POS,0.29,-0.35,0.30,69
POS,0.27,-0.34,0.32,77
POS,0.31,-0.35,0.31,70
POS,0.33,-0.36,0.28,66
POS,0.33,-0.37,0.31,78
POS,0.34,-0.35,0.30,62
POS,0.30,-0.33,0.31,76
POS,0.28,-0.32,0.32,73
POS,0.30,-0.33,0.30,67
POS,0.30,-0.34,0.29,71
POS,0.29,-0.32,0.33,77
POS,0.27,-0.33,0.34,79
POS,0.27,-0.34,0.34,74
POS,0.31,-0.35,0.30,65
POS,0.36,-0.36,0.30,71
POS,0.33,-0.37,0.28,75
POS,0.34,-0.37,0.28,69
POS,0.30,-0.37,0.29,78
POS,0.30,-0.38,0.28,73
POS,0.29,-0.34,0.32,75
POS,0.29,-0.35,0.30,68
POS,0.27,-0.33,0.33,79
POS,0.27,-0.35,0.32,75
POS,0.25,-0.33,0.34,78
POS,0.26,-0.36,0.30,73
POS,0.26,-0.35,0.31,75
POS,0.25,-0.36,0.33,78
POS,0.26,-0.36,0.33,76
POS,0.27,-0.38,0.31,73
POS,0.29,-0.37,0.30,66
POS,0.26,-0.34,0.32,77
POS,0.27,-0.34,0.32,73
POS,0.28,-0.36,0.32,74
POS,0.28,-0.36,0.32,74
POS,0.27,-0.35,0.31,69
POS,0.28,-0.36,0.32,77
POS,0.38,-0.40,0.32,88
POS,0.42,-0.38,0.33,76
POS,0.43,-0.39,0.31,73
POS,0.37,-0.39,0.30,76
POS,0.41,-0.38,0.31,75
POS,0.38,-0.34,0.34,73
POS,0.36,-0.36,0.33,75
POS,0.41,-0.38,0.29,75
POS,0.38,-0.37,0.27,65
POS,0.42,-0.38,0.28,77
POS,0.44,-0.37,0.30,75
POS,0.38,-0.37,0.28,72
POS,0.39,-0.38,0.26,66
POS,0.43,-0.38,0.25,70
POS,0.49,-0.40,0.25,85
POS,0.43,-0.38,0.27,73
POS,0.41,-0.36,0.27,62
POS,0.40,-0.37,0.26,67
POS,0.35,-0.32,0.31,81
POS,0.33,-0.33,0.31,73
POS,0.41,-0.36,0.29,82
POS,0.47,-0.39,0.28,83
POS,0.43,-0.39,0.27,70
POS,0.41,-0.36,0.30,71
POS,0.37,-0.36,0.30,74
POS,0.33,-0.34,0.33,77
POS,0.38,-0.36,0.30,73
POS,0.42,-0.37,0.29,75
POS,0.40,-0.37,0.28,68
POS,0.39,-0.37,0.29,72
POS,0.45,-0.40,0.29,84
POS,0.41,-0.36,0.34,76
POS,0.39,-0.35,0.33,70
POS,0.39,-0.36,0.33,73
POS,0.36,-0.37,0.33,75
POS,0.33,-0.37,0.32,75
POS,0.29,-0.34,0.34,79
POS,0.26,-0.33,0.34,77
POS,0.32,-0.35,0.33,76
POS,0.29,-0.34,0.32,75
POS,0.27,-0.34,0.33,76
POS,0.30,-0.35,0.31,67
POS,0.30,-0.34,0.30,69
POS,0.37,-0.34,0.31,74
POS,0.34,-0.35,0.31,74
POS,0.33,-0.35,0.33,77
POS,0.29,-0.33,0.34,78
POS,0.27,-0.33,0.34,75
POS,0.27,-0.33,0.32,68
POS,0.27,-0.33,0.32,73
POS,0.26,-0.33,0.34,78
POS,0.32,-0.35,0.32,74
POS,0.33,-0.36,0.31,71
POS,0.41,-0.37,0.33,84
POS,0.38,-0.37,0.33,73
POS,0.51,-0.37,0.31,88
POS,0.46,-0.37,0.31,71
POS,0.46,-0.38,0.29,70
POS,0.42,-0.36,0.31,73
POS,0.37,-0.36,0.29,71
POS,0.33,-0.33,0.32,77
POS,0.38,-0.35,0.30,73
POS,0.35,-0.30,0.34,81
POS,0.34,-0.32,0.35,78
POS,0.33,-0.33,0.37,80
POS,0.33,-0.33,0.37,73
POS,0.31,-0.32,0.38,76
POS,0.34,-0.33,0.37,72
POS,0.44,-0.34,0.33,83
POS,0.40,-0.34,0.34,74
POS,0.40,-0.35,0.31,66
POS,0.39,-0.35,0.29,66
POS,0.35,-0.35,0.30,74
POS,0.45,-0.39,0.31,88
POS,0.40,-0.39,0.30,76
POS,0.44,-0.39,0.31,76
POS,0.35,-0.39,0.31,83
POS,0.33,-0.38,0.32,74
POS,0.38,-0.37,0.32,75
POS,0.26,-0.38,0.30,88
POS,0.32,-0.38,0.31,75
POS,0.42,-0.42,0.32,88
POS,0.43,-0.44,0.26,94
POS,0.39,-0.42,0.26,71
POS,0.38,-0.42,0.26,72
POS,0.49,-0.43,0.22,86
POS,0.34,-0.42,0.23,88
POS,0.35,-0.40,0.25,71
POS,0.32,-0.32,0.31,84
POS,0.37,-0.35,0.30,75
POS,0.37,-0.35,0.29,70
POS,0.42,-0.37,0.29,76
POS,0.34,-0.39,0.29,84
POS,0.32,-0.37,0.30,70
POS,0.40,-0.39,0.30,83
POS,0.46,-0.42,0.28,82
POS,0.45,-0.40,0.31,74
POS,0.41,-0.38,0.30,68
POS,0.47,-0.40,0.30,84
POS,0.44,-0.38,0.30,68
POS,0.49,-0.40,0.30,84
POS,0.47,-0.38,0.31,69
POS,0.40,-0.39,0.33,82
POS,0.38,-0.37,0.32,70
POS,0.37,-0.37,0.31,68
POS,0.37,-0.38,0.30,70
POS,0.43,-0.35,0.31,76
POS,0.40,-0.36,0.32,75
POS,0.38,-0.37,0.32,75
POS,0.42,-0.38,0.32,77
POS,0.40,-0.36,0.35,76
POS,0.45,-0.39,0.34,83
POS,0.35,-0.39,0.31,81
POS,0.45,-0.43,0.30,88
POS,0.39,-0.41,0.28,72
POS,0.36,-0.40,0.29,75
POS,0.33,-0.39,0.31,78
POS,0.34,-0.39,0.28,66
POS,0.30,-0.39,0.28,77
POS,0.30,-0.39,0.29,74
POS,0.22,-0.38,0.28,86
POS,0.30,-0.38,0.28,75
POS,0.34,-0.38,0.29,70
POS,0.33,-0.36,0.30,69
POS,0.31,-0.34,0.33,77
POS,0.39,-0.38,0.29,83
POS,0.38,-0.36,0.30,67
POS,0.33,-0.33,0.33,78
POS,0.31,-0.33,0.34,77
POS,0.29,-0.34,0.34,75
POS,0.30,-0.35,0.33,72
POS,0.36,-0.36,0.32,75
POS,0.34,-0.35,0.31,69
POS,0.32,-0.35,0.32,75
POS,0.31,-0.34,0.35,76
POS,0.34,-0.33,0.34,67
POS,0.32,-0.34,0.34,75
POS,0.30,-0.34,0.33,72
POS,0.32,-0.34,0.33,72
POS,0.31,-0.33,0.34,73
POS,0.39,-0.34,0.31,76
POS,0.43,-0.37,0.29,77
POS,0.42,-0.38,0.30,76
POS,0.39,-0.35,0.30,61
POS,0.54,-0.36,0.31,92
POS,0.57,-0.38,0.32,83
POS,0.47,-0.38,0.30,77
POS,0.45,-0.36,0.29,59
POS,0.43,-0.35,0.33,76
POS,0.52,-0.34,0.32,84
POS,0.54,-0.38,0.30,82
POS,0.51,-0.32,0.35,75
POS,0.49,-0.33,0.35,73
POS,0.50,-0.33,0.35,74
POS,0.43,-0.35,0.32,75
POS,0.42,-0.33,0.36,75
POS,0.41,-0.34,0.37,77
POS,0.37,-0.35,0.35,75
POS,0.33,-0.37,0.34,79
POS,0.35,-0.37,0.32,69
POS,0.37,-0.37,0.32,73
POS,0.39,-0.36,0.32,72
POS,0.44,-0.36,0.32,77
POS,0.47,-0.36,0.31,74
POS,0.43,-0.35,0.32,71
POS,0.43,-0.32,0.35,71
POS,0.42,-0.33,0.32,68
POS,0.39,-0.32,0.32,69
POS,0.44,-0.34,0.31,75
POS,0.50,-0.38,0.33,87
POS,0.47,-0.35,0.35,73
POS,0.58,-0.36,0.31,87
POS,0.58,-0.36,0.31,76
POS,0.56,-0.35,0.32,74
POS,0.56,-0.37,0.30,75
POS,0.49,-0.35,0.33,76
POS,0.46,-0.34,0.35,75
POS,0.46,-0.35,0.36,77
POS,0.40,-0.35,0.34,72
POS,0.41,-0.36,0.35,78
POS,0.36,-0.37,0.33,76
POS,0.41,-0.38,0.32,76
POS,0.31,-0.36,0.31,81
POS,0.39,-0.38,0.32,82
POS,0.44,-0.37,0.30,75
POS,0.45,-0.36,0.29,68
POS,0.37,-0.34,0.31,77
POS,0.36,-0.35,0.31,74
POS,0.44,-0.37,0.31,84
POS,0.41,-0.34,0.33,73
POS,0.36,-0.32,0.33,74
POS,0.37,-0.34,0.32,71
POS,0.40,-0.35,0.31,74
POS,0.38,-0.35,0.32,72
POS,0.28,-0.34,0.29,81
POS,0.30,-0.34,0.31,73
POS,0.29,-0.33,0.33,74
POS,0.37,-0.36,0.30,77
POS,0.34,-0.35,0.31,75
POS,0.31,-0.34,0.33,76
POS,0.30,-0.36,0.30,75
POS,0.31,-0.35,0.31,71
POS,0.31,-0.39,0.22,97
POS,0.44,-0.40,0.22,88
POS,0.42,-0.37,0.28,75
POS,0.46,-0.38,0.31,83
POS,0.43,-0.38,0.29,66
POS,0.35,-0.41,0.29,85
POS,0.31,-0.36,0.32,78
POS,0.24,-0.38,0.31,85
POS,0.38,-0.38,0.33,88
POS,0.42,-0.40,0.30,77
POS,0.45,-0.40,0.30,76
POS,0.41,-0.37,0.32,74
POS,0.31,-0.36,0.31,82
POS,0.32,-0.35,0.30,66
POS,0.31,-0.35,0.31,72
POS,0.45,-0.37,0.29,87
POS,0.46,-0.35,0.31,73
POS,0.41,-0.33,0.32,73
POS,0.39,-0.35,0.33,77
POS,0.43,-0.37,0.32,78
POS,0.55,-0.38,0.30,89
POS,0.54,-0.39,0.30,76
POS,0.52,-0.39,0.30,71
POS,0.47,-0.38,0.31,73
POS,0.41,-0.36,0.31,73
POS,0.38,-0.34,0.30,64
POS,0.35,-0.35,0.30,76
POS,0.33,-0.34,0.32,73
POS,0.39,-0.36,0.30,77
POS,0.37,-0.34,0.34,79
POS,0.42,-0.36,0.31,75
POS,0.36,-0.34,0.33,77
POS,0.36,-0.35,0.31,67
POS,0.34,-0.35,0.31,72
POS,0.34,-0.34,0.31,70
POS,0.33,-0.34,0.31,70
POS,0.33,-0.34,0.33,76
POS,0.31,-0.31,0.35,73
POS,0.35,-0.32,0.34,72
POS,0.36,-0.33,0.34,72
POS,0.42,-0.36,0.31,80
POS,0.38,-0.36,0.32,74
POS,0.36,-0.35,0.33,74
POS,0.30,-0.33,0.35,82
POS,0.39,-0.37,0.32,83
POS,0.38,-0.36,0.33,74
POS,0.33,-0.36,0.33,76
POS,0.35,-0.34,0.35,75
POS,0.32,-0.34,0.34,75
POS,0.29,-0.35,0.34,77
POS,0.30,-0.36,0.32,71
POS,0.30,-0.36,0.31,72
POS,0.27,-0.35,0.32,78
POS,0.28,-0.36,0.30,71
POS,0.27,-0.35,0.32,75
POS,0.30,-0.34,0.32,68
POS,0.29,-0.34,0.33,76
POS,0.28,-0.35,0.32,74
POS,0.28,-0.36,0.31,73
POS,0.43,-0.36,0.30,88
POS,0.40,-0.35,0.31,71
POS,0.39,-0.35,0.32,72
POS,0.42,-0.36,0.32,75
POS,0.54,-0.38,0.30,89
POS,0.48,-0.35,0.31,69
POS,0.43,-0.35,0.27,63
POS,0.43,-0.36,0.29,76
POS,0.47,-0.36,0.29,75
POS,0.43,-0.35,0.30,69
POS,0.42,-0.36,0.32,76
POS,0.38,-0.34,0.31,67
POS,0.43,-0.34,0.31,74
POS,0.40,-0.33,0.31,66
POS,0.38,-0.32,0.32,70
POS,0.51,-0.36,0.28,89
POS,0.47,-0.33,0.29,61
POS,0.46,-0.35,0.30,75
POS,0.42,-0.34,0.29,68
POS,0.37,-0.33,0.30,73
POS,0.42,-0.36,0.28,78
POS,0.38,-0.35,0.28,67
POS,0.39,-0.37,0.27,89
POS,0.46,-0.41,0.27,87
POS,0.42,-0.38,0.30,75
POS,0.35,-0.36,0.30,74
POS,0.34,-0.34,0.31,70
POS,0.30,-0.34,0.32,79
POS,0.37,-0.35,0.32,75
POS,0.40,-0.36,0.32,75
POS,0.38,-0.35,0.34,75
POS,0.36,-0.36,0.36,79
POS,0.42,-0.37,0.33,79
POS,0.39,-0.36,0.34,75
POS,0.38,-0.38,0.33,75
POS,0.37,-0.34,0.36,74
POS,0.35,-0.34,0.35,73
POS,0.40,-0.36,0.31,71
POS,0.37,-0.35,0.33,74
POS,0.42,-0.37,0.30,75
POS,0.39,-0.35,0.31,71
POS,0.36,-0.35,0.32,75
POS,0.33,-0.36,0.29,70
POS,0.31,-0.36,0.31,78
POS,0.30,-0.36,0.31,73
POS,0.37,-0.37,0.32,82
POS,0.44,-0.37,0.31,78
POS,0.39,-0.39,0.30,77
POS,0.32,-0.35,0.31,80
POS,0.30,-0.36,0.30,76
POS,0.20,-0.38,0.27,87
POS,0.22,-0.37,0.30,76
POS,0.27,-0.36,0.31,73
POS,0.28,-0.36,0.32,74
POS,0.34,-0.36,0.33,77
POS,0.47,-0.37,0.31,87
POS,0.44,-0.36,0.34,77
POS,0.47,-0.37,0.31,75
POS,0.46,-0.37,0.32,73
POS,0.42,-0.36,0.33,73
POS,0.37,-0.33,0.34,73
POS,0.33,-0.34,0.33,74
POS,0.34,-0.36,0.29,68
POS,0.34,-0.36,0.28,69
POS,0.41,-0.37,0.26,77
POS,0.39,-0.39,0.27,75
POS,0.35,-0.37,0.28,73
POS,0.40,-0.38,0.29,77
POS,0.34,-0.36,0.31,78
POS,0.34,-0.37,0.31,75
POS,0.32,-0.38,0.32,78
POS,0.37,-0.36,0.33,72
POS,0.36,-0.35,0.32,67
POS,0.33,-0.37,0.33,78
POS,0.31,-0.38,0.35,82
POS,0.40,-0.41,0.32,83
POS,0.36,-0.38,0.34,75
POS,0.33,-0.37,0.34,78
POS,0.33,-0.38,0.34,74
POS,0.33,-0.39,0.32,74
POS,0.38,-0.38,0.33,76
POS,0.35,-0.37,0.34,75
POS,0.34,-0.36,0.34,72
POS,0.33,-0.38,0.33,76
POS,0.36,-0.39,0.32,75
POS,0.36,-0.39,0.31,71
POS,0.36,-0.38,0.31,71
POS,0.33,-0.38,0.30,74
POS,0.30,-0.38,0.31,77
POS,0.20,-0.39,0.28,87
POS,0.22,-0.39,0.30,78
POS,0.25,-0.37,0.32,75
POS,0.27,-0.39,0.30,72
POS,0.25,-0.34,0.34,76
POS,0.28,-0.33,0.34,70
POS,0.35,-0.35,0.30,75
POS,0.32,-0.36,0.27,72
POS,0.31,-0.35,0.30,75
POS,0.28,-0.36,0.31,79
POS,0.30,-0.34,0.32,70
POS,0.29,-0.35,0.33,76
POS,0.29,-0.37,0.32,76
POS,0.33,-0.35,0.32,69
POS,0.40,-0.39,0.32,82
POS,0.36,-0.36,0.34,77
POS,0.34,-0.36,0.34,75
POS,0.39,-0.37,0.33,77
POS,0.37,-0.37,0.33,74
POS,0.41,-0.35,0.34,73
POS,0.42,-0.36,0.32,68
POS,0.39,-0.34,0.31,68
POS,0.45,-0.38,0.30,83
POS,0.44,-0.39,0.29,75
POS,0.40,-0.39,0.30,76
POS,0.39,-0.39,0.32,75
POS,0.38,-0.40,0.20,93
POS,0.36,-0.41,0.21,73
POS,0.32,-0.41,0.23,78
POS,0.31,-0.38,0.27,76
POS,0.32,-0.38,0.27,68
POS,0.36,-0.38,0.29,76
POS,0.33,-0.35,0.31,76
POS,0.37,-0.35,0.33,76
POS,0.35,-0.36,0.33,73
POS,0.36,-0.35,0.33,70
POS,0.43,-0.37,0.30,79
POS,0.40,-0.37,0.28,66
POS,0.29,-0.40,0.27,88
POS,0.36,-0.40,0.31,83
POS,0.36,-0.37,0.34,76
POS,0.33,-0.36,0.35,75
POS,0.36,-0.37,0.32,70
POS,0.36,-0.36,0.33,70
POS,0.34,-0.36,0.32,73
POS,0.31,-0.34,0.36,80
POS,0.38,-0.36,0.33,77
POS,0.38,-0.38,0.33,77
POS,0.37,-0.39,0.31,74
POS,0.36,-0.38,0.31,68
POS,0.36,-0.38,0.31,73
POS,0.34,-0.37,0.33,76
POS,0.33,-0.38,0.32,76
POS,0.33,-0.38,0.32,71
POS,0.42,-0.41,0.29,84
POS,0.41,-0.40,0.27,66
POS,0.39,-0.39,0.30,75
POS,0.36,-0.38,0.31,74
POS,0.37,-0.37,0.29,65
POS,0.33,-0.37,0.30,77
POS,0.35,-0.37,0.29,69
POS,0.34,-0.37,0.30,71
POS,0.34,-0.38,0.28,70
POS,0.36,-0.37,0.29,72
POS,0.35,-0.39,0.30,77
POS,0.32,-0.37,0.31,74
POS,0.30,-0.37,0.33,79
POS,0.46,-0.39,0.33,92
POS,0.40,-0.41,0.31,80
POS,0.38,-0.42,0.30,76
POS,0.38,-0.41,0.30,71
POS,0.42,-0.42,0.29,78
POS,0.51,-0.40,0.30,86
POS,0.52,-0.39,0.32,78
POS,0.53,-0.40,0.30,77
POS,0.55,-0.41,0.30,79
POS,0.55,-0.41,0.30,78
POS,0.52,-0.37,0.34,74
POS,0.37,-0.38,0.33,89
POS,0.42,-0.38,0.32,77
POS,0.42,-0.38,0.34,77
POS,0.40,-0.37,0.32,67
POS,0.41,-0.38,0.32,75
POS,0.43,-0.35,0.36,77
POS,0.38,-0.34,0.34,72
POS,0.36,-0.35,0.35,76
POS,0.37,-0.36,0.34,74
POS,0.33,-0.36,0.35,79
POS,0.42,-0.38,0.31,82
POS,0.39,-0.38,0.33,77
POS,0.43,-0.36,0.33,74
POS,0.38,-0.38,0.32,80
POS,0.48,-0.39,0.31,86
POS,0.46,-0.38,0.33,76
POS,0.41,-0.39,0.33,78
POS,0.39,-0.37,0.34,73
POS,0.49,-0.39,0.30,84
POS,0.35,-0.39,0.32,89
POS,0.35,-0.38,0.32,70
POS,0.44,-0.41,0.29,85
POS,0.42,-0.39,0.31,72
POS,0.48,-0.41,0.31,84
POS,0.49,-0.40,0.31,76
POS,0.42,-0.38,0.32,74
POS,0.41,-0.38,0.33,74
POS,0.53,-0.39,0.29,87
POS,0.51,-0.40,0.31,78
POS,0.37,-0.39,0.33,88
POS,0.33,-0.39,0.31,75
POS,0.40,-0.41,0.33,84
POS,0.42,-0.38,0.36,78
POS,0.41,-0.38,0.36,74
POS,0.38,-0.37,0.34,68
POS,0.42,-0.38,0.32,76
POS,0.40,-0.39,0.32,75
POS,0.42,-0.38,0.33,75
POS,0.42,-0.39,0.32,74
POS,0.43,-0.39,0.32,75
POS,0.44,-0.38,0.33,74
POS,0.46,-0.38,0.34,76
POS,0.43,-0.38,0.35,77
POS,0.44,-0.37,0.34,73
POS,0.40,-0.38,0.32,71
POS,0.39,-0.37,0.34,77
POS,0.39,-0.37,0.35,73
POS,0.39,-0.37,0.33,72
POS,0.35,-0.38,0.33,76
POS,0.33,-0.38,0.34,77
POS,0.34,-0.36,0.35,72
POS,0.34,-0.36,0.34,74
POS,0.37,-0.37,0.33,73
POS,0.35,-0.38,0.34,77
POS,0.31,-0.36,0.35,77
POS,0.35,-0.36,0.33,70
POS,0.41,-0.38,0.30,78
POS,0.40,-0.36,0.31,69
POS,0.43,-0.38,0.30,75
POS,0.42,-0.37,0.30,67
POS,0.40,-0.37,0.31,75
POS,0.38,-0.35,0.35,77
POS,0.36,-0.36,0.35,76
POS,0.35,-0.36,0.33,69
POS,0.36,-0.37,0.33,75
POS,0.39,-0.36,0.33,72
POS,0.43,-0.35,0.34,75
POS,0.43,-0.37,0.33,73
POS,0.42,-0.38,0.33,76
POS,0.38,-0.34,0.36,75
POS,0.39,-0.34,0.35,71
POS,0.38,-0.34,0.34,70
POS,0.41,-0.36,0.31,73
POS,0.39,-0.36,0.31,72
POS,0.35,-0.32,0.36,80
POS,0.34,-0.31,0.36,71
POS,0.32,-0.32,0.37,79
POS,0.29,-0.32,0.36,75
POS,0.29,-0.34,0.36,77
POS,0.40,-0.38,0.34,87
POS,0.44,-0.38,0.32,76
POS,0.43,-0.36,0.35,76
POS,0.40,-0.37,0.35,74
POS,0.39,-0.37,0.34,72
POS,0.45,-0.40,0.31,82
POS,0.47,-0.39,0.29,72
POS,0.43,-0.38,0.31,74
POS,0.39,-0.35,0.35,76
POS,0.35,-0.34,0.35,78
POS,0.32,-0.33,0.36,75
POS,0.30,-0.33,0.36,76
POS,0.29,-0.34,0.34,73
POS,0.30,-0.34,0.35,75
POS,0.36,-0.36,0.33,74
POS,0.34,-0.37,0.33,76
POS,0.40,-0.35,0.29,91
POS,0.38,-0.35,0.30,71
POS,0.34,-0.34,0.31,77
POS,0.32,-0.31,0.36,78
POS,0.31,-0.31,0.36,73
POS,0.29,-0.32,0.36,77
POS,0.31,-0.33,0.35,72
POS,0.29,-0.34,0.33,74
POS,0.31,-0.35,0.32,72
POS,0.29,-0.36,0.32,77
POS,0.28,-0.36,0.33,77
POS,0.27,-0.35,0.35,77
POS,0.29,-0.36,0.34,73
POS,0.43,-0.38,0.28,86
POS,0.39,-0.38,0.28,73
POS,0.41,-0.38,0.29,74
POS,0.40,-0.38,0.31,75
POS,0.38,-0.37,0.29,63
POS,0.42,-0.38,0.27,73
POS,0.37,-0.37,0.28,73
POS,0.36,-0.35,0.29,67
POS,0.38,-0.36,0.30,72
POS,0.33,-0.31,0.33,77
POS,0.33,-0.35,0.29,95
POS,0.32,-0.35,0.32,77
POS,0.35,-0.36,0.31,71
POS,0.38,-0.37,0.30,74
POS,0.36,-0.36,0.30,72
POS,0.33,-0.36,0.32,77
POS,0.33,-0.35,0.33,72
POS,0.34,-0.35,0.33,74
POS,0.32,-0.36,0.33,75
POS,0.30,-0.36,0.33,77
POS,0.32,-0.36,0.33,71
POS,0.34,-0.37,0.31,71
POS,0.34,-0.38,0.33,78
POS,0.36,-0.37,0.33,72
POS,0.37,-0.37,0.31,65
POS,0.34,-0.34,0.32,72
POS,0.31,-0.34,0.34,76
POS,0.32,-0.35,0.33,71
POS,0.31,-0.36,0.31,75
POS,0.31,-0.34,0.33,69
POS,0.32,-0.35,0.33,74
POS,0.28,-0.34,0.34,81
POS,0.45,-0.38,0.31,91
POS,0.39,-0.39,0.30,78
POS,0.35,-0.37,0.33,76
POS,0.34,-0.36,0.32,71
POS,0.35,-0.37,0.33,74
POS,0.33,-0.36,0.34,74
POS,0.39,-0.37,0.31,76
POS,0.38,-0.38,0.32,78
POS,0.37,-0.38,0.33,73
POS,0.41,-0.39,0.31,76
POS,0.36,-0.37,0.30,73
POS,0.32,-0.35,0.33,79
POS,0.32,-0.35,0.36,78
POS,0.31,-0.35,0.35,75
POS,0.31,-0.36,0.34,73
POS,0.28,-0.36,0.34,78
POS,0.35,-0.38,0.32,76
POS,0.48,-0.37,0.32,89
POS,0.47,-0.36,0.33,73
POS,0.44,-0.35,0.33,70
POS,0.46,-0.37,0.31,77
POS,0.40,-0.35,0.32,76
POS,0.38,-0.34,0.35,76
POS,0.37,-0.36,0.33,72
POS,0.41,-0.37,0.33,76
POS,0.36,-0.36,0.31,72
POS,0.34,-0.36,0.32,76
POS,0.33,-0.35,0.34,75
POS,0.30,-0.34,0.36,78
POS,0.29,-0.34,0.34,73
POS,0.35,-0.35,0.31,71
POS,0.35,-0.37,0.31,74
POS,0.42,-0.38,0.30,81
POS,0.42,-0.37,0.30,71
POS,0.42,-0.37,0.33,76
POS,0.39,-0.34,0.35,72
POS,0.37,-0.35,0.33,74
POS,0.33,-0.36,0.33,77
POS,0.30,-0.35,0.35,80
POS,0.30,-0.38,0.32,76
POS,0.32,-0.38,0.29,66
POS,0.34,-0.37,0.28,64
POS,0.32,-0.36,0.30,74
POS,0.34,-0.34,0.32,70
POS,0.31,-0.34,0.33,77
POS,0.27,-0.32,0.35,80
POS,0.30,-0.33,0.34,74
POS,0.34,-0.34,0.34,72
POS,0.31,-0.35,0.33,74
POS,0.30,-0.35,0.33,73
POS,0.29,-0.35,0.33,75
POS,0.37,-0.36,0.31,78
POS,0.33,-0.34,0.34,78
POS,0.34,-0.34,0.34,73
POS,0.29,-0.33,0.36,79
POS,0.46,-0.38,0.32,91
POS,0.43,-0.39,0.32,75
POS,0.40,-0.35,0.32,62
POS,0.36,-0.35,0.33,76
POS,0.37,-0.35,0.32,70
POS,0.41,-0.36,0.30,72
POS,0.35,-0.40,0.31,86
POS,0.34,-0.39,0.32,75
POS,0.36,-0.39,0.32,73
POS,0.40,-0.39,0.32,76
POS,0.38,-0.39,0.31,73
POS,0.41,-0.39,0.32,77
POS,0.39,-0.36,0.32,65
POS,0.35,-0.36,0.32,75
POS,0.37,-0.35,0.32,69
POS,0.37,-0.35,0.31,69
POS,0.33,-0.34,0.34,78
POS,0.39,-0.35,0.33,74
POS,0.33,-0.35,0.32,78
POS,0.29,-0.34,0.33,79
POS,0.26,-0.34,0.33,78
POS,0.26,-0.34,0.35,79
POS,0.24,-0.34,0.35,78
POS,0.24,-0.34,0.32,70
POS,0.25,-0.34,0.33,75
POS,0.26,-0.34,0.35,75
POS,0.30,-0.34,0.34,69
POS,0.37,-0.36,0.32,77
POS,0.41,-0.35,0.32,73
POS,0.38,-0.35,0.30,71
POS,0.33,-0.32,0.33,76
POS,0.35,-0.32,0.33,68
POS,0.33,-0.33,0.33,74
POS,0.31,-0.33,0.33,75
POS,0.40,-0.36,0.31,83
POS,0.38,-0.35,0.30,63
POS,0.35,-0.33,0.33,75
POS,0.32,-0.33,0.33,75
POS,0.41,-0.37,0.27,83
POS,0.52,-0.36,0.30,89
POS,0.48,-0.36,0.30,73
POS,0.56,-0.37,0.29,86
POS,0.50,-0.37,0.28,68
POS,0.52,-0.36,0.29,75
POS,0.47,-0.36,0.31,74
POS,0.45,-0.33,0.35,75
POS,0.50,-0.34,0.35,82
POS,0.49,-0.35,0.33,71
POS,0.43,-0.34,0.35,77
POS,0.43,-0.34,0.30,87
POS,0.44,-0.31,0.34,76
POS,0.41,-0.32,0.35,73
POS,0.40,-0.14,0.33,71
POS,0.43,-0.21,0.30,72
POS,0.40,-0.25,0.30,72
POS,0.37,-0.27,0.32,75
POS,0.42,-0.31,0.29,76
POS,0.41,-0.33,0.32,77
POS,0.46,-0.37,0.29,81
POS,0.42,-0.36,0.32,77
POS,0.41,-0.38,0.31,73
POS,0.37,-0.35,0.32,72
POS,0.37,-0.36,0.31,73
POS,0.48,-0.39,0.30,88
POS,0.48,-0.38,0.32,74
POS,0.42,-0.37,0.33,76
POS,0.40,-0.37,0.34,74
POS,0.36,-0.35,0.33,74
POS,0.34,-0.37,0.33,76
POS,0.34,-0.37,0.32,72
POS,0.41,-0.41,0.30,84
POS,0.36,-0.38,0.32,75
POS,0.34,-0.34,0.36,78
POS,0.33,-0.35,0.36,75
POS,0.34,-0.36,0.35,75
POS,0.32,-0.36,0.36,77
POS,0.33,-0.37,0.36,76
POS,0.46,-0.44,0.32,92
POS,0.40,-0.40,0.33,75
POS,0.37,-0.38,0.35,77
POS,0.38,-0.38,0.33,68
POS,0.38,-0.38,0.32,72
POS,0.37,-0.38,0.32,72
POS,0.38,-0.38,0.33,74
POS,0.35,-0.37,0.34,78
POS,0.33,-0.36,0.34,72
POS,0.33,-0.36,0.34,73
POS,0.32,-0.37,0.32,72
POS,0.33,-0.38,0.31,73
POS,0.38,-0.38,0.32,77
POS,0.37,-0.36,0.32,68
POS,0.40,-0.37,0.32,75
POS,0.38,-0.36,0.32,71
POS,0.35,-0.36,0.31,71
POS,0.30,-0.33,0.33,77
POS,0.30,-0.33,0.34,76
POS,0.28,-0.32,0.35,74
POS,0.35,-0.35,0.31,76
POS,0.32,-0.33,0.34,77
POS,0.41,-0.38,0.31,84
POS,0.36,-0.35,0.32,73
POS,0.34,-0.37,0.30,74
POS,0.30,-0.36,0.31,78
POS,0.27,-0.35,0.32,80
POS,0.27,-0.36,0.34,79
POS,0.24,-0.36,0.33,78
POS,0.24,-0.34,0.35,76
POS,0.31,-0.36,0.31,73
POS,0.29,-0.36,0.32,77
POS,0.36,-0.35,0.33,76
POS,0.34,-0.35,0.33,74
POS,0.32,-0.35,0.31,70
POS,0.31,-0.34,0.32,70
POS,0.30,-0.36,0.31,75
POS,0.30,-0.36,0.32,76
POS,0.35,-0.37,0.31,76
POS,0.37,-0.37,0.32,73
POS,0.38,-0.37,0.32,71
POS,0.44,-0.40,0.32,85
POS,0.38,-0.36,0.34,75
POS,0.37,-0.36,0.35,76
POS,0.37,-0.37,0.33,72
POS,0.38,-0.38,0.32,72
POS,0.36,-0.40,0.21,96
POS,0.32,-0.37,0.25,75
POS,0.28,-0.36,0.27,79
POS,0.29,-0.36,0.28,72
POS,0.28,-0.36,0.30,77
POS,0.28,-0.36,0.29,73
POS,0.20,-0.35,0.27,81
POS,0.21,-0.36,0.28,77
POS,0.22,-0.35,0.31,76
POS,0.25,-0.36,0.32,77
POS,0.25,-0.34,0.35,78
POS,0.25,-0.34,0.35,76
POS,0.26,-0.36,0.32,73
POS,0.27,-0.38,0.31,75
POS,0.30,-0.37,0.33,75
POS,0.38,-0.37,0.33,80
POS,0.45,-0.40,0.33,84
POS,0.40,-0.38,0.32,69
POS,0.38,-0.35,0.35,76
POS,0.35,-0.35,0.33,71
POS,0.32,-0.35,0.30,71
POS,0.34,-0.37,0.29,73
POS,0.33,-0.35,0.34,78
POS,0.33,-0.35,0.32,68
POS,0.29,-0.32,0.35,79
POS,0.29,-0.33,0.34,75
POS,0.38,-0.38,0.33,85
POS,0.34,-0.34,0.35,74
POS,0.30,-0.33,0.35,77
POS,0.31,-0.33,0.33,67
POS,0.31,-0.35,0.32,75
POS,0.40,-0.38,0.30,83
POS,0.39,-0.33,0.34,73
POS,0.43,-0.36,0.32,77
POS,0.38,-0.35,0.31,70
POS,0.36,-0.35,0.15,90
POS,0.32,-0.35,0.20,78
POS,0.30,-0.36,0.23,76
POS,0.32,-0.37,0.25,73
POS,0.30,-0.36,0.26,72
POS,0.30,-0.36,0.26,70
POS,0.28,-0.34,0.30,76
POS,0.26,-0.36,0.27,74
POS,0.27,-0.34,0.28,68
POS,0.29,-0.33,0.29,66
POS,0.27,-0.31,0.32,77
POS,0.30,-0.34,0.29,70
POS,0.30,-0.35,0.30,75
POS,0.29,-0.35,0.30,71
POS,0.29,-0.35,0.30,72
POS,0.28,-0.35,0.30,73
POS,0.27,-0.35,0.31,77
POS,0.26,-0.37,0.31,78
POS,0.33,-0.38,0.33,79
POS,0.32,-0.36,0.34,71
POS,0.38,-0.38,0.31,78
POS,0.33,-0.37,0.33,78
POS,0.35,-0.37,0.31,69
POS,0.48,-0.39,0.30,89
POS,0.44,-0.39,0.30,74
POS,0.40,-0.39,0.29,72
POS,0.37,-0.36,0.31,73
POS,0.41,-0.38,0.32,78
POS,0.39,-0.38,0.32,75
POS,0.35,-0.34,0.36,78
POS,0.35,-0.35,0.35,74
POS,0.32,-0.34,0.36,76
POS,0.38,-0.35,0.34,76
POS,0.35,-0.36,0.33,74
POS,0.33,-0.35,0.33,72
POS,0.31,-0.36,0.32,74
POS,0.30,-0.36,0.32,72
POS,0.30,-0.36,0.31,73
POS,0.36,-0.36,0.32,78
POS,0.37,-0.36,0.31,68
POS,0.34,-0.35,0.30,68
POS,0.39,-0.36,0.28,73
POS,0.35,-0.38,0.28,77
POS,0.30,-0.37,0.29,80
POS,0.31,-0.37,0.29,70
POS,0.30,-0.38,0.29,75
POS,0.46,-0.38,0.30,91
POS,0.50,-0.41,0.26,81
POS,0.44,-0.39,0.27,71
POS,0.43,-0.39,0.29,76
POS,0.40,-0.38,0.32,76
POS,0.39,-0.36,0.31,67
POS,0.39,-0.37,0.31,70
POS,0.52,-0.40,0.27,90
POS,0.46,-0.40,0.26,74
POS,0.55,-0.38,0.25,83
POS,0.51,-0.39,0.27,76
POS,0.47,-0.36,0.29,69
POS,0.43,-0.36,0.30,73
POS,0.52,-0.38,0.29,86
POS,0.42,-0.36,0.28,73
POS,0.38,-0.35,0.32,78
POS,0.33,-0.34,0.32,77
POS,0.35,-0.35,0.30,70
POS,0.32,-0.32,0.34,76
POS,0.32,-0.33,0.31,70
POS,0.29,-0.34,0.31,78
POS,0.33,-0.34,0.31,69
POS,0.32,-0.34,0.31,70
POS,0.22,-0.34,0.30,87
POS,0.23,-0.34,0.30,70
POS,0.25,-0.33,0.31,68
POS,0.26,-0.33,0.31,71
POS,0.25,-0.33,0.31,74
POS,0.33,-0.34,0.30,73
POS,0.35,-0.32,0.30,65
POS,0.33,-0.31,0.34,76
POS,0.30,-0.31,0.34,76
POS,0.28,-0.30,0.34,72
POS,0.29,-0.32,0.35,76
POS,0.31,-0.33,0.32,69
POS,0.31,-0.34,0.31,72
POS,0.29,-0.35,0.31,75
POS,0.28,-0.34,0.32,73
POS,0.30,-0.35,0.30,69
POS,0.29,-0.35,0.31,75
POS,0.28,-0.35,0.29,71
POS,0.28,-0.33,0.30,70
POS,0.26,-0.32,0.30,74
POS,0.27,-0.32,0.31,71
POS,0.30,-0.33,0.31,70
POS,0.30,-0.34,0.33,76
POS,0.31,-0.34,0.33,73
POS,0.40,-0.38,0.31,84
POS,0.39,-0.35,0.32,67
POS,0.37,-0.37,0.30,74
POS,0.35,-0.34,0.34,76
POS,0.34,-0.35,0.35,77
POS,0.32,-0.35,0.34,75
POS,0.32,-0.35,0.35,76
POS,0.30,-0.35,0.35,75
POS,0.31,-0.36,0.35,76
POS,0.30,-0.37,0.35,75
POS,0.32,-0.36,0.35,74
POS,0.38,-0.37,0.32,75
POS,0.51,-0.38,0.29,98
POS,0.48,-0.39,0.30,74
POS,0.45,-0.36,0.33,75
POS,0.55,-0.38,0.31,88
POS,0.52,-0.38,0.32,74
POS,0.48,-0.38,0.33,75
POS,0.47,-0.37,0.34,76
POS,0.44,-0.39,0.34,75
POS,0.39,-0.36,0.35,75
POS,0.38,-0.36,0.35,75
POS,0.47,-0.38,0.32,84
POS,0.53,-0.38,0.34,85
POS,0.51,-0.36,0.37,77
POS,0.49,-0.37,0.37,77
POS,0.35,-0.39,0.33,88
POS,0.31,-0.38,0.33,78
POS,0.29,-0.36,0.33,71
POS,0.40,-0.39,0.32,87
POS,0.40,-0.39,0.31,73
POS,0.39,-0.39,0.31,70
POS,0.36,-0.39,0.30,73
POS,0.35,-0.39,0.29,72
POS,0.32,-0.37,0.31,77
POS,0.31,-0.38,0.32,76
POS,0.29,-0.37,0.32,74
POS,0.33,-0.35,0.33,71
POS,0.31,-0.35,0.33,75
POS,0.31,-0.35,0.33,72
POS,0.41,-0.39,0.30,85
POS,0.37,-0.34,0.34,75
POS,0.34,-0.35,0.34,77
POS,0.35,-0.36,0.33,70
POS,0.33,-0.34,0.35,76
POS,0.32,-0.36,0.33,75
POS,0.32,-0.37,0.33,75
POS,0.38,-0.38,0.33,78
POS,0.52,-0.38,0.36,92
POS,0.48,-0.36,0.35,64
POS,0.42,-0.35,0.32,70
POS,0.39,-0.35,0.30,67
POS,0.37,-0.37,0.29,75
POS,0.34,-0.36,0.30,72
POS,0.33,-0.36,0.30,73
POS,0.32,-0.38,0.28,72
POS,0.32,-0.36,0.31,74
POS,0.32,-0.35,0.30,68
POS,0.31,-0.34,0.31,69
POS,0.30,-0.34,0.30,71
POS,0.30,-0.35,0.30,75
POS,0.31,-0.33,0.32,68
POS,0.44,-0.33,0.28,81
POS,0.55,-0.35,0.27,87
POS,0.46,-0.34,0.26,69
POS,0.42,-0.33,0.27,68
POS,0.42,-0.35,0.25,69
POS,0.44,-0.36,0.27,75
POS,0.47,-0.36,0.27,73
POS,0.44,-0.36,0.27,67
POS,0.39,-0.35,0.30,77
POS,0.39,-0.34,0.29,61
POS,0.36,-0.35,0.29,74
POS,0.34,-0.34,0.30,72
POS,0.43,-0.37,0.29,83
POS,0.54,-0.38,0.28,88
POS,0.48,-0.37,0.28,68
POS,0.44,-0.36,0.30,72
POS,0.42,-0.38,0.28,74
POS,0.42,-0.38,0.29,71
POS,0.38,-0.37,0.26,65
POS,0.36,-0.39,0.26,76
POS,0.42,-0.39,0.25,73
POS,0.38,-0.38,0.24,67
POS,0.38,-0.38,0.26,71
POS,0.36,-0.39,0.26,74
POS,0.33,-0.41,0.17,98
POS,0.33,-0.39,0.21,69
POS,0.38,-0.37,0.24,73
POS,0.35,-0.36,0.26,75
POS,0.32,-0.37,0.27,76
POS,0.31,-0.36,0.27,71
POS,0.31,-0.35,0.29,71
POS,0.31,-0.39,0.17,95
POS,0.29,-0.37,0.22,76
POS,0.28,-0.38,0.23,73
POS,0.36,-0.38,0.25,78
POS,0.41,-0.40,0.24,78
POS,0.40,-0.36,0.29,72
POS,0.40,-0.37,0.28,73
POS,0.53,-0.37,0.29,89
POS,0.47,-0.35,0.30,71
POS,0.41,-0.33,0.32,75
POS,0.38,-0.34,0.31,71
POS,0.33,-0.30,0.34,77
POS,0.31,-0.31,0.35,78
POS,0.28,-0.31,0.36,78
POS,0.32,-0.33,0.34,69
POS,0.38,-0.36,0.31,76
POS,0.38,-0.34,0.33,72
POS,0.42,-0.36,0.32,78
POS,0.36,-0.39,0.29,81
POS,0.37,-0.38,0.32,73
POS,0.44,-0.40,0.33,84
POS,0.55,-0.39,0.32,89
POS,0.49,-0.40,0.33,78
POS,0.48,-0.40,0.33,75
POS,0.49,-0.39,0.35,78
POS,0.37,-0.39,0.33,84
POS,0.42,-0.40,0.32,78
POS,0.44,-0.40,0.33,77
POS,0.43,-0.38,0.34,86
POS,0.40,-0.39,0.31,70
POS,0.37,-0.35,0.34,74
POS,0.33,-0.36,0.33,78
POS,0.35,-0.35,0.33,71
POS,0.32,-0.35,0.35,78
POS,0.32,-0.35,0.36,76
POS,0.33,-0.39,0.28,94
POS,0.43,-0.44,0.30,89
POS,0.40,-0.44,0.29,76
POS,0.28,-0.43,0.29,89
POS,0.25,-0.40,0.33,80
POS,0.26,-0.40,0.31,75
POS,0.25,-0.39,0.32,78
POS,0.28,-0.37,0.34,73
POS,0.30,-0.37,0.36,78
POS,0.30,-0.37,0.36,77
POS,0.32,-0.37,0.37,75
POS,0.29,-0.37,0.36,79
POS,0.32,-0.39,0.33,72
POS,0.46,-0.41,0.40,93
POS,0.41,-0.38,0.38,72
POS,0.40,-0.38,0.37,74
POS,0.38,-0.37,0.38,76
POS,0.37,-0.36,0.39,76
POS,0.44,-0.40,0.37,85
POS,0.39,-0.39,0.34,73
POS,0.37,-0.38,0.35,76
POS,0.35,-0.38,0.35,76
POS,0.31,-0.37,0.35,78
POS,0.31,-0.38,0.34,76
POS,0.32,-0.38,0.34,74
POS,0.37,-0.38,0.33,75
POS,0.35,-0.39,0.33,77
POS,0.34,-0.38,0.33,75
POS,0.33,-0.38,0.34,77
POS,0.34,-0.39,0.32,70
POS,0.34,-0.38,0.32,72
POS,0.33,-0.38,0.32,73
POS,0.32,-0.36,0.32,73
POS,0.37,-0.37,0.32,75
POS,0.36,-0.37,0.31,71
POS,0.34,-0.36,0.33,74
POS,0.32,-0.35,0.33,75
POS,0.34,-0.36,0.32,69
POS,0.35,-0.34,0.31,66
POS,0.32,-0.34,0.34,79
POS,0.29,-0.36,0.31,77
POS,0.30,-0.37,0.31,73
POS,0.40,-0.36,0.31,83
POS,0.35,-0.35,0.33,77
POS,0.33,-0.37,0.32,77
POS,0.34,-0.37,0.31,70
POS,0.44,-0.42,0.28,88
POS,0.49,-0.41,0.32,84
POS,0.47,-0.40,0.31,70
POS,0.43,-0.40,0.30,82
POS,0.55,-0.37,0.31,89
POS,0.48,-0.38,0.31,75
POS,0.44,-0.36,0.31,68
POS,0.40,-0.36,0.29,66
POS,0.39,-0.35,0.31,72
POS,0.35,-0.34,0.33,76
POS,0.36,-0.36,0.31,72
POS,0.32,-0.34,0.34,80
POS,0.31,-0.35,0.34,74
POS,0.39,-0.39,0.33,84
POS,0.44,-0.37,0.33,75
POS,0.42,-0.37,0.34,73
POS,0.46,-0.39,0.33,80
POS,0.41,-0.37,0.31,68
POS,0.38,-0.36,0.30,68
POS,0.38,-0.37,0.31,74
POS,0.33,-0.35,0.32,77
POS,0.35,-0.36,0.31,70
POS,0.30,-0.33,0.34,81
POS,0.36,-0.35,0.31,74
POS,0.37,-0.34,0.31,68
POS,0.39,-0.33,0.33,71
POS,0.35,-0.32,0.35,78
POS,0.32,-0.34,0.34,77
POS,0.32,-0.35,0.35,75
POS,0.30,-0.39,0.31,79
POS,0.33,-0.40,0.31,76
POS,0.33,-0.38,0.31,71
POS,0.30,-0.36,0.32,77
POS,0.30,-0.36,0.32,71
POS,0.33,-0.36,0.30,67
POS,0.32,-0.36,0.32,75
POS,0.34,-0.35,0.31,69
POS,0.33,-0.36,0.32,76
POS,0.32,-0.33,0.33,67
POS,0.31,-0.34,0.33,75
POS,0.30,-0.34,0.35,77
POS,0.31,-0.35,0.34,75
POS,0.31,-0.35,0.35,74
POS,0.30,-0.34,0.36,75
POS,0.33,-0.35,0.33,68
POS,0.48,-0.38,0.32,91
POS,0.46,-0.39,0.32,74
POS,0.45,-0.39,0.33,76
POS,0.42,-0.37,0.35,76
POS,0.37,-0.35,0.34,73
POS,0.41,-0.37,0.32,76
POS,0.41,-0.35,0.37,78
POS,0.38,-0.36,0.33,69
POS,0.41,-0.36,0.33,75
POS,0.39,-0.34,0.33,69
POS,0.37,-0.35,0.33,74
POS,0.41,-0.37,0.32,77
POS,0.43,-0.37,0.33,76
POS,0.47,-0.38,0.32,77
POS,0.54,-0.38,0.32,85
POS,0.50,-0.35,0.34,71
POS,0.46,-0.35,0.33,72
POS,0.43,-0.35,0.34,71
POS,0.41,-0.36,0.32,72
POS,0.40,-0.35,0.33,73
POS,0.39,-0.35,0.32,68
POS,0.37,-0.35,0.32,70
POS,0.52,-0.38,0.31,91
POS,0.46,-0.39,0.32,78
POS,0.42,-0.38,0.32,71
POS,0.46,-0.36,0.32,75
POS,0.46,-0.37,0.32,73
POS,0.45,-0.37,0.32,72
POS,0.39,-0.35,0.32,72
POS,0.37,-0.34,0.33,72
POS,0.45,-0.37,0.31,85
POS,0.41,-0.35,0.34,75
POS,0.37,-0.35,0.34,76
POS,0.43,-0.36,0.32,79
POS,0.39,-0.35,0.34,76
POS,0.38,-0.35,0.33,71
POS,0.37,-0.37,0.31,73
POS,0.33,-0.37,0.32,78
POS,0.34,-0.36,0.31,65
POS,0.34,-0.35,0.33,74
POS,0.36,-0.36,0.32,71
POS,0.36,-0.34,0.33,68
POS,0.36,-0.34,0.32,69
POS,0.32,-0.35,0.32,78
POS,0.32,-0.37,0.31,75
POS,0.30,-0.35,0.33,76
POS,0.28,-0.36,0.34,78
POS,0.27,-0.35,0.34,76
POS,0.28,-0.34,0.35,75
POS,0.27,-0.34,0.34,76
POS,0.29,-0.34,0.37,77
POS,0.31,-0.34,0.36,71
POS,0.31,-0.35,0.35,74
POS,0.33,-0.35,0.33,69
POS,0.29,-0.33,0.35,79
POS,0.30,-0.33,0.34,68
POS,0.37,-0.34,0.32,76
POS,0.37,-0.36,0.30,71
POS,0.51,-0.40,0.28,91
POS,0.49,-0.39,0.30,73
POS,0.48,-0.38,0.33,77
POS,0.43,-0.36,0.34,71
POS,0.37,-0.35,0.33,76
POS,0.33,-0.34,0.35,79
POS,0.31,-0.34,0.35,76
POS,0.32,-0.34,0.34,71
POS,0.31,-0.36,0.32,72
POS,0.31,-0.36,0.32,74
POS,0.31,-0.35,0.34,74
POS,0.29,-0.37,0.32,77
POS,0.36,-0.36,0.31,75
POS,0.37,-0.38,0.31,76
POS,0.36,-0.38,0.29,69
POS,0.41,-0.38,0.30,77
POS,0.39,-0.38,0.30,69
POS,0.43,-0.37,0.31,76
POS,0.38,-0.38,0.28,75
POS,0.45,-0.42,0.26,83
POS,0.47,-0.42,0.25,75
POS,0.41,-0.40,0.28,75
POS,0.34,-0.42,0.28,85
POS,0.34,-0.40,0.29,71
POS,0.33,-0.39,0.30,72
POS,0.30,-0.36,0.32,76
POS,0.28,-0.35,0.33,75
POS,0.32,-0.35,0.32,69
POS,0.32,-0.35,0.32,72
POS,0.33,-0.36,0.32,73
POS,0.35,-0.35,0.33,73
POS,0.36,-0.35,0.36,77
POS,0.37,-0.35,0.35,71
POS,0.35,-0.35,0.35,74
POS,0.34,-0.34,0.34,70
POS,0.31,-0.35,0.34,78
POS,0.29,-0.35,0.35,78
POS,0.27,-0.35,0.34,75
POS,0.28,-0.35,0.34,74
POS,0.26,-0.34,0.36,78
POS,0.26,-0.37,0.33,78
POS,0.24,-0.35,0.34,75
POS,0.29,-0.36,0.32,71
POS,0.30,-0.35,0.33,73
POS,0.32,-0.35,0.34,72
POS,0.30,-0.36,0.31,74
POS,0.27,-0.33,0.34,76
POS,0.30,-0.33,0.33,68
POS,0.31,-0.34,0.31,68
POS,0.26,-0.31,0.33,79
POS,0.36,-0.34,0.31,80
POS,0.32,-0.33,0.33,76
POS,0.33,-0.32,0.33,71
POS,0.33,-0.33,0.34,75
POS,0.33,-0.34,0.34,72
POS,0.35,-0.35,0.32,71
POS,0.36,-0.34,0.35,76
POS,0.34,-0.33,0.36,76
POS,0.40,-0.33,0.34,75
POS,0.41,-0.38,0.22,93
POS,0.52,-0.35,0.28,91
POS,0.45,-0.37,0.28,78
POS,0.42,-0.36,0.30,72
POS,0.40,-0.35,0.31,70
POS,0.38,-0.36,0.30,71
POS,0.39,-0.36,0.30,71
POS,0.36,-0.35,0.32,75
POS,0.35,-0.34,0.34,74
POS,0.34,-0.35,0.33,74
POS,0.32,-0.36,0.32,75
POS,0.34,-0.35,0.34,73
POS,0.31,-0.36,0.34,77
POS,0.29,-0.36,0.34,78
POS,0.30,-0.36,0.34,74
POS,0.31,-0.37,0.33,72
POS,0.32,-0.38,0.32,75
POS,0.31,-0.37,0.33,73
POS,0.31,-0.38,0.30,72
POS,0.30,-0.35,0.34,75
POS,0.43,-0.38,0.31,88
POS,0.52,-0.40,0.29,86
POS,0.48,-0.40,0.31,76
POS,0.48,-0.39,0.31,75
POS,0.45,-0.38,0.31,71
POS,0.40,-0.39,0.29,72
POS,0.37,-0.37,0.28,68
POS,0.36,-0.38,0.27,72
POS,0.34,-0.38,0.28,72
POS,0.35,-0.37,0.28,68
POS,0.35,-0.35,0.30,70
POS,0.33,-0.34,0.32,75
POS,0.33,-0.36,0.29,69
POS,0.31,-0.36,0.30,76
POS,0.28,-0.35,0.32,80
POS,0.28,-0.33,0.35,76
POS,0.31,-0.33,0.34,68
POS,0.29,-0.33,0.34,76
POS,0.28,-0.35,0.33,75
POS,0.30,-0.36,0.32,73
POS,0.31,-0.38,0.31,75
POS,0.30,-0.35,0.34,76
POS,0.32,-0.35,0.35,74
POS,0.35,-0.35,0.35,72
POS,0.32,-0.35,0.34,75
POS,0.32,-0.36,0.35,77
POS,0.23,-0.34,0.33,85
POS,0.26,-0.36,0.33,75
POS,0.27,-0.36,0.33,73
POS,0.28,-0.36,0.33,74
POS,0.31,-0.35,0.35,74
POS,0.33,-0.35,0.33,69
POS,0.36,-0.37,0.31,72
POS,0.37,-0.37,0.30,68
POS,0.36,-0.35,0.31,70
POS,0.33,-0.36,0.30,75
POS,0.33,-0.38,0.28,73
POS,0.33,-0.40,0.29,77
POS,0.33,-0.39,0.29,71
POS,0.32,-0.37,0.32,77
POS,0.32,-0.38,0.31,73
POS,0.39,-0.39,0.30,78
POS,0.37,-0.36,0.33,73
POS,0.37,-0.36,0.32,70
POS,0.36,-0.38,0.30,75
POS,0.34,-0.39,0.31,77
POS,0.34,-0.39,0.32,77
POS,0.33,-0.37,0.33,73
POS,0.32,-0.35,0.35,74
POS,0.31,-0.35,0.35,75
POS,0.32,-0.34,0.34,68
POS,0.28,-0.34,0.35,80
POS,0.29,-0.34,0.35,74
POS,0.31,-0.36,0.31,68
POS,0.32,-0.36,0.30,68
POS,0.34,-0.37,0.29,74
POS,0.49,-0.42,0.29,92
POS,0.44,-0.40,0.29,72
POS,0.39,-0.35,0.33,74
POS,0.39,-0.36,0.32,73
POS,0.37,-0.36,0.34,74
POS,0.33,-0.33,0.35,77
POS,0.45,-0.39,0.31,89
POS,0.43,-0.35,0.35,75
POS,0.47,-0.37,0.32,75
POS,0.44,-0.37,0.32,73
POS,0.45,-0.37,0.33,77
POS,0.39,-0.37,0.33,79
POS,0.37,-0.38,0.33,75
POS,0.36,-0.37,0.34,73
POS,0.29,-0.36,0.36,86
POS,0.29,-0.36,0.36,75
POS,0.27,-0.36,0.36,78
POS,0.39,-0.37,0.34,84
POS,0.36,-0.37,0.33,74
POS,0.41,-0.36,0.33,73
POS,0.32,-0.35,0.34,86
POS,0.34,-0.37,0.34,76
POS,0.37,-0.36,0.34,73
POS,0.36,-0.36,0.34,75
POS,0.26,-0.35,0.31,82
POS,0.30,-0.35,0.31,71
POS,0.40,-0.39,0.29,84
POS,0.39,-0.37,0.32,73
POS,0.44,-0.37,0.35,82
POS,0.41,-0.37,0.34,75
POS,0.41,-0.38,0.33,73
POS,0.55,-0.39,0.32,91
POS,0.49,-0.38,0.32,71
POS,0.46,-0.38,0.33,75
POS,0.43,-0.37,0.33,71
POS,0.38,-0.36,0.33,74
POS,0.42,-0.38,0.32,77
POS,0.41,-0.38,0.33,76
POS,0.51,-0.39,0.29,85
POS,0.45,-0.38,0.29,74
POS,0.43,-0.38,0.31,73
POS,0.40,-0.36,0.31,71
POS,0.52,-0.39,0.30,89
POS,0.47,-0.38,0.30,73
POS,0.60,-0.40,0.29,91
POS,0.52,-0.40,0.29,75
POS,0.54,-0.40,0.31,82
POS,0.49,-0.40,0.30,72
POS,0.45,-0.37,0.32,71
POS,0.50,-0.39,0.32,85
POS,0.45,-0.39,0.31,73
POS,0.43,-0.38,0.32,72
POS,0.39,-0.37,0.31,70
POS,0.38,-0.36,0.33,74
POS,0.36,-0.35,0.35,76
POS,0.51,-0.40,0.31,91
POS,0.46,-0.38,0.33,74
POS,0.50,-0.39,0.34,82
POS,0.36,-0.42,0.31,89
POS,0.34,-0.39,0.33,76
POS,0.34,-0.37,0.34,71
POS,0.35,-0.37,0.33,70
POS,0.41,-0.39,0.30,79
POS,0.38,-0.38,0.32,75
POS,0.35,-0.38,0.31,76
POS,0.28,-0.32,0.28,89
POS,0.28,-0.34,0.29,77
POS,0.29,-0.34,0.31,73
POS,0.29,-0.35,0.29,71
POS,0.29,-0.35,0.29,70
POS,0.29,-0.35,0.29,72
POS,0.27,-0.34,0.30,74
POS,0.31,-0.34,0.28,61
POS,0.33,-0.35,0.29,71
POS,0.33,-0.36,0.27,68
POS,0.31,-0.35,0.29,75
POS,0.33,-0.34,0.29,67
POS,0.33,-0.33,0.30,70
POS,0.32,-0.33,0.31,70
POS,0.33,-0.34,0.30,72
POS,0.37,-0.36,0.31,76
POS,0.36,-0.35,0.32,73
POS,0.35,-0.35,0.31,70
POS,0.35,-0.37,0.29,71
POS,0.33,-0.36,0.31,73
POS,0.38,-0.36,0.32,78
POS,0.34,-0.36,0.34,78
POS,0.34,-0.38,0.35,79
POS,0.33,-0.37,0.33,71
POS,0.32,-0.37,0.33,73
POS,0.30,-0.36,0.34,76
POS,0.38,-0.39,0.33,83
POS,0.36,-0.37,0.33,71
POS,0.34,-0.37,0.33,76
POS,0.31,-0.36,0.35,77
POS,0.38,-0.37,0.33,77
POS,0.36,-0.36,0.33,72
POS,0.31,-0.37,0.32,80
POS,0.28,-0.34,0.33,77
POS,0.27,-0.35,0.33,74
POS,0.28,-0.36,0.32,74
POS,0.28,-0.35,0.34,76
POS,0.31,-0.36,0.31,70
POS,0.33,-0.35,0.34,74
POS,0.33,-0.36,0.32,70
POS,0.32,-0.36,0.32,75
POS,0.30,-0.38,0.32,78
POS,0.36,-0.39,0.28,74
POS,0.35,-0.37,0.30,71
POS,0.41,-0.38,0.25,74
POS,0.38,-0.37,0.24,63
POS,0.34,-0.36,0.26,75
POS,0.40,-0.37,0.25,75
POS,0.44,-0.39,0.25,77
POS,0.40,-0.39,0.26,71
POS,0.38,-0.39,0.26,73
POS,0.38,-0.36,0.30,72
POS,0.34,-0.33,0.33,76
POS,0.32,-0.33,0.33,76
POS,0.39,-0.38,0.29,81
POS,0.39,-0.36,0.30,68
POS,0.46,-0.39,0.29,84
POS,0.43,-0.39,0.30,72
POS,0.43,-0.37,0.32,76
POS,0.46,-0.36,0.34,77
POS,0.44,-0.38,0.33,75
POS,0.40,-0.36,0.32,67
POS,0.46,-0.36,0.34,83
POS,0.42,-0.37,0.33,72
POS,0.53,-0.37,0.30,86
POS,0.49,-0.36,0.32,75
POS,0.43,-0.36,0.31,72
POS,0.47,-0.39,0.28,81
POS,0.43,-0.38,0.27,65
POS,0.45,-0.37,0.27,71
POS,0.42,-0.37,0.26,67
POS,0.41,-0.37,0.28,74
POS,0.42,-0.37,0.30,74
POS,0.39,-0.36,0.31,71
POS,0.35,-0.31,0.34,77
POS,0.32,-0.35,0.33,81
POS,0.33,-0.35,0.31,66
POS,0.34,-0.36,0.28,66
POS,0.40,-0.36,0.30,77
POS,0.43,-0.35,0.30,72
POS,0.40,-0.36,0.31,74
POS,0.53,-0.35,0.33,90
POS,0.46,-0.35,0.33,75
POS,0.48,-0.36,0.29,71
POS,0.42,-0.38,0.29,78
POS,0.37,-0.35,0.31,75
POS,0.37,-0.36,0.31,72
POS,0.37,-0.36,0.30,67
POS,0.37,-0.35,0.32,73
POS,0.35,-0.36,0.32,77
POS,0.35,-0.37,0.28,65
POS,0.34,-0.37,0.30,75
POS,0.40,-0.39,0.28,77
POS,0.36,-0.38,0.30,77
POS,0.33,-0.37,0.31,76
POS,0.31,-0.37,0.33,77
POS,0.31,-0.36,0.34,76
POS,0.34,-0.38,0.35,79
POS,0.46,-0.39,0.29,83
POS,0.44,-0.40,0.28,73
POS,0.40,-0.37,0.31,73
POS,0.41,-0.37,0.32,75
POS,0.51,-0.38,0.32,87
POS,0.46,-0.36,0.32,70
POS,0.40,-0.36,0.30,71
POS,0.40,-0.36,0.30,72
POS,0.37,-0.36,0.31,74
POS,0.34,-0.37,0.30,74
POS,0.41,-0.38,0.33,84
POS,0.39,-0.38,0.31,69
POS,0.34,-0.37,0.33,78
POS,0.36,-0.39,0.31,74
POS,0.32,-0.38,0.31,76
POS,0.31,-0.36,0.32,73
POS,0.31,-0.37,0.30,70
POS,0.29,-0.40,0.28,79
POS,0.27,-0.39,0.28,74
POS,0.35,-0.39,0.28,77
POS,0.36,-0.37,0.29,69
POS,0.33,-0.36,0.31,75
POS,0.32,-0.37,0.30,74
POS,0.32,-0.38,0.30,75
POS,0.34,-0.37,0.31,71
POS,0.32,-0.37,0.30,73
POS,0.38,-0.39,0.29,79
POS,0.42,-0.39,0.30,76
POS,0.36,-0.37,0.28,70
POS,0.34,-0.38,0.28,74
POS,0.33,-0.37,0.30,73
POS,0.39,-0.39,0.29,78
POS,0.38,-0.38,0.28,68
POS,0.37,-0.37,0.29,73
POS,0.37,-0.36,0.31,72
POS,0.35,-0.35,0.32,73
POS,0.34,-0.35,0.33,74
POS,0.33,-0.35,0.32,68
POS,0.32,-0.34,0.32,71
POS,0.32,-0.34,0.31,68
POS,0.31,-0.33,0.32,71
POS,0.30,-0.34,0.30,70
POS,0.45,-0.35,0.28,88
POS,0.40,-0.36,0.27,72
POS,0.36,-0.34,0.30,76
POS,0.33,-0.36,0.29,75
POS,0.37,-0.37,0.31,76
POS,0.33,-0.34,0.35,79
POS,0.40,-0.35,0.33,77
POS,0.36,-0.34,0.34,75
POS,0.33,-0.35,0.34,78
POS,0.38,-0.37,0.34,77
POS,0.36,-0.36,0.33,72
POS,0.36,-0.37,0.31,69
POS,0.39,-0.37,0.33,77
POS,0.32,-0.39,0.32,85
POS,0.34,-0.38,0.33,72
POS,0.43,-0.40,0.30,83
POS,0.40,-0.39,0.31,73
POS,0.36,-0.37,0.30,70
POS,0.34,-0.36,0.31,72
POS,0.40,-0.38,0.29,78
POS,0.37,-0.37,0.30,69
POS,0.32,-0.35,0.33,80
POS,0.33,-0.36,0.32,74
POS,0.32,-0.35,0.34,76
POS,0.31,-0.37,0.33,76
POS,0.31,-0.34,0.35,72
POS,0.37,-0.36,0.32,75
POS,0.46,-0.36,0.30,79
POS,0.43,-0.36,0.29,69
POS,0.48,-0.38,0.32,84
POS,0.45,-0.37,0.32,71
POS,0.46,-0.37,0.34,77
POS,0.40,-0.35,0.34,75
POS,0.45,-0.35,0.33,77
POS,0.41,-0.35,0.34,74
POS,0.33,-0.38,0.33,85
POS,0.34,-0.38,0.32,73
POS,0.30,-0.37,0.34,79
POS,0.28,-0.37,0.33,77
POS,0.27,-0.37,0.32,76
POS,0.43,-0.39,0.29,89
POS,0.42,-0.40,0.28,71
POS,0.41,-0.40,0.27,73
POS,0.44,-0.41,0.28,78
POS,0.48,-0.39,0.29,77
POS,0.59,-0.39,0.29,89
POS,0.50,-0.36,0.31,76
POS,0.43,-0.33,0.33,72
POS,0.38,-0.34,0.31,71
POS,0.35,-0.34,0.32,77
POS,0.35,-0.34,0.32,67
POS,0.34,-0.34,0.31,70
POS,0.34,-0.34,0.33,75
POS,0.30,-0.33,0.34,76
POS,0.29,-0.33,0.34,73
POS,0.27,-0.33,0.36,79
POS,0.30,-0.34,0.36,74
POS,0.30,-0.34,0.34,73
POS,0.43,-0.41,0.31,90
POS,0.38,-0.40,0.32,79
POS,0.43,-0.39,0.33,79
POS,0.47,-0.40,0.32,78
POS,0.41,-0.37,0.32,71
POS,0.38,-0.35,0.34,74
POS,0.36,-0.36,0.34,74
POS,0.45,-0.41,0.31,88
POS,0.45,-0.39,0.34,78
POS,0.45,-0.37,0.37,76
POS,0.34,-0.37,0.34,83
POS,0.32,-0.35,0.33,70
POS,0.41,-0.38,0.29,83
POS,0.35,-0.39,0.30,80
POS,0.36,-0.39,0.29,71
POS,0.37,-0.38,0.31,74
POS,0.37,-0.36,0.34,75
POS,0.34,-0.35,0.33,73
POS,0.32,-0.36,0.33,75
POS,0.32,-0.36,0.32,70
POS,0.32,-0.36,0.32,74
POS,0.31,-0.33,0.36,76
POS,0.30,-0.34,0.33,72
POS,0.31,-0.35,0.33,73
POS,0.41,-0.40,0.32,87
POS,0.37,-0.38,0.30,73
POS,0.33,-0.38,0.31,78
POS,0.31,-0.38,0.33,77
POS,0.28,-0.37,0.32,76
POS,0.27,-0.37,0.33,79
POS,0.27,-0.36,0.34,73
POS,0.31,-0.36,0.33,72
POS,0.31,-0.37,0.34,77
POS,0.29,-0.37,0.32,72
POS,0.44,-0.39,0.30,89
POS,0.42,-0.35,0.35,77
POS,0.40,-0.34,0.36,75
POS,0.37,-0.34,0.36,75
POS,0.32,-0.34,0.36,79
POS,0.34,-0.36,0.32,71
POS,0.35,-0.35,0.33,71
POS,0.32,-0.36,0.33,77
POS,0.30,-0.36,0.34,78
POS,0.31,-0.37,0.34,78
POS,0.37,-0.39,0.32,76
POS,0.35,-0.37,0.32,72
POS,0.32,-0.36,0.33,75
POS,0.36,-0.37,0.31,71
POS,0.33,-0.35,0.33,78
POS,0.33,-0.35,0.31,63
POS,0.32,-0.34,0.31,72
POS,0.31,-0.34,0.32,73
POS,0.29,-0.33,0.32,72
POS,0.29,-0.34,0.30,70
POS,0.32,-0.34,0.32,72
POS,0.48,-0.38,0.30,91
POS,0.44,-0.35,0.30,65
POS,0.44,-0.34,0.32,73
POS,0.39,-0.36,0.30,74
POS,0.44,-0.32,0.33,75
POS,0.39,-0.30,0.35,76
POS,0.52,-0.34,0.32,89
POS,0.48,-0.34,0.33,73
POS,0.42,-0.34,0.34,76
POS,0.39,-0.33,0.34,73
POS,0.36,-0.33,0.34,73
POS,0.47,-0.39,0.30,89
POS,0.47,-0.39,0.31,76
POS,0.39,-0.41,0.33,85
POS,0.26,-0.40,0.33,90
POS,0.31,-0.39,0.34,75
POS,0.29,-0.38,0.33,74
POS,0.30,-0.36,0.34,73
POS,0.31,-0.37,0.32,71
POS,0.27,-0.35,0.33,79
POS,0.29,-0.35,0.34,75
POS,0.28,-0.35,0.34,74
POS,0.28,-0.34,0.35,76
POS,0.30,-0.34,0.36,72
POS,0.28,-0.33,0.36,77
POS,0.28,-0.36,0.33,76
POS,0.28,-0.36,0.33,75
POS,0.27,-0.36,0.33,75
POS,0.23,-0.35,0.35,82
POS,0.25,-0.35,0.35,76
POS,0.33,-0.38,0.33,78
POS,0.43,-0.42,0.33,88
POS,0.41,-0.42,0.30,91
POS,0.39,-0.40,0.31,72
POS,0.37,-0.39,0.29,69
POS,0.36,-0.39,0.30,73
POS,0.32,-0.37,0.32,77
POS,0.31,-0.36,0.33,75
POS,0.31,-0.36,0.32,69
POS,0.31,-0.36,0.30,68
POS,0.32,-0.35,0.30,68
POS,0.30,-0.34,0.31,75
POS,0.20,-0.35,0.31,88
POS,0.25,-0.35,0.31,70
POS,0.26,-0.35,0.31,73
POS,0.27,-0.34,0.15,89
POS,0.27,-0.33,0.24,79
POS,0.25,-0.31,0.28,78
POS,0.27,-0.31,0.28,69
POS,0.27,-0.33,0.29,74
POS,0.28,-0.35,0.29,76
POS,0.26,-0.36,0.28,76
POS,0.23,-0.35,0.30,80
POS,0.29,-0.35,0.32,75
POS,0.30,-0.36,0.31,74
POS,0.31,-0.34,0.31,67
POS,0.31,-0.35,0.31,72
POS,0.30,-0.35,0.33,76
POS,0.27,-0.34,0.33,75
POS,0.38,-0.38,0.26,82
POS,0.38,-0.37,0.25,67
POS,0.37,-0.38,0.25,70
POS,0.34,-0.36,0.28,75
POS,0.33,-0.35,0.29,71
POS,0.33,-0.34,0.31,72
POS,0.29,-0.34,0.32,79
POS,0.28,-0.34,0.33,73
POS,0.31,-0.36,0.31,73
POS,0.29,-0.35,0.30,72
POS,0.28,-0.33,0.32,75
POS,0.28,-0.35,0.29,71
POS,0.29,-0.34,0.31,73
POS,0.28,-0.32,0.33,73
POS,0.26,-0.32,0.33,77
POS,0.24,-0.33,0.33,76
POS,0.25,-0.33,0.33,73
POS,0.24,-0.34,0.33,76
POS,0.25,-0.35,0.31,72
POS,0.33,-0.38,0.30,80
POS,0.32,-0.37,0.30,71
POS,0.34,-0.36,0.32,73
POS,0.40,-0.38,0.30,78
POS,0.40,-0.37,0.30,70
POS,0.45,-0.38,0.30,78
POS,0.47,-0.39,0.29,76
POS,0.40,-0.37,0.31,76
POS,0.38,-0.36,0.32,73
POS,0.34,-0.34,0.33,76
POS,0.31,-0.34,0.33,76
POS,0.32,-0.34,0.30,63
POS,0.28,-0.30,0.34,79
POS,0.36,-0.32,0.30,70
POS,0.32,-0.31,0.32,77
POS,0.33,-0.31,0.29,60
POS,0.31,-0.31,0.31,75
POS,0.28,-0.32,0.32,78
POS,0.34,-0.34,0.31,76
POS,0.41,-0.37,0.29,81
POS,0.47,-0.41,0.30,85
POS,0.41,-0.41,0.30,77
POS,0.35,-0.38,0.32,77
POS,0.51,-0.41,0.29,91
POS,0.45,-0.39,0.30,70
POS,0.42,-0.36,0.31,69
POS,0.42,-0.37,0.32,77
POS,0.40,-0.37,0.31,70
POS,0.44,-0.37,0.30,75
POS,0.47,-0.39,0.29,79
POS,0.46,-0.39,0.31,75
POS,0.41,-0.38,0.32,73
POS,0.38,-0.36,0.32,71
POS,0.34,-0.36,0.33,77
POS,0.32,-0.36,0.32,71
POS,0.32,-0.36,0.31,70
POS,0.33,-0.36,0.31,70
POS,0.29,-0.34,0.32,78
POS,0.35,-0.37,0.29,75
POS,0.33,-0.37,0.29,75
POS,0.35,-0.37,0.29,70
POS,0.31,-0.37,0.30,78
POS,0.31,-0.37,0.28,69
POS,0.27,-0.35,0.31,80
POS,0.29,-0.36,0.31,73
POS,0.31,-0.37,0.29,70
POS,0.31,-0.37,0.30,74
POS,0.28,-0.38,0.29,76
POS,0.29,-0.36,0.31,71
POS,0.27,-0.33,0.33,75
POS,0.30,-0.34,0.33,72
POS,0.27,-0.33,0.32,75
POS,0.29,-0.34,0.31,71
POS,0.30,-0.31,0.33,70
POS,0.27,-0.31,0.33,76
POS,0.25,-0.31,0.33,76
POS,0.25,-0.32,0.34,75
POS,0.31,-0.35,0.31,75
POS,0.32,-0.35,0.32,73
POS,0.27,-0.33,0.34,81
POS,0.26,-0.35,0.33,78
POS,0.27,-0.34,0.32,65
POS,0.26,-0.35,0.32,78
POS,0.29,-0.33,0.33,68
POS,0.27,-0.32,0.33,75
POS,0.27,-0.32,0.34,74
POS,0.28,-0.34,0.32,69
POS,0.29,-0.34,0.31,70
POS,0.29,-0.32,0.34,75
POS,0.27,-0.33,0.34,78
POS,0.28,-0.33,0.31,66
POS,0.29,-0.32,0.31,66
POS,0.29,-0.32,0.31,68
POS,0.29,-0.32,0.31,70
POS,0.27,-0.32,0.33,76
POS,0.30,-0.33,0.31,69
POS,0.44,-0.34,0.28,84
POS,0.41,-0.32,0.28,62
POS,0.44,-0.35,0.27,75
POS,0.37,-0.34,0.28,76
POS,0.34,-0.36,0.19,98
POS,0.32,-0.36,0.20,71
POS,0.37,-0.38,0.20,73
POS,0.32,-0.34,0.25,77
POS,0.29,-0.31,0.30,78
POS,0.29,-0.32,0.29,69
POS,0.28,-0.33,0.30,73
POS,0.29,-0.32,0.31,73
POS,0.30,-0.34,0.31,73
POS,0.30,-0.34,0.31,70
POS,0.32,-0.35,0.29,67
POS,0.32,-0.36,0.29,72
POS,0.37,-0.37,0.30,78
POS,0.32,-0.35,0.31,78
POS,0.31,-0.34,0.32,73
POS,0.31,-0.35,0.32,74
POS,0.30,-0.35,0.32,73
POS,0.27,-0.34,0.34,77
POS,0.27,-0.34,0.33,75
POS,0.28,-0.35,0.33,72
POS,0.30,-0.35,0.30,68
POS,0.31,-0.37,0.29,70
POS,0.44,-0.39,0.26,86
POS,0.43,-0.39,0.25,66
POS,0.43,-0.37,0.28,72
POS,0.38,-0.37,0.27,71
POS,0.43,-0.38,0.29,78
POS,0.44,-0.38,0.29,73
POS,0.43,-0.39,0.28,72
POS,0.39,-0.38,0.29,73
POS,0.36,-0.37,0.30,75
POS,0.34,-0.35,0.32,73
POS,0.33,-0.36,0.32,73
POS,0.35,-0.35,0.32,70
POS,0.35,-0.36,0.30,68
POS,0.33,-0.34,0.31,69
POS,0.33,-0.35,0.30,71
POS,0.40,-0.36,0.30,79
POS,0.37,-0.36,0.29,68
POS,0.36,-0.35,0.30,71
POS,0.36,-0.36,0.29,69
POS,0.35,-0.35,0.29,69
POS,0.35,-0.36,0.28,68
POS,0.34,-0.36,0.29,72
POS,0.33,-0.35,0.30,72
POS,0.32,-0.35,0.32,75
POS,0.31,-0.34,0.34,76
POS,0.29,-0.34,0.34,75
POS,0.33,-0.34,0.33,71
POS,0.32,-0.35,0.33,76
POS,0.28,-0.33,0.34,78
POS,0.29,-0.33,0.32,66
POS,0.36,-0.36,0.31,79
POS,0.39,-0.34,0.31,67
POS,0.38,-0.33,0.33,73
POS,0.43,-0.37,0.29,77
POS,0.41,-0.35,0.31,71
POS,0.37,-0.36,0.30,72
POS,0.36,-0.37,0.30,74
POS,0.37,-0.37,0.28,69
POS,0.36,-0.36,0.29,69
POS,0.37,-0.37,0.31,76
POS,0.34,-0.35,0.33,77
POS,0.36,-0.36,0.32,71
POS,0.38,-0.36,0.31,69
POS,0.37,-0.36,0.30,68
POS,0.37,-0.35,0.33,77
POS,0.36,-0.36,0.31,69
POS,0.36,-0.35,0.31,68
POS,0.43,-0.39,0.31,85
POS,0.35,-0.41,0.31,85
POS,0.29,-0.42,0.32,86
POS,0.29,-0.40,0.32,70
POS,0.31,-0.38,0.34,73
POS,0.32,-0.38,0.33,73
POS,0.37,-0.38,0.33,76
POS,0.35,-0.37,0.34,74
POS,0.34,-0.38,0.34,76
POS,0.33,-0.37,0.36,77
POS,0.30,-0.36,0.35,76
POS,0.30,-0.36,0.35,74
POS,0.35,-0.38,0.30,72
POS,0.44,-0.41,0.31,87
POS,0.41,-0.39,0.30,68
POS,0.39,-0.38,0.30,68
POS,0.36,-0.35,0.34,77
POS,0.41,-0.35,0.34,76
POS,0.37,-0.36,0.33,75
POS,0.35,-0.36,0.34,76
POS,0.32,-0.35,0.35,78
POS,0.47,-0.37,0.32,89
POS,0.41,-0.37,0.31,74
POS,0.37,-0.35,0.32,74
POS,0.38,-0.36,0.32,73
POS,0.35,-0.38,0.31,77
POS,0.31,-0.36,0.32,77
POS,0.32,-0.36,0.32,72
POS,0.30,-0.35,0.34,77
POS,0.29,-0.35,0.34,76
POS,0.27,-0.34,0.35,78
POS,0.30,-0.35,0.34,72
POS,0.32,-0.35,0.32,68
POS,0.32,-0.35,0.32,71
POS,0.33,-0.35,0.33,72
POS,0.32,-0.34,0.32,69
POS,0.31,-0.34,0.32,72
POS,0.30,-0.36,0.32,78
POS,0.27,-0.33,0.35,79
POS,0.33,-0.35,0.34,76
POS,0.33,-0.35,0.33,70
POS,0.34,-0.35,0.33,72
POS,0.33,-0.35,0.32,72
POS,0.31,-0.35,0.32,73
POS,0.34,-0.35,0.32,70
POS,0.32,-0.35,0.31,74
POS,0.29,-0.34,0.33,77
POS,0.27,-0.34,0.34,79
POS,0.26,-0.33,0.35,75
POS,0.28,-0.34,0.33,71
POS,0.29,-0.34,0.36,77
POS,0.27,-0.34,0.35,77
POS,0.26,-0.37,0.33,79
POS,0.24,-0.32,0.36,79
POS,0.28,-0.34,0.34,73
POS,0.29,-0.35,0.33,74
POS,0.29,-0.35,0.32,70
POS,0.24,-0.37,0.33,86
POS,0.19,-0.35,0.35,86
POS,0.23,-0.36,0.32,68
POS,0.26,-0.36,0.31,71
POS,0.28,-0.38,0.30,76
POS,0.28,-0.38,0.30,70
POS,0.42,-0.37,0.29,85
POS,0.43,-0.34,0.33,75
POS,0.38,-0.36,0.32,78
POS,0.45,-0.40,0.30,85
POS,0.40,-0.36,0.34,77
POS,0.37,-0.35,0.34,71
POS,0.34,-0.35,0.33,74
POS,0.35,-0.36,0.34,76
POS,0.33,-0.36,0.34,74
POS,0.32,-0.35,0.35,75
POS,0.32,-0.36,0.34,73
POS,0.29,-0.35,0.36,80
POS,0.29,-0.36,0.35,75
POS,0.28,-0.35,0.36,77
POS,0.35,-0.37,0.34,77
POS,0.34,-0.37,0.33,71
POS,0.33,-0.37,0.33,72
POS,0.32,-0.34,0.35,77
POS,0.33,-0.36,0.35,75
POS,0.39,-0.37,0.33,77
POS,0.37,-0.37,0.34,76
POS,0.34,-0.35,0.34,74
POS,0.29,-0.33,0.36,80
POS,0.30,-0.33,0.36,73
POS,0.41,-0.39,0.34,88
POS,0.38,-0.37,0.34,69
POS,0.35,-0.36,0.35,76
POS,0.34,-0.35,0.33,68
POS,0.32,-0.36,0.31,71
POS,0.29,-0.33,0.34,77
POS,0.26,-0.34,0.33,80
POS,0.22,-0.32,0.35,81
POS,0.23,-0.32,0.35,74
POS,0.26,-0.33,0.33,68
POS,0.25,-0.34,0.33,76
POS,0.25,-0.34,0.32,72
POS,0.29,-0.35,0.32,73
POS,0.30,-0.35,0.32,72
POS,0.28,-0.35,0.32,75
POS,0.28,-0.36,0.31,74
POS,0.28,-0.37,0.28,71
POS,0.28,-0.34,0.32,75
POS,0.29,-0.34,0.31,65
POS,0.27,-0.33,0.33,77
POS,0.29,-0.33,0.33,70
POS,0.30,-0.32,0.32,66
POS,0.31,-0.33,0.31,70
POS,0.38,-0.34,0.31,76
POS,0.34,-0.34,0.32,77
POS,0.32,-0.34,0.31,70
POS,0.31,-0.34,0.31,73
POS,0.36,-0.36,0.32,77
POS,0.35,-0.37,0.31,74
POS,0.35,-0.37,0.31,72
POS,0.35,-0.36,0.32,73
POS,0.33,-0.35,0.33,74
POS,0.29,-0.34,0.34,78
POS,0.29,-0.35,0.35,76
POS,0.29,-0.36,0.31,72
POS,0.27,-0.34,0.34,77
POS,0.27,-0.34,0.34,76
POS,0.26,-0.33,0.34,74
POS,0.25,-0.33,0.35,76
POS,0.26,-0.33,0.35,74
POS,0.28,-0.35,0.33,71
POS,0.29,-0.35,0.34,77
POS,0.29,-0.35,0.34,74
POS,0.27,-0.36,0.31,72
POS,0.25,-0.34,0.32,78
POS,0.38,-0.39,0.29,88
POS,0.36,-0.39,0.28,72
POS,0.34,-0.38,0.30,75
POS,0.33,-0.37,0.30,70
POS,0.32,-0.38,0.30,76
POS,0.37,-0.38,0.29,74
POS,0.36,-0.36,0.31,68
POS,0.36,-0.34,0.30,62
POS,0.36,-0.32,0.32,69
POS,0.31,-0.31,0.34,78
POS,0.32,-0.33,0.33,72
POS,0.31,-0.33,0.34,76
POS,0.32,-0.34,0.33,71
POS,0.32,-0.35,0.32,71
POS,0.31,-0.33,0.33,70
POS,0.29,-0.33,0.34,78
POS,0.28,-0.33,0.35,74
POS,0.30,-0.34,0.34,72
POS,0.27,-0.34,0.35,79
POS,0.28,-0.35,0.33,72
POS,0.28,-0.35,0.33,73
POS,0.27,-0.35,0.31,70
POS,0.26,-0.34,0.32,77
POS,0.25,-0.33,0.34,77
POS,0.27,-0.34,0.33,73
POS,0.25,-0.34,0.34,77
POS,0.24,-0.33,0.34,75
POS,0.25,-0.34,0.33,74
POS,0.40,-0.36,0.30,86
POS,0.38,-0.36,0.32,75
POS,0.35,-0.35,0.31,73
POS,0.34,-0.34,0.32,71
POS,0.32,-0.35,0.32,74
POS,0.30,-0.35,0.34,78
POS,0.30,-0.35,0.35,77
POS,0.32,-0.36,0.33,71
POS,0.31,-0.35,0.32,69
POS,0.26,-0.31,0.35,80
POS,0.24,-0.30,0.36,78
POS,0.24,-0.30,0.37,77
POS,0.29,-0.32,0.35,71
POS,0.27,-0.33,0.35,78
POS,0.28,-0.34,0.35,75
POS,0.29,-0.35,0.36,77
POS,0.30,-0.35,0.36,74
POS,0.30,-0.35,0.36,74
POS,0.30,-0.37,0.35,77
POS,0.31,-0.38,0.33,74
POS,0.29,-0.36,0.35,75
POS,0.27,-0.35,0.35,78
POS,0.25,-0.34,0.34,77
POS,0.23,-0.33,0.35,78
POS,0.23,-0.33,0.36,78
POS,0.22,-0.35,0.34,78
POS,0.23,-0.35,0.34,76
POS,0.24,-0.34,0.34,73
POS,0.24,-0.36,0.32,73
POS,0.24,-0.34,0.34,77
POS,0.26,-0.35,0.34,73
POS,0.29,-0.35,0.33,71
POS,0.27,-0.36,0.33,77
POS,0.24,-0.34,0.34,81
POS,0.25,-0.35,0.34,75
POS,0.26,-0.36,0.32,72
POS,0.27,-0.36,0.33,73
POS,0.25,-0.33,0.34,78
POS,0.23,-0.33,0.35,78
POS,0.19,-0.32,0.32,95
POS,0.14,-0.34,0.28,82
POS,0.16,-0.33,0.31,76
POS,0.19,-0.33,0.31,71
POS,0.22,-0.32,0.31,69
POS,0.25,-0.34,0.30,68
POS,0.22,-0.30,0.33,81
POS,0.22,-0.32,0.34,78
POS,0.21,-0.31,0.35,78
POS,0.26,-0.33,0.34,71
POS,0.32,-0.36,0.30,75
POS,0.31,-0.34,0.33,77
POS,0.33,-0.34,0.31,64
POS,0.31,-0.35,0.32,77
POS,0.30,-0.37,0.31,75
POS,0.28,-0.36,0.33,79
POS,0.29,-0.36,0.31,67
POS,0.27,-0.33,0.33,78
POS,0.27,-0.35,0.32,76
POS,0.26,-0.36,0.33,76
POS,0.28,-0.36,0.33,74
POS,0.37,-0.39,0.32,84
POS,0.36,-0.37,0.33,70
POS,0.35,-0.36,0.33,71
POS,0.32,-0.36,0.35,79
POS,0.39,-0.39,0.33,83
POS,0.36,-0.38,0.34,77
POS,0.35,-0.37,0.33,70
POS,0.32,-0.36,0.34,77
POS,0.32,-0.37,0.33,73
POS,0.32,-0.36,0.32,70
POS,0.32,-0.37,0.32,73
POS,0.28,-0.34,0.33,77
POS,0.27,-0.33,0.35,76
POS,0.26,-0.33,0.35,76
POS,0.28,-0.34,0.35,75
POS,0.29,-0.34,0.34,69
POS,0.29,-0.35,0.33,74
POS,0.31,-0.37,0.31,72
POS,0.29,-0.37,0.33,78
POS,0.30,-0.35,0.34,74
POS,0.27,-0.34,0.34,76
POS,0.25,-0.33,0.35,79
POS,0.28,-0.34,0.34,71
POS,0.27,-0.34,0.32,72
POS,0.25,-0.33,0.34,78
POS,0.25,-0.32,0.35,77
POS,0.27,-0.33,0.35,72
POS,0.35,-0.35,0.33,77
POS,0.34,-0.35,0.31,69
POS,0.32,-0.34,0.33,75
POS,0.25,-0.36,0.30,82
POS,0.18,-0.35,0.29,83
POS,0.22,-0.34,0.30,71
POS,0.22,-0.34,0.31,76
POS,0.23,-0.34,0.32,75
POS,0.25,-0.34,0.32,72
POS,0.25,-0.37,0.21,98
POS,0.27,-0.37,0.23,70
POS,0.26,-0.36,0.27,79
POS,0.27,-0.35,0.29,72
POS,0.26,-0.35,0.28,73
POS,0.25,-0.32,0.32,77
POS,0.27,-0.34,0.32,73
POS,0.28,-0.34,0.32,72
POS,0.28,-0.33,0.33,74
POS,0.29,-0.34,0.33,72
POS,0.27,-0.32,0.35,76
POS,0.27,-0.33,0.34,74
POS,0.28,-0.34,0.33,73
POS,0.28,-0.35,0.34,75
POS,0.25,-0.35,0.34,79
POS,0.28,-0.35,0.34,71
POS,0.27,-0.35,0.34,77
POS,0.28,-0.36,0.34,73
POS,0.27,-0.37,0.33,78
POS,0.29,-0.36,0.33,69
POS,0.30,-0.36,0.34,74
POS,0.29,-0.35,0.33,71
POS,0.30,-0.35,0.33,72
POS,0.29,-0.35,0.32,74
POS,0.28,-0.36,0.31,71
POS,0.29,-0.36,0.29,69
POS,0.31,-0.35,0.31,72
POS,0.34,-0.35,0.30,67
POS,0.31,-0.34,0.33,79
POS,0.30,-0.33,0.35,76
POS,0.29,-0.33,0.36,77
POS,0.29,-0.33,0.36,72
POS,0.29,-0.32,0.36,74
POS,0.38,-0.37,0.34,84
POS,0.38,-0.36,0.34,72
POS,0.43,-0.37,0.32,76
POS,0.40,-0.36,0.31,70
POS,0.38,-0.37,0.32,74
POS,0.38,-0.36,0.32,71
POS,0.36,-0.34,0.34,74
POS,0.35,-0.36,0.33,75
POS,0.34,-0.36,0.33,73
POS,0.33,-0.36,0.34,74
POS,0.33,-0.35,0.32,67
POS,0.30,-0.35,0.33,78
POS,0.29,-0.36,0.32,74
POS,0.30,-0.34,0.32,68
POS,0.30,-0.34,0.33,71
POS,0.27,-0.34,0.32,76
POS,0.28,-0.35,0.30,70
POS,0.25,-0.33,0.33,80
POS,0.28,-0.34,0.32,71
POS,0.31,-0.35,0.32,74
POS,0.37,-0.36,0.31,74
POS,0.36,-0.35,0.32,71
POS,0.32,-0.31,0.35,78
POS,0.33,-0.33,0.34,71
POS,0.31,-0.33,0.36,79
POS,0.30,-0.34,0.34,71
POS,0.29,-0.35,0.34,76
POS,0.27,-0.34,0.34,76
POS,0.28,-0.34,0.32,67
POS,0.35,-0.35,0.32,79
POS,0.34,-0.35,0.33,75
POS,0.33,-0.35,0.34,74
POS,0.31,-0.35,0.32,70
POS,0.31,-0.35,0.32,72
POS,0.30,-0.36,0.32,75
POS,0.29,-0.37,0.33,79
POS,0.37,-0.38,0.31,79
POS,0.39,-0.38,0.33,76
POS,0.36,-0.38,0.33,77
POS,0.36,-0.37,0.34,72
POS,0.35,-0.37,0.31,67
POS,0.32,-0.37,0.32,77
POS,0.31,-0.36,0.30,68
POS,0.30,-0.37,0.30,75
POS,0.31,-0.36,0.31,71
POS,0.32,-0.36,0.30,69
POS,0.31,-0.36,0.29,71
POS,0.30,-0.36,0.32,78
POS,0.31,-0.36,0.31,70
POS,0.36,-0.38,0.30,75
POS,0.35,-0.37,0.31,71
POS,0.30,-0.34,0.32,80
POS,0.28,-0.35,0.33,77
POS,0.26,-0.36,0.33,79
POS,0.26,-0.37,0.32,74
POS,0.29,-0.36,0.32,69
POS,0.28,-0.38,0.31,79
POS,0.32,-0.38,0.30,68
POS,0.30,-0.37,0.32,77
POS,0.29,-0.36,0.33,73
POS,0.31,-0.35,0.33,73
POS,0.27,-0.40,0.31,85
POS,0.27,-0.40,0.32,77
POS,0.20,-0.39,0.30,83
POS,0.21,-0.37,0.31,73
POS,0.22,-0.36,0.30,72
POS,0.23,-0.35,0.32,75
POS,0.27,-0.36,0.29,65
POS,0.41,-0.37,0.31,89
POS,0.47,-0.31,0.28,85
POS,0.43,-0.32,0.29,70
POS,0.42,-0.33,0.29,71
POS,0.39,-0.34,0.31,77
POS,0.38,-0.35,0.32,74
POS,0.37,-0.35,0.32,72
POS,0.37,-0.35,0.31,68
POS,0.43,-0.36,0.31,80
POS,0.40,-0.37,0.30,72
POS,0.40,-0.36,0.31,71
POS,0.40,-0.38,0.30,74
POS,0.37,-0.35,0.32,73
POS,0.33,-0.37,0.31,78
POS,0.24,-0.37,0.28,83
POS,0.30,-0.35,0.30,72
POS,0.33,-0.34,0.33,74
POS,0.30,-0.35,0.30,74
POS,0.28,-0.35,0.33,79
POS,0.28,-0.35,0.33,74
POS,0.43,-0.38,0.29,88
POS,0.47,-0.40,0.27,79
POS,0.44,-0.37,0.31,75
POS,0.41,-0.37,0.31,71
POS,0.52,-0.36,0.29,84
POS,0.48,-0.36,0.30,70
POS,0.46,-0.35,0.30,68
POS,0.41,-0.35,0.30,74
POS,0.41,-0.35,0.31,69
POS,0.40,-0.36,0.30,72
POS,0.37,-0.36,0.32,75
POS,0.37,-0.35,0.33,71
POS,0.37,-0.35,0.32,71
POS,0.46,-0.38,0.32,86
POS,0.42,-0.38,0.34,78
POS,0.40,-0.38,0.33,75
POS,0.53,-0.37,0.33,89
POS,0.47,-0.35,0.35,74
POS,0.43,-0.36,0.35,76
POS,0.42,-0.36,0.34,71
POS,0.39,-0.35,0.33,69
POS,0.37,-0.36,0.32,71
POS,0.35,-0.35,0.32,70
POS,0.32,-0.36,0.31,75
POS,0.28,-0.34,0.33,80
POS,0.31,-0.35,0.32,71
POS,0.31,-0.37,0.31,74
POS,0.29,-0.37,0.29,71
POS,0.29,-0.36,0.30,72
POS,0.30,-0.36,0.30,74
POS,0.32,-0.35,0.30,65
POS,0.31,-0.36,0.30,73
POS,0.31,-0.18,0.31,73
POS,0.30,-0.22,0.31,70
POS,0.28,-0.26,0.31,79
POS,0.26,-0.28,0.31,76
POS,0.27,-0.30,0.31,72
POS,0.25,-0.31,0.31,76
POS,0.29,-0.32,0.30,69
POS,0.37,-0.34,0.29,78
POS,0.38,-0.35,0.31,75
POS,0.33,-0.34,0.32,77
POS,0.33,-0.35,0.32,73
POS,0.33,-0.35,0.31,67
POS,0.34,-0.34,0.32,71
POS,0.34,-0.35,0.31,70
POS,0.42,-0.34,0.31,79
POS,0.49,-0.38,0.31,86
POS,0.48,-0.38,0.30,70
POS,0.44,-0.39,0.31,77
POS,0.43,-0.38,0.30,69
POS,0.42,-0.38,0.30,70
POS,0.38,-0.38,0.29,73
POS,0.35,-0.37,0.32,78
POS,0.32,-0.36,0.34,78
POS,0.30,-0.37,0.33,77
POS,0.31,-0.35,0.34,71
POS,0.29,-0.36,0.35,79
POS,0.27,-0.35,0.36,78
POS,0.28,-0.34,0.33,67
POS,0.35,-0.36,0.32,77
POS,0.32,-0.34,0.33,74
POS,0.31,-0.34,0.31,66
POS,0.21,-0.35,0.30,88
POS,0.31,-0.38,0.31,83
POS,0.31,-0.38,0.31,73
POS,0.31,-0.39,0.32,78
POS,0.38,-0.38,0.33,79
POS,0.33,-0.36,0.34,77
POS,0.31,-0.37,0.33,74
POS,0.33,-0.37,0.32,72
POS,0.29,-0.37,0.33,80
POS,0.29,-0.36,0.33,71
POS,0.30,-0.37,0.31,70
POS,0.29,-0.36,0.32,74
POS,0.44,-0.36,0.30,88
POS,0.41,-0.38,0.29,75
POS,0.36,-0.36,0.27,69
POS,0.32,-0.36,0.29,77
POS,0.34,-0.37,0.29,71
POS,0.35,-0.36,0.30,73
POS,0.31,-0.34,0.32,76
POS,0.30,-0.34,0.32,74
POS,0.27,-0.34,0.33,77
POS,0.31,-0.34,0.32,70
POS,0.39,-0.38,0.32,83
POS,0.37,-0.37,0.32,73
POS,0.36,-0.38,0.32,75
POS,0.34,-0.38,0.32,74
POS,0.39,-0.37,0.33,76
POS,0.34,-0.33,0.35,78
POS,0.34,-0.34,0.31,64
POS,0.32,-0.35,0.30,74
POS,0.34,-0.35,0.29,66
POS,0.34,-0.34,0.30,69
POS,0.33,-0.34,0.33,77
POS,0.38,-0.37,0.32,78
POS,0.36,-0.36,0.31,70
POS,0.49,-0.38,0.30,89
POS,0.50,-0.38,0.32,78
POS,0.34,-0.39,0.30,89
POS,0.30,-0.37,0.30,74
POS,0.32,-0.37,0.30,71
POS,0.34,-0.38,0.30,73
POS,0.30,-0.36,0.32,79
POS,0.30,-0.36,0.33,75
POS,0.30,-0.36,0.35,77
POS,0.31,-0.36,0.32,67
POS,0.30,-0.37,0.31,74
POS,0.35,-0.38,0.31,77
POS,0.37,-0.38,0.31,72
POS,0.36,-0.36,0.31,68
POS,0.36,-0.35,0.31,69
POS,0.36,-0.35,0.32,73
POS,0.38,-0.35,0.33,73
POS,0.39,-0.35,0.32,70
POS,0.32,-0.38,0.31,84
POS,0.32,-0.36,0.31,69
POS,0.33,-0.36,0.31,71
POS,0.39,-0.38,0.30,78
POS,0.34,-0.37,0.31,75
POS,0.32,-0.34,0.34,77
POS,0.33,-0.36,0.34,75
POS,0.42,-0.41,0.32,87
POS,0.41,-0.39,0.32,72
POS,0.40,-0.39,0.32,73
POS,0.35,-0.39,0.32,78
POS,0.38,-0.39,0.32,75
POS,0.39,-0.39,0.30,69
POS,0.37,-0.38,0.30,70
POS,0.36,-0.38,0.30,72
POS,0.35,-0.38,0.32,77
POS,0.33,-0.37,0.32,72
POS,0.30,-0.34,0.32,72
POS,0.29,-0.34,0.33,75
POS,0.30,-0.33,0.31,63
POS,0.28,-0.33,0.34,80
POS,0.30,-0.34,0.33,71
POS,0.32,-0.35,0.30,68
POS,0.31,-0.34,0.33,76
POS,0.28,-0.34,0.34,78
POS,0.29,-0.34,0.35,76
POS,0.29,-0.36,0.33,75
POS,0.29,-0.35,0.34,73
POS,0.29,-0.37,0.32,74
POS,0.43,-0.39,0.32,89
POS,0.49,-0.41,0.32,85
POS,0.44,-0.39,0.33,74
POS,0.48,-0.40,0.32,80
POS,0.45,-0.41,0.33,78
POS,0.45,-0.39,0.34,73
POS,0.44,-0.38,0.32,69
POS,0.41,-0.37,0.32,70
POS,0.37,-0.36,0.32,72
POS,0.37,-0.37,0.32,76
POS,0.33,-0.35,0.33,74
POS,0.32,-0.35,0.31,67
POS,0.30,-0.33,0.35,79
POS,0.28,-0.32,0.36,78
POS,0.34,-0.36,0.33,76
POS,0.34,-0.37,0.31,70
POS,0.42,-0.37,0.31,79
POS,0.40,-0.38,0.31,75
POS,0.40,-0.37,0.30,68
POS,0.37,-0.36,0.30,70
POS,0.36,-0.36,0.33,76
POS,0.33,-0.35,0.33,76
POS,0.35,-0.36,0.31,67
POS,0.37,-0.35,0.33,73
POS,0.36,-0.35,0.33,73
POS,0.43,-0.38,0.32,84
POS,0.39,-0.37,0.31,70
POS,0.39,-0.36,0.32,72
POS,0.38,-0.36,0.32,69
POS,0.39,-0.37,0.30,71
POS,0.35,-0.36,0.30,71
POS,0.35,-0.35,0.30,69
POS,0.36,-0.34,0.31,68
POS,0.36,-0.35,0.32,75
POS,0.38,-0.37,0.31,74
POS,0.37,-0.35,0.32,66
POS,0.38,-0.34,0.33,73
POS,0.38,-0.36,0.31,72
POS,0.40,-0.37,0.30,72
POS,0.40,-0.37,0.31,72
POS,0.39,-0.35,0.29,61
POS,0.37,-0.36,0.32,77
POS,0.35,-0.37,0.31,75
POS,0.33,-0.35,0.32,71
POS,0.34,-0.34,0.33,68
POS,0.31,-0.34,0.34,78
POS,0.32,-0.35,0.33,73
POS,0.27,-0.34,0.35,83
POS,0.25,-0.35,0.35,80
POS,0.27,-0.37,0.34,76
POS,0.34,-0.38,0.32,77
POS,0.42,-0.40,0.33,85
POS,0.42,-0.41,0.30,71
POS,0.44,-0.40,0.30,73
POS,0.41,-0.38,0.32,74
POS,0.39,-0.36,0.33,71
POS,0.40,-0.38,0.31,73
POS,0.36,-0.39,0.31,78
POS,0.33,-0.38,0.32,75
POS,0.32,-0.37,0.34,77
POS,0.32,-0.37,0.31,67
POS,0.34,-0.37,0.32,73
POS,0.31,-0.36,0.34,78
POS,0.29,-0.36,0.34,79
POS,0.38,-0.39,0.33,85
POS,0.38,-0.37,0.33,70
POS,0.37,-0.36,0.34,72
POS,0.34,-0.36,0.34,76
POS,0.32,-0.35,0.34,75
POS,0.33,-0.36,0.33,72
POS,0.32,-0.36,0.33,74
POS,0.32,-0.36,0.33,73
POS,0.31,-0.36,0.34,75
POS,0.32,-0.35,0.33,70
POS,0.31,-0.34,0.34,71
POS,0.27,-0.36,0.30,78
POS,0.31,-0.34,0.33,73
POS,0.31,-0.35,0.33,75
POS,0.32,-0.37,0.32,74
POS,0.30,-0.35,0.34,78
POS,0.30,-0.34,0.34,71
POS,0.30,-0.36,0.33,73
POS,0.22,-0.35,0.31,84
POS,0.28,-0.35,0.31,72
POS,0.25,-0.35,0.33,80
POS,0.26,-0.33,0.34,70
POS,0.24,-0.32,0.35,79
POS,0.17,-0.34,0.32,98
POS,0.30,-0.38,0.32,86
POS,0.32,-0.38,0.30,68
POS,0.29,-0.37,0.32,78
POS,0.29,-0.37,0.29,68
POS,0.31,-0.37,0.31,74
POS,0.31,-0.34,0.33,72
POS,0.37,-0.36,0.31,76
POS,0.35,-0.37,0.31,75
POS,0.34,-0.38,0.33,77
POS,0.35,-0.37,0.34,73
POS,0.33,-0.37,0.34,77
POS,0.38,-0.38,0.33,77
POS,0.37,-0.36,0.34,73
POS,0.42,-0.38,0.31,77
POS,0.39,-0.37,0.29,65
POS,0.38,-0.36,0.30,71
POS,0.37,-0.36,0.31,73
POS,0.33,-0.36,0.30,75
POS,0.32,-0.35,0.31,72
POS,0.31,-0.35,0.32,75
POS,0.31,-0.36,0.30,71
POS,0.21,-0.37,0.30,89
POS,0.20,-0.35,0.32,78
POS,0.19,-0.34,0.34,80
POS,0.22,-0.35,0.34,74
POS,0.31,-0.37,0.32,78
POS,0.31,-0.35,0.34,75
POS,0.30,-0.35,0.35,77
POS,0.32,-0.36,0.33,70
POS,0.30,-0.36,0.33,76
POS,0.31,-0.37,0.33,74
POS,0.30,-0.35,0.35,76
POS,0.30,-0.36,0.33,71
POS,0.37,-0.37,0.32,78
POS,0.35,-0.37,0.31,70
POS,0.49,-0.37,0.29,88
POS,0.43,-0.36,0.28,70
POS,0.39,-0.38,0.28,74
POS,0.35,-0.33,0.32,78
POS,0.36,-0.34,0.33,71
POS,0.40,-0.36,0.31,76
POS,0.38,-0.37,0.33,77
POS,0.34,-0.37,0.34,78
POS,0.34,-0.37,0.33,73
POS,0.35,-0.35,0.34,72
POS,0.32,-0.35,0.35,78
POS,0.32,-0.35,0.34,71
POS,0.35,-0.36,0.33,70
POS,0.33,-0.34,0.33,72
POS,0.32,-0.36,0.33,77
POS,0.30,-0.34,0.35,75
POS,0.27,-0.32,0.37,80
POS,0.27,-0.33,0.38,78
POS,0.28,-0.34,0.37,75
POS,0.34,-0.37,0.34,76
POS,0.42,-0.40,0.31,84
POS,0.37,-0.39,0.30,74
POS,0.47,-0.43,0.29,89
POS,0.48,-0.43,0.29,77
POS,0.46,-0.42,0.29,73
POS,0.44,-0.41,0.31,76
POS,0.31,-0.41,0.29,87
POS,0.30,-0.40,0.27,70
POS,0.28,-0.38,0.29,76
POS,0.29,-0.37,0.28,65
POS,0.33,-0.36,0.30,72
POS,0.28,-0.35,0.31,80
POS,0.31,-0.36,0.30,69
POS,0.32,-0.36,0.30,71
POS,0.34,-0.35,0.31,70
POS,0.33,-0.36,0.32,76
POS,0.37,-0.36,0.33,75
POS,0.33,-0.35,0.32,73
POS,0.34,-0.34,0.31,65
POS,0.35,-0.35,0.30,69
POS,0.34,-0.36,0.31,74
POS,0.30,-0.33,0.33,78
POS,0.38,-0.37,0.30,82
POS,0.37,-0.38,0.27,65
POS,0.36,-0.36,0.30,72
POS,0.33,-0.35,0.29,71
POS,0.33,-0.35,0.28,69
POS,0.30,-0.34,0.30,76
POS,0.30,-0.34,0.32,73
POS,0.32,-0.33,0.31,61
POS,0.32,-0.34,0.30,72
POS,0.31,-0.34,0.31,74
POS,0.32,-0.34,0.30,67
POS,0.31,-0.34,0.31,72
POS,0.29,-0.34,0.32,76
POS,0.28,-0.34,0.32,73
POS,0.27,-0.33,0.32,72
POS,0.28,-0.34,0.32,74
POS,0.29,-0.35,0.31,69
POS,0.30,-0.33,0.31,68
POS,0.31,-0.34,0.30,69
POS,0.30,-0.35,0.30,75
POS,0.31,-0.34,0.31,71
POS,0.29,-0.33,0.32,72
POS,0.28,-0.33,0.29,66
POS,0.31,-0.34,0.29,70
POS,0.28,-0.33,0.31,76
POS,0.37,-0.38,0.27,81
POS,0.34,-0.37,0.29,75
POS,0.30,-0.35,0.31,79
POS,0.35,-0.36,0.32,77
POS,0.35,-0.34,0.34,74
POS,0.35,-0.34,0.36,75
POS,0.41,-0.38,0.33,81
POS,0.37,-0.37,0.34,75
POS,0.41,-0.38,0.31,75
POS,0.31,-0.39,0.33,88
POS,0.23,-0.37,0.33,84
POS,0.25,-0.36,0.33,72
POS,0.36,-0.41,0.32,87
POS,0.32,-0.36,0.34,75
POS,0.37,-0.38,0.33,76
POS,0.32,-0.35,0.35,79
POS,0.33,-0.35,0.33,68
POS,0.35,-0.34,0.33,68
POS,0.35,-0.34,0.32,68
POS,0.32,-0.33,0.35,79
POS,0.34,-0.34,0.32,67
POS,0.35,-0.34,0.31,66
POS,0.35,-0.35,0.30,72
POS,0.40,-0.35,0.31,74
POS,0.38,-0.35,0.31,71
POS,0.42,-0.37,0.31,78
POS,0.37,-0.33,0.32,71
POS,0.43,-0.37,0.29,81
POS,0.41,-0.36,0.30,72
POS,0.39,-0.35,0.31,70
POS,0.40,-0.36,0.31,73
POS,0.38,-0.36,0.32,74
POS,0.39,-0.37,0.32,72
POS,0.37,-0.38,0.30,72
POS,0.43,-0.36,0.31,76
POS,0.40,-0.36,0.32,73
POS,0.39,-0.36,0.31,71
POS,0.36,-0.38,0.30,74
POS,0.32,-0.36,0.32,77
POS,0.30,-0.36,0.32,76
POS,0.29,-0.33,0.35,75
POS,0.29,-0.33,0.33,69