POS,0.32,-0.35,0.20,65
POS,0.37,-0.34,0.21,68
POS,0.34,-0.34,0.19,57
POS,0.39,-0.36,0.22,78
POS,0.48,-0.38,0.25,87
POS,0.48,-0.38,0.25,70
POS,0.43,-0.38,0.24,66
POS,0.42,-0.36,0.24,58
POS,0.35,-0.34,0.27,80
POS,0.37,-0.32,0.26,50
POS,0.30,-0.32,0.27,81
POS,0.35,-0.32,0.25,60
POS,0.34,-0.32,0.22,56
POS,0.39,-0.32,0.24,71
POS,0.37,-0.31,0.24,60
POS,0.38,-0.31,0.24,56
POS,0.37,-0.30,0.22,53
POS,0.39,-0.32,0.21,62
POS,0.51,-0.34,0.25,90
POS,0.41,-0.31,0.29,81
POS,0.33,-0.28,0.31,81
POS,0.36,-0.30,0.29,64
POS,0.34,-0.32,0.24,66
POS,0.40,-0.34,0.21,74
POS,0.42,-0.33,0.20,54
POS,0.38,-0.35,0.22,77
POS,0.37,-0.34,0.22,56
POS,0.38,-0.34,0.21,62
POS,0.46,-0.35,0.23,80
POS,0.35,-0.29,0.27,85
POS,0.35,-0.31,0.26,66
POS,0.36,-0.30,0.26,56
POS,0.37,-0.32,0.23,62
POS,0.40,-0.31,0.22,56
POS,0.40,-0.32,0.20,59
POS,0.47,-0.34,0.22,82
POS,0.51,-0.37,0.22,79
POS,0.46,-0.36,0.22,65
POS,0.41,-0.37,0.21,72
POS,0.35,-0.34,0.27,79
POS,0.41,-0.37,0.27,80
POS,0.32,-0.35,0.28,81
POS,0.34,-0.34,0.27,58
POS,0.34,-0.35,0.26,67
POS,0.35,-0.36,0.24,68
POS,0.36,-0.35,0.24,64
POS,0.34,-0.34,0.24,64
POS,0.33,-0.33,0.25,64
POS,0.35,-0.35,0.23,65
POS,0.32,-0.35,0.23,72
POS,0.38,-0.38,0.26,81
POS,0.30,-0.32,0.30,85
POS,0.32,-0.32,0.28,61
POS,0.33,-0.32,0.25,56
POS,0.33,-0.33,0.21,58
POS,0.32,-0.35,0.18,64
POS,0.33,-0.35,0.18,64
POS,0.35,-0.34,0.19,55
POS,0.34,-0.35,0.19,67
POS,0.36,-0.36,0.18,61
POS,0.36,-0.34,0.21,65
POS,0.37,-0.35,0.22,67
POS,0.32,-0.28,0.29,86
POS,0.31,-0.31,0.25,64
POS,0.37,-0.33,0.24,71
POS,0.35,-0.34,0.22,68
POS,0.37,-0.35,0.20,61
POS,0.37,-0.35,0.18,59
POS,0.41,-0.37,0.18,72
POS,0.42,-0.33,0.20,54
POS,0.41,-0.34,0.22,65
POS,0.39,-0.33,0.22,60
POS,0.46,-0.36,0.28,87
POS,0.43,-0.37,0.23,61
POS,0.41,-0.37,0.21,65
POS,0.33,-0.36,0.26,84
POS,0.36,-0.36,0.26,70
POS,0.42,-0.36,0.26,77
POS,0.41,-0.37,0.24,64
POS,0.39,-0.34,0.25,59
POS,0.38,-0.35,0.22,60
POS,0.40,-0.36,0.23,70
POS,0.44,-0.32,0.24,61
POS,0.41,-0.34,0.23,68
POS,0.40,-0.31,0.23,44
POS,0.48,-0.34,0.21,81
POS,0.52,-0.38,0.18,80
POS,0.52,-0.39,0.18,72
POS,0.50,-0.37,0.20,64
POS,0.45,-0.36,0.21,66
POS,0.41,-0.36,0.22,68
POS,0.34,-0.36,0.24,81
POS,0.36,-0.37,0.22,61
POS,0.35,-0.36,0.21,60
POS,0.36,-0.34,0.23,62
POS,0.36,-0.34,0.20,54
POS,0.33,-0.34,0.20,67
POS,0.35,-0.36,0.18,66
POS,0.34,-0.37,0.17,69
POS,0.38,-0.37,0.15,62
POS,0.31,-0.37,0.20,83
POS,0.33,-0.36,0.18,53
POS,0.33,-0.37,0.17,63
POS,0.39,-0.37,0.24,81
POS,0.29,-0.33,0.27,85
POS,0.47,-0.36,0.31,93
POS,0.51,-0.40,0.31,86
POS,0.51,-0.38,0.29,62
POS,0.47,-0.37,0.25,58
POS,0.43,-0.39,0.23,71
POS,0.47,-0.37,0.25,73
POS,0.44,-0.38,0.22,66
POS,0.40,-0.37,0.22,64
POS,0.40,-0.36,0.21,56
POS,0.41,-0.37,0.20,65
POS,0.39,-0.37,0.20,64
POS,0.42,-0.35,0.22,71
POS,0.43,-0.34,0.23,59
POS,0.45,-0.35,0.24,73
POS,0.44,-0.33,0.25,61
POS,0.43,-0.34,0.24,61
POS,0.40,-0.34,0.22,59
POS,0.38,-0.33,0.21,59
POS,0.38,-0.32,0.21,51
POS,0.37,-0.33,0.20,61
POS,0.43,-0.37,0.21,82
POS,0.39,-0.37,0.20,67
POS,0.41,-0.35,0.21,57
POS,0.35,-0.36,0.22,79
POS,0.36,-0.37,0.20,62
POS,0.44,-0.42,0.23,88
POS,0.45,-0.38,0.22,48
POS,0.46,-0.38,0.23,72
POS,0.46,-0.37,0.25,71
POS,0.52,-0.41,0.28,88
POS,0.49,-0.37,0.29,64
POS,0.54,-0.40,0.31,87
POS,0.54,-0.40,0.28,72
POS,0.45,-0.38,0.30,80
POS,0.48,-0.38,0.29,77
POS,0.53,-0.42,0.30,86
POS,0.47,-0.41,0.25,62
POS,0.48,-0.41,0.26,75
POS,0.41,-0.40,0.23,73
POS,0.38,-0.40,0.22,68
POS,0.38,-0.35,0.24,54
POS,0.45,-0.39,0.22,83
POS,0.39,-0.38,0.24,76
POS,0.51,-0.42,0.24,90
POS,0.40,-0.37,0.28,82
POS,0.32,-0.35,0.30,83
POS,0.35,-0.34,0.30,65
POS,0.35,-0.34,0.27,61
POS,0.38,-0.32,0.27,60
POS,0.37,-0.34,0.25,63
POS,0.38,-0.33,0.23,52
POS,0.41,-0.35,0.22,72
POS,0.34,-0.30,0.28,82
POS,0.31,-0.31,0.24,64
POS,0.33,-0.33,0.21,62
POS,0.35,-0.34,0.21,62
POS,0.29,-0.31,0.25,78
POS,0.34,-0.33,0.25,71
POS,0.30,-0.35,0.25,78
POS,0.29,-0.34,0.23,63
POS,0.34,-0.35,0.23,67
POS,0.41,-0.37,0.23,80
POS,0.44,-0.37,0.24,72
POS,0.38,-0.37,0.24,75
POS,0.31,-0.35,0.28,84
POS,0.23,-0.32,0.32,86
POS,0.24,-0.33,0.26,64
POS,0.20,-0.28,0.32,86
POS,0.25,-0.29,0.28,57
POS,0.26,-0.30,0.26,62
POS,0.26,-0.31,0.25,66
POS,0.31,-0.32,0.23,59
POS,0.37,-0.34,0.26,79
POS,0.38,-0.33,0.26,60
POS,0.37,-0.33,0.23,59
POS,0.38,-0.35,0.20,65
POS,0.42,-0.37,0.20,74
POS,0.40,-0.37,0.20,65
POS,0.37,-0.36,0.20,64
POS,0.35,-0.35,0.18,59
POS,0.33,-0.35,0.18,63
POS,0.36,-0.34,0.20,62
POS,0.36,-0.32,0.21,55
POS,0.40,-0.31,0.22,64
POS,0.44,-0.33,0.24,75
POS,0.41,-0.34,0.23,63
POS,0.40,-0.34,0.20,60
POS,0.40,-0.35,0.19,61
POS,0.42,-0.35,0.22,71
POS,0.46,-0.35,0.20,70
POS,0.45,-0.36,0.19,63
POS,0.36,-0.36,0.22,82
POS,0.34,-0.35,0.22,61
POS,0.39,-0.33,0.22,61
POS,0.29,-0.22,0.24,86
POS,0.32,-0.24,0.25,63
POS,0.35,-0.27,0.21,56
POS,0.29,-0.26,0.26,83
POS,0.33,-0.29,0.23,63
POS,0.32,-0.30,0.22,58
POS,0.31,-0.31,0.20,65
POS,0.37,-0.35,0.21,76
POS,0.36,-0.34,0.21,59
POS,0.35,-0.35,0.18,63
POS,0.33,-0.36,0.17,66
POS,0.32,-0.36,0.16,63
POS,0.40,-0.36,0.20,81
POS,0.43,-0.37,0.20,70
POS,0.42,-0.37,0.19,65
POS,0.44,-0.39,0.21,74
POS,0.41,-0.37,0.22,66
POS,0.31,-0.34,0.25,82
POS,0.26,-0.30,0.30,83
POS,0.27,-0.31,0.25,56
POS,0.28,-0.30,0.24,58
POS,0.24,-0.29,0.28,82
POS,0.27,-0.31,0.26,63
POS,0.33,-0.32,0.25,70
POS,0.37,-0.32,0.26,68
POS,0.42,-0.35,0.21,73
POS,0.41,-0.34,0.20,49
POS,0.38,-0.33,0.21,64
POS,0.30,-0.20,0.26,83
POS,0.26,-0.23,0.28,81
POS,0.30,-0.24,0.26,51
POS,0.30,-0.26,0.23,59
POS,0.30,-0.28,0.20,59
POS,0.34,-0.31,0.22,70
POS,0.34,-0.33,0.21,65
POS,0.37,-0.33,0.19,58
POS,0.36,-0.35,0.19,68
POS,0.26,-0.31,0.24,87
POS,0.30,-0.34,0.21,67
POS,0.30,-0.32,0.21,57
POS,0.33,-0.32,0.20,55
POS,0.41,-0.36,0.21,83
POS,0.38,-0.37,0.19,67
POS,0.46,-0.41,0.20,87
POS,0.44,-0.40,0.20,61
POS,0.43,-0.38,0.19,59
POS,0.42,-0.37,0.21,64
POS,0.44,-0.34,0.20,49
POS,0.40,-0.34,0.21,64
POS,0.39,-0.33,0.22,62
POS,0.46,-0.36,0.24,86
POS,0.43,-0.36,0.23,61
POS,0.34,-0.30,0.27,82
POS,0.37,-0.31,0.26,63
POS,0.39,-0.33,0.25,68
POS,0.36,-0.33,0.22,59
POS,0.41,-0.34,0.23,73
POS,0.48,-0.36,0.25,84
POS,0.43,-0.37,0.24,68
POS,0.42,-0.34,0.24,51
POS,0.39,-0.34,0.23,63
POS,0.38,-0.34,0.22,60
POS,0.37,-0.32,0.22,52
POS,0.35,-0.32,0.21,60
POS,0.27,-0.32,0.24,83
POS,0.30,-0.34,0.24,69
POS,0.43,-0.40,0.23,90
POS,0.41,-0.37,0.23,59
POS,0.40,-0.36,0.22,61
POS,0.40,-0.37,0.20,62
POS,0.43,-0.35,0.23,69
POS,0.45,-0.36,0.25,75
POS,0.48,-0.36,0.24,70
POS,0.61,-0.38,0.25,92
POS,0.56,-0.35,0.27,61
POS,0.46,-0.35,0.27,77
POS,0.37,-0.34,0.29,82
POS,0.44,-0.37,0.28,82
POS,0.42,-0.37,0.23,59
POS,0.39,-0.37,0.22,67
POS,0.31,-0.32,0.27,84
POS,0.35,-0.29,0.24,39
POS,0.39,-0.32,0.24,72
POS,0.39,-0.33,0.20,58
POS,0.36,-0.34,0.20,69
POS,0.36,-0.34,0.22,66
POS,0.45,-0.38,0.23,86
POS,0.52,-0.41,0.25,87
POS,0.52,-0.41,0.23,70
POS,0.47,-0.40,0.21,65
POS,0.47,-0.38,0.24,70
POS,0.39,-0.36,0.27,80
POS,0.42,-0.34,0.25,54
POS,0.39,-0.35,0.21,63
POS,0.36,-0.36,0.20,70
POS,0.43,-0.36,0.19,74
POS,0.41,-0.35,0.20,60
POS,0.39,-0.35,0.20,64
POS,0.35,-0.36,0.20,68
POS,0.35,-0.35,0.18,57
POS,0.41,-0.37,0.22,80
POS,0.36,-0.35,0.27,77
POS,0.35,-0.34,0.24,56
POS,0.34,-0.35,0.24,70
POS,0.34,-0.34,0.23,59
POS,0.36,-0.35,0.22,63
POS,0.37,-0.37,0.20,66
POS,0.37,-0.36,0.20,62
POS,0.39,-0.35,0.22,69
POS,0.32,-0.31,0.28,84
POS,0.39,-0.33,0.31,82
POS,0.48,-0.38,0.27,87
POS,0.49,-0.33,0.26,48
POS,0.48,-0.34,0.26,71
POS,0.45,-0.35,0.24,60
POS,0.43,-0.36,0.21,62
POS,0.44,-0.35,0.23,68
POS,0.47,-0.36,0.21,70
POS,0.50,-0.38,0.23,82
POS,0.39,-0.36,0.26,83
POS,0.30,-0.32,0.30,86
POS,0.35,-0.32,0.26,59
POS,0.32,-0.33,0.24,68
POS,0.26,-0.33,0.25,80
POS,0.29,-0.33,0.23,58
POS,0.29,-0.35,0.23,70
POS,0.38,-0.37,0.24,82
POS,0.42,-0.34,0.22,45
POS,0.41,-0.33,0.24,62
POS,0.33,-0.32,0.25,80
POS,0.34,-0.31,0.25,57
POS,0.40,-0.33,0.21,73
POS,0.33,-0.29,0.27,82
POS,0.37,-0.32,0.26,70
POS,0.37,-0.32,0.26,63
POS,0.40,-0.30,0.25,50
POS,0.41,-0.32,0.23,63
POS,0.34,-0.31,0.26,79
POS,0.32,-0.33,0.23,66
POS,0.37,-0.34,0.23,70
POS,0.43,-0.36,0.20,74
POS,0.42,-0.35,0.20,59
POS,0.36,-0.30,0.27,83
POS,0.35,-0.28,0.27,54
POS,0.35,-0.29,0.26,61
POS,0.35,-0.30,0.24,61
POS,0.33,-0.30,0.24,62
POS,0.34,-0.32,0.22,62
POS,0.34,-0.30,0.23,55
POS,0.34,-0.33,0.21,71
POS,0.35,-0.32,0.22,57
POS,0.36,-0.35,0.20,69
POS,0.40,-0.36,0.22,72
POS,0.37,-0.35,0.22,63
POS,0.38,-0.31,0.22,39
POS,0.41,-0.27,0.22,71
POS,0.44,-0.30,0.23,74
POS,0.47,-0.33,0.20,73
POS,0.40,-0.33,0.24,78
POS,0.35,-0.31,0.28,77
POS,0.31,-0.31,0.26,64
POS,0.23,-0.26,0.33,91
POS,0.20,-0.24,0.36,84
POS,0.30,-0.27,0.33,73
POS,0.35,-0.29,0.29,64
POS,0.31,-0.29,0.26,61
POS,0.32,-0.31,0.23,61
POS,0.43,-0.37,0.18,87
POS,0.42,-0.37,0.19,67
POS,0.41,-0.35,0.19,53
POS,0.38,-0.37,0.20,70
POS,0.38,-0.35,0.22,66
POS,0.37,-0.35,0.23,65
POS,0.35,-0.33,0.22,54
POS,0.31,-0.31,0.26,77
POS,0.25,-0.30,0.29,83
POS,0.30,-0.28,0.26,42
POS,0.35,-0.30,0.28,74
POS,0.43,-0.33,0.28,81
POS,0.39,-0.32,0.27,63
POS,0.39,-0.29,0.28,58
POS,0.36,-0.31,0.26,66
POS,0.38,-0.33,0.24,67
POS,0.34,-0.33,0.23,69
POS,0.35,-0.31,0.25,54
POS,0.35,-0.32,0.22,61
POS,0.26,-0.30,0.25,85
POS,0.42,-0.39,0.28,93
POS,0.33,-0.35,0.30,82
POS,0.38,-0.34,0.29,64
POS,0.37,-0.33,0.26,56
POS,0.49,-0.39,0.25,90
POS,0.41,-0.35,0.29,78
POS,0.37,-0.35,0.27,68
POS,0.42,-0.33,0.25,63
POS,0.37,-0.34,0.23,71
POS,0.35,-0.35,0.21,66
POS,0.41,-0.37,0.21,78
POS,0.37,-0.36,0.22,66
POS,0.39,-0.36,0.19,57
POS,0.37,-0.36,0.20,66
POS,0.35,-0.36,0.18,63
POS,0.36,-0.36,0.19,62
POS,0.26,-0.29,0.28,92
POS,0.33,-0.31,0.31,76
POS,0.41,-0.36,0.26,83
POS,0.41,-0.33,0.25,53
POS,0.34,-0.32,0.27,79
POS,0.32,-0.32,0.27,67
POS,0.29,-0.33,0.28,77
POS,0.29,-0.33,0.27,65
POS,0.32,-0.31,0.25,47
POS,0.30,-0.32,0.22,65
POS,0.31,-0.33,0.20,59
POS,0.34,-0.33,0.22,65
POS,0.32,-0.32,0.20,59
POS,0.29,-0.34,0.23,78
POS,0.24,-0.31,0.28,83
POS,0.28,-0.33,0.24,62
POS,0.25,-0.33,0.26,79
POS,0.21,-0.33,0.26,78
POS,0.25,-0.33,0.24,56
POS,0.27,-0.31,0.24,57
POS,0.21,-0.22,0.31,89
POS,0.28,-0.26,0.29,69
POS,0.31,-0.28,0.25,55
POS,0.39,-0.34,0.24,82
POS,0.41,-0.34,0.23,65
POS,0.35,-0.33,0.24,76
POS,0.33,-0.34,0.22,65
POS,0.42,-0.36,0.25,85
POS,0.46,-0.35,0.24,72
POS,0.44,-0.36,0.22,63
POS,0.48,-0.39,0.22,80
POS,0.40,-0.38,0.25,79
POS,0.43,-0.39,0.24,73
POS,0.40,-0.39,0.22,67
POS,0.44,-0.41,0.22,78
POS,0.47,-0.41,0.23,73
POS,0.39,-0.40,0.25,80
POS,0.37,-0.39,0.24,64
POS,0.41,-0.38,0.27,78
POS,0.34,-0.37,0.30,81
POS,0.43,-0.40,0.25,84
POS,0.41,-0.38,0.25,61
POS,0.42,-0.36,0.27,70
POS,0.40,-0.34,0.26,55
POS,0.42,-0.35,0.27,71
POS,0.45,-0.37,0.24,74
POS,0.41,-0.37,0.24,68
POS,0.34,-0.37,0.25,79
POS,0.32,-0.38,0.23,72
POS,0.35,-0.38,0.26,72
POS,0.32,-0.37,0.28,77
POS,0.37,-0.37,0.27,69
POS,0.37,-0.35,0.27,63
POS,0.30,-0.34,0.29,83
POS,0.34,-0.34,0.29,70
POS,0.32,-0.34,0.26,66
POS,0.30,-0.35,0.23,66
POS,0.35,-0.33,0.24,63
POS,0.35,-0.35,0.22,66
POS,0.36,-0.35,0.21,60
POS,0.41,-0.36,0.21,72
POS,0.40,-0.35,0.20,56
POS,0.45,-0.36,0.19,73
POS,0.50,-0.39,0.18,81
POS,0.57,-0.43,0.21,90
POS,0.45,-0.39,0.25,82
POS,0.36,-0.38,0.27,82
POS,0.38,-0.35,0.27,59
POS,0.44,-0.39,0.23,80
POS,0.34,-0.34,0.28,84
POS,0.36,-0.33,0.28,66
POS,0.34,-0.34,0.25,62
POS,0.34,-0.34,0.25,62
POS,0.37,-0.32,0.25,54
POS,0.27,-0.30,0.27,86
POS,0.32,-0.31,0.30,75
POS,0.25,-0.27,0.32,84
POS,0.29,-0.29,0.30,61
POS,0.31,-0.28,0.27,44
POS,0.35,-0.30,0.26,69
POS,0.35,-0.30,0.25,55
POS,0.40,-0.31,0.24,65
POS,0.31,-0.31,0.27,84
POS,0.26,-0.30,0.31,82
POS,0.21,-0.30,0.32,84
POS,0.24,-0.31,0.28,57
POS,0.30,-0.28,0.26,43
POS,0.28,-0.30,0.26,72
POS,0.30,-0.32,0.25,69
POS,0.31,-0.31,0.25,59
POS,0.31,-0.33,0.24,66
POS,0.33,-0.34,0.23,62
POS,0.25,-0.30,0.26,85
POS,0.29,-0.32,0.24,59
POS,0.32,-0.33,0.21,59
POS,0.34,-0.33,0.20,60
POS,0.33,-0.32,0.20,56
POS,0.35,-0.33,0.19,58
POS,0.34,-0.33,0.19,62
POS,0.35,-0.34,0.17,59
POS,0.34,-0.33,0.18,56
POS,0.35,-0.32,0.18,51
POS,0.33,-0.33,0.18,65
POS,0.32,-0.33,0.17,60
POS,0.33,-0.34,0.17,61
POS,0.37,-0.30,0.17,37
POS,0.34,-0.31,0.17,65
POS,0.35,-0.30,0.17,42
POS,0.34,-0.31,0.17,61
POS,0.32,-0.33,0.17,68
POS,0.34,-0.31,0.19,50
POS,0.35,-0.31,0.22,67
POS,0.39,-0.33,0.22,70
POS,0.33,-0.34,0.26,83
POS,0.42,-0.38,0.30,88
POS,0.38,-0.39,0.27,72
POS,0.38,-0.38,0.24,60
POS,0.35,-0.39,0.22,71
POS,0.28,-0.38,0.24,82
POS,0.30,-0.36,0.22,53
POS,0.24,-0.33,0.28,85
POS,0.21,-0.23,0.33,87
POS,0.23,-0.25,0.30,60
POS,0.26,-0.27,0.28,59
POS,0.30,-0.28,0.25,53
POS,0.32,-0.28,0.27,66
POS,0.38,-0.30,0.27,74
POS,0.32,-0.30,0.28,78
POS,0.32,-0.31,0.26,63
POS,0.29,-0.33,0.25,72
POS,0.28,-0.33,0.23,66
POS,0.41,-0.35,0.26,88
POS,0.34,-0.35,0.27,81
POS,0.40,-0.36,0.26,73
POS,0.38,-0.37,0.22,62
POS,0.40,-0.37,0.20,61
POS,0.38,-0.36,0.19,57
POS,0.30,-0.31,0.25,86
POS,0.31,-0.32,0.24,64
POS,0.29,-0.33,0.23,69
POS,0.29,-0.33,0.22,63
POS,0.31,-0.34,0.21,64
POS,0.33,-0.34,0.19,58
POS,0.35,-0.35,0.17,56
POS,0.42,-0.37,0.19,81
POS,0.48,-0.40,0.19,82
POS,0.52,-0.41,0.19,81
POS,0.49,-0.40,0.17,55
POS,0.46,-0.39,0.18,68
POS,0.43,-0.36,0.21,58
POS,0.36,-0.33,0.24,76
POS,0.41,-0.31,0.25,66
POS,0.34,-0.29,0.29,80
POS,0.33,-0.30,0.27,59
POS,0.37,-0.32,0.29,76
POS,0.47,-0.38,0.31,90
POS,0.44,-0.38,0.29,66
POS,0.35,-0.36,0.29,80
POS,0.29,-0.34,0.32,82
POS,0.33,-0.35,0.28,64
POS,0.34,-0.35,0.26,61
POS,0.37,-0.35,0.26,70
POS,0.41,-0.32,0.25,54
POS,0.42,-0.30,0.23,41
POS,0.47,-0.33,0.22,79
POS,0.52,-0.37,0.27,87
POS,0.49,-0.35,0.26,56
POS,0.41,-0.35,0.27,78
POS,0.42,-0.32,0.27,60
POS,0.44,-0.31,0.26,56
POS,0.42,-0.33,0.25,66
POS,0.35,-0.34,0.26,80
POS,0.38,-0.33,0.24,56
POS,0.45,-0.37,0.23,82
POS,0.44,-0.35,0.23,59
POS,0.52,-0.41,0.24,90
POS,0.50,-0.39,0.24,60
POS,0.46,-0.40,0.20,65
POS,0.52,-0.43,0.20,86
POS,0.50,-0.40,0.20,54
POS,0.40,-0.38,0.23,81
POS,0.36,-0.37,0.21,66
POS,0.37,-0.36,0.19,55
POS,0.36,-0.36,0.19,61
POS,0.27,-0.34,0.23,85
POS,0.31,-0.33,0.22,53
POS,0.43,-0.40,0.24,90
POS,0.42,-0.38,0.24,62
POS,0.32,-0.34,0.28,85
POS,0.36,-0.32,0.26,56
POS,0.49,-0.36,0.27,89
POS,0.45,-0.35,0.26,65
POS,0.47,-0.36,0.24,73
POS,0.39,-0.37,0.26,81
POS,0.40,-0.37,0.23,59
POS,0.42,-0.37,0.24,69
POS,0.40,-0.36,0.23,65
POS,0.40,-0.36,0.22,63
POS,0.46,-0.37,0.23,78
POS,0.46,-0.36,0.24,67
POS,0.37,-0.35,0.26,81
POS,0.36,-0.36,0.23,62
POS,0.30,-0.35,0.25,82
POS,0.39,-0.39,0.26,84
POS,0.39,-0.38,0.24,60
POS,0.38,-0.36,0.22,52
POS,0.46,-0.40,0.23,86
POS,0.44,-0.38,0.21,56
POS,0.43,-0.37,0.20,56
POS,0.35,-0.33,0.26,82
POS,0.37,-0.33,0.25,62
POS,0.35,-0.34,0.22,62
POS,0.27,-0.30,0.27,85
POS,0.35,-0.33,0.24,74
POS,0.33,-0.34,0.23,67
POS,0.36,-0.33,0.26,67
POS,0.27,-0.30,0.30,86
POS,0.33,-0.29,0.27,49
POS,0.38,-0.33,0.26,76
POS,0.30,-0.32,0.28,83
POS,0.42,-0.37,0.27,88
POS,0.38,-0.37,0.25,69
POS,0.35,-0.37,0.24,67
POS,0.33,-0.36,0.23,67
POS,0.33,-0.36,0.21,58
POS,0.37,-0.33,0.21,51
POS,0.39,-0.31,0.20,45
POS,0.36,-0.30,0.21,61
POS,0.39,-0.31,0.20,63
POS,0.39,-0.31,0.20,54
POS,0.36,-0.32,0.20,65
POS,0.41,-0.35,0.19,74
POS,0.38,-0.35,0.20,65
POS,0.37,-0.37,0.20,71
POS,0.36,-0.35,0.21,60
POS,0.44,-0.39,0.19,83
POS,0.47,-0.38,0.19,70
POS,0.49,-0.39,0.19,72
POS,0.50,-0.38,0.24,78
POS,0.49,-0.36,0.23,56
POS,0.48,-0.35,0.22,56
POS,0.50,-0.37,0.24,79
POS,0.45,-0.36,0.24,65
POS,0.38,-0.34,0.26,76
POS,0.29,-0.32,0.29,85
POS,0.31,-0.32,0.26,54
POS,0.31,-0.34,0.25,68
POS,0.35,-0.33,0.25,59
POS,0.29,-0.32,0.29,82
POS,0.35,-0.31,0.27,56
POS,0.36,-0.32,0.24,61
POS,0.37,-0.31,0.23,47
POS,0.38,-0.29,0.22,45
POS,0.35,-0.31,0.20,68
POS,0.37,-0.31,0.20,54
POS,0.36,-0.32,0.19,61
POS,0.36,-0.32,0.17,51
POS,0.33,-0.33,0.19,71
POS,0.33,-0.33,0.19,60
POS,0.39,-0.33,0.21,72
POS,0.37,-0.34,0.20,63
POS,0.38,-0.36,0.20,68
POS,0.49,-0.39,0.22,89
POS,0.49,-0.38,0.21,61
POS,0.48,-0.36,0.20,52
POS,0.46,-0.35,0.19,54
POS,0.45,-0.35,0.18,58
POS,0.52,-0.38,0.22,86
POS,0.46,-0.36,0.24,68
POS,0.44,-0.36,0.24,63
POS,0.39,-0.37,0.22,71
POS,0.40,-0.35,0.23,63
POS,0.40,-0.35,0.23,66
POS,0.45,-0.38,0.26,83
POS,0.48,-0.38,0.25,73
POS,0.48,-0.38,0.25,69
POS,0.43,-0.35,0.26,67
POS,0.40,-0.33,0.27,61
POS,0.31,-0.31,0.30,85
POS,0.31,-0.32,0.27,61
POS,0.30,-0.32,0.23,62
POS,0.29,-0.34,0.22,68
POS,0.30,-0.35,0.20,65
POS,0.24,-0.34,0.25,84
POS,0.27,-0.33,0.23,49
POS,0.38,-0.37,0.25,86
POS,0.35,-0.35,0.24,62
POS,0.33,-0.34,0.22,58
POS,0.30,-0.34,0.20,63
POS,0.36,-0.35,0.21,70
POS,0.37,-0.34,0.19,55
POS,0.36,-0.34,0.19,58
POS,0.34,-0.35,0.18,69
POS,0.36,-0.35,0.20,64
POS,0.35,-0.35,0.21,64
POS,0.35,-0.34,0.22,64
POS,0.39,-0.35,0.19,63
POS,0.39,-0.35,0.18,60
POS,0.41,-0.33,0.18,50
POS,0.46,-0.37,0.18,79
POS,0.47,-0.37,0.21,74
POS,0.48,-0.37,0.21,67
POS,0.45,-0.37,0.22,66
POS,0.34,-0.34,0.25,84
POS,0.37,-0.35,0.26,70
POS,0.38,-0.35,0.24,64
POS,0.35,-0.34,0.22,61
POS,0.38,-0.33,0.21,55
POS,0.39,-0.34,0.20,60
POS,0.37,-0.33,0.20,60
POS,0.36,-0.33,0.20,57
POS,0.40,-0.34,0.22,73
POS,0.37,-0.34,0.22,63
POS,0.40,-0.35,0.23,69
POS,0.39,-0.35,0.22,63
POS,0.37,-0.36,0.21,68
POS,0.34,-0.36,0.20,66
POS,0.37,-0.36,0.22,66
POS,0.35,-0.36,0.22,69
POS,0.31,-0.33,0.28,80
POS,0.37,-0.35,0.27,75
POS,0.36,-0.35,0.26,67
POS,0.38,-0.34,0.24,51
POS,0.46,-0.37,0.22,83
POS,0.47,-0.37,0.22,67
POS,0.44,-0.37,0.19,61
POS,0.47,-0.38,0.19,73
POS,0.47,-0.36,0.22,67
POS,0.51,-0.39,0.22,81
POS,0.48,-0.38,0.21,60
POS,0.48,-0.38,0.23,71
POS,0.38,-0.33,0.28,83
POS,0.35,-0.32,0.27,65
POS,0.38,-0.33,0.26,65
POS,0.38,-0.34,0.24,64
POS,0.39,-0.34,0.22,54
POS,0.40,-0.34,0.19,57
POS,0.43,-0.37,0.18,72
POS,0.48,-0.37,0.22,81
POS,0.45,-0.37,0.21,60
POS,0.43,-0.36,0.20,56
POS,0.44,-0.36,0.22,69
POS,0.43,-0.36,0.19,60
POS,0.48,-0.39,0.18,82
POS,0.46,-0.39,0.19,66
POS,0.42,-0.39,0.19,69
POS,0.41,-0.36,0.21,60
POS,0.41,-0.35,0.21,58
POS,0.37,-0.36,0.20,69
POS,0.32,-0.35,0.22,76
POS,0.26,-0.29,0.27,82
POS,0.27,-0.29,0.26,60
POS,0.38,-0.32,0.25,81
POS,0.34,-0.32,0.23,65
POS,0.36,-0.30,0.25,58
POS,0.38,-0.30,0.25,61
POS,0.34,-0.30,0.24,68
POS,0.41,-0.35,0.22,81
POS,0.33,-0.33,0.25,82
POS,0.26,-0.24,0.33,91
POS,0.20,-0.25,0.34,84
POS,0.23,-0.27,0.30,60
POS,0.30,-0.30,0.28,72
POS,0.30,-0.31,0.27,66
POS,0.32,-0.33,0.26,68
POS,0.35,-0.32,0.25,57
POS,0.32,-0.33,0.25,69
POS,0.26,-0.32,0.28,84
POS,0.28,-0.32,0.25,54
POS,0.24,-0.32,0.28,82
POS,0.30,-0.30,0.26,48
POS,0.31,-0.30,0.25,58
POS,0.35,-0.32,0.24,66
POS,0.36,-0.34,0.23,66
POS,0.42,-0.34,0.21,72
POS,0.34,-0.34,0.26,83
POS,0.40,-0.37,0.25,79
POS,0.41,-0.35,0.23,52
POS,0.38,-0.35,0.21,60
POS,0.31,-0.35,0.24,83
POS,0.34,-0.33,0.23,51
POS,0.27,-0.33,0.27,85
POS,0.31,-0.32,0.25,53
POS,0.35,-0.33,0.25,66
POS,0.28,-0.33,0.27,84
POS,0.24,-0.32,0.30,81
POS,0.25,-0.33,0.28,65
POS,0.33,-0.36,0.29,81
POS,0.26,-0.33,0.32,86
POS,0.29,-0.33,0.28,54
POS,0.23,-0.28,0.35,90
POS,0.25,-0.29,0.30,59
POS,0.29,-0.30,0.27,59
POS,0.29,-0.31,0.26,65
POS,0.34,-0.30,0.26,62
POS,0.37,-0.30,0.27,67
POS,0.43,-0.35,0.25,81
POS,0.34,-0.35,0.28,84
POS,0.37,-0.34,0.27,63
POS,0.27,-0.31,0.30,86
POS,0.31,-0.27,0.30,48
POS,0.36,-0.29,0.26,60
POS,0.35,-0.28,0.27,57
POS,0.35,-0.30,0.24,62
POS,0.33,-0.31,0.25,68
POS,0.36,-0.31,0.23,54
POS,0.44,-0.35,0.22,82
POS,0.41,-0.33,0.22,58
POS,0.40,-0.32,0.21,50
POS,0.39,-0.33,0.19,61
POS,0.31,-0.29,0.24,83
POS,0.30,-0.31,0.24,69
POS,0.29,-0.33,0.21,65
POS,0.37,-0.35,0.22,77
POS,0.35,-0.36,0.20,70
POS,0.26,-0.32,0.26,88
POS,0.23,-0.33,0.27,81
POS,0.25,-0.34,0.23,60
POS,0.27,-0.34,0.23,62
POS,0.29,-0.35,0.23,68
POS,0.33,-0.35,0.26,74
POS,0.39,-0.36,0.27,76
POS,0.40,-0.36,0.24,58
POS,0.46,-0.39,0.27,86
POS,0.48,-0.38,0.26,68
POS,0.46,-0.35,0.26,56
POS,0.49,-0.36,0.22,71
POS,0.46,-0.37,0.18,60
POS,0.48,-0.37,0.22,77
POS,0.47,-0.34,0.21,44
POS,0.51,-0.38,0.21,82
POS,0.42,-0.37,0.21,74
POS,0.33,-0.33,0.25,84
POS,0.37,-0.34,0.22,59
POS,0.38,-0.34,0.22,64
POS,0.38,-0.35,0.20,58
POS,0.37,-0.33,0.19,49
POS,0.38,-0.34,0.19,66
POS,0.39,-0.34,0.21,66
POS,0.45,-0.37,0.22,81
POS,0.40,-0.37,0.22,71
POS,0.43,-0.35,0.20,52
POS,0.34,-0.33,0.24,81
POS,0.38,-0.34,0.24,71
POS,0.29,-0.31,0.27,83
POS,0.28,-0.31,0.25,65
POS,0.27,-0.31,0.23,58
POS,0.38,-0.37,0.22,86
POS,0.39,-0.36,0.21,55
POS,0.40,-0.35,0.21,58
POS,0.44,-0.37,0.21,76
POS,0.35,-0.31,0.26,82
POS,0.36,-0.33,0.21,58
POS,0.27,-0.27,0.30,91
POS,0.29,-0.29,0.27,65
POS,0.31,-0.30,0.25,56
POS,0.25,-0.30,0.27,81
POS,0.26,-0.29,0.25,53
POS,0.36,-0.35,0.27,86
POS,0.34,-0.33,0.26,63
POS,0.37,-0.30,0.26,51
POS,0.34,-0.31,0.25,68
POS,0.30,-0.30,0.29,80
POS,0.34,-0.32,0.25,64
POS,0.27,-0.30,0.30,85
POS,0.30,-0.31,0.28,60
POS,0.30,-0.34,0.25,70
POS,0.30,-0.33,0.24,61
POS,0.29,-0.34,0.21,63
POS,0.32,-0.35,0.20,63
POS,0.32,-0.35,0.19,60
POS,0.32,-0.37,0.18,70
POS,0.38,-0.38,0.20,77
POS,0.41,-0.37,0.21,64
POS,0.43,-0.36,0.23,71
POS,0.34,-0.35,0.26,82
POS,0.31,-0.33,0.26,66
POS,0.27,-0.32,0.29,81
POS,0.29,-0.33,0.26,60
POS,0.30,-0.31,0.26,57
POS,0.36,-0.34,0.26,78
POS,0.34,-0.34,0.25,67
POS,0.28,-0.30,0.30,83
POS,0.30,-0.31,0.28,61
POS,0.31,-0.34,0.25,71
POS,0.31,-0.33,0.26,63
POS,0.34,-0.34,0.23,58
POS,0.44,-0.40,0.18,87
POS,0.41,-0.38,0.18,60
POS,0.39,-0.37,0.19,63
POS,0.43,-0.38,0.21,75
POS,0.43,-0.37,0.19,57
POS,0.44,-0.37,0.20,68
POS,0.45,-0.35,0.24,72
POS,0.36,-0.32,0.29,83
POS,0.35,-0.33,0.24,63
POS,0.42,-0.36,0.22,79
POS,0.42,-0.34,0.22,51
POS,0.43,-0.33,0.21,57
POS,0.43,-0.34,0.21,62
POS,0.40,-0.35,0.19,65
POS,0.39,-0.34,0.20,61
POS,0.40,-0.35,0.22,69
POS,0.40,-0.35,0.22,61
POS,0.37,-0.35,0.21,66
POS,0.37,-0.35,0.19,57
POS,0.36,-0.36,0.20,68
POS,0.37,-0.36,0.19,63
POS,0.34,-0.35,0.20,67
POS,0.34,-0.37,0.19,69
POS,0.36,-0.36,0.19,56
POS,0.43,-0.39,0.18,83
POS,0.43,-0.37,0.18,54
POS,0.41,-0.35,0.18,54
POS,0.41,-0.36,0.18,65
POS,0.42,-0.33,0.19,53
POS,0.44,-0.31,0.20,55
POS,0.41,-0.32,0.22,67
POS,0.49,-0.38,0.20,86
POS,0.39,-0.32,0.26,81
POS,0.32,-0.32,0.29,83
POS,0.27,-0.30,0.32,82
POS,0.21,-0.29,0.32,83
POS,0.28,-0.29,0.28,57
POS,0.30,-0.30,0.25,56
POS,0.28,-0.32,0.24,72
POS,0.32,-0.32,0.23,58
POS,0.32,-0.34,0.21,64
POS,0.35,-0.35,0.20,62
POS,0.36,-0.34,0.20,56
POS,0.36,-0.33,0.22,65
POS,0.45,-0.37,0.29,89
POS,0.43,-0.36,0.29,66
POS,0.44,-0.37,0.28,71
POS,0.41,-0.38,0.26,69
POS,0.34,-0.36,0.28,81
POS,0.36,-0.33,0.29,60
POS,0.28,-0.33,0.30,84
POS,0.28,-0.35,0.26,70
POS,0.29,-0.37,0.23,68
POS,0.32,-0.37,0.24,69
POS,0.26,-0.34,0.29,84
POS,0.30,-0.34,0.25,58
POS,0.39,-0.38,0.25,84
POS,0.41,-0.39,0.23,67
POS,0.40,-0.37,0.22,58
POS,0.33,-0.37,0.24,81
POS,0.35,-0.35,0.24,55
POS,0.38,-0.35,0.24,68
POS,0.44,-0.38,0.24,82
POS,0.48,-0.40,0.20,74
POS,0.39,-0.34,0.27,80
POS,0.37,-0.35,0.24,68
POS,0.30,-0.32,0.27,80
POS,0.38,-0.35,0.28,80
POS,0.36,-0.33,0.26,55
POS,0.38,-0.34,0.25,66
POS,0.42,-0.35,0.25,73
POS,0.46,-0.37,0.27,80
POS,0.43,-0.36,0.26,62
POS,0.42,-0.35,0.27,67
POS,0.41,-0.35,0.24,56
POS,0.39,-0.34,0.23,59
POS,0.43,-0.35,0.24,73
POS,0.34,-0.34,0.26,81
POS,0.35,-0.34,0.24,59
POS,0.35,-0.33,0.23,54
POS,0.33,-0.33,0.23,68
POS,0.34,-0.35,0.22,65
POS,0.41,-0.37,0.24,81
POS,0.40,-0.38,0.21,65
POS,0.40,-0.37,0.22,62
POS,0.44,-0.37,0.22,70
POS,0.47,-0.39,0.24,81
POS,0.46,-0.37,0.25,63
POS,0.37,-0.36,0.26,79
POS,0.36,-0.35,0.24,56
POS,0.35,-0.35,0.22,63
POS,0.41,-0.38,0.19,75
POS,0.36,-0.35,0.24,77
POS,0.33,-0.35,0.23,70
POS,0.27,-0.32,0.29,83
POS,0.32,-0.32,0.25,58
POS,0.32,-0.32,0.23,52
POS,0.37,-0.31,0.21,51
POS,0.44,-0.36,0.24,86
POS,0.39,-0.36,0.23,70
POS,0.43,-0.39,0.21,76
POS,0.49,-0.42,0.24,85
POS,0.50,-0.40,0.25,71
POS,0.47,-0.37,0.25,57
POS,0.45,-0.36,0.24,60
POS,0.41,-0.35,0.25,68
POS,0.32,-0.34,0.27,80
POS,0.33,-0.34,0.25,63
POS,0.31,-0.34,0.23,65
POS,0.32,-0.35,0.22,66
POS,0.31,-0.35,0.21,67
POS,0.27,-0.20,0.26,81
POS,0.30,-0.23,0.25,58
POS,0.30,-0.25,0.23,61
POS,0.31,-0.27,0.23,63
POS,0.33,-0.28,0.21,53
POS,0.34,-0.28,0.22,58
POS,0.37,-0.29,0.22,55
POS,0.43,-0.32,0.22,79
POS,0.42,-0.32,0.22,59
POS,0.45,-0.35,0.21,75
POS,0.51,-0.38,0.19,82
POS,0.45,-0.38,0.18,75
POS,0.43,-0.38,0.18,63
POS,0.47,-0.41,0.19,81
POS,0.40,-0.40,0.21,78
POS,0.37,-0.39,0.20,65
POS,0.31,-0.36,0.27,84
POS,0.32,-0.35,0.25,59
POS,0.34,-0.35,0.23,61
POS,0.37,-0.36,0.23,70
POS,0.35,-0.37,0.22,69
POS,0.45,-0.40,0.25,88
POS,0.45,-0.39,0.22,62
POS,0.43,-0.37,0.23,60
POS,0.47,-0.40,0.23,80
POS,0.38,-0.37,0.26,81
POS,0.39,-0.36,0.24,60
POS,0.39,-0.37,0.24,67
POS,0.38,-0.37,0.22,62
POS,0.34,-0.35,0.21,65
POS,0.34,-0.36,0.20,64
POS,0.36,-0.34,0.20,50
POS,0.37,-0.36,0.19,67
POS,0.37,-0.36,0.20,64
POS,0.39,-0.36,0.19,62
POS,0.37,-0.35,0.19,61
POS,0.29,-0.35,0.21,81
POS,0.29,-0.34,0.21,61
POS,0.36,-0.34,0.19,65
POS,0.42,-0.36,0.17,75
POS,0.41,-0.37,0.17,62
POS,0.39,-0.34,0.19,57
POS,0.37,-0.34,0.20,65
POS,0.39,-0.34,0.20,62
POS,0.37,-0.34,0.21,65
POS,0.39,-0.32,0.21,49
POS,0.39,-0.34,0.19,62
POS,0.36,-0.34,0.18,64
POS,0.39,-0.35,0.18,65
POS,0.41,-0.35,0.17,60
POS,0.38,-0.35,0.19,67
POS,0.45,-0.34,0.21,73
POS,0.54,-0.41,0.19,90
POS,0.49,-0.39,0.19,59
POS,0.39,-0.37,0.22,80
POS,0.40,-0.33,0.23,49
POS,0.36,-0.33,0.22,66
POS,0.36,-0.33,0.21,59
POS,0.39,-0.32,0.23,64
POS,0.39,-0.34,0.23,66
POS,0.50,-0.37,0.26,90
POS,0.49,-0.36,0.24,59
POS,0.53,-0.38,0.27,84
POS,0.48,-0.38,0.25,65
POS,0.46,-0.37,0.23,55
POS,0.51,-0.38,0.23,82
POS,0.40,-0.29,0.29,86
POS,0.42,-0.29,0.26,52
POS,0.34,-0.31,0.25,77
POS,0.38,-0.31,0.23,57
POS,0.41,-0.30,0.22,52
POS,0.46,-0.34,0.21,81
POS,0.43,-0.32,0.22,49
POS,0.37,-0.33,0.24,78
POS,0.38,-0.33,0.23,56
POS,0.34,-0.34,0.21,71
POS,0.28,-0.30,0.28,84
POS,0.31,-0.29,0.27,56
POS,0.25,-0.24,0.31,82
POS,0.27,-0.25,0.28,53
POS,0.28,-0.28,0.26,65
POS,0.28,-0.30,0.25,65
POS,0.32,-0.32,0.23,66
POS,0.26,-0.31,0.27,83
POS,0.23,-0.31,0.27,76
POS,0.26,-0.31,0.27,63
POS,0.23,-0.30,0.30,81
POS,0.27,-0.29,0.28,52
POS,0.22,-0.28,0.32,84
POS,0.25,-0.29,0.27,52
POS,0.26,-0.31,0.24,64
POS,0.36,-0.36,0.27,86
POS,0.37,-0.34,0.28,67
POS,0.38,-0.35,0.25,60
POS,0.44,-0.34,0.25,73
POS,0.43,-0.33,0.22,51
POS,0.48,-0.38,0.19,82
POS,0.50,-0.39,0.18,74
POS,0.49,-0.36,0.22,67
POS,0.40,-0.35,0.26,82
POS,0.41,-0.36,0.25,69
POS,0.39,-0.37,0.24,70
POS,0.31,-0.34,0.30,85
POS,0.33,-0.34,0.27,56
POS,0.33,-0.34,0.23,58
POS,0.34,-0.34,0.22,62
POS,0.32,-0.34,0.21,63
POS,0.30,-0.34,0.19,62
POS,0.25,-0.34,0.23,83
POS,0.29,-0.35,0.21,63
POS,0.33,-0.35,0.22,65
POS,0.35,-0.35,0.23,64
POS,0.36,-0.36,0.21,64
POS,0.27,-0.33,0.25,85
POS,0.31,-0.33,0.23,58
POS,0.22,-0.29,0.28,89
POS,0.25,-0.32,0.25,66
POS,0.28,-0.32,0.23,55
POS,0.40,-0.33,0.24,85
POS,0.39,-0.34,0.21,60
POS,0.39,-0.34,0.21,60
POS,0.32,-0.34,0.25,82
POS,0.33,-0.34,0.23,59
POS,0.32,-0.34,0.23,66
POS,0.26,-0.30,0.29,84
POS,0.31,-0.33,0.26,67
POS,0.35,-0.32,0.29,73
POS,0.36,-0.33,0.26,61
POS,0.36,-0.34,0.25,64
POS,0.37,-0.32,0.24,54
POS,0.39,-0.34,0.23,66
POS,0.37,-0.32,0.23,57
POS,0.37,-0.32,0.22,54
POS,0.31,-0.30,0.27,83
POS,0.33,-0.29,0.26,53
POS,0.31,-0.30,0.23,56
POS,0.33,-0.32,0.21,62
POS,0.26,-0.32,0.25,83
POS,0.29,-0.32,0.22,59
POS,0.31,-0.31,0.25,67
POS,0.31,-0.33,0.24,67
POS,0.32,-0.32,0.24,56
POS,0.38,-0.35,0.26,80
POS,0.39,-0.35,0.24,58
POS,0.32,-0.35,0.26,80
POS,0.36,-0.36,0.23,65
POS,0.40,-0.34,0.24,67
POS,0.32,-0.29,0.32,90
POS,0.35,-0.30,0.30,62
POS,0.38,-0.30,0.25,49
POS,0.37,-0.33,0.24,70
POS,0.34,-0.32,0.29,79
POS,0.28,-0.29,0.30,78
POS,0.30,-0.31,0.26,63
POS,0.34,-0.33,0.23,61
POS,0.32,-0.33,0.21,63
POS,0.41,-0.37,0.19,82
POS,0.34,-0.35,0.23,80
POS,0.33,-0.35,0.21,61
POS,0.32,-0.34,0.21,61
POS,0.31,-0.34,0.21,66
POS,0.25,-0.29,0.27,85
POS,0.28,-0.28,0.26,51
POS,0.29,-0.30,0.21,55
POS,0.30,-0.30,0.21,60
POS,0.38,-0.33,0.22,77
POS,0.39,-0.33,0.20,59
POS,0.39,-0.31,0.22,54
POS,0.38,-0.28,0.24,54
POS,0.34,-0.30,0.22,67
POS,0.26,-0.30,0.26,86
POS,0.21,-0.32,0.27,83
POS,0.20,-0.33,0.28,77
POS,0.23,-0.32,0.28,64
POS,0.18,-0.31,0.31,86
POS,0.24,-0.32,0.26,55
POS,0.28,-0.33,0.23,63
POS,0.31,-0.34,0.22,63
POS,0.33,-0.34,0.23,62
POS,0.25,-0.30,0.27,87
POS,0.26,-0.31,0.22,58
POS,0.29,-0.32,0.21,57
POS,0.24,-0.27,0.27,84
POS,0.34,-0.33,0.25,83
POS,0.36,-0.34,0.23,62
POS,0.42,-0.35,0.26,80
POS,0.44,-0.33,0.23,48
POS,0.41,-0.34,0.23,66
POS,0.38,-0.34,0.22,64
POS,0.39,-0.35,0.20,60
POS,0.48,-0.40,0.22,88
POS,0.45,-0.39,0.19,59
POS,0.44,-0.38,0.20,63
POS,0.46,-0.39,0.23,79
POS,0.44,-0.38,0.23,65
POS,0.41,-0.37,0.23,65
POS,0.37,-0.37,0.22,69
POS,0.31,-0.37,0.24,79
POS,0.37,-0.38,0.23,71
POS,0.44,-0.40,0.20,81
POS,0.45,-0.35,0.21,50
POS,0.38,-0.30,0.27,80
POS,0.39,-0.31,0.24,54
POS,0.43,-0.33,0.24,76
POS,0.35,-0.33,0.25,78
POS,0.40,-0.36,0.24,77
POS,0.43,-0.37,0.23,71
POS,0.42,-0.37,0.21,59
POS,0.35,-0.35,0.25,77
POS,0.35,-0.33,0.23,52
POS,0.37,-0.34,0.21,58
POS,0.40,-0.36,0.21,72
POS,0.39,-0.36,0.20,63
POS,0.37,-0.36,0.18,57
POS,0.39,-0.34,0.19,56
POS,0.40,-0.33,0.18,47
POS,0.41,-0.34,0.19,66
POS,0.32,-0.29,0.25,84
POS,0.32,-0.30,0.23,60
POS,0.27,-0.31,0.27,83
POS,0.35,-0.33,0.24,74
POS,0.35,-0.34,0.22,65
POS,0.36,-0.35,0.20,63
POS,0.40,-0.32,0.20,53
POS,0.42,-0.34,0.21,69
POS,0.40,-0.34,0.22,68
POS,0.33,-0.34,0.25,81
POS,0.40,-0.36,0.21,74
POS,0.40,-0.33,0.21,50
POS,0.38,-0.35,0.20,66
POS,0.37,-0.35,0.18,58
POS,0.43,-0.39,0.19,81
POS,0.33,-0.35,0.23,81
POS,0.32,-0.35,0.21,63
POS,0.33,-0.36,0.22,70
POS,0.25,-0.33,0.26,85
POS,0.39,-0.40,0.21,90
POS,0.40,-0.38,0.20,59
POS,0.40,-0.38,0.19,64
POS,0.31,-0.35,0.25,86
POS,0.36,-0.37,0.23,73
POS,0.36,-0.33,0.23,46
POS,0.34,-0.33,0.22,61
POS,0.37,-0.31,0.23,57
POS,0.40,-0.33,0.25,74
POS,0.44,-0.34,0.25,73
POS,0.41,-0.34,0.21,55
POS,0.47,-0.32,0.22,72
POS,0.46,-0.33,0.20,54
POS,0.45,-0.33,0.23,70
POS,0.44,-0.33,0.21,54
POS,0.43,-0.31,0.23,56
POS,0.34,-0.30,0.27,83
POS,0.37,-0.30,0.24,51
POS,0.34,-0.31,0.25,70
POS,0.32,-0.33,0.22,67
POS,0.35,-0.34,0.19,59
POS,0.34,-0.34,0.20,66
POS,0.32,-0.35,0.19,66
POS,0.31,-0.35,0.19,66
POS,0.38,-0.36,0.22,77
POS,0.43,-0.36,0.22,71
POS,0.42,-0.36,0.22,62
POS,0.37,-0.35,0.22,67
POS,0.49,-0.42,0.21,91
POS,0.51,-0.40,0.21,70
POS,0.49,-0.39,0.21,61
POS,0.48,-0.37,0.24,69
POS,0.48,-0.36,0.26,71
POS,0.52,-0.39,0.23,80
POS,0.48,-0.38,0.24,66
POS,0.39,-0.35,0.28,83
POS,0.37,-0.36,0.24,62
POS,0.35,-0.35,0.23,64
POS,0.38,-0.36,0.20,62
POS,0.30,-0.30,0.25,86
POS,0.40,-0.37,0.23,87
POS,0.41,-0.36,0.21,54
POS,0.33,-0.35,0.23,79
POS,0.32,-0.35,0.21,64
POS,0.38,-0.37,0.20,75
POS,0.41,-0.38,0.23,75
POS,0.36,-0.39,0.25,78
POS,0.39,-0.37,0.23,57
POS,0.36,-0.37,0.22,65
POS,0.38,-0.36,0.22,64
POS,0.36,-0.35,0.23,67
POS,0.36,-0.35,0.19,55
POS,0.36,-0.36,0.19,66
POS,0.33,-0.36,0.19,65
POS,0.32,-0.34,0.19,60
POS,0.26,-0.33,0.24,85
POS,0.20,-0.30,0.29,87
POS,0.31,-0.33,0.27,77
POS,0.22,-0.28,0.31,88
POS,0.29,-0.28,0.27,52
POS,0.30,-0.29,0.27,63
POS,0.43,-0.37,0.26,90
POS,0.41,-0.34,0.27,59
POS,0.41,-0.31,0.27,55
POS,0.39,-0.32,0.26,64
POS,0.47,-0.38,0.25,87
POS,0.37,-0.34,0.29,84
POS,0.38,-0.32,0.29,57
POS,0.41,-0.34,0.28,72
POS,0.44,-0.34,0.29,73
POS,0.48,-0.36,0.29,79
POS,0.45,-0.37,0.26,66
POS,0.42,-0.37,0.25,65
POS,0.42,-0.36,0.23,58
POS,0.42,-0.36,0.21,58
POS,0.41,-0.35,0.21,61
POS,0.43,-0.33,0.20,49
POS,0.42,-0.34,0.18,63
POS,0.45,-0.37,0.16,74
POS,0.43,-0.33,0.20,56
POS,0.42,-0.34,0.19,64
POS,0.38,-0.36,0.19,79
POS,0.49,-0.42,0.18,90
POS,0.52,-0.41,0.18,72
POS,0.46,-0.40,0.18,69
POS,0.45,-0.39,0.18,61
POS,0.43,-0.39,0.17,61
POS,0.45,-0.40,0.19,74
POS,0.47,-0.36,0.18,45
POS,0.42,-0.36,0.17,63
POS,0.44,-0.37,0.19,74
POS,0.50,-0.39,0.20,81
POS,0.39,-0.38,0.22,82
POS,0.38,-0.37,0.21,56
POS,0.38,-0.36,0.21,63
POS,0.40,-0.34,0.21,55
POS,0.37,-0.36,0.19,67
POS,0.34,-0.35,0.20,66
POS,0.33,-0.34,0.20,60
POS,0.35,-0.34,0.19,58
POS,0.34,-0.35,0.18,65
POS,0.37,-0.34,0.18,56
POS,0.38,-0.34,0.20,65
POS,0.36,-0.35,0.18,61
POS,0.36,-0.32,0.20,57
POS,0.45,-0.38,0.18,88
POS,0.41,-0.38,0.18,64
POS,0.44,-0.39,0.17,71
POS,0.36,-0.33,0.24,82
POS,0.38,-0.33,0.22,58
POS,0.37,-0.33,0.23,64
POS,0.37,-0.32,0.23,54
POS,0.33,-0.32,0.23,69
POS,0.36,-0.32,0.20,51
POS,0.30,-0.33,0.23,80
POS,0.31,-0.33,0.23,63
POS,0.27,-0.34,0.25,80
POS,0.34,-0.34,0.23,69
POS,0.31,-0.35,0.21,66
POS,0.31,-0.33,0.20,53
POS,0.34,-0.33,0.18,54
POS,0.46,-0.41,0.18,91
POS,0.46,-0.38,0.19,57
POS,0.46,-0.35,0.21,59
POS,0.45,-0.33,0.22,52
POS,0.43,-0.35,0.21,71
POS,0.44,-0.35,0.18,59
POS,0.46,-0.36,0.20,70
POS,0.45,-0.35,0.20,57
POS,0.38,-0.35,0.19,69
POS,0.36,-0.35,0.18,62
POS,0.30,-0.35,0.22,82
POS,0.24,-0.32,0.26,83
POS,0.29,-0.31,0.28,66
POS,0.32,-0.33,0.23,61
POS,0.36,-0.32,0.23,59
POS,0.34,-0.35,0.21,70
POS,0.36,-0.35,0.19,59
POS,0.38,-0.36,0.18,64
POS,0.40,-0.37,0.20,72
POS,0.33,-0.35,0.24,81
POS,0.25,-0.25,0.29,87
POS,0.27,-0.27,0.27,58
POS,0.27,-0.28,0.25,67
POS,0.28,-0.30,0.23,61
POS,0.32,-0.32,0.22,65
POS,0.34,-0.33,0.25,71
POS,0.36,-0.33,0.23,60
POS,0.28,-0.32,0.26,83
POS,0.27,-0.32,0.25,65
POS,0.30,-0.33,0.21,56
POS,0.37,-0.34,0.20,71
POS,0.34,-0.34,0.19,67
POS,0.33,-0.35,0.17,61
POS,0.34,-0.35,0.15,58
POS,0.34,-0.33,0.17,52
POS,0.31,-0.33,0.17,69
POS,0.31,-0.32,0.18,58
POS,0.32,-0.32,0.19,57
POS,0.25,-0.26,0.29,91
POS,0.29,-0.28,0.25,60
POS,0.31,-0.29,0.25,61
POS,0.39,-0.34,0.22,81
POS,0.42,-0.32,0.24,64
POS,0.41,-0.32,0.24,60
POS,0.43,-0.33,0.25,70
POS,0.41,-0.34,0.26,68
POS,0.42,-0.33,0.24,56
POS,0.41,-0.33,0.22,56
POS,0.39,-0.34,0.22,66
POS,0.48,-0.39,0.24,88
POS,0.43,-0.37,0.25,67
POS,0.42,-0.37,0.22,59
POS,0.39,-0.36,0.21,63
POS,0.40,-0.35,0.23,66
POS,0.34,-0.34,0.28,80
POS,0.34,-0.35,0.24,63
POS,0.33,-0.32,0.25,56
POS,0.33,-0.33,0.23,64
POS,0.38,-0.35,0.21,71
POS,0.34,-0.37,0.20,73
POS,0.38,-0.34,0.19,49
POS,0.31,-0.34,0.22,81
POS,0.34,-0.34,0.22,62
POS,0.36,-0.32,0.22,53
POS,0.36,-0.32,0.24,65
POS,0.37,-0.33,0.24,64
POS,0.45,-0.34,0.25,81
POS,0.48,-0.35,0.25,76
POS,0.44,-0.36,0.22,61
POS,0.45,-0.32,0.23,55
POS,0.48,-0.34,0.22,72
POS,0.38,-0.33,0.25,81
POS,0.38,-0.34,0.23,58
POS,0.37,-0.36,0.22,71
POS,0.38,-0.36,0.20,61
POS,0.38,-0.37,0.18,63
POS,0.37,-0.37,0.19,67
POS,0.34,-0.37,0.17,66
POS,0.36,-0.38,0.15,62
POS,0.36,-0.36,0.17,57
POS,0.34,-0.36,0.17,63
POS,0.47,-0.41,0.17,90
POS,0.39,-0.38,0.22,80
POS,0.40,-0.34,0.24,57
POS,0.50,-0.42,0.21,90
POS,0.47,-0.39,0.22,63
POS,0.49,-0.39,0.23,71
POS,0.41,-0.39,0.24,78
POS,0.43,-0.38,0.24,66
POS,0.40,-0.37,0.24,65
POS,0.44,-0.36,0.25,71
POS,0.36,-0.37,0.25,80
POS,0.34,-0.35,0.24,60
POS,0.37,-0.34,0.25,64
POS,0.38,-0.34,0.24,61
POS,0.39,-0.31,0.25,53
POS,0.42,-0.34,0.23,70
POS,0.45,-0.36,0.22,73
POS,0.41,-0.35,0.23,65
POS,0.40,-0.34,0.21,55
POS,0.32,-0.34,0.23,80
POS,0.34,-0.34,0.23,60
POS,0.40,-0.33,0.22,66
POS,0.48,-0.39,0.21,87
POS,0.50,-0.39,0.25,79
POS,0.47,-0.38,0.22,58
POS,0.38,-0.35,0.26,81
POS,0.37,-0.36,0.24,68
POS,0.36,-0.35,0.21,56
POS,0.36,-0.34,0.21,55
POS,0.44,-0.36,0.23,82
POS,0.43,-0.34,0.24,64
POS,0.39,-0.35,0.23,65
POS,0.39,-0.33,0.22,49
POS,0.42,-0.31,0.23,56
POS,0.34,-0.29,0.27,82
POS,0.26,-0.25,0.31,84
POS,0.31,-0.26,0.26,51
POS,0.32,-0.28,0.25,59
POS,0.39,-0.33,0.23,81
POS,0.38,-0.30,0.24,53
POS,0.37,-0.30,0.22,53
POS,0.37,-0.30,0.23,56
POS,0.45,-0.34,0.23,84
POS,0.37,-0.36,0.23,80
POS,0.41,-0.33,0.21,43
POS,0.40,-0.33,0.21,62
POS,0.39,-0.34,0.19,57
POS,0.40,-0.32,0.19,49
POS,0.42,-0.31,0.21,62
POS,0.39,-0.33,0.22,69
POS,0.32,-0.32,0.25,81
POS,0.34,-0.31,0.24,55
POS,0.39,-0.32,0.26,73
POS,0.39,-0.31,0.24,54
POS,0.30,-0.28,0.29,86
POS,0.22,-0.26,0.32,87
POS,0.25,-0.27,0.27,52
POS,0.32,-0.30,0.26,73
POS,0.33,-0.30,0.24,54
POS,0.25,-0.28,0.27,84
POS,0.29,-0.29,0.27,60
POS,0.30,-0.30,0.25,60
POS,0.31,-0.31,0.20,55
POS,0.34,-0.30,0.20,49
POS,0.39,-0.30,0.22,70
POS,0.40,-0.32,0.23,66
POS,0.41,-0.32,0.22,61
POS,0.44,-0.34,0.23,71
POS,0.41,-0.35,0.21,66
POS,0.33,-0.34,0.25,82
POS,0.33,-0.35,0.22,66
POS,0.40,-0.38,0.22,80
POS,0.37,-0.38,0.20,63
POS,0.39,-0.38,0.19,89
POS,0.44,-0.40,0.22,81
POS,0.42,-0.37,0.24,64
POS,0.42,-0.37,0.21,59
POS,0.43,-0.35,0.20,50
POS,0.40,-0.35,0.21,66
POS,0.38,-0.36,0.18,60
POS,0.39,-0.33,0.21,60
POS,0.34,-0.34,0.20,70
POS,0.32,-0.33,0.19,59
POS,0.36,-0.34,0.18,65
POS,0.43,-0.37,0.24,86
POS,0.40,-0.37,0.24,70
POS,0.41,-0.36,0.22,54
POS,0.42,-0.35,0.24,67
POS,0.44,-0.34,0.22,56
POS,0.44,-0.32,0.22,51
POS,0.51,-0.32,0.23,77
POS,0.45,-0.33,0.21,64
POS,0.48,-0.35,0.18,71
POS,0.45,-0.35,0.19,61
POS,0.40,-0.36,0.18,69
POS,0.39,-0.36,0.16,62
POS,0.41,-0.35,0.18,63
POS,0.35,-0.32,0.24,80
POS,0.33,-0.33,0.22,62
POS,0.49,-0.35,0.25,92
POS,0.45,-0.36,0.24,66
POS,0.43,-0.34,0.23,56
POS,0.41,-0.35,0.22,63
POS,0.34,-0.35,0.23,80
POS,0.38,-0.33,0.22,49
POS,0.34,-0.33,0.21,65
POS,0.36,-0.34,0.19,62
POS,0.44,-0.35,0.22,81
POS,0.45,-0.36,0.23,72
POS,0.37,-0.34,0.27,82
POS,0.33,-0.35,0.24,69
POS,0.28,-0.34,0.26,79
POS,0.27,-0.33,0.24,62
POS,0.29,-0.32,0.22,51
POS,0.37,-0.35,0.25,82
POS,0.41,-0.37,0.22,73
POS,0.40,-0.37,0.20,57
POS,0.40,-0.35,0.18,50
POS,0.37,-0.35,0.18,64
POS,0.37,-0.35,0.20,67
POS,0.42,-0.37,0.17,71
POS,0.35,-0.35,0.21,78
POS,0.37,-0.35,0.22,66
POS,0.33,-0.35,0.20,69
POS,0.34,-0.36,0.21,65
POS,0.39,-0.32,0.21,52
POS,0.40,-0.31,0.22,57
POS,0.31,-0.27,0.27,84
POS,0.30,-0.27,0.27,64
POS,0.35,-0.27,0.26,56
POS,0.27,-0.27,0.30,85
POS,0.43,-0.36,0.26,92
POS,0.41,-0.36,0.24,64
POS,0.45,-0.38,0.20,73
POS,0.43,-0.34,0.22,54
POS,0.42,-0.34,0.23,63
POS,0.54,-0.43,0.18,93
POS,0.51,-0.42,0.18,64
POS,0.45,-0.41,0.15,65
POS,0.43,-0.39,0.17,62
POS,0.35,-0.37,0.21,81
POS,0.39,-0.35,0.22,63
POS,0.44,-0.38,0.19,75
POS,0.41,-0.37,0.20,64
POS,0.41,-0.36,0.21,62
POS,0.35,-0.36,0.24,79
POS,0.37,-0.37,0.24,68
POS,0.37,-0.35,0.23,49
POS,0.48,-0.40,0.26,91
POS,0.39,-0.38,0.28,81
POS,0.37,-0.36,0.27,61
POS,0.40,-0.36,0.28,73
POS,0.42,-0.36,0.25,61
POS,0.36,-0.35,0.28,78
POS,0.46,-0.39,0.29,88
POS,0.38,-0.36,0.30,80
POS,0.38,-0.37,0.28,64
POS,0.39,-0.35,0.26,52
POS,0.41,-0.34,0.23,57
POS,0.38,-0.35,0.22,68
POS,0.38,-0.35,0.20,58
POS,0.36,-0.35,0.21,66
POS,0.28,-0.32,0.26,86
POS,0.29,-0.34,0.24,65
POS,0.36,-0.36,0.23,76
POS,0.38,-0.33,0.24,54
POS,0.36,-0.33,0.24,62
POS,0.41,-0.33,0.24,71
POS,0.39,-0.34,0.23,62
POS,0.37,-0.35,0.22,65
POS,0.36,-0.33,0.21,58
POS,0.36,-0.34,0.20,57
POS,0.41,-0.34,0.20,68
POS,0.44,-0.35,0.20,72
POS,0.50,-0.38,0.18,82
POS,0.48,-0.36,0.22,67
POS,0.47,-0.33,0.21,49
POS,0.46,-0.33,0.20,54
POS,0.43,-0.34,0.20,65
POS,0.42,-0.35,0.20,66
POS,0.38,-0.35,0.21,71
POS,0.40,-0.32,0.23,57
POS,0.39,-0.34,0.21,64
POS,0.41,-0.36,0.22,72
POS,0.34,-0.32,0.26,80
POS,0.25,-0.32,0.27,84
POS,0.28,-0.32,0.27,65
POS,0.30,-0.34,0.24,63
POS,0.30,-0.34,0.23,65
POS,0.34,-0.35,0.24,69
POS,0.32,-0.35,0.23,67
POS,0.37,-0.37,0.22,74
POS,0.36,-0.37,0.22,65
POS,0.35,-0.37,0.18,60
POS,0.35,-0.37,0.19,66
POS,0.34,-0.37,0.17,62
POS,0.33,-0.38,0.17,69
POS,0.34,-0.36,0.18,55
POS,0.34,-0.37,0.17,65
POS,0.37,-0.35,0.19,62
POS,0.52,-0.41,0.19,93
POS,0.50,-0.37,0.20,51
POS,0.49,-0.38,0.20,70
POS,0.48,-0.34,0.22,53
POS,0.43,-0.35,0.21,69
POS,0.39,-0.34,0.20,60
POS,0.41,-0.32,0.22,55
POS,0.33,-0.33,0.25,83
POS,0.36,-0.30,0.23,39
POS,0.29,-0.27,0.28,84
POS,0.31,-0.29,0.24,58
POS,0.32,-0.30,0.25,65
POS,0.32,-0.33,0.22,65
POS,0.32,-0.33,0.23,65
POS,0.32,-0.35,0.22,70
POS,0.41,-0.38,0.25,86
POS,0.40,-0.38,0.24,65
POS,0.52,-0.43,0.29,92
POS,0.44,-0.39,0.27,66
POS,0.37,-0.38,0.27,77
POS,0.40,-0.36,0.25,56
POS,0.43,-0.38,0.25,75
POS,0.40,-0.38,0.24,67
POS,0.42,-0.38,0.23,70
POS,0.41,-0.37,0.23,63
POS,0.41,-0.37,0.21,59
POS,0.41,-0.36,0.22,62
POS,0.42,-0.35,0.23,63
POS,0.35,-0.33,0.27,79
POS,0.33,-0.33,0.25,64
POS,0.35,-0.32,0.25,59
POS,0.32,-0.32,0.24,65
POS,0.32,-0.30,0.25,57
POS,0.30,-0.31,0.22,61
POS,0.32,-0.30,0.21,49
POS,0.33,-0.32,0.20,65
POS,0.25,-0.31,0.22,82
POS,0.29,-0.30,0.24,61
POS,0.29,-0.32,0.24,68
POS,0.29,-0.32,0.22,59
POS,0.32,-0.31,0.22,55
POS,0.34,-0.32,0.20,56
POS,0.34,-0.34,0.20,67
POS,0.42,-0.38,0.22,84
POS,0.35,-0.37,0.24,77
POS,0.40,-0.36,0.23,64
POS,0.37,-0.35,0.24,67
POS,0.40,-0.35,0.25,68
POS,0.40,-0.34,0.25,61
POS,0.38,-0.34,0.24,62
POS,0.29,-0.33,0.26,83
POS,0.23,-0.31,0.29,84
POS,0.28,-0.32,0.26,59
POS,0.35,-0.34,0.23,70
POS,0.35,-0.33,0.24,64
POS,0.37,-0.35,0.23,66
POS,0.45,-0.37,0.22,82
POS,0.43,-0.36,0.21,60
POS,0.48,-0.34,0.21,66
POS,0.40,-0.35,0.22,76
POS,0.43,-0.37,0.20,73
POS,0.39,-0.37,0.19,65
POS,0.30,-0.35,0.23,84
POS,0.34,-0.34,0.21,48
POS,0.31,-0.31,0.21,59
POS,0.39,-0.35,0.18,80
POS,0.38,-0.34,0.20,63
POS,0.39,-0.34,0.19,55
POS,0.39,-0.32,0.19,49
POS,0.40,-0.29,0.21,47
POS,0.42,-0.31,0.18,57
POS,0.36,-0.31,0.23,78
POS,0.34,-0.31,0.23,64
POS,0.41,-0.31,0.23,74
POS,0.35,-0.31,0.25,77
POS,0.38,-0.32,0.22,55
POS,0.46,-0.34,0.19,80
POS,0.46,-0.34,0.23,70
POS,0.46,-0.34,0.21,57
POS,0.37,-0.34,0.23,79
POS,0.35,-0.35,0.21,67
POS,0.51,-0.40,0.23,92
POS,0.47,-0.39,0.21,64
POS,0.45,-0.38,0.22,64
POS,0.44,-0.37,0.21,57
POS,0.49,-0.40,0.20,83
POS,0.46,-0.39,0.20,62
POS,0.36,-0.32,0.26,84
POS,0.36,-0.30,0.26,54
POS,0.34,-0.30,0.25,62
POS,0.36,-0.31,0.26,64
POS,0.38,-0.31,0.24,84
POS,0.39,-0.31,0.23,54
POS,0.41,-0.33,0.22,66
POS,0.46,-0.34,0.21,72
POS,0.49,-0.35,0.26,82
POS,0.50,-0.36,0.25,69
POS,0.44,-0.36,0.23,66
POS,0.46,-0.37,0.26,78
POS,0.44,-0.37,0.22,58
POS,0.55,-0.39,0.23,89
POS,0.50,-0.38,0.20,59
POS,0.49,-0.37,0.20,57
POS,0.53,-0.41,0.21,85
POS,0.41,-0.35,0.27,85
POS,0.35,-0.35,0.26,77
POS,0.28,-0.31,0.31,85
POS,0.21,-0.29,0.33,85
POS,0.26,-0.31,0.28,60
POS,0.26,-0.31,0.25,63
POS,0.35,-0.36,0.22,80
POS,0.29,-0.35,0.25,82
POS,0.31,-0.35,0.26,68
POS,0.30,-0.35,0.25,62
POS,0.34,-0.34,0.23,58
POS,0.35,-0.34,0.22,56
POS,0.31,-0.34,0.21,68
POS,0.30,-0.35,0.19,65
POS,0.30,-0.35,0.18,61
POS,0.34,-0.32,0.20,55
POS,0.40,-0.33,0.23,77
POS,0.30,-0.29,0.27,87
POS,0.32,-0.31,0.26,65
POS,0.35,-0.31,0.23,54
POS,0.34,-0.30,0.23,57
POS,0.36,-0.31,0.24,67
POS,0.35,-0.30,0.27,66
POS,0.33,-0.32,0.24,70
POS,0.35,-0.32,0.21,53
POS,0.39,-0.32,0.23,64
POS,0.39,-0.33,0.23,66
POS,0.46,-0.36,0.23,83
POS,0.48,-0.38,0.22,75
POS,0.43,-0.38,0.20,65
POS,0.45,-0.39,0.20,71
POS,0.46,-0.39,0.20,71
POS,0.49,-0.39,0.19,70
POS,0.44,-0.38,0.18,62
POS,0.41,-0.36,0.19,58
POS,0.34,-0.31,0.25,80
POS,0.34,-0.32,0.23,64
POS,0.34,-0.33,0.25,69
POS,0.35,-0.34,0.23,65
POS,0.36,-0.35,0.24,66
POS,0.33,-0.36,0.21,68
POS,0.39,-0.38,0.23,80
POS,0.41,-0.38,0.22,66
POS,0.41,-0.34,0.24,56
POS,0.46,-0.38,0.22,81
POS,0.43,-0.38,0.21,62
POS,0.40,-0.37,0.21,65
POS,0.42,-0.38,0.21,69
POS,0.41,-0.37,0.21,64
POS,0.42,-0.36,0.19,51
POS,0.33,-0.32,0.24,83
POS,0.36,-0.29,0.23,46
POS,0.49,-0.39,0.26,93
POS,0.39,-0.35,0.28,83
POS,0.38,-0.36,0.27,68
POS,0.36,-0.37,0.22,64
POS,0.36,-0.37,0.20,63
POS,0.40,-0.39,0.19,73
POS,0.43,-0.36,0.22,68
POS,0.40,-0.35,0.23,61
POS,0.39,-0.34,0.21,57
POS,0.31,-0.34,0.25,83
POS,0.38,-0.38,0.24,81
POS,0.32,-0.35,0.26,77
POS,0.31,-0.36,0.23,68
POS,0.23,-0.33,0.26,86
POS,0.30,-0.35,0.23,70
POS,0.29,-0.35,0.22,67
POS,0.32,-0.35,0.22,61
POS,0.27,-0.34,0.26,81
POS,0.22,-0.24,0.33,92
POS,0.25,-0.27,0.28,59
POS,0.20,-0.28,0.30,85
POS,0.27,-0.31,0.27,69
POS,0.35,-0.34,0.28,80
POS,0.33,-0.34,0.26,66
POS,0.33,-0.34,0.23,59
POS,0.34,-0.35,0.24,65
POS,0.25,-0.30,0.28,87
POS,0.31,-0.28,0.25,44
POS,0.38,-0.30,0.26,76
POS,0.38,-0.30,0.28,68
POS,0.35,-0.32,0.25,67
POS,0.29,-0.30,0.30,84
POS,0.35,-0.31,0.27,65
POS,0.30,-0.32,0.30,80
POS,0.33,-0.32,0.26,57
POS,0.28,-0.34,0.28,83
POS,0.32,-0.31,0.27,51
POS,0.40,-0.33,0.29,81
POS,0.39,-0.34,0.26,64
POS,0.40,-0.34,0.24,59
POS,0.38,-0.33,0.23,52
POS,0.35,-0.32,0.23,64
POS,0.40,-0.34,0.23,73
POS,0.30,-0.28,0.29,88
POS,0.25,-0.29,0.30,81
POS,0.27,-0.31,0.27,62
POS,0.27,-0.29,0.27,63
POS,0.38,-0.36,0.26,87
POS,0.37,-0.36,0.26,69
POS,0.39,-0.37,0.22,62
POS,0.38,-0.36,0.21,61
POS,0.37,-0.37,0.19,63
POS,0.37,-0.38,0.17,63
POS,0.31,-0.35,0.22,80
POS,0.34,-0.33,0.21,48
POS,0.32,-0.33,0.20,66
POS,0.27,-0.32,0.24,83
POS,0.27,-0.34,0.23,69
POS,0.34,-0.33,0.24,69
POS,0.36,-0.33,0.23,57
POS,0.35,-0.32,0.22,57
POS,0.45,-0.37,0.27,90
POS,0.44,-0.37,0.25,61
POS,0.43,-0.36,0.24,60
POS,0.43,-0.34,0.24,57
POS,0.44,-0.34,0.22,58
POS,0.43,-0.33,0.22,58
POS,0.41,-0.32,0.24,66
POS,0.50,-0.39,0.25,90
POS,0.46,-0.39,0.22,60
POS,0.47,-0.39,0.23,72
POS,0.46,-0.39,0.21,62
POS,0.44,-0.37,0.19,51
POS,0.45,-0.35,0.23,70
POS,0.38,-0.35,0.25,79
POS,0.33,-0.36,0.27,79
POS,0.35,-0.35,0.26,55
POS,0.29,-0.35,0.28,81
POS,0.32,-0.35,0.23,57
POS,0.35,-0.35,0.25,71
POS,0.35,-0.35,0.23,58
POS,0.42,-0.37,0.22,79
POS,0.33,-0.34,0.27,83
POS,0.25,-0.28,0.35,91
POS,0.28,-0.30,0.28,56
POS,0.32,-0.30,0.27,62
POS,0.36,-0.32,0.28,71
POS,0.35,-0.33,0.25,62
POS,0.37,-0.33,0.23,60
POS,0.43,-0.35,0.24,79
POS,0.41,-0.37,0.20,64
POS,0.47,-0.39,0.22,82
POS,0.40,-0.37,0.26,78
POS,0.41,-0.36,0.26,64
POS,0.39,-0.33,0.25,51
POS,0.38,-0.35,0.23,67
POS,0.38,-0.35,0.24,65
POS,0.38,-0.34,0.22,57
POS,0.40,-0.32,0.21,44
POS,0.42,-0.32,0.20,57
POS,0.41,-0.29,0.21,45
POS,0.42,-0.29,0.22,58
POS,0.34,-0.28,0.25,79
POS,0.40,-0.32,0.27,81
POS,0.39,-0.33,0.26,64
POS,0.38,-0.31,0.27,59
POS,0.39,-0.31,0.27,66
POS,0.43,-0.35,0.24,75
POS,0.42,-0.36,0.23,67
POS,0.44,-0.35,0.23,67
POS,0.40,-0.35,0.24,70
POS,0.45,-0.39,0.23,82
POS,0.43,-0.37,0.22,57
POS,0.33,-0.33,0.27,86
POS,0.36,-0.32,0.27,58
POS,0.28,-0.29,0.29,83
POS,0.23,-0.27,0.32,84
POS,0.23,-0.29,0.30,71
POS,0.26,-0.31,0.29,69
POS,0.35,-0.36,0.30,84
POS,0.34,-0.36,0.28,66
POS,0.38,-0.35,0.26,60
POS,0.33,-0.34,0.28,78
POS,0.32,-0.34,0.28,67
POS,0.37,-0.32,0.26,57
POS,0.38,-0.33,0.25,61
POS,0.36,-0.32,0.25,63
POS,0.41,-0.35,0.22,74
POS,0.42,-0.35,0.23,68
POS,0.45,-0.35,0.25,74
POS,0.43,-0.37,0.22,66
POS,0.35,-0.33,0.26,80
POS,0.35,-0.32,0.26,61
POS,0.36,-0.34,0.23,63
POS,0.36,-0.34,0.21,53
POS,0.35,-0.33,0.20,60
POS,0.39,-0.33,0.19,59
POS,0.28,-0.29,0.24,88
POS,0.33,-0.29,0.24,55
POS,0.36,-0.30,0.22,61
POS,0.39,-0.31,0.22,62
POS,0.37,-0.34,0.22,71
POS,0.39,-0.34,0.21,58
POS,0.28,-0.30,0.26,87
POS,0.25,-0.31,0.29,81
POS,0.29,-0.34,0.24,64
POS,0.31,-0.34,0.22,59
POS,0.33,-0.33,0.23,62
POS,0.33,-0.34,0.23,66
POS,0.34,-0.35,0.22,63
POS,0.36,-0.34,0.20,51
POS,0.41,-0.32,0.23,70
POS,0.44,-0.34,0.24,75
POS,0.45,-0.35,0.27,74
POS,0.44,-0.34,0.23,52
POS,0.36,-0.27,0.29,82
POS,0.36,-0.31,0.24,64
POS,0.39,-0.32,0.26,73
POS,0.31,-0.32,0.26,80
POS,0.34,-0.30,0.25,44
POS,0.39,-0.30,0.24,59
POS,0.42,-0.30,0.21,54
POS,0.40,-0.33,0.21,69
POS,0.43,-0.35,0.20,74
POS,0.44,-0.35,0.19,57
POS,0.51,-0.39,0.15,86
POS,0.41,-0.38,0.19,80
POS,0.34,-0.35,0.24,81
POS,0.35,-0.32,0.25,55
POS,0.28,-0.30,0.29,84
POS,0.30,-0.28,0.28,54
POS,0.35,-0.30,0.28,70
POS,0.27,-0.21,0.33,86
POS,0.29,-0.26,0.27,66
POS,0.30,-0.26,0.26,58
POS,0.34,-0.28,0.25,58
POS,0.35,-0.31,0.22,65
POS,0.37,-0.31,0.21,53
POS,0.39,-0.31,0.21,62
POS,0.39,-0.33,0.19,60
POS,0.42,-0.35,0.19,73
POS,0.40,-0.34,0.21,59
POS,0.37,-0.34,0.21,65
POS,0.33,-0.35,0.25,80
POS,0.38,-0.37,0.22,71
POS,0.40,-0.36,0.20,56
POS,0.38,-0.34,0.20,52
POS,0.38,-0.34,0.19,62
POS,0.39,-0.35,0.21,69
POS,0.31,-0.31,0.27,84
POS,0.31,-0.31,0.25,59
POS,0.31,-0.30,0.24,53
POS,0.24,-0.28,0.29,86
POS,0.27,-0.30,0.26,61
POS,0.29,-0.31,0.25,63
POS,0.31,-0.34,0.24,70
POS,0.28,-0.36,0.26,80
POS,0.38,-0.39,0.23,82
POS,0.40,-0.37,0.23,60
POS,0.39,-0.37,0.22,65
POS,0.43,-0.38,0.23,75
POS,0.43,-0.37,0.23,64
POS,0.41,-0.36,0.21,56
POS,0.33,-0.35,0.25,82
POS,0.28,-0.34,0.28,82
POS,0.31,-0.34,0.24,57
POS,0.31,-0.34,0.23,64
POS,0.36,-0.34,0.27,74
POS,0.35,-0.33,0.25,57
POS,0.36,-0.33,0.24,60
POS,0.30,-0.32,0.26,80
POS,0.31,-0.33,0.26,64
POS,0.32,-0.34,0.24,67
POS,0.35,-0.34,0.24,64
POS,0.36,-0.32,0.23,47
POS,0.30,-0.32,0.27,82
POS,0.33,-0.34,0.27,69
POS,0.32,-0.35,0.23,64
POS,0.28,-0.35,0.25,79
POS,0.34,-0.31,0.25,59
POS,0.33,-0.33,0.23,66
POS,0.27,-0.33,0.26,83
POS,0.24,-0.31,0.29,80
POS,0.25,-0.33,0.27,69
POS,0.29,-0.34,0.26,64
POS,0.31,-0.34,0.23,60
POS,0.36,-0.37,0.22,72
POS,0.35,-0.36,0.22,64
POS,0.29,-0.34,0.26,82
POS,0.39,-0.39,0.26,86
POS,0.39,-0.36,0.26,61
POS,0.41,-0.36,0.22,55
POS,0.41,-0.35,0.21,59
POS,0.32,-0.28,0.27,84
POS,0.35,-0.28,0.26,49
POS,0.33,-0.28,0.27,66
POS,0.29,-0.29,0.30,81
POS,0.35,-0.33,0.26,73
POS,0.35,-0.33,0.23,56
POS,0.36,-0.33,0.23,59
POS,0.41,-0.36,0.23,77
POS,0.39,-0.36,0.23,68
POS,0.29,-0.29,0.28,88
POS,0.28,-0.30,0.27,65
POS,0.29,-0.32,0.24,66
POS,0.32,-0.33,0.22,57
POS,0.41,-0.36,0.22,82
POS,0.40,-0.34,0.23,60
POS,0.45,-0.36,0.24,77
POS,0.43,-0.37,0.22,65
POS,0.35,-0.35,0.25,80
POS,0.40,-0.37,0.22,73
POS,0.37,-0.37,0.22,69
POS,0.35,-0.36,0.22,64
POS,0.36,-0.36,0.21,61
POS,0.41,-0.38,0.24,81
POS,0.33,-0.36,0.27,83
POS,0.38,-0.34,0.26,60
POS,0.36,-0.34,0.26,66
POS,0.40,-0.35,0.24,70
POS,0.38,-0.35,0.25,69
POS,0.44,-0.39,0.25,82
POS,0.40,-0.38,0.26,71
POS,0.33,-0.37,0.27,80
POS,0.33,-0.37,0.27,71
POS,0.32,-0.37,0.24,65
POS,0.33,-0.35,0.24,54
POS,0.34,-0.36,0.22,67
POS,0.37,-0.35,0.21,53
POS,0.36,-0.35,0.21,66
POS,0.47,-0.38,0.21,87
POS,0.37,-0.33,0.24,82
POS,0.44,-0.33,0.24,75
POS,0.44,-0.33,0.22,59
POS,0.37,-0.33,0.26,81
POS,0.30,-0.32,0.28,81
POS,0.23,-0.31,0.29,83
POS,0.24,-0.31,0.28,65
POS,0.34,-0.31,0.28,77
POS,0.35,-0.32,0.25,62
POS,0.43,-0.37,0.23,83
POS,0.47,-0.39,0.24,78
POS,0.46,-0.38,0.22,61
POS,0.37,-0.35,0.24,78
POS,0.37,-0.34,0.25,61
POS,0.37,-0.33,0.23,52
POS,0.38,-0.34,0.21,62
POS,0.35,-0.34,0.21,67
POS,0.37,-0.35,0.21,69
POS,0.37,-0.35,0.20,59
POS,0.38,-0.33,0.21,56
POS,0.54,-0.38,0.22,92
POS,0.49,-0.38,0.21,66
POS,0.45,-0.37,0.20,59
POS,0.42,-0.37,0.21,69
POS,0.42,-0.37,0.22,64
POS,0.34,-0.35,0.27,83
POS,0.36,-0.35,0.27,68
POS,0.29,-0.32,0.29,81
POS,0.24,-0.30,0.32,83
POS,0.18,-0.25,0.35,87
POS,0.23,-0.27,0.30,53
POS,0.21,-0.19,0.35,88
POS,0.27,-0.23,0.29,56
POS,0.28,-0.25,0.26,52
POS,0.30,-0.28,0.25,67
POS,0.34,-0.28,0.24,55
POS,0.36,-0.29,0.25,62
POS,0.33,-0.29,0.25,68
POS,0.33,-0.30,0.24,58
POS,0.33,-0.32,0.24,70
POS,0.27,-0.34,0.27,84
POS,0.31,-0.34,0.25,59
POS,0.33,-0.34,0.21,58
POS,0.36,-0.31,0.22,42
POS,0.35,-0.32,0.20,62
POS,0.36,-0.33,0.17,55
POS,0.39,-0.33,0.20,65
POS,0.38,-0.34,0.19,66
POS,0.41,-0.33,0.19,57
POS,0.40,-0.34,0.18,64
POS,0.39,-0.35,0.18,64
POS,0.41,-0.36,0.19,68
POS,0.42,-0.35,0.19,56
POS,0.41,-0.34,0.19,55
POS,0.38,-0.34,0.20,66
POS,0.41,-0.35,0.22,74
POS,0.43,-0.33,0.21,49
POS,0.41,-0.33,0.19,54
POS,0.42,-0.32,0.20,59
POS,0.45,-0.33,0.25,78
POS,0.43,-0.34,0.23,62
POS,0.41,-0.33,0.23,59
POS,0.40,-0.30,0.24,52
POS,0.38,-0.30,0.23,60
POS,0.34,-0.31,0.22,65
POS,0.35,-0.33,0.20,62
POS,0.39,-0.34,0.20,68
POS,0.40,-0.32,0.21,53
POS,0.38,-0.32,0.21,61
POS,0.37,-0.29,0.23,51
POS,0.42,-0.33,0.25,79
POS,0.34,-0.33,0.27,82
POS,0.35,-0.33,0.24,58
POS,0.37,-0.34,0.24,66
POS,0.38,-0.35,0.23,66
POS,0.42,-0.37,0.27,82
POS,0.40,-0.37,0.23,62
POS,0.40,-0.36,0.24,60
POS,0.40,-0.35,0.23,62
POS,0.39,-0.35,0.23,62
POS,0.37,-0.35,0.21,63
POS,0.39,-0.33,0.20,45
POS,0.38,-0.30,0.22,51
POS,0.40,-0.32,0.24,72
POS,0.38,-0.34,0.23,67
POS,0.37,-0.35,0.20,60
POS,0.39,-0.33,0.21,59
POS,0.36,-0.34,0.20,66
POS,0.33,-0.32,0.22,64
POS,0.37,-0.29,0.23,49
POS,0.38,-0.29,0.22,50
POS,0.37,-0.30,0.22,59
POS,0.37,-0.30,0.21,57
POS,0.36,-0.32,0.20,61
POS,0.26,-0.28,0.25,87
POS,0.34,-0.31,0.25,75
POS,0.34,-0.32,0.23,57
POS,0.33,-0.33,0.23,69
POS,0.26,-0.32,0.26,83
POS,0.34,-0.34,0.25,74
POS,0.36,-0.32,0.25,56
POS,0.43,-0.36,0.26,83
POS,0.45,-0.37,0.24,72
POS,0.54,-0.43,0.27,91
POS,0.45,-0.41,0.29,79
POS,0.40,-0.39,0.24,58
POS,0.33,-0.35,0.27,80
POS,0.33,-0.34,0.26,57
POS,0.36,-0.35,0.25,69
POS,0.36,-0.34,0.24,55
POS,0.37,-0.33,0.23,53
POS,0.35,-0.32,0.22,60
POS,0.35,-0.31,0.22,53
POS,0.36,-0.30,0.23,60
POS,0.40,-0.33,0.24,76
POS,0.32,-0.32,0.27,83
POS,0.35,-0.32,0.24,57
POS,0.34,-0.34,0.22,65
POS,0.33,-0.33,0.21,60
POS,0.36,-0.34,0.19,62
POS,0.38,-0.35,0.17,60
POS,0.40,-0.35,0.18,63
POS,0.41,-0.35,0.18,60
POS,0.37,-0.34,0.19,67
POS,0.38,-0.35,0.20,64
POS,0.37,-0.35,0.19,58
POS,0.39,-0.34,0.19,57
POS,0.39,-0.34,0.19,57
POS,0.36,-0.33,0.20,64
POS,0.41,-0.34,0.22,75
POS,0.45,-0.36,0.19,73
POS,0.42,-0.38,0.17,66
POS,0.44,-0.39,0.18,72
POS,0.44,-0.36,0.18,52
POS,0.47,-0.37,0.19,71
POS,0.44,-0.38,0.17,69
POS,0.42,-0.38,0.18,64
POS,0.40,-0.38,0.17,63
POS,0.39,-0.37,0.20,67
POS,0.38,-0.37,0.21,66
POS,0.42,-0.38,0.23,78
POS,0.42,-0.37,0.23,64
POS,0.43,-0.36,0.23,61
POS,0.42,-0.37,0.18,60
POS,0.34,-0.36,0.20,77
POS,0.35,-0.37,0.19,64
POS,0.26,-0.32,0.24,86
POS,0.27,-0.33,0.23,64
POS,0.30,-0.34,0.22,64
POS,0.33,-0.33,0.23,63
POS,0.40,-0.37,0.24,82
POS,0.38,-0.35,0.24,59
POS,0.39,-0.36,0.23,65
POS,0.43,-0.34,0.20,54
POS,0.35,-0.35,0.23,82
POS,0.35,-0.35,0.24,69
POS,0.34,-0.34,0.23,60
POS,0.36,-0.34,0.25,69
POS,0.40,-0.36,0.28,79
POS,0.47,-0.38,0.31,85
POS,0.38,-0.34,0.34,82
POS,0.41,-0.36,0.29,71
POS,0.41,-0.36,0.26,62
POS,0.39,-0.36,0.24,64
POS,0.45,-0.39,0.26,82
POS,0.46,-0.35,0.24,50
POS,0.48,-0.36,0.23,73
POS,0.39,-0.33,0.28,83
POS,0.33,-0.34,0.28,78
POS,0.31,-0.34,0.23,61
POS,0.33,-0.36,0.21,68
POS,0.26,-0.32,0.25,84
POS,0.20,-0.31,0.27,82
POS,0.17,-0.30,0.30,84
POS,0.13,-0.27,0.33,85
POS,0.12,-0.28,0.34,84
POS,0.23,-0.32,0.29,75
POS,0.25,-0.34,0.28,71
POS,0.27,-0.35,0.27,69
POS,0.30,-0.35,0.25,60
POS,0.34,-0.34,0.25,66
POS,0.41,-0.37,0.29,84
POS,0.40,-0.35,0.27,56
POS,0.42,-0.33,0.25,52
POS,0.48,-0.35,0.26,81
POS,0.44,-0.35,0.24,65
POS,0.43,-0.37,0.22,69
POS,0.43,-0.36,0.22,60
POS,0.39,-0.36,0.21,67
POS,0.33,-0.35,0.24,78
POS,0.28,-0.32,0.27,79
POS,0.29,-0.33,0.26,65
POS,0.34,-0.33,0.23,58
POS,0.33,-0.34,0.21,62
POS,0.31,-0.34,0.20,64
POS,0.33,-0.32,0.22,58
POS,0.28,-0.29,0.26,79
POS,0.31,-0.31,0.22,56
POS,0.30,-0.33,0.21,68
POS,0.33,-0.34,0.21,64
POS,0.39,-0.35,0.20,70
POS,0.42,-0.37,0.21,75
POS,0.42,-0.36,0.20,55
POS,0.39,-0.35,0.21,65
POS,0.33,-0.33,0.25,80
POS,0.35,-0.32,0.25,59
POS,0.32,-0.32,0.23,63
POS,0.32,-0.34,0.22,66
POS,0.37,-0.32,0.23,61
POS,0.29,-0.27,0.29,84
POS,0.32,-0.29,0.26,62
POS,0.36,-0.30,0.25,61
POS,0.34,-0.32,0.24,67
POS,0.34,-0.33,0.23,67
POS,0.38,-0.32,0.23,58
POS,0.43,-0.34,0.25,79
POS,0.35,-0.33,0.27,80
POS,0.31,-0.28,0.32,84
POS,0.33,-0.29,0.28,55
POS,0.41,-0.34,0.27,83
POS,0.39,-0.34,0.25,63
POS,0.39,-0.35,0.23,61
POS,0.30,-0.33,0.27,84
POS,0.22,-0.30,0.30,87
POS,0.25,-0.30,0.28,56
POS,0.29,-0.31,0.26,63
POS,0.33,-0.31,0.28,69
POS,0.26,-0.28,0.31,85
POS,0.34,-0.31,0.26,72
POS,0.36,-0.32,0.26,65
POS,0.40,-0.32,0.25,62
POS,0.39,-0.32,0.25,63
POS,0.39,-0.32,0.25,65
POS,0.29,-0.29,0.29,87
POS,0.31,-0.31,0.26,63
POS,0.33,-0.30,0.26,57
POS,0.34,-0.31,0.24,55
POS,0.42,-0.34,0.24,82
POS,0.33,-0.32,0.27,83
POS,0.34,-0.34,0.24,63
POS,0.34,-0.35,0.23,65
POS,0.35,-0.33,0.22,55
POS,0.37,-0.33,0.23,65
POS,0.39,-0.31,0.24,55
POS,0.42,-0.32,0.25,70
POS,0.42,-0.32,0.23,49
POS,0.46,-0.32,0.22,70
POS,0.45,-0.32,0.21,57
POS,0.43,-0.31,0.21,54
POS,0.43,-0.32,0.21,59
POS,0.33,-0.28,0.26,85
POS,0.39,-0.30,0.24,71
POS,0.38,-0.33,0.22,66
POS,0.41,-0.35,0.20,68
POS,0.35,-0.34,0.19,64
POS,0.28,-0.31,0.25,85
POS,0.28,-0.33,0.23,67
POS,0.31,-0.33,0.24,65
POS,0.38,-0.32,0.26,74
POS,0.42,-0.35,0.24,74
POS,0.37,-0.35,0.26,78
POS,0.36,-0.36,0.24,62
POS,0.37,-0.35,0.24,60
POS,0.45,-0.40,0.21,86
POS,0.35,-0.38,0.24,83
POS,0.38,-0.35,0.22,50
POS,0.37,-0.34,0.21,53
POS,0.42,-0.31,0.23,66
POS,0.40,-0.31,0.23,60
POS,0.46,-0.36,0.20,82
POS,0.46,-0.35,0.19,51
POS,0.42,-0.35,0.18,63
POS,0.48,-0.36,0.17,73
POS,0.47,-0.35,0.18,61
POS,0.43,-0.35,0.17,59
POS,0.42,-0.35,0.15,56
POS,0.42,-0.35,0.16,58
POS,0.42,-0.34,0.16,56
POS,0.43,-0.33,0.17,54
POS,0.47,-0.34,0.17,75
POS,0.39,-0.34,0.22,81
POS,0.42,-0.35,0.20,68
POS,0.31,-0.32,0.23,85
POS,0.36,-0.34,0.23,72
POS,0.36,-0.35,0.22,64
POS,0.37,-0.34,0.22,56
POS,0.42,-0.35,0.21,74
POS,0.34,-0.32,0.26,82
POS,0.26,-0.30,0.29,85
POS,0.23,-0.32,0.30,81
POS,0.31,-0.30,0.28,58
POS,0.36,-0.30,0.27,61
POS,0.49,-0.40,0.22,93
POS,0.55,-0.43,0.17,86
POS,0.51,-0.40,0.19,57
POS,0.49,-0.39,0.19,62
POS,0.55,-0.41,0.22,87
POS,0.55,-0.42,0.23,78
POS,0.53,-0.39,0.21,53
POS,0.50,-0.36,0.23,60
POS,0.53,-0.37,0.21,73
POS,0.49,-0.38,0.19,64
POS,0.54,-0.39,0.22,84
POS,0.50,-0.39,0.20,64
POS,0.46,-0.37,0.20,59
POS,0.44,-0.37,0.21,66
POS,0.43,-0.37,0.19,63
POS,0.42,-0.36,0.18,54
POS,0.40,-0.36,0.18,63
POS,0.33,-0.34,0.23,81
POS,0.36,-0.34,0.22,61
POS,0.28,-0.31,0.27,85
POS,0.25,-0.27,0.31,78
POS,0.33,-0.30,0.29,75
POS,0.35,-0.31,0.27,62
POS,0.34,-0.31,0.24,56
POS,0.38,-0.32,0.22,60
POS,0.38,-0.32,0.21,56
POS,0.40,-0.34,0.20,70
POS,0.41,-0.35,0.20,63
POS,0.34,-0.31,0.24,78
POS,0.37,-0.31,0.24,57
POS,0.35,-0.32,0.22,61
POS,0.36,-0.29,0.24,58
POS,0.42,-0.34,0.25,81
POS,0.47,-0.37,0.25,81
POS,0.44,-0.38,0.23,69
POS,0.43,-0.38,0.23,67
POS,0.43,-0.35,0.23,51
POS,0.44,-0.34,0.22,59
POS,0.42,-0.34,0.21,53
POS,0.40,-0.33,0.21,61
POS,0.32,-0.30,0.26,83
POS,0.37,-0.32,0.22,63
POS,0.40,-0.34,0.23,70
POS,0.38,-0.33,0.22,60
POS,0.44,-0.37,0.19,80
POS,0.36,-0.31,0.24,79
POS,0.45,-0.37,0.24,87
POS,0.42,-0.37,0.24,66
POS,0.42,-0.35,0.23,55
POS,0.35,-0.35,0.24,79
POS,0.30,-0.35,0.27,82
POS,0.23,-0.29,0.35,91
POS,0.25,-0.31,0.28,59
POS,0.26,-0.32,0.24,60
POS,0.27,-0.33,0.22,63
POS,0.23,-0.33,0.26,83
POS,0.21,-0.34,0.28,81
POS,0.19,-0.32,0.32,82
POS,0.26,-0.32,0.29,60
POS,0.20,-0.28,0.32,86
POS,0.21,-0.30,0.28,67
POS,0.27,-0.30,0.27,57
POS,0.28,-0.32,0.24,64
POS,0.25,-0.30,0.29,81
POS,0.30,-0.31,0.26,58
POS,0.25,-0.30,0.30,84
POS,0.35,-0.34,0.28,82
POS,0.28,-0.29,0.32,86
POS,0.38,-0.34,0.25,81
POS,0.41,-0.31,0.23,46
POS,0.47,-0.34,0.24,80
POS,0.42,-0.34,0.23,64
POS,0.35,-0.34,0.25,80
POS,0.36,-0.34,0.25,62
POS,0.38,-0.35,0.23,63
POS,0.38,-0.36,0.22,66
POS,0.35,-0.36,0.22,68
POS,0.36,-0.34,0.23,60
POS,0.35,-0.34,0.23,65
POS,0.32,-0.34,0.23,68
POS,0.25,-0.27,0.31,91
POS,0.32,-0.26,0.28,51
POS,0.34,-0.28,0.26,62
POS,0.34,-0.27,0.26,55
POS,0.36,-0.30,0.23,60
POS,0.39,-0.29,0.23,56
POS,0.42,-0.32,0.23,70
POS,0.41,-0.32,0.22,62
POS,0.41,-0.33,0.21,62
POS,0.42,-0.33,0.21,58
POS,0.41,-0.34,0.21,65
POS,0.37,-0.34,0.18,56
POS,0.37,-0.36,0.18,70
POS,0.40,-0.34,0.20,60
POS,0.39,-0.33,0.20,55
POS,0.38,-0.34,0.19,61
POS,0.30,-0.34,0.23,84
POS,0.24,-0.31,0.28,85
POS,0.26,-0.34,0.25,69
POS,0.26,-0.34,0.24,64
POS,0.31,-0.32,0.22,52
POS,0.32,-0.33,0.22,62
POS,0.23,-0.28,0.27,88
POS,0.27,-0.29,0.24,55
POS,0.29,-0.32,0.21,61
POS,0.31,-0.32,0.20,56
POS,0.33,-0.33,0.19,62
POS,0.32,-0.33,0.18,56
POS,0.33,-0.33,0.17,56
POS,0.33,-0.34,0.16,57
POS,0.35,-0.33,0.17,56
POS,0.27,-0.30,0.23,86
POS,0.34,-0.34,0.20,73
POS,0.38,-0.36,0.21,72
POS,0.38,-0.35,0.20,53
POS,0.35,-0.33,0.21,63
POS,0.36,-0.32,0.20,50
POS,0.36,-0.31,0.21,56
POS,0.35,-0.33,0.19,66
POS,0.36,-0.34,0.20,63
POS,0.36,-0.34,0.20,64
POS,0.39,-0.34,0.19,63
POS,0.42,-0.37,0.18,72
POS,0.36,-0.33,0.24,77
POS,0.42,-0.33,0.23,72
POS,0.37,-0.33,0.24,71
POS,0.41,-0.35,0.24,74
POS,0.34,-0.36,0.27,81
POS,0.37,-0.35,0.24,57
POS,0.43,-0.36,0.31,86
POS,0.53,-0.42,0.30,91
POS,0.52,-0.41,0.28,70
POS,0.49,-0.40,0.25,58
POS,0.38,-0.35,0.28,82
POS,0.35,-0.35,0.25,62
POS,0.35,-0.35,0.24,66
POS,0.35,-0.34,0.25,62
POS,0.26,-0.33,0.26,84
POS,0.35,-0.34,0.22,70
POS,0.25,-0.29,0.27,89
POS,0.26,-0.32,0.24,65
POS,0.32,-0.32,0.21,59
POS,0.44,-0.39,0.22,90
POS,0.34,-0.36,0.28,85
POS,0.34,-0.33,0.26,52
POS,0.36,-0.33,0.24,58
POS,0.39,-0.33,0.25,68
POS,0.38,-0.33,0.24,62
POS,0.41,-0.32,0.23,56
POS,0.31,-0.32,0.25,83
POS,0.33,-0.32,0.24,60
POS,0.34,-0.31,0.24,57
POS,0.35,-0.33,0.23,66
POS,0.40,-0.36,0.21,75
POS,0.43,-0.38,0.20,72
POS,0.46,-0.39,0.20,75
POS,0.47,-0.38,0.19,61
POS,0.46,-0.36,0.21,61
POS,0.47,-0.36,0.22,71
POS,0.47,-0.35,0.21,55
POS,0.43,-0.36,0.20,68
POS,0.41,-0.35,0.21,63
POS,0.34,-0.33,0.26,81
POS,0.41,-0.37,0.25,82
POS,0.36,-0.36,0.28,79
POS,0.38,-0.34,0.26,53
POS,0.29,-0.34,0.28,84
POS,0.24,-0.30,0.31,83
POS,0.17,-0.27,0.36,90
POS,0.29,-0.32,0.33,82
POS,0.20,-0.27,0.34,88
POS,0.34,-0.34,0.27,87
POS,0.38,-0.35,0.28,75
POS,0.40,-0.36,0.29,73
POS,0.37,-0.37,0.26,70
POS,0.35,-0.38,0.26,72
POS,0.35,-0.37,0.26,68
POS,0.39,-0.38,0.24,73
POS,0.41,-0.37,0.23,63
POS,0.38,-0.37,0.23,65
POS,0.30,-0.30,0.28,84
POS,0.37,-0.33,0.30,80
POS,0.38,-0.33,0.28,62
POS,0.30,-0.33,0.30,85
POS,0.41,-0.39,0.27,88
POS,0.35,-0.39,0.27,78
POS,0.36,-0.39,0.25,66
POS,0.40,-0.38,0.25,69
POS,0.34,-0.37,0.29,80
POS,0.46,-0.39,0.27,86
POS,0.45,-0.35,0.27,58
POS,0.47,-0.37,0.26,72
POS,0.37,-0.35,0.28,83
POS,0.31,-0.33,0.32,82
POS,0.25,-0.27,0.34,84
POS,0.27,-0.29,0.30,63
POS,0.23,-0.30,0.33,83
POS,0.19,-0.27,0.35,84
POS,0.25,-0.29,0.31,61
POS,0.36,-0.34,0.27,83
POS,0.38,-0.34,0.25,65
POS,0.41,-0.36,0.25,71
POS,0.33,-0.30,0.32,89
POS,0.38,-0.34,0.28,73
POS,0.43,-0.37,0.27,81
POS,0.35,-0.34,0.30,81
POS,0.35,-0.34,0.26,59
POS,0.37,-0.34,0.26,62
POS,0.42,-0.36,0.22,73
POS,0.34,-0.32,0.27,82
POS,0.36,-0.32,0.26,59
POS,0.43,-0.36,0.25,82
POS,0.39,-0.37,0.22,66
POS,0.41,-0.36,0.22,62
POS,0.38,-0.37,0.20,67
POS,0.36,-0.36,0.18,58
POS,0.37,-0.33,0.19,44
POS,0.36,-0.33,0.18,57
POS,0.40,-0.35,0.18,72
POS,0.42,-0.37,0.19,72
POS,0.42,-0.36,0.20,62
POS,0.42,-0.35,0.19,56
POS,0.42,-0.34,0.20,55
POS,0.42,-0.33,0.21,62
POS,0.56,-0.39,0.21,92
POS,0.52,-0.37,0.21,60
POS,0.50,-0.36,0.21,61
POS,0.48,-0.36,0.22,64
POS,0.50,-0.38,0.21,77
POS,0.41,-0.36,0.24,81
POS,0.43,-0.38,0.23,73
POS,0.40,-0.38,0.22,66
POS,0.38,-0.38,0.22,70
POS,0.36,-0.37,0.21,64
POS,0.37,-0.39,0.19,70
POS,0.40,-0.38,0.18,60
POS,0.32,-0.37,0.21,81
POS,0.30,-0.38,0.20,73
POS,0.35,-0.36,0.21,61
POS,0.33,-0.35,0.21,65
POS,0.43,-0.38,0.19,81
POS,0.39,-0.37,0.20,66
POS,0.38,-0.37,0.21,67
POS,0.37,-0.35,0.20,55
POS,0.50,-0.38,0.24,90
POS,0.46,-0.36,0.23,59
POS,0.44,-0.36,0.22,60
POS,0.45,-0.37,0.23,71
POS,0.43,-0.37,0.22,65
POS,0.47,-0.36,0.21,67
POS,0.46,-0.35,0.21,57
POS,0.45,-0.33,0.21,54
POS,0.35,-0.31,0.24,82
POS,0.36,-0.33,0.23,66
POS,0.36,-0.33,0.24,66
POS,0.33,-0.31,0.29,77
POS,0.32,-0.32,0.27,66
POS,0.26,-0.29,0.31,84
POS,0.31,-0.27,0.28,45
POS,0.34,-0.29,0.24,58
POS,0.27,-0.27,0.29,84
POS,0.29,-0.29,0.26,61
POS,0.31,-0.31,0.25,62
POS,0.36,-0.34,0.24,73
POS,0.44,-0.37,0.21,82
POS,0.37,-0.37,0.24,79
POS,0.41,-0.36,0.22,60
POS,0.33,-0.34,0.25,82
POS,0.28,-0.29,0.30,83
POS,0.28,-0.31,0.28,66
POS,0.29,-0.32,0.26,67
POS,0.33,-0.34,0.24,67
POS,0.38,-0.35,0.25,74
POS,0.38,-0.34,0.24,55
POS,0.35,-0.34,0.23,65
POS,0.29,-0.29,0.27,80
POS,0.30,-0.31,0.25,63
POS,0.41,-0.37,0.22,87
POS,0.37,-0.38,0.24,79
POS,0.39,-0.36,0.24,57
POS,0.39,-0.37,0.22,65
POS,0.37,-0.37,0.21,67
POS,0.37,-0.37,0.22,67
POS,0.42,-0.38,0.21,74
POS,0.42,-0.36,0.21,57
POS,0.44,-0.36,0.24,72
POS,0.38,-0.35,0.26,76
POS,0.36,-0.35,0.25,66
POS,0.36,-0.34,0.24,58
POS,0.34,-0.33,0.23,61
POS,0.42,-0.36,0.23,81
POS,0.46,-0.38,0.25,79
POS,0.37,-0.38,0.25,79
POS,0.37,-0.36,0.25,61
POS,0.34,-0.37,0.21,66
POS,0.34,-0.37,0.19,63
POS,0.25,-0.31,0.24,87
POS,0.34,-0.33,0.22,73
POS,0.28,-0.29,0.27,81
POS,0.33,-0.29,0.26,59
POS,0.41,-0.30,0.25,72
POS,0.41,-0.31,0.25,66
POS,0.34,-0.31,0.28,81
POS,0.38,-0.33,0.26,69
POS,0.40,-0.33,0.24,56
POS,0.39,-0.34,0.23,66
POS,0.40,-0.33,0.23,59
POS,0.43,-0.36,0.23,73
POS,0.35,-0.34,0.26,80
POS,0.29,-0.33,0.29,83
POS,0.30,-0.31,0.29,57
POS,0.40,-0.34,0.24,81
POS,0.37,-0.36,0.22,69
POS,0.36,-0.35,0.21,59
POS,0.36,-0.35,0.20,59
POS,0.35,-0.35,0.21,63
POS,0.34,-0.35,0.20,63
POS,0.34,-0.35,0.19,63
POS,0.32,-0.34,0.19,60
POS,0.33,-0.35,0.20,65
POS,0.30,-0.34,0.19,59
POS,0.31,-0.35,0.19,67
POS,0.29,-0.33,0.20,59
POS,0.34,-0.32,0.21,62
POS,0.43,-0.37,0.25,87
POS,0.44,-0.34,0.25,60
POS,0.42,-0.35,0.23,59
POS,0.57,-0.40,0.21,92
POS,0.49,-0.40,0.23,74
POS,0.47,-0.39,0.22,64
POS,0.44,-0.38,0.22,62
POS,0.43,-0.36,0.22,59
POS,0.41,-0.35,0.22,59
POS,0.45,-0.35,0.24,74
POS,0.35,-0.28,0.32,90
POS,0.45,-0.35,0.28,88
POS,0.41,-0.34,0.27,66
POS,0.37,-0.34,0.24,64
POS,0.37,-0.35,0.25,69
POS,0.30,-0.30,0.30,84
POS,0.32,-0.31,0.27,60
POS,0.34,-0.31,0.27,62
POS,0.33,-0.29,0.27,58
POS,0.33,-0.28,0.26,54
POS,0.36,-0.30,0.24,60
POS,0.36,-0.32,0.22,67
POS,0.38,-0.32,0.22,62
POS,0.43,-0.36,0.25,82
POS,0.41,-0.38,0.24,73
POS,0.44,-0.37,0.25,74
POS,0.37,-0.35,0.28,79
POS,0.41,-0.36,0.27,72
POS,0.40,-0.36,0.25,61
POS,0.37,-0.36,0.24,65
POS,0.35,-0.36,0.23,70
POS,0.37,-0.35,0.24,62
POS,0.28,-0.31,0.28,85
POS,0.29,-0.33,0.25,65
POS,0.35,-0.36,0.23,96
POS,0.35,-0.33,0.23,50
POS,0.34,-0.32,0.23,57
POS,0.42,-0.35,0.24,82
POS,0.43,-0.33,0.23,53
POS,0.41,-0.35,0.21,66
POS,0.37,-0.35,0.21,65
POS,0.37,-0.35,0.22,68
POS,0.40,-0.35,0.21,58
POS,0.39,-0.35,0.19,61
POS,0.38,-0.33,0.21,59
POS,0.41,-0.32,0.20,56
POS,0.45,-0.34,0.21,73
POS,0.49,-0.34,0.20,71
POS,0.48,-0.33,0.20,56
POS,0.38,-0.26,0.26,84
POS,0.43,-0.30,0.26,75
POS,0.41,-0.32,0.25,68
POS,0.34,-0.29,0.28,79
POS,0.34,-0.29,0.27,58
POS,0.33,-0.29,0.27,59
POS,0.27,-0.15,0.28,81
POS,0.30,-0.20,0.27,64
POS,0.39,-0.27,0.25,82
POS,0.39,-0.30,0.23,63
POS,0.37,-0.31,0.21,61
POS,0.35,-0.33,0.20,64
POS,0.35,-0.34,0.21,69
POS,0.38,-0.33,0.20,53
POS,0.38,-0.31,0.21,52
POS,0.45,-0.33,0.23,81
POS,0.57,-0.37,0.21,90
POS,0.51,-0.36,0.23,67
POS,0.50,-0.37,0.23,71
POS,0.45,-0.35,0.24,63
POS,0.51,-0.39,0.22,83
POS,0.46,-0.38,0.20,62
POS,0.38,-0.34,0.25,78
POS,0.37,-0.34,0.24,61
POS,0.35,-0.35,0.20,63
POS,0.36,-0.35,0.20,62
POS,0.45,-0.40,0.18,87
POS,0.42,-0.40,0.19,68
POS,0.40,-0.39,0.16,60
POS,0.40,-0.36,0.18,53
POS,0.39,-0.36,0.19,65
POS,0.32,-0.36,0.23,82
POS,0.35,-0.36,0.25,70
POS,0.38,-0.35,0.24,60
POS,0.38,-0.34,0.23,58
POS,0.40,-0.36,0.23,71
POS,0.36,-0.35,0.21,63
POS,0.37,-0.35,0.21,65
POS,0.43,-0.35,0.20,66
POS,0.41,-0.35,0.20,66
POS,0.43,-0.37,0.22,74
POS,0.35,-0.32,0.27,82
POS,0.37,-0.33,0.26,64
POS,0.43,-0.33,0.23,70
POS,0.38,-0.34,0.25,76
POS,0.43,-0.34,0.28,78
POS,0.41,-0.34,0.27,64
POS,0.38,-0.35,0.24,65
POS,0.35,-0.33,0.24,60
POS,0.35,-0.33,0.22,58
POS,0.39,-0.34,0.23,70
POS,0.37,-0.33,0.22,57
POS,0.42,-0.35,0.24,77
POS,0.41,-0.36,0.23,65
POS,0.43,-0.37,0.24,74
POS,0.41,-0.35,0.24,60
POS,0.36,-0.35,0.27,77
POS,0.34,-0.36,0.27,71
POS,0.38,-0.31,0.25,36
POS,0.41,-0.34,0.23,71
POS,0.40,-0.35,0.23,67
POS,0.40,-0.34,0.25,67
POS,0.38,-0.35,0.23,65
POS,0.40,-0.35,0.20,57
POS,0.37,-0.35,0.20,68
POS,0.36,-0.36,0.20,67
POS,0.37,-0.35,0.20,57
POS,0.39,-0.36,0.21,70
POS,0.46,-0.38,0.20,80
POS,0.43,-0.38,0.21,71
POS,0.49,-0.41,0.25,86
POS,0.38,-0.38,0.27,82
POS,0.41,-0.38,0.26,71
POS,0.39,-0.38,0.24,62
POS,0.40,-0.36,0.23,53
POS,0.38,-0.32,0.23,42
POS,0.42,-0.33,0.23,71
POS,0.40,-0.35,0.22,65
POS,0.42,-0.36,0.22,73
POS,0.54,-0.39,0.24,90
POS,0.44,-0.37,0.26,78
POS,0.35,-0.36,0.27,81
POS,0.36,-0.36,0.26,65
POS,0.39,-0.37,0.25,70
POS,0.39,-0.33,0.25,45
POS,0.39,-0.32,0.25,60
POS,0.42,-0.34,0.25,74
POS,0.40,-0.34,0.26,68
POS,0.41,-0.33,0.25,58
POS,0.40,-0.33,0.23,56
POS,0.39,-0.35,0.21,66
POS,0.38,-0.33,0.22,55
POS,0.30,-0.31,0.27,85
POS,0.39,-0.26,0.24,87
POS,0.37,-0.27,0.23,58
POS,0.40,-0.31,0.22,73
POS,0.38,-0.31,0.24,64
POS,0.35,-0.32,0.22,66
POS,0.33,-0.32,0.20,60
POS,0.27,-0.32,0.25,83
POS,0.35,-0.34,0.28,80
POS,0.32,-0.35,0.26,69
POS,0.31,-0.35,0.22,63
POS,0.32,-0.33,0.21,50
POS,0.33,-0.34,0.21,63
POS,0.36,-0.34,0.24,69
POS,0.34,-0.34,0.22,59
POS,0.34,-0.32,0.22,55
POS,0.38,-0.34,0.21,70
POS,0.37,-0.33,0.20,48
POS,0.36,-0.31,0.21,58
POS,0.36,-0.32,0.21,58
POS,0.40,-0.32,0.23,70
POS,0.30,-0.30,0.26,85
POS,0.31,-0.30,0.24,58
POS,0.36,-0.30,0.23,55
POS,0.33,-0.30,0.23,63
POS,0.33,-0.30,0.24,62
POS,0.40,-0.33,0.22,77
POS,0.36,-0.33,0.21,65
POS,0.38,-0.34,0.19,60
POS,0.41,-0.33,0.23,71
POS,0.33,-0.31,0.28,83
POS,0.31,-0.30,0.25,56
POS,0.34,-0.30,0.24,56
POS,0.32,-0.31,0.22,63
POS,0.40,-0.33,0.22,80
POS,0.40,-0.34,0.21,63
POS,0.43,-0.33,0.20,57
POS,0.43,-0.35,0.18,62
POS,0.42,-0.34,0.19,60
POS,0.35,-0.35,0.21,78
POS,0.35,-0.33,0.20,49
POS,0.45,-0.39,0.18,88
POS,0.47,-0.40,0.18,72
POS,0.45,-0.40,0.18,66
POS,0.38,-0.40,0.18,76
POS,0.36,-0.39,0.17,63
POS,0.40,-0.39,0.18,70
POS,0.41,-0.39,0.17,63
POS,0.42,-0.39,0.16,62
POS,0.47,-0.40,0.17,80
POS,0.53,-0.45,0.17,87
POS,0.55,-0.45,0.18,80
POS,0.60,-0.47,0.16,87
POS,0.58,-0.43,0.20,71
POS,0.50,-0.42,0.20,72
POS,0.39,-0.37,0.24,82
POS,0.41,-0.36,0.22,58
POS,0.39,-0.37,0.22,70
POS,0.40,-0.36,0.23,65
POS,0.39,-0.37,0.23,69
POS,0.42,-0.36,0.20,59
POS,0.35,-0.37,0.21,78
POS,0.29,-0.30,0.28,86
POS,0.33,-0.30,0.27,60
POS,0.33,-0.32,0.25,66
POS,0.33,-0.33,0.23,62
POS,0.34,-0.33,0.21,56
POS,0.42,-0.38,0.21,84
POS,0.46,-0.37,0.22,73
POS,0.44,-0.37,0.21,63
POS,0.42,-0.37,0.21,65
POS,0.47,-0.38,0.22,79
POS,0.46,-0.35,0.23,56
POS,0.37,-0.32,0.27,82
POS,0.33,-0.33,0.25,71
POS,0.32,-0.34,0.22,62
POS,0.36,-0.36,0.21,69
POS,0.33,-0.34,0.21,62
POS,0.38,-0.36,0.22,75
POS,0.41,-0.35,0.24,71
POS,0.45,-0.37,0.21,71
POS,0.37,-0.35,0.24,79
POS,0.35,-0.35,0.21,59
POS,0.35,-0.32,0.22,49
POS,0.35,-0.33,0.20,63
POS,0.40,-0.36,0.19,72
POS,0.40,-0.34,0.20,55
POS,0.41,-0.35,0.19,63
POS,0.44,-0.33,0.20,59
POS,0.42,-0.34,0.19,62
POS,0.41,-0.34,0.19,62
POS,0.34,-0.33,0.23,80
POS,0.34,-0.35,0.22,67
POS,0.28,-0.31,0.27,83
POS,0.33,-0.31,0.26,60
POS,0.30,-0.32,0.24,68
POS,0.32,-0.32,0.23,57
POS,0.32,-0.32,0.21,54
POS,0.34,-0.31,0.20,52
POS,0.36,-0.32,0.20,60
POS,0.28,-0.29,0.26,85
POS,0.26,-0.33,0.25,78
POS,0.29,-0.32,0.23,50
POS,0.30,-0.34,0.20,65
POS,0.33,-0.33,0.21,57
POS,0.37,-0.31,0.21,56
POS,0.45,-0.38,0.20,87
POS,0.50,-0.40,0.20,81
POS,0.47,-0.37,0.23,64
POS,0.44,-0.37,0.23,65
POS,0.34,-0.33,0.27,84
POS,0.36,-0.32,0.27,60
POS,0.36,-0.33,0.25,62
POS,0.40,-0.29,0.24,40
POS,0.39,-0.31,0.22,59
POS,0.35,-0.30,0.22,63
POS,0.33,-0.31,0.20,61
POS,0.31,-0.32,0.18,61
POS,0.34,-0.31,0.21,63
POS,0.28,-0.30,0.26,83
POS,0.33,-0.30,0.23,54
POS,0.36,-0.32,0.25,71
POS,0.28,-0.31,0.28,84
POS,0.23,-0.31,0.29,82
POS,0.24,-0.33,0.27,69
POS,0.20,-0.30,0.29,82
POS,0.20,-0.31,0.26,66
POS,0.28,-0.34,0.23,71
POS,0.30,-0.33,0.23,62
POS,0.33,-0.34,0.22,59
POS,0.30,-0.35,0.21,71
POS,0.29,-0.34,0.22,69
POS,0.30,-0.34,0.22,61
POS,0.31,-0.33,0.21,54
POS,0.34,-0.32,0.20,54
POS,0.36,-0.30,0.22,55
POS,0.31,-0.28,0.28,82
POS,0.26,-0.29,0.29,79
POS,0.27,-0.29,0.27,62
POS,0.33,-0.28,0.29,65
POS,0.35,-0.29,0.28,65
POS,0.25,-0.24,0.35,91
POS,0.21,-0.25,0.35,82
POS,0.25,-0.28,0.31,61
POS,0.33,-0.31,0.27,75
POS,0.34,-0.32,0.26,62
POS,0.32,-0.31,0.26,66
POS,0.27,-0.26,0.31,82
POS,0.24,-0.29,0.30,79
POS,0.20,-0.28,0.32,84
POS,0.16,-0.27,0.34,84
POS,0.21,-0.29,0.31,60
POS,0.29,-0.28,0.26,49
POS,0.33,-0.29,0.26,63
POS,0.34,-0.29,0.25,50
POS,0.40,-0.32,0.24,76
POS,0.37,-0.34,0.22,64
POS,0.37,-0.35,0.21,65
POS,0.41,-0.37,0.21,75
POS,0.43,-0.38,0.20,71
POS,0.40,-0.38,0.21,70
POS,0.40,-0.37,0.21,62
POS,0.40,-0.38,0.19,62
POS,0.38,-0.37,0.19,65
POS,0.33,-0.35,0.23,77
POS,0.34,-0.34,0.24,65
POS,0.36,-0.35,0.25,66
POS,0.36,-0.35,0.24,62
POS,0.29,-0.33,0.26,81
POS,0.31,-0.33,0.26,66
POS,0.36,-0.32,0.23,53
POS,0.38,-0.30,0.24,56
POS,0.37,-0.31,0.25,67
POS,0.35,-0.32,0.26,70
POS,0.35,-0.33,0.25,66
POS,0.34,-0.33,0.25,76
POS,0.35,-0.36,0.23,70
POS,0.34,-0.36,0.24,70
POS,0.36,-0.37,0.23,66
POS,0.37,-0.37,0.21,65
POS,0.35,-0.35,0.22,62
POS,0.33,-0.35,0.21,64
POS,0.29,-0.34,0.22,71
POS,0.33,-0.32,0.22,50
POS,0.35,-0.35,0.18,65
POS,0.33,-0.34,0.19,66
POS,0.33,-0.35,0.20,67
POS,0.30,-0.35,0.20,67
POS,0.23,-0.34,0.22,82
POS,0.35,-0.38,0.27,88
POS,0.33,-0.39,0.26,71
POS,0.33,-0.37,0.26,64
POS,0.30,-0.36,0.23,65
POS,0.31,-0.37,0.21,67
POS,0.34,-0.36,0.21,59
POS,0.36,-0.36,0.20,63
POS,0.35,-0.35,0.23,67
POS,0.35,-0.34,0.23,60
POS,0.45,-0.39,0.21,87
POS,0.47,-0.39,0.20,70
POS,0.44,-0.40,0.19,68
POS,0.45,-0.39,0.22,74
POS,0.43,-0.37,0.21,55
POS,0.37,-0.35,0.26,79
POS,0.29,-0.33,0.28,82
POS,0.26,-0.32,0.28,70
POS,0.23,-0.29,0.31,79
POS,0.33,-0.34,0.29,83
POS,0.37,-0.35,0.30,74
POS,0.35,-0.34,0.26,57
POS,0.30,-0.31,0.30,80
POS,0.28,-0.32,0.26,67
POS,0.29,-0.33,0.24,60
POS,0.33,-0.33,0.23,61
POS,0.32,-0.33,0.22,61
POS,0.33,-0.33,0.21,57
POS,0.26,-0.29,0.26,85
POS,0.34,-0.32,0.24,75
POS,0.35,-0.32,0.23,58
POS,0.34,-0.32,0.23,62
POS,0.36,-0.34,0.21,63
POS,0.44,-0.40,0.21,87
POS,0.42,-0.36,0.23,61
POS,0.33,-0.34,0.26,83
POS,0.32,-0.34,0.25,65
POS,0.37,-0.35,0.25,74
POS,0.37,-0.36,0.23,61
POS,0.36,-0.35,0.22,58
POS,0.41,-0.36,0.21,74
POS,0.40,-0.36,0.22,63
POS,0.42,-0.35,0.23,66
POS,0.45,-0.36,0.22,72
POS,0.36,-0.35,0.25,82
POS,0.41,-0.37,0.23,75
POS,0.35,-0.37,0.23,76
POS,0.43,-0.38,0.25,81
POS,0.42,-0.37,0.25,62
POS,0.44,-0.38,0.23,70
POS,0.41,-0.37,0.21,60
POS,0.40,-0.37,0.20,62
POS,0.44,-0.36,0.21,71
POS,0.35,-0.30,0.26,82
POS,0.37,-0.32,0.22,63
POS,0.39,-0.34,0.23,69
POS,0.39,-0.32,0.23,55
POS,0.33,-0.29,0.27,80
POS,0.39,-0.31,0.26,73
POS,0.40,-0.32,0.25,63
POS,0.44,-0.33,0.25,73
POS,0.44,-0.34,0.26,70
POS,0.38,-0.29,0.31,82
POS,0.37,-0.31,0.28,60
POS,0.35,-0.31,0.26,60
POS,0.38,-0.31,0.23,56
POS,0.37,-0.32,0.21,62
POS,0.38,-0.34,0.20,64
POS,0.38,-0.34,0.21,66
POS,0.38,-0.35,0.22,65
POS,0.37,-0.35,0.20,60
POS,0.38,-0.35,0.20,62
POS,0.43,-0.37,0.23,80
POS,0.40,-0.38,0.20,65
POS,0.34,-0.35,0.25,78
POS,0.28,-0.31,0.28,83
POS,0.41,-0.39,0.29,91
POS,0.41,-0.36,0.27,56
POS,0.44,-0.38,0.26,73
POS,0.45,-0.38,0.26,73
POS,0.44,-0.37,0.25,59
POS,0.35,-0.32,0.29,84
POS,0.35,-0.34,0.24,65
POS,0.28,-0.33,0.27,84
POS,0.30,-0.33,0.25,52
POS,0.35,-0.35,0.23,70
POS,0.43,-0.34,0.22,73
POS,0.35,-0.31,0.26,82
POS,0.36,-0.30,0.25,52
POS,0.42,-0.34,0.26,80
POS,0.46,-0.37,0.26,80
POS,0.43,-0.37,0.24,66
POS,0.48,-0.39,0.22,81
POS,0.48,-0.37,0.21,56
POS,0.46,-0.36,0.21,63
POS,0.43,-0.36,0.20,56
POS,0.35,-0.33,0.24,80
POS,0.34,-0.33,0.22,59
POS,0.39,-0.34,0.22,70
POS,0.40,-0.34,0.21,58
POS,0.37,-0.33,0.22,65
POS,0.38,-0.32,0.22,54
POS,0.38,-0.34,0.22,67
POS,0.43,-0.30,0.22,58
POS,0.41,-0.32,0.22,64
POS,0.41,-0.32,0.21,60
POS,0.44,-0.35,0.21,73
POS,0.36,-0.33,0.25,82
POS,0.35,-0.32,0.24,59
POS,0.33,-0.33,0.22,62
POS,0.35,-0.33,0.22,60
POS,0.43,-0.36,0.23,82
POS,0.40,-0.36,0.22,63
POS,0.37,-0.35,0.23,64
POS,0.38,-0.34,0.22,58
POS,0.47,-0.38,0.26,88
POS,0.44,-0.36,0.26,62
POS,0.42,-0.35,0.25,62
POS,0.40,-0.37,0.24,69
POS,0.39,-0.36,0.22,61
POS,0.39,-0.36,0.23,63
POS,0.42,-0.33,0.22,56
POS,0.42,-0.33,0.20,56
POS,0.41,-0.34,0.22,68
POS,0.34,-0.32,0.26,81
POS,0.33,-0.32,0.26,66
POS,0.35,-0.33,0.23,58
POS,0.35,-0.34,0.23,68
POS,0.40,-0.35,0.24,76
POS,0.38,-0.33,0.23,53
POS,0.41,-0.33,0.22,55
POS,0.32,-0.33,0.25,84
POS,0.27,-0.33,0.26,79
POS,0.33,-0.31,0.26,58
POS,0.35,-0.32,0.24,60
POS,0.30,-0.31,0.27,77
POS,0.35,-0.33,0.25,69
POS,0.30,-0.32,0.28,80
POS,0.30,-0.34,0.26,66
POS,0.30,-0.34,0.24,65
POS,0.31,-0.34,0.21,59
POS,0.36,-0.36,0.22,72
POS,0.40,-0.38,0.22,74
POS,0.41,-0.36,0.20,56
POS,0.35,-0.35,0.24,78
POS,0.35,-0.34,0.24,57
POS,0.34,-0.34,0.22,64
POS,0.35,-0.33,0.23,56
POS,0.35,-0.33,0.22,58
POS,0.35,-0.30,0.24,57
POS,0.41,-0.34,0.26,82
POS,0.33,-0.33,0.28,82
POS,0.31,-0.33,0.27,62
POS,0.25,-0.32,0.29,84
POS,0.28,-0.30,0.26,43
POS,0.29,-0.30,0.25,57
POS,0.34,-0.31,0.23,61
POS,0.36,-0.30,0.23,50
POS,0.30,-0.29,0.28,82
POS,0.32,-0.30,0.28,63
POS,0.36,-0.30,0.26,60
POS,0.38,-0.32,0.23,63
POS,0.40,-0.32,0.21,52
POS,0.42,-0.31,0.19,51
POS,0.41,-0.32,0.19,63
POS,0.40,-0.31,0.20,54
POS,0.39,-0.30,0.21,58
POS,0.36,-0.32,0.19,64
POS,0.41,-0.35,0.19,79
POS,0.44,-0.37,0.22,76
POS,0.41,-0.36,0.22,62
POS,0.34,-0.36,0.22,77
POS,0.32,-0.36,0.21,64
POS,0.30,-0.36,0.21,72
POS,0.33,-0.35,0.20,78
POS,0.42,-0.35,0.20,78
POS,0.47,-0.39,0.19,80
POS,0.38,-0.33,0.24,81
POS,0.39,-0.35,0.21,61
POS,0.39,-0.34,0.21,59
POS,0.36,-0.34,0.20,63
POS,0.38,-0.35,0.24,74
POS,0.43,-0.34,0.25,73
POS,0.44,-0.34,0.23,56
POS,0.43,-0.34,0.21,58
POS,0.47,-0.36,0.22,79
POS,0.48,-0.34,0.20,47
POS,0.45,-0.35,0.20,64
POS,0.45,-0.33,0.21,57
POS,0.47,-0.35,0.23,75
POS,0.46,-0.36,0.24,71
POS,0.42,-0.36,0.23,65
POS,0.45,-0.37,0.23,73
POS,0.43,-0.36,0.22,57
POS,0.34,-0.33,0.26,82
POS,0.34,-0.34,0.23,64
POS,0.41,-0.36,0.22,78
POS,0.43,-0.35,0.21,56
POS,0.44,-0.34,0.19,57
POS,0.43,-0.35,0.18,59
POS,0.45,-0.34,0.21,72
POS,0.40,-0.34,0.20,68
POS,0.40,-0.35,0.19,59
POS,0.39,-0.34,0.21,62
POS,0.42,-0.33,0.20,56
POS,0.40,-0.34,0.18,62
POS,0.46,-0.33,0.19,69
POS,0.44,-0.35,0.19,66
POS,0.42,-0.34,0.20,63
POS,0.40,-0.34,0.22,63
POS,0.41,-0.34,0.20,59
POS,0.48,-0.37,0.23,85
POS,0.44,-0.36,0.24,66
POS,0.43,-0.35,0.26,66
POS,0.41,-0.35,0.23,63
POS,0.41,-0.35,0.24,65
POS,0.41,-0.36,0.22,64
POS,0.44,-0.37,0.22,72
POS,0.35,-0.36,0.23,79
POS,0.28,-0.26,0.29,86
POS,0.30,-0.29,0.25,61
POS,0.38,-0.34,0.24,82
POS,0.35,-0.35,0.22,67
POS,0.34,-0.34,0.22,60
POS,0.35,-0.31,0.24,54
POS,0.35,-0.31,0.23,58
POS,0.34,-0.32,0.21,61
POS,0.40,-0.31,0.20,57
POS,0.46,-0.36,0.20,83
POS,0.48,-0.37,0.19,73
POS,0.44,-0.37,0.19,68
POS,0.41,-0.38,0.18,63
POS,0.41,-0.36,0.18,49
POS,0.40,-0.35,0.19,62
POS,0.44,-0.36,0.20,74
POS,0.49,-0.39,0.20,80
POS,0.60,-0.44,0.22,93
POS,0.49,-0.40,0.25,78
POS,0.46,-0.39,0.25,62
POS,0.36,-0.36,0.27,82
POS,0.40,-0.38,0.28,77
POS,0.41,-0.36,0.25,52
POS,0.49,-0.40,0.25,87
POS,0.43,-0.38,0.25,66
POS,0.44,-0.35,0.26,61
POS,0.43,-0.35,0.25,61
POS,0.36,-0.35,0.27,80
POS,0.41,-0.37,0.24,74
POS,0.44,-0.35,0.22,57
POS,0.57,-0.42,0.20,92
POS,0.51,-0.40,0.19,63
POS,0.49,-0.39,0.20,63
POS,0.39,-0.36,0.24,81
POS,0.42,-0.34,0.23,58
POS,0.44,-0.36,0.22,71
POS,0.50,-0.38,0.20,82
POS,0.43,-0.36,0.25,77
POS,0.52,-0.42,0.25,90
POS,0.53,-0.40,0.25,73
POS,0.42,-0.38,0.27,82
POS,0.40,-0.37,0.26,63
POS,0.41,-0.34,0.25,50
POS,0.46,-0.38,0.25,82
POS,0.45,-0.37,0.23,60
POS,0.38,-0.36,0.27,81
POS,0.40,-0.35,0.26,61
POS,0.38,-0.36,0.26,70
POS,0.30,-0.32,0.30,84
POS,0.30,-0.33,0.26,63
POS,0.36,-0.34,0.25,72
POS,0.34,-0.35,0.23,66
POS,0.42,-0.38,0.27,86
POS,0.44,-0.39,0.26,74
POS,0.47,-0.35,0.25,48
POS,0.47,-0.33,0.23,55
POS,0.44,-0.34,0.23,66
POS,0.41,-0.35,0.22,65
POS,0.41,-0.34,0.23,63
POS,0.45,-0.37,0.26,82
POS,0.42,-0.37,0.24,64
POS,0.49,-0.41,0.24,86
POS,0.53,-0.43,0.23,81
POS,0.52,-0.39,0.21,55
POS,0.49,-0.37,0.22,62
POS,0.51,-0.36,0.24,72
POS,0.51,-0.36,0.26,75
POS,0.48,-0.36,0.27,67
POS,0.45,-0.35,0.26,65
POS,0.36,-0.32,0.30,82
POS,0.39,-0.35,0.27,72
POS,0.33,-0.35,0.27,80
POS,0.35,-0.35,0.26,64
POS,0.37,-0.33,0.24,47
POS,0.37,-0.35,0.23,68
POS,0.35,-0.35,0.22,64
POS,0.42,-0.36,0.22,76
POS,0.42,-0.35,0.20,54
POS,0.33,-0.33,0.25,83
POS,0.39,-0.34,0.20,69
POS,0.33,-0.35,0.23,81
POS,0.35,-0.33,0.23,48
POS,0.30,-0.28,0.30,86
POS,0.34,-0.30,0.27,63
POS,0.39,-0.33,0.24,73
POS,0.37,-0.33,0.24,61
POS,0.31,-0.30,0.28,80
POS,0.31,-0.31,0.25,59
POS,0.35,-0.32,0.24,63
POS,0.41,-0.35,0.25,81
POS,0.42,-0.32,0.23,44
POS,0.56,-0.39,0.20,92
POS,0.49,-0.38,0.21,68
POS,0.46,-0.38,0.19,58
POS,0.39,-0.34,0.24,76
POS,0.42,-0.32,0.23,56
POS,0.43,-0.31,0.24,61
POS,0.43,-0.29,0.23,44
POS,0.37,-0.28,0.30,82
POS,0.43,-0.33,0.27,82
POS,0.41,-0.35,0.26,67
POS,0.42,-0.35,0.23,64
POS,0.45,-0.34,0.23,66
POS,0.40,-0.34,0.23,69
POS,0.44,-0.37,0.24,78
POS,0.44,-0.34,0.23,50
POS,0.45,-0.36,0.24,74
POS,0.46,-0.34,0.22,52
POS,0.50,-0.38,0.21,81
POS,0.49,-0.36,0.20,56
POS,0.47,-0.35,0.21,60
POS,0.46,-0.35,0.19,55
POS,0.52,-0.39,0.23,87
POS,0.41,-0.32,0.27,83
POS,0.41,-0.33,0.25,61
POS,0.39,-0.34,0.23,65
POS,0.38,-0.34,0.23,62
POS,0.50,-0.36,0.24,88
POS,0.46,-0.36,0.22,61
POS,0.41,-0.35,0.22,66
POS,0.33,-0.28,0.29,87
POS,0.35,-0.29,0.28,60
POS,0.29,-0.28,0.29,79
POS,0.29,-0.30,0.28,67
POS,0.33,-0.31,0.27,63
POS,0.33,-0.32,0.25,61
POS,0.36,-0.32,0.24,58
POS,0.38,-0.33,0.24,68
POS,0.36,-0.33,0.22,56
POS,0.41,-0.35,0.20,72
POS,0.33,-0.32,0.24,81
POS,0.33,-0.33,0.21,60
POS,0.40,-0.35,0.23,77
POS,0.42,-0.36,0.23,70
POS,0.34,-0.32,0.25,80
POS,0.26,-0.29,0.30,85
POS,0.33,-0.31,0.27,69
POS,0.27,-0.28,0.30,82
POS,0.29,-0.29,0.30,67
POS,0.36,-0.31,0.27,70
POS,0.39,-0.31,0.24,54
POS,0.39,-0.33,0.24,67
POS,0.35,-0.34,0.22,69
POS,0.26,-0.30,0.27,87
POS,0.29,-0.30,0.25,55
POS,0.33,-0.30,0.23,52
POS,0.34,-0.30,0.24,63
POS,0.24,-0.26,0.29,89
POS,0.26,-0.28,0.29,69
POS,0.29,-0.29,0.26,56
POS,0.29,-0.30,0.24,62
POS,0.33,-0.33,0.22,66
POS,0.41,-0.35,0.22,82
POS,0.43,-0.34,0.22,59
POS,0.50,-0.39,0.21,87
POS,0.44,-0.38,0.19,64
POS,0.40,-0.37,0.22,69
POS,0.41,-0.37,0.22,68
POS,0.49,-0.42,0.21,86
POS,0.38,-0.37,0.25,82
POS,0.36,-0.38,0.22,64
POS,0.36,-0.38,0.20,64
POS,0.36,-0.37,0.19,59
POS,0.38,-0.36,0.20,61
POS,0.39,-0.34,0.19,49
POS,0.41,-0.32,0.20,55
POS,0.50,-0.39,0.24,90
POS,0.41,-0.39,0.26,80
POS,0.34,-0.34,0.29,82
POS,0.34,-0.34,0.28,64
POS,0.40,-0.36,0.25,74
POS,0.39,-0.34,0.26,60
POS,0.30,-0.32,0.30,86
POS,0.33,-0.33,0.26,58
POS,0.32,-0.33,0.26,65
POS,0.34,-0.34,0.25,67
POS,0.34,-0.35,0.23,61
POS,0.35,-0.35,0.23,65
POS,0.38,-0.36,0.24,72
POS,0.38,-0.34,0.23,54
POS,0.41,-0.36,0.23,71
POS,0.34,-0.37,0.25,82
POS,0.28,-0.31,0.30,80
POS,0.30,-0.33,0.28,67
POS,0.35,-0.35,0.27,70
POS,0.32,-0.35,0.25,68
POS,0.34,-0.36,0.21,61
POS,0.36,-0.35,0.20,51
POS,0.36,-0.34,0.20,58
POS,0.35,-0.35,0.22,69
POS,0.36,-0.36,0.22,69
POS,0.38,-0.35,0.21,53
POS,0.39,-0.33,0.21,52
POS,0.37,-0.33,0.22,67
POS,0.45,-0.38,0.25,87
POS,0.41,-0.38,0.24,69
POS,0.39,-0.36,0.26,67
POS,0.32,-0.34,0.29,82
POS,0.36,-0.34,0.27,62
POS,0.33,-0.34,0.26,68
POS,0.33,-0.32,0.26,59
POS,0.31,-0.32,0.27,72
POS,0.32,-0.34,0.27,71
POS,0.36,-0.34,0.26,62
POS,0.36,-0.33,0.26,64
POS,0.34,-0.32,0.26,65
POS,0.35,-0.32,0.25,58
POS,0.45,-0.37,0.24,87
POS,0.49,-0.36,0.25,74
POS,0.52,-0.39,0.24,81
POS,0.46,-0.38,0.24,70
POS,0.38,-0.37,0.28,80
POS,0.34,-0.36,0.29,76
POS,0.42,-0.39,0.26,81
POS,0.40,-0.37,0.25,61
POS,0.47,-0.38,0.25,82
POS,0.49,-0.38,0.26,75
POS,0.45,-0.38,0.25,68
POS,0.48,-0.40,0.24,79
POS,0.50,-0.41,0.21,73
POS,0.38,-0.36,0.26,85
POS,0.37,-0.36,0.23,60
POS,0.40,-0.35,0.21,55
POS,0.33,-0.31,0.26,80
POS,0.36,-0.31,0.26,65
POS,0.34,-0.33,0.24,68
POS,0.36,-0.33,0.22,57
POS,0.32,-0.32,0.22,65
POS,0.33,-0.32,0.21,56
POS,0.25,-0.26,0.30,91
POS,0.32,-0.30,0.27,74
POS,0.31,-0.31,0.27,66
POS,0.25,-0.23,0.32,88
POS,0.21,-0.23,0.34,82
POS,0.18,-0.25,0.34,82
POS,0.26,-0.25,0.31,58
POS,0.30,-0.28,0.27,60
POS,0.27,-0.25,0.32,81
POS,0.21,-0.22,0.34,85
POS,0.29,-0.28,0.30,74
POS,0.32,-0.29,0.27,57
POS,0.32,-0.31,0.26,68
POS,0.38,-0.33,0.25,74
POS,0.41,-0.31,0.23,51
POS,0.35,-0.31,0.25,78
POS,0.32,-0.33,0.22,67
POS,0.33,-0.35,0.21,69
POS,0.41,-0.36,0.20,73
POS,0.51,-0.38,0.20,86
POS,0.54,-0.41,0.20,81
POS,0.52,-0.39,0.19,59
POS,0.40,-0.34,0.23,84
POS,0.45,-0.37,0.23,80
POS,0.35,-0.36,0.25,82
POS,0.36,-0.35,0.24,60
POS,0.34,-0.36,0.24,69
POS,0.37,-0.33,0.26,63
POS,0.36,-0.33,0.25,65
POS,0.37,-0.34,0.26,67
POS,0.40,-0.34,0.23,61
POS,0.35,-0.35,0.23,72
POS,0.37,-0.34,0.23,60
POS,0.37,-0.34,0.21,58
POS,0.37,-0.34,0.21,63
POS,0.36,-0.36,0.21,70
POS,0.38,-0.36,0.20,62
POS,0.39,-0.34,0.19,49
POS,0.38,-0.34,0.18,58
POS,0.38,-0.34,0.18,57
POS,0.44,-0.38,0.20,84
POS,0.37,-0.38,0.23,80
POS,0.37,-0.37,0.22,62
POS,0.35,-0.36,0.23,67
POS,0.25,-0.25,0.31,92
POS,0.28,-0.26,0.29,61
POS,0.32,-0.26,0.27,45
POS,0.35,-0.29,0.27,70
POS,0.33,-0.32,0.28,75
POS,0.33,-0.33,0.27,69
POS,0.29,-0.33,0.26,69
POS,0.24,-0.29,0.30,84
POS,0.26,-0.30,0.25,57
POS,0.35,-0.34,0.27,83
POS,0.39,-0.36,0.26,71
POS,0.42,-0.33,0.24,50
POS,0.44,-0.36,0.23,72
POS,0.42,-0.34,0.23,60
POS,0.38,-0.35,0.22,71
POS,0.37,-0.34,0.23,63
POS,0.33,-0.33,0.23,68
POS,0.38,-0.32,0.22,58
POS,0.35,-0.32,0.23,68
POS,0.32,-0.34,0.23,71
POS,0.36,-0.31,0.24,59
POS,0.38,-0.29,0.26,58
POS,0.39,-0.29,0.24,55
POS,0.37,-0.32,0.24,72
POS,0.36,-0.34,0.24,70
POS,0.39,-0.33,0.25,64
POS,0.42,-0.35,0.23,72
POS,0.30,-0.28,0.28,90
POS,0.30,-0.31,0.25,70
POS,0.33,-0.33,0.24,65
POS,0.33,-0.33,0.24,65
POS,0.33,-0.34,0.20,55
POS,0.32,-0.35,0.20,68
POS,0.40,-0.35,0.18,69
POS,0.40,-0.34,0.18,52
POS,0.37,-0.36,0.18,71
POS,0.35,-0.35,0.17,57
POS,0.47,-0.41,0.19,90
POS,0.43,-0.37,0.21,59
POS,0.43,-0.36,0.21,61
POS,0.41,-0.37,0.21,65
POS,0.38,-0.36,0.21,65
POS,0.35,-0.36,0.20,63
POS,0.37,-0.32,0.20,42
POS,0.39,-0.33,0.20,59
POS,0.47,-0.33,0.22,82
POS,0.39,-0.33,0.23,77
POS,0.43,-0.35,0.24,74
POS,0.43,-0.34,0.23,54
POS,0.44,-0.34,0.21,64
POS,0.43,-0.33,0.23,61
POS,0.44,-0.33,0.22,58
POS,0.36,-0.30,0.25,79
POS,0.43,-0.31,0.25,77
POS,0.45,-0.34,0.24,73
POS,0.42,-0.33,0.24,62
POS,0.40,-0.33,0.21,57
POS,0.39,-0.35,0.21,67
POS,0.31,-0.33,0.26,84
POS,0.36,-0.33,0.27,71
POS,0.43,-0.36,0.26,80
POS,0.44,-0.36,0.25,62
POS,0.43,-0.34,0.23,55
POS,0.41,-0.34,0.23,59
POS,0.47,-0.36,0.24,81
POS,0.45,-0.36,0.23,64
POS,0.35,-0.32,0.28,84
POS,0.35,-0.30,0.29,60
POS,0.35,-0.29,0.26,45
POS,0.44,-0.36,0.25,87
POS,0.45,-0.37,0.25,73
POS,0.41,-0.37,0.23,66
POS,0.45,-0.37,0.21,70