[A  lep
dwm> POS,0.30,-0.33,0.15,53
POS,0.31,-0.34,0.15,59
POS,0.31,-0.33,0.12,53
POS,0.33,-0.32,0.13,53
POS,0.34,-0.34,0.12,60
POS,0.34,-0.33,0.14,56
POS,0.34,-0.33,0.14,55
POS,0.34,-0.34,0.15,64
POS,0.35,-0.34,0.14,54
POS,0.33,-0.33,0.13,55
POS,0.34,-0.35,0.11,61
POS,0.36,-0.34,0.13,54
POS,0.35,-0.33,0.15,59
POS,0.33,-0.32,0.16,56
POS,0.34,-0.33,0.15,57
POS,0.34,-0.33,0.13,56
POS,0.35,-0.34,0.11,55
POS,0.35,-0.34,0.11,54
POS,0.35,-0.33,0.15,63
POS,0.35,-0.34,0.13,56
POS,0.34,-0.33,0.13,49
POS,0.33,-0.33,0.13,62
POS,0.36,-0.34,0.15,64
POS,0.36,-0.35,0.13,59
POS,0.35,-0.34,0.16,59
POS,0.36,-0.35,0.16,63
POS,0.36,-0.33,0.18,57
POS,0.36,-0.34,0.19,66
POS,0.36,-0.33,0.18,47
POS,0.37,-0.33,0.16,57
POS,0.35,-0.33,0.12,57
POS,0.36,-0.32,0.15,57
POS,0.36,-0.33,0.15,58
POS,0.37,-0.34,0.17,67
POS,0.37,-0.35,0.18,65
POS,0.38,-0.37,0.17,69
POS,0.34,-0.36,0.18,66
POS,0.32,-0.35,0.19,63
POS,0.33,-0.34,0.18,57
POS,0.29,-0.34,0.16,57
POS,0.29,-0.34,0.16,65
POS,0.31,-0.35,0.18,66
POS,0.31,-0.35,0.14,59
POS,0.31,-0.35,0.17,65
POS,0.31,-0.33,0.17,54
POS,0.29,-0.33,0.18,65
POS,0.31,-0.33,0.17,55
POS,0.35,-0.33,0.20,68
POS,0.34,-0.34,0.18,63
POS,0.36,-0.35,0.17,61
POS,0.36,-0.35,0.18,65
POS,0.35,-0.34,0.18,54
POS,0.31,-0.33,0.17,59
POS,0.30,-0.33,0.15,52
POS,0.33,-0.33,0.17,62
POS,0.30,-0.32,0.17,63
POS,0.29,-0.33,0.17,62
POS,0.31,-0.33,0.13,54
POS,0.31,-0.33,0.13,54
POS,0.32,-0.32,0.14,52
POS,0.32,-0.33,0.16,65
POS,0.32,-0.33,0.15,55
POS,0.35,-0.34,0.13,57
POS,0.33,-0.34,0.12,60
POS,0.33,-0.34,0.10,58
POS,0.34,-0.35,0.09,56
POS,0.34,-0.34,0.08,53
POS,0.34,-0.35,0.10,61
POS,0.32,-0.33,0.12,56
POS,0.35,-0.33,0.13,57
POS,0.35,-0.34,0.15,64
POS,0.34,-0.34,0.12,58
POS,0.36,-0.35,0.10,59
POS,0.34,-0.33,0.12,51
POS,0.35,-0.33,0.11,52
POS,0.36,-0.33,0.15,64
POS,0.35,-0.33,0.15,56
POS,0.36,-0.34,0.17,64
POS,0.37,-0.33,0.18,58
POS,0.35,-0.34,0.16,58
POS,0.33,-0.33,0.17,59
POS,0.31,-0.31,0.17,57
POS,0.31,-0.32,0.14,56

POS,0.33,-0.30,0.13,36
POS,0.33,-0.32,0.12,57
POS,0.32,-0.33,0.11,62
POS,0.37,-0.34,0.11,64
POS,0.38,-0.34,0.13,57
POS,0.38,-0.33,0.13,44
POS,0.37,-0.33,0.12,52
POS,0.38,-0.33,0.15,65
POS,0.35,-0.33,0.14,55
POS,0.33,-0.32,0.15,57
POS,0.35,-0.33,0.15,60
POS,0.35,-0.32,0.15,45
POS,0.36,-0.33,0.16,61
POS,0.36,-0.33,0.16,60
POS,0.36,-0.34,0.18,66
POS,0.39,-0.34,0.21,68
POS,0.39,-0.35,0.19,58
POS,0.38,-0.32,0.18,42
POS,0.40,-0.33,0.20,65
POS,0.36,-0.33,0.19,66
POS,0.35,-0.34,0.17,56
POS,0.36,-0.35,0.17,62
POS,0.35,-0.34,0.16,52
POS,0.35,-0.34,0.13,56
POS,0.34,-0.33,0.13,49
POS,0.34,-0.34,0.15,65
POS,0.37,-0.34,0.14,58
POS,0.35,-0.33,0.12,42
POS,0.35,-0.33,0.10,54
POS,0.35,-0.32,0.10,48
POS,0.33,-0.31,0.10,35
POS,0.32,-0.30,0.13,56
POS,0.32,-0.29,0.14,45
POS,0.32,-0.29,0.12,46
POS,0.31,-0.28,0.12,42
POS,0.29,-0.28,0.14,58
POS,0.31,-0.28,0.10,54
POS,0.32,-0.30,0.08,56
POS,0.31,-0.30,0.12,59
POS,0.29,-0.29,0.14,61
POS,0.26,-0.27,0.17,67
POS,0.27,-0.29,0.17,61
POS,0.30,-0.27,0.13,26
POS,0.31,-0.29,0.11,54

POS,0.30,-0.28,0.14,59
POS,0.29,-0.28,0.14,54
POS,0.30,-0.29,0.15,57
POS,0.32,-0.29,0.12,44
POS,0.30,-0.28,0.16,62
POS,0.30,-0.29,0.16,61
POS,0.27,-0.28,0.18,58
POS,0.24,-0.24,0.20,68
POS,0.23,-0.23,0.22,64
POS,0.26,-0.24,0.17,43
POS,0.28,-0.24,0.16,41
POS,0.31,-0.23,0.12,38
POS,0.29,-0.25,0.12,52
POS,0.32,-0.24,0.09,31
POS,0.33,-0.24,0.08,40
POS,0.35,-0.25,0.07,40
POS,0.35,-0.26,0.05,50
POS,0.33,-0.26,0.09,52
POS,0.33,-0.26,0.11,49
POS,0.31,-0.27,0.13,56
POS,0.32,-0.27,0.16,58
POS,0.34,-0.28,0.13,45
POS,0.31,-0.27,0.13,43
POS,0.30,-0.26,0.16,59
POS,0.30,-0.27,0.17,53
POS,0.32,-0.27,0.14,45
POS,0.32,-0.29,0.14,57
POS,0.33,-0.29,0.14,46
POS,0.31,-0.27,0.15,45
POS,0.34,-0.26,0.11,32
POS,0.35,-0.27,0.13,51
POS,0.35,-0.27,0.11,36
POS,0.35,-0.26,0.10,27
POS,0.34,-0.26,0.09,42
POS,0.34,-0.27,0.08,50
POS,0.35,-0.28,0.06,51
POS,0.36,-0.28,0.06,38
POS,0.36,-0.29,0.08,53
POS,0.34,-0.29,0.11,60
POS,0.35,-0.29,0.09,46
POS,0.37,-0.29,0.07,46

POS,0.38,-0.30,0.08,46
POS,0.37,-0.29,0.10,46
POS,0.38,-0.29,0.08,44
POS,0.37,-0.28,0.05,55

POS,0.37,-0.28,0.04,48
POS,0.34,-0.27,0.07,40
POS,0.35,-0.27,0.07,38
POS,0.33,-0.26,0.10,46
POS,0.34,-0.25,0.11,28
POS,0.34,-0.25,0.10,34
POS,0.34,-0.25,0.10,35
POS,0.35,-0.26,0.06,55
POS,0.33,-0.27,0.10,58
POS,0.33,-0.28,0.07,56
POS,0.35,-0.30,0.08,59
POS,0.35,-0.30,0.05,53
POS,0.35,-0.28,0.06,31
POS,0.37,-0.28,0.05,50
POS,0.36,-0.28,0.06,36

POS,0.36,-0.29,0.08,52
POS,0.34,-0.30,0.09,58
POS,0.33,-0.29,0.12,53
POS,0.33,-0.30,0.12,52
POS,0.33,-0.30,0.11,50
POS,0.34,-0.30,0.13,50
POS,0.33,-0.30,0.14,58
POS,0.32,-0.30,0.14,52
POS,0.32,-0.29,0.11,40
POS,0.36,-0.29,0.09,47
POS,0.33,-0.27,0.07,42
POS,0.35,-0.26,0.05,33
POS,0.30,-0.24,0.03,55
POS,0.33,-0.23,0.02,32
POS,0.32,-0.25,0.08,63
POS,0.32,-0.25,0.05,54
POS,0.33,-0.27,0.08,60
POS,0.33,-0.27,0.06,50
POS,0.31,-0.27,0.10,64
POS,0.33,-0.28,0.09,45
POS,0.34,-0.28,0.07,49
POS,0.34,-0.28,0.10,52
POS,0.32,-0.27,0.13,51
POS,0.28,-0.25,0.16,64
POS,0.26,-0.25,0.12,42
POS,0.25,-0.25,0.12,41
POS,0.23,-0.24,0.10,36
POS,0.28,-0.23,0.07,41
POS,0.24,-0.23,0.10,61
POS,0.20,-0.22,0.10,47
POS,0.25,-0.24,0.08,46
POS,0.28,-0.23,0.06,30
POS,0.30,-0.24,0.05,46
POS,0.28,-0.23,0.05,16
POS,0.31,-0.24,0.05,41
POS,0.34,-0.25,0.04,52
POS,0.34,-0.25,0.03,32
POS,0.34,-0.25,0.01,54
POS,0.34,-0.26,0.01,51
POS,0.30,-0.26,0.06,58
POS,0.28,-0.24,0.06,14
POS,0.30,-0.25,0.03,56
POS,0.31,-0.24,0.08,47
POS,0.27,-0.26,0.10,60
POS,0.29,-0.27,0.07,50
POS,0.25,-0.20,0.12,74
POS,0.29,-0.20,0.09,39
POS,0.26,-0.21,0.08,32
POS,0.24,-0.21,0.10,55
POS,0.22,-0.21,0.13,58
POS,0.27,-0.23,0.10,47
POS,0.24,-0.25,0.12,64
POS,0.24,-0.24,0.12,24
POS,0.23,-0.25,0.11,55
POS,0.26,-0.26,0.09,49
POS,0.26,-0.27,0.07,57
POS,0.24,-0.27,0.09,56
POS,0.23,-0.27,0.11,55
POS,0.23,-0.27,0.14,57
POS,0.20,-0.27,0.13,57
POS,0.20,-0.26,0.14,53
POS,0.25,-0.27,0.10,55
POS,0.23,-0.27,0.10,52
POS,0.25,-0.27,0.07,53
POS,0.27,-0.27,0.06,38
POS,0.25,-0.24,0.06,19
POS,0.23,-0.24,0.03,65
POS,0.25,-0.26,0.05,56
POS,0.24,-0.26,0.08,51
POS,0.28,-0.25,0.07,27
POS,0.30,-0.26,0.06,45
POS,0.27,-0.25,0.09,56
POS,0.25,-0.24,0.09,18
POS,0.22,-0.23,0.07,54
POS,0.25,-0.24,0.04,54
POS,0.25,-0.23,0.05,20
POS,0.29,-0.22,0.04,30
POS,0.23,-0.21,0.05,59
POS,0.26,-0.23,0.04,52
POS,0.28,-0.24,0.02,53
POS,0.27,-0.22,0.04,13
POS,0.30,-0.23,0.01,57
POS,0.31,-0.25,0.00,53
POS,0.28,-0.24,0.02,23
POS,0.26,-0.24,0.06,50
POS,0.29,-0.25,0.05,46
POS,0.28,-0.24,0.06,18
POS,0.25,-0.24,0.07,37
POS,0.24,-0.24,0.08,36
POS,0.24,-0.24,0.08,20
POS,0.22,-0.23,0.07,36
POS,0.19,-0.21,0.07,46
POS,0.18,-0.23,0.07,48
POS,0.19,-0.25,0.06,54
POS,0.24,-0.24,0.05,33
POS,0.28,-0.22,0.04,27
POS,0.26,-0.24,0.06,55
POS,0.23,-0.24,0.06,43
POS,0.25,-0.24,0.08,32
POS,0.28,-0.23,0.06,23
POS,0.27,-0.23,0.07,17
POS,0.30,-0.22,0.05,27
POS,0.28,-0.24,0.06,48
POS,0.30,-0.22,0.05,28
POS,0.32,-0.21,0.04,23
POS,0.33,-0.23,0.03,53
POS,0.31,-0.25,0.04,53
POS,0.32,-0.26,0.02,55
POS,0.36,-0.29,0.02,60
POS,0.32,-0.28,0.06,49
POS,0.34,-0.28,0.04,49
POS,0.31,-0.28,0.05,38
POS,0.29,-0.28,0.03,61
POS,0.27,-0.28,0.08,68
POS,0.25,-0.27,0.07,32
POS,0.23,-0.28,0.09,59
POS,0.25,-0.28,0.08,42
POS,0.24,-0.29,0.05,63
POS,0.28,-0.29,0.03,56
POS,0.29,-0.28,0.06,40
POS,0.27,-0.26,0.07,27
POS,0.25,-0.26,0.08,45
POS,0.25,-0.26,0.09,36
POS,0.23,-0.26,0.11,49

POS,0.24,-0.28,0.08,60
POS,0.23,-0.29,0.07,50
POS,0.22,-0.28,0.06,45
POS,0.21,-0.27,0.08,44
POS,0.21,-0.25,0.11,47


POS,0.21,-0.26,0.07,64

POS,0.20,-0.24,0.04,57
POS,0.18,-0.26,0.04,65
POS,0.20,-0.23,-0.08,86
POS,0.17,-0.26,-0.06,69



POS,0.15,-0.26,-0.08,81
POS,0.18,-0.28,-0.16,91

POS,0.22,-0.29,-0.19,83


POS,0.19,-0.30,-0.16,77


POS,0.18,-0.29,-0.18,88

POS,0.18,-0.30,-0.17,79
POS,0.16,-0.28,-0.18,90
POS,0.13,-0.24,-0.16,88
POS,0.12,-0.23,-0.15,79


POS,0.12,-0.23,-0.16,88
POS,0.12,-0.26,-0.15,78
POS,0.11,-0.23,-0.15,90


POS,0.11,-0.21,-0.17,89
POS,0.12,-0.23,-0.16,77
POS,0.13,-0.23,-0.14,70
POS,0.15,-0.23,-0.19,90
POS,0.13,-0.19,-0.18,88
POS,0.11,-0.18,-0.16,84
POS,0.11,-0.21,-0.11,62
POS,0.12,-0.22,-0.10,69
POS,0.15,-0.26,-0.09,69
POS,0.14,-0.27,-0.08,72
POS,0.14,-0.28,-0.05,50
POS,0.11,-0.24,-0.03,72
POS,0.13,-0.26,-0.00,58
POS,0.15,-0.25,-0.02,59
POS,0.16,-0.26,-0.02,61
POS,0.16,-0.27,-0.01,55
POS,0.16,-0.26,-0.04,78
POS,0.17,-0.27,-0.04,66
POS,0.18,-0.26,-0.02,35
POS,0.17,-0.27,-0.03,72
POS,0.19,-0.27,-0.03,56
POS,0.21,-0.28,-0.04,64
POS,0.20,-0.27,-0.03,51
POS,0.15,-0.25,-0.03,72
POS,0.17,-0.27,-0.01,54
POS,0.17,-0.27,-0.04,73
POS,0.19,-0.26,-0.05,62
POS,0.24,-0.28,-0.13,87
POS,0.20,-0.26,-0.13,82
POS,0.18,-0.27,-0.12,77

POS,0.18,-0.27,-0.08,46
POS,0.14,-0.23,-0.07,69
POS,0.15,-0.24,-0.06,66
POS,0.15,-0.24,-0.06,68

POS,0.15,-0.24,-0.03,39
POS,0.14,-0.25,-0.05,76


POS,0.16,-0.25,-0.04,51












POS,0.15,-0.24,-0.13,92

POS,0.16,-0.23,-0.12,68
POS,0.14,-0.20,-0.13,90

POS,0.14,-0.17,-0.21,90
POS,0.15,-0.22,-0.19,75
POS,0.13,-0.22,-0.14,66
POS,0.13,-0.24,-0.12,70
POS,0.14,-0.24,-0.09,54
POS,0.15,-0.26,-0.04,63
POS,0.19,-0.28,-0.15,91
POS,0.17,-0.27,-0.14,80
POS,0.16,-0.29,-0.09,65
POS,0.15,-0.31,-0.05,70
POS,0.15,-0.33,-0.03,71
POS,0.15,-0.35,-0.03,76
POS,0.16,-0.37,-0.00,74
POS,0.15,-0.36,0.04,72
POS,0.14,-0.34,-0.01,81
POS,0.14,-0.32,-0.05,85
POS,0.17,-0.32,-0.08,77
POS,0.17,-0.30,-0.12,88
POS,0.16,-0.28,-0.15,91
POS,0.17,-0.32,-0.13,74
POS,0.16,-0.33,-0.10,72
POS,0.15,-0.33,-0.08,71
POS,0.17,-0.34,-0.09,73
POS,0.16,-0.34,-0.09,77
POS,0.19,-0.33,-0.16,88
POS,0.19,-0.35,-0.11,70
POS,0.15,-0.33,-0.05,70
POS,0.18,-0.36,0.00,73
POS,0.16,-0.36,-0.02,79
POS,0.15,-0.36,-0.03,76
POS,0.13,-0.34,-0.04,76
POS,0.12,-0.34,-0.00,69
POS,0.11,-0.33,-0.02,76
POS,0.12,-0.34,-0.04,75
POS,0.16,-0.37,-0.04,75
POS,0.19,-0.39,0.01,73
POS,0.18,-0.39,0.03,72
POS,0.17,-0.39,0.01,75
POS,0.16,-0.38,0.01,68
POS,0.16,-0.38,0.01,70
POS,0.14,-0.39,0.03,74
POS,0.14,-0.38,0.00,76
POS,0.13,-0.38,0.00,70
POS,0.14,-0.36,-0.04,82
POS,0.14,-0.35,-0.09,86
POS,0.13,-0.34,-0.09,79
POS,0.11,-0.33,-0.06,69
POS,0.10,-0.34,-0.03,73
POS,0.09,-0.33,-0.05,81
POS,0.11,-0.34,-0.05,71
POS,0.13,-0.36,0.01,77
POS,0.13,-0.37,0.02,71
POS,0.14,-0.37,0.04,68
POS,0.15,-0.35,0.06,62
POS,0.17,-0.38,0.08,73
POS,0.18,-0.38,0.07,71
POS,0.16,-0.38,0.05,72
POS,0.15,-0.38,0.06,69
POS,0.15,-0.38,0.04,72
POS,0.14,-0.36,0.05,63
POS,0.12,-0.34,0.06,65
POS,0.13,-0.35,0.08,70
POS,0.12,-0.35,0.07,65
POS,0.16,-0.36,0.08,68
POS,0.15,-0.35,0.08,62
POS,0.14,-0.34,0.07,59
POS,0.14,-0.34,0.04,70
POS,0.13,-0.34,0.04,69
POS,0.12,-0.35,0.05,71
POS,0.12,-0.35,0.06,69
POS,0.14,-0.36,0.07,72
POS,0.15,-0.37,0.02,97
POS,0.17,-0.38,0.01,68
POS,0.18,-0.38,0.03,69
POS,0.18,-0.39,0.05,75
POS,0.18,-0.40,0.06,77
POS,0.18,-0.39,0.04,70
POS,0.18,-0.39,0.05,70
POS,0.15,-0.38,0.05,68
POS,0.13,-0.36,0.02,80
POS,0.16,-0.39,0.03,74
POS,0.15,-0.37,0.05,61
POS,0.14,-0.35,0.04,62
POS,0.17,-0.36,0.03,64
POS,0.15,-0.35,0.02,69
POS,0.15,-0.36,0.06,72
POS,0.15,-0.35,0.06,64
POS,0.14,-0.34,0.08,65
POS,0.13,-0.36,0.07,74
POS,0.14,-0.35,0.09,62
POS,0.15,-0.35,0.11,70
POS,0.16,-0.35,0.10,65
POS,0.14,-0.35,0.08,65
POS,0.15,-0.35,0.05,69
POS,0.14,-0.34,0.05,64
POS,0.14,-0.34,0.03,70
POS,0.14,-0.34,0.04,68
POS,0.13,-0.35,0.04,69
POS,0.15,-0.35,0.04,58
POS,0.14,-0.34,0.03,64
POS,0.13,-0.33,0.06,71
POS,0.15,-0.35,0.07,69
POS,0.14,-0.33,0.09,64
POS,0.16,-0.34,0.10,70
POS,0.13,-0.34,0.08,68
POS,0.14,-0.33,0.10,61
POS,0.14,-0.33,0.06,72
POS,0.16,-0.35,0.08,73
POS,0.17,-0.34,0.09,60
POS,0.17,-0.36,0.10,74
POS,0.17,-0.36,0.08,61
POS,0.16,-0.33,0.09,57
POS,0.18,-0.34,0.07,63
POS,0.19,-0.34,0.05,68
POS,0.23,-0.34,0.08,58
POS,0.22,-0.34,0.08,65
POS,0.26,-0.36,0.08,84
POS,0.22,-0.34,0.09,60
POS,0.24,-0.35,0.08,63
POS,0.25,-0.35,0.07,59
POS,0.27,-0.35,0.08,58
POS,0.25,-0.35,0.10,66
POS,0.27,-0.36,0.09,61
POS,0.24,-0.36,0.08,66
POS,0.26,-0.36,0.10,61
POS,0.21,-0.34,0.11,66
POS,0.23,-0.34,0.12,61
POS,0.23,-0.35,0.11,67
POS,0.23,-0.36,0.10,68
POS,0.23,-0.38,0.10,73
POS,0.20,-0.37,0.08,67
POS,0.22,-0.37,0.06,62
POS,0.22,-0.37,0.05,63
POS,0.22,-0.38,0.08,73
POS,0.23,-0.37,0.08,58
POS,0.21,-0.37,0.05,70
POS,0.20,-0.37,0.06,66
POS,0.21,-0.37,0.08,67
POS,0.20,-0.35,0.09,53
POS,0.23,-0.35,0.08,58
POS,0.22,-0.35,0.05,70
POS,0.23,-0.35,0.09,64
POS,0.23,-0.35,0.08,58
POS,0.24,-0.36,0.07,65
POS,0.25,-0.36,0.06,62
POS,0.24,-0.35,0.07,54
POS,0.22,-0.35,0.08,66
POS,0.21,-0.34,0.08,61
POS,0.21,-0.34,0.05,66
POS,0.21,-0.34,0.07,66
POS,0.20,-0.35,0.07,67
POS,0.21,-0.36,0.09,71
POS,0.23,-0.39,0.11,74
POS,0.24,-0.38,0.11,64
POS,0.23,-0.39,0.10,71
POS,0.22,-0.37,0.12,68
POS,0.19,-0.37,0.13,74
POS,0.22,-0.37,0.15,68
POS,0.20,-0.38,0.16,75
POS,0.22,-0.37,0.10,66
POS,0.21,-0.37,0.09,68
POS,0.20,-0.36,0.09,60
POS,0.22,-0.37,0.09,66
POS,0.20,-0.35,0.11,64
POS,0.21,-0.36,0.11,70
POS,0.22,-0.37,0.09,66
POS,0.22,-0.36,0.11,67
POS,0.22,-0.36,0.09,56
POS,0.21,-0.35,0.08,57
POS,0.24,-0.34,0.10,51
POS,0.22,-0.34,0.09,63
POS,0.22,-0.35,0.07,63
POS,0.22,-0.35,0.07,60
POS,0.21,-0.34,0.07,61
POS,0.22,-0.36,0.10,72
POS,0.21,-0.37,0.11,73
POS,0.18,-0.37,0.10,75
POS,0.18,-0.38,0.12,74
POS,0.21,-0.38,0.11,64
POS,0.22,-0.38,0.10,65
POS,0.23,-0.37,0.10,60
POS,0.24,-0.37,0.06,66
POS,0.25,-0.37,0.07,67
POS,0.26,-0.36,0.07,54
POS,0.24,-0.35,0.09,64
POS,0.23,-0.36,0.09,69
POS,0.22,-0.36,0.09,67
POS,0.24,-0.36,0.09,58
POS,0.24,-0.36,0.08,62
POS,0.25,-0.35,0.08,59
POS,0.24,-0.34,0.07,51
POS,0.25,-0.36,0.09,70
POS,0.27,-0.36,0.07,58
POS,0.25,-0.36,0.08,68
POS,0.24,-0.36,0.07,54
POS,0.25,-0.35,0.09,61
POS,0.27,-0.36,0.11,67
POS,0.26,-0.36,0.08,63
POS,0.23,-0.35,0.08,63
POS,0.23,-0.35,0.07,60
POS,0.24,-0.37,0.05,68
POS,0.25,-0.35,0.07,52
POS,0.27,-0.35,0.12,68
POS,0.28,-0.36,0.08,67
POS,0.36,-0.38,0.08,73
POS,0.33,-0.36,0.09,52
POS,0.31,-0.34,0.10,50
POS,0.34,-0.35,0.12,66
POS,0.33,-0.38,0.12,72
POS,0.34,-0.40,0.15,74
POS,0.33,-0.39,0.14,63
POS,0.30,-0.39,0.11,66
POS,0.28,-0.37,0.10,57
POS,0.29,-0.38,0.11,66
POS,0.31,-0.40,0.09,67
POS,0.30,-0.37,0.12,59
POS,0.29,-0.37,0.12,62
POS,0.28,-0.36,0.08,66
POS,0.30,-0.36,0.15,72
POS,0.30,-0.37,0.13,64
POS,0.33,-0.37,0.11,56
POS,0.32,-0.36,0.12,59
POS,0.30,-0.35,0.10,57
POS,0.29,-0.35,0.09,57
POS,0.30,-0.35,0.10,60
POS,0.30,-0.35,0.14,70
POS,0.26,-0.34,0.15,63
POS,0.28,-0.35,0.16,65
POS,0.27,-0.34,0.15,62
POS,0.26,-0.35,0.13,68
POS,0.27,-0.36,0.10,65
POS,0.34,-0.38,0.11,73
POS,0.35,-0.40,0.08,68
POS,0.35,-0.40,0.06,66
POS,0.38,-0.40,0.08,65
POS,0.36,-0.39,0.12,69
POS,0.35,-0.39,0.09,61
POS,0.35,-0.37,0.11,57
POS,0.37,-0.39,0.12,67
POS,0.36,-0.39,0.13,66
POS,0.37,-0.39,0.13,63
POS,0.36,-0.37,0.12,51
POS,0.35,-0.38,0.13,69
POS,0.31,-0.38,0.12,70
POS,0.31,-0.38,0.14,67
POS,0.30,-0.36,0.13,50
POS,0.29,-0.35,0.13,57
POS,0.28,-0.35,0.13,62
POS,0.31,-0.31,0.10,33
POS,0.31,-0.32,0.08,58
POS,0.31,-0.34,0.10,67
POS,0.30,-0.36,0.10,68
POS,0.31,-0.35,0.13,61
POS,0.34,-0.36,0.14,67
POS,0.31,-0.38,0.14,73
POS,0.30,-0.39,0.13,70
POS,0.31,-0.37,0.11,51
POS,0.29,-0.36,0.08,62
POS,0.33,-0.36,0.12,68
POS,0.31,-0.35,0.15,69
POS,0.29,-0.35,0.15,62
POS,0.28,-0.34,0.14,56
POS,0.28,-0.34,0.15,63
POS,0.28,-0.34,0.14,60
POS,0.29,-0.34,0.14,57
POS,0.29,-0.35,0.11,63
POS,0.29,-0.35,0.10,60
POS,0.27,-0.35,0.14,72
POS,0.29,-0.37,0.13,66
POS,0.29,-0.37,0.15,67
POS,0.30,-0.36,0.17,63
POS,0.29,-0.35,0.18,65
POS,0.29,-0.35,0.13,59
POS,0.27,-0.34,0.11,55
POS,0.29,-0.36,0.11,66
POS,0.29,-0.37,0.11,65
POS,0.30,-0.36,0.11,58
POS,0.29,-0.38,0.10,69
POS,0.28,-0.37,0.12,64
POS,0.26,-0.35,0.12,60
POS,0.29,-0.36,0.12,61
POS,0.29,-0.37,0.12,66
POS,0.28,-0.36,0.09,60
POS,0.27,-0.35,0.06,64
POS,0.29,-0.34,0.11,64
POS,0.31,-0.36,0.13,67
POS,0.28,-0.35,0.16,72
POS,0.27,-0.34,0.13,55
POS,0.28,-0.36,0.14,71
POS,0.28,-0.35,0.14,55
POS,0.28,-0.36,0.14,65
POS,0.32,-0.37,0.15,67
POS,0.30,-0.36,0.17,70
POS,0.31,-0.36,0.16,63
POS,0.31,-0.37,0.16,64
POS,0.31,-0.37,0.14,59
POS,0.30,-0.36,0.13,61
POS,0.27,-0.35,0.14,65
POS,0.30,-0.36,0.16,66
POS,0.29,-0.35,0.14,51
POS,0.27,-0.33,0.17,67
POS,0.28,-0.32,0.16,51
POS,0.26,-0.32,0.13,52
POS,0.25,-0.33,0.16,70
POS,0.26,-0.33,0.10,65
POS,0.25,-0.35,0.12,73
POS,0.25,-0.35,0.11,61
POS,0.27,-0.37,0.14,72
POS,0.27,-0.37,0.17,71
POS,0.28,-0.36,0.14,57
POS,0.38,-0.39,0.11,83
POS,0.36,-0.38,0.12,59
POS,0.39,-0.39,0.13,69
POS,0.38,-0.38,0.13,59
POS,0.39,-0.39,0.14,65
POS,0.35,-0.40,0.13,71
POS,0.39,-0.40,0.13,70
POS,0.39,-0.40,0.12,62

POS,0.40,-0.39,0.15,63
POS,0.40,-0.39,0.14,62
POS,0.40,-0.38,0.12,56
POS,0.41,-0.37,0.13,55
POS,0.40,-0.36,0.14,61
POS,0.37,-0.37,0.15,70
POS,0.36,-0.37,0.13,59
POS,0.36,-0.37,0.13,61
POS,0.37,-0.38,0.12,61
POS,0.34,-0.39,0.11,70
POS,0.35,-0.38,0.13,61
POS,0.37,-0.38,0.13,61
POS,0.40,-0.37,0.15,64
POS,0.39,-0.37,0.13,57
POS,0.38,-0.37,0.13,59
POS,0.28,-0.39,0.12,84
POS,0.29,-0.38,0.13,61
POS,0.32,-0.39,0.11,65
POS,0.35,-0.39,0.12,64
POS,0.36,-0.39,0.10,59
POS,0.38,-0.40,0.09,65
POS,0.39,-0.40,0.09,64
POS,0.44,-0.39,0.11,71
POS,0.42,-0.39,0.13,65
POS,0.43,-0.40,0.12,68
POS,0.45,-0.39,0.13,65
POS,0.41,-0.37,0.14,56
POS,0.43,-0.36,0.16,61
POS,0.41,-0.35,0.17,57
POS,0.42,-0.36,0.17,68
POS,0.40,-0.38,0.16,67
POS,0.39,-0.37,0.17,59
POS,0.41,-0.37,0.18,68
POS,0.44,-0.39,0.14,71
POS,0.44,-0.39,0.14,62
POS,0.46,-0.38,0.16,70
POS,0.48,-0.40,0.15,71
POS,0.49,-0.41,0.11,72

POS,0.48,-0.41,0.11,65
POS,0.47,-0.39,0.14,63
POS,0.46,-0.39,0.13,60
POS,0.44,-0.38,0.13,61
POS,0.37,-0.41,0.12,80
POS,0.37,-0.40,0.10,61
POS,0.38,-0.41,0.10,66
POS,0.38,-0.40,0.11,60
POS,0.35,-0.40,0.12,68
POS,0.37,-0.39,0.15,67
POS,0.36,-0.40,0.12,65
POS,0.37,-0.38,0.13,76
POS,0.37,-0.38,0.10,60
POS,0.36,-0.37,0.11,58
POS,0.36,-0.38,0.09,62
POS,0.34,-0.37,0.07,62
POS,0.32,-0.38,0.08,69
POS,0.33,-0.38,0.09,58
POS,0.36,-0.38,0.10,67
POS,0.38,-0.38,0.11,59
POS,0.40,-0.38,0.11,65
POS,0.43,-0.38,0.13,66
POS,0.45,-0.39,0.14,70
POS,0.46,-0.38,0.17,69
POS,0.46,-0.37,0.16,57
POS,0.46,-0.36,0.12,56
POS,0.45,-0.36,0.09,57
POS,0.45,-0.36,0.12,60
POS,0.39,-0.35,0.11,63
POS,0.38,-0.35,0.12,54
POS,0.41,-0.36,0.14,68
POS,0.42,-0.38,0.15,71
POS,0.45,-0.38,0.16,69
POS,0.43,-0.37,0.15,55
POS,0.42,-0.38,0.15,67
POS,0.39,-0.38,0.10,65
POS,0.39,-0.38,0.13,67
POS,0.37,-0.39,0.14,71
POS,0.36,-0.40,0.13,67
POS,0.35,-0.38,0.13,57
POS,0.33,-0.36,0.13,55
POS,0.36,-0.37,0.13,66
POS,0.36,-0.38,0.11,81
POS,0.36,-0.38,0.15,68
POS,0.40,-0.38,0.16,70
POS,0.42,-0.38,0.13,61
POS,0.41,-0.40,0.09,69
POS,0.40,-0.41,0.10,68
POS,0.40,-0.42,0.11,71
POS,0.41,-0.42,0.10,69
POS,0.41,-0.43,0.09,69
POS,0.41,-0.42,0.07,64
POS,0.40,-0.42,0.09,67
POS,0.43,-0.42,0.08,69
POS,0.46,-0.42,0.06,69
POS,0.47,-0.43,0.06,73
POS,0.47,-0.43,0.06,69
POS,0.48,-0.43,0.08,68
POS,0.49,-0.42,0.10,94
POS,0.49,-0.43,0.10,69
POS,0.48,-0.42,0.04,76
POS,0.47,-0.42,0.05,66
POS,0.47,-0.43,0.07,71
POS,0.48,-0.43,0.08,72
POS,0.47,-0.45,0.07,74
POS,0.49,-0.45,0.09,73
POS,0.46,-0.44,0.03,74
POS,0.46,-0.43,0.03,65
POS,0.47,-0.43,0.05,69
POS,0.46,-0.43,0.06,67
POS,0.46,-0.43,0.07,68
POS,0.45,-0.42,0.11,68
POS,0.46,-0.43,0.11,72
POS,0.44,-0.43,0.12,68
POS,0.43,-0.44,0.09,70
POS,0.44,-0.44,0.08,69
POS,0.44,-0.44,0.11,71
POS,0.45,-0.43,0.16,74
POS,0.45,-0.44,0.11,71
POS,0.45,-0.43,0.12,68
POS,0.43,-0.43,0.09,68
POS,0.45,-0.44,0.09,72
POS,0.44,-0.45,0.09,70
POS,0.46,-0.44,0.13,74
POS,0.47,-0.44,0.12,70
POS,0.47,-0.45,0.15,76
POS,0.46,-0.45,0.13,70
POS,0.45,-0.44,0.08,71
POS,0.44,-0.45,0.08,73
POS,0.45,-0.46,0.08,72
POS,0.43,-0.46,0.07,72
POS,0.44,-0.46,0.09,71
POS,0.42,-0.44,0.12,67
POS,0.40,-0.44,0.11,69
POS,0.40,-0.45,0.11,71
POS,0.39,-0.45,0.10,95
POS,0.39,-0.46,0.09,71
POS,0.44,-0.44,0.08,70
POS,0.43,-0.45,0.07,72
POS,0.43,-0.41,0.13,80
POS,0.43,-0.41,0.14,70
POS,0.44,-0.43,0.14,73
POS,0.43,-0.42,0.16,68
POS,0.45,-0.44,0.14,75
POS,0.46,-0.44,0.16,74
POS,0.45,-0.44,0.16,70
POS,0.49,-0.43,0.18,76
POS,0.48,-0.43,0.17,69
POS,0.48,-0.44,0.15,72
POS,0.48,-0.45,0.12,74
POS,0.43,-0.45,0.11,69
POS,0.43,-0.44,0.13,68
POS,0.46,-0.43,0.16,76
POS,0.45,-0.44,0.15,72
POS,0.43,-0.44,0.13,68

POS,0.41,-0.45,0.11,70
POS,0.41,-0.45,0.08,70
POS,0.42,-0.46,0.06,73
POS,0.41,-0.46,0.06,70
POS,0.43,-0.46,0.09,72
POS,0.43,-0.45,0.11,67
POS,0.43,-0.45,0.09,71
POS,0.45,-0.45,0.07,69
POS,0.45,-0.45,0.08,72
POS,0.45,-0.45,0.11,72
POS,0.46,-0.43,0.15,71
POS,0.48,-0.43,0.15,73
POS,0.45,-0.45,0.14,75
POS,0.44,-0.44,0.17,69
POS,0.43,-0.43,0.15,66
POS,0.44,-0.44,0.12,69
POS,0.47,-0.44,0.09,74
POS,0.46,-0.45,0.08,72
POS,0.46,-0.45,0.08,68
POS,0.46,-0.47,0.07,75
POS,0.48,-0.47,0.05,75
POS,0.49,-0.47,0.05,73
POS,0.49,-0.46,0.05,70
POS,0.48,-0.47,0.03,73
POS,0.47,-0.47,0.05,74
POS,0.47,-0.46,0.09,69
POS,0.44,-0.46,0.08,70
POS,0.45,-0.46,0.08,71
POS,0.46,-0.46,0.08,71
POS,0.44,-0.46,0.09,72
POS,0.42,-0.47,0.08,74
POS,0.41,-0.48,0.12,77
POS,0.40,-0.48,0.15,77
POS,0.36,-0.49,0.14,80
POS,0.36,-0.49,0.13,73
POS,0.38,-0.48,0.10,68
POS,0.38,-0.46,0.10,63
POS,0.37,-0.46,0.11,69
POS,0.31,-0.46,0.13,82
POS,0.25,-0.46,0.13,81
POS,0.20,-0.46,0.12,81
POS,0.17,-0.45,0.13,81
POS,0.19,-0.45,0.11,73
POS,0.16,-0.44,0.13,81
POS,0.16,-0.45,0.10,78
POS,0.17,-0.46,0.09,78
POS,0.17,-0.46,0.08,79
POS,0.16,-0.47,0.11,83
POS,0.21,-0.46,0.14,72
POS,0.20,-0.46,0.14,76
POS,0.18,-0.46,0.15,83
POS,0.20,-0.46,0.10,73
POS,0.22,-0.45,0.13,72
POS,0.21,-0.45,0.16,81
POS,0.19,-0.44,0.12,74
POS,0.20,-0.46,0.13,80
POS,0.24,-0.47,0.14,74
POS,0.23,-0.47,0.18,81
POS,0.23,-0.46,0.15,73
POS,0.21,-0.46,0.15,78
POS,0.22,-0.46,0.16,77
POS,0.25,-0.47,0.15,75
POS,0.24,-0.48,0.16,79
POS,0.22,-0.47,0.14,77
POS,0.21,-0.47,0.15,80
POS,0.22,-0.46,0.12,69
POS,0.24,-0.47,0.17,81
POS,0.27,-0.48,0.16,75
POS,0.24,-0.47,0.15,78
POS,0.23,-0.46,0.13,75
POS,0.25,-0.46,0.13,73
POS,0.22,-0.47,0.15,83
POS,0.18,-0.45,0.18,83
POS,0.16,-0.45,0.22,86
POS,0.15,-0.45,0.22,83
POS,0.17,-0.46,0.21,78
POS,0.16,-0.46,0.22,83
POS,0.21,-0.48,0.20,78
POS,0.20,-0.48,0.21,82
POS,0.25,-0.47,0.20,70
POS,0.19,-0.47,0.21,85
POS,0.21,-0.47,0.18,73
POS,0.22,-0.48,0.15,78
POS,0.21,-0.48,0.16,79
POS,0.23,-0.47,0.12,71
POS,0.22,-0.47,0.13,80
POS,0.21,-0.47,0.10,76
POS,0.21,-0.47,0.14,81
POS,0.19,-0.46,0.17,82
POS,0.19,-0.47,0.14,78
POS,0.20,-0.48,0.15,78
POS,0.21,-0.48,0.15,80
POS,0.20,-0.48,0.15,79
POS,0.20,-0.46,0.15,73
POS,0.20,-0.46,0.17,80
POS,0.20,-0.47,0.19,81
POS,0.19,-0.47,0.16,79
POS,0.20,-0.47,0.18,78
POS,0.20,-0.46,0.20,78
POS,0.21,-0.45,0.16,69
POS,0.22,-0.47,0.16,79
POS,0.21,-0.46,0.11,74
POS,0.19,-0.46,0.12,80
POS,0.18,-0.46,0.14,82
POS,0.20,-0.48,0.16,81
POS,0.19,-0.48,0.19,82
POS,0.21,-0.23,0.15,79
POS,0.24,-0.30,0.13,73
POS,0.21,-0.34,0.15,82
POS,0.19,-0.36,0.16,81
POS,0.18,-0.39,0.18,83
POS,0.18,-0.42,0.20,82
POS,0.18,-0.42,0.16,76
POS,0.18,-0.44,0.12,79
POS,0.16,-0.43,0.16,84
POS,0.17,-0.44,0.19,80
POS,0.17,-0.45,0.21,82
POS,0.14,-0.44,0.21,82
POS,0.12,-0.43,0.21,81
POS,0.15,-0.45,0.20,78
POS,0.15,-0.47,0.16,82
POS,0.17,-0.48,0.19,81
POS,0.14,-0.47,0.19,84
POS,0.13,-0.46,0.19,82
POS,0.13,-0.47,0.18,82
POS,0.11,-0.46,0.19,82
POS,0.14,-0.47,0.19,80
POS,0.13,-0.47,0.17,82
POS,0.19,-0.48,0.11,75
POS,0.24,-0.24,0.06,75
POS,0.25,-0.31,0.07,77
POS,0.19,-0.34,0.06,81
POS,0.21,-0.38,0.09,77
POS,0.20,-0.40,0.09,78
POS,0.18,-0.41,0.06,76
POS,0.18,-0.40,0.02,74
POS,0.21,-0.43,0.05,77
POS,0.21,-0.44,0.06,77
POS,0.26,-0.46,0.09,76
POS,0.24,-0.46,0.10,76
POS,0.26,-0.46,0.11,75
POS,0.27,-0.47,0.08,74
POS,0.25,-0.47,0.06,77
POS,0.27,-0.48,0.09,76
POS,0.27,-0.48,0.07,73
POS,0.23,-0.46,0.05,75
POS,0.25,-0.47,0.08,76
POS,0.24,-0.47,0.08,78
POS,0.25,-0.48,0.10,77
POS,0.22,-0.49,0.09,83
POS,0.20,-0.47,0.08,73
POS,0.18,-0.46,0.07,79
POS,0.20,-0.47,0.08,74
POS,0.23,-0.47,0.05,75
POS,0.22,-0.48,0.05,78
POS,0.22,-0.48,0.07,77
POS,0.24,-0.49,0.08,77
POS,0.27,-0.49,0.10,75
POS,0.25,-0.50,0.08,79
POS,0.25,-0.50,0.08,76
POS,0.24,-0.50,0.10,80
POS,0.26,-0.50,0.07,74
POS,0.22,-0.47,0.09,76
POS,0.19,-0.49,0.09,84
POS,0.17,-0.48,0.11,82
POS,0.19,-0.49,0.10,79
POS,0.20,-0.49,0.10,77
POS,0.19,-0.48,0.12,80
POS,0.19,-0.49,0.09,80
POS,0.17,-0.47,0.09,76
POS,0.15,-0.44,0.08,71
POS,0.17,-0.45,0.09,76
POS,0.15,-0.43,0.08,73
POS,0.15,-0.44,0.10,80
POS,0.13,-0.44,0.10,78
POS,0.12,-0.44,0.10,80
POS,0.14,-0.45,0.13,79
POS,0.15,-0.45,0.12,77
POS,0.15,-0.47,0.11,83
POS,0.19,-0.48,0.08,77
POS,0.18,-0.48,0.11,82
POS,0.19,-0.48,0.11,76
POS,0.20,-0.49,0.08,77
POS,0.19,-0.48,0.09,78
POS,0.17,-0.47,0.10,80
POS,0.17,-0.47,0.10,78
POS,0.18,-0.47,0.11,80
POS,0.17,-0.47,0.07,77
POS,0.15,-0.47,0.07,81
POS,0.15,-0.46,0.12,82
POS,0.17,-0.48,0.12,78
POS,0.20,-0.48,0.10,74
POS,0.17,-0.47,0.07,79
POS,0.16,-0.48,0.04,82
POS,0.14,-0.44,-0.03,96
POS,0.16,-0.46,0.00,78
POS,0.13,-0.45,0.02,79
POS,0.18,-0.47,0.03,78
POS,0.17,-0.46,0.01,77
POS,0.17,-0.47,0.04,79
POS,0.20,-0.48,0.06,77
POS,0.20,-0.47,0.10,79
POS,0.17,-0.47,0.09,80
POS,0.18,-0.48,0.06,79
POS,0.16,-0.47,0.05,76
POS,0.19,-0.48,0.08,78
POS,0.18,-0.47,0.13,82
POS,0.17,-0.46,0.12,79
POS,0.15,-0.45,0.11,78
POS,0.14,-0.46,0.10,80
POS,0.14,-0.45,0.07,75
POS,0.13,-0.45,0.06,80
POS,0.16,-0.47,0.08,79
POS,0.16,-0.47,0.07,80
POS,0.19,-0.49,0.04,78
POS,0.22,-0.50,0.10,80
POS,0.22,-0.51,0.08,81
POS,0.20,-0.50,0.05,79
POS,0.20,-0.50,0.06,79
POS,0.19,-0.50,0.08,81
POS,0.19,-0.50,0.09,80
POS,0.15,-0.48,0.10,79
POS,0.13,-0.45,0.03,85
POS,0.16,-0.46,0.08,77
POS,0.19,-0.46,0.09,74
POS,0.24,-0.48,0.06,77
POS,0.22,-0.48,0.05,80
POS,0.21,-0.49,0.06,79
POS,0.19,-0.47,0.09,79
POS,0.16,-0.48,0.05,83
POS,0.14,-0.48,0.07,84
POS,0.10,-0.46,0.01,87
POS,0.07,-0.43,0.03,79
POS,0.07,-0.44,0.06,84
POS,0.06,-0.45,0.08,84
POS,0.05,-0.43,0.09,79
POS,0.05,-0.44,0.10,82
POS,0.02,-0.41,0.07,82
POS,0.04,-0.43,0.06,83
POS,0.03,-0.42,0.08,79
POS,0.03,-0.42,0.08,82
POS,0.02,-0.40,0.08,77
POS,0.04,-0.43,0.10,84
POS,0.05,-0.45,0.09,84
POS,0.03,-0.44,0.08,82
POS,0.02,-0.42,0.09,82
POS,0.02,-0.42,0.10,79
POS,0.05,-0.45,0.08,84
POS,0.02,-0.42,0.06,82
POS,0.02,-0.42,0.06,79
POS,0.06,-0.44,0.08,82
POS,0.03,-0.44,0.04,85
POS,0.03,-0.44,0.06,81
POS,0.06,-0.46,0.08,83
POS,0.05,-0.46,0.06,83
POS,0.01,-0.40,0.07,84
POS,-0.02,-0.37,0.07,83
POS,-0.02,-0.37,0.10,83
POS,-0.03,-0.36,0.10,83
POS,-0.03,-0.38,0.10,83
POS,-0.01,-0.41,0.07,83
POS,-0.01,-0.41,0.10,83
POS,0.00,-0.43,0.09,85
POS,-0.00,-0.41,0.05,81
POS,-0.00,-0.40,0.07,80
POS,0.00,-0.42,0.09,85
POS,0.00,-0.42,0.10,82
POS,0.01,-0.42,0.08,80
POS,0.00,-0.40,0.10,79
POS,0.01,-0.43,0.08,86
POS,0.00,-0.43,0.08,82
POS,-0.00,-0.43,0.07,84
POS,-0.00,-0.43,0.03,83
POS,0.00,-0.43,0.03,81
POS,0.03,-0.45,0.05,83
POS,-0.00,-0.40,0.06,83
POS,0.02,-0.42,0.09,84
POS,-0.00,-0.42,0.09,84
POS,-0.01,-0.42,0.05,83
POS,-0.02,-0.42,0.08,85
POS,-0.03,-0.42,0.10,86
POS,-0.02,-0.42,0.13,84
POS,-0.01,-0.43,0.09,81
POS,-0.01,-0.41,0.12,82
POS,0.01,-0.43,0.14,84
POS,0.01,-0.41,0.14,78
POS,0.02,-0.41,0.14,81
POS,0.02,-0.44,0.12,85
POS,0.02,-0.42,0.08,80
POS,0.02,-0.42,0.09,82
POS,0.02,-0.43,0.09,83
POS,0.03,-0.45,0.09,84
POS,0.02,-0.43,0.10,81
POS,0.04,-0.45,0.09,84
POS,0.06,-0.46,0.09,81
POS,0.10,-0.48,0.06,80
POS,0.10,-0.47,0.02,82
POS,0.09,-0.47,0.00,81
POS,0.10,-0.48,-0.01,83
POS,0.10,-0.47,0.01,80
POS,0.07,-0.46,0.04,83
POS,0.09,-0.47,0.03,82
POS,0.09,-0.48,0.00,84
POS,0.11,-0.50,-0.01,82
POS,0.10,-0.49,0.01,82
POS,0.10,-0.49,-0.01,82
POS,0.09,-0.47,0.02,76
POS,0.10,-0.46,-0.01,82
POS,0.11,-0.47,0.03,82
POS,0.09,-0.45,0.02,76
POS,0.07,-0.45,0.06,84
POS,0.05,-0.43,0.06,81
POS,0.05,-0.43,0.08,81
POS,0.04,-0.42,0.08,78
POS,0.02,-0.40,0.09,80
POS,0.04,-0.41,0.09,81
POS,0.06,-0.43,0.04,82
POS,0.08,-0.44,0.03,77
POS,0.06,-0.43,0.04,79
POS,0.07,-0.44,0.04,82
POS,0.08,-0.45,0.04,81
POS,0.06,-0.43,0.01,83
POS,0.10,-0.46,-0.00,80
POS,0.12,-0.47,0.01,80
POS,0.13,-0.49,0.04,83
POS,0.11,-0.47,-0.01,83
POS,0.08,-0.44,0.01,77
POS,0.09,-0.45,0.06,83
POS,0.11,-0.47,0.06,82
POS,0.10,-0.49,0.05,86
POS,0.05,-0.47,0.02,86
POS,0.01,-0.46,0.03,87
POS,-0.00,-0.47,0.03,87
POS,-0.03,-0.47,0.04,87
POS,-0.02,-0.49,0.07,88
POS,-0.03,-0.48,0.06,85
POS,-0.03,-0.49,0.02,87
POS,-0.04,-0.48,0.02,86
POS,-0.05,-0.49,0.05,89
POS,-0.04,-0.51,0.05,88
POS,-0.01,-0.54,0.06,88
POS,-0.03,-0.52,0.06,86
POS,-0.02,-0.52,0.07,86
POS,0.01,-0.54,0.04,87
POS,0.00,-0.53,0.02,87
POS,0.00,-0.54,0.03,87
POS,0.04,-0.56,0.06,86
POS,0.05,-0.56,0.05,86
POS,0.05,-0.57,0.05,89
POS,0.01,-0.52,0.09,87
POS,-0.02,-0.51,0.09,88
POS,-0.02,-0.52,0.11,89
POS,-0.05,-0.48,0.10,85
POS,-0.07,-0.45,0.08,86
POS,-0.02,-0.48,0.10,86
POS,-0.01,-0.51,0.12,89
POS,-0.01,-0.53,0.15,89
POS,-0.06,-0.46,0.14,89
POS,-0.03,-0.22,0.14,87
POS,-0.03,-0.31,0.14,89
POS,-0.07,-0.31,0.14,89
POS,-0.07,-0.35,0.13,85
POS,-0.09,-0.38,0.11,89
POS,-0.07,-0.42,0.15,89
POS,-0.08,-0.43,0.14,87
POS,-0.10,-0.41,0.14,88
POS,-0.12,-0.42,0.15,90
POS,-0.11,-0.43,0.12,85
POS,-0.11,-0.42,0.08,85
POS,-0.13,-0.41,0.07,88
POS,-0.13,-0.42,0.08,88
POS,-0.12,-0.44,0.08,87
POS,-0.09,-0.47,0.07,88
POS,-0.09,-0.47,0.08,87
POS,-0.10,-0.46,0.09,87
POS,-0.12,-0.46,0.08,89
POS,-0.15,-0.42,0.11,90
POS,-0.13,-0.45,0.10,88
POS,-0.13,-0.46,0.11,89
POS,-0.16,-0.41,0.09,90
POS,-0.17,-0.39,0.08,88
POS,-0.16,-0.40,0.10,88
POS,-0.15,-0.40,0.08,87
POS,-0.15,-0.41,0.04,88
POS,-0.13,-0.46,0.04,89
POS,-0.13,-0.45,0.07,88
POS,-0.11,-0.47,0.11,89
POS,-0.11,-0.45,0.11,86
POS,-0.15,-0.43,0.10,90
POS,-0.16,-0.41,0.10,90
POS,-0.16,-0.42,0.12,90
POS,-0.14,-0.43,0.12,86
POS,-0.14,-0.44,0.14,90
POS,-0.08,-0.48,0.09,86
POS,-0.10,-0.48,0.11,90
POS,-0.11,-0.50,0.13,90
POS,-0.13,-0.46,0.12,89
POS,-0.16,-0.42,0.09,90
POS,-0.15,-0.44,0.11,88
POS,-0.14,-0.42,0.13,87
POS,-0.15,-0.41,0.11,89
POS,-0.16,-0.43,0.12,90
POS,-0.17,-0.40,0.13,90
POS,-0.15,-0.43,0.11,88
POS,-0.15,-0.44,0.12,89
POS,-0.13,-0.45,0.12,88
POS,-0.15,-0.43,0.10,89
POS,-0.15,-0.43,0.08,87
POS,-0.15,-0.42,0.06,87
POS,-0.16,-0.40,0.06,88
POS,-0.15,-0.42,0.07,88
POS,-0.14,-0.44,0.07,89
POS,-0.14,-0.44,0.06,88
POS,-0.14,-0.43,0.06,86
POS,-0.15,-0.40,0.05,88
POS,-0.17,-0.38,0.06,91
POS,-0.18,-0.38,0.05,89
POS,-0.16,-0.41,0.04,88
POS,-0.17,-0.39,0.03,88
POS,-0.14,-0.42,0.05,88
POS,-0.13,-0.43,0.05,88
POS,-0.15,-0.43,0.06,90
POS,-0.15,-0.42,0.06,88
POS,-0.13,-0.45,0.06,88
POS,-0.12,-0.46,0.04,86
POS,-0.09,-0.48,0.05,88
POS,-0.11,-0.48,0.05,88
POS,-0.09,-0.47,0.05,85
POS,-0.08,-0.49,0.09,89
POS,-0.01,-0.52,0.05,84
POS,-0.02,-0.52,0.10,90
POS,-0.03,-0.52,0.09,87
POS,-0.05,-0.50,0.11,88
POS,-0.04,-0.55,0.10,90
POS,-0.01,-0.53,0.03,87
POS,0.01,-0.52,-0.01,85
POS,0.03,-0.52,0.00,84
POS,0.06,-0.54,0.02,84

POS,0.07,-0.52,0.13,88
POS,0.06,-0.53,0.16,89
POS,0.07,-0.57,0.17,89
POS,0.09,-0.55,0.17,82
POS,0.10,-0.55,0.14,84
POS,0.09,-0.54,0.10,84
POS,0.09,-0.55,0.12,87
POS,0.09,-0.54,0.12,84
POS,0.09,-0.54,0.13,86
POS,0.08,-0.54,0.12,85
POS,0.11,-0.57,0.12,86
POS,0.14,-0.57,0.15,83
POS,0.10,-0.55,0.10,86
POS,0.10,-0.54,0.07,84
POS,0.09,-0.54,0.06,85
POS,0.10,-0.55,0.06,85
POS,0.09,-0.58,0.07,89
POS,0.07,-0.57,0.09,87
POS,0.05,-0.57,0.13,90
POS,0.04,-0.54,0.12,84
POS,0.05,-0.55,0.14,87
POS,0.07,-0.55,0.13,85
POS,0.03,-0.53,0.15,87
POS,0.09,-0.55,0.14,83
POS,0.09,-0.54,0.16,86
POS,0.12,-0.55,0.18,84
POS,0.13,-0.57,0.15,85
POS,0.16,-0.58,0.16,84
POS,0.16,-0.58,0.16,85
POS,0.17,-0.59,0.14,84
POS,0.14,-0.59,0.15,88
POS,0.11,-0.57,0.13,85
POS,0.08,-0.30,0.15,89
POS,0.08,-0.36,0.14,85
POS,0.09,-0.42,0.16,87
POS,0.08,-0.46,0.16,88
POS,0.09,-0.49,0.13,85
POS,0.10,-0.51,0.16,87
POS,0.10,-0.53,0.11,85
POS,0.10,-0.53,0.13,85
POS,0.09,-0.54,0.18,89
POS,0.12,-0.55,0.18,84
POS,0.10,-0.55,0.14,87
POS,0.07,-0.55,0.11,86
POS,0.09,-0.56,0.14,87
POS,0.13,-0.58,0.13,84
POS,0.13,-0.57,0.13,84
POS,0.12,-0.56,0.14,86
POS,0.13,-0.56,0.17,85
POS,0.10,-0.55,0.16,87
POS,0.09,-0.55,0.15,87
POS,0.10,-0.57,0.13,86
POS,0.10,-0.57,0.12,86

POS,0.06,-0.55,0.11,86
POS,0.06,-0.55,0.12,88
POS,0.06,-0.57,0.16,89
POS,0.04,-0.56,0.15,87
POS,0.05,-0.55,0.14,85
POS,0.05,-0.55,0.10,87
POS,0.11,-0.57,0.12,84
POS,0.07,-0.56,0.08,86
POS,0.06,-0.56,0.08,89
POS,0.08,-0.57,0.13,86
POS,0.08,-0.57,0.15,86
POS,0.13,-0.58,0.14,84
POS,0.09,-0.56,0.14,87
POS,0.07,-0.54,0.11,84
POS,0.06,-0.55,0.16,89
POS,0.05,-0.54,0.13,86
POS,0.06,-0.56,0.12,88
POS,0.06,-0.56,0.15,87
POS,0.09,-0.57,0.12,85
POS,0.04,-0.55,0.13,88
POS,0.02,-0.53,0.12,85
POS,0.04,-0.54,0.11,85
POS,0.04,-0.53,0.09,85
POS,0.07,-0.57,0.09,87
POS,0.07,-0.58,0.11,88
POS,0.09,-0.58,0.12,85
POS,0.09,-0.58,0.11,87
POS,0.09,-0.58,0.12,87
POS,0.08,-0.57,0.12,87
POS,0.07,-0.56,0.12,86
POS,0.06,-0.57,0.12,89
POS,0.04,-0.55,0.14,88
POS,0.04,-0.55,0.15,87
POS,0.06,-0.55,0.13,84
POS,0.09,-0.57,0.09,85
POS,0.09,-0.56,0.07,85
POS,0.08,-0.55,0.03,85
POS,0.08,-0.54,0.04,83
POS,0.04,-0.52,0.13,91
POS,0.02,-0.52,0.17,90
POS,0.10,-0.52,0.17,78
POS,0.16,-0.53,0.19,82
POS,0.17,-0.53,0.17,81
POS,0.21,-0.54,0.14,78
POS,0.26,-0.56,0.16,82
POS,0.23,-0.55,0.19,86
POS,0.20,-0.57,0.19,87
POS,0.23,-0.59,0.19,85
POS,0.19,-0.58,0.22,88
POS,0.15,-0.56,0.21,87
POS,0.19,-0.55,0.21,89
POS,0.21,-0.56,0.14,80
POS,0.08,-0.44,0.23,95
POS,0.17,-0.48,0.19,79
POS,0.22,-0.50,0.13,79

POS,0.24,-0.52,0.09,80
POS,0.31,-0.53,0.08,80

POS,0.22,-0.52,0.16,91
POS,0.26,-0.53,0.09,80
POS,0.33,-0.54,0.06,80
POS,0.37,-0.53,0.01,79
POS,0.37,-0.54,-0.01,80
POS,0.22,-0.50,0.07,92
POS,0.24,-0.51,0.02,81
POS,0.25,-0.52,-0.01,81
POS,0.26,-0.53,-0.01,80
POS,0.15,-0.51,0.04,90
POS,0.14,-0.52,0.03,84
POS,0.19,-0.53,0.04,79
POS,0.23,-0.54,0.04,79
POS,0.11,-0.48,0.14,93
POS,0.15,-0.50,0.11,79
POS,0.20,-0.52,0.08,81

POS,0.25,-0.54,0.08,80
POS,0.32,-0.55,0.06,80
POS,0.17,-0.48,0.15,93
POS,0.09,-0.47,0.20,91

POS,0.10,-0.48,0.19,83
POS,0.18,-0.51,0.13,81
POS,0.24,-0.54,0.14,82
POS,0.23,-0.54,0.12,81
POS,0.13,-0.48,0.21,92
POS,0.30,-0.52,0.17,90
POS,0.28,-0.53,0.14,81
POS,0.31,-0.55,0.14,82
POS,0.18,-0.50,0.19,92
POS,0.20,-0.51,0.14,80
POS,0.21,-0.53,0.14,82
POS,0.25,-0.54,0.12,80
POS,0.24,-0.54,0.10,80
POS,0.23,-0.54,0.08,80
POS,0.13,-0.51,0.15,91
POS,0.03,-0.36,0.22,96
POS,0.01,-0.39,0.26,91
POS,0.12,-0.44,0.21,78
POS,0.14,-0.45,0.15,78
POS,0.20,-0.48,0.10,79
POS,0.24,-0.52,0.07,81
POS,0.23,-0.52,0.06,81
POS,0.21,-0.53,0.06,83
POS,0.10,-0.42,0.17,94

POS,0.15,-0.45,0.15,78
POS,0.18,-0.48,0.11,80
POS,0.27,-0.50,0.09,80
POS,0.26,-0.51,0.06,80
POS,0.28,-0.53,0.07,79
POS,0.16,-0.43,0.18,93
POS,0.07,-0.40,0.24,93
POS,0.00,-0.37,0.31,93
POS,0.13,-0.42,0.23,78
POS,0.17,-0.45,0.21,80
POS,0.19,-0.48,0.18,80
POS,0.21,-0.50,0.16,81
POS,0.28,-0.52,0.15,81
POS,0.26,-0.52,0.15,80
POS,0.17,-0.48,0.22,91
POS,0.30,-0.48,0.19,82
POS,0.27,-0.50,0.15,82
POS,0.31,-0.52,0.10,79
POS,0.15,-0.45,0.13,93
POS,0.20,-0.48,0.13,80
POS,0.23,-0.50,0.10,80
POS,0.13,-0.50,0.13,90
POS,0.19,-0.52,0.09,81
POS,0.21,-0.53,0.08,79

POS,0.16,-0.55,0.12,91
POS,0.09,-0.54,0.17,90
POS,0.08,-0.54,0.21,88
POS,0.22,-0.53,0.15,81
POS,0.27,-0.54,0.13,79
POS,0.28,-0.55,0.11,80
POS,0.33,-0.56,0.10,81
POS,0.38,-0.56,0.04,83
POS,0.43,-0.57,0.04,83
POS,0.43,-0.58,0.05,81
POS,0.46,-0.57,0.12,84
POS,0.47,-0.57,0.11,80
POS,0.47,-0.56,0.15,80
POS,0.47,-0.57,0.14,82
POS,0.48,-0.58,0.15,83
POS,0.46,-0.58,0.15,82
POS,0.46,-0.57,0.17,80
POS,0.42,-0.56,0.14,75
POS,0.41,-0.55,0.10,77
POS,0.41,-0.56,0.12,81
POS,0.41,-0.57,0.14,82
POS,0.39,-0.56,0.13,77
POS,0.39,-0.57,0.09,79
POS,0.38,-0.56,0.07,78
POS,0.41,-0.58,0.07,83
POS,0.38,-0.57,0.10,79
POS,0.38,-0.57,0.10,79
POS,0.37,-0.55,0.15,79
POS,0.41,-0.56,0.17,83
POS,0.45,-0.57,0.15,83
POS,0.50,-0.55,0.20,85
POS,0.51,-0.56,0.16,98
POS,0.50,-0.57,0.16,81
POS,0.51,-0.57,0.16,81
POS,0.50,-0.58,0.13,81
POS,0.48,-0.57,0.12,78
POS,0.47,-0.58,0.10,80
POS,0.46,-0.57,0.16,82
POS,0.47,-0.57,0.14,80
POS,0.48,-0.55,0.17,80
POS,0.48,-0.57,0.15,82
POS,0.49,-0.58,0.13,82
POS,0.47,-0.56,0.17,78
POS,0.45,-0.56,0.14,79
POS,0.44,-0.57,0.09,79
POS,0.40,-0.55,0.12,77
POS,0.41,-0.54,0.15,80
POS,0.39,-0.54,0.16,80
POS,0.36,-0.55,0.11,80
POS,0.42,-0.55,0.15,84
POS,0.43,-0.56,0.10,81
POS,0.41,-0.57,0.10,80
POS,0.42,-0.57,0.13,82
POS,0.42,-0.57,0.16,81
POS,0.40,-0.56,0.13,78
POS,0.36,-0.56,0.10,80
POS,0.38,-0.57,0.11,82
POS,0.41,-0.58,0.08,81
POS,0.42,-0.59,0.08,81
POS,0.39,-0.57,0.13,80
POS,0.42,-0.56,0.13,80
POS,0.41,-0.58,0.09,81
POS,0.37,-0.57,0.08,80
POS,0.40,-0.57,0.03,82
POS,0.40,-0.57,0.00,80
POS,0.44,-0.57,0.04,82
POS,0.44,-0.56,0.07,79
POS,0.46,-0.56,0.04,80
POS,0.44,-0.58,0.06,82
POS,0.47,-0.57,0.11,83
POS,0.47,-0.57,0.15,82
POS,0.48,-0.58,0.17,83
POS,0.45,-0.58,0.16,81
POS,0.44,-0.58,0.12,79
POS,0.44,-0.59,0.12,82
POS,0.43,-0.60,0.11,82
POS,0.42,-0.60,0.14,82
POS,0.44,-0.61,0.15,84
POS,0.44,-0.61,0.14,83
POS,0.41,-0.60,0.15,82
POS,0.42,-0.61,0.13,81
POS,0.42,-0.61,0.12,82
POS,0.43,-0.61,0.10,82
POS,0.39,-0.58,0.14,78
POS,0.38,-0.58,0.11,80
POS,0.41,-0.58,0.12,82
POS,0.37,-0.57,0.10,79
POS,0.37,-0.57,0.11,80
POS,0.35,-0.57,0.13,81
POS,0.33,-0.56,0.13,79
POS,0.36,-0.58,0.11,82
POS,0.39,-0.56,0.14,79
POS,0.39,-0.57,0.15,81
POS,0.42,-0.57,0.15,81
POS,0.44,-0.57,0.13,81
POS,0.47,-0.58,0.15,85
POS,0.46,-0.59,0.16,82
POS,0.50,-0.58,0.17,84
POS,0.50,-0.60,0.14,83
POS,0.51,-0.58,0.17,82
POS,0.48,-0.58,0.15,80
POS,0.49,-0.58,0.16,80
POS,0.47,-0.58,0.13,79
POS,0.46,-0.58,0.10,79
POS,0.47,-0.59,0.10,83
POS,0.41,-0.60,0.11,84
POS,0.39,-0.61,0.13,84
POS,0.38,-0.61,0.16,84
POS,0.36,-0.63,0.15,85
POS,0.35,-0.63,0.11,83
POS,0.40,-0.64,0.12,86
POS,0.37,-0.63,0.03,86
POS,0.40,-0.64,0.09,87
POS,0.40,-0.65,0.10,85
POS,0.45,-0.64,0.16,87
POS,0.49,-0.64,0.18,87
POS,0.55,-0.64,0.20,89
POS,0.53,-0.66,0.20,87
POS,0.54,-0.67,0.19,87
POS,0.46,-0.66,0.17,84
POS,0.44,-0.66,0.13,84
POS,0.48,-0.66,0.14,86
POS,0.50,-0.68,0.13,87
POS,0.50,-0.68,0.11,86
POS,0.47,-0.69,0.14,87
POS,0.47,-0.70,0.10,86
POS,0.42,-0.69,0.12,86
POS,0.42,-0.69,0.18,87
POS,0.45,-0.69,0.15,86
POS,0.49,-0.67,0.18,86
POS,0.43,-0.67,0.17,86
POS,0.40,-0.68,0.15,85
POS,0.39,-0.69,0.15,86

POS,0.37,-0.69,0.18,87
POS,0.33,-0.69,0.18,87
POS,0.35,-0.69,0.21,87
POS,0.35,-0.69,0.19,85
POS,0.40,-0.69,0.20,88
POS,0.44,-0.69,0.22,87
POS,0.43,-0.69,0.23,86
POS,0.40,-0.67,0.28,87
POS,0.40,-0.67,0.23,84
POS,0.44,-0.67,0.21,86
POS,0.41,-0.67,0.22,86
POS,0.42,-0.67,0.19,85
POS,0.44,-0.68,0.16,87
POS,0.45,-0.69,0.11,86
POS,0.42,-0.69,0.09,85
POS,0.46,-0.71,0.12,89
POS,0.50,-0.70,0.16,88
POS,0.47,-0.70,0.11,86
POS,0.43,-0.70,0.09,85
POS,0.42,-0.69,0.12,85
POS,0.44,-0.69,0.12,86
POS,0.41,-0.68,0.14,85
POS,0.41,-0.67,0.19,86
POS,0.36,-0.66,0.19,86
POS,0.36,-0.68,0.15,86
POS,0.37,-0.67,0.18,85
POS,0.40,-0.69,0.18,87
POS,0.38,-0.69,0.19,86
POS,0.43,-0.69,0.18,87
POS,0.44,-0.69,0.14,85
POS,0.43,-0.69,0.08,85
POS,0.43,-0.68,0.08,84
POS,0.44,-0.69,0.09,86
POS,0.41,-0.69,0.12,85
POS,0.45,-0.69,0.14,87
POS,0.38,-0.68,0.10,86
POS,0.41,-0.70,0.11,87
POS,0.39,-0.68,0.16,86
POS,0.43,-0.68,0.15,86
POS,0.46,-0.69,0.14,86
POS,0.40,-0.68,0.14,85
POS,0.45,-0.68,0.10,86
POS,0.43,-0.68,0.13,86
POS,0.43,-0.68,0.18,87
POS,0.53,-0.66,0.17,91
POS,0.62,-0.67,0.17,92
POS,0.53,-0.67,0.14,86
POS,0.44,-0.67,0.11,85
POS,0.44,-0.69,0.11,87
POS,0.42,-0.70,0.08,87
POS,0.43,-0.71,0.11,87
POS,0.43,-0.71,0.11,85
POS,0.43,-0.70,0.14,85
POS,0.46,-0.71,0.11,88
POS,0.51,-0.69,0.17,88
POS,0.46,-0.69,0.13,84
POS,0.41,-0.68,0.11,85
POS,0.40,-0.68,0.10,85
POS,0.37,-0.68,0.12,85
POS,0.36,-0.68,0.15,86
POS,0.36,-0.69,0.15,87
POS,0.38,-0.69,0.15,85
POS,0.37,-0.68,0.15,84
POS,0.34,-0.67,0.17,86
POS,0.35,-0.67,0.18,85
POS,0.34,-0.67,0.16,85
POS,0.31,-0.67,0.15,86
POS,0.32,-0.69,0.12,87
POS,0.30,-0.70,0.15,88
POS,0.29,-0.70,0.11,86
POS,0.27,-0.70,0.09,87
POS,0.22,-0.68,0.14,89
POS,0.15,-0.67,0.13,90
POS,0.16,-0.66,0.18,88
POS,0.16,-0.67,0.17,88
POS,0.17,-0.66,0.19,86
POS,0.17,-0.68,0.18,89
POS,0.19,-0.69,0.13,87
POS,0.22,-0.70,0.13,87
POS,0.24,-0.70,0.11,86
POS,0.22,-0.70,0.12,87
POS,0.25,-0.69,0.16,86
POS,0.19,-0.69,0.19,91
POS,0.19,-0.70,0.19,88
POS,0.19,-0.69,0.21,88
POS,0.13,-0.67,0.19,91
POS,0.11,-0.67,0.24,90
POS,0.15,-0.67,0.16,85
POS,0.21,-0.68,0.14,86
POS,0.20,-0.69,0.11,87
POS,0.17,-0.70,0.13,90
POS,0.13,-0.69,0.17,91
POS,0.13,-0.68,0.17,87
POS,0.25,-0.68,0.12,86
POS,0.23,-0.69,0.14,89
POS,0.28,-0.70,0.13,86
POS,0.23,-0.68,0.18,89
POS,0.23,-0.70,0.19,88
POS,0.30,-0.69,0.17,85
POS,0.26,-0.70,0.19,89
POS,0.21,-0.68,0.19,89
POS,0.27,-0.67,0.12,84
POS,0.34,-0.67,0.06,85
POS,0.31,-0.68,0.06,86
POS,0.35,-0.68,0.01,85
POS,0.29,-0.67,0.03,87
POS,0.32,-0.70,0.09,89
POS,0.32,-0.70,0.10,86
POS,0.33,-0.69,0.14,87
POS,0.26,-0.70,0.12,90
POS,0.32,-0.68,0.13,83
POS,0.36,-0.69,0.09,86
POS,0.39,-0.68,0.07,83
POS,0.28,-0.68,0.08,92
POS,0.31,-0.70,0.06,86
POS,0.26,-0.69,0.11,89
POS,0.25,-0.69,0.12,87
POS,0.29,-0.68,0.03,86
POS,0.25,-0.67,-0.01,87
POS,0.26,-0.68,-0.01,86
POS,0.25,-0.68,-0.04,86
POS,0.30,-0.69,0.01,86
POS,0.29,-0.69,0.04,87
POS,0.25,-0.69,0.04,87
POS,0.25,-0.69,0.07,86
POS,0.27,-0.69,0.12,87
POS,0.26,-0.68,0.14,86
POS,0.19,-0.67,0.16,91
POS,0.21,-0.68,0.14,86
POS,0.21,-0.68,0.14,87
POS,0.20,-0.68,0.15,87
POS,0.21,-0.69,0.13,87
POS,0.22,-0.70,0.15,88
POS,0.16,-0.68,0.14,90
POS,0.18,-0.69,0.09,86
POS,0.19,-0.70,0.09,88
POS,0.14,-0.69,0.09,90
POS,0.17,-0.70,0.06,87
POS,0.17,-0.69,0.10,87
POS,0.13,-0.68,0.14,90
POS,0.13,-0.68,0.13,88
POS,0.13,-0.68,0.09,88
POS,0.14,-0.68,0.09,87
POS,0.11,-0.65,0.17,90
POS,0.12,-0.64,0.22,88
POS,0.13,-0.66,0.18,88
POS,0.14,-0.67,0.18,88
POS,0.13,-0.67,0.18,88
POS,0.19,-0.68,0.15,87
POS,0.21,-0.68,0.16,86
POS,0.20,-0.69,0.15,88
POS,0.24,-0.69,0.13,85
POS,0.28,-0.69,0.16,86
POS,0.33,-0.70,0.15,87
POS,0.28,-0.69,0.16,88
POS,0.27,-0.69,0.17,87
POS,0.25,-0.69,0.18,87
POS,0.28,-0.68,0.15,83
POS,0.29,-0.68,0.15,85
POS,0.26,-0.69,0.13,87
POS,0.31,-0.69,0.14,86
POS,0.35,-0.69,0.13,86
POS,0.36,-0.69,0.13,85
POS,0.36,-0.70,0.12,86
POS,0.34,-0.70,0.10,86
POS,0.32,-0.70,0.10,86
POS,0.36,-0.71,0.11,86
POS,0.34,-0.71,0.11,86
POS,0.34,-0.70,0.08,85
POS,0.28,-0.69,0.17,90
POS,0.18,-0.66,0.17,91
POS,0.17,-0.66,0.23,90
POS,0.12,-0.66,0.19,91
POS,0.07,-0.67,0.16,92
POS,0.09,-0.68,0.13,89
POS,0.08,-0.68,0.09,89
POS,0.13,-0.70,0.09,98
POS,0.15,-0.72,0.09,89
POS,0.13,-0.72,0.05,89
POS,0.10,-0.71,0.03,90
POS,0.06,-0.70,0.04,92
POS,0.08,-0.70,0.00,88
POS,0.10,-0.71,-0.01,89
POS,0.12,-0.73,-0.02,89
POS,0.13,-0.72,-0.07,90
POS,0.10,-0.70,-0.12,91
POS,0.08,-0.69,-0.14,90
POS,0.05,-0.66,-0.16,91
POS,0.03,-0.64,-0.19,92
POS,0.03,-0.65,-0.17,89
POS,0.05,-0.67,-0.12,90
POS,0.02,-0.67,-0.06,91
POS,0.04,-0.67,-0.05,89
POS,0.03,-0.67,-0.09,90
POS,0.01,-0.66,-0.10,90
POS,-0.03,-0.62,-0.13,92
POS,-0.04,-0.63,-0.13,92
POS,-0.06,-0.62,-0.16,92
POS,-0.03,-0.62,-0.18,90
POS,-0.02,-0.63,-0.16,90
POS,-0.01,-0.64,-0.13,90
POS,0.01,-0.65,-0.15,90
POS,-0.01,-0.65,-0.13,91
POS,-0.05,-0.63,-0.12,91
POS,-0.04,-0.62,-0.12,90
POS,-0.03,-0.64,-0.08,90
POS,-0.02,-0.66,-0.08,91
POS,-0.03,-0.66,-0.04,91
POS,-0.04,-0.65,-0.02,91
POS,-0.05,-0.66,-0.02,92
POS,-0.03,-0.64,-0.10,92
POS,-0.05,-0.64,-0.10,92
POS,-0.05,-0.63,-0.09,90
POS,-0.04,-0.65,-0.06,91
POS,0.00,-0.67,-0.06,89
POS,0.02,-0.68,-0.01,90
POS,-0.00,-0.67,-0.01,90
POS,-0.01,-0.67,-0.01,91
POS,-0.02,-0.65,-0.02,89
POS,-0.03,-0.63,0.01,90
POS,-0.04,-0.64,0.00,91
POS,0.01,-0.67,0.00,89
POS,-0.03,-0.63,-0.02,90
POS,-0.00,-0.65,-0.01,89
POS,0.03,-0.67,-0.00,89
POS,0.04,-0.68,-0.00,89
POS,0.04,-0.68,-0.00,90
POS,0.02,-0.67,-0.02,90
POS,0.01,-0.67,-0.00,90
POS,0.01,-0.67,0.01,90
POS,0.01,-0.67,0.00,91
POS,-0.04,-0.66,0.04,92
POS,-0.03,-0.66,0.02,90
POS,-0.03,-0.66,0.00,91
POS,-0.03,-0.66,-0.00,90
POS,-0.05,-0.66,0.05,92
POS,-0.02,-0.67,0.04,90
POS,-0.06,-0.66,0.03,92
POS,-0.01,-0.68,0.03,90
POS,-0.03,-0.65,-0.01,90
POS,-0.05,-0.66,0.00,92
POS,-0.03,-0.66,-0.02,90
POS,-0.01,-0.66,-0.01,89
POS,-0.05,-0.66,0.03,92
POS,-0.04,-0.66,0.00,90
POS,-0.03,-0.66,-0.00,91
POS,-0.00,-0.68,-0.01,90
POS,-0.00,-0.69,0.01,91
POS,-0.01,-0.68,-0.00,91

POS,-0.02,-0.67,-0.01,91
POS,-0.03,-0.67,0.01,92
POS,-0.01,-0.61,-0.13,96
POS,0.02,-0.63,-0.13,89
POS,0.09,-0.67,-0.09,88
POS,0.08,-0.68,-0.04,90
POS,0.11,-0.70,-0.05,88
POS,0.08,-0.70,-0.03,91
POS,0.06,-0.69,-0.01,90
POS,0.02,-0.67,-0.05,92
POS,0.05,-0.70,-0.02,90
POS,0.05,-0.71,-0.03,90
POS,0.05,-0.71,-0.02,90
POS,0.08,-0.70,-0.10,92
POS,0.05,-0.69,-0.07,91
POS,0.05,-0.69,-0.05,90
POS,0.07,-0.70,-0.02,89
POS,0.09,-0.70,-0.06,89
POS,0.04,-0.60,-0.16,97
POS,-0.01,-0.58,-0.12,90
POS,-0.04,-0.59,-0.07,91
POS,-0.05,-0.60,0.04,92
POS,-0.08,-0.60,0.07,92
POS,-0.11,-0.59,0.07,92
POS,-0.13,-0.58,0.04,90
POS,-0.09,-0.60,-0.02,90
POS,-0.01,-0.62,-0.08,89
POS,0.03,-0.61,-0.16,92
POS,0.08,-0.63,-0.18,89
POS,0.14,-0.49,-0.32,93
POS,0.13,-0.43,-0.42,95
POS,0.13,-0.37,-0.50,95
POS,0.11,-0.30,-0.56,95
POS,0.11,-0.41,-0.49,91
POS,0.09,-0.33,-0.54,95
POS,0.07,-0.25,-0.58,95
POS,0.01,-0.14,-0.55,95
POS,-0.10,-0.20,-0.36,94
POS,-0.14,-0.30,-0.26,92
POS,-0.08,-0.40,-0.19,89
POS,-0.07,-0.46,-0.14,91
POS,-0.08,-0.47,-0.20,94
POS,-0.08,-0.50,-0.22,92
POS,-0.11,-0.51,-0.18,91
POS,-0.07,-0.54,-0.19,89
POS,-0.09,-0.55,-0.16,91
POS,-0.07,-0.58,-0.19,92
POS,-0.06,-0.58,-0.23,93
POS,-0.07,-0.57,-0.25,94
POS,-0.06,-0.55,-0.30,95
POS,-0.08,-0.55,-0.27,91
POS,-0.08,-0.52,-0.31,96
POS,-0.07,-0.55,-0.26,91
POS,-0.04,-0.58,-0.27,91
POS,-0.09,-0.54,-0.26,94
POS,-0.07,-0.56,-0.26,91
POS,-0.11,-0.62,-0.20,95
POS,-0.10,-0.55,-0.29,96
POS,-0.06,-0.58,-0.29,92
POS,-0.07,-0.56,-0.28,92
POS,-0.04,-0.56,-0.31,93
POS,-0.01,-0.59,-0.30,92
POS,-0.01,-0.59,-0.32,93
POS,-0.03,-0.59,-0.27,91
POS,0.00,-0.62,-0.29,92
POS,-0.01,-0.60,-0.27,91
POS,-0.03,-0.57,-0.29,94
POS,-0.05,-0.54,-0.31,95
POS,-0.05,-0.55,-0.33,94
POS,-0.07,-0.55,-0.35,95
POS,-0.04,-0.59,-0.31,90
POS,-0.05,-0.58,-0.27,91
POS,-0.02,-0.59,-0.28,91
POS,-0.02,-0.61,-0.25,91
POS,-0.02,-0.62,-0.20,91
POS,-0.01,-0.64,-0.20,90
POS,0.00,-0.64,-0.21,90
POS,-0.01,-0.65,-0.15,91
POS,-0.02,-0.64,-0.15,91
POS,-0.04,-0.62,-0.10,90
POS,-0.03,-0.64,-0.07,91
POS,-0.04,-0.65,-0.05,92
POS,0.00,-0.68,-0.07,90
POS,0.01,-0.68,-0.09,90
POS,0.00,-0.68,-0.08,91
POS,-0.01,-0.65,-0.15,93
POS,-0.03,-0.64,-0.16,92
POS,-0.06,-0.59,-0.20,94
POS,-0.05,-0.60,-0.20,91
POS,-0.03,-0.62,-0.22,92
POS,0.02,-0.64,-0.24,91
POS,0.01,-0.64,-0.27,93
POS,0.02,-0.62,-0.29,93
POS,-0.00,-0.61,-0.26,91
POS,-0.05,-0.58,-0.28,95
POS,-0.12,-0.53,-0.29,95
POS,-0.11,-0.56,-0.28,93
POS,-0.13,-0.54,-0.29,94
POS,-0.15,-0.49,-0.33,97

POS,-0.14,-0.51,-0.32,93

POS,-0.10,-0.51,-0.35,95
POS,-0.08,-0.53,-0.33,92
POS,-0.09,-0.43,-0.39,96
POS,-0.08,-0.46,-0.40,95
POS,-0.12,-0.37,-0.40,96
POS,-0.10,-0.40,-0.42,95
POS,-0.10,-0.44,-0.38,92
POS,-0.07,-0.49,-0.33,90
POS,-0.08,-0.53,-0.25,91
POS,-0.08,-0.55,-0.23,91
POS,-0.06,-0.56,-0.21,90
POS,-0.08,-0.54,-0.23,93
POS,-0.13,-0.49,-0.27,96
POS,-0.08,-0.50,-0.29,92

POS,-0.12,-0.53,-0.26,93
POS,-0.00,-0.45,-0.36,92
POS,-0.03,-0.48,-0.32,92

POS,-0.03,-0.52,-0.33,93
POS,-0.03,-0.50,-0.37,96
POS,-0.02,-0.48,-0.41,97
POS,-0.02,-0.40,-0.48,96
POS,-0.01,-0.33,-0.55,95
POS,-0.11,-0.36,-0.36,94
POS,-0.06,-0.08,-0.30,90
POS,0.00,0.14,-0.27,90
POS,0.02,-0.09,-0.23,91
POS,-0.08,-0.21,-0.14,94
POS,-0.16,-0.25,-0.02,95
POS,-0.16,-0.34,0.09,93
POS,-0.08,-0.46,0.15,91
POS,-0.10,-0.53,0.20,94
POS,-0.10,-0.56,0.16,92
POS,-0.14,-0.56,0.16,92
POS,-0.09,-0.61,0.12,91
POS,-0.13,-0.59,0.13,92
POS,-0.14,-0.61,0.11,93
POS,-0.12,-0.63,0.09,92
POS,-0.20,-0.39,0.05,96
POS,-0.12,-0.12,-0.07,93
POS,-0.12,-0.01,-0.19,95
POS,-0.07,0.15,-0.25,94
POS,-0.03,0.14,-0.37,95
POS,-0.02,0.08,-0.47,96
POS,0.05,-0.02,-0.55,95
POS,0.09,-0.16,-0.57,95
POS,0.10,-0.22,-0.59,96
POS,0.10,-0.28,-0.60,96
POS,0.07,-0.37,-0.36,92
POS,0.11,-0.50,-0.25,91
POS,0.12,-0.58,-0.16,91
POS,0.01,-0.55,-0.01,94
POS,-0.08,-0.52,0.11,95
POS,-0.12,-0.53,0.22,95
POS,-0.14,-0.56,0.27,94
POS,-0.11,-0.61,0.26,92
POS,-0.07,-0.66,0.23,92
POS,-0.07,-0.67,0.20,92
POS,-0.09,-0.70,0.21,94
POS,-0.14,-0.68,0.20,94
POS,-0.10,-0.71,0.23,92
POS,-0.09,-0.72,0.26,93
POS,-0.09,-0.71,0.24,93
POS,-0.10,-0.72,0.25,94
POS,-0.13,-0.70,0.25,93
POS,-0.14,-0.70,0.23,93
POS,-0.22,-0.63,0.22,95
POS,-0.29,-0.54,0.21,95
POS,-0.21,-0.60,0.18,92
POS,-0.17,-0.65,0.09,93
POS,-0.09,-0.29,0.02,90
POS,-0.14,-0.35,-0.04,93
POS,-0.13,-0.41,-0.15,96
POS,-0.08,-0.36,-0.31,96
POS,-0.07,-0.45,-0.32,93
POS,-0.15,-0.49,-0.21,94
POS,-0.21,-0.52,-0.10,95
POS,-0.24,-0.57,-0.07,94
POS,-0.28,-0.56,0.01,94
POS,-0.30,-0.56,0.07,95
POS,-0.26,-0.62,0.11,94
POS,-0.31,-0.58,0.07,94
POS,-0.32,-0.59,0.05,94
POS,-0.26,-0.64,0.03,93
POS,-0.21,-0.69,0.04,93
POS,-0.21,-0.69,0.05,93
POS,-0.23,-0.67,0.04,93
POS,-0.20,-0.69,-0.03,93
POS,-0.20,-0.69,-0.02,93
POS,-0.20,-0.71,0.04,94
POS,-0.18,-0.72,0.03,93
POS,-0.14,-0.75,0.04,93
POS,-0.08,-0.68,-0.13,96
POS,-0.18,-0.61,-0.06,95
POS,-0.17,-0.66,0.02,94
POS,-0.19,-0.65,0.13,94
POS,-0.24,-0.63,0.13,94
POS,-0.24,-0.66,0.15,94
POS,-0.23,-0.69,0.17,94
POS,-0.23,-0.68,0.23,94
POS,-0.26,-0.65,0.21,94
POS,-0.25,-0.67,0.22,94
POS,-0.21,-0.69,0.27,93
POS,-0.22,-0.68,0.27,94
POS,-0.24,-0.66,0.29,94
POS,-0.27,-0.66,0.25,94
POS,-0.32,-0.60,0.17,95
POS,-0.33,-0.61,0.21,95
POS,-0.28,-0.63,0.24,94
POS,-0.20,-0.69,0.18,92
POS,-0.24,-0.66,0.20,94
POS,-0.24,-0.68,0.21,95
POS,-0.25,-0.70,0.19,95
POS,-0.29,-0.63,0.23,95
POS,-0.29,-0.61,0.29,94
POS,-0.31,-0.60,0.31,95
POS,-0.32,-0.59,0.32,95
POS,-0.34,-0.58,0.29,94
POS,-0.37,-0.54,0.30,95
POS,-0.36,-0.55,0.32,94
POS,-0.36,-0.55,0.31,94
POS,-0.37,-0.53,0.30,94
POS,-0.34,-0.55,0.33,94
POS,-0.28,-0.60,0.34,94
POS,-0.21,-0.65,0.31,92
POS,-0.17,-0.67,0.26,92
POS,-0.16,-0.67,0.27,94
POS,-0.21,-0.61,0.16,93
POS,-0.18,-0.63,0.13,92
POS,-0.05,-0.67,0.11,89
POS,-0.04,-0.71,0.15,93
POS,-0.07,-0.72,0.18,94
POS,-0.08,-0.73,0.20,93
POS,-0.10,-0.72,0.21,93
POS,-0.05,-0.74,0.19,91
POS,-0.02,-0.76,0.19,92
POS,0.04,-0.78,0.19,90
POS,0.00,-0.74,0.26,94
POS,0.02,-0.77,0.22,92
POS,0.01,-0.76,0.27,93
POS,-0.03,-0.73,0.33,94
POS,-0.01,-0.75,0.30,92
POS,-0.04,-0.74,0.29,93
POS,-0.00,-0.76,0.30,92
POS,0.01,-0.76,0.33,92
POS,0.04,-0.77,0.28,90
POS,0.07,-0.79,0.30,92
POS,0.12,-0.81,0.26,90
POS,0.11,-0.81,0.28,92
POS,0.10,-0.81,0.28,92
POS,0.07,-0.80,0.28,92
POS,0.02,-0.78,0.24,93
POS,0.06,-0.80,0.22,91
POS,-0.02,-0.75,0.23,94
POS,0.05,-0.78,0.22,98
POS,0.06,-0.78,0.20,91
POS,0.07,-0.78,0.26,92
POS,0.07,-0.79,0.24,91
POS,0.07,-0.78,0.28,92
POS,0.07,-0.77,0.24,91
POS,0.04,-0.77,0.22,92
POS,0.04,-0.78,0.23,92
POS,0.03,-0.76,0.27,92
POS,0.05,-0.76,0.21,90
POS,0.09,-0.77,0.17,88
POS,0.03,-0.74,0.21,94
POS,0.01,-0.72,0.29,93
POS,0.03,-0.73,0.28,91
POS,-0.03,-0.69,0.32,94
POS,0.01,-0.72,0.21,90
POS,-0.06,-0.69,0.20,93
POS,-0.07,-0.69,0.21,93
POS,-0.01,-0.72,0.21,90
POS,-0.04,-0.72,0.23,94
POS,-0.04,-0.73,0.24,93
POS,-0.03,-0.75,0.24,92
POS,0.02,-0.76,0.22,90
POS,-0.03,-0.74,0.24,94
POS,-0.02,-0.75,0.23,92
POS,-0.04,-0.75,0.24,93
POS,-0.02,-0.77,0.18,92
POS,0.00,-0.79,0.18,92
POS,-0.04,-0.77,0.17,93
POS,-0.01,-0.79,0.17,92
POS,-0.01,-0.78,0.19,92
POS,-0.01,-0.77,0.15,91
POS,0.00,-0.78,0.16,92
POS,0.04,-0.77,0.19,90
POS,-0.01,-0.75,0.24,94
POS,0.01,-0.73,0.12,90
POS,-0.03,-0.74,0.15,94
POS,0.00,-0.75,0.15,90
POS,-0.04,-0.73,0.21,94
POS,-0.02,-0.74,0.18,91
POS,0.02,-0.76,0.19,91
POS,0.00,-0.77,0.20,93
POS,0.07,-0.79,0.15,90
POS,0.05,-0.78,0.19,93
POS,-0.04,-0.71,0.25,94
POS,-0.06,-0.72,0.24,93
POS,-0.06,-0.73,0.24,93
POS,-0.06,-0.73,0.23,93
POS,-0.07,-0.74,0.24,93
POS,-0.08,-0.74,0.24,93
POS,-0.10,-0.74,0.23,94
POS,-0.13,-0.72,0.24,94
POS,-0.12,-0.73,0.25,94
POS,-0.12,-0.73,0.26,93
POS,-0.13,-0.72,0.28,94
POS,-0.13,-0.72,0.25,93
POS,-0.09,-0.73,0.24,92
POS,-0.09,-0.75,0.20,93
POS,-0.07,-0.75,0.18,92
POS,-0.07,-0.76,0.18,93
POS,-0.05,-0.77,0.20,92
POS,-0.03,-0.78,0.19,92
POS,0.02,-0.80,0.19,91
POS,0.03,-0.80,0.18,91
POS,0.06,-0.80,0.17,90
POS,0.06,-0.80,0.22,92
POS,0.06,-0.80,0.21,92
POS,0.13,-0.81,0.17,89
POS,0.13,-0.82,0.16,91
POS,0.00,-0.76,0.17,94
POS,0.03,-0.77,0.15,91
POS,0.11,-0.79,0.13,90
POS,0.16,-0.80,0.16,90
POS,0.22,-0.81,0.15,90
POS,0.25,-0.80,0.20,90
POS,0.26,-0.81,0.20,90
POS,0.22,-0.80,0.19,90
POS,0.19,-0.79,0.17,90
POS,0.24,-0.79,0.22,90
POS,0.14,-0.76,0.20,92
POS,0.14,-0.74,0.22,89
POS,0.15,-0.76,0.23,91
POS,0.13,-0.77,0.24,91
POS,0.12,-0.77,0.27,91
POS,0.11,-0.75,0.24,89
POS,0.10,-0.73,0.27,91
POS,0.08,-0.72,0.27,91
POS,0.10,-0.73,0.31,91
POS,0.07,-0.72,0.30,92
POS,0.09,-0.74,0.31,91
POS,0.16,-0.77,0.30,91
POS,0.16,-0.77,0.32,91
POS,0.10,-0.76,0.30,92
POS,0.17,-0.76,0.31,90
POS,0.14,-0.75,0.28,90
POS,0.19,-0.76,0.29,90
POS,0.21,-0.76,0.31,90
POS,0.25,-0.77,0.32,90
POS,0.18,-0.74,0.32,91
POS,0.23,-0.76,0.28,96
POS,0.18,-0.74,0.31,91
POS,0.15,-0.74,0.33,92
POS,0.11,-0.73,0.28,91
POS,0.13,-0.73,0.28,89
POS,0.11,-0.73,0.25,91
POS,0.11,-0.73,0.32,91
POS,0.13,-0.74,0.34,91
POS,0.08,-0.73,0.36,93
POS,0.07,-0.73,0.37,92
POS,0.04,-0.72,0.34,92
POS,0.07,-0.74,0.34,91
POS,0.05,-0.73,0.33,92
POS,0.07,-0.75,0.32,91
POS,0.11,-0.77,0.31,91
POS,0.05,-0.75,0.32,94
POS,0.09,-0.76,0.34,91
POS,0.07,-0.76,0.36,93
POS,0.09,-0.76,0.36,91
POS,0.09,-0.76,0.33,91
POS,0.08,-0.76,0.34,92
POS,0.07,-0.75,0.34,91
POS,0.05,-0.73,0.31,91
POS,0.09,-0.75,0.31,90
POS,0.11,-0.74,0.29,89
POS,0.11,-0.74,0.28,90
POS,0.18,-0.75,0.31,90
POS,0.18,-0.76,0.28,90
POS,0.10,-0.74,0.27,93
POS,0.09,-0.74,0.27,90
POS,0.10,-0.74,0.24,90
POS,0.12,-0.75,0.28,91
POS,0.15,-0.76,0.29,90
POS,0.12,-0.76,0.27,91
POS,0.13,-0.76,0.29,91
POS,0.15,-0.76,0.32,91
POS,0.10,-0.75,0.31,92
POS,0.06,-0.72,0.29,92
POS,0.09,-0.73,0.32,91
POS,0.13,-0.74,0.34,90
POS,0.14,-0.74,0.36,91
POS,0.06,-0.69,0.38,93
POS,0.01,-0.68,0.35,93
POS,0.03,-0.70,0.33,91
POS,0.09,-0.70,0.37,90
POS,0.06,-0.70,0.38,92
POS,0.07,-0.71,0.37,91
POS,0.09,-0.73,0.36,90
POS,0.07,-0.73,0.33,92
POS,0.03,-0.71,0.36,93
POS,0.05,-0.72,0.37,91
POS,0.03,-0.70,0.40,92
POS,-0.01,-0.69,0.36,92
POS,0.02,-0.68,0.40,91
POS,0.02,-0.70,0.37,92
POS,0.06,-0.72,0.37,91
POS,0.06,-0.72,0.34,90
POS,0.08,-0.73,0.32,90
POS,0.09,-0.72,0.29,89
POS,0.12,-0.75,0.30,91
POS,0.13,-0.76,0.31,91
POS,0.19,-0.77,0.32,90
POS,0.22,-0.78,0.27,89
POS,0.24,-0.79,0.23,89
POS,0.27,-0.80,0.20,89
POS,0.31,-0.81,0.18,89
POS,0.31,-0.81,0.16,89
POS,0.35,-0.81,0.15,89
POS,0.38,-0.81,0.16,89
POS,0.44,-0.79,0.14,89
POS,0.44,-0.79,0.11,88
POS,0.46,-0.78,0.08,88
POS,0.45,-0.78,0.14,89
POS,0.45,-0.79,0.11,89
POS,0.45,-0.78,0.13,88
POS,0.47,-0.79,0.11,89
POS,0.49,-0.79,0.09,89
POS,0.47,-0.78,0.04,88
POS,0.45,-0.79,0.08,89
POS,0.46,-0.79,0.05,89
POS,0.49,-0.79,0.04,89
POS,0.49,-0.78,0.05,88
POS,0.54,-0.78,0.03,90
POS,0.50,-0.79,0.05,89
POS,0.48,-0.79,0.04,89
POS,0.45,-0.79,0.01,88
POS,0.46,-0.79,-0.01,88
POS,0.47,-0.80,0.03,89
POS,0.48,-0.79,0.04,88
POS,0.49,-0.79,0.04,89
POS,0.49,-0.80,0.08,89
POS,0.48,-0.80,0.07,89
POS,0.48,-0.80,0.08,89
POS,0.47,-0.80,0.10,89
POS,0.42,-0.79,0.11,88
POS,0.42,-0.79,0.12,88
POS,0.42,-0.79,0.08,88
POS,0.47,-0.79,0.09,89
POS,0.44,-0.80,0.11,89
POS,0.47,-0.79,0.10,89
POS,0.51,-0.79,0.12,90
POS,0.52,-0.79,0.08,88
POS,0.51,-0.79,0.10,89
POS,0.51,-0.80,0.10,89
POS,0.53,-0.79,0.12,89
POS,0.54,-0.79,0.09,89
POS,0.53,-0.79,0.06,88
POS,0.49,-0.79,0.03,88
POS,0.50,-0.80,0.04,89
POS,0.52,-0.79,0.02,89
POS,0.53,-0.79,0.04,89
POS,0.51,-0.79,0.07,89
POS,0.53,-0.78,0.14,89
POS,0.52,-0.78,0.12,88
POS,0.51,-0.78,0.11,88
POS,0.46,-0.78,0.08,89
POS,0.46,-0.79,0.08,89
POS,0.45,-0.79,0.07,89
POS,0.43,-0.79,0.08,88
POS,0.46,-0.79,0.10,90
POS,0.47,-0.80,0.12,89
POS,0.51,-0.80,0.12,90
POS,0.50,-0.80,0.09,89
POS,0.53,-0.80,0.09,90
POS,0.54,-0.80,0.09,89
POS,0.51,-0.79,0.13,89
POS,0.49,-0.79,0.11,88
POS,0.47,-0.79,0.11,88
POS,0.47,-0.80,0.12,89
POS,0.46,-0.80,0.11,88
POS,0.48,-0.79,0.13,89
POS,0.46,-0.79,0.10,88
POS,0.49,-0.80,0.12,90
POS,0.49,-0.79,0.10,88
POS,0.49,-0.79,0.10,89
POS,0.48,-0.79,0.11,88
POS,0.47,-0.79,0.13,89
POS,0.48,-0.80,0.10,89
POS,0.47,-0.80,0.10,89
POS,0.46,-0.80,0.10,88
POS,0.46,-0.79,0.13,88
POS,0.48,-0.79,0.14,88
POS,0.51,-0.78,0.11,89
POS,0.54,-0.77,0.15,89
POS,0.52,-0.78,0.16,89
POS,0.51,-0.78,0.17,89
POS,0.53,-0.78,0.15,89
POS,0.53,-0.78,0.14,88
POS,0.47,-0.78,0.08,88
POS,0.45,-0.78,0.11,89
POS,0.45,-0.78,0.16,89
POS,0.43,-0.79,0.12,89
POS,0.47,-0.78,0.18,90
POS,0.50,-0.78,0.17,89
POS,0.53,-0.77,0.19,89
POS,0.51,-0.78,0.18,89
POS,0.49,-0.78,0.15,88
POS,0.51,-0.78,0.14,89
POS,0.53,-0.77,0.17,89
POS,0.53,-0.77,0.15,89
POS,0.52,-0.78,0.13,88
POS,0.52,-0.78,0.13,89
POS,0.49,-0.79,0.12,89
POS,0.46,-0.80,0.13,90
POS,0.40,-0.81,0.11,89
POS,0.45,-0.81,0.09,89
POS,0.43,-0.82,0.11,90
POS,0.41,-0.83,0.11,90
POS,0.42,-0.85,0.12,91
POS,0.47,-0.83,0.20,91
POS,0.45,-0.83,0.23,91
POS,0.47,-0.85,0.25,92
POS,0.44,-0.86,0.25,91
POS,0.37,-0.86,0.21,91
POS,0.38,-0.87,0.23,91
POS,0.41,-0.87,0.25,91
POS,0.44,-0.88,0.18,91
POS,0.39,-0.87,0.24,91
POS,0.35,-0.85,0.24,90
POS,0.34,-0.86,0.22,91
POS,0.30,-0.86,0.24,91
POS,0.28,-0.86,0.23,91
POS,0.27,-0.87,0.19,91
POS,0.31,-0.88,0.20,91
POS,0.23,-0.86,0.24,93
POS,0.24,-0.87,0.26,92
POS,0.26,-0.88,0.17,91
POS,0.26,-0.88,0.14,90
POS,0.26,-0.87,0.16,91
POS,0.29,-0.89,0.16,91
POS,0.28,-0.88,0.17,91
POS,0.25,-0.88,0.15,91
POS,0.30,-0.88,0.16,91
POS,0.27,-0.88,0.18,91
POS,0.31,-0.89,0.19,92
POS,0.26,-0.88,0.19,91
POS,0.27,-0.88,0.24,92
POS,0.27,-0.87,0.26,91
POS,0.24,-0.88,0.28,92
POS,0.31,-0.87,0.26,91
POS,0.33,-0.88,0.22,90
POS,0.38,-0.89,0.20,91
POS,0.36,-0.90,0.19,92
POS,0.36,-0.91,0.21,92
POS,0.33,-0.90,0.24,92
POS,0.30,-0.90,0.27,92
POS,0.30,-0.89,0.31,92
POS,0.31,-0.90,0.25,91
POS,0.32,-0.90,0.27,91
POS,0.32,-0.88,0.30,91
POS,0.26,-0.87,0.30,92
POS,0.29,-0.89,0.24,91
POS,0.31,-0.89,0.25,91
POS,0.31,-0.89,0.30,92
POS,0.26,-0.86,0.33,92
POS,0.32,-0.87,0.28,91
POS,0.34,-0.87,0.28,91
POS,0.34,-0.87,0.27,91
POS,0.30,-0.87,0.26,91
POS,0.30,-0.87,0.24,91
POS,0.29,-0.87,0.29,92
POS,0.32,-0.88,0.23,91
POS,0.29,-0.88,0.20,91
POS,0.26,-0.88,0.25,92
POS,0.30,-0.89,0.23,91
POS,0.34,-0.88,0.24,91
POS,0.33,-0.88,0.23,90
POS,0.32,-0.89,0.19,91
POS,0.32,-0.88,0.23,91
POS,0.33,-0.87,0.27,91
POS,0.32,-0.87,0.27,91
POS,0.33,-0.88,0.28,91
POS,0.32,-0.88,0.30,91
POS,0.26,-0.87,0.27,92
POS,0.26,-0.89,0.28,92
POS,0.23,-0.88,0.25,91
POS,0.23,-0.87,0.26,91
POS,0.21,-0.87,0.24,91
POS,0.31,-0.87,0.17,91
POS,0.30,-0.88,0.22,92
POS,0.30,-0.88,0.22,91
POS,0.30,-0.88,0.26,92
POS,0.24,-0.86,0.29,92
POS,0.20,-0.85,0.31,93
POS,0.30,-0.87,0.27,92
POS,0.27,-0.88,0.23,91
POS,0.22,-0.88,0.19,92
POS,0.25,-0.88,0.14,91
POS,0.27,-0.90,0.11,91
POS,0.32,-0.90,0.15,91
POS,0.29,-0.89,0.13,91
POS,0.33,-0.90,0.14,92
POS,0.32,-0.90,0.18,91
POS,0.29,-0.90,0.13,91
POS,0.31,-0.89,0.17,91
POS,0.29,-0.89,0.20,91
POS,0.32,-0.88,0.23,91
POS,0.30,-0.88,0.24,91
POS,0.30,-0.88,0.18,90
POS,0.24,-0.85,0.26,93
POS,0.25,-0.87,0.24,91
POS,0.20,-0.86,0.23,92
POS,0.27,-0.86,0.24,91
POS,0.28,-0.86,0.21,90
POS,0.37,-0.87,0.23,92
POS,0.35,-0.87,0.20,91
POS,0.36,-0.87,0.22,90
POS,0.43,-0.87,0.16,91
POS,0.45,-0.87,0.20,91
POS,0.48,-0.87,0.23,92
POS,0.50,-0.88,0.24,92
POS,0.46,-0.88,0.21,90
POS,0.47,-0.88,0.26,92
POS,0.42,-0.87,0.25,91
POS,0.43,-0.87,0.27,91
POS,0.37,-0.87,0.24,91
POS,0.36,-0.87,0.23,91
POS,0.36,-0.88,0.26,92
POS,0.35,-0.88,0.27,92
POS,0.32,-0.88,0.27,91
POS,0.32,-0.88,0.23,90
POS,0.28,-0.87,0.22,91
POS,0.25,-0.87,0.20,91
POS,0.27,-0.87,0.24,92
POS,0.27,-0.88,0.26,92
POS,0.25,-0.88,0.24,91
POS,0.26,-0.88,0.23,91
POS,0.22,-0.87,0.20,91
POS,0.24,-0.87,0.18,90
POS,0.28,-0.86,0.26,92
POS,0.31,-0.85,0.32,92
POS,0.31,-0.85,0.28,90
POS,0.27,-0.85,0.25,91
POS,0.27,-0.86,0.21,91
POS,0.22,-0.87,0.20,92
POS,0.25,-0.87,0.15,90
POS,0.32,-0.87,0.17,91
POS,0.33,-0.88,0.22,92
POS,0.29,-0.88,0.24,92
POS,0.34,-0.88,0.23,91
POS,0.27,-0.87,0.23,92
POS,0.34,-0.87,0.21,91
POS,0.31,-0.87,0.16,90
POS,0.33,-0.87,0.18,91
POS,0.28,-0.87,0.19,92
POS,0.24,-0.85,0.21,91
POS,0.23,-0.86,0.21,92
POS,0.27,-0.88,0.21,91
POS,0.30,-0.88,0.20,90
POS,0.33,-0.88,0.21,91
POS,0.34,-0.88,0.19,90
POS,0.34,-0.88,0.19,90
POS,0.34,-0.87,0.20,91
POS,0.30,-0.87,0.15,91
POS,0.27,-0.86,0.18,91
POS,0.28,-0.87,0.22,92
POS,0.22,-0.85,0.23,92
POS,0.23,-0.85,0.29,92
POS,0.21,-0.84,0.28,91
POS,0.21,-0.85,0.23,90
POS,0.18,-0.84,0.25,92
POS,0.17,-0.85,0.22,91
POS,0.18,-0.85,0.23,91
POS,0.16,-0.84,0.23,91
POS,0.17,-0.85,0.24,91
POS,0.19,-0.85,0.23,91
POS,0.17,-0.85,0.23,92
POS,0.13,-0.84,0.23,92
POS,0.19,-0.85,0.25,92
POS,0.18,-0.85,0.22,91
POS,0.27,-0.86,0.21,91
POS,0.20,-0.85,0.19,93
POS,0.15,-0.84,0.20,92
POS,0.09,-0.82,0.22,94
POS,0.08,-0.81,0.29,92
POS,0.07,-0.84,0.24,93
POS,0.08,-0.85,0.26,93
POS,0.04,-0.81,0.29,93
POS,0.05,-0.82,0.32,93
POS,0.10,-0.85,0.28,92
POS,0.07,-0.84,0.31,93
POS,0.08,-0.84,0.31,92
POS,0.08,-0.86,0.29,93
POS,0.10,-0.85,0.32,92
POS,0.11,-0.86,0.26,92
POS,0.12,-0.86,0.25,91
POS,0.19,-0.88,0.22,91
POS,0.21,-0.89,0.20,92
POS,0.23,-0.89,0.15,91
POS,0.19,-0.87,0.17,91
POS,0.15,-0.86,0.21,93
POS,0.16,-0.87,0.18,91
POS,0.12,-0.84,0.21,93
POS,0.14,-0.85,0.28,93
POS,0.11,-0.84,0.24,92
POS,0.17,-0.86,0.26,92
POS,0.16,-0.86,0.28,92
POS,0.13,-0.86,0.23,92
POS,0.11,-0.85,0.24,92
POS,0.09,-0.85,0.21,93
POS,0.03,-0.82,0.26,94
POS,0.02,-0.83,0.27,93
POS,-0.00,-0.82,0.26,93
POS,-0.01,-0.82,0.27,93
POS,0.01,-0.81,0.26,92
POS,-0.02,-0.80,0.27,93
POS,0.07,-0.83,0.29,92
POS,0.03,-0.82,0.29,94
POS,0.05,-0.84,0.33,93
POS,0.06,-0.85,0.31,92
POS,0.11,-0.85,0.29,91
POS,0.08,-0.85,0.30,93
POS,0.04,-0.84,0.27,93
POS,0.11,-0.85,0.27,91
POS,0.04,-0.82,0.28,94
POS,0.05,-0.83,0.29,92
POS,0.01,-0.81,0.29,94
POS,-0.04,-0.77,0.37,95
POS,-0.01,-0.79,0.36,92
POS,-0.05,-0.77,0.34,94
POS,-0.02,-0.79,0.35,92
POS,-0.01,-0.79,0.36,93
POS,0.01,-0.79,0.37,92
POS,-0.02,-0.79,0.36,94
POS,-0.02,-0.79,0.37,93
POS,-0.04,-0.79,0.35,94
POS,-0.06,-0.78,0.37,94
POS,-0.05,-0.80,0.34,93
POS,-0.01,-0.81,0.32,92
POS,0.03,-0.83,0.32,92
POS,-0.00,-0.80,0.32,93
POS,-0.05,-0.79,0.34,95
POS,-0.01,-0.82,0.24,92
POS,-0.02,-0.82,0.15,92
POS,0.09,-0.84,0.10,91
POS,0.08,-0.84,0.06,92
POS,-0.01,-0.82,0.16,95
POS,-0.08,-0.79,0.21,95
POS,-0.10,-0.78,0.29,94
POS,-0.08,-0.78,0.33,93
POS,-0.02,-0.80,0.35,92
POS,-0.05,-0.78,0.32,94
POS,-0.01,-0.81,0.34,93
POS,-0.05,-0.79,0.39,95
POS,-0.04,-0.79,0.36,93
POS,-0.03,-0.80,0.35,93
POS,0.08,-0.83,0.37,92
POS,0.02,-0.81,0.32,94
POS,-0.00,-0.82,0.31,94
POS,0.00,-0.83,0.32,93
POS,0.03,-0.85,0.33,93
POS,0.00,-0.84,0.31,93
POS,0.00,-0.85,0.30,93
POS,-0.07,-0.79,0.28,94
POS,-0.09,-0.79,0.31,94
POS,-0.09,-0.79,0.29,93
POS,-0.06,-0.80,0.31,93
POS,-0.07,-0.78,0.29,93
POS,0.02,-0.82,0.29,92
POS,0.03,-0.84,0.26,92
POS,0.04,-0.84,0.31,93
POS,-0.03,-0.80,0.31,94
POS,-0.05,-0.80,0.27,94
POS,-0.02,-0.81,0.30,93
POS,-0.03,-0.80,0.32,93
POS,-0.03,-0.80,0.36,94
POS,0.02,-0.80,0.41,92
POS,-0.01,-0.78,0.39,93
POS,0.00,-0.81,0.39,94
POS,-0.03,-0.80,0.40,94
POS,0.01,-0.82,0.38,92
POS,0.02,-0.80,0.45,94
POS,0.01,-0.80,0.45,93
POS,-0.03,-0.80,0.41,94
POS,-0.09,-0.76,0.37,94
POS,-0.07,-0.77,0.35,93

POS,-0.10,-0.77,0.34,95
POS,-0.08,-0.79,0.34,93
POS,-0.12,-0.77,0.31,94
POS,-0.10,-0.77,0.35,93
POS,-0.11,-0.76,0.31,94
POS,-0.09,-0.76,0.38,94
POS,-0.04,-0.80,0.35,93
POS,-0.02,-0.81,0.36,93
POS,-0.06,-0.78,0.34,94
POS,-0.08,-0.77,0.35,94
POS,-0.10,-0.77,0.35,94
POS,-0.09,-0.78,0.35,93
POS,-0.11,-0.75,0.35,94
POS,-0.05,-0.78,0.37,93
POS,-0.05,-0.79,0.39,94
POS,-0.11,-0.74,0.39,94
POS,-0.08,-0.76,0.39,93
POS,-0.06,-0.77,0.38,93
POS,-0.02,-0.79,0.37,92
POS,-0.05,-0.78,0.38,94
POS,-0.03,-0.79,0.36,93
POS,-0.06,-0.78,0.37,94
POS,-0.07,-0.78,0.33,93
POS,-0.07,-0.77,0.33,93
POS,-0.11,-0.75,0.32,94
POS,-0.13,-0.75,0.30,94
POS,-0.06,-0.77,0.19,91
POS,0.02,-0.80,0.19,91
POS,0.12,-0.82,0.20,91
POS,0.03,-0.78,0.28,95
POS,0.08,-0.80,0.27,91
POS,0.04,-0.80,0.25,93
POS,0.03,-0.80,0.26,93
POS,-0.05,-0.77,0.24,94
POS,-0.01,-0.80,0.25,93
POS,-0.03,-0.80,0.29,94
POS,-0.06,-0.80,0.30,94
POS,-0.10,-0.75,0.32,94
POS,-0.14,-0.75,0.34,95
POS,-0.17,-0.73,0.33,94
POS,-0.20,-0.70,0.34,94
POS,-0.22,-0.67,0.37,95
POS,-0.24,-0.68,0.37,95
POS,-0.16,-0.63,0.08,97
POS,-0.15,-0.65,0.17,94
POS,-0.21,-0.62,0.21,95
POS,-0.27,-0.55,0.30,96
POS,-0.33,-0.49,0.32,96
POS,-0.36,-0.46,0.33,95
POS,-0.38,-0.45,0.33,95
POS,-0.40,-0.42,0.36,96
POS,-0.35,-0.49,0.40,95
POS,-0.36,-0.51,0.40,95
POS,-0.28,-0.17,0.32,93
POS,-0.33,-0.20,0.37,96
POS,-0.34,-0.30,0.38,95
POS,-0.38,-0.23,0.35,97
POS,-0.39,-0.31,0.32,95
POS,-0.39,-0.38,0.34,95
POS,-0.39,-0.40,0.38,95
POS,-0.38,-0.46,0.38,95
POS,-0.37,-0.48,0.38,95
POS,-0.37,-0.50,0.41,95
POS,-0.39,-0.48,0.41,95
POS,-0.40,-0.48,0.40,95
POS,-0.39,-0.50,0.39,95
POS,-0.36,-0.53,0.39,95
POS,-0.37,-0.54,0.39,95
POS,-0.36,-0.57,0.38,95
POS,-0.37,-0.59,0.29,95
POS,-0.37,-0.61,0.26,95
POS,-0.26,-0.68,0.17,92
POS,-0.30,-0.64,0.11,95
POS,-0.34,-0.61,0.05,95
POS,-0.26,-0.52,-0.17,96
POS,-0.22,-0.53,-0.26,96
POS,-0.21,-0.56,-0.30,95
POS,-0.20,-0.52,-0.38,97
POS,-0.16,-0.52,-0.46,97
POS,-0.13,-0.60,-0.39,93
POS,-0.15,-0.64,-0.31,94
POS,-0.16,-0.59,-0.40,98
POS,-0.13,-0.62,-0.43,96
POS,-0.16,-0.58,-0.46,97
POS,-0.14,-0.51,-0.53,97
POS,-0.15,-0.50,-0.55,97
POS,-0.15,-0.54,-0.50,94
POS,-0.14,-0.59,-0.47,94
POS,-0.11,-0.65,-0.41,93
POS,-0.16,-0.46,-0.43,96
POS,-0.15,-0.55,-0.38,94
POS,-0.12,-0.58,-0.41,95
POS,-0.12,-0.58,-0.44,96
POS,-0.10,-0.64,-0.41,93
POS,-0.04,-0.71,-0.32,92
POS,-0.12,-0.69,-0.26,95
POS,-0.15,-0.72,-0.25,95
POS,-0.22,-0.68,-0.17,95
POS,-0.18,-0.69,-0.23,95
POS,-0.23,-0.69,-0.14,95
POS,-0.17,-0.72,-0.16,92
POS,-0.10,-0.76,-0.17,92
POS,-0.16,-0.74,-0.07,95
POS,-0.21,-0.73,-0.01,95
POS,-0.26,-0.70,0.03,95
POS,-0.23,-0.73,0.06,94
POS,-0.16,-0.75,-0.02,92
POS,-0.11,-0.79,-0.04,92
POS,-0.18,-0.73,0.01,94
POS,-0.24,-0.70,0.03,94
POS,-0.26,-0.70,0.07,95
POS,-0.30,-0.67,0.11,95
POS,-0.30,-0.68,0.16,95
POS,-0.34,-0.64,0.17,95
POS,-0.34,-0.64,0.18,94
POS,-0.32,-0.65,0.23,94
POS,-0.32,-0.67,0.21,95
POS,-0.33,-0.66,0.21,94
POS,-0.33,-0.68,0.19,95
POS,-0.33,-0.68,0.20,95
POS,-0.35,-0.66,0.16,95
POS,-0.35,-0.65,0.17,94
POS,-0.36,-0.65,0.17,94
POS,-0.36,-0.63,0.19,94
POS,-0.38,-0.62,0.16,95
POS,-0.38,-0.62,0.15,95
POS,-0.36,-0.64,0.19,95
POS,-0.24,-0.56,-0.07,96
POS,-0.22,-0.57,0.09,94
POS,-0.20,-0.61,-0.02,94
POS,-0.21,-0.66,0.02,95
POS,-0.25,-0.67,0.02,95
POS,-0.22,-0.72,0.09,94
POS,-0.21,-0.74,0.15,95
POS,-0.20,-0.78,0.17,95
POS,-0.21,-0.78,0.23,95
POS,-0.13,-0.81,0.27,93
POS,-0.07,-0.86,0.24,93
POS,0.02,-0.91,0.23,93
POS,-0.00,-0.91,0.25,94
POS,0.07,-0.94,0.26,93
POS,0.06,-0.94,0.24,93
POS,0.03,-0.93,0.19,94
POS,0.01,-0.94,0.17,94
POS,0.03,-0.95,0.20,94
POS,-0.00,-0.95,0.17,94
POS,0.01,-0.96,0.20,94
POS,-0.02,-0.94,0.24,94
POS,-0.08,-0.91,0.23,95
POS,-0.05,-0.93,0.22,94
POS,-0.07,-0.91,0.30,95
POS,-0.09,-0.90,0.31,95
POS,-0.06,-0.93,0.27,94
POS,-0.09,-0.92,0.24,95
POS,-0.11,-0.89,0.30,95
POS,-0.08,-0.89,0.35,94
POS,-0.09,-0.90,0.34,95
POS,-0.09,-0.92,0.29,95
POS,-0.14,-0.89,0.26,95
POS,-0.10,-0.93,0.25,94
POS,-0.09,-0.93,0.24,94
POS,-0.08,-0.95,0.23,94
POS,-0.11,-0.90,0.29,95
POS,-0.10,-0.92,0.23,94
POS,-0.09,-0.92,0.24,94
POS,-0.08,-0.93,0.24,94
POS,-0.11,-0.92,0.20,95
POS,-0.09,-0.91,0.28,94
POS,-0.06,-0.92,0.32,94
POS,-0.06,-0.92,0.32,94
POS,-0.11,-0.90,0.21,95
POS,-0.08,-0.90,0.27,94
POS,-0.09,-0.89,0.30,95
POS,-0.08,-0.91,0.29,94
POS,-0.08,-0.92,0.26,94
POS,-0.08,-0.92,0.27,94
POS,-0.12,-0.90,0.27,95
POS,-0.09,-0.91,0.31,94
POS,-0.12,-0.89,0.33,95
POS,-0.06,-0.92,0.35,94
POS,-0.00,-0.94,0.30,93
POS,-0.03,-0.91,0.33,94
POS,0.01,-0.93,0.26,93
POS,-0.01,-0.93,0.26,94
POS,-0.00,-0.94,0.24,93
POS,0.07,-0.96,0.22,93
POS,0.05,-0.95,0.27,94
POS,-0.02,-0.91,0.28,95
POS,-0.04,-0.88,0.31,94
POS,0.01,-0.90,0.28,93
POS,0.06,-0.93,0.26,93
POS,0.05,-0.94,0.27,94
POS,0.02,-0.92,0.32,94
POS,0.08,-0.95,0.31,93
POS,0.01,-0.92,0.34,96
POS,0.02,-0.93,0.34,94
POS,0.13,-0.95,0.27,92
POS,0.05,-0.92,0.26,95
POS,-0.02,-0.89,0.27,95
POS,0.03,-0.91,0.28,93
POS,0.06,-0.93,0.31,94
POS,-0.01,-0.89,0.33,95
POS,-0.00,-0.92,0.28,94
POS,-0.05,-0.90,0.19,95
POS,-0.06,-0.89,0.27,94
POS,-0.04,-0.90,0.31,94
POS,-0.05,-0.90,0.32,94
POS,-0.02,-0.91,0.36,94
POS,-0.01,-0.93,0.32,94
POS,-0.02,-0.93,0.27,94
POS,-0.02,-0.94,0.28,94
POS,-0.01,-0.95,0.29,94
POS,0.02,-0.93,0.35,94
POS,-0.02,-0.95,0.31,95
POS,-0.06,-0.92,0.33,95
POS,0.00,-0.94,0.31,93
POS,-0.00,-0.95,0.31,94
POS,0.00,-0.95,0.30,94
POS,0.01,-0.96,0.23,94
POS,-0.04,-0.93,0.26,95
POS,-0.02,-0.93,0.30,94
POS,0.06,-0.95,0.32,93
POS,0.12,-0.99,0.28,94
POS,0.08,-0.96,0.32,94
POS,0.14,-0.99,0.24,93
POS,0.14,-0.99,0.22,93
POS,0.12,-0.98,0.19,93
POS,0.13,-0.98,0.22,93
POS,0.06,-0.96,0.23,95
POS,0.04,-0.96,0.18,94
POS,-0.02,-0.93,0.21,95
POS,-0.03,-0.92,0.25,94
POS,0.02,-0.93,0.28,93
POS,-0.02,-0.93,0.25,95
POS,0.01,-0.94,0.22,93
POS,-0.04,-0.93,0.23,95
POS,-0.09,-0.91,0.23,95
POS,-0.04,-0.92,0.21,93
POS,0.02,-0.93,0.15,92
POS,0.07,-0.94,0.17,93
POS,0.09,-0.94,0.15,92
POS,0.07,-0.94,0.13,93
POS,0.12,-0.95,0.13,92
POS,0.14,-0.96,0.12,92
POS,0.14,-0.94,0.20,93
POS,0.08,-0.92,0.23,94
POS,0.11,-0.94,0.24,93
POS,0.15,-0.96,0.21,93
POS,0.21,-0.96,0.26,93
POS,0.28,-0.96,0.15,92
POS,0.24,-0.96,0.20,93
POS,0.22,-0.95,0.22,93
POS,0.22,-0.96,0.23,93
POS,0.17,-0.96,0.26,94
POS,0.14,-0.96,0.26,93
POS,0.07,-0.93,0.26,94
POS,0.05,-0.93,0.24,93
POS,-0.05,-0.90,0.23,95
POS,-0.08,-0.90,0.22,95
POS,0.03,-0.93,0.19,93
POS,0.05,-0.94,0.21,93
POS,-0.01,-0.92,0.20,95
POS,-0.01,-0.92,0.25,94
POS,0.05,-0.92,0.26,92
POS,0.11,-0.93,0.09,98
POS,0.13,-0.93,0.13,93
POS,0.16,-0.95,0.17,93
POS,0.13,-0.92,0.25,93
POS,0.10,-0.92,0.29,94
POS,0.14,-0.93,0.25,92
POS,0.07,-0.89,0.31,94
POS,0.06,-0.89,0.31,93
POS,0.15,-0.91,0.26,92
POS,0.14,-0.92,0.28,93
POS,0.17,-0.92,0.31,93
POS,0.15,-0.92,0.37,94
POS,0.14,-0.92,0.33,92
POS,0.16,-0.94,0.31,93
POS,0.20,-0.94,0.32,93
POS,0.10,-0.90,0.34,95
POS,0.14,-0.92,0.30,92
POS,0.14,-0.93,0.33,93
POS,0.13,-0.92,0.35,93
POS,0.05,-0.87,0.39,95
POS,0.08,-0.89,0.38,93
POS,0.11,-0.91,0.36,93
POS,0.10,-0.92,0.33,93
POS,0.13,-0.94,0.31,93
POS,0.13,-0.94,0.31,93
POS,0.07,-0.91,0.38,95
POS,0.00,-0.88,0.38,95
POS,-0.05,-0.88,0.34,95
POS,-0.06,-0.88,0.35,94
POS,-0.09,-0.86,0.37,95
POS,-0.10,-0.88,0.33,94
POS,-0.10,-0.88,0.36,95
POS,-0.09,-0.88,0.35,94
POS,-0.08,-0.88,0.35,94
POS,-0.10,-0.85,0.39,95
POS,-0.03,-0.87,0.40,93
POS,-0.01,-0.88,0.41,94
POS,0.07,-0.91,0.33,92
POS,0.15,-0.94,0.26,92
POS,0.08,-0.92,0.29,94
POS,0.04,-0.92,0.28,94
POS,-0.01,-0.91,0.29,95
POS,-0.03,-0.91,0.31,95
POS,-0.09,-0.89,0.26,95
POS,-0.09,-0.90,0.26,94
POS,-0.04,-0.92,0.22,93
POS,-0.09,-0.90,0.15,95
POS,-0.10,-0.89,0.20,95
POS,-0.14,-0.88,0.12,95
POS,-0.18,-0.87,0.09,95
POS,-0.17,-0.88,0.11,95
POS,-0.12,-0.91,0.11,94
POS,-0.11,-0.91,0.08,94
POS,-0.19,-0.87,0.10,96
POS,-0.21,-0.87,0.11,95
POS,-0.19,-0.89,0.08,95
POS,-0.15,-0.91,0.02,94
POS,-0.13,-0.92,0.03,94
POS,-0.17,-0.90,0.06,95
POS,-0.15,-0.91,0.04,94
POS,-0.18,-0.90,0.13,96
POS,-0.18,-0.90,0.09,95
POS,-0.14,-0.91,0.12,94
POS,-0.12,-0.90,0.17,94
POS,-0.16,-0.86,0.23,95
POS,-0.14,-0.87,0.25,94
POS,-0.12,-0.87,0.27,94
POS,-0.14,-0.88,0.24,95
POS,-0.13,-0.91,0.25,95
POS,-0.11,-0.90,0.29,94
POS,-0.09,-0.91,0.34,94
POS,-0.11,-0.88,0.35,95
POS,-0.05,-0.91,0.33,93
POS,-0.05,-0.89,0.40,94
POS,-0.03,-0.91,0.39,94
POS,-0.02,-0.92,0.39,94
POS,0.03,-0.94,0.36,93
POS,0.01,-0.93,0.35,94
POS,0.04,-0.93,0.30,93
POS,0.04,-0.93,0.29,93
POS,0.02,-0.91,0.34,94
POS,0.01,-0.90,0.36,94
POS,0.04,-0.92,0.35,93
POS,0.02,-0.89,0.37,95
POS,-0.00,-0.90,0.37,94

POS,0.03,-0.90,0.39,93
POS,0.09,-0.90,0.42,93
POS,0.10,-0.90,0.43,93
POS,0.10,-0.91,0.42,93
POS,0.18,-0.93,0.42,93
POS,0.20,-0.94,0.41,93
POS,0.23,-0.95,0.38,93
POS,0.30,-0.95,0.39,93
POS,0.27,-0.96,0.39,93
POS,0.20,-0.94,0.40,94
POS,0.20,-0.94,0.41,93
POS,0.21,-0.96,0.35,93
POS,0.22,-0.96,0.33,92
POS,0.24,-0.97,0.34,93
POS,0.24,-0.96,0.36,93
POS,0.19,-0.95,0.37,94
POS,0.20,-0.95,0.38,93
POS,0.18,-0.96,0.37,93
POS,0.20,-0.96,0.40,93
POS,0.23,-0.96,0.40,93
POS,0.24,-0.95,0.38,92
POS,0.25,-0.96,0.37,93
POS,0.25,-0.95,0.37,93
POS,0.19,-0.94,0.37,94
POS,0.24,-0.95,0.33,92
POS,0.19,-0.93,0.36,93
POS,0.15,-0.93,0.36,94
POS,0.14,-0.93,0.34,93
POS,0.17,-0.94,0.35,93
POS,0.20,-0.96,0.33,93
POS,0.15,-0.95,0.37,94
POS,0.14,-0.94,0.37,93
POS,0.13,-0.94,0.37,93
POS,0.12,-0.95,0.33,93
POS,0.11,-0.94,0.31,93
POS,0.14,-0.96,0.33,93
POS,0.15,-0.95,0.33,93
POS,0.19,-0.97,0.32,93
POS,0.18,-0.96,0.32,93
POS,0.19,-0.96,0.25,92
POS,0.18,-0.96,0.28,93
POS,0.18,-0.97,0.29,93
POS,0.12,-0.92,0.37,94
POS,0.16,-0.93,0.34,93
POS,0.19,-0.94,0.29,92
POS,0.19,-0.95,0.31,93
POS,0.21,-0.97,0.25,93
POS,0.16,-0.95,0.27,94
POS,0.15,-0.94,0.29,93
POS,0.23,-0.95,0.33,93
POS,0.21,-0.96,0.31,93
POS,0.18,-0.95,0.32,93
POS,0.20,-0.96,0.27,92
POS,0.19,-0.96,0.28,93
POS,0.21,-0.97,0.27,93
POS,0.19,-0.96,0.33,94
POS,0.19,-0.97,0.27,93
POS,0.14,-0.95,0.32,94
POS,0.13,-0.94,0.33,93
POS,0.08,-0.93,0.33,94
POS,0.13,-0.94,0.32,92
POS,0.20,-0.96,0.32,93
POS,0.23,-0.97,0.29,92
POS,0.24,-0.96,0.31,93
POS,0.21,-0.95,0.35,93
POS,0.18,-0.93,0.37,93
POS,0.18,-0.94,0.37,93
POS,0.09,-0.92,0.32,95
POS,0.07,-0.93,0.34,94
POS,0.05,-0.91,0.38,94
POS,0.05,-0.92,0.35,93
POS,0.02,-0.92,0.35,94
POS,0.07,-0.93,0.33,92
POS,0.12,-0.93,0.38,93
POS,0.15,-0.94,0.38,93
POS,0.11,-0.93,0.36,94
POS,0.12,-0.94,0.34,93
POS,0.11,-0.95,0.33,93
POS,0.05,-0.93,0.36,95
POS,0.10,-0.94,0.27,92
POS,0.19,-0.95,0.17,92
POS,0.20,-0.97,0.18,93
POS,0.25,-0.97,0.16,92
POS,0.28,-0.98,0.18,93
POS,0.34,-0.99,0.18,93
POS,0.32,-0.98,0.21,93
POS,0.36,-0.97,0.24,93
POS,0.41,-0.97,0.28,93
POS,0.36,-0.96,0.27,92
POS,0.43,-0.95,0.23,92
POS,0.42,-0.95,0.22,92
POS,0.47,-0.95,0.21,92
POS,0.48,-0.95,0.19,92
POS,0.50,-0.95,0.23,93
POS,0.48,-0.95,0.24,92
POS,0.50,-0.95,0.24,92
POS,0.46,-0.95,0.20,92
POS,0.48,-0.96,0.20,92
POS,0.42,-0.96,0.18,92
POS,0.43,-0.97,0.20,93
POS,0.48,-0.96,0.24,92
POS,0.45,-0.95,0.26,92
POS,0.44,-0.96,0.24,92
POS,0.47,-0.97,0.25,93
POS,0.48,-0.98,0.19,92
POS,0.51,-0.97,0.25,93
POS,0.49,-0.97,0.20,92
POS,0.48,-0.97,0.21,92
POS,0.47,-0.97,0.22,92
POS,0.46,-0.96,0.25,92
POS,0.46,-0.96,0.20,92
POS,0.47,-0.96,0.21,92
POS,0.48,-0.96,0.18,92
POS,0.46,-0.96,0.22,92
POS,0.49,-0.96,0.20,92
POS,0.48,-0.96,0.16,91
POS,0.54,-0.95,0.19,93
POS,0.44,-0.95,0.18,92
POS,0.51,-0.95,0.22,93
POS,0.54,-0.94,0.23,93
POS,0.57,-0.95,0.23,93
POS,0.57,-0.95,0.16,92
POS,0.57,-0.95,0.18,92
POS,0.57,-0.95,0.18,92
POS,0.54,-0.94,0.20,92
POS,0.54,-0.95,0.21,92
POS,0.50,-0.96,0.22,93
POS,0.45,-0.96,0.22,92
POS,0.46,-0.97,0.21,92
POS,0.54,-0.96,0.23,93
POS,0.64,-0.92,0.20,94
POS,0.61,-0.93,0.20,92
POS,0.60,-0.92,0.27,93
POS,0.59,-0.94,0.24,93
POS,0.53,-0.93,0.28,92
POS,0.50,-0.94,0.22,92
POS,0.52,-0.95,0.19,92
POS,0.49,-0.95,0.21,92
POS,0.56,-0.94,0.16,93
POS,0.58,-0.95,0.18,93
POS,0.56,-0.94,0.16,91
POS,0.61,-0.94,0.20,93
POS,0.58,-0.95,0.21,92
POS,0.55,-0.94,0.21,92
POS,0.57,-0.94,0.24,93
POS,0.52,-0.94,0.22,92
POS,0.49,-0.94,0.25,92
POS,0.47,-0.95,0.25,92
POS,0.48,-0.95,0.24,92
POS,0.48,-0.95,0.23,92
POS,0.52,-0.96,0.21,93
POS,0.52,-0.97,0.16,92
POS,0.45,-0.96,0.20,92
POS,0.53,-0.94,0.21,93
POS,0.63,-0.90,0.25,94
POS,0.56,-0.91,0.29,92
POS,0.58,-0.91,0.27,92
POS,0.56,-0.92,0.29,92
POS,0.60,-0.92,0.26,92
POS,0.60,-0.92,0.25,92
POS,0.59,-0.94,0.22,92
POS,0.59,-0.95,0.25,93
POS,0.58,-0.94,0.21,91
POS,0.63,-0.92,0.28,94
POS,0.56,-0.93,0.31,93
POS,0.52,-0.94,0.26,92
POS,0.52,-0.94,0.27,92
POS,0.51,-0.95,0.26,92
POS,0.54,-0.93,0.26,92
POS,0.52,-0.95,0.21,92
POS,0.59,-0.91,0.26,93
POS,0.61,-0.91,0.26,92
POS,0.56,-0.93,0.23,92
POS,0.59,-0.94,0.20,93
POS,0.55,-0.93,0.28,93
POS,0.60,-0.92,0.26,93
POS,0.55,-0.94,0.22,92
POS,0.53,-0.94,0.28,93
POS,0.54,-0.95,0.30,93
POS,0.52,-0.97,0.25,93
POS,0.55,-0.99,0.21,94
POS,0.52,-1.00,0.21,93
POS,0.50,-1.01,0.21,93
POS,0.47,-1.02,0.25,93
POS,0.45,-1.02,0.26,93
POS,0.49,-1.02,0.28,94
POS,0.50,-1.04,0.25,93
POS,0.43,-1.02,0.29,93
POS,0.42,-1.02,0.28,93
POS,0.42,-1.02,0.28,93
POS,0.46,-1.02,0.24,93
POS,0.45,-1.03,0.23,93
POS,0.46,-1.04,0.25,94
POS,0.40,-1.05,0.20,94
POS,0.31,-1.03,0.25,94
POS,0.21,-1.02,0.24,95
POS,0.22,-1.04,0.25,94
POS,0.26,-1.05,0.23,93
POS,0.33,-1.06,0.21,94
POS,0.35,-1.05,0.18,93
POS,0.31,-1.07,0.17,94
POS,0.29,-1.07,0.20,94
POS,0.36,-1.06,0.21,93
POS,0.33,-1.06,0.18,93
POS,0.37,-1.06,0.18,93
POS,0.31,-1.06,0.25,94
POS,0.28,-1.03,0.31,93
POS,0.31,-1.03,0.33,98
POS,0.23,-1.01,0.37,94
POS,0.25,-1.02,0.40,94
POS,0.32,-1.03,0.34,93
POS,0.35,-1.05,0.32,94
POS,0.42,-1.04,0.31,93
POS,0.41,-1.04,0.31,93
POS,0.45,-1.05,0.26,93
POS,0.49,-1.05,0.23,93
POS,0.41,-1.04,0.21,93
POS,0.44,-1.05,0.21,93
POS,0.47,-1.05,0.22,93
POS,0.44,-1.04,0.26,93
POS,0.45,-1.03,0.24,93
POS,0.38,-1.02,0.23,93
POS,0.39,-1.01,0.29,93
POS,0.42,-1.04,0.29,94
POS,0.41,-1.04,0.31,93
POS,0.35,-1.04,0.25,93
POS,0.31,-1.03,0.28,93
POS,0.32,-1.03,0.28,93
POS,0.27,-1.02,0.30,94
POS,0.33,-1.03,0.33,94
POS,0.37,-1.03,0.34,94
POS,0.37,-1.03,0.33,93
POS,0.34,-1.04,0.31,93
POS,0.26,-1.01,0.31,94
POS,0.24,-1.02,0.34,94
POS,0.20,-1.02,0.35,94
POS,0.28,-1.03,0.30,93
POS,0.30,-1.04,0.33,94
POS,0.35,-1.04,0.26,93
POS,0.25,-1.02,0.26,94
POS,0.28,-1.02,0.32,94
POS,0.26,-1.02,0.30,93
POS,0.28,-1.02,0.29,93
POS,0.30,-1.02,0.24,93
POS,0.36,-1.03,0.24,93
POS,0.29,-1.02,0.29,94
POS,0.32,-1.03,0.29,93
POS,0.29,-1.04,0.29,94
POS,0.29,-1.03,0.32,93
POS,0.38,-1.03,0.26,93
POS,0.38,-1.04,0.23,93
POS,0.37,-1.04,0.27,93
POS,0.35,-1.05,0.26,94
POS,0.26,-1.04,0.29,94
POS,0.29,-1.02,0.36,94
POS,0.26,-1.02,0.35,93
POS,0.29,-1.03,0.33,93
POS,0.32,-1.03,0.31,93
POS,0.30,-1.03,0.31,94
POS,0.32,-1.03,0.34,93
POS,0.36,-1.01,0.39,94
POS,0.32,-1.02,0.30,93
POS,0.31,-1.03,0.31,94
POS,0.31,-1.02,0.33,93
POS,0.38,-1.02,0.24,93
POS,0.33,-1.01,0.28,94
POS,0.29,-1.03,0.25,94
POS,0.31,-1.04,0.26,94
POS,0.28,-1.05,0.26,94
POS,0.31,-1.05,0.20,93
POS,0.34,-1.03,0.28,94
POS,0.26,-1.02,0.25,94
POS,0.19,-1.01,0.26,94
POS,0.11,-0.99,0.25,95
POS,0.19,-0.99,0.26,93
POS,0.20,-1.01,0.21,93
POS,0.25,-1.02,0.23,93
POS,0.25,-1.02,0.28,94
POS,0.27,-1.04,0.28,94
POS,0.28,-1.05,0.28,94
POS,0.32,-1.06,0.23,93
POS,0.27,-1.06,0.24,94
POS,0.22,-1.06,0.29,95
POS,0.25,-1.07,0.31,94
POS,0.18,-1.03,0.39,95
POS,0.22,-1.04,0.39,94
POS,0.13,-1.01,0.44,95

POS,0.15,-1.00,0.44,94
POS,0.13,-1.01,0.41,94
POS,0.12,-1.02,0.35,94
POS,0.14,-1.04,0.35,94
POS,0.14,-1.05,0.27,94
POS,0.13,-1.05,0.29,94
POS,0.12,-1.03,0.37,95
POS,0.24,-1.04,0.30,93
POS,0.16,-1.01,0.34,95
POS,0.15,-1.00,0.36,94
POS,0.22,-1.02,0.40,94
POS,0.24,-1.01,0.42,94
POS,0.27,-1.02,0.40,94
POS,0.21,-1.01,0.40,94
POS,0.28,-1.02,0.38,94
POS,0.31,-1.04,0.40,94
POS,0.27,-1.04,0.42,94
POS,0.27,-1.05,0.39,94
POS,0.36,-1.06,0.33,94
POS,0.29,-1.05,0.31,94
POS,0.31,-1.06,0.30,94
POS,0.28,-1.06,0.27,94
POS,0.21,-1.04,0.18,94
POS,0.22,-1.03,0.28,94
POS,0.24,-1.03,0.22,93
POS,0.35,-1.04,0.21,94
POS,0.31,-1.03,0.22,93
POS,0.35,-1.05,0.23,94
POS,0.35,-1.04,0.30,94
POS,0.32,-1.04,0.30,93
POS,0.31,-1.05,0.28,93
POS,0.34,-1.06,0.25,93
POS,0.34,-1.05,0.29,94
POS,0.29,-1.06,0.28,94
POS,0.21,-1.02,0.33,94
POS,0.27,-1.03,0.28,93
POS,0.30,-1.05,0.27,94
POS,0.28,-1.06,0.26,94
POS,0.33,-1.05,0.31,94
POS,0.23,-1.04,0.24,94
POS,0.23,-1.04,0.26,93
POS,0.27,-1.05,0.28,94
POS,0.26,-1.05,0.31,94
POS,0.33,-1.05,0.30,93
POS,0.31,-1.06,0.32,94
POS,0.21,-1.04,0.28,95
POS,0.20,-1.03,0.26,93
POS,0.30,-1.03,0.22,93
POS,0.30,-1.02,0.29,94
POS,0.26,-1.03,0.26,94
POS,0.26,-1.03,0.31,94
POS,0.33,-1.05,0.26,94
POS,0.33,-1.05,0.28,93
POS,0.34,-1.06,0.26,94
POS,0.32,-1.06,0.27,94
POS,0.26,-1.03,0.35,94
POS,0.27,-1.05,0.37,94
POS,0.26,-1.05,0.40,94
POS,0.25,-1.06,0.35,94
POS,0.29,-1.07,0.28,93
POS,0.34,-1.07,0.23,93
POS,0.32,-1.09,0.22,94
POS,0.33,-1.09,0.20,94
POS,0.37,-1.08,0.17,93
POS,0.36,-1.09,0.18,94
POS,0.33,-0.56,0.22,94
POS,0.31,-0.70,0.20,94
POS,0.31,-0.78,0.18,93
POS,0.29,-0.86,0.17,94
POS,0.30,-0.90,0.24,94
POS,0.30,-0.94,0.27,94
POS,0.25,-0.96,0.30,94
POS,0.28,-1.00,0.29,94
POS,0.28,-1.02,0.28,94
POS,0.26,-1.03,0.26,94
POS,0.25,-1.05,0.26,94
POS,0.19,-1.04,0.24,94
POS,0.19,-1.05,0.29,94
POS,0.20,-1.07,0.26,94
POS,0.26,-1.08,0.21,94
POS,0.25,-1.07,0.21,93
POS,0.23,-1.07,0.21,94
POS,0.24,-1.08,0.21,94
POS,0.22,-1.06,0.25,94
POS,0.22,-1.06,0.22,93
POS,0.22,-1.05,0.23,93
POS,0.15,-1.03,0.18,94
POS,0.22,-1.05,0.15,94
POS,0.17,-1.04,0.14,94
POS,0.13,-1.03,0.12,94
POS,0.06,-1.01,0.18,95
POS,0.05,-1.01,0.19,94
POS,0.05,-1.01,0.25,94
POS,0.10,-1.03,0.25,94
POS,0.18,-1.02,0.28,93
POS,0.15,-1.02,0.29,94
POS,0.14,-1.04,0.25,94
POS,0.16,-1.04,0.22,93
POS,0.26,-1.05,0.24,94
POS,0.22,-1.04,0.17,93
POS,0.20,-1.05,0.12,94
POS,0.15,-1.04,0.17,95
POS,0.14,-1.04,0.19,94
POS,0.06,-1.00,0.19,95
POS,0.06,-1.00,0.25,94
POS,0.10,-1.01,0.30,94
POS,0.05,-0.98,0.38,95
POS,-0.03,-0.94,0.28,95
POS,-0.07,-0.92,0.35,95
POS,-0.04,-0.93,0.39,94
POS,-0.08,-0.94,0.34,95
POS,-0.09,-0.93,0.31,95
POS,-0.08,-0.95,0.35,95
POS,-0.06,-0.98,0.37,95
POS,-0.08,-0.96,0.39,95
POS,-0.11,-0.94,0.40,95
POS,-0.07,-0.96,0.43,95
POS,-0.10,-0.94,0.34,95
POS,-0.10,-0.94,0.34,95
POS,-0.13,-0.94,0.33,95
POS,-0.10,-0.95,0.31,94
POS,-0.11,-0.94,0.36,95
POS,-0.06,-0.97,0.36,94
POS,-0.06,-0.97,0.37,95
POS,-0.02,-0.98,0.38,94
POS,0.02,-0.99,0.37,94
POS,0.05,-0.99,0.36,94
POS,0.05,-1.01,0.37,95
POS,0.08,-1.02,0.39,94
POS,0.01,-0.98,0.40,95
POS,0.01,-0.97,0.44,94
POS,-0.01,-0.97,0.40,95
POS,-0.03,-0.97,0.40,95
POS,0.06,-0.99,0.43,94
POS,0.06,-1.00,0.41,94
POS,0.08,-1.00,0.39,94
POS,0.09,-1.01,0.42,94
POS,0.11,-1.03,0.38,94
POS,0.09,-1.03,0.39,95
POS,0.00,-1.00,0.36,96
POS,0.02,-0.99,0.43,95
POS,-0.05,-0.97,0.38,96
POS,-0.06,-0.97,0.39,95
POS,0.01,-1.01,0.42,95
POS,0.03,-1.01,0.43,94
POS,0.01,-0.99,0.44,94
POS,-0.04,-0.98,0.38,95
POS,-0.02,-1.00,0.38,95
POS,-0.07,-0.99,0.35,95
POS,-0.02,-0.99,0.38,94
POS,-0.09,-0.96,0.37,96
POS,-0.07,-0.97,0.34,94
POS,-0.07,-0.98,0.36,95
POS,0.01,-0.97,0.43,94
POS,0.07,-1.00,0.39,94
POS,0.06,-1.01,0.34,94
POS,0.09,-1.03,0.36,94
POS,0.14,-1.02,0.43,94
POS,0.12,-1.03,0.40,94
POS,0.09,-1.02,0.41,94
POS,0.06,-0.98,0.47,95
POS,0.06,-1.01,0.43,94
POS,0.02,-0.98,0.46,95
POS,0.05,-0.99,0.42,93
POS,0.01,-0.96,0.40,95
POS,0.01,-0.96,0.42,94
POS,-0.00,-0.97,0.42,95
POS,-0.04,-0.97,0.40,95
POS,0.03,-0.98,0.45,94
POS,-0.02,-0.97,0.43,95
POS,0.05,-1.00,0.40,94

POS,0.15,-1.00,0.44,94
POS,0.10,-1.01,0.42,95
POS,0.06,-1.00,0.37,95
POS,0.06,-1.01,0.38,95
POS,0.00,-1.00,0.36,95
POS,0.01,-0.99,0.34,94
POS,0.07,-1.00,0.37,94
POS,0.02,-0.99,0.30,95
POS,-0.03,-0.96,0.32,95
POS,-0.02,-0.97,0.33,94
POS,0.05,-0.97,0.41,94
POS,0.08,-1.00,0.36,94
POS,0.06,-1.00,0.31,94
POS,0.01,-0.97,0.33,95
POS,0.05,-0.98,0.27,93
POS,0.10,-1.01,0.30,94
POS,0.09,-1.01,0.37,95
POS,0.03,-0.99,0.38,95
POS,0.04,-1.01,0.36,94
POS,0.07,-1.02,0.31,94
POS,0.05,-1.02,0.28,94
POS,0.02,-1.01,0.26,94
POS,-0.04,-0.99,0.25,96
POS,-0.04,-0.99,0.32,95
POS,-0.05,-0.99,0.29,95
POS,-0.05,-0.97,0.34,95
POS,-0.09,-0.96,0.32,95
POS,-0.09,-0.96,0.26,94
POS,-0.10,-0.97,0.27,95
POS,-0.09,-0.96,0.34,95
POS,0.04,-0.99,0.33,94
POS,0.03,-1.00,0.31,94
POS,0.01,-0.99,0.25,94
POS,0.07,-1.01,0.22,93
POS,0.23,-1.03,0.20,94
POS,0.25,-1.04,0.27,94
POS,0.26,-1.04,0.25,93
POS,0.30,-1.04,0.21,93
POS,0.33,-1.05,0.20,94
POS,0.30,-1.07,0.22,94
POS,0.33,-1.07,0.16,93
POS,0.32,-1.06,0.25,94
POS,0.25,-1.05,0.26,94
POS,0.29,-1.04,0.20,92
POS,0.19,-1.00,0.26,95
POS,0.10,-1.00,0.31,95
POS,0.17,-1.01,0.28,93
POS,0.31,-1.02,0.26,94
POS,0.18,-0.99,0.30,96
POS,0.05,-0.95,0.36,96
POS,0.01,-0.96,0.37,95
POS,0.02,-1.00,0.38,95
POS,-0.02,-1.00,0.38,95
POS,0.00,-1.00,0.40,95
POS,-0.06,-0.99,0.38,96
POS,-0.07,-0.99,0.35,95
POS,0.02,-1.03,0.27,94
POS,0.03,-1.04,0.25,94
POS,0.00,-1.02,0.32,95
POS,-0.02,-1.00,0.35,95
POS,-0.01,-1.02,0.35,95
POS,-0.03,-0.99,0.37,95
POS,-0.07,-0.98,0.33,95
POS,0.04,-1.01,0.33,94
POS,0.06,-1.03,0.33,94
POS,0.03,-1.02,0.35,95
POS,0.05,-1.04,0.34,94
POS,-0.00,-1.01,0.33,95
POS,-0.06,-0.99,0.34,96
POS,-0.06,-1.00,0.36,95
POS,-0.12,-0.98,0.33,96
POS,-0.10,-0.99,0.30,95
POS,-0.07,-0.98,0.34,94
POS,0.02,-0.99,0.38,94
POS,-0.03,-0.97,0.35,95
POS,-0.08,-0.95,0.36,95
POS,-0.06,-0.98,0.33,95
POS,-0.09,-0.97,0.29,95
POS,-0.04,-0.99,0.30,94
POS,-0.02,-1.02,0.28,95
POS,-0.10,-0.97,0.27,96
POS,-0.10,-0.96,0.32,95
POS,-0.09,-0.97,0.33,95
POS,-0.08,-0.97,0.35,95
POS,-0.11,-0.96,0.29,95
POS,0.00,-0.99,0.28,94
POS,0.03,-1.01,0.24,94
POS,0.03,-1.02,0.26,94
POS,0.10,-1.04,0.24,94
POS,0.06,-1.05,0.25,95
POS,0.13,-1.06,0.27,94
POS,0.08,-1.05,0.30,95
POS,0.09,-1.05,0.33,94
POS,0.07,-1.06,0.33,95
POS,0.05,-1.05,0.29,94
POS,0.06,-1.06,0.25,94
POS,0.05,-1.05,0.27,95
POS,0.06,-1.06,0.26,94
POS,0.10,-1.07,0.24,94
POS,0.16,-1.08,0.24,94
POS,0.10,-1.05,0.27,95
POS,0.08,-1.04,0.29,94
POS,0.03,-1.03,0.26,95
POS,-0.07,-0.99,0.23,96
POS,-0.07,-1.00,0.27,95
POS,-0.09,-0.99,0.27,95
POS,-0.16,-0.94,0.30,96
POS,-0.16,-0.95,0.27,95
POS,-0.09,-0.97,0.32,94
POS,-0.06,-0.99,0.28,94
POS,0.04,-1.02,0.28,94
POS,0.09,-1.03,0.31,94
POS,0.08,-1.04,0.30,94
POS,0.06,-1.05,0.31,95
POS,0.04,-1.05,0.29,94
POS,0.06,-1.05,0.28,94
POS,0.06,-1.05,0.25,94
POS,0.07,-1.06,0.25,94
POS,0.08,-1.07,0.26,94
POS,0.07,-1.07,0.27,94
POS,-0.02,-1.03,0.24,96
POS,0.04,-1.04,0.27,94
POS,0.07,-1.04,0.32,94
POS,0.08,-1.05,0.31,94
POS,0.09,-1.06,0.30,94
POS,0.01,-1.03,0.32,95
