POS,0.12,-0.32,-0.03,72
POS,0.13,-0.33,-0.01,67
POS,0.15,-0.29,-0.08,83
POS,0.14,-0.29,-0.05,63
POS,0.14,-0.29,-0.04,61
POS,0.13,-0.30,-0.02,61
POS,0.14,-0.31,-0.01,64
POS,0.13,-0.31,-0.01,64
POS,0.14,-0.33,0.00,67
POS,0.15,-0.33,-0.02,73
POS,0.16,-0.34,-0.02,69
POS,0.14,-0.34,-0.01,69
POS,0.14,-0.34,0.00,63
POS,0.14,-0.32,-0.01,66
POS,0.14,-0.31,-0.00,54
POS,0.14,-0.30,0.01,56
POS,0.14,-0.31,0.01,61
POS,0.14,-0.32,0.01,65
POS,0.14,-0.33,0.02,63
POS,0.15,-0.33,0.01,67
POS,0.15,-0.33,0.02,58
POS,0.14,-0.32,0.04,64
POS,0.14,-0.32,0.02,65
POS,0.13,-0.32,0.01,69
POS,0.14,-0.32,0.03,61
POS,0.14,-0.32,0.03,54
POS,0.14,-0.30,0.01,65
POS,0.14,-0.31,0.01,68
POS,0.14,-0.31,-0.02,76
POS,0.15,-0.30,-0.02,63
POS,0.15,-0.32,-0.01,66
POS,0.13,-0.30,-0.01,66
POS,0.13,-0.30,0.00,56
POS,0.13,-0.31,0.00,65
POS,0.12,-0.31,-0.01,71
POS,0.13,-0.32,-0.00,66
POS,0.14,-0.33,0.00,64
POS,0.14,-0.32,0.01,59
POS,0.13,-0.32,-0.01,74
POS,0.12,-0.30,0.00,53
POS,0.11,-0.30,0.01,61
POS,0.11,-0.29,-0.00,68
POS,0.12,-0.30,0.01,60
POS,0.12,-0.31,0.00,67
POS,0.13,-0.32,-0.01,71
POS,0.12,-0.31,0.00,61
POS,0.12,-0.30,-0.00,66
POS,0.12,-0.30,0.00,60
POS,0.10,-0.29,0.01,66
POS,0.12,-0.31,0.01,67
POS,0.12,-0.31,0.02,59
POS,0.14,-0.33,0.01,68
POS,0.14,-0.32,0.03,55
POS,0.13,-0.32,0.02,67
POS,0.12,-0.30,0.02,57
POS,0.13,-0.30,0.02,60
POS,0.14,-0.26,-0.06,85
POS,0.13,-0.27,-0.03,62
POS,0.14,-0.29,-0.01,60
POS,0.14,-0.30,0.01,62
POS,0.14,-0.30,0.01,57
POS,0.14,-0.31,0.02,63
POS,0.13,-0.31,0.04,65
POS,0.14,-0.32,0.01,74
POS,0.15,-0.31,0.00,66
POS,0.12,-0.31,0.00,67
POS,0.12,-0.30,0.01,60
POS,0.13,-0.31,0.00,68
POS,0.14,-0.31,0.00,62
POS,0.14,-0.32,0.01,64
POS,0.13,-0.31,0.00,64
POS,0.13,-0.33,-0.00,74
POS,0.11,-0.33,0.01,68
POS,0.11,-0.32,-0.01,72
POS,0.10,-0.31,0.01,64
POS,0.11,-0.33,0.03,71
POS,0.15,-0.28,-0.06,80
POS,0.16,-0.30,-0.04,65
POS,0.15,-0.31,-0.03,66
POS,0.14,-0.31,-0.02,64
POS,0.14,-0.32,-0.02,69
POS,0.13,-0.34,-0.01,70
POS,0.11,-0.32,0.01,66
POS,0.11,-0.31,0.01,58
POS,0.11,-0.30,-0.02,79
POS,0.12,-0.32,-0.05,80
POS,0.13,-0.34,-0.05,73
POS,0.11,-0.31,-0.03,65
POS,0.12,-0.33,-0.02,67
POS,0.11,-0.33,-0.01,69
POS,0.10,-0.33,-0.01,71
POS,0.10,-0.33,-0.04,80
POS,0.10,-0.31,-0.04,69
POS,0.10,-0.32,-0.01,68
POS,0.10,-0.32,-0.01,71
POS,0.13,-0.34,-0.01,70
POS,0.13,-0.34,-0.02,72
POS,0.11,-0.31,-0.02,72
POS,0.12,-0.33,-0.03,72
POS,0.12,-0.34,-0.01,70
POS,0.12,-0.35,0.01,70
POS,0.14,-0.36,-0.01,72
POS,0.15,-0.32,-0.06,88
POS,0.14,-0.32,-0.08,81
POS,0.12,-0.31,-0.07,73
POS,0.14,-0.33,-0.06,71
POS,0.13,-0.33,-0.06,76
POS,0.16,-0.35,-0.04,70
POS,0.14,-0.31,-0.06,86
POS,0.13,-0.32,-0.05,71
POS,0.16,-0.34,-0.05,69
POS,0.13,-0.32,-0.05,73
POS,0.13,-0.32,-0.04,66
POS,0.12,-0.30,-0.03,68
POS,0.15,-0.33,-0.03,69
POS,0.14,-0.33,-0.02,68
POS,0.13,-0.30,-0.04,76
POS,0.12,-0.31,-0.02,66
POS,0.13,-0.34,-0.00,75
POS,0.13,-0.33,-0.00,64
POS,0.13,-0.33,-0.00,66
POS,0.13,-0.34,-0.01,74
POS,0.12,-0.33,-0.00,62
POS,0.13,-0.33,-0.00,66
POS,0.13,-0.33,-0.02,74
POS,0.13,-0.33,-0.03,72
POS,0.13,-0.35,-0.01,71
POS,0.11,-0.32,-0.02,72
POS,0.11,-0.30,-0.03,74
POS,0.11,-0.31,-0.01,64
POS,0.12,-0.33,-0.01,71
POS,0.11,-0.32,-0.02,74
POS,0.10,-0.30,-0.03,71
POS,0.10,-0.31,-0.03,71
POS,0.11,-0.32,0.00,65
POS,0.11,-0.30,-0.02,76
POS,0.12,-0.31,-0.01,61
POS,0.12,-0.31,-0.02,76
POS,0.11,-0.32,-0.01,67
POS,0.13,-0.34,-0.01,72
POS,0.12,-0.32,-0.02,72
POS,0.11,-0.32,-0.00,67
POS,0.10,-0.30,-0.01,69
POS,0.11,-0.29,-0.04,79
POS,0.10,-0.30,-0.05,76
POS,0.09,-0.29,-0.04,67
POS,0.10,-0.29,-0.05,74
POS,0.11,-0.30,-0.03,63
POS,0.10,-0.30,-0.03,70
POS,0.12,-0.32,-0.04,75
POS,0.13,-0.34,-0.03,72
POS,0.13,-0.33,-0.03,65
POS,0.12,-0.33,-0.02,68
POS,0.13,-0.34,-0.03,73
POS,0.15,-0.36,-0.00,73
POS,0.13,-0.35,-0.01,68
POS,0.14,-0.35,-0.01,70
POS,0.12,-0.34,-0.00,68
POS,0.12,-0.32,0.01,53
POS,0.12,-0.31,-0.02,76
POS,0.11,-0.30,-0.01,64
POS,0.10,-0.29,-0.01,67
POS,0.11,-0.31,-0.01,66
POS,0.10,-0.31,-0.02,74
POS,0.12,-0.32,-0.01,66
POS,0.11,-0.33,0.00,65
POS,0.10,-0.32,0.01,65
POS,0.11,-0.31,-0.01,72
POS,0.10,-0.32,0.01,69
POS,0.10,-0.33,0.00,75
POS,0.13,-0.35,0.00,71
POS,0.11,-0.33,-0.02,77
POS,0.11,-0.32,-0.02,68
POS,0.12,-0.33,0.00,64
POS,0.12,-0.34,0.01,67
POS,0.12,-0.35,0.01,72
POS,0.10,-0.34,0.00,71
POS,0.10,-0.32,-0.03,79
POS,0.09,-0.31,-0.03,74
POS,0.11,-0.31,-0.06,79
POS,0.10,-0.30,-0.05,67
POS,0.12,-0.31,-0.04,67
POS,0.11,-0.31,-0.04,73
POS,0.11,-0.30,-0.07,82
POS,0.10,-0.30,-0.06,73
POS,0.10,-0.30,-0.05,68
POS,0.10,-0.31,-0.03,66
POS,0.11,-0.33,-0.00,73
POS,0.13,-0.34,0.01,67
POS,0.14,-0.35,0.02,65
POS,0.15,-0.34,0.02,57
POS,0.14,-0.33,0.01,69
POS,0.13,-0.34,0.02,65
POS,0.12,-0.32,0.00,71
POS,0.13,-0.33,0.01,66
POS,0.14,-0.34,-0.02,77
POS,0.13,-0.33,-0.03,71
POS,0.13,-0.32,-0.04,72
POS,0.13,-0.32,-0.04,71
POS,0.15,-0.34,-0.04,71
POS,0.16,-0.35,-0.00,71
POS,0.15,-0.36,0.00,71
POS,0.13,-0.33,-0.01,74
POS,0.11,-0.32,-0.01,70
POS,0.10,-0.31,0.00,65
POS,0.10,-0.30,-0.03,80
POS,0.09,-0.31,-0.02,72
POS,0.11,-0.33,-0.02,68
POS,0.10,-0.32,-0.01,63
POS,0.13,-0.34,-0.03,74
POS,0.13,-0.33,-0.02,63
POS,0.12,-0.34,-0.02,74
POS,0.12,-0.34,-0.03,75
POS,0.12,-0.35,-0.02,68
POS,0.10,-0.33,-0.01,65
POS,0.12,-0.35,0.01,73
POS,0.12,-0.35,-0.01,74
POS,0.10,-0.31,-0.00,67
POS,0.13,-0.34,0.02,70
POS,0.11,-0.33,0.02,70
POS,0.14,-0.36,0.01,71
POS,0.15,-0.36,0.02,67
POS,0.13,-0.35,0.03,69
POS,0.12,-0.34,0.05,67
POS,0.11,-0.30,0.01,83
POS,0.11,-0.31,-0.00,73
POS,0.11,-0.33,-0.00,71
POS,0.11,-0.34,0.00,68
POS,0.11,-0.34,0.02,72
POS,0.11,-0.33,-0.00,74
POS,0.10,-0.32,-0.01,70
POS,0.11,-0.33,0.00,69
POS,0.10,-0.32,0.00,67
POS,0.10,-0.33,0.01,66
POS,0.09,-0.30,-0.02,83
POS,0.09,-0.31,-0.02,68
POS,0.11,-0.30,-0.06,85
POS,0.11,-0.32,-0.05,71
POS,0.10,-0.32,-0.03,68
POS,0.11,-0.34,-0.01,71
POS,0.10,-0.33,0.00,63
POS,0.10,-0.31,-0.01,72
POS,0.10,-0.31,-0.03,75
POS,0.10,-0.32,-0.03,74
POS,0.10,-0.32,-0.04,76
POS,0.10,-0.33,-0.03,68
POS,0.09,-0.31,-0.02,67
POS,0.12,-0.31,-0.05,77
POS,0.13,-0.33,-0.04,67
POS,0.13,-0.33,-0.02,68
POS,0.13,-0.34,0.00,67
POS,0.12,-0.33,-0.03,81
POS,0.11,-0.33,-0.03,70
POS,0.11,-0.32,-0.01,58
POS,0.10,-0.33,-0.02,74
POS,0.12,-0.33,-0.03,73
POS,0.11,-0.31,-0.05,76
POS,0.10,-0.31,-0.03,66
POS,0.10,-0.32,-0.02,70
POS,0.10,-0.32,-0.02,64
POS,0.09,-0.31,-0.01,67
POS,0.10,-0.32,-0.03,76
POS,0.12,-0.34,-0.02,70
POS,0.10,-0.33,0.00,71
POS,0.12,-0.34,-0.01,71
POS,0.11,-0.33,-0.01,68
POS,0.12,-0.33,-0.01,64
POS,0.12,-0.33,-0.02,75
POS,0.14,-0.34,0.00,69
POS,0.14,-0.32,-0.01,64
POS,0.14,-0.33,0.02,67
POS,0.15,-0.34,-0.01,74
POS,0.15,-0.34,-0.01,71
POS,0.13,-0.34,-0.03,77
POS,0.15,-0.35,-0.03,72
POS,0.13,-0.35,-0.03,71
POS,0.13,-0.34,-0.04,73
POS,0.12,-0.35,-0.02,67
POS,0.15,-0.36,-0.01,69
POS,0.13,-0.35,-0.01,68
POS,0.12,-0.31,-0.02,71
POS,0.11,-0.31,-0.01,64
POS,0.11,-0.32,-0.02,73
POS,0.12,-0.32,-0.03,74
POS,0.11,-0.31,-0.03,69
POS,0.10,-0.31,-0.02,65
POS,0.10,-0.32,-0.02,73
POS,0.09,-0.31,-0.02,66
POS,0.11,-0.32,-0.02,72
POS,0.11,-0.32,-0.01,66
POS,0.10,-0.32,-0.00,65
POS,0.11,-0.32,0.02,59
POS,0.10,-0.31,-0.00,78
POS,0.11,-0.32,0.00,65
POS,0.12,-0.32,0.01,61
POS,0.12,-0.34,0.01,70
POS,0.12,-0.34,-0.00,74
POS,0.11,-0.34,0.01,68
POS,0.12,-0.34,0.02,66
POS,0.14,-0.36,-0.01,73
POS,0.14,-0.34,-0.02,73
POS,0.12,-0.32,-0.02,68
POS,0.13,-0.34,-0.01,70
POS,0.16,-0.35,0.04,70
POS,0.16,-0.36,0.01,72
POS,0.15,-0.34,0.02,60
POS,0.12,-0.30,-0.02,86
POS,0.11,-0.31,0.01,66
POS,0.14,-0.33,0.01,67
POS,0.14,-0.34,0.01,70
POS,0.14,-0.34,0.01,63
POS,0.13,-0.32,-0.01,75
POS,0.11,-0.30,-0.03,80
POS,0.11,-0.30,-0.04,70
POS,0.12,-0.31,-0.04,72
POS,0.12,-0.33,-0.05,78
POS,0.13,-0.34,-0.03,65
POS,0.13,-0.33,-0.03,70
POS,0.11,-0.33,-0.03,69
POS,0.10,-0.32,-0.02,68
POS,0.10,-0.31,-0.02,69
POS,0.12,-0.34,0.01,72
POS,0.11,-0.33,0.01,67
POS,0.13,-0.34,-0.01,72
POS,0.14,-0.36,0.00,70
POS,0.12,-0.34,0.01,61
POS,0.11,-0.33,0.03,67
POS,0.10,-0.32,0.02,64
POS,0.10,-0.32,0.03,67
POS,0.10,-0.33,0.01,74
POS,0.11,-0.34,0.03,69
POS,0.10,-0.33,0.01,72
POS,0.10,-0.33,-0.01,77
POS,0.10,-0.32,0.00,60
POS,0.10,-0.32,0.01,66
POS,0.09,-0.31,-0.00,71
POS,0.10,-0.33,0.00,68
POS,0.11,-0.33,-0.02,72
POS,0.10,-0.33,-0.01,69
POS,0.10,-0.32,-0.01,68
POS,0.09,-0.33,-0.00,70
POS,0.12,-0.34,-0.03,74
POS,0.14,-0.35,-0.01,68
POS,0.14,-0.36,-0.01,70
POS,0.13,-0.34,-0.00,63
POS,0.12,-0.34,-0.00,68
POS,0.13,-0.34,-0.01,71
POS,0.12,-0.34,-0.00,67
POS,0.12,-0.34,-0.00,68
POS,0.13,-0.35,0.01,70
POS,0.14,-0.33,-0.03,79
POS,0.12,-0.33,-0.02,69
POS,0.11,-0.31,-0.03,72
POS,0.12,-0.32,-0.02,66
POS,0.12,-0.30,-0.03,74
POS,0.10,-0.31,-0.02,72
POS,0.11,-0.33,-0.04,76
POS,0.12,-0.34,-0.02,67
POS,0.11,-0.31,0.00,58
POS,0.10,-0.31,-0.01,72
POS,0.10,-0.31,0.01,63
POS,0.12,-0.32,0.01,66
POS,0.12,-0.33,0.01,73
POS,0.12,-0.33,-0.00,72
POS,0.12,-0.33,-0.03,78
POS,0.11,-0.33,-0.02,67
POS,0.10,-0.31,-0.00,60
POS,0.11,-0.32,0.01,66
POS,0.11,-0.32,-0.01,75
POS,0.11,-0.31,-0.03,77
POS,0.11,-0.31,-0.03,70
POS,0.12,-0.34,0.00,76
POS,0.11,-0.33,-0.01,74
POS,0.10,-0.33,-0.02,74
POS,0.09,-0.34,0.01,73
POS,0.11,-0.35,0.03,73
POS,0.09,-0.32,0.02,70
POS,0.09,-0.32,0.00,72
POS,0.11,-0.33,-0.04,80
POS,0.11,-0.32,-0.01,61
POS,0.11,-0.32,-0.02,70
POS,0.12,-0.33,-0.01,67
POS,0.12,-0.34,-0.01,73
POS,0.12,-0.34,-0.00,67
POS,0.12,-0.34,0.02,65
POS,0.10,-0.33,-0.01,80
POS,0.10,-0.33,-0.01,69
POS,0.10,-0.33,-0.00,68
POS,0.08,-0.31,0.01,64
POS,0.09,-0.32,0.01,70
POS,0.10,-0.33,0.02,63
POS,0.11,-0.34,0.02,72
POS,0.11,-0.34,0.02,64
POS,0.11,-0.32,-0.03,84
POS,0.14,-0.35,-0.02,70
POS,0.12,-0.32,-0.02,70
POS,0.13,-0.33,-0.01,63
POS,0.13,-0.32,-0.03,77
POS,0.13,-0.32,-0.03,65
POS,0.13,-0.32,-0.03,72
POS,0.12,-0.33,-0.00,68
POS,0.12,-0.32,-0.01,68
POS,0.10,-0.31,-0.00,69
POS,0.10,-0.32,0.02,69
POS,0.10,-0.33,0.01,70
POS,0.10,-0.31,0.02,57
POS,0.10,-0.29,0.01,64
POS,0.11,-0.31,0.03,68
POS,0.11,-0.31,-0.01,79
POS,0.11,-0.31,0.00,63
POS,0.15,-0.34,0.02,71
POS,0.15,-0.35,0.01,71
POS,0.12,-0.33,0.01,66
POS,0.12,-0.34,0.02,68
POS,0.12,-0.34,-0.00,76
POS,0.10,-0.31,-0.01,69
POS,0.09,-0.29,-0.02,74
POS,0.10,-0.30,-0.03,70
POS,0.09,-0.31,-0.03,74
POS,0.09,-0.30,-0.02,66
POS,0.10,-0.31,-0.03,71
POS,0.10,-0.32,-0.00,69
POS,0.10,-0.31,0.02,61
POS,0.12,-0.33,-0.00,73
POS,0.13,-0.34,-0.01,73
POS,0.13,-0.35,-0.03,75
POS,0.12,-0.34,0.00,69
POS,0.12,-0.36,0.01,72
POS,0.12,-0.35,0.03,66
POS,0.11,-0.35,0.01,75
POS,0.13,-0.34,-0.02,74
POS,0.13,-0.35,-0.01,65
POS,0.11,-0.31,-0.03,82
POS,0.10,-0.32,-0.02,67
POS,0.10,-0.32,-0.01,63
POS,0.10,-0.31,-0.01,69
POS,0.11,-0.33,-0.01,66
POS,0.10,-0.33,0.00,68
POS,0.14,-0.33,-0.03,73
POS,0.12,-0.33,-0.03,70
POS,0.12,-0.34,-0.01,71
POS,0.12,-0.34,-0.00,66
POS,0.13,-0.36,0.01,70
POS,0.14,-0.35,0.01,62
POS,0.13,-0.35,0.01,66
POS,0.13,-0.34,0.00,70
POS,0.13,-0.33,-0.00,66
POS,0.13,-0.34,0.01,67
POS,0.14,-0.35,0.01,70
POS,0.14,-0.34,0.00,63
POS,0.15,-0.33,0.01,57
POS,0.14,-0.32,0.02,58
POS,0.15,-0.34,0.01,70
POS,0.15,-0.34,0.01,65
POS,0.14,-0.32,-0.01,73
POS,0.14,-0.34,-0.00,72
POS,0.15,-0.34,-0.01,70
POS,0.13,-0.32,-0.01,66
POS,0.12,-0.34,-0.01,72
POS,0.10,-0.30,-0.02,75
POS,0.10,-0.32,-0.02,70
POS,0.09,-0.30,-0.01,67
POS,0.10,-0.31,-0.02,70
POS,0.12,-0.33,-0.02,73
POS,0.10,-0.32,-0.01,66
POS,0.10,-0.31,-0.02,68
POS,0.11,-0.33,-0.01,67
POS,0.10,-0.32,-0.00,66
POS,0.12,-0.33,-0.02,73
POS,0.10,-0.30,-0.02,64
POS,0.12,-0.32,-0.01,67
POS,0.12,-0.33,-0.00,67
POS,0.13,-0.34,0.01,68
POS,0.13,-0.35,0.01,67
POS,0.15,-0.36,0.02,72
POS,0.13,-0.35,0.04,66
POS,0.14,-0.37,0.03,73
POS,0.12,-0.35,0.03,67
POS,0.13,-0.36,0.02,70
POS,0.12,-0.34,0.01,69
POS,0.13,-0.35,0.02,69
POS,0.12,-0.34,0.02,64
POS,0.11,-0.34,0.02,68
POS,0.10,-0.34,0.04,71
POS,0.09,-0.33,0.05,66
POS,0.10,-0.32,0.02,72
POS,0.11,-0.33,0.01,74
POS,0.10,-0.33,0.01,67
POS,0.10,-0.31,-0.02,76
POS,0.10,-0.31,0.01,61
POS,0.12,-0.32,0.00,69
POS,0.11,-0.33,0.02,64
POS,0.14,-0.34,0.03,71
POS,0.14,-0.34,0.02,65
POS,0.13,-0.33,-0.01,78
POS,0.13,-0.34,-0.00,68
POS,0.12,-0.33,-0.00,63
POS,0.12,-0.32,0.02,63
POS,0.13,-0.33,0.01,69
POS,0.14,-0.33,0.01,62
POS,0.13,-0.31,0.01,64
POS,0.12,-0.32,0.03,69
POS,0.10,-0.31,0.04,68
POS,0.11,-0.31,0.05,60
POS,0.10,-0.30,0.02,77
POS,0.10,-0.29,0.02,62
POS,0.10,-0.29,0.01,68
POS,0.09,-0.30,-0.00,71
POS,0.10,-0.31,0.01,63
POS,0.09,-0.30,-0.01,75
POS,0.10,-0.30,-0.02,74
POS,0.12,-0.32,-0.02,70
POS,0.12,-0.34,-0.00,73
POS,0.10,-0.33,-0.01,74
POS,0.12,-0.33,-0.02,72
POS,0.12,-0.33,-0.01,65
POS,0.10,-0.33,-0.01,71
POS,0.10,-0.34,-0.01,74
POS,0.12,-0.35,0.01,72
POS,0.11,-0.36,0.04,73
POS,0.14,-0.36,-0.00,74
POS,0.14,-0.35,0.00,65
POS,0.14,-0.33,0.01,50
POS,0.12,-0.33,0.03,67
POS,0.14,-0.33,-0.03,82
POS,0.16,-0.33,-0.05,76
POS,0.14,-0.32,-0.03,61
POS,0.14,-0.31,-0.04,73
POS,0.12,-0.31,-0.02,68
POS,0.11,-0.30,-0.02,69
POS,0.11,-0.31,-0.02,70
POS,0.09,-0.29,-0.02,72
POS,0.11,-0.31,0.01,67
POS,0.13,-0.33,0.01,68
POS,0.12,-0.34,0.01,70
POS,0.12,-0.33,-0.02,78
POS,0.12,-0.32,-0.01,62
POS,0.12,-0.32,-0.00,62
POS,0.13,-0.33,-0.02,72
POS,0.13,-0.33,0.00,66
POS,0.14,-0.35,-0.01,73
POS,0.14,-0.35,-0.03,77
POS,0.14,-0.34,-0.04,72
POS,0.14,-0.35,-0.03,70
POS,0.12,-0.34,-0.02,67
POS,0.12,-0.33,-0.02,68
POS,0.11,-0.32,-0.03,74
POS,0.11,-0.32,-0.02,64
POS,0.11,-0.31,-0.03,74
POS,0.10,-0.29,-0.04,76
POS,0.12,-0.31,0.01,71
POS,0.11,-0.29,-0.01,69
POS,0.12,-0.31,-0.01,72
POS,0.14,-0.33,0.01,70
POS,0.14,-0.33,-0.02,77
POS,0.12,-0.32,-0.03,73
POS,0.14,-0.34,0.01,74
POS,0.14,-0.35,-0.01,72
POS,0.14,-0.36,0.02,70
POS,0.13,-0.35,0.02,67
POS,0.12,-0.34,0.01,68
POS,0.11,-0.33,0.02,65
POS,0.16,-0.35,0.02,63
POS,0.17,-0.36,0.00,72
POS,0.17,-0.35,0.00,65
POS,0.16,-0.30,-0.07,86
POS,0.16,-0.32,-0.03,69
POS,0.19,-0.34,-0.01,66
POS,0.20,-0.35,-0.03,71
POS,0.18,-0.34,-0.02,62
POS,0.17,-0.33,-0.04,76
POS,0.15,-0.33,-0.04,74
POS,0.16,-0.35,-0.04,72
POS,0.15,-0.33,-0.05,77
POS,0.15,-0.34,-0.02,68
POS,0.13,-0.33,-0.03,75
POS,0.15,-0.35,-0.04,74
POS,0.14,-0.35,-0.02,64
POS,0.13,-0.34,-0.01,65
POS,0.15,-0.36,-0.01,72
POS,0.14,-0.36,-0.02,72
POS,0.13,-0.35,-0.02,72
POS,0.12,-0.33,-0.03,68
POS,0.12,-0.31,-0.04,77
POS,0.11,-0.31,-0.03,65
POS,0.11,-0.31,-0.01,66
POS,0.11,-0.31,-0.01,64
POS,0.11,-0.32,0.00,63
POS,0.11,-0.31,-0.01,70
POS,0.11,-0.33,-0.00,70
POS,0.12,-0.33,0.00,65
POS,0.13,-0.33,0.01,58
POS,0.14,-0.34,0.00,69
POS,0.12,-0.33,0.00,68
POS,0.12,-0.33,-0.00,69
POS,0.12,-0.32,-0.01,68
POS,0.11,-0.31,0.02,66
POS,0.12,-0.30,-0.02,80
POS,0.10,-0.28,-0.03,74
POS,0.10,-0.28,-0.03,68
POS,0.11,-0.30,-0.01,67
POS,0.10,-0.30,0.01,68
POS,0.09,-0.28,-0.00,70
POS,0.10,-0.31,0.00,69
POS,0.10,-0.32,0.02,72
POS,0.11,-0.33,0.02,66
POS,0.12,-0.34,0.03,66
POS,0.12,-0.33,0.03,61
POS,0.16,-0.36,0.02,70
POS,0.15,-0.36,0.02,69
POS,0.15,-0.37,0.03,71
POS,0.12,-0.33,0.00,80
POS,0.10,-0.30,-0.01,73
POS,0.11,-0.31,0.01,66
POS,0.13,-0.34,0.02,73
POS,0.15,-0.36,0.03,71
POS,0.15,-0.36,0.02,72
POS,0.13,-0.35,0.01,68
POS,0.12,-0.33,0.01,63
POS,0.12,-0.32,0.01,65
POS,0.12,-0.33,0.00,68
POS,0.12,-0.33,-0.00,71
POS,0.11,-0.33,-0.01,70
POS,0.09,-0.31,-0.01,68
POS,0.09,-0.30,-0.01,70
POS,0.10,-0.33,-0.01,72
POS,0.11,-0.33,-0.01,72
POS,0.12,-0.34,0.00,69
POS,0.11,-0.34,0.03,69
POS,0.11,-0.33,0.03,61
POS,0.11,-0.32,-0.00,78
POS,0.11,-0.32,-0.02,75
POS,0.11,-0.32,-0.03,70
POS,0.12,-0.33,-0.02,72
POS,0.11,-0.32,-0.04,75
POS,0.13,-0.34,-0.03,69
POS,0.11,-0.32,0.01,64
POS,0.11,-0.31,-0.00,67
POS,0.12,-0.33,0.02,72
POS,0.13,-0.34,0.00,72
POS,0.14,-0.35,-0.01,72
POS,0.15,-0.35,0.01,67
POS,0.14,-0.35,0.00,71
POS,0.13,-0.34,-0.00,68
POS,0.14,-0.35,0.02,72
POS,0.17,-0.36,0.02,67
POS,0.16,-0.37,0.03,68
POS,0.14,-0.36,0.02,67
POS,0.13,-0.34,-0.00,75
POS,0.13,-0.35,0.02,69
POS,0.13,-0.35,0.04,69
POS,0.15,-0.35,-0.00,76
POS,0.13,-0.33,0.02,64
POS,0.11,-0.31,0.03,61
POS,0.13,-0.33,0.01,72
POS,0.12,-0.32,0.04,63
POS,0.11,-0.31,0.04,63
POS,0.11,-0.32,0.02,74
POS,0.11,-0.30,0.01,61
POS,0.13,-0.33,0.02,73
POS,0.12,-0.35,0.02,72
POS,0.12,-0.33,-0.01,78
POS,0.11,-0.33,-0.02,72
POS,0.11,-0.32,0.01,62
POS,0.11,-0.31,-0.01,72
POS,0.11,-0.33,0.01,72
POS,0.09,-0.32,-0.01,77
POS,0.09,-0.31,-0.01,62
POS,0.10,-0.31,-0.01,64
POS,0.11,-0.30,-0.01,64
POS,0.11,-0.31,-0.00,65
POS,0.12,-0.33,0.02,69
POS,0.12,-0.32,0.01,66
POS,0.12,-0.32,0.01,63
POS,0.13,-0.33,0.01,68
POS,0.12,-0.30,-0.03,83
POS,0.12,-0.29,-0.04,77
POS,0.12,-0.30,-0.04,67
POS,0.11,-0.30,-0.03,64
POS,0.11,-0.30,-0.04,73
POS,0.11,-0.31,-0.03,69
POS,0.10,-0.31,-0.00,69
POS,0.10,-0.31,-0.01,71
POS,0.13,-0.33,-0.01,72
POS,0.15,-0.36,-0.01,73
POS,0.16,-0.36,-0.04,75
POS,0.16,-0.34,-0.02,56
POS,0.14,-0.33,-0.03,75
POS,0.16,-0.33,-0.05,73
POS,0.14,-0.32,-0.04,68
POS,0.14,-0.34,-0.05,75
POS,0.15,-0.35,-0.04,70
POS,0.15,-0.34,-0.02,56
POS,0.14,-0.34,-0.02,72
POS,0.15,-0.35,-0.01,66
POS,0.17,-0.37,0.00,72
POS,0.17,-0.37,-0.00,71
POS,0.13,-0.35,0.00,71
POS,0.14,-0.37,0.00,73
POS,0.15,-0.37,0.02,68
POS,0.16,-0.38,0.01,72
POS,0.15,-0.36,0.04,65
POS,0.13,-0.35,0.03,63
POS,0.14,-0.35,0.01,72
POS,0.13,-0.34,0.01,64
POS,0.16,-0.36,0.01,70
POS,0.16,-0.37,0.02,71
POS,0.14,-0.36,0.02,66
POS,0.14,-0.35,0.02,60
POS,0.13,-0.35,0.04,64
POS,0.12,-0.32,0.02,67
POS,0.12,-0.31,0.00,71
POS,0.11,-0.32,-0.00,71
POS,0.10,-0.31,-0.00,68
POS,0.11,-0.32,0.01,60
POS,0.09,-0.30,0.02,65
POS,0.11,-0.30,0.03,56
POS,0.12,-0.32,0.03,64
POS,0.16,-0.34,0.04,67
POS,0.13,-0.31,0.04,62
POS,0.12,-0.31,0.02,69
POS,0.12,-0.30,-0.00,72
POS,0.11,-0.29,-0.00,66
POS,0.11,-0.31,0.00,70
POS,0.11,-0.31,0.01,61
POS,0.11,-0.31,-0.02,77
POS,0.10,-0.30,-0.01,63
POS,0.11,-0.30,-0.02,73
POS,0.10,-0.29,-0.01,61
POS,0.09,-0.30,-0.01,69
POS,0.11,-0.32,-0.00,68
POS,0.10,-0.31,0.01,62
POS,0.11,-0.32,0.02,66
POS,0.11,-0.32,-0.02,81
POS,0.11,-0.32,0.01,68
POS,0.10,-0.31,-0.01,74
POS,0.09,-0.31,-0.00,69
POS,0.10,-0.31,0.01,60
POS,0.11,-0.32,0.01,65
POS,0.11,-0.33,0.00,73
POS,0.11,-0.32,0.02,58
POS,0.09,-0.32,0.02,68
POS,0.13,-0.35,0.04,72
POS,0.17,-0.36,0.01,72
POS,0.15,-0.36,0.02,67
POS,0.13,-0.33,0.02,54
POS,0.11,-0.32,0.01,71
POS,0.09,-0.30,0.02,67
POS,0.12,-0.31,0.00,69
POS,0.13,-0.34,-0.00,76
POS,0.13,-0.33,0.00,61
POS,0.12,-0.34,0.01,71
POS,0.12,-0.33,0.02,59
POS,0.14,-0.34,-0.02,77
POS,0.15,-0.34,-0.05,78
POS,0.14,-0.34,-0.03,66
POS,0.15,-0.36,-0.01,70
POS,0.17,-0.37,-0.01,70
POS,0.14,-0.36,-0.01,70
POS,0.13,-0.33,-0.02,73
POS,0.12,-0.33,-0.02,69
POS,0.12,-0.33,-0.02,70
POS,0.12,-0.33,-0.04,76
POS,0.12,-0.34,-0.01,70
POS,0.13,-0.35,-0.01,72
POS,0.12,-0.33,-0.01,66
POS,0.11,-0.31,-0.03,76
POS,0.12,-0.33,-0.01,68
POS,0.09,-0.31,-0.02,77
POS,0.10,-0.33,-0.02,73
POS,0.11,-0.33,-0.01,66
POS,0.11,-0.34,-0.04,79
POS,0.11,-0.31,-0.02,54
POS,0.11,-0.32,-0.03,75
POS,0.11,-0.33,-0.01,67
POS,0.12,-0.35,0.00,74
POS,0.12,-0.35,-0.01,75
POS,0.12,-0.36,-0.00,69
POS,0.12,-0.35,0.02,62
POS,0.13,-0.35,0.01,67
POS,0.13,-0.34,0.01,58
POS,0.13,-0.34,0.02,61
POS,0.15,-0.36,0.01,73
POS,0.15,-0.35,0.02,64
POS,0.13,-0.34,0.00,71
POS,0.13,-0.33,0.01,62
POS,0.11,-0.33,0.00,71
POS,0.10,-0.33,0.01,65
POS,0.11,-0.33,0.02,67
POS,0.10,-0.34,0.03,72
POS,0.11,-0.36,0.02,72
POS,0.10,-0.34,-0.02,81
POS,0.12,-0.35,0.00,67
POS,0.11,-0.33,0.02,60
POS,0.12,-0.32,-0.00,72
POS,0.11,-0.30,-0.03,78
POS,0.11,-0.30,-0.02,62
POS,0.10,-0.29,-0.03,74
POS,0.11,-0.31,-0.02,69
POS,0.12,-0.31,-0.01,58
POS,0.12,-0.31,-0.02,71
POS,0.12,-0.30,-0.02,66
POS,0.13,-0.30,-0.02,67
POS,0.13,-0.30,-0.01,59
POS,0.13,-0.32,-0.01,71
POS,0.13,-0.31,-0.03,76
POS,0.13,-0.32,-0.01,64
POS,0.13,-0.33,-0.01,68
POS,0.12,-0.32,-0.01,70
POS,0.10,-0.30,-0.04,83
POS,0.12,-0.31,-0.05,73
POS,0.13,-0.31,-0.05,67
POS,0.16,-0.33,-0.06,72
POS,0.16,-0.34,-0.03,68
POS,0.15,-0.34,0.01,69
POS,0.13,-0.34,0.02,70
POS,0.13,-0.34,0.01,68
POS,0.11,-0.31,0.01,64
POS,0.10,-0.30,-0.02,79
POS,0.10,-0.29,-0.01,64
POS,0.11,-0.32,0.01,74
POS,0.11,-0.31,-0.02,78
POS,0.10,-0.32,-0.01,69
POS,0.11,-0.33,-0.01,69
POS,0.09,-0.32,-0.00,68
POS,0.10,-0.33,-0.01,73
POS,0.09,-0.32,-0.00,67
POS,0.11,-0.32,-0.02,71
POS,0.14,-0.34,-0.02,71
POS,0.12,-0.34,-0.01,65
POS,0.12,-0.34,0.02,67
POS,0.13,-0.34,-0.00,72
POS,0.13,-0.34,0.01,61
POS,0.15,-0.36,-0.00,74
POS,0.14,-0.35,-0.00,67
POS,0.13,-0.35,0.02,66
POS,0.13,-0.33,0.01,60
POS,0.13,-0.33,0.01,67
POS,0.14,-0.35,0.03,72
POS,0.16,-0.36,0.00,72
POS,0.15,-0.33,-0.03,80
POS,0.14,-0.30,-0.06,92
POS,0.15,-0.31,-0.07,75
POS,0.15,-0.32,-0.04,64
POS,0.15,-0.34,-0.02,70
POS,0.14,-0.32,-0.04,78
POS,0.14,-0.33,-0.02,62
POS,0.16,-0.34,0.03,69
POS,0.15,-0.33,0.03,56
POS,0.15,-0.33,0.02,73
POS,0.13,-0.31,0.02,57
POS,0.15,-0.32,-0.01,75
POS,0.14,-0.32,0.00,60
POS,0.13,-0.31,-0.00,69
POS,0.13,-0.32,-0.03,79
POS,0.14,-0.33,-0.03,68
POS,0.16,-0.34,-0.03,70
POS,0.15,-0.34,-0.03,72
POS,0.13,-0.32,-0.03,66
POS,0.13,-0.34,-0.02,70
POS,0.14,-0.34,-0.01,61
POS,0.14,-0.33,-0.02,71
POS,0.13,-0.33,0.00,64
POS,0.13,-0.34,0.01,67
POS,0.14,-0.34,0.02,65
POS,0.14,-0.32,-0.02,81
POS,0.14,-0.33,-0.01,68
POS,0.12,-0.32,-0.02,72
POS,0.09,-0.31,0.00,70
POS,0.11,-0.33,0.01,73
POS,0.12,-0.29,-0.05,87
POS,0.12,-0.30,-0.04,67
POS,0.11,-0.31,-0.03,66
POS,0.11,-0.32,-0.01,70
POS,0.10,-0.32,-0.01,70
POS,0.11,-0.33,0.01,65
POS,0.13,-0.34,-0.02,74
POS,0.11,-0.33,-0.01,70
POS,0.16,-0.35,-0.02,68
POS,0.14,-0.34,-0.01,64
POS,0.13,-0.33,-0.00,65
POS,0.13,-0.32,0.00,58
POS,0.13,-0.33,-0.00,69
POS,0.14,-0.33,0.01,63
POS,0.13,-0.33,0.01,63
POS,0.12,-0.32,0.00,68
POS,0.13,-0.34,0.01,69
POS,0.13,-0.33,0.04,63
POS,0.15,-0.34,0.01,71
POS,0.16,-0.33,-0.01,70
POS,0.16,-0.35,-0.01,69
POS,0.14,-0.34,0.01,64
POS,0.13,-0.34,0.01,67
POS,0.11,-0.33,0.01,67
POS,0.12,-0.33,0.00,70
POS,0.11,-0.32,0.02,61
POS,0.11,-0.32,0.00,70
POS,0.10,-0.32,-0.00,71
POS,0.10,-0.34,0.01,72
POS,0.10,-0.34,0.03,69
POS,0.11,-0.30,-0.00,77
POS,0.10,-0.30,-0.02,77
POS,0.10,-0.32,-0.01,72
POS,0.10,-0.32,-0.01,69
POS,0.10,-0.33,-0.02,74
POS,0.10,-0.33,0.02,68
POS,0.11,-0.34,-0.01,76
POS,0.10,-0.35,-0.01,73
POS,0.10,-0.34,-0.02,72
POS,0.10,-0.33,-0.04,76
POS,0.12,-0.33,-0.03,66
POS,0.14,-0.34,-0.01,63
POS,0.16,-0.36,0.01,70
POS,0.14,-0.36,0.02,70
POS,0.13,-0.33,-0.01,78
POS,0.13,-0.34,0.01,69
POS,0.12,-0.33,-0.00,72
POS,0.11,-0.33,-0.02,75
POS,0.10,-0.32,-0.04,78
POS,0.10,-0.29,-0.06,85
POS,0.10,-0.30,-0.06,74
POS,0.09,-0.30,-0.04,69
POS,0.11,-0.32,-0.01,68
POS,0.14,-0.34,-0.02,70
POS,0.13,-0.32,-0.01,59
POS,0.13,-0.31,-0.04,79
POS,0.13,-0.31,-0.02,63
POS,0.13,-0.32,-0.01,66
POS,0.14,-0.34,-0.02,73
POS,0.13,-0.32,-0.01,57
POS,0.12,-0.33,-0.00,69
POS,0.11,-0.32,0.00,64
POS,0.12,-0.34,-0.01,76
POS,0.11,-0.34,0.01,66
POS,0.12,-0.34,-0.01,73
POS,0.12,-0.33,0.00,62
POS,0.12,-0.33,-0.00,66
POS,0.12,-0.34,-0.00,69
POS,0.14,-0.33,-0.03,72
POS,0.14,-0.32,-0.05,77
POS,0.15,-0.34,-0.02,71
POS,0.16,-0.36,0.01,71
POS,0.15,-0.35,0.01,67
POS,0.15,-0.35,0.00,69
POS,0.14,-0.35,-0.00,67
POS,0.13,-0.32,-0.01,69
POS,0.14,-0.34,0.01,72
POS,0.16,-0.30,-0.06,85
POS,0.15,-0.31,-0.04,69
POS,0.14,-0.32,-0.04,65
POS,0.13,-0.29,-0.03,62
POS,0.12,-0.30,0.00,63
POS,0.11,-0.28,0.00,64
POS,0.12,-0.30,-0.01,72
POS,0.12,-0.30,0.00,61
POS,0.11,-0.31,0.01,63
POS,0.10,-0.31,0.02,66
POS,0.11,-0.31,-0.01,77
POS,0.10,-0.31,-0.00,64
POS,0.10,-0.32,0.01,71
POS,0.10,-0.31,-0.00,64
POS,0.12,-0.32,-0.01,70
POS,0.11,-0.32,-0.00,67
POS,0.10,-0.32,0.01,65
POS,0.13,-0.34,-0.01,73
POS,0.13,-0.34,0.00,61
POS,0.12,-0.31,-0.00,66
POS,0.14,-0.33,0.02,67
POS,0.11,-0.32,0.02,68
POS,0.11,-0.31,0.00,67
POS,0.13,-0.31,0.03,62
POS,0.13,-0.27,-0.04,87
POS,0.12,-0.28,-0.02,63
POS,0.12,-0.30,-0.01,66
POS,0.12,-0.32,-0.01,70
POS,0.11,-0.33,0.01,71
POS,0.13,-0.35,-0.00,74
POS,0.12,-0.35,-0.00,68
POS,0.12,-0.35,-0.00,67
POS,0.12,-0.34,-0.00,67
POS,0.12,-0.35,-0.00,70
POS,0.12,-0.33,-0.02,74
POS,0.13,-0.34,0.00,69
POS,0.12,-0.34,-0.01,70
POS,0.11,-0.34,0.01,69
POS,0.12,-0.33,0.02,58
POS,0.11,-0.31,-0.02,82
POS,0.11,-0.31,0.01,66
POS,0.09,-0.31,0.03,67
POS,0.11,-0.33,0.01,74
POS,0.09,-0.30,0.00,67
POS,0.13,-0.32,0.00,65
POS,0.13,-0.30,0.02,50
POS,0.12,-0.29,-0.01,75
POS,0.11,-0.30,-0.00,66
POS,0.12,-0.30,0.01,58
POS,0.11,-0.30,0.00,67
POS,0.12,-0.33,0.00,72
POS,0.12,-0.32,-0.01,71
POS,0.12,-0.31,-0.01,61
POS,0.13,-0.32,0.03,66
POS,0.13,-0.32,0.03,61
POS,0.15,-0.29,-0.05,87
POS,0.13,-0.29,-0.03,63
POS,0.11,-0.30,-0.01,70
POS,0.12,-0.30,-0.02,71
POS,0.12,-0.30,-0.02,69
POS,0.11,-0.28,-0.03,75
POS,0.12,-0.30,-0.03,69
POS,0.11,-0.28,-0.03,71
POS,0.13,-0.30,-0.04,70
POS,0.17,-0.31,-0.05,70
POS,0.17,-0.34,-0.06,74
POS,0.16,-0.35,-0.01,74
POS,0.16,-0.36,-0.02,71
POS,0.16,-0.34,-0.03,72
POS,0.14,-0.33,-0.02,58
POS,0.14,-0.33,-0.01,65
POS,0.12,-0.30,-0.03,80
POS,0.13,-0.32,-0.03,72
POS,0.14,-0.31,-0.06,79
POS,0.17,-0.33,-0.05,68
POS,0.16,-0.34,-0.02,70
POS,0.14,-0.33,-0.02,69
POS,0.14,-0.34,-0.02,71
POS,0.13,-0.33,-0.02,70
POS,0.12,-0.30,-0.05,84
POS,0.12,-0.32,-0.02,71
POS,0.12,-0.33,-0.01,64
POS,0.12,-0.33,0.00,66
POS,0.12,-0.33,0.00,65
POS,0.12,-0.34,-0.00,72
POS,0.13,-0.36,0.01,76
POS,0.12,-0.34,0.01,60
POS,0.14,-0.35,0.01,64
POS,0.12,-0.33,-0.01,74
POS,0.11,-0.33,0.01,70
POS,0.11,-0.33,-0.01,76
POS,0.11,-0.32,-0.03,73
POS,0.12,-0.33,0.02,74
POS,0.14,-0.34,0.04,67
POS,0.13,-0.33,0.02,67
POS,0.14,-0.34,0.03,70
POS,0.13,-0.32,-0.01,78
POS,0.13,-0.31,0.02,58
POS,0.11,-0.30,0.02,63
POS,0.15,-0.33,0.01,69
POS,0.14,-0.32,-0.01,75
POS,0.14,-0.32,-0.02,69
POS,0.14,-0.31,-0.01,59
POS,0.15,-0.34,-0.01,72
POS,0.15,-0.35,0.02,71
POS,0.15,-0.34,0.01,64
POS,0.14,-0.34,0.02,64
POS,0.14,-0.32,0.00,68
POS,0.13,-0.33,-0.02,78
POS,0.12,-0.33,-0.01,62
POS,0.10,-0.31,0.02,69
POS,0.12,-0.33,-0.00,71
POS,0.14,-0.34,0.01,66
POS,0.13,-0.33,-0.01,75
POS,0.13,-0.34,-0.00,68
POS,0.13,-0.33,0.03,66
POS,0.12,-0.32,0.02,66
POS,0.13,-0.33,-0.02,78
POS,0.13,-0.30,-0.04,76
POS,0.14,-0.33,-0.00,73
POS,0.12,-0.31,0.00,66
POS,0.11,-0.31,0.00,64
POS,0.11,-0.33,0.01,72
POS,0.12,-0.34,-0.00,75
POS,0.11,-0.34,0.02,64
POS,0.12,-0.34,0.03,63
POS,0.11,-0.32,0.00,74
POS,0.11,-0.33,-0.02,75
POS,0.11,-0.32,-0.00,64
POS,0.12,-0.34,-0.00,70
POS,0.11,-0.33,0.03,67
POS,0.12,-0.32,-0.02,81
POS,0.11,-0.32,0.00,65
POS,0.11,-0.32,0.02,64
POS,0.12,-0.31,0.03,54
POS,0.13,-0.32,0.03,58
POS,0.12,-0.32,0.01,72
POS,0.12,-0.32,0.01,64
POS,0.15,-0.33,0.00,67
POS,0.13,-0.32,-0.01,74
POS,0.11,-0.31,-0.01,69
POS,0.11,-0.32,-0.01,70
POS,0.12,-0.33,-0.02,73
POS,0.13,-0.33,-0.02,70
POS,0.12,-0.31,-0.02,65
POS,0.11,-0.31,-0.03,72
POS,0.11,-0.31,-0.05,78
POS,0.12,-0.33,-0.03,74
POS,0.14,-0.33,-0.01,63
POS,0.13,-0.33,0.00,65
POS,0.13,-0.34,0.02,70
POS,0.14,-0.34,-0.01,78
POS,0.11,-0.31,-0.02,71
POS,0.11,-0.31,0.00,58
POS,0.12,-0.33,0.03,74
POS,0.12,-0.32,0.01,69
POS,0.12,-0.32,0.00,70
POS,0.11,-0.31,-0.02,73
POS,0.11,-0.28,-0.02,65
POS,0.10,-0.29,-0.02,71
POS,0.11,-0.30,-0.00,66
POS,0.12,-0.32,-0.00,71
POS,0.11,-0.32,0.00,64
POS,0.09,-0.29,-0.00,69
POS,0.10,-0.30,-0.01,68
POS,0.11,-0.32,0.01,71
POS,0.13,-0.33,-0.03,79
POS,0.13,-0.31,-0.06,82
POS,0.14,-0.32,-0.05,66
POS,0.11,-0.29,-0.02,64
POS,0.11,-0.32,-0.00,73
POS,0.10,-0.31,-0.01,70
POS,0.10,-0.29,-0.02,69
POS,0.10,-0.28,-0.02,69
POS,0.11,-0.31,-0.00,72
POS,0.12,-0.32,-0.00,66
POS,0.12,-0.31,-0.03,80
POS,0.12,-0.32,0.00,68
POS,0.11,-0.32,-0.01,74
POS,0.11,-0.31,-0.00,63
POS,0.12,-0.34,-0.00,72
POS,0.09,-0.32,0.01,68
POS,0.10,-0.32,0.01,68
POS,0.10,-0.32,0.02,62
POS,0.11,-0.33,0.03,67
POS,0.11,-0.33,0.02,71
POS,0.11,-0.33,0.03,57
POS,0.11,-0.33,0.02,69
POS,0.13,-0.34,0.03,62
POS,0.14,-0.33,-0.01,76
POS,0.14,-0.34,0.02,70
POS,0.14,-0.33,0.04,59
POS,0.16,-0.35,0.02,72
POS,0.15,-0.35,0.01,73
POS,0.14,-0.34,0.03,66
POS,0.13,-0.34,0.00,74
POS,0.12,-0.33,0.01,66
POS,0.11,-0.32,0.00,68
POS,0.12,-0.33,0.01,65
POS,0.11,-0.32,0.00,68
POS,0.13,-0.33,-0.00,66
POS,0.12,-0.32,0.00,62
POS,0.13,-0.33,0.03,68
POS,0.11,-0.32,0.00,77
POS,0.10,-0.33,0.02,73
POS,0.10,-0.33,0.01,69
POS,0.09,-0.33,0.01,69
POS,0.10,-0.33,-0.02,78
POS,0.12,-0.34,-0.01,69
POS,0.11,-0.34,0.01,66
POS,0.12,-0.35,0.00,74
POS,0.11,-0.33,-0.01,70
POS,0.09,-0.31,0.01,64
POS,0.09,-0.30,-0.02,76
POS,0.10,-0.30,-0.02,69
POS,0.09,-0.31,-0.01,68
POS,0.10,-0.31,-0.01,63
POS,0.11,-0.33,-0.00,69
POS,0.11,-0.32,-0.02,72
POS,0.10,-0.31,-0.03,72
POS,0.12,-0.32,-0.02,65
POS,0.11,-0.30,-0.01,58
POS,0.13,-0.31,-0.01,68
POS,0.12,-0.30,-0.00,61
POS,0.11,-0.29,-0.02,73
POS,0.15,-0.31,-0.03,71
POS,0.16,-0.33,-0.01,70
POS,0.16,-0.34,-0.00,67
POS,0.14,-0.33,-0.01,71
POS,0.13,-0.33,-0.01,67
POS,0.14,-0.35,0.02,72
POS,0.14,-0.35,-0.02,80
POS,0.15,-0.36,-0.03,72
POS,0.14,-0.35,-0.00,63
POS,0.12,-0.35,0.01,72
POS,0.12,-0.33,0.02,48
POS,0.11,-0.31,0.01,68
POS,0.13,-0.27,-0.07,87
POS,0.13,-0.28,-0.05,60
POS,0.14,-0.30,-0.05,72
POS,0.13,-0.30,-0.04,69
POS,0.13,-0.32,-0.02,64
POS,0.12,-0.32,0.00,67
POS,0.11,-0.31,-0.01,70
POS,0.12,-0.33,0.01,72
POS,0.13,-0.36,0.02,75
POS,0.16,-0.38,0.01,72
POS,0.15,-0.37,0.01,68
POS,0.14,-0.37,0.01,70
POS,0.12,-0.34,0.02,60
POS,0.14,-0.34,0.03,65
POS,0.15,-0.35,0.03,64
POS,0.17,-0.35,0.02,67
POS,0.17,-0.36,0.05,73
POS,0.17,-0.37,0.04,71
POS,0.15,-0.36,0.05,63
POS,0.16,-0.36,0.05,64
POS,0.13,-0.33,0.03,70
POS,0.14,-0.33,-0.00,74
POS,0.14,-0.34,0.00,66
POS,0.13,-0.34,0.02,68
POS,0.15,-0.36,0.04,72
POS,0.15,-0.36,0.01,73
POS,0.16,-0.37,0.02,69
POS,0.16,-0.36,0.01,67
POS,0.14,-0.35,0.03,66
POS,0.15,-0.35,-0.02,79
POS,0.15,-0.35,-0.01,68
POS,0.15,-0.36,0.02,69
POS,0.15,-0.36,0.01,71
POS,0.14,-0.34,-0.02,79
POS,0.14,-0.35,-0.00,67
POS,0.14,-0.34,-0.02,69
POS,0.13,-0.32,-0.00,60
POS,0.14,-0.33,0.01,64
POS,0.14,-0.33,0.02,63
POS,0.12,-0.32,-0.01,80
POS,0.11,-0.31,-0.00,64
POS,0.12,-0.33,0.02,70
POS,0.12,-0.32,-0.00,73
POS,0.11,-0.32,0.01,64
POS,0.11,-0.31,-0.01,74
POS,0.11,-0.31,-0.01,65
POS,0.11,-0.33,-0.01,71
POS,0.10,-0.32,-0.01,69
POS,0.11,-0.34,0.01,68
POS,0.13,-0.34,0.01,66
POS,0.12,-0.34,0.01,65
POS,0.14,-0.36,0.03,73
POS,0.13,-0.34,-0.01,80
POS,0.12,-0.33,0.03,68
POS,0.13,-0.33,-0.00,74
POS,0.13,-0.33,0.01,66
POS,0.11,-0.32,-0.02,79
POS,0.10,-0.30,-0.04,82
POS,0.10,-0.30,-0.04,69
POS,0.11,-0.32,-0.04,73
POS,0.11,-0.31,-0.01,64
POS,0.10,-0.31,0.00,63
POS,0.12,-0.33,0.00,71
POS,0.13,-0.36,0.02,75
POS,0.12,-0.33,-0.01,76
POS,0.13,-0.34,-0.00,70
POS,0.13,-0.36,0.00,70
POS,0.11,-0.34,0.02,68
POS,0.12,-0.34,0.01,71
POS,0.13,-0.34,-0.02,76
POS,0.11,-0.33,0.00,66
POS,0.12,-0.34,0.01,65
POS,0.11,-0.33,-0.00,70
POS,0.10,-0.33,0.01,67
POS,0.10,-0.33,-0.01,73
POS,0.10,-0.32,0.02,60
POS,0.10,-0.31,0.00,74
POS,0.10,-0.29,-0.02,79
POS,0.11,-0.30,-0.02,66
POS,0.12,-0.32,0.00,67
POS,0.11,-0.31,-0.03,82
POS,0.12,-0.32,-0.03,74
POS,0.10,-0.30,-0.02,63
POS,0.12,-0.33,-0.02,74
POS,0.10,-0.31,-0.01,65
POS,0.11,-0.32,-0.01,68
POS,0.11,-0.32,-0.01,66
POS,0.12,-0.34,0.02,71
POS,0.11,-0.32,0.00,71
POS,0.10,-0.31,0.01,60
POS,0.10,-0.29,-0.01,76
POS,0.10,-0.30,-0.03,76
POS,0.10,-0.30,-0.02,63
POS,0.10,-0.31,-0.03,75
POS,0.10,-0.31,-0.01,64
POS,0.11,-0.32,0.00,66
POS,0.13,-0.34,-0.00,69
POS,0.12,-0.31,-0.02,74
POS,0.11,-0.31,-0.01,63
POS,0.11,-0.29,-0.03,79
POS,0.10,-0.30,-0.02,69
POS,0.10,-0.31,-0.01,66
POS,0.12,-0.33,0.01,67
POS,0.13,-0.31,-0.03,78
POS,0.14,-0.32,-0.02,65
POS,0.13,-0.34,-0.00,72
POS,0.12,-0.32,-0.01,68
POS,0.13,-0.32,0.01,59
POS,0.13,-0.32,0.03,60
POS,0.15,-0.33,-0.00,72
POS,0.15,-0.33,0.02,58
POS,0.18,-0.35,0.02,70
POS,0.15,-0.35,0.02,70
POS,0.14,-0.34,0.02,64
POS,0.16,-0.35,-0.02,78
POS,0.14,-0.33,-0.00,62
POS,0.13,-0.31,-0.00,61
POS,0.13,-0.33,0.02,71
POS,0.12,-0.32,0.01,68
POS,0.12,-0.34,0.01,69
POS,0.14,-0.35,0.02,69
POS,0.14,-0.35,0.01,67
POS,0.14,-0.36,0.04,72
POS,0.13,-0.35,0.01,75
POS,0.13,-0.33,-0.00,70
POS,0.13,-0.35,-0.01,72
POS,0.13,-0.35,-0.01,70
POS,0.13,-0.35,0.01,65
POS,0.13,-0.35,-0.00,72
POS,0.12,-0.35,-0.02,78
POS,0.11,-0.33,-0.03,76
POS,0.10,-0.31,-0.04,73
POS,0.10,-0.32,-0.00,70
POS,0.10,-0.31,-0.01,70
POS,0.10,-0.31,-0.01,64
POS,0.11,-0.31,0.01,58
POS,0.10,-0.33,0.03,72
POS,0.14,-0.34,0.05,67
POS,0.13,-0.34,0.01,76
POS,0.13,-0.34,0.02,68
POS,0.13,-0.34,-0.00,72
POS,0.12,-0.33,-0.00,65
POS,0.10,-0.31,0.01,70
POS,0.12,-0.33,-0.01,72
POS,0.11,-0.31,-0.00,61
POS,0.15,-0.34,-0.01,70
POS,0.14,-0.34,-0.00,70
POS,0.12,-0.32,-0.02,72
POS,0.14,-0.33,-0.02,71
POS,0.15,-0.35,0.00,72
POS,0.13,-0.34,0.01,64
POS,0.12,-0.34,0.01,68
POS,0.13,-0.34,-0.00,71
POS,0.12,-0.35,0.00,70
POS,0.12,-0.35,-0.01,71
POS,0.11,-0.34,-0.03,80
POS,0.12,-0.34,0.01,71
POS,0.13,-0.36,0.01,74
POS,0.11,-0.33,0.02,61
POS,0.12,-0.35,0.01,74
POS,0.12,-0.34,-0.01,73
POS,0.12,-0.33,-0.00,63
POS,0.12,-0.34,-0.00,69
POS,0.11,-0.33,-0.00,67
POS,0.11,-0.32,-0.02,72
POS,0.12,-0.33,-0.02,71
POS,0.12,-0.33,-0.01,64
POS,0.12,-0.34,-0.01,72
POS,0.11,-0.32,-0.03,74
POS,0.13,-0.33,-0.02,65
POS,0.14,-0.33,0.01,64
POS,0.13,-0.33,0.02,58
POS,0.11,-0.31,-0.01,79
POS,0.11,-0.32,-0.01,71
POS,0.12,-0.34,-0.00,70
POS,0.14,-0.36,0.01,73
POS,0.12,-0.34,0.01,67
POS,0.14,-0.36,0.00,72
POS,0.15,-0.37,-0.00,72
POS,0.14,-0.36,-0.01,75
POS,0.14,-0.36,0.00,66
POS,0.14,-0.37,0.01,70
POS,0.13,-0.35,-0.01,72
POS,0.13,-0.34,-0.01,64
POS,0.14,-0.34,-0.00,63
POS,0.14,-0.34,-0.01,72
POS,0.12,-0.33,-0.02,73
POS,0.12,-0.31,-0.04,75
POS,0.10,-0.29,-0.02,64
POS,0.13,-0.33,-0.03,73
POS,0.14,-0.32,-0.04,74
POS,0.13,-0.33,-0.01,70
POS,0.14,-0.34,-0.01,66
POS,0.15,-0.36,-0.00,71
POS,0.15,-0.36,-0.00,70
POS,0.13,-0.35,0.00,67
POS,0.12,-0.33,0.02,65
POS,0.10,-0.31,0.02,61
POS,0.10,-0.30,0.00,73
POS,0.11,-0.31,-0.01,70
POS,0.11,-0.31,0.00,63
POS,0.10,-0.31,0.00,66
POS,0.10,-0.29,0.03,57
POS,0.12,-0.31,0.00,73
POS,0.11,-0.30,-0.02,78
POS,0.12,-0.32,-0.02,72
POS,0.10,-0.30,-0.02,66
POS,0.10,-0.29,-0.01,59
POS,0.11,-0.31,-0.00,67
POS,0.11,-0.33,-0.00,71
POS,0.10,-0.32,-0.00,68
POS,0.12,-0.34,-0.00,73
POS,0.11,-0.34,0.02,67
POS,0.12,-0.33,0.03,59
POS,0.11,-0.32,0.00,73
POS,0.13,-0.33,0.00,69
POS,0.13,-0.34,0.01,68
POS,0.12,-0.34,0.00,68
POS,0.11,-0.34,-0.00,70
POS,0.11,-0.33,-0.00,67
POS,0.11,-0.33,0.01,63
POS,0.10,-0.32,0.00,68
POS,0.12,-0.32,-0.01,70
POS,0.12,-0.32,-0.00,63
POS,0.12,-0.32,0.01,62
POS,0.13,-0.33,0.02,66
POS,0.13,-0.33,0.00,75
POS,0.14,-0.35,0.03,71
POS,0.15,-0.36,0.02,72
POS,0.13,-0.34,0.01,67
POS,0.15,-0.36,0.01,71
POS,0.14,-0.36,0.01,68
POS,0.13,-0.33,-0.02,80
POS,0.11,-0.31,-0.03,75
POS,0.12,-0.32,0.01,68
POS,0.11,-0.30,0.00,69
POS,0.12,-0.32,0.03,70
POS,0.12,-0.34,0.04,74
POS,0.12,-0.34,0.03,68
POS,0.13,-0.33,0.03,55
POS,0.12,-0.32,0.02,67
POS,0.10,-0.29,-0.01,83
POS,0.10,-0.30,-0.01,68
POS,0.11,-0.30,0.00,60
POS,0.12,-0.29,0.00,54
POS,0.12,-0.30,0.01,63
POS,0.12,-0.29,-0.02,77
POS,0.10,-0.29,-0.02,71
POS,0.10,-0.29,-0.01,65
POS,0.12,-0.31,-0.02,71
POS,0.12,-0.32,-0.02,70
POS,0.11,-0.31,-0.02,66
POS,0.11,-0.30,-0.03,71
POS,0.13,-0.33,-0.02,69
POS,0.13,-0.33,-0.01,67
POS,0.12,-0.34,-0.00,68
POS,0.12,-0.33,0.02,62
POS,0.13,-0.34,0.02,69
POS,0.12,-0.34,0.02,65
POS,0.10,-0.32,-0.01,78
POS,0.11,-0.33,0.00,65
POS,0.10,-0.33,0.03,71
POS,0.12,-0.35,0.02,71
POS,0.12,-0.36,0.02,68
POS,0.11,-0.36,0.02,69
POS,0.10,-0.33,0.03,61
POS,0.09,-0.32,0.02,69
POS,0.13,-0.35,0.02,69
POS,0.11,-0.33,0.01,71
POS,0.10,-0.32,0.02,64
POS,0.10,-0.32,0.02,67
POS,0.11,-0.33,-0.01,73
POS,0.09,-0.31,-0.01,72
POS,0.08,-0.33,0.01,73
POS,0.10,-0.33,-0.00,72
POS,0.10,-0.33,-0.01,73
POS,0.11,-0.34,-0.01,71
POS,0.13,-0.35,-0.02,72
POS,0.11,-0.31,-0.03,76
POS,0.12,-0.33,-0.01,69
POS,0.11,-0.31,0.00,57
POS,0.11,-0.31,0.00,62
POS,0.11,-0.29,-0.01,69
POS,0.11,-0.30,0.00,63
POS,0.12,-0.30,0.03,63
POS,0.13,-0.31,-0.00,76
POS,0.10,-0.30,-0.00,69
POS,0.11,-0.30,-0.00,61
POS,0.12,-0.32,0.01,72
POS,0.12,-0.31,-0.01,73
POS,0.14,-0.34,-0.01,73
POS,0.13,-0.33,-0.03,76
POS,0.11,-0.33,-0.00,66
POS,0.11,-0.32,0.01,62
POS,0.12,-0.32,0.03,56
POS,0.14,-0.33,-0.01,75
POS,0.15,-0.34,0.01,71
POS,0.14,-0.34,0.00,70
POS,0.14,-0.34,0.02,65
POS,0.15,-0.35,0.03,69
POS,0.16,-0.36,0.02,71
POS,0.16,-0.37,0.02,71
POS,0.15,-0.37,0.02,69
POS,0.15,-0.37,0.00,73
POS,0.15,-0.36,0.03,67
POS,0.16,-0.36,0.04,66
POS,0.14,-0.35,0.05,68
POS,0.13,-0.35,0.02,76
POS,0.15,-0.36,0.05,70
POS,0.15,-0.35,0.03,67
POS,0.13,-0.32,0.00,77
POS,0.12,-0.30,-0.02,77
POS,0.12,-0.30,-0.03,72
POS,0.13,-0.33,-0.02,74
POS,0.14,-0.35,-0.01,70
POS,0.13,-0.34,-0.01,68
POS,0.12,-0.34,0.01,64
POS,0.11,-0.33,0.00,69
POS,0.11,-0.33,-0.01,73
POS,0.09,-0.32,0.01,66
POS,0.09,-0.33,0.01,69
POS,0.11,-0.35,0.02,73
POS,0.11,-0.35,-0.01,75
POS,0.11,-0.34,-0.01,69
POS,0.10,-0.33,-0.02,71
POS,0.10,-0.33,-0.02,72
POS,0.09,-0.31,-0.03,72
POS,0.09,-0.32,-0.01,67
POS,0.12,-0.34,0.02,72
POS,0.13,-0.35,0.00,73
POS,0.12,-0.35,-0.00,71
POS,0.12,-0.34,-0.03,78
POS,0.11,-0.33,0.01,68
POS,0.10,-0.33,-0.01,74
POS,0.10,-0.31,-0.02,77
POS,0.09,-0.31,-0.02,69
POS,0.10,-0.32,-0.01,64
POS,0.09,-0.31,-0.00,65
POS,0.08,-0.29,-0.01,72
POS,0.11,-0.32,-0.02,71
POS,0.12,-0.34,-0.00,73
POS,0.11,-0.33,0.01,67
POS,0.10,-0.33,0.00,71
POS,0.10,-0.32,0.00,64
POS,0.11,-0.32,0.01,61
POS,0.12,-0.33,-0.00,72
POS,0.10,-0.32,0.02,69
POS,0.09,-0.29,0.02,61
POS,0.09,-0.29,0.00,69
POS,0.12,-0.31,0.01,69
POS,0.11,-0.31,-0.01,74
POS,0.11,-0.31,-0.01,70
POS,0.12,-0.33,-0.00,70
POS,0.10,-0.32,0.01,65
POS,0.10,-0.32,0.00,69
POS,0.11,-0.32,-0.01,72
POS,0.11,-0.32,-0.02,74
POS,0.11,-0.34,-0.01,71
POS,0.11,-0.34,-0.00,66
POS,0.11,-0.33,-0.01,69
POS,0.10,-0.31,0.01,59
POS,0.12,-0.31,-0.04,80
POS,0.14,-0.34,-0.04,74
POS,0.13,-0.33,-0.04,67
POS,0.12,-0.33,-0.03,69
POS,0.12,-0.34,-0.02,69
POS,0.11,-0.32,-0.03,74
POS,0.12,-0.31,-0.05,76
POS,0.11,-0.30,-0.03,61
POS,0.11,-0.31,-0.01,64
POS,0.10,-0.31,-0.00,66
POS,0.10,-0.31,-0.01,70
POS,0.11,-0.33,-0.00,71
POS,0.12,-0.34,-0.03,76
POS,0.12,-0.33,-0.04,77
POS,0.11,-0.33,-0.04,71
POS,0.13,-0.33,-0.01,64
POS,0.12,-0.33,-0.01,62
POS,0.14,-0.34,0.03,72
POS,0.12,-0.32,0.01,74
POS,0.13,-0.32,0.01,60
POS,0.13,-0.33,0.02,65
POS,0.12,-0.33,0.03,66
POS,0.12,-0.32,0.05,59
POS,0.12,-0.33,0.06,69
POS,0.13,-0.33,0.06,63
POS,0.13,-0.32,0.02,77
POS,0.13,-0.34,0.03,72
POS,0.14,-0.35,0.00,74
POS,0.14,-0.35,-0.02,75
POS,0.14,-0.34,-0.01,57
POS,0.16,-0.35,0.02,68
POS,0.16,-0.34,-0.00,70
POS,0.14,-0.33,0.00,65
POS,0.13,-0.34,0.02,71
POS,0.14,-0.35,0.01,71
POS,0.14,-0.36,0.02,70
POS,0.12,-0.34,0.01,72
POS,0.12,-0.34,0.01,70
POS,0.11,-0.33,0.00,67
POS,0.10,-0.32,-0.02,78
POS,0.11,-0.34,-0.02,71
POS,0.11,-0.34,-0.02,72
POS,0.10,-0.32,-0.03,74
POS,0.09,-0.31,-0.01,63
POS,0.10,-0.32,-0.01,72
POS,0.11,-0.32,-0.03,73
POS,0.11,-0.34,-0.03,76
POS,0.13,-0.34,-0.02,59
POS,0.11,-0.31,-0.01,60
POS,0.11,-0.31,-0.02,70
POS,0.11,-0.30,-0.02,71
POS,0.11,-0.31,-0.01,67
POS,0.09,-0.33,-0.00,73
POS,0.09,-0.31,0.00,62
POS,0.10,-0.32,0.02,68
POS,0.08,-0.30,0.00,75
POS,0.10,-0.30,-0.02,71
POS,0.11,-0.31,-0.01,59
POS,0.10,-0.29,-0.03,82
POS,0.10,-0.30,-0.04,75
POS,0.10,-0.31,-0.04,72
POS,0.09,-0.31,-0.01,68
POS,0.09,-0.31,-0.01,67
POS,0.11,-0.33,-0.01,72
POS,0.11,-0.33,-0.01,70
POS,0.11,-0.34,-0.02,73
POS,0.13,-0.35,0.01,67
POS,0.14,-0.36,0.01,68
POS,0.12,-0.33,-0.00,72
POS,0.11,-0.31,0.01,57
POS,0.13,-0.27,-0.07,85
POS,0.12,-0.28,-0.05,65
POS,0.14,-0.28,-0.07,74
POS,0.13,-0.29,-0.07,75
POS,0.13,-0.30,-0.06,71
POS,0.11,-0.29,-0.05,70
POS,0.12,-0.30,-0.05,70
POS,0.12,-0.31,-0.04,70
POS,0.13,-0.31,-0.04,70
POS,0.13,-0.32,-0.03,63
POS,0.12,-0.32,-0.01,65
POS,0.13,-0.32,-0.03,73
POS,0.13,-0.33,-0.02,67
POS,0.12,-0.31,-0.01,63
POS,0.11,-0.33,0.01,73
POS,0.12,-0.34,0.01,68
POS,0.10,-0.32,0.02,63
POS,0.11,-0.32,0.01,68
POS,0.11,-0.33,0.00,70
POS,0.11,-0.33,0.00,69
POS,0.11,-0.34,0.00,67
POS,0.11,-0.35,0.02,70
POS,0.12,-0.35,0.01,69
POS,0.10,-0.33,0.00,72
POS,0.11,-0.34,0.01,63
POS,0.12,-0.32,-0.02,77
POS,0.10,-0.32,-0.02,69
POS,0.10,-0.30,-0.01,63
POS,0.11,-0.31,0.00,60
POS,0.11,-0.30,0.00,63
POS,0.10,-0.30,-0.01,71
POS,0.10,-0.29,-0.02,71
POS,0.11,-0.29,-0.04,76
POS,0.11,-0.29,-0.07,81
POS,0.10,-0.28,-0.06,74
POS,0.10,-0.28,-0.04,60
POS,0.11,-0.30,-0.02,64
POS,0.11,-0.30,-0.03,74
POS,0.12,-0.31,0.00,63
POS,0.13,-0.33,-0.01,73
POS,0.11,-0.31,-0.01,70
POS,0.13,-0.33,-0.01,71
POS,0.15,-0.34,0.01,65
POS,0.14,-0.33,0.01,56
POS,0.14,-0.32,0.01,57
POS,0.12,-0.30,0.01,67
POS,0.13,-0.31,0.03,62
POS,0.11,-0.30,0.03,63
POS,0.12,-0.31,-0.01,77
POS,0.15,-0.33,-0.01,68
POS,0.13,-0.32,0.01,60
POS,0.16,-0.34,-0.00,71
POS,0.15,-0.35,0.02,69
POS,0.15,-0.35,0.01,71
POS,0.14,-0.35,0.03,69
POS,0.13,-0.34,0.04,65
POS,0.12,-0.33,0.00,79
POS,0.12,-0.32,0.01,61
POS,0.11,-0.32,0.03,67
POS,0.11,-0.32,0.04,62
POS,0.13,-0.33,0.04,60
POS,0.12,-0.31,-0.01,83
POS,0.13,-0.33,0.02,71
POS,0.13,-0.34,0.01,70
POS,0.13,-0.33,0.02,61
POS,0.13,-0.32,0.00,67
POS,0.11,-0.32,-0.00,72
POS,0.09,-0.30,-0.01,71
POS,0.10,-0.32,-0.01,73
POS,0.11,-0.33,-0.01,70
POS,0.11,-0.33,-0.01,66
POS,0.11,-0.32,-0.01,68
POS,0.10,-0.31,-0.02,71
POS,0.13,-0.34,-0.02,71
POS,0.13,-0.34,-0.00,64
POS,0.13,-0.35,0.01,71
POS,0.15,-0.36,0.04,70
POS,0.14,-0.30,-0.03,87
POS,0.14,-0.31,-0.03,69
POS,0.13,-0.29,-0.00,57
POS,0.13,-0.31,0.01,65
POS,0.13,-0.32,0.02,69
POS,0.12,-0.31,0.01,69
POS,0.12,-0.31,-0.01,73
POS,0.13,-0.32,0.00,64
POS,0.11,-0.30,0.00,66
POS,0.12,-0.33,0.01,73
POS,0.13,-0.31,0.02,49
POS,0.11,-0.31,0.02,71
POS,0.10,-0.31,0.02,63
POS,0.10,-0.31,0.00,73
POS,0.10,-0.31,0.01,64
POS,0.09,-0.31,0.00,68
POS,0.10,-0.31,0.00,64
POS,0.11,-0.32,-0.01,72
POS,0.10,-0.32,-0.01,69
POS,0.10,-0.33,0.02,68
POS,0.10,-0.33,0.02,70
POS,0.09,-0.33,-0.00,75
POS,0.11,-0.31,-0.03,79
POS,0.12,-0.33,-0.02,69
POS,0.13,-0.35,-0.02,75
POS,0.13,-0.36,-0.01,66
POS,0.13,-0.36,0.01,71
POS,0.12,-0.35,-0.01,74
POS,0.11,-0.33,0.01,64
POS,0.12,-0.33,-0.02,78
POS,0.12,-0.32,-0.01,61
POS,0.12,-0.32,-0.02,72
POS,0.12,-0.33,-0.00,67
POS,0.14,-0.35,0.02,71
POS,0.13,-0.31,-0.02,85
POS,0.14,-0.32,0.00,63
POS,0.14,-0.31,-0.02,73
POS,0.15,-0.33,-0.01,67
POS,0.14,-0.32,-0.00,62
POS,0.15,-0.33,0.02,64
POS,0.13,-0.32,0.02,65
POS,0.13,-0.34,0.03,72
POS,0.13,-0.31,-0.01,83
POS,0.12,-0.31,-0.01,63
POS,0.12,-0.32,0.01,65
POS,0.16,-0.35,0.02,69
POS,0.15,-0.34,0.01,70
POS,0.12,-0.33,0.01,69
POS,0.12,-0.32,-0.01,76
POS,0.11,-0.29,-0.04,84
POS,0.12,-0.31,-0.05,72
POS,0.12,-0.31,-0.02,62
POS,0.12,-0.31,-0.02,59
POS,0.11,-0.30,-0.01,65
POS,0.11,-0.31,-0.00,66
POS,0.11,-0.30,-0.00,61
POS,0.11,-0.29,-0.00,64
POS,0.12,-0.31,0.00,65
POS,0.10,-0.30,0.01,65
POS,0.09,-0.31,0.03,72
POS,0.11,-0.31,-0.02,79
POS,0.09,-0.29,-0.02,75
POS,0.11,-0.31,-0.01,65
POS,0.10,-0.32,0.01,71
POS,0.11,-0.33,0.00,69
POS,0.11,-0.33,-0.01,73
POS,0.11,-0.33,-0.01,73
POS,0.13,-0.35,0.01,73
POS,0.12,-0.35,0.01,69
POS,0.11,-0.32,-0.01,76
POS,0.10,-0.31,-0.02,72
POS,0.09,-0.30,-0.01,63
POS,0.10,-0.30,0.01,64
POS,0.12,-0.31,-0.02,72
POS,0.16,-0.32,-0.03,69
POS,0.15,-0.31,-0.04,72
POS,0.15,-0.32,-0.03,62
POS,0.14,-0.33,-0.02,70
POS,0.13,-0.31,-0.02,65
POS,0.11,-0.30,0.00,60
POS,0.12,-0.31,0.01,64
POS,0.10,-0.30,-0.01,77
POS,0.11,-0.31,-0.02,68
POS,0.11,-0.30,-0.02,66
POS,0.11,-0.30,-0.01,64
POS,0.12,-0.31,0.02,64
POS,0.13,-0.32,-0.01,76
POS,0.13,-0.31,-0.01,64
POS,0.14,-0.33,0.00,70
POS,0.14,-0.32,-0.01,69
POS,0.13,-0.34,0.01,74
POS,0.12,-0.32,-0.01,72
POS,0.11,-0.31,0.00,61
POS,0.12,-0.31,0.01,59
POS,0.12,-0.32,0.04,72
POS,0.11,-0.32,0.00,78
POS,0.11,-0.33,0.00,71
POS,0.11,-0.34,0.03,71
POS,0.12,-0.33,0.05,54
POS,0.15,-0.29,-0.05,85
POS,0.14,-0.29,-0.06,77
POS,0.14,-0.30,-0.04,65
POS,0.13,-0.30,-0.02,62
POS,0.11,-0.29,-0.02,63
POS,0.13,-0.32,0.01,72
POS,0.11,-0.32,0.01,67
POS,0.10,-0.31,0.01,65
POS,0.11,-0.31,-0.02,75
POS,0.09,-0.29,-0.00,64
POS,0.11,-0.31,-0.00,68
POS,0.10,-0.31,-0.02,78
POS,0.10,-0.31,-0.03,70
POS,0.09,-0.29,-0.03,70
POS,0.10,-0.31,-0.02,70
POS,0.11,-0.31,-0.02,64
POS,0.12,-0.31,-0.04,78
POS,0.10,-0.30,-0.06,81
POS,0.14,-0.32,-0.07,70
POS,0.16,-0.32,-0.08,74
POS,0.13,-0.31,-0.06,66
POS,0.15,-0.33,-0.05,70
POS,0.16,-0.34,-0.01,70
POS,0.15,-0.33,-0.02,71
POS,0.15,-0.34,-0.03,74
POS,0.14,-0.33,-0.03,69
POS,0.16,-0.35,-0.02,68
POS,0.15,-0.35,-0.01,66
POS,0.13,-0.32,-0.02,71
POS,0.13,-0.30,-0.05,84
POS,0.14,-0.32,-0.04,70
POS,0.14,-0.32,-0.03,65
POS,0.15,-0.35,-0.01,72
POS,0.15,-0.34,-0.03,73
POS,0.14,-0.33,-0.03,68
POS,0.13,-0.32,-0.02,62
POS,0.13,-0.32,-0.01,64
POS,0.11,-0.31,-0.02,73
POS,0.12,-0.32,-0.01,66
POS,0.14,-0.34,0.00,71
POS,0.13,-0.33,-0.03,81
POS,0.13,-0.32,-0.03,71
POS,0.13,-0.33,-0.02,68
POS,0.13,-0.34,-0.01,65
POS,0.11,-0.32,-0.01,69
POS,0.12,-0.33,-0.02,70
POS,0.13,-0.33,-0.04,77
POS,0.14,-0.34,-0.03,70
POS,0.12,-0.32,-0.03,70
POS,0.12,-0.32,-0.02,64
POS,0.12,-0.32,-0.01,61
POS,0.12,-0.33,0.00,67
POS,0.11,-0.31,-0.02,79
POS,0.11,-0.30,-0.01,60
POS,0.10,-0.31,0.00,69
POS,0.09,-0.29,-0.01,74
POS,0.09,-0.30,0.00,68
POS,0.10,-0.32,-0.01,73
POS,0.11,-0.32,-0.01,65
POS,0.09,-0.30,0.01,66
POS,0.12,-0.30,-0.02,73
POS,0.11,-0.30,-0.03,75
POS,0.12,-0.31,-0.03,67
POS,0.11,-0.31,-0.02,66
POS,0.12,-0.32,-0.01,64
POS,0.12,-0.32,0.00,64
POS,0.13,-0.32,-0.02,73
POS,0.12,-0.30,-0.04,80
POS,0.12,-0.30,-0.04,67
POS,0.11,-0.30,-0.04,72
POS,0.11,-0.31,-0.03,65
POS,0.11,-0.31,-0.03,68
POS,0.11,-0.31,-0.02,63
POS,0.12,-0.31,-0.01,64
POS,0.11,-0.30,-0.02,68
POS,0.11,-0.30,-0.02,69
POS,0.10,-0.31,-0.00,67
POS,0.12,-0.32,-0.01,71
POS,0.12,-0.31,0.01,58
POS,0.10,-0.31,-0.01,76
POS,0.10,-0.31,-0.02,71
POS,0.10,-0.30,-0.01,62
POS,0.10,-0.31,-0.01,69
POS,0.11,-0.30,-0.04,82
POS,0.11,-0.33,-0.03,73
POS,0.11,-0.35,-0.02,75
POS,0.11,-0.35,-0.00,68
POS,0.10,-0.34,0.00,67
POS,0.10,-0.32,0.03,59
POS,0.10,-0.31,-0.00,76
POS,0.10,-0.32,0.00,69
POS,0.09,-0.31,0.02,63
POS,0.08,-0.27,-0.03,90
POS,0.10,-0.28,-0.04,71
POS,0.10,-0.30,-0.03,69
POS,0.09,-0.30,-0.03,74
POS,0.10,-0.29,-0.07,86
POS,0.12,-0.32,-0.05,75
POS,0.11,-0.33,-0.04,71
POS,0.11,-0.33,-0.03,69
POS,0.09,-0.31,-0.01,68
POS,0.11,-0.28,-0.09,89
POS,0.13,-0.30,-0.05,65
POS,0.13,-0.31,-0.03,60
POS,0.13,-0.31,-0.01,59
POS,0.13,-0.33,-0.02,76
POS,0.13,-0.33,-0.03,72
POS,0.14,-0.34,-0.04,74
POS,0.14,-0.34,-0.02,62
POS,0.14,-0.34,-0.01,64
POS,0.14,-0.33,0.00,59
POS,0.14,-0.35,-0.00,73
POS,0.16,-0.37,0.00,73
POS,0.15,-0.36,0.00,65
POS,0.14,-0.33,-0.01,73
POS,0.14,-0.33,-0.00,64
POS,0.13,-0.32,-0.00,64
POS,0.13,-0.30,-0.01,65
POS,0.11,-0.30,-0.01,68
POS,0.11,-0.29,-0.00,59
POS,0.10,-0.29,-0.01,69
POS,0.10,-0.30,-0.00,68
POS,0.11,-0.32,-0.01,75
POS,0.10,-0.30,-0.01,61
POS,0.11,-0.32,-0.01,68
POS,0.13,-0.34,0.01,72
POS,0.12,-0.34,0.03,66
POS,0.12,-0.32,0.01,69
POS,0.14,-0.35,0.02,73
POS,0.16,-0.36,0.06,71
POS,0.15,-0.34,0.03,70
POS,0.14,-0.33,0.04,57
POS,0.14,-0.34,0.00,76
POS,0.14,-0.34,0.01,65
POS,0.13,-0.32,0.01,62
POS,0.12,-0.31,-0.00,66
POS,0.11,-0.31,0.01,66
POS,0.10,-0.31,0.01,65
POS,0.10,-0.30,0.02,57
POS,0.11,-0.32,-0.00,74
POS,0.11,-0.31,-0.00,65
POS,0.11,-0.31,-0.01,70
POS,0.11,-0.30,-0.00,60
POS,0.11,-0.31,-0.00,66
POS,0.11,-0.31,0.01,66
POS,0.10,-0.29,-0.02,81
POS,0.09,-0.29,-0.01,60
POS,0.10,-0.31,-0.01,72
POS,0.09,-0.30,0.00,64
POS,0.10,-0.31,-0.01,72
POS,0.09,-0.28,-0.02,74
POS,0.09,-0.28,-0.02,69
POS,0.10,-0.29,-0.02,65
POS,0.10,-0.30,0.00,67
POS,0.11,-0.32,-0.01,77
POS,0.10,-0.31,-0.01,65
POS,0.10,-0.31,-0.00,67
POS,0.11,-0.34,0.02,76
POS,0.10,-0.32,0.02,62
POS,0.09,-0.31,0.04,61
POS,0.10,-0.29,0.01,76
POS,0.10,-0.29,0.02,56
POS,0.10,-0.30,0.01,74
POS,0.12,-0.32,-0.02,76
POS,0.10,-0.29,-0.02,69
POS,0.12,-0.31,-0.02,70
POS,0.12,-0.34,-0.02,74
POS,0.11,-0.34,-0.02,72
POS,0.12,-0.33,-0.01,60
POS,0.11,-0.32,-0.01,68
POS,0.10,-0.31,0.00,62
POS,0.10,-0.31,0.00,67
POS,0.11,-0.32,0.01,65
POS,0.11,-0.32,-0.01,75
POS,0.09,-0.31,-0.01,70
POS,0.09,-0.31,-0.01,69
POS,0.11,-0.33,-0.00,72
POS,0.10,-0.32,0.01,64
POS,0.10,-0.33,0.00,68
POS,0.11,-0.34,-0.01,77
POS,0.11,-0.34,0.01,66
POS,0.13,-0.36,0.02,72
POS,0.22,-0.40,0.03,89
POS,0.20,-0.39,0.02,70
POS,0.18,-0.38,0.01,72
POS,0.16,-0.35,-0.01,74
POS,0.15,-0.34,-0.01,66
POS,0.17,-0.36,0.00,69
POS,0.15,-0.34,-0.01,68
POS,0.14,-0.32,-0.01,66
POS,0.13,-0.33,0.00,68
POS,0.14,-0.34,-0.01,73
POS,0.12,-0.33,-0.01,71
POS,0.10,-0.32,-0.01,67
POS,0.11,-0.32,-0.01,69
POS,0.10,-0.31,-0.02,71
POS,0.10,-0.32,-0.00,68
POS,0.11,-0.33,0.00,64
POS,0.13,-0.33,-0.00,68
POS,0.12,-0.33,-0.00,66
POS,0.12,-0.34,0.02,69
POS,0.12,-0.34,0.03,65
POS,0.12,-0.33,-0.01,79
POS,0.11,-0.32,-0.03,76
POS,0.11,-0.29,-0.03,66
POS,0.12,-0.32,-0.02,72
POS,0.13,-0.33,-0.01,70
POS,0.11,-0.33,-0.02,73
POS,0.11,-0.32,-0.01,59
POS,0.11,-0.32,-0.02,73
POS,0.10,-0.31,0.01,64
POS,0.11,-0.33,0.00,74
POS,0.12,-0.34,0.03,70
POS,0.12,-0.31,-0.01,84
POS,0.12,-0.32,-0.03,75
POS,0.11,-0.32,-0.01,68
POS,0.09,-0.31,0.02,66
POS,0.13,-0.34,0.02,72
POS,0.14,-0.35,-0.01,74
POS,0.12,-0.34,0.01,65
POS,0.13,-0.35,0.00,71
POS,0.11,-0.33,-0.01,75
POS,0.11,-0.35,-0.01,77
POS,0.09,-0.33,-0.00,66
POS,0.11,-0.33,-0.00,64
POS,0.10,-0.33,0.02,68
POS,0.11,-0.33,-0.00,71
POS,0.11,-0.34,0.02,71
POS,0.12,-0.33,0.01,67
POS,0.12,-0.33,-0.00,71
POS,0.13,-0.33,0.01,56
POS,0.12,-0.32,-0.00,71
POS,0.14,-0.33,-0.02,71
POS,0.14,-0.35,0.01,72
POS,0.14,-0.33,-0.01,69
POS,0.16,-0.35,-0.01,72
POS,0.15,-0.36,-0.01,69
POS,0.14,-0.34,0.01,58
POS,0.13,-0.33,-0.00,72
POS,0.13,-0.33,-0.02,70
POS,0.14,-0.34,-0.01,69
POS,0.12,-0.31,0.02,63
POS,0.13,-0.32,0.01,72
POS,0.13,-0.34,0.02,69
POS,0.11,-0.33,0.00,74
POS,0.13,-0.35,0.01,72
POS,0.12,-0.34,0.01,64
POS,0.11,-0.33,0.00,70
POS,0.10,-0.33,0.00,71
POS,0.12,-0.36,0.01,75
POS,0.11,-0.35,0.02,63
POS,0.12,-0.35,0.02,64
POS,0.13,-0.36,0.02,68
POS,0.14,-0.35,-0.02,81
POS,0.13,-0.33,-0.03,70
POS,0.12,-0.34,-0.01,71
POS,0.14,-0.35,0.02,71
POS,0.14,-0.35,0.04,67
POS,0.13,-0.33,0.03,57
POS,0.13,-0.34,0.03,71
POS,0.12,-0.34,0.00,76
POS,0.15,-0.36,0.02,70
POS,0.16,-0.37,0.04,72
POS,0.15,-0.35,-0.00,80
POS,0.14,-0.33,0.04,65
POS,0.12,-0.31,0.00,81
POS,0.15,-0.33,-0.00,70
POS,0.14,-0.32,-0.00,64
POS,0.13,-0.32,-0.01,67
POS,0.12,-0.31,-0.00,61
POS,0.12,-0.32,0.01,68
POS,0.10,-0.31,0.00,71
POS,0.10,-0.32,-0.02,75
POS,0.09,-0.32,0.00,68
POS,0.11,-0.33,-0.01,72
POS,0.11,-0.33,-0.00,66
POS,0.12,-0.34,-0.00,68
POS,0.11,-0.33,0.01,64
POS,0.14,-0.36,0.01,71
POS,0.13,-0.35,0.01,63
POS,0.13,-0.36,-0.01,76
POS,0.12,-0.34,-0.02,75
POS,0.13,-0.36,-0.01,70
POS,0.12,-0.35,0.01,69
POS,0.12,-0.35,0.01,67
POS,0.12,-0.34,0.00,66
POS,0.12,-0.35,0.01,69
POS,0.13,-0.35,-0.01,74
POS,0.13,-0.35,-0.01,67
POS,0.13,-0.35,0.00,65
POS,0.16,-0.37,0.00,69
POS,0.16,-0.37,-0.01,73
POS,0.15,-0.36,-0.01,65
POS,0.14,-0.34,0.01,62
POS,0.12,-0.33,0.02,65
POS,0.13,-0.33,-0.01,76
POS,0.13,-0.34,-0.01,71
POS,0.12,-0.34,-0.00,65
POS,0.15,-0.34,-0.03,74
POS,0.14,-0.35,-0.03,72
POS,0.16,-0.37,-0.01,71
POS,0.16,-0.37,-0.00,70
POS,0.16,-0.36,-0.01,71
POS,0.13,-0.34,0.00,66
POS,0.12,-0.33,0.01,61
POS,0.13,-0.34,0.00,70
POS,0.14,-0.35,-0.01,72
POS,0.15,-0.36,0.02,71
POS,0.15,-0.34,0.02,61
POS,0.14,-0.32,-0.02,77
POS,0.14,-0.32,-0.03,73
POS,0.15,-0.34,-0.02,69
POS,0.12,-0.32,-0.01,67
POS,0.12,-0.32,0.01,61
POS,0.13,-0.33,0.00,73
POS,0.14,-0.34,-0.00,68
POS,0.17,-0.35,-0.01,68
POS,0.19,-0.37,0.01,71
POS,0.18,-0.36,0.01,62
POS,0.16,-0.34,-0.00,70
POS,0.15,-0.33,0.01,60
POS,0.15,-0.34,0.03,68
POS,0.14,-0.34,0.03,66
POS,0.14,-0.34,0.04,62
POS,0.15,-0.35,0.04,65
POS,0.15,-0.33,0.01,74
POS,0.14,-0.32,-0.00,66
POS,0.14,-0.31,-0.01,66
POS,0.15,-0.34,-0.01,72
POS,0.12,-0.32,-0.02,73
POS,0.12,-0.31,-0.01,66
POS,0.11,-0.32,-0.00,68
POS,0.10,-0.31,-0.01,70
POS,0.09,-0.30,-0.01,71
POS,0.09,-0.31,-0.02,73
POS,0.10,-0.32,-0.00,65
POS,0.10,-0.32,-0.01,75
POS,0.09,-0.33,-0.00,69
POS,0.09,-0.31,-0.01,69
POS,0.08,-0.31,-0.02,72
POS,0.10,-0.32,-0.02,72
POS,0.09,-0.31,-0.01,65
POS,0.10,-0.30,0.01,56
POS,0.13,-0.32,-0.03,77
POS,0.14,-0.34,-0.04,74
POS,0.16,-0.36,-0.02,73
POS,0.13,-0.35,-0.00,66
POS,0.10,-0.31,0.00,67
POS,0.13,-0.27,-0.07,84
POS,0.15,-0.30,-0.06,70
POS,0.13,-0.28,-0.05,63
POS,0.15,-0.31,-0.04,69
POS,0.14,-0.31,-0.01,62
POS,0.13,-0.32,0.01,69
POS,0.13,-0.32,-0.00,71
POS,0.15,-0.34,0.01,70
POS,0.14,-0.34,-0.00,71
POS,0.15,-0.35,-0.01,72
POS,0.16,-0.36,-0.00,67
POS,0.16,-0.36,0.03,68
POS,0.15,-0.35,0.02,71
POS,0.14,-0.34,0.01,67
POS,0.14,-0.32,-0.04,83
POS,0.14,-0.32,-0.02,63
POS,0.13,-0.33,-0.02,69
POS,0.14,-0.33,-0.02,68
POS,0.14,-0.35,-0.00,73
POS,0.17,-0.36,0.02,68
POS,0.15,-0.35,0.03,60
POS,0.15,-0.35,0.00,75
POS,0.13,-0.34,0.01,64
POS,0.13,-0.34,0.01,65
POS,0.13,-0.34,0.01,68
POS,0.14,-0.35,0.02,68
POS,0.14,-0.35,0.02,64
POS,0.15,-0.35,0.02,65
POS,0.15,-0.36,0.02,70
POS,0.17,-0.37,0.04,66
POS,0.18,-0.37,0.04,69
POS,0.15,-0.33,-0.00,85
POS,0.15,-0.35,0.01,70
POS,0.13,-0.36,0.02,75
POS,0.13,-0.34,0.02,59
POS,0.13,-0.34,-0.01,75
POS,0.12,-0.33,-0.01,71
POS,0.13,-0.34,-0.01,66
POS,0.12,-0.35,0.01,71
POS,0.12,-0.32,-0.00,71
POS,0.11,-0.33,0.01,68
POS,0.12,-0.32,-0.02,77
POS,0.11,-0.31,-0.03,71
POS,0.11,-0.32,-0.02,66
POS,0.11,-0.32,-0.02,72
POS,0.10,-0.32,-0.03,71
POS,0.10,-0.32,-0.01,69
POS,0.11,-0.34,0.01,71
POS,0.12,-0.34,-0.02,78
POS,0.11,-0.32,-0.03,72
POS,0.10,-0.32,-0.03,70
POS,0.11,-0.33,0.02,71
POS,0.11,-0.33,0.00,75
POS,0.09,-0.31,0.01,65
POS,0.10,-0.30,0.02,58
POS,0.11,-0.33,0.04,73
POS,0.12,-0.31,0.02,69
POS,0.11,-0.32,0.02,66
POS,0.11,-0.32,0.01,71
POS,0.10,-0.30,-0.03,83
POS,0.11,-0.31,-0.03,73
POS,0.11,-0.33,-0.03,75
POS,0.10,-0.32,-0.02,65
POS,0.11,-0.30,-0.06,87
POS,0.10,-0.30,-0.05,68
POS,0.10,-0.32,-0.03,71
POS,0.11,-0.31,-0.05,79
POS,0.10,-0.31,-0.04,71
POS,0.13,-0.34,-0.01,71
POS,0.10,-0.33,0.02,72
POS,0.11,-0.32,0.04,59
POS,0.10,-0.29,0.00,82
POS,0.12,-0.30,-0.00,68
POS,0.11,-0.31,0.01,68
POS,0.15,-0.33,-0.01,70
POS,0.15,-0.34,-0.02,71
POS,0.15,-0.33,0.00,57
POS,0.16,-0.34,0.00,69
POS,0.16,-0.36,-0.00,73
POS,0.19,-0.37,0.01,68
POS,0.16,-0.36,0.02,65
POS,0.16,-0.36,0.01,69
POS,0.15,-0.34,-0.00,71
POS,0.15,-0.35,0.01,70
POS,0.14,-0.34,0.01,63
POS,0.15,-0.37,0.02,75
POS,0.15,-0.35,0.04,60
POS,0.13,-0.34,0.02,69
POS,0.13,-0.34,0.03,60
POS,0.14,-0.28,-0.04,85
POS,0.18,-0.32,-0.03,69
POS,0.16,-0.33,-0.01,65
POS,0.18,-0.35,-0.01,70
POS,0.17,-0.34,0.01,57
POS,0.16,-0.33,-0.00,71
POS,0.15,-0.32,0.01,59
POS,0.17,-0.31,-0.06,88
POS,0.16,-0.29,-0.07,80
POS,0.15,-0.28,-0.05,58
POS,0.16,-0.31,-0.03,70
POS,0.16,-0.31,-0.01,55
POS,0.15,-0.31,0.01,59
POS,0.14,-0.32,0.03,66
POS,0.11,-0.31,0.01,72
POS,0.12,-0.32,0.01,68
POS,0.13,-0.33,0.02,67
POS,0.13,-0.33,0.00,72
POS,0.14,-0.34,0.00,70
POS,0.12,-0.34,-0.00,72
POS,0.14,-0.36,0.01,72
POS,0.13,-0.34,0.00,66
POS,0.13,-0.34,-0.00,68
POS,0.15,-0.34,0.03,68
POS,0.15,-0.34,0.01,70
POS,0.17,-0.34,-0.02,73
POS,0.15,-0.33,-0.03,72
POS,0.15,-0.35,0.00,73
POS,0.15,-0.35,0.01,66
POS,0.16,-0.36,0.01,68
POS,0.16,-0.35,0.02,60
POS,0.16,-0.35,0.02,57
POS,0.16,-0.35,0.02,67
POS,0.16,-0.35,0.01,68
POS,0.20,-0.37,-0.00,69
POS,0.19,-0.37,-0.02,76
POS,0.18,-0.36,-0.02,68
POS,0.15,-0.34,0.00,64
POS,0.22,-0.39,0.01,92
POS,0.20,-0.39,0.02,74
POS,0.18,-0.36,0.01,68
POS,0.16,-0.33,0.01,53
POS,0.15,-0.30,-0.01,68
POS,0.15,-0.31,0.01,55
POS,0.15,-0.30,0.02,55
POS,0.15,-0.30,0.02,59
POS,0.16,-0.31,0.02,61
POS,0.14,-0.29,0.01,61
POS,0.15,-0.31,0.01,71
POS,0.18,-0.33,-0.02,72
POS,0.18,-0.30,-0.08,88
POS,0.16,-0.29,-0.05,57
POS,0.15,-0.31,-0.03,68
POS,0.15,-0.32,-0.02,64
POS,0.14,-0.32,-0.02,71
POS,0.12,-0.32,-0.04,78
POS,0.12,-0.32,-0.03,70
POS,0.11,-0.32,-0.03,72
POS,0.13,-0.33,-0.05,76
POS,0.14,-0.33,-0.05,68
POS,0.13,-0.33,-0.01,67
POS,0.13,-0.33,0.00,64
POS,0.15,-0.35,0.04,69
POS,0.14,-0.35,0.04,66
POS,0.15,-0.34,0.03,66
POS,0.16,-0.34,0.05,62
POS,0.15,-0.33,0.03,64
POS,0.15,-0.33,0.02,67
POS,0.13,-0.34,0.03,73
POS,0.12,-0.33,0.06,68
POS,0.10,-0.33,0.04,71
POS,0.11,-0.34,0.04,66
POS,0.10,-0.33,0.04,65
POS,0.11,-0.31,-0.01,81
POS,0.12,-0.33,0.01,65
POS,0.12,-0.32,0.01,56
POS,0.12,-0.31,-0.01,71
POS,0.12,-0.32,0.01,64
POS,0.12,-0.31,0.00,65
POS,0.13,-0.31,0.02,61
POS,0.14,-0.15,-0.00,71
POS,0.15,-0.18,-0.05,85
POS,0.18,-0.23,-0.07,72
POS,0.18,-0.19,-0.12,83
POS,0.16,-0.22,-0.09,66
POS,0.15,-0.25,-0.08,73
POS,0.16,-0.29,-0.04,73
POS,0.14,-0.29,-0.02,64
POS,0.16,-0.32,0.01,71
POS,0.15,-0.33,-0.00,74
POS,0.13,-0.33,0.00,69
POS,0.11,-0.31,-0.00,68
POS,0.11,-0.32,0.00,68
POS,0.12,-0.34,0.01,70
POS,0.10,-0.32,0.00,71
POS,0.11,-0.32,-0.00,64
POS,0.11,-0.33,0.01,66
POS,0.11,-0.32,-0.00,73
POS,0.11,-0.31,0.02,59
POS,0.12,-0.32,0.00,74
POS,0.11,-0.30,0.00,58
POS,0.11,-0.32,0.01,67
POS,0.11,-0.30,0.02,58
POS,0.13,-0.33,-0.00,74
POS,0.11,-0.32,0.01,62
POS,0.12,-0.33,-0.00,72
POS,0.13,-0.33,0.01,57
POS,0.12,-0.32,0.02,59
POS,0.12,-0.32,0.01,68
POS,0.13,-0.33,0.01,75
POS,0.12,-0.33,0.00,68
POS,0.12,-0.32,0.01,55
POS,0.12,-0.31,-0.00,70
POS,0.14,-0.32,-0.02,71
POS,0.12,-0.32,-0.00,63
POS,0.13,-0.33,-0.00,70
POS,0.13,-0.33,-0.00,67
POS,0.13,-0.34,-0.03,76
POS,0.13,-0.33,-0.02,64
POS,0.13,-0.34,-0.03,75
POS,0.13,-0.34,0.00,67
POS,0.13,-0.33,0.01,60
POS,0.12,-0.32,-0.00,70
POS,0.12,-0.33,0.01,67
POS,0.14,-0.35,-0.00,73
POS,0.13,-0.33,0.00,58
POS,0.12,-0.31,0.01,61
POS,0.13,-0.32,0.01,67
POS,0.13,-0.33,0.04,68
POS,0.13,-0.32,0.04,59
POS,0.13,-0.32,0.03,60
POS,0.15,-0.33,0.01,71
POS,0.16,-0.34,0.02,65
POS,0.15,-0.35,0.01,72
POS,0.16,-0.36,-0.01,73
POS,0.16,-0.37,0.01,72
POS,0.15,-0.36,-0.00,71
POS,0.15,-0.35,0.00,59
POS,0.13,-0.35,0.02,68
POS,0.12,-0.35,0.01,74
POS,0.11,-0.34,0.01,67
POS,0.12,-0.35,0.01,67
POS,0.13,-0.34,0.00,68
POS,0.12,-0.33,-0.01,72
POS,0.14,-0.34,-0.03,72
POS,0.12,-0.31,-0.01,54
POS,0.13,-0.32,-0.03,73
POS,0.13,-0.33,-0.04,75
POS,0.14,-0.34,-0.03,70
POS,0.16,-0.34,-0.05,72
POS,0.15,-0.32,-0.02,56
POS,0.14,-0.34,-0.00,71
POS,0.17,-0.34,-0.03,73
POS,0.15,-0.33,0.00,64
POS,0.14,-0.33,-0.00,66
POS,0.15,-0.34,0.03,70
POS,0.15,-0.34,-0.00,77
POS,0.18,-0.35,-0.01,68
POS,0.15,-0.34,0.00,66
POS,0.16,-0.36,0.01,72
POS,0.15,-0.34,0.02,49
POS,0.14,-0.33,0.02,59
POS,0.13,-0.31,0.02,59
POS,0.14,-0.32,0.03,62
POS,0.15,-0.26,-0.05,85
POS,0.15,-0.28,-0.04,72
POS,0.15,-0.30,-0.02,62
POS,0.14,-0.29,-0.02,66
POS,0.14,-0.30,-0.01,64
POS,0.14,-0.30,-0.01,63
POS,0.14,-0.30,-0.01,66
POS,0.12,-0.29,-0.01,66
POS,0.11,-0.29,-0.01,65
POS,0.12,-0.30,-0.02,71
POS,0.13,-0.32,-0.00,67
POS,0.17,-0.34,-0.01,70
POS,0.15,-0.30,-0.02,71
POS,0.14,-0.31,-0.02,69
POS,0.14,-0.31,-0.01,63
POS,0.13,-0.31,-0.01,67
POS,0.12,-0.31,0.03,65
POS,0.13,-0.32,0.02,67
POS,0.13,-0.31,0.05,65
POS,0.12,-0.31,0.04,64
POS,0.13,-0.27,-0.01,85
POS,0.12,-0.29,-0.00,65
POS,0.12,-0.31,0.01,68
POS,0.13,-0.32,0.01,68
POS,0.11,-0.30,-0.00,72
POS,0.12,-0.31,0.01,65
POS,0.13,-0.33,-0.01,74
POS,0.13,-0.33,0.01,60
POS,0.14,-0.33,-0.01,72
POS,0.12,-0.32,-0.02,71
POS,0.11,-0.31,-0.02,67
POS,0.13,-0.33,0.00,70
POS,0.12,-0.32,0.01,59
POS,0.12,-0.31,-0.02,78
POS,0.11,-0.29,-0.02,70
POS,0.11,-0.31,-0.03,74
POS,0.14,-0.33,-0.01,70
POS,0.15,-0.35,0.02,69
POS,0.16,-0.36,0.00,73
POS,0.14,-0.35,-0.02,76
POS,0.13,-0.33,-0.03,77
POS,0.13,-0.34,-0.01,66
POS,0.13,-0.33,0.00,61
POS,0.14,-0.34,-0.03,78
POS,0.15,-0.35,-0.01,66
POS,0.15,-0.37,0.00,74
POS,0.13,-0.34,-0.00,66
POS,0.11,-0.32,-0.01,72
POS,0.13,-0.33,-0.04,76
POS,0.14,-0.34,0.00,69
POS,0.15,-0.35,0.02,66
POS,0.15,-0.35,0.04,71
POS,0.14,-0.34,0.04,62
POS,0.13,-0.33,0.03,63
POS,0.13,-0.33,0.04,59
POS,0.13,-0.30,-0.00,80
POS,0.14,-0.32,0.02,69
POS,0.17,-0.33,-0.02,73
POS,0.17,-0.33,0.00,61
POS,0.14,-0.31,0.00,61
POS,0.13,-0.31,0.01,64
POS,0.13,-0.30,0.01,57
POS,0.11,-0.29,0.00,70
POS,0.11,-0.28,-0.01,71
POS,0.11,-0.29,-0.02,72
POS,0.14,-0.31,-0.02,68
POS,0.12,-0.31,-0.02,69
POS,0.12,-0.30,-0.00,54
POS,0.14,-0.33,0.01,72
POS,0.14,-0.34,0.01,68
POS,0.14,-0.33,-0.01,71
POS,0.15,-0.35,-0.02,74
POS,0.19,-0.36,-0.03,69
POS,0.19,-0.36,-0.00,61
POS,0.16,-0.34,-0.01,69
POS,0.15,-0.33,-0.02,69
POS,0.14,-0.33,-0.00,62
POS,0.13,-0.33,0.01,65
POS,0.13,-0.33,0.02,65
POS,0.12,-0.33,0.02,66
POS,0.13,-0.33,0.01,67
POS,0.14,-0.34,0.04,69
POS,0.12,-0.34,0.04,70
POS,0.13,-0.35,0.04,68
POS,0.12,-0.34,0.02,70
POS,0.11,-0.34,0.01,72
POS,0.12,-0.34,-0.02,77
POS,0.13,-0.34,-0.02,70
POS,0.15,-0.35,0.00,69
POS,0.13,-0.32,0.01,53
POS,0.12,-0.32,0.03,63
POS,0.13,-0.32,0.03,63
POS,0.16,-0.34,0.03,64
POS,0.15,-0.32,0.02,64
POS,0.14,-0.33,0.02,65
POS,0.15,-0.33,0.04,63
POS,0.14,-0.33,0.04,66
POS,0.13,-0.29,0.01,77
POS,0.13,-0.29,0.00,65
POS,0.13,-0.31,0.02,67
POS,0.12,-0.32,0.00,75
POS,0.13,-0.32,0.04,62
POS,0.14,-0.33,0.04,64
POS,0.13,-0.31,0.02,70
POS,0.14,-0.32,0.02,63
POS,0.14,-0.34,0.02,70
POS,0.15,-0.35,0.02,70
POS,0.15,-0.35,0.03,62
POS,0.14,-0.33,0.04,51
POS,0.14,-0.28,-0.04,87
POS,0.13,-0.29,-0.02,63
POS,0.15,-0.31,-0.03,72
POS,0.13,-0.30,-0.00,61
POS,0.13,-0.32,0.02,68
POS,0.12,-0.32,0.04,70
POS,0.12,-0.31,0.01,70
POS,0.13,-0.30,-0.03,78
POS,0.12,-0.30,-0.02,68
POS,0.13,-0.32,-0.01,69
POS,0.18,-0.34,-0.03,70
POS,0.20,-0.30,-0.09,82
POS,0.20,-0.31,-0.09,73
POS,0.18,-0.31,-0.07,66
POS,0.16,-0.31,-0.05,66
POS,0.16,-0.33,-0.06,74
POS,0.15,-0.32,-0.03,57
POS,0.16,-0.32,-0.02,59
POS,0.15,-0.31,-0.02,67
POS,0.14,-0.32,-0.02,66
POS,0.14,-0.32,-0.02,72
POS,0.12,-0.33,0.00,68
POS,0.15,-0.33,-0.04,78
POS,0.13,-0.33,-0.01,65
POS,0.13,-0.32,-0.01,62
POS,0.14,-0.33,-0.01,68
POS,0.12,-0.33,0.00,68
POS,0.13,-0.33,-0.00,69
POS,0.12,-0.32,-0.00,66
POS,0.12,-0.31,-0.02,68
POS,0.13,-0.32,0.00,65
POS,0.12,-0.31,0.01,60
POS,0.11,-0.31,0.01,68
POS,0.12,-0.30,-0.02,76
POS,0.12,-0.30,-0.04,78
POS,0.12,-0.32,-0.01,70
POS,0.12,-0.32,-0.01,66
POS,0.12,-0.32,-0.00,61
POS,0.12,-0.32,-0.00,68
POS,0.11,-0.32,0.02,60
POS,0.14,-0.27,-0.06,82
POS,0.13,-0.28,-0.04,67
POS,0.13,-0.30,-0.02,61
POS,0.13,-0.28,-0.01,56
POS,0.12,-0.29,0.01,66
POS,0.11,-0.28,-0.01,76
POS,0.13,-0.30,-0.03,75
POS,0.13,-0.30,-0.07,84
POS,0.13,-0.30,-0.06,71
POS,0.12,-0.30,-0.04,64
POS,0.13,-0.32,-0.02,67
POS,0.13,-0.34,-0.01,72
POS,0.13,-0.31,-0.03,74
POS,0.11,-0.30,-0.03,73
POS,0.10,-0.29,0.01,67
POS,0.10,-0.30,-0.01,73
POS,0.13,-0.33,-0.02,74
POS,0.13,-0.33,0.01,63
POS,0.12,-0.33,0.02,68
POS,0.13,-0.34,0.02,64
POS,0.12,-0.34,0.02,68
POS,0.12,-0.34,-0.00,74
POS,0.13,-0.34,0.02,67
POS,0.12,-0.35,0.02,70
POS,0.14,-0.35,-0.01,74
POS,0.14,-0.35,-0.01,72
POS,0.14,-0.36,-0.02,74
POS,0.12,-0.35,-0.01,67
POS,0.11,-0.33,0.01,65
POS,0.10,-0.31,0.00,67
POS,0.11,-0.30,-0.03,78
POS,0.10,-0.30,-0.01,69
POS,0.10,-0.31,0.01,67
POS,0.21,-0.36,0.01,85
POS,0.18,-0.32,-0.01,72
POS,0.18,-0.32,-0.00,62
POS,0.18,-0.35,0.01,72
POS,0.17,-0.34,0.02,63
POS,0.15,-0.33,0.03,63
POS,0.14,-0.33,0.00,75
POS,0.14,-0.33,0.02,63
POS,0.13,-0.31,0.00,66
POS,0.12,-0.30,0.01,63
POS,0.12,-0.30,0.02,57
POS,0.14,-0.31,-0.01,74
POS,0.14,-0.32,-0.01,67
POS,0.17,-0.33,-0.03,69
POS,0.16,-0.32,-0.05,75
POS,0.19,-0.33,0.00,65
POS,0.17,-0.33,-0.00,70
POS,0.16,-0.34,-0.00,70
POS,0.16,-0.33,-0.01,64
POS,0.15,-0.33,-0.01,67
POS,0.14,-0.32,-0.02,70
POS,0.13,-0.31,-0.02,71
POS,0.12,-0.31,-0.03,73
POS,0.13,-0.33,-0.00,71
POS,0.13,-0.33,0.01,58
POS,0.13,-0.34,0.02,69
POS,0.13,-0.33,0.02,61
POS,0.11,-0.32,0.03,68
POS,0.10,-0.33,0.03,73
POS,0.09,-0.32,0.03,59
POS,0.10,-0.33,0.03,70
POS,0.12,-0.33,0.02,67
POS,0.13,-0.34,0.01,68
POS,0.13,-0.34,0.01,67
POS,0.12,-0.34,0.03,66
POS,0.13,-0.35,0.04,74
POS,0.13,-0.35,0.02,70
POS,0.13,-0.34,0.03,57
POS,0.12,-0.33,0.02,66
POS,0.12,-0.31,-0.02,81
POS,0.10,-0.30,-0.01,64
POS,0.11,-0.30,0.01,59
POS,0.16,-0.33,0.01,67
POS,0.15,-0.34,0.00,68
POS,0.13,-0.33,0.03,69
POS,0.15,-0.31,-0.01,76
POS,0.14,-0.31,-0.01,60
POS,0.15,-0.32,0.01,69
POS,0.18,-0.34,-0.00,70
POS,0.17,-0.34,-0.02,74
POS,0.16,-0.35,-0.03,73
POS,0.17,-0.35,-0.05,76
POS,0.18,-0.36,-0.02,66
POS,0.18,-0.36,-0.00,64
POS,0.20,-0.39,-0.00,98
POS,0.18,-0.39,0.04,74
POS,0.17,-0.37,0.04,58
POS,0.19,-0.20,0.03,64
POS,0.19,-0.25,0.03,69
POS,0.17,-0.25,0.03,58
POS,0.15,-0.25,0.03,58
POS,0.17,-0.28,-0.02,77
POS,0.18,-0.31,-0.00,70
POS,0.18,-0.33,-0.02,73
POS,0.21,-0.35,-0.02,67
POS,0.19,-0.34,0.01,61
POS,0.19,-0.35,0.02,69
POS,0.18,-0.35,0.02,63
POS,0.18,-0.37,0.02,72
POS,0.18,-0.38,0.02,71
POS,0.17,-0.36,0.04,62
POS,0.16,-0.35,0.01,72
POS,0.14,-0.34,0.03,66
POS,0.15,-0.36,0.04,73
POS,0.14,-0.35,0.02,72
POS,0.16,-0.36,0.01,69
POS,0.16,-0.36,0.02,68
POS,0.16,-0.37,0.04,70
POS,0.15,-0.36,0.04,64
POS,0.16,-0.36,0.05,70
POS,0.15,-0.35,0.05,63
POS,0.15,-0.31,-0.03,88
POS,0.14,-0.29,-0.03,63
POS,0.15,-0.31,-0.02,67
POS,0.14,-0.32,0.01,65
POS,0.14,-0.32,0.03,62
POS,0.14,-0.33,0.03,69
POS,0.12,-0.34,0.02,72
POS,0.12,-0.35,0.02,69
POS,0.11,-0.35,0.02,72
POS,0.11,-0.35,0.02,66
POS,0.13,-0.36,0.02,72
POS,0.13,-0.36,-0.01,78
POS,0.14,-0.35,0.01,62
POS,0.11,-0.32,0.02,65
POS,0.11,-0.31,-0.01,75
POS,0.11,-0.30,-0.01,62
POS,0.12,-0.31,-0.01,66
POS,0.13,-0.32,0.03,69
POS,0.13,-0.33,0.03,64
POS,0.12,-0.32,0.03,65
POS,0.10,-0.31,0.03,63
POS,0.11,-0.33,0.00,76
POS,0.11,-0.32,-0.02,75
POS,0.12,-0.33,0.00,68
POS,0.13,-0.33,0.01,61
POS,0.13,-0.33,0.02,61
POS,0.12,-0.31,-0.02,81
POS,0.13,-0.31,0.01,56
POS,0.13,-0.31,0.01,65
POS,0.12,-0.31,0.03,66
POS,0.11,-0.32,0.03,68
POS,0.12,-0.34,0.01,75
POS,0.12,-0.34,-0.00,71
POS,0.12,-0.33,-0.00,65
POS,0.11,-0.32,-0.01,68
POS,0.11,-0.31,-0.00,63
POS,0.15,-0.34,-0.02,71
POS,0.15,-0.33,0.02,65
POS,0.13,-0.33,0.00,73
POS,0.14,-0.34,-0.01,72
POS,0.15,-0.35,-0.01,67
POS,0.15,-0.35,0.01,69
POS,0.16,-0.36,-0.00,73
POS,0.15,-0.36,0.01,68
POS,0.13,-0.36,0.03,70
POS,0.13,-0.35,0.02,58
POS,0.12,-0.35,0.01,72
POS,0.14,-0.28,-0.06,82
POS,0.14,-0.30,-0.05,70
POS,0.15,-0.32,-0.06,75
POS,0.18,-0.33,-0.06,68
POS,0.16,-0.33,-0.06,74
POS,0.16,-0.31,-0.06,66
POS,0.15,-0.31,-0.03,60
POS,0.15,-0.32,0.02,69
POS,0.12,-0.30,0.02,67
POS,0.17,-0.31,-0.02,71
POS,0.20,-0.33,-0.04,69
POS,0.18,-0.33,-0.03,69
POS,0.19,-0.35,-0.03,72
POS,0.18,-0.37,-0.02,74
POS,0.18,-0.38,-0.01,72
POS,0.16,-0.36,-0.01,64
POS,0.16,-0.35,-0.03,77
POS,0.14,-0.33,-0.02,58
POS,0.14,-0.33,0.02,67
POS,0.13,-0.33,0.00,74
POS,0.13,-0.33,0.03,64
POS,0.12,-0.33,0.03,68
POS,0.12,-0.34,0.05,68
POS,0.13,-0.34,0.05,65
POS,0.12,-0.32,0.04,62
POS,0.13,-0.34,0.05,74
POS,0.11,-0.34,0.03,72
POS,0.11,-0.33,0.05,65
POS,0.12,-0.32,0.05,48
POS,0.11,-0.31,0.04,64
POS,0.19,-0.37,0.07,91
POS,0.17,-0.36,0.04,70
POS,0.19,-0.36,0.00,74
POS,0.16,-0.35,0.01,66
POS,0.16,-0.34,-0.01,70
POS,0.14,-0.32,-0.01,65
POS,0.14,-0.33,0.00,65
POS,0.14,-0.33,0.00,63
POS,0.14,-0.32,0.01,53
POS,0.13,-0.31,-0.00,72
POS,0.15,-0.33,-0.02,72
POS,0.14,-0.33,-0.01,61
POS,0.14,-0.33,0.00,59
POS,0.14,-0.33,0.01,62
POS,0.14,-0.33,0.02,61
POS,0.14,-0.35,0.04,74
POS,0.13,-0.35,0.02,74
POS,0.12,-0.35,0.04,72
POS,0.13,-0.35,0.04,66
POS,0.12,-0.32,0.03,62
POS,0.12,-0.29,0.02,63
POS,0.11,-0.29,0.03,62
POS,0.13,-0.31,0.02,67
POS,0.16,-0.27,-0.06,83
POS,0.15,-0.30,-0.04,71
POS,0.17,-0.33,-0.02,69
POS,0.15,-0.32,-0.01,62
POS,0.17,-0.34,-0.03,73
POS,0.20,-0.36,-0.04,70
POS,0.18,-0.36,-0.01,71
POS,0.18,-0.34,-0.04,78
POS,0.17,-0.32,-0.05,69
POS,0.16,-0.34,-0.03,69
POS,0.16,-0.33,0.00,59
POS,0.16,-0.33,-0.02,75
POS,0.14,-0.31,-0.02,64
POS,0.14,-0.32,0.00,56
POS,0.13,-0.31,-0.00,66
POS,0.14,-0.31,-0.03,76
POS,0.12,-0.30,-0.02,66
POS,0.12,-0.32,-0.02,75
POS,0.12,-0.33,0.00,69
POS,0.12,-0.34,0.01,67
POS,0.11,-0.35,0.03,74
POS,0.11,-0.34,0.03,64
POS,0.12,-0.34,0.06,63
POS,0.13,-0.32,0.01,81
POS,0.12,-0.32,0.01,66
POS,0.11,-0.31,0.01,64
POS,0.12,-0.32,0.01,66
POS,0.10,-0.30,0.02,66
POS,0.11,-0.30,0.01,69
POS,0.13,-0.33,0.01,70
POS,0.11,-0.31,0.00,68
POS,0.12,-0.32,0.01,61
POS,0.11,-0.33,0.02,69
POS,0.13,-0.34,0.02,69
POS,0.11,-0.30,-0.01,80
POS,0.12,-0.30,-0.02,67
POS,0.12,-0.30,-0.03,72
POS,0.11,-0.29,-0.01,60
POS,0.14,-0.31,-0.03,75
POS,0.14,-0.32,-0.02,63
POS,0.14,-0.34,-0.02,73
POS,0.17,-0.35,-0.02,69
POS,0.16,-0.34,-0.04,74
POS,0.15,-0.33,-0.02,57
POS,0.18,-0.36,-0.01,67
POS,0.17,-0.35,-0.00,67
POS,0.16,-0.35,0.00,64
POS,0.13,-0.33,0.01,63
POS,0.12,-0.32,-0.01,73
POS,0.12,-0.30,0.00,55
POS,0.11,-0.28,-0.00,63
POS,0.11,-0.28,-0.01,70
POS,0.11,-0.29,-0.02,69
POS,0.14,-0.33,-0.00,71
POS,0.12,-0.31,-0.01,74
POS,0.12,-0.30,-0.02,66
POS,0.11,-0.30,-0.01,65
POS,0.11,-0.31,0.01,66
POS,0.11,-0.29,0.00,64
POS,0.10,-0.29,0.00,68
POS,0.09,-0.30,-0.00,70
POS,0.10,-0.31,0.01,64
POS,0.13,-0.32,-0.03,79
POS,0.13,-0.33,-0.04,76
POS,0.13,-0.34,-0.02,70
POS,0.17,-0.36,-0.02,69
POS,0.16,-0.34,-0.03,71
POS,0.14,-0.32,-0.01,52
POS,0.12,-0.29,-0.00,59
POS,0.12,-0.30,0.03,62
POS,0.12,-0.29,0.01,70
POS,0.11,-0.27,-0.02,78
POS,0.11,-0.27,-0.02,66
POS,0.10,-0.27,-0.01,65
POS,0.12,-0.30,0.01,68
POS,0.11,-0.28,-0.03,83
POS,0.11,-0.29,-0.03,72
POS,0.11,-0.32,-0.01,73
POS,0.12,-0.31,0.01,53
POS,0.12,-0.30,0.01,60
POS,0.13,-0.31,0.02,61
POS,0.13,-0.31,0.03,59
POS,0.15,-0.33,0.05,72
POS,0.14,-0.32,0.03,63
POS,0.17,-0.33,0.00,71
POS,0.19,-0.36,0.01,69
POS,0.16,-0.35,0.02,67
POS,0.15,-0.35,0.03,66
POS,0.14,-0.34,0.02,65
POS,0.16,-0.36,0.02,70
POS,0.14,-0.35,0.03,66
POS,0.11,-0.33,0.02,69
POS,0.12,-0.33,0.02,61
POS,0.12,-0.33,0.03,65
POS,0.12,-0.34,0.05,70
POS,0.10,-0.31,0.05,65
POS,0.10,-0.31,0.02,76
POS,0.10,-0.30,-0.01,73
POS,0.09,-0.28,-0.02,78
POS,0.10,-0.30,-0.01,61
POS,0.11,-0.31,0.01,69
POS,0.11,-0.33,-0.01,76
POS,0.10,-0.33,-0.03,78
POS,0.10,-0.34,-0.01,68
POS,0.10,-0.33,0.01,66
POS,0.10,-0.31,0.02,56
POS,0.12,-0.32,0.01,66
POS,0.14,-0.35,0.01,73
POS,0.14,-0.34,0.01,60
POS,0.13,-0.33,-0.00,70
POS,0.12,-0.33,-0.00,72
POS,0.14,-0.35,0.00,68
POS,0.13,-0.34,0.01,60
POS,0.11,-0.33,0.01,67
POS,0.11,-0.31,0.04,56
POS,0.17,-0.33,0.02,64
POS,0.16,-0.34,0.04,66
POS,0.17,-0.36,0.02,73
POS,0.17,-0.37,0.03,71
POS,0.20,-0.37,0.02,67
POS,0.18,-0.35,-0.00,72
POS,0.17,-0.34,-0.00,66
POS,0.15,-0.32,-0.00,65
POS,0.12,-0.29,-0.01,73
POS,0.13,-0.31,0.00,67
POS,0.13,-0.31,0.00,64
POS,0.13,-0.31,-0.00,67
POS,0.13,-0.32,0.00,65
POS,0.13,-0.32,0.01,63
POS,0.12,-0.33,0.03,70
POS,0.16,-0.35,0.00,72
POS,0.15,-0.34,-0.00,66
POS,0.14,-0.33,-0.00,66
POS,0.13,-0.32,-0.01,71
POS,0.13,-0.31,-0.02,69
POS,0.14,-0.33,0.00,71
POS,0.13,-0.33,0.01,65
POS,0.14,-0.35,0.02,71
POS,0.12,-0.34,0.03,68
POS,0.12,-0.31,-0.02,86
POS,0.12,-0.31,0.00,59
POS,0.11,-0.33,0.03,75
POS,0.13,-0.34,0.04,64
POS,0.11,-0.34,0.04,70
POS,0.10,-0.33,0.03,67
POS,0.12,-0.34,0.06,70
POS,0.11,-0.34,0.05,68
POS,0.11,-0.35,0.04,71
POS,0.13,-0.36,0.05,68
POS,0.13,-0.34,0.06,58
POS,0.12,-0.31,0.02,78
POS,0.14,-0.33,0.01,72
POS,0.14,-0.32,0.03,54
POS,0.14,-0.32,0.05,61
POS,0.12,-0.30,0.03,67
POS,0.11,-0.32,0.03,71
POS,0.16,-0.34,0.01,70
POS,0.16,-0.36,0.01,74
POS,0.17,-0.37,-0.02,73
POS,0.17,-0.37,0.00,68
POS,0.16,-0.37,0.02,69
POS,0.18,-0.36,-0.01,70
POS,0.18,-0.36,-0.01,67
POS,0.17,-0.35,0.00,56
POS,0.14,-0.31,-0.00,70
POS,0.15,-0.31,-0.01,67
POS,0.14,-0.30,-0.01,67
POS,0.13,-0.29,-0.03,74
POS,0.12,-0.30,-0.02,68
POS,0.13,-0.31,-0.02,62
POS,0.14,-0.32,-0.00,64
POS,0.13,-0.30,0.01,57
POS,0.11,-0.28,-0.03,89
POS,0.11,-0.29,-0.02,63
POS,0.13,-0.30,-0.00,57
POS,0.15,-0.32,0.03,68
POS,0.15,-0.32,0.04,58
POS,0.13,-0.31,0.03,63
POS,0.12,-0.29,0.05,59
POS,0.11,-0.30,0.05,63
POS,0.13,-0.32,0.02,73
POS,0.14,-0.34,0.05,72
POS,0.18,-0.36,0.03,67
POS,0.16,-0.35,0.05,64
POS,0.14,-0.34,0.03,68
POS,0.13,-0.30,-0.01,87
POS,0.12,-0.31,0.00,64
POS,0.13,-0.32,0.03,68
POS,0.11,-0.31,0.03,63
POS,0.10,-0.31,0.04,67
POS,0.10,-0.29,0.04,55
POS,0.11,-0.30,0.03,64
POS,0.15,-0.32,-0.00,73
POS,0.15,-0.33,0.01,62
POS,0.15,-0.35,0.02,74
POS,0.14,-0.35,0.01,67
POS,0.13,-0.34,0.01,68
POS,0.12,-0.33,-0.00,72
POS,0.11,-0.33,-0.00,67
POS,0.10,-0.32,-0.00,65
POS,0.10,-0.32,-0.01,70
POS,0.12,-0.33,0.00,66
POS,0.12,-0.33,-0.00,68
POS,0.17,-0.34,-0.05,78
POS,0.16,-0.34,-0.04,65
POS,0.17,-0.35,-0.00,69
POS,0.15,-0.32,-0.02,75
POS,0.14,-0.33,-0.00,69
POS,0.11,-0.31,0.01,68
POS,0.10,-0.30,-0.00,72
POS,0.12,-0.31,0.01,64
POS,0.14,-0.34,0.02,72
POS,0.14,-0.34,0.02,68
POS,0.13,-0.35,0.03,72
POS,0.13,-0.36,0.02,74
POS,0.13,-0.33,-0.01,76
POS,0.13,-0.33,-0.03,71
POS,0.14,-0.34,0.03,74
POS,0.17,-0.29,-0.06,80
POS,0.16,-0.29,-0.04,62
POS,0.15,-0.31,-0.02,70
POS,0.14,-0.31,-0.01,61
POS,0.14,-0.32,-0.00,66
POS,0.15,-0.34,0.04,74
POS,0.15,-0.33,0.03,68
POS,0.14,-0.32,0.03,59
POS,0.16,-0.36,0.01,76
POS,0.12,-0.34,0.01,70
POS,0.12,-0.32,0.01,58
POS,0.13,-0.32,0.00,68
POS,0.13,-0.33,0.02,66
POS,0.15,-0.35,0.02,70
POS,0.15,-0.36,0.02,71
POS,0.14,-0.34,0.01,66
POS,0.14,-0.35,-0.01,73
POS,0.13,-0.34,-0.01,65
POS,0.14,-0.34,-0.02,71
POS,0.14,-0.34,0.01,68
POS,0.14,-0.34,-0.00,71
POS,0.13,-0.33,-0.00,65
POS,0.14,-0.34,0.01,61
POS,0.16,-0.30,-0.06,87
POS,0.17,-0.33,-0.04,70
POS,0.16,-0.33,-0.04,68
POS,0.15,-0.34,-0.01,67
POS,0.15,-0.35,0.00,67
POS,0.15,-0.35,0.01,64
POS,0.16,-0.35,0.03,67
POS,0.17,-0.37,0.02,71
POS,0.16,-0.35,-0.02,78
POS,0.16,-0.35,-0.00,63
POS,0.15,-0.35,-0.00,69
POS,0.14,-0.34,-0.01,67
POS,0.16,-0.35,0.00,70
POS,0.17,-0.36,-0.00,70
POS,0.17,-0.36,0.01,67
POS,0.16,-0.37,0.01,72
POS,0.17,-0.38,0.00,74
POS,0.15,-0.37,0.01,68
POS,0.14,-0.36,0.00,72
POS,0.12,-0.33,-0.02,79
POS,0.13,-0.34,-0.03,75
POS,0.10,-0.30,-0.04,78
POS,0.10,-0.31,-0.02,67
POS,0.10,-0.30,-0.00,55
POS,0.11,-0.30,-0.01,69
POS,0.12,-0.31,0.01,65
POS,0.10,-0.30,0.02,65
POS,0.11,-0.31,-0.00,73
POS,0.11,-0.32,0.00,68
POS,0.11,-0.32,0.00,62
POS,0.12,-0.32,0.03,66
POS,0.12,-0.32,-0.01,80
POS,0.14,-0.33,0.01,67
POS,0.13,-0.34,0.03,65
POS,0.14,-0.33,0.04,56
POS,0.13,-0.33,0.03,68
POS,0.13,-0.33,0.02,66
POS,0.13,-0.33,0.03,64
POS,0.13,-0.31,-0.02,83
POS,0.13,-0.33,0.01,71
POS,0.12,-0.30,-0.00,74
POS,0.13,-0.33,0.01,73
POS,0.14,-0.34,0.00,71
POS,0.14,-0.34,0.02,61
POS,0.11,-0.32,0.02,69
POS,0.11,-0.29,-0.06,91
POS,0.10,-0.30,-0.04,69
POS,0.09,-0.31,-0.05,76
POS,0.11,-0.33,-0.03,69
POS,0.13,-0.35,-0.02,72
POS,0.12,-0.33,-0.01,62
POS,0.11,-0.31,-0.02,72
POS,0.12,-0.32,-0.01,66
POS,0.13,-0.32,0.02,62
POS,0.13,-0.31,0.01,63
POS,0.13,-0.30,-0.02,79
POS,0.12,-0.30,-0.01,63
POS,0.13,-0.32,-0.03,75
POS,0.15,-0.34,-0.02,69
POS,0.14,-0.32,-0.02,63
POS,0.13,-0.30,-0.02,68
POS,0.14,-0.32,-0.01,70
POS,0.14,-0.32,-0.02,68
POS,0.14,-0.33,-0.02,73
POS,0.13,-0.32,-0.03,72
POS,0.11,-0.32,-0.03,74
POS,0.12,-0.32,-0.01,64
POS,0.11,-0.31,-0.00,58
POS,0.10,-0.30,-0.00,68
POS,0.09,-0.30,0.01,68
POS,0.10,-0.31,0.02,64
POS,0.11,-0.32,0.01,68
POS,0.15,-0.34,0.00,69
POS,0.14,-0.32,-0.01,72
POS,0.12,-0.32,-0.01,67
POS,0.12,-0.33,0.00,67
POS,0.15,-0.34,0.04,67
POS,0.15,-0.34,0.03,61
POS,0.15,-0.32,-0.01,79
POS,0.15,-0.33,0.02,70
POS,0.15,-0.35,0.02,70
POS,0.14,-0.35,0.02,69
POS,0.12,-0.35,0.01,71
POS,0.13,-0.34,-0.02,76
POS,0.15,-0.35,-0.02,69
POS,0.13,-0.34,0.00,60
POS,0.13,-0.34,0.01,65
POS,0.13,-0.34,0.02,59
POS,0.13,-0.33,0.02,64
POS,0.14,-0.33,0.02,61
POS,0.14,-0.32,0.02,55
POS,0.13,-0.31,0.03,63
POS,0.13,-0.31,0.02,63
POS,0.15,-0.33,0.04,68
POS,0.16,-0.34,0.04,70
POS,0.15,-0.34,0.03,66
POS,0.15,-0.34,0.05,67
POS,0.12,-0.32,0.05,65
POS,0.11,-0.34,0.04,73
POS,0.11,-0.32,0.02,71
POS,0.11,-0.31,0.01,68
POS,0.12,-0.33,0.02,75
POS,0.12,-0.35,0.03,72
POS,0.11,-0.34,0.04,67
POS,0.10,-0.34,0.05,70
POS,0.11,-0.34,0.02,72
POS,0.11,-0.31,-0.01,82
POS,0.12,-0.32,-0.01,69
POS,0.11,-0.31,0.02,59
POS,0.12,-0.32,0.02,64
POS,0.12,-0.33,-0.00,76
POS,0.13,-0.33,-0.03,77
POS,0.12,-0.32,-0.01,61
POS,0.12,-0.34,0.02,72
POS,0.11,-0.31,0.02,57
POS,0.11,-0.31,0.03,64
POS,0.13,-0.26,-0.04,83
POS,0.12,-0.26,-0.04,67
POS,0.12,-0.28,-0.03,65
POS,0.11,-0.28,-0.04,76
POS,0.12,-0.29,-0.04,70
POS,0.13,-0.30,-0.01,62
POS,0.18,-0.33,-0.01,64
POS,0.16,-0.31,-0.00,59
POS,0.15,-0.30,-0.00,64
POS,0.16,-0.34,-0.00,74
POS,0.16,-0.35,0.01,71
POS,0.17,-0.28,-0.06,80
POS,0.14,-0.28,-0.05,70
POS,0.16,-0.31,-0.01,72
POS,0.17,-0.33,-0.00,65
POS,0.17,-0.32,-0.02,72
POS,0.19,-0.35,-0.02,71
POS,0.18,-0.36,0.01,72
POS,0.16,-0.34,0.02,59
POS,0.15,-0.34,0.02,61
POS,0.14,-0.33,0.02,62
POS,0.12,-0.32,0.01,72
POS,0.14,-0.33,0.03,67
POS,0.14,-0.33,0.01,73
POS,0.15,-0.35,0.01,74
POS,0.17,-0.36,0.02,68
POS,0.17,-0.37,0.01,71
POS,0.16,-0.35,0.00,65
POS,0.16,-0.35,0.03,69
POS,0.17,-0.37,0.03,71
POS,0.15,-0.34,-0.01,80
POS,0.14,-0.33,-0.01,65
POS,0.14,-0.32,-0.01,63
POS,0.14,-0.33,-0.01,66
POS,0.13,-0.31,-0.03,79
POS,0.13,-0.31,-0.03,68
POS,0.12,-0.33,-0.00,73
POS,0.12,-0.33,0.01,64
POS,0.12,-0.34,0.01,65
POS,0.11,-0.33,0.00,70
POS,0.11,-0.33,-0.00,70
POS,0.13,-0.35,0.01,73
POS,0.13,-0.36,-0.00,75
POS,0.14,-0.37,-0.01,72
POS,0.14,-0.35,-0.02,69
POS,0.14,-0.36,-0.01,73
POS,0.14,-0.36,0.01,68
POS,0.15,-0.36,0.01,68
POS,0.12,-0.35,0.00,72
POS,0.12,-0.34,0.01,62
POS,0.14,-0.36,0.02,72
POS,0.13,-0.34,0.01,66
POS,0.11,-0.33,0.00,70
POS,0.13,-0.36,0.00,74
POS,0.15,-0.35,-0.02,72
POS,0.17,-0.35,0.01,67
POS,0.14,-0.35,0.01,70
POS,0.15,-0.36,0.01,70
POS,0.14,-0.33,0.02,55
POS,0.18,-0.35,-0.02,74
POS,0.20,-0.36,-0.02,70
POS,0.20,-0.38,-0.01,69
POS,0.18,-0.37,0.02,67
POS,0.15,-0.33,0.02,60
POS,0.16,-0.34,0.02,69
POS,0.16,-0.36,0.00,75
POS,0.16,-0.36,-0.02,75
POS,0.15,-0.36,0.01,69
POS,0.13,-0.33,0.02,62
POS,0.11,-0.32,-0.00,77
POS,0.12,-0.32,-0.03,75
POS,0.10,-0.32,-0.03,75
POS,0.11,-0.33,-0.03,73
POS,0.10,-0.33,-0.02,65
POS,0.13,-0.33,-0.04,71
POS,0.16,-0.36,-0.03,70
POS,0.16,-0.35,-0.02,65
POS,0.16,-0.37,-0.00,73
POS,0.16,-0.36,-0.00,68
POS,0.16,-0.35,0.00,57
POS,0.15,-0.35,0.01,63
POS,0.15,-0.35,0.03,68
POS,0.18,-0.36,0.01,68
POS,0.17,-0.36,-0.02,77
POS,0.16,-0.36,-0.01,70
POS,0.16,-0.36,0.02,66
POS,0.14,-0.35,0.01,66
POS,0.12,-0.34,0.03,64
POS,0.12,-0.33,0.01,71
POS,0.14,-0.35,-0.01,74
POS,0.13,-0.33,-0.01,67
POS,0.14,-0.34,0.01,64
POS,0.15,-0.34,0.00,69
POS,0.14,-0.34,0.01,64
POS,0.14,-0.33,0.02,59
POS,0.17,-0.28,-0.06,82
POS,0.15,-0.30,-0.02,71
POS,0.13,-0.30,-0.04,80
POS,0.14,-0.31,-0.03,64
POS,0.13,-0.32,-0.01,69
POS,0.13,-0.33,-0.00,67
POS,0.12,-0.32,0.01,64
POS,0.14,-0.14,0.01,72
POS,0.15,-0.19,0.03,67
POS,0.13,-0.22,0.02,69
POS,0.16,-0.27,0.00,72
POS,0.18,-0.25,-0.07,84
POS,0.17,-0.28,-0.04,68
POS,0.14,-0.28,-0.02,64
POS,0.13,-0.28,-0.03,69
POS,0.13,-0.28,-0.03,70
POS,0.14,-0.30,-0.01,66
POS,0.13,-0.32,0.00,70
POS,0.14,-0.31,0.01,50
POS,0.13,-0.30,0.01,60
POS,0.13,-0.30,0.02,61
POS,0.12,-0.29,-0.02,93
POS,0.12,-0.30,-0.02,66
POS,0.14,-0.32,-0.00,65
POS,0.14,-0.32,-0.00,64
POS,0.13,-0.31,-0.00,64
POS,0.14,-0.31,0.01,59
POS,0.15,-0.33,0.01,68
POS,0.15,-0.33,0.01,60
POS,0.15,-0.34,0.01,65
POS,0.15,-0.35,0.01,68
POS,0.16,-0.35,0.03,65
POS,0.15,-0.36,0.03,70
POS,0.19,-0.35,-0.00,69
POS,0.18,-0.36,0.00,67
POS,0.16,-0.34,-0.01,69
POS,0.16,-0.31,-0.05,82
POS,0.14,-0.31,-0.04,70
POS,0.14,-0.32,-0.06,77
POS,0.15,-0.33,-0.06,74
POS,0.16,-0.35,-0.03,69
POS,0.15,-0.34,-0.02,61
POS,0.14,-0.33,-0.01,66
POS,0.12,-0.33,-0.00,68
POS,0.11,-0.33,0.01,65
POS,0.10,-0.32,-0.00,74
POS,0.11,-0.32,-0.04,80
POS,0.11,-0.31,-0.02,60
POS,0.11,-0.31,-0.04,76
POS,0.10,-0.31,-0.03,71
POS,0.10,-0.32,-0.02,66
POS,0.10,-0.32,-0.01,64
POS,0.09,-0.32,0.02,71
POS,0.10,-0.34,0.00,75
POS,0.10,-0.33,-0.01,70
POS,0.10,-0.33,-0.01,68
POS,0.13,-0.35,0.02,72
POS,0.12,-0.34,0.01,71
POS,0.13,-0.34,0.02,61
POS,0.13,-0.34,0.02,67
POS,0.13,-0.34,0.02,63
POS,0.12,-0.33,0.03,65
POS,0.10,-0.31,0.02,72
POS,0.10,-0.32,0.02,67
POS,0.10,-0.30,-0.01,73
POS,0.14,-0.33,-0.04,76
POS,0.13,-0.33,-0.02,66
POS,0.13,-0.32,-0.05,79
POS,0.13,-0.32,-0.06,76
POS,0.12,-0.32,-0.04,65
POS,0.12,-0.34,-0.02,72
POS,0.12,-0.32,-0.02,62
POS,0.10,-0.32,0.00,70
POS,0.11,-0.33,0.01,67
POS,0.11,-0.32,-0.00,71
POS,0.10,-0.32,-0.02,75
POS,0.09,-0.31,-0.01,63
POS,0.10,-0.32,0.01,69
POS,0.10,-0.33,0.01,68
POS,0.12,-0.34,0.01,67
POS,0.14,-0.37,-0.00,74
POS,0.14,-0.35,-0.00,64
POS,0.13,-0.34,-0.01,73
POS,0.13,-0.35,0.03,73
POS,0.14,-0.34,-0.01,79
POS,0.13,-0.31,-0.05,88
POS,0.12,-0.28,-0.05,72
POS,0.12,-0.30,-0.04,69
POS,0.11,-0.29,-0.04,71
POS,0.11,-0.29,-0.06,75
POS,0.11,-0.29,-0.03,57
POS,0.11,-0.29,-0.02,97
POS,0.10,-0.28,-0.02,65
POS,0.12,-0.31,-0.00,70
POS,0.14,-0.34,0.02,74
POS,0.15,-0.36,-0.01,76
POS,0.16,-0.36,-0.00,65
POS,0.13,-0.35,0.01,68
POS,0.13,-0.34,-0.01,74
POS,0.13,-0.33,-0.00,61
POS,0.14,-0.36,-0.00,73
POS,0.13,-0.35,-0.01,71
POS,0.12,-0.34,0.00,60
POS,0.14,-0.36,0.01,73
POS,0.14,-0.35,0.01,61
POS,0.12,-0.32,-0.01,74
POS,0.11,-0.30,-0.00,63
POS,0.12,-0.32,-0.02,73
POS,0.12,-0.33,-0.01,72
POS,0.15,-0.34,-0.03,72
POS,0.14,-0.34,-0.02,66
POS,0.15,-0.34,-0.01,63
POS,0.15,-0.34,-0.00,61
POS,0.14,-0.32,-0.01,65
POS,0.15,-0.32,-0.04,76
POS,0.13,-0.29,-0.06,81
POS,0.12,-0.30,-0.04,69
POS,0.11,-0.30,-0.01,57
POS,0.11,-0.31,0.02,69
POS,0.10,-0.29,0.03,61
POS,0.11,-0.30,-0.00,75
POS,0.11,-0.31,-0.00,64
POS,0.13,-0.32,0.00,68
POS,0.13,-0.34,0.01,68
POS,0.14,-0.35,0.02,72
POS,0.13,-0.33,0.01,64
POS,0.14,-0.34,0.02,65
POS,0.13,-0.34,0.03,68
POS,0.13,-0.33,0.01,71
POS,0.13,-0.30,-0.03,84
POS,0.12,-0.29,-0.04,72
POS,0.12,-0.28,-0.01,57
POS,0.14,-0.31,-0.02,71
POS,0.13,-0.32,0.00,70
POS,0.12,-0.33,0.00,66
POS,0.11,-0.33,-0.01,73
POS,0.12,-0.34,-0.00,71
POS,0.12,-0.35,0.02,68
POS,0.11,-0.32,-0.01,79
POS,0.11,-0.33,0.00,66
POS,0.12,-0.35,0.01,72
POS,0.15,-0.35,-0.02,76
POS,0.13,-0.34,-0.02,71
POS,0.12,-0.33,-0.01,61
POS,0.13,-0.34,-0.00,68
POS,0.13,-0.34,0.02,61
POS,0.14,-0.35,0.00,74
POS,0.13,-0.34,-0.00,68
POS,0.13,-0.34,-0.01,70
POS,0.13,-0.35,-0.02,75
POS,0.13,-0.33,-0.02,65
POS,0.11,-0.32,-0.02,74
POS,0.10,-0.30,-0.02,64
POS,0.11,-0.31,-0.03,71
POS,0.10,-0.31,-0.02,66
POS,0.10,-0.31,-0.02,69
POS,0.11,-0.31,-0.02,70
POS,0.14,-0.33,-0.00,69
POS,0.13,-0.33,0.01,62
POS,0.12,-0.32,0.02,61
POS,0.13,-0.28,-0.03,88
POS,0.12,-0.29,-0.03,67
POS,0.15,-0.32,-0.02,68
POS,0.13,-0.30,-0.00,58
POS,0.13,-0.31,0.01,66
POS,0.13,-0.33,0.01,68
POS,0.14,-0.34,0.03,66
POS,0.15,-0.27,-0.04,84
POS,0.23,-0.33,0.00,86
POS,0.21,-0.33,0.01,63
POS,0.17,-0.30,-0.01,75
POS,0.17,-0.28,-0.03,69
POS,0.17,-0.30,-0.00,66
POS,0.16,-0.28,-0.04,87
POS,0.15,-0.26,-0.06,76
POS,0.15,-0.29,-0.04,64
POS,0.13,-0.30,-0.03,71
POS,0.13,-0.31,-0.03,70
POS,0.15,-0.33,0.01,68
POS,0.14,-0.33,-0.01,75
POS,0.14,-0.34,-0.00,67
POS,0.14,-0.33,-0.01,72
POS,0.15,-0.34,0.00,64
POS,0.14,-0.34,0.00,68
POS,0.15,-0.36,-0.00,75
POS,0.15,-0.36,0.01,62
POS,0.13,-0.34,0.01,61
POS,0.11,-0.31,0.01,65
POS,0.13,-0.31,0.03,57
POS,0.12,-0.31,0.02,67
POS,0.14,-0.33,0.04,69
POS,0.14,-0.32,0.03,62
POS,0.12,-0.30,0.03,60
POS,0.14,-0.33,0.01,74
POS,0.13,-0.32,0.02,59
POS,0.12,-0.32,0.03,65
POS,0.11,-0.32,0.02,68
POS,0.11,-0.32,0.03,68
POS,0.10,-0.31,0.02,67
POS,0.12,-0.32,0.04,67
POS,0.12,-0.32,0.03,67
POS,0.10,-0.30,0.02,67
POS,0.20,-0.35,0.02,87
POS,0.17,-0.35,0.04,70
POS,0.16,-0.34,0.04,62
POS,0.13,-0.33,0.03,66
POS,0.12,-0.31,0.01,70
POS,0.14,-0.32,-0.01,70
POS,0.16,-0.33,-0.02,71
POS,0.16,-0.34,-0.00,67
POS,0.16,-0.35,0.02,67
POS,0.14,-0.33,0.00,72
POS,0.15,-0.33,0.02,63
POS,0.14,-0.32,0.02,61
POS,0.14,-0.34,0.02,69
POS,0.14,-0.34,0.03,64
POS,0.13,-0.32,0.01,71
POS,0.13,-0.33,0.02,67
POS,0.14,-0.34,0.02,67
POS,0.14,-0.18,0.01,68
POS,0.15,-0.22,0.03,68
POS,0.13,-0.25,0.03,66
POS,0.13,-0.27,0.04,63
POS,0.13,-0.28,-0.01,81
POS,0.15,-0.30,-0.00,62
POS,0.13,-0.30,0.01,67
POS,0.13,-0.31,0.02,65
POS,0.15,-0.34,0.04,71
POS,0.14,-0.34,0.03,65
POS,0.12,-0.32,0.02,69
POS,0.11,-0.31,0.04,63
POS,0.14,-0.32,0.02,67
POS,0.15,-0.34,-0.01,75
POS,0.15,-0.34,0.01,68
POS,0.14,-0.31,-0.02,80
POS,0.12,-0.30,-0.01,62
POS,0.13,-0.30,-0.03,73
POS,0.14,-0.32,-0.01,69
POS,0.17,-0.28,-0.09,82
POS,0.16,-0.30,-0.05,68
POS,0.16,-0.32,-0.05,72
POS,0.16,-0.33,-0.03,66
POS,0.16,-0.34,-0.01,67
POS,0.16,-0.34,0.01,64
POS,0.16,-0.33,-0.01,69
POS,0.14,-0.32,0.00,61
POS,0.13,-0.33,-0.00,71
POS,0.15,-0.35,0.02,71
POS,0.15,-0.34,0.02,61
POS,0.16,-0.35,-0.01,74
POS,0.15,-0.36,0.02,73
POS,0.15,-0.36,0.02,70
POS,0.14,-0.36,0.03,68
POS,0.15,-0.29,-0.06,83
POS,0.14,-0.32,-0.02,76
POS,0.13,-0.33,0.02,72
POS,0.13,-0.33,0.03,63
POS,0.15,-0.35,0.02,72
POS,0.13,-0.34,0.01,65
POS,0.13,-0.35,0.01,69
POS,0.13,-0.34,0.03,65
POS,0.12,-0.34,0.04,68
POS,0.11,-0.31,0.03,63
POS,0.17,-0.34,0.02,65
POS,0.16,-0.34,0.04,65
POS,0.15,-0.33,0.04,62
POS,0.15,-0.34,0.00,75
POS,0.14,-0.35,-0.01,77
POS,0.17,-0.37,0.04,74
POS,0.15,-0.36,0.02,71
POS,0.18,-0.36,0.00,68
POS,0.17,-0.36,0.01,65
POS,0.16,-0.34,0.02,59
POS,0.17,-0.36,0.02,73
POS,0.16,-0.35,0.02,61
POS,0.16,-0.34,0.03,53
POS,0.16,-0.34,0.03,64
POS,0.16,-0.34,0.03,60
POS,0.15,-0.33,0.01,69
POS,0.15,-0.32,0.03,60
POS,0.19,-0.35,0.03,64
POS,0.16,-0.34,0.03,64
POS,0.16,-0.32,0.03,53
POS,0.17,-0.32,-0.00,72
POS,0.17,-0.33,0.01,68
POS,0.16,-0.32,-0.00,68
POS,0.15,-0.33,-0.01,71
POS,0.15,-0.32,-0.02,67
POS,0.16,-0.33,-0.00,64
POS,0.15,-0.33,-0.00,65
POS,0.19,-0.34,-0.01,67
POS,0.19,-0.36,-0.01,72
POS,0.17,-0.35,0.02,65
POS,0.15,-0.35,0.01,70
POS,0.15,-0.36,0.02,74
POS,0.14,-0.36,0.01,73
POS,0.14,-0.36,0.03,64
POS,0.14,-0.36,0.04,67
POS,0.12,-0.35,0.04,68
POS,0.12,-0.35,0.03,67
POS,0.11,-0.32,-0.01,83
POS,0.11,-0.30,0.01,52
POS,0.13,-0.32,-0.00,71
POS,0.13,-0.32,0.02,64
POS,0.14,-0.32,0.04,55
POS,0.16,-0.27,-0.04,83
POS,0.15,-0.29,-0.01,66
POS,0.17,-0.31,-0.04,72
POS,0.17,-0.30,-0.03,59
POS,0.14,-0.30,-0.01,66
POS,0.14,-0.30,0.00,54
POS,0.16,-0.32,0.01,65
POS,0.17,-0.34,0.02,70
POS,0.15,-0.33,0.05,68
POS,0.15,-0.29,-0.02,87
POS,0.14,-0.32,0.02,76
POS,0.13,-0.31,0.01,67
POS,0.12,-0.31,0.01,69
POS,0.12,-0.31,-0.03,78
POS,0.13,-0.33,-0.01,72
POS,0.12,-0.34,0.01,69
POS,0.12,-0.35,0.02,71
POS,0.12,-0.34,0.04,64
POS,0.13,-0.36,0.04,72
POS,0.14,-0.34,0.04,53
POS,0.12,-0.32,0.04,63
POS,0.13,-0.34,0.06,73
POS,0.14,-0.35,0.04,71
POS,0.15,-0.35,0.02,70
POS,0.13,-0.34,0.01,70
POS,0.13,-0.35,0.04,73
POS,0.11,-0.33,0.04,65
POS,0.10,-0.34,0.02,74
POS,0.11,-0.33,0.01,64
POS,0.13,-0.34,0.01,70
POS,0.12,-0.35,0.02,71
POS,0.14,-0.36,0.04,66
POS,0.15,-0.35,0.03,56
POS,0.14,-0.35,0.04,68
POS,0.12,-0.34,0.04,69
POS,0.10,-0.31,0.06,64
POS,0.12,-0.32,0.04,67
POS,0.12,-0.29,0.04,44
POS,0.14,-0.30,0.00,74
POS,0.12,-0.29,-0.01,72
POS,0.11,-0.28,-0.02,71
POS,0.12,-0.30,-0.01,71
POS,0.13,-0.33,0.00,71
POS,0.13,-0.34,0.02,69
POS,0.12,-0.33,0.03,65
POS,0.14,-0.33,0.06,65
POS,0.15,-0.15,0.04,70
POS,0.17,-0.21,0.01,72
POS,0.16,-0.24,0.01,62
POS,0.17,-0.28,-0.00,72
POS,0.14,-0.27,0.02,64
POS,0.15,-0.29,0.05,62
POS,0.20,-0.26,-0.06,82
POS,0.19,-0.30,-0.01,73
POS,0.17,-0.29,0.00,55
POS,0.16,-0.30,0.03,67
POS,0.16,-0.31,0.03,62
POS,0.17,-0.34,0.05,72
POS,0.16,-0.33,0.05,60
POS,0.15,-0.32,0.04,63
POS,0.13,-0.33,0.03,70
POS,0.13,-0.33,0.00,74
POS,0.13,-0.35,0.03,74
POS,0.12,-0.33,0.03,62
POS,0.12,-0.33,0.04,67
POS,0.11,-0.33,0.02,73
POS,0.10,-0.34,0.02,71
POS,0.10,-0.33,0.04,66
POS,0.11,-0.34,0.06,71
POS,0.10,-0.32,0.05,64
POS,0.10,-0.33,0.04,68
POS,0.08,-0.31,0.03,67
POS,0.11,-0.34,0.05,74
POS,0.12,-0.34,0.04,64
POS,0.12,-0.34,0.02,72
POS,0.12,-0.35,0.01,76
POS,0.12,-0.34,0.03,63
POS,0.13,-0.34,0.04,60
POS,0.12,-0.36,0.06,76
POS,0.13,-0.35,0.05,58
POS,0.16,-0.36,0.02,70
POS,0.16,-0.36,0.03,64
POS,0.16,-0.36,0.03,66
POS,0.14,-0.35,0.04,64
POS,0.14,-0.34,0.05,61
POS,0.15,-0.35,0.05,68
POS,0.20,-0.36,0.02,69
POS,0.19,-0.36,0.04,65
POS,0.17,-0.36,0.03,68
POS,0.17,-0.35,0.03,63
POS,0.15,-0.33,0.04,61
POS,0.16,-0.34,0.01,73
POS,0.16,-0.34,0.02,62
POS,0.16,-0.34,0.04,66
POS,0.16,-0.33,0.04,54
POS,0.14,-0.35,0.04,73
POS,0.13,-0.35,0.04,70
POS,0.12,-0.34,0.03,66
POS,0.14,-0.35,-0.00,74
POS,0.13,-0.31,-0.00,64
POS,0.12,-0.33,0.01,69
POS,0.11,-0.32,0.02,64
POS,0.12,-0.31,0.00,69
POS,0.12,-0.33,0.01,69
POS,0.17,-0.34,-0.00,67
POS,0.16,-0.33,0.00,59
POS,0.15,-0.33,-0.00,68
POS,0.15,-0.34,-0.00,69
POS,0.17,-0.29,-0.07,81
POS,0.17,-0.32,-0.05,71
POS,0.18,-0.27,-0.10,82
POS,0.19,-0.30,-0.06,72
POS,0.18,-0.32,-0.06,73
POS,0.17,-0.32,-0.04,59
POS,0.14,-0.31,-0.02,67
POS,0.15,-0.33,-0.00,69
POS,0.13,-0.32,-0.01,69
POS,0.13,-0.33,0.00,65
POS,0.14,-0.33,0.02,65
POS,0.12,-0.32,0.01,69
POS,0.12,-0.32,-0.00,73
POS,0.10,-0.30,-0.02,79
POS,0.10,-0.29,-0.02,61
POS,0.12,-0.29,0.01,56
POS,0.11,-0.30,0.01,67
POS,0.11,-0.31,0.01,68
POS,0.09,-0.30,0.01,64
POS,0.09,-0.30,0.03,65
POS,0.11,-0.32,0.01,74
POS,0.06,-0.37,-0.01,99
POS,0.09,-0.37,0.00,68
POS,0.12,-0.39,0.02,71
POS,0.13,-0.38,0.03,66
POS,0.12,-0.36,-0.00,78
POS,0.13,-0.35,0.01,63
POS,0.13,-0.34,0.01,64
POS,0.13,-0.32,0.02,49
POS,0.17,-0.34,-0.02,74
POS,0.15,-0.32,-0.02,71
POS,0.14,-0.30,0.01,55
POS,0.12,-0.29,0.02,63
POS,0.13,-0.31,0.04,72
POS,0.13,-0.32,0.02,72
POS,0.14,-0.34,0.02,71
POS,0.12,-0.31,0.01,62
POS,0.12,-0.29,0.03,52
POS,0.11,-0.29,0.02,67
POS,0.12,-0.31,0.02,66
POS,0.12,-0.32,0.00,72
POS,0.14,-0.33,0.00,63
POS,0.14,-0.33,0.03,64
POS,0.14,-0.32,0.06,62
POS,0.13,-0.31,0.05,60
POS,0.13,-0.33,0.07,74
POS,0.13,-0.32,0.01,94
POS,0.13,-0.33,0.03,69
POS,0.13,-0.33,0.04,59
POS,0.13,-0.33,0.05,65
POS,0.13,-0.32,0.05,56
POS,0.14,-0.34,0.02,74
POS,0.15,-0.34,-0.01,76
POS,0.16,-0.34,0.03,66
POS,0.15,-0.33,0.04,61
POS,0.15,-0.33,0.03,67
POS,0.15,-0.34,0.04,64
POS,0.15,-0.35,0.04,69
POS,0.13,-0.34,0.04,69
POS,0.12,-0.33,0.01,76
POS,0.14,-0.35,0.03,73
POS,0.16,-0.36,0.01,72
POS,0.16,-0.36,0.02,67
POS,0.15,-0.35,0.03,58
POS,0.14,-0.35,0.01,75
POS,0.13,-0.33,-0.01,74
POS,0.14,-0.34,-0.03,75
POS,0.13,-0.33,-0.03,68
POS,0.13,-0.35,-0.00,73
POS,0.13,-0.36,0.00,70
POS,0.14,-0.36,-0.02,75
POS,0.15,-0.36,-0.03,72
POS,0.15,-0.35,-0.02,63
POS,0.17,-0.37,-0.02,71
POS,0.17,-0.36,-0.04,77
POS,0.15,-0.35,-0.03,62
POS,0.13,-0.33,-0.02,66
POS,0.13,-0.32,0.00,62
POS,0.12,-0.32,-0.01,69
POS,0.12,-0.32,-0.00,66
POS,0.15,-0.35,0.03,72
POS,0.17,-0.37,0.03,72
POS,0.17,-0.36,0.05,60
POS,0.15,-0.34,0.04,61
POS,0.14,-0.33,0.03,65
POS,0.14,-0.33,0.02,67
POS,0.18,-0.29,-0.06,81
POS,0.17,-0.30,-0.03,65
POS,0.15,-0.32,0.01,73
POS,0.14,-0.31,0.00,68
POS,0.14,-0.31,0.02,61
POS,0.13,-0.31,0.03,62
POS,0.15,-0.33,0.01,71
POS,0.13,-0.31,0.03,66
POS,0.13,-0.31,0.01,72
POS,0.12,-0.31,0.01,65
POS,0.15,-0.32,-0.05,94
POS,0.13,-0.33,-0.02,72
POS,0.11,-0.32,-0.00,62
POS,0.13,-0.33,0.03,67
POS,0.13,-0.34,0.03,67
POS,0.13,-0.33,-0.02,81
POS,0.12,-0.32,-0.00,62
POS,0.13,-0.34,0.01,71
POS,0.15,-0.36,0.01,70
POS,0.15,-0.37,0.02,72
POS,0.16,-0.38,-0.01,74
POS,0.19,-0.39,0.01,69
POS,0.16,-0.37,0.02,70
POS,0.15,-0.36,0.03,57
POS,0.16,-0.37,0.05,71
POS,0.18,-0.39,0.04,72
POS,0.17,-0.38,0.03,68
POS,0.17,-0.36,0.03,58
POS,0.16,-0.35,0.04,58
POS,0.15,-0.32,0.01,70
POS,0.13,-0.32,-0.01,74
POS,0.16,-0.35,-0.01,71
POS,0.18,-0.36,0.03,69
POS,0.16,-0.36,0.04,67
POS,0.18,-0.37,0.03,70
POS,0.17,-0.37,0.02,73
POS,0.15,-0.33,0.02,60
POS,0.13,-0.33,0.02,63
POS,0.13,-0.31,-0.01,72
POS,0.11,-0.30,0.02,65
POS,0.11,-0.30,0.03,65
POS,0.10,-0.30,0.03,64
POS,0.12,-0.32,0.04,66
POS,0.11,-0.32,0.02,72
POS,0.12,-0.34,0.04,72
POS,0.12,-0.33,0.01,74
POS,0.15,-0.33,-0.02,72
POS,0.14,-0.33,-0.02,66
POS,0.13,-0.31,0.01,51
POS,0.14,-0.31,0.00,65
POS,0.14,-0.31,0.01,58
POS,0.16,-0.33,0.02,67
POS,0.15,-0.33,0.02,61
POS,0.15,-0.34,0.02,67
POS,0.15,-0.35,0.00,73
POS,0.18,-0.34,-0.03,72
POS,0.18,-0.36,-0.01,72
POS,0.17,-0.35,-0.01,64
POS,0.14,-0.33,0.01,64
POS,0.12,-0.32,0.00,71
POS,0.11,-0.31,-0.01,69
POS,0.11,-0.32,-0.01,68
POS,0.13,-0.34,0.01,67
POS,0.11,-0.32,0.01,61
POS,0.12,-0.31,0.01,61
POS,0.11,-0.30,-0.02,78
POS,0.12,-0.31,-0.01,63
POS,0.13,-0.32,0.00,64
POS,0.14,-0.33,0.02,68
POS,0.14,-0.35,0.01,73
POS,0.13,-0.35,0.00,71
POS,0.15,-0.31,-0.07,86
POS,0.16,-0.33,-0.04,70
POS,0.15,-0.32,-0.04,72
POS,0.13,-0.30,-0.03,62
POS,0.15,-0.31,-0.01,62
POS,0.17,-0.34,-0.00,69
POS,0.17,-0.29,-0.07,86
POS,0.14,-0.29,-0.04,66
POS,0.14,-0.31,-0.02,67
POS,0.15,-0.33,-0.00,68
POS,0.18,-0.34,-0.01,69
POS,0.17,-0.36,0.02,73
POS,0.16,-0.35,0.01,66
POS,0.16,-0.35,0.02,66
POS,0.16,-0.36,0.00,72
POS,0.16,-0.35,0.02,60
POS,0.14,-0.35,0.02,68
POS,0.15,-0.35,-0.01,75
POS,0.14,-0.34,-0.00,62
POS,0.14,-0.33,-0.00,62
POS,0.13,-0.33,-0.02,74
POS,0.13,-0.33,-0.01,64
POS,0.12,-0.31,-0.01,63
POS,0.13,-0.31,0.01,56
POS,0.14,-0.32,0.02,65
POS,0.13,-0.34,0.03,72
POS,0.11,-0.32,0.02,66
POS,0.10,-0.34,0.03,75
POS,0.10,-0.32,0.03,60
POS,0.10,-0.32,0.04,66
POS,0.12,-0.33,0.00,77
POS,0.10,-0.31,0.02,61
POS,0.15,-0.32,-0.00,67
POS,0.15,-0.33,0.01,65
POS,0.16,-0.35,0.02,70
POS,0.16,-0.35,0.02,64
POS,0.16,-0.34,0.02,64
POS,0.15,-0.33,0.02,60
POS,0.16,-0.35,0.04,74
POS,0.15,-0.34,0.01,72
POS,0.14,-0.34,0.02,64
POS,0.13,-0.33,0.01,66
POS,0.13,-0.34,0.01,66
POS,0.15,-0.35,0.04,71
POS,0.14,-0.36,0.05,71
POS,0.14,-0.35,0.04,66
POS,0.13,-0.37,0.05,76
POS,0.14,-0.35,0.02,69
POS,0.14,-0.37,0.02,72
POS,0.14,-0.36,0.04,65
POS,0.13,-0.35,0.02,72
POS,0.13,-0.34,0.02,59