POS,0.61,-0.60,0.04,84
POS,0.67,-0.56,0.05,85
POS,0.69,-0.55,0.01,85
POS,0.72,-0.52,0.02,83
POS,0.69,-0.56,0.03,85
POS,0.72,-0.53,0.02,83
POS,0.70,-0.54,0.06,84
POS,0.64,-0.56,0.05,81
POS,0.61,-0.57,0.02,80
POS,0.66,-0.55,0.04,85
POS,0.68,-0.55,0.02,86
POS,0.69,-0.55,0.01,85
POS,0.69,-0.56,0.00,86
POS,0.71,-0.57,0.00,87
POS,0.68,-0.57,-0.03,83
POS,0.69,-0.58,-0.00,86
POS,0.66,-0.59,0.02,83
POS,0.66,-0.58,0.03,84
POS,0.65,-0.59,0.04,83
POS,0.66,-0.59,0.03,85
POS,0.68,-0.59,0.03,87
POS,0.65,-0.60,0.02,83
POS,0.68,-0.58,0.03,85
POS,0.65,-0.60,0.06,84
POS,0.68,-0.57,0.04,85
POS,0.68,-0.57,0.00,84
POS,0.70,-0.56,0.04,86
POS,0.70,-0.56,0.05,85
POS,0.68,-0.57,0.03,83
POS,0.69,-0.57,0.02,86
POS,0.69,-0.57,0.02,85
POS,0.68,-0.59,0.05,86
POS,0.69,-0.57,0.01,84
POS,0.70,-0.57,0.01,86
POS,0.67,-0.58,-0.01,82
POS,0.66,-0.58,-0.02,83
POS,0.67,-0.58,-0.01,86
POS,0.71,-0.55,0.02,84
POS,0.71,-0.54,-0.01,85
POS,0.69,-0.56,0.01,84
POS,0.66,-0.57,-0.02,83
POS,0.65,-0.59,-0.02,84
POS,0.65,-0.59,0.01,84
POS,0.63,-0.59,0.01,82
POS,0.59,-0.58,-0.03,82
POS,0.59,-0.59,-0.02,83
POS,0.62,-0.58,-0.04,86
POS,0.62,-0.55,-0.08,84
POS,0.63,-0.56,-0.07,83
POS,0.62,-0.57,-0.04,84
POS,0.61,-0.58,-0.02,83
POS,0.64,-0.58,0.01,86
POS,0.61,-0.59,0.02,81
POS,0.65,-0.56,0.02,83
POS,0.63,-0.58,0.02,84
POS,0.59,-0.60,0.01,82
POS,0.58,-0.60,0.05,83
POS,0.55,-0.61,0.05,81
POS,0.58,-0.60,0.05,84
POS,0.56,-0.61,0.02,82
POS,0.59,-0.60,0.02,83
POS,0.56,-0.60,-0.01,81
POS,0.57,-0.58,-0.01,80
POS,0.53,-0.59,0.02,80
POS,0.52,-0.59,0.01,81
POS,0.51,-0.60,0.01,82
POS,0.57,-0.57,0.02,82
POS,0.56,-0.58,0.01,82
POS,0.59,-0.57,-0.00,84
POS,0.58,-0.58,0.00,83
POS,0.58,-0.59,-0.02,83
POS,0.57,-0.59,-0.01,82
POS,0.57,-0.60,0.01,82
POS,0.54,-0.61,0.01,83
POS,0.55,-0.61,-0.01,82
POS,0.56,-0.59,0.02,80
POS,0.56,-0.60,0.03,83
POS,0.61,-0.57,-0.02,86
POS,0.57,-0.59,0.01,83
POS,0.57,-0.59,-0.00,81
POS,0.56,-0.59,-0.04,84
POS,0.61,-0.56,-0.01,82
POS,0.61,-0.57,-0.03,83
POS,0.59,-0.58,-0.04,81
POS,0.56,-0.59,-0.03,81
POS,0.52,-0.60,-0.01,81
POS,0.55,-0.57,-0.02,81
POS,0.56,-0.58,-0.02,82
POS,0.56,-0.59,0.00,83
POS,0.58,-0.58,0.02,83
POS,0.62,-0.56,-0.02,85
POS,0.60,-0.57,-0.03,82
POS,0.61,-0.57,-0.06,84
POS,0.59,-0.59,-0.03,83
POS,0.61,-0.57,-0.05,84
POS,0.57,-0.59,-0.01,82
POS,0.61,-0.57,-0.03,84
POS,0.61,-0.57,-0.02,83
POS,0.63,-0.30,-0.05,84
POS,0.58,-0.38,-0.04,80
POS,0.63,-0.41,-0.01,85
POS,0.62,-0.43,-0.05,84
POS,0.63,-0.45,-0.07,83
POS,0.62,-0.49,-0.04,82
POS,0.63,-0.51,-0.05,83
POS,0.63,-0.52,-0.04,84
POS,0.63,-0.54,-0.04,82
POS,0.58,-0.56,-0.04,81
POS,0.55,-0.57,-0.05,81
POS,0.54,-0.57,-0.05,80
POS,0.56,-0.58,-0.03,83
POS,0.55,-0.59,-0.02,81
POS,0.54,-0.59,-0.04,81
POS,0.55,-0.59,-0.02,82
POS,0.55,-0.59,-0.02,80
POS,0.55,-0.58,-0.01,80
POS,0.56,-0.59,0.02,84
POS,0.59,-0.60,0.03,85
POS,0.59,-0.59,0.05,84
POS,0.59,-0.61,0.03,85
POS,0.58,-0.61,0.05,83
POS,0.54,-0.61,0.02,80
POS,0.56,-0.60,-0.01,83
POS,0.55,-0.60,-0.02,80
POS,0.55,-0.61,0.01,84
POS,0.59,-0.60,0.01,84
POS,0.59,-0.60,0.02,84
POS,0.57,-0.60,-0.02,83
POS,0.61,-0.57,-0.02,83
POS,0.58,-0.58,0.01,81
POS,0.61,-0.57,-0.02,84
POS,0.62,-0.57,-0.01,83
POS,0.57,-0.58,-0.02,81
POS,0.60,-0.57,-0.03,83
POS,0.58,-0.58,-0.04,81
POS,0.60,-0.57,-0.00,84
POS,0.58,-0.59,-0.01,83
POS,0.56,-0.60,0.01,82
POS,0.53,-0.61,0.00,82
POS,0.56,-0.60,-0.01,83
POS,0.58,-0.58,-0.03,82
POS,0.61,-0.57,-0.03,83
POS,0.60,-0.57,-0.05,81
POS,0.59,-0.58,-0.04,82
POS,0.63,-0.56,-0.04,84
POS,0.61,-0.57,-0.02,82
POS,0.59,-0.58,-0.03,82
POS,0.57,-0.59,-0.01,82
POS,0.60,-0.57,-0.04,84
POS,0.56,-0.57,0.04,93
POS,0.59,-0.55,0.01,82
POS,0.60,-0.54,-0.04,85
POS,0.60,-0.56,-0.02,82
POS,0.59,-0.57,0.02,82
POS,0.57,-0.59,-0.02,85
POS,0.56,-0.61,-0.01,84
POS,0.56,-0.62,0.03,85
POS,0.58,-0.61,0.00,83
POS,0.59,-0.60,0.03,83
POS,0.58,-0.61,0.03,82
POS,0.61,-0.59,0.02,85
POS,0.61,-0.59,0.01,83
POS,0.62,-0.59,0.01,84
POS,0.62,-0.57,-0.03,84
POS,0.59,-0.57,-0.06,83
POS,0.58,-0.59,-0.05,83
POS,0.63,-0.55,-0.04,81
POS,0.61,-0.57,-0.02,83
POS,0.63,-0.57,-0.01,84
POS,0.61,-0.57,-0.02,79
POS,0.59,-0.57,0.02,81
POS,0.61,-0.56,0.03,83
POS,0.58,-0.58,-0.01,83
POS,0.56,-0.59,0.02,82
POS,0.57,-0.58,0.01,81
POS,0.55,-0.59,0.04,81
POS,0.54,-0.59,0.01,81
POS,0.57,-0.58,-0.02,84
POS,0.60,-0.57,-0.03,83
POS,0.58,-0.59,-0.01,84
POS,0.57,-0.60,-0.01,82
POS,0.57,-0.61,-0.05,85
POS,0.56,-0.60,-0.04,80
POS,0.57,-0.60,-0.03,82
POS,0.58,-0.60,-0.03,83
POS,0.57,-0.61,-0.01,83
POS,0.56,-0.61,-0.00,81
POS,0.56,-0.62,-0.01,83
POS,0.56,-0.62,-0.01,84
POS,0.56,-0.61,-0.00,80
POS,0.55,-0.61,0.01,83
POS,0.56,-0.61,0.01,82
POS,0.58,-0.61,-0.01,84
POS,0.57,-0.62,0.03,84
POS,0.58,-0.62,0.05,85
POS,0.58,-0.62,0.04,83
POS,0.56,-0.63,0.06,83
POS,0.58,-0.62,0.06,84
POS,0.64,-0.58,0.03,85
POS,0.68,-0.56,0.02,86
POS,0.69,-0.56,0.01,86
POS,0.63,-0.58,0.00,80
POS,0.66,-0.55,0.00,83
POS,0.65,-0.57,0.01,83
POS,0.61,-0.59,0.03,82
POS,0.60,-0.59,0.05,82
POS,0.61,-0.58,0.02,82
POS,0.63,-0.57,0.00,84
POS,0.63,-0.57,-0.02,83
POS,0.62,-0.57,0.01,82
POS,0.64,-0.56,0.04,83
POS,0.62,-0.57,0.04,83
POS,0.64,-0.57,0.04,84
POS,0.63,-0.58,0.01,83
POS,0.63,-0.58,0.03,84
POS,0.64,-0.59,0.03,85
POS,0.62,-0.60,0.05,83
POS,0.61,-0.61,0.07,85
POS,0.62,-0.60,0.03,83
POS,0.59,-0.61,0.01,83
POS,0.56,-0.62,0.01,82
POS,0.55,-0.63,0.03,84
POS,0.53,-0.62,-0.02,84
POS,0.55,-0.60,-0.04,81
POS,0.56,-0.60,-0.04,82
POS,0.58,-0.60,-0.02,83
POS,0.57,-0.59,-0.01,79
POS,0.54,-0.61,-0.01,83
POS,0.52,-0.60,-0.04,83
POS,0.55,-0.60,0.00,84
POS,0.58,-0.59,-0.02,84
POS,0.59,-0.59,-0.02,82
POS,0.58,-0.59,-0.01,82
POS,0.62,-0.58,0.01,85
POS,0.62,-0.60,0.02,85
POS,0.59,-0.60,0.02,81
POS,0.61,-0.59,0.00,84
POS,0.62,-0.58,-0.01,82
POS,0.59,-0.59,0.02,82
POS,0.55,-0.57,-0.10,91
POS,0.52,-0.26,-0.13,87
POS,0.46,-0.38,-0.02,88
POS,0.53,-0.46,-0.02,89
POS,0.54,-0.52,-0.05,86
POS,0.54,-0.55,-0.01,85
POS,0.50,-0.59,0.07,86
POS,0.53,-0.59,0.11,85
POS,0.53,-0.61,0.15,86
POS,0.61,-0.60,0.13,89
POS,0.61,-0.62,0.07,86
POS,0.61,-0.63,0.10,86
POS,0.72,-0.53,0.15,92
POS,0.70,-0.57,0.10,87
POS,0.66,-0.60,0.06,85
POS,0.77,-0.53,0.04,91
POS,0.71,-0.58,0.04,86
POS,0.70,-0.39,0.17,92
POS,0.76,-0.27,0.05,94
POS,0.78,-0.35,0.03,88
POS,0.81,-0.41,0.01,90
POS,0.85,-0.44,0.01,91
POS,0.81,-0.51,-0.01,88
POS,0.82,-0.53,0.05,90
POS,0.86,-0.52,0.06,90
POS,0.88,-0.50,0.14,92
POS,0.91,-0.51,0.12,91
POS,0.92,-0.49,0.17,90
POS,0.85,-0.53,0.18,87
POS,0.86,-0.52,0.21,90
POS,0.87,-0.54,0.20,90
POS,0.88,-0.54,0.21,90
POS,0.86,-0.54,0.25,90
POS,0.87,-0.54,0.22,89
POS,0.86,-0.53,0.24,89
POS,0.87,-0.53,0.22,89
POS,0.86,-0.56,0.19,91
POS,0.86,-0.55,0.18,89
POS,0.84,-0.55,0.24,90
POS,0.84,-0.57,0.26,91
POS,0.88,-0.55,0.26,92
POS,0.90,-0.56,0.23,91
POS,0.81,-0.59,0.28,88
POS,0.70,-0.64,0.24,88
POS,0.68,-0.64,0.26,88
POS,0.63,-0.66,0.26,87
POS,0.64,-0.68,0.20,89
POS,0.64,-0.66,0.24,87
POS,0.59,-0.68,0.25,87
POS,0.59,-0.68,0.25,87
POS,0.62,-0.68,0.23,88
POS,0.62,-0.68,0.24,88
POS,0.65,-0.67,0.23,88
POS,0.65,-0.66,0.14,87
POS,0.61,-0.68,0.12,86
POS,0.60,-0.69,0.10,87
POS,0.58,-0.70,0.10,86
POS,0.57,-0.70,0.08,86
POS,0.59,-0.70,0.08,87
POS,0.67,-0.66,0.09,89
POS,0.66,-0.65,0.05,86
POS,0.67,-0.66,0.08,88
POS,0.65,-0.67,0.13,88
POS,0.56,-0.69,0.12,87
POS,0.60,-0.68,0.09,88
POS,0.60,-0.68,0.07,86
POS,0.68,-0.64,0.09,89
POS,0.65,-0.66,0.08,86
POS,0.64,-0.66,0.01,88
POS,0.65,-0.65,-0.04,87
POS,0.65,-0.66,-0.03,87
POS,0.63,-0.68,0.04,88
POS,0.64,-0.67,-0.01,88
POS,0.64,-0.69,0.07,89
POS,0.51,-0.69,0.12,89
POS,0.45,-0.68,0.03,88
POS,0.39,-0.69,-0.02,87
POS,0.33,-0.64,-0.11,92
POS,0.27,-0.64,-0.13,88
POS,0.30,-0.65,-0.15,87
POS,0.31,-0.67,-0.15,86
POS,0.32,-0.67,-0.15,86
POS,0.33,-0.67,-0.15,85
POS,0.34,-0.69,-0.11,85
POS,0.34,-0.68,-0.10,84
POS,0.30,-0.67,-0.12,87
POS,0.30,-0.69,-0.08,86
POS,0.26,-0.69,-0.03,88
POS,0.24,-0.71,0.02,89
POS,0.19,-0.71,0.03,90
POS,0.15,-0.69,0.05,88
POS,0.18,-0.70,0.03,86
POS,0.19,-0.71,0.03,87
POS,0.19,-0.71,0.00,87
POS,0.23,-0.73,0.01,88
POS,0.29,-0.75,0.04,88
POS,0.31,-0.38,0.11,88
POS,0.41,-0.46,0.10,89
POS,0.43,-0.13,0.10,89
POS,0.40,-0.27,0.04,86
POS,0.30,-0.35,0.11,90
POS,0.39,-0.36,-0.01,92
POS,0.43,-0.41,-0.02,78
POS,0.44,-0.46,0.00,81
POS,0.46,-0.49,0.03,80
POS,0.45,-0.52,0.05,81
POS,0.47,-0.52,0.07,78
POS,0.43,-0.55,0.07,82
POS,0.64,-0.57,-0.03,82
POS,0.60,-0.58,-0.00,81
POS,0.58,-0.59,-0.01,80
POS,0.57,-0.60,-0.01,83
POS,0.54,-0.61,-0.00,81
POS,0.53,-0.61,-0.00,82
POS,0.55,-0.60,0.03,83
POS,0.56,-0.60,0.01,82
POS,0.61,-0.57,0.02,83
POS,0.60,-0.56,-0.03,84
POS,0.62,-0.55,0.00,83
POS,0.60,-0.57,0.02,83
POS,0.61,-0.57,-0.03,85
POS,0.63,-0.57,-0.00,84
POS,0.60,-0.57,0.06,96
POS,0.58,-0.57,0.05,80
POS,0.57,-0.58,0.04,82
POS,0.59,-0.58,0.04,83
POS,0.59,-0.59,0.04,83
POS,0.59,-0.59,0.03,82
POS,0.60,-0.59,0.00,84
POS,0.61,-0.59,-0.00,83
POS,0.62,-0.59,-0.00,83
POS,0.63,-0.57,-0.01,83
POS,0.60,-0.59,0.01,83
POS,0.62,-0.58,-0.00,84
POS,0.61,-0.59,0.01,83
POS,0.57,-0.60,0.03,82
POS,0.57,-0.60,0.05,82
POS,0.55,-0.61,0.03,82
POS,0.55,-0.62,0.01,83
POS,0.54,-0.62,-0.00,82
POS,0.57,-0.61,0.01,84
POS,0.58,-0.60,0.06,98
POS,0.60,-0.59,0.04,84
POS,0.57,-0.61,0.01,82
POS,0.56,-0.61,0.02,83
POS,0.59,-0.60,0.01,84
POS,0.60,-0.60,0.03,84
POS,0.61,-0.58,0.00,80
POS,0.63,-0.57,0.02,84
POS,0.65,-0.56,0.01,84
POS,0.63,-0.57,0.03,82
POS,0.65,-0.56,0.00,84
POS,0.61,-0.57,0.01,81
POS,0.59,-0.59,-0.00,83
POS,0.58,-0.59,-0.01,82
POS,0.62,-0.58,-0.02,85
POS,0.64,-0.57,-0.03,85
POS,0.63,-0.57,-0.04,83
POS,0.58,-0.58,-0.05,81
POS,0.60,-0.58,-0.02,84
POS,0.61,-0.58,-0.01,83
POS,0.57,-0.59,0.01,82
POS,0.61,-0.57,-0.02,84
POS,0.63,-0.57,-0.00,84
POS,0.64,-0.57,-0.01,84
POS,0.65,-0.57,-0.01,84
POS,0.62,-0.58,-0.03,82
POS,0.60,-0.59,-0.01,83
POS,0.60,-0.59,0.01,82
POS,0.56,-0.60,0.00,82
POS,0.55,-0.60,-0.03,82
POS,0.55,-0.59,-0.04,81
POS,0.55,-0.59,-0.03,81
POS,0.55,-0.60,-0.02,83
POS,0.57,-0.60,0.01,83
POS,0.58,-0.59,-0.01,81
POS,0.61,-0.58,-0.00,84
POS,0.59,-0.59,0.00,82
POS,0.57,-0.59,-0.03,83
POS,0.59,-0.57,-0.06,83
POS,0.56,-0.59,-0.02,83
POS,0.56,-0.59,-0.02,81
POS,0.57,-0.59,0.02,82
POS,0.59,-0.58,-0.00,83
POS,0.61,-0.58,-0.00,84
POS,0.60,-0.59,-0.01,82
POS,0.59,-0.59,0.00,81
POS,0.60,-0.59,0.01,82
POS,0.58,-0.59,-0.00,81
POS,0.60,-0.58,0.01,84
POS,0.58,-0.59,0.01,81
POS,0.58,-0.58,0.01,82
POS,0.57,-0.59,-0.01,82
POS,0.61,-0.57,-0.05,86
POS,0.59,-0.58,-0.02,82
POS,0.59,-0.59,-0.02,82
POS,0.61,-0.57,-0.05,84
POS,0.58,-0.58,-0.05,80
POS,0.56,-0.59,-0.02,82
POS,0.56,-0.60,-0.01,84
POS,0.58,-0.59,-0.03,83
POS,0.58,-0.59,-0.01,82
POS,0.59,-0.59,0.00,83
POS,0.57,-0.60,0.01,82
POS,0.59,-0.59,-0.01,83
POS,0.62,-0.58,-0.02,85
POS,0.64,-0.57,-0.02,84
POS,0.59,-0.58,-0.00,80
POS,0.59,-0.58,0.03,83
POS,0.55,-0.60,0.02,82
POS,0.59,-0.59,0.02,85
POS,0.56,-0.60,0.02,81
POS,0.56,-0.60,0.01,83
POS,0.58,-0.59,0.02,82
POS,0.57,-0.59,0.05,82
POS,0.59,-0.59,0.03,83
POS,0.60,-0.60,0.04,84
POS,0.55,-0.60,0.05,82
POS,0.54,-0.61,0.06,82
POS,0.56,-0.60,0.05,83
POS,0.55,-0.61,0.05,83
POS,0.57,-0.60,0.09,83
POS,0.52,-0.61,0.04,83
POS,0.50,-0.62,0.04,83
POS,0.52,-0.60,-0.00,83
POS,0.56,-0.59,0.02,85
POS,0.55,-0.60,0.03,81
POS,0.58,-0.58,-0.01,82
POS,0.57,-0.58,-0.01,81
POS,0.59,-0.58,-0.02,84
POS,0.58,-0.59,-0.00,82
POS,0.59,-0.59,0.01,83
POS,0.59,-0.59,0.00,82
POS,0.62,-0.58,-0.01,84
POS,0.62,-0.58,-0.03,82
POS,0.61,-0.59,-0.03,83
POS,0.62,-0.58,-0.02,83
POS,0.60,-0.59,-0.03,82
POS,0.56,-0.61,-0.02,82
POS,0.55,-0.62,-0.03,83
POS,0.58,-0.59,0.01,83
POS,0.59,-0.59,0.02,83
POS,0.56,-0.60,0.01,81
POS,0.55,-0.60,0.02,81
POS,0.52,-0.61,0.04,82
POS,0.57,-0.59,0.05,84
POS,0.59,-0.58,0.07,84
POS,0.57,-0.59,0.05,82
POS,0.56,-0.60,0.07,83
POS,0.59,-0.59,0.03,84
POS,0.58,-0.60,0.02,83
POS,0.59,-0.59,-0.00,83
POS,0.61,-0.58,-0.01,83
POS,0.60,-0.59,0.01,83
POS,0.60,-0.59,0.03,82
POS,0.63,-0.56,-0.01,85
POS,0.64,-0.57,-0.01,84
POS,0.64,-0.58,-0.01,84
POS,0.64,-0.58,0.00,83
POS,0.66,-0.57,0.02,85
POS,0.65,-0.57,-0.01,82
POS,0.67,-0.57,-0.01,85
POS,0.67,-0.56,-0.02,83
POS,0.69,-0.54,-0.01,82
POS,0.72,-0.53,-0.01,86
POS,0.71,-0.54,-0.02,84
POS,0.69,-0.55,-0.01,83
POS,0.67,-0.54,-0.04,82
POS,0.67,-0.55,-0.01,83
POS,0.65,-0.56,-0.01,83
POS,0.64,-0.58,0.01,84
POS,0.64,-0.58,0.02,83
POS,0.65,-0.57,0.00,84
POS,0.64,-0.58,0.02,84
POS,0.64,-0.58,0.03,84
POS,0.62,-0.59,0.02,82
POS,0.63,-0.59,0.02,84
POS,0.63,-0.59,0.01,84
POS,0.62,-0.59,-0.01,81
POS,0.61,-0.59,0.03,82
POS,0.60,-0.59,0.02,82
POS,0.58,-0.61,0.02,83
POS,0.61,-0.60,0.00,84
POS,0.60,-0.60,0.01,82
POS,0.60,-0.60,0.01,84
POS,0.59,-0.59,0.04,81
POS,0.63,-0.57,0.01,85
POS,0.64,-0.57,0.01,83
POS,0.63,-0.58,0.00,84
POS,0.61,-0.60,0.03,84
POS,0.61,-0.59,0.01,82
POS,0.62,-0.58,-0.01,83
POS,0.62,-0.57,-0.02,81
POS,0.61,-0.58,-0.02,83
POS,0.63,-0.57,-0.01,85
POS,0.60,-0.59,0.00,82
POS,0.60,-0.58,0.01,81
POS,0.60,-0.59,0.02,84
POS,0.61,-0.59,0.02,83
POS,0.60,-0.58,-0.01,81
POS,0.63,-0.57,-0.02,85
POS,0.63,-0.58,-0.01,84
POS,0.62,-0.58,0.01,82
POS,0.60,-0.59,-0.03,83
POS,0.61,-0.59,-0.02,83
POS,0.61,-0.58,0.01,83
POS,0.60,-0.59,0.02,82
POS,0.62,-0.58,0.02,84
POS,0.61,-0.59,0.02,82
POS,0.63,-0.58,0.02,84
POS,0.59,-0.60,0.04,83
POS,0.59,-0.59,0.06,82
POS,0.58,-0.60,0.05,82
POS,0.59,-0.59,0.05,82
POS,0.60,-0.59,0.04,83
POS,0.60,-0.59,0.03,82
POS,0.59,-0.60,0.06,84
POS,0.61,-0.59,0.04,83
POS,0.58,-0.59,0.02,80
POS,0.59,-0.58,-0.00,82
POS,0.60,-0.59,0.02,84
POS,0.61,-0.58,-0.02,85
POS,0.63,-0.58,-0.01,85
POS,0.61,-0.58,-0.01,82
POS,0.58,-0.60,0.00,82
POS,0.61,-0.58,-0.03,84
POS,0.57,-0.59,-0.00,81
POS,0.61,-0.58,0.00,85
POS,0.62,-0.56,-0.04,85
POS,0.59,-0.58,0.00,82
POS,0.63,-0.55,0.02,82
POS,0.57,-0.57,0.02,81
POS,0.57,-0.58,-0.01,82
POS,0.58,-0.58,-0.00,84
POS,0.62,-0.56,0.01,81
POS,0.60,-0.57,0.01,82
POS,0.62,-0.57,0.05,85
POS,0.58,-0.58,0.04,81
POS,0.60,-0.58,0.02,83
POS,0.61,-0.58,0.04,84
POS,0.60,-0.58,0.04,82
POS,0.59,-0.58,0.01,80
POS,0.59,-0.57,0.06,82
POS,0.60,-0.57,0.05,83
POS,0.61,-0.58,0.03,83
POS,0.60,-0.59,0.02,82
POS,0.58,-0.60,-0.01,83
POS,0.60,-0.59,0.01,83
POS,0.61,-0.58,-0.01,84
POS,0.59,-0.59,-0.03,83
POS,0.59,-0.60,0.01,83
POS,0.57,-0.60,0.03,82
POS,0.56,-0.60,0.01,80
POS,0.59,-0.58,0.04,84
POS,0.62,-0.57,0.01,84
POS,0.61,-0.57,-0.01,82
POS,0.63,-0.57,-0.02,85
POS,0.60,-0.59,0.00,82
POS,0.59,-0.59,0.00,82
POS,0.58,-0.59,0.02,82
POS,0.60,-0.59,0.03,84
POS,0.60,-0.59,0.04,82
POS,0.59,-0.59,0.05,83
POS,0.56,-0.60,0.06,82
POS,0.54,-0.61,0.07,82
POS,0.54,-0.60,0.08,80
POS,0.54,-0.60,0.04,81
POS,0.57,-0.59,0.05,84
POS,0.58,-0.59,0.03,83
POS,0.59,-0.59,0.04,82
POS,0.57,-0.58,0.00,81
POS,0.58,-0.60,0.00,85
POS,0.54,-0.61,0.02,83
POS,0.53,-0.61,0.03,81
POS,0.52,-0.62,0.05,83
POS,0.51,-0.63,0.06,83
POS,0.51,-0.63,0.05,83
POS,0.48,-0.64,0.05,83
POS,0.52,-0.62,0.07,83
POS,0.51,-0.62,0.06,82
POS,0.52,-0.62,0.07,83
POS,0.52,-0.62,0.07,82
POS,0.55,-0.61,0.07,83
POS,0.56,-0.61,0.05,83
POS,0.57,-0.60,0.03,81
POS,0.56,-0.60,0.02,81
POS,0.56,-0.59,0.00,80
POS,0.60,-0.57,-0.03,84
POS,0.57,-0.58,-0.02,81
POS,0.60,-0.58,-0.02,84
POS,0.62,-0.57,-0.02,82
POS,0.56,-0.58,-0.01,81
POS,0.55,-0.59,0.01,82
POS,0.55,-0.59,0.02,82
POS,0.55,-0.61,0.05,84
POS,0.55,-0.61,0.04,82
POS,0.57,-0.60,0.04,83
POS,0.59,-0.59,0.03,82
POS,0.62,-0.58,0.06,84
POS,0.62,-0.58,0.05,82
POS,0.56,-0.58,0.03,78
POS,0.56,-0.59,0.03,83
POS,0.59,-0.58,0.02,83
POS,0.61,-0.57,0.01,83
POS,0.61,-0.57,0.02,83
POS,0.58,-0.59,0.05,82
POS,0.58,-0.60,0.06,84
POS,0.57,-0.59,0.03,80
POS,0.56,-0.60,0.03,83
POS,0.55,-0.61,0.03,82
POS,0.58,-0.56,-0.05,89
POS,0.60,-0.56,-0.07,83
POS,0.60,-0.57,-0.06,83
POS,0.61,-0.57,-0.05,83
POS,0.60,-0.57,-0.07,82
POS,0.61,-0.56,-0.06,83
POS,0.60,-0.57,-0.03,82
POS,0.59,-0.59,0.02,84
POS,0.59,-0.59,0.01,82
POS,0.56,-0.60,0.03,82
POS,0.56,-0.61,0.01,82
POS,0.56,-0.59,-0.01,80
POS,0.54,-0.60,0.00,83
POS,0.57,-0.59,0.00,83
POS,0.59,-0.59,0.01,83
POS,0.57,-0.60,-0.02,83
POS,0.59,-0.60,-0.00,84
POS,0.57,-0.61,-0.01,83
POS,0.59,-0.59,-0.01,83
POS,0.59,-0.60,0.00,83
POS,0.58,-0.61,-0.00,82
POS,0.58,-0.61,-0.00,83
POS,0.59,-0.60,0.01,83
POS,0.61,-0.58,0.01,83
POS,0.58,-0.60,-0.00,82
POS,0.58,-0.60,-0.01,82
POS,0.57,-0.60,-0.01,82
POS,0.56,-0.60,0.00,81
POS,0.55,-0.60,0.03,81
POS,0.55,-0.60,0.02,82
POS,0.55,-0.60,0.02,81
POS,0.54,-0.60,0.00,81
POS,0.56,-0.59,-0.00,82
POS,0.59,-0.58,-0.02,83
POS,0.57,-0.59,-0.00,82
POS,0.56,-0.57,-0.03,81
POS,0.54,-0.60,-0.04,83
POS,0.57,-0.59,-0.03,84
POS,0.54,-0.60,-0.02,81
POS,0.53,-0.61,-0.00,82
POS,0.52,-0.61,0.02,82
POS,0.56,-0.59,-0.01,82
POS,0.57,-0.60,-0.01,83
POS,0.58,-0.60,-0.01,83
POS,0.58,-0.60,0.01,82
POS,0.59,-0.60,0.05,84
POS,0.60,-0.59,0.04,83
POS,0.60,-0.58,0.03,82
POS,0.57,-0.59,-0.01,83
POS,0.59,-0.58,0.01,83
POS,0.58,-0.59,0.02,82
POS,0.60,-0.58,0.03,84
POS,0.61,-0.58,0.02,83
POS,0.63,-0.58,0.02,85
POS,0.60,-0.59,0.02,80
POS,0.57,-0.59,0.01,81
POS,0.58,-0.58,0.01,81
POS,0.60,-0.58,-0.01,83
POS,0.60,-0.57,-0.01,81
POS,0.60,-0.58,-0.00,83
POS,0.57,-0.58,0.00,80
POS,0.58,-0.58,0.03,82
POS,0.57,-0.58,0.00,80
POS,0.56,-0.59,0.02,83
POS,0.58,-0.58,-0.00,82
POS,0.63,-0.55,-0.02,84
POS,0.64,-0.55,-0.01,83
POS,0.62,-0.56,0.00,82
POS,0.60,-0.58,-0.01,82
POS,0.62,-0.57,-0.01,83
POS,0.59,-0.58,-0.02,81
POS,0.59,-0.58,-0.02,82
POS,0.62,-0.57,-0.03,84
POS,0.63,-0.57,-0.00,84
POS,0.59,-0.59,0.01,82
POS,0.57,-0.60,0.04,83
POS,0.57,-0.61,0.03,84
POS,0.58,-0.60,0.04,83
POS,0.55,-0.61,0.05,82
POS,0.57,-0.61,0.02,82
POS,0.55,-0.62,0.04,83
POS,0.53,-0.62,0.08,83
POS,0.52,-0.63,0.06,83
POS,0.50,-0.62,0.04,81
POS,0.49,-0.62,0.06,81
POS,0.48,-0.63,0.05,82
POS,0.48,-0.62,0.03,80
POS,0.49,-0.62,0.05,82
POS,0.54,-0.61,0.04,84
POS,0.56,-0.60,0.06,83
POS,0.57,-0.59,0.05,83
POS,0.54,-0.60,0.04,82
POS,0.51,-0.62,0.05,83
POS,0.55,-0.61,0.04,85
POS,0.56,-0.60,0.04,82
POS,0.57,-0.60,0.04,82
POS,0.59,-0.59,0.03,84
POS,0.59,-0.59,0.00,82
POS,0.61,-0.58,-0.02,83
POS,0.64,-0.58,-0.01,87
POS,0.63,-0.57,-0.01,81
POS,0.62,-0.58,-0.01,82
POS,0.62,-0.57,-0.03,82
POS,0.61,-0.58,0.01,81
POS,0.62,-0.57,0.00,83
POS,0.59,-0.58,-0.01,80
POS,0.60,-0.59,0.02,84
POS,0.59,-0.60,0.03,84
POS,0.61,-0.60,0.04,84
POS,0.61,-0.60,0.02,84
POS,0.60,-0.60,0.05,83
POS,0.60,-0.60,0.03,82
POS,0.61,-0.59,0.02,83
POS,0.60,-0.60,0.00,83
POS,0.59,-0.60,0.03,83
POS,0.57,-0.61,0.05,83
POS,0.56,-0.61,0.02,82
POS,0.58,-0.60,0.02,82
POS,0.60,-0.58,0.04,83
POS,0.59,-0.58,0.02,82
POS,0.57,-0.59,0.04,82
POS,0.58,-0.58,0.02,81
POS,0.57,-0.58,0.03,80
POS,0.59,-0.58,0.04,83
POS,0.57,-0.59,0.03,81
POS,0.57,-0.60,0.03,83
POS,0.57,-0.60,0.03,82
POS,0.57,-0.59,0.05,81
POS,0.59,-0.59,0.05,83
POS,0.59,-0.59,0.03,82
POS,0.57,-0.60,0.01,83
POS,0.56,-0.60,0.06,82
POS,0.54,-0.60,0.03,80
POS,0.56,-0.58,-0.02,84
POS,0.57,-0.59,-0.01,82
POS,0.53,-0.60,-0.00,82
POS,0.54,-0.60,0.00,82
POS,0.54,-0.60,-0.01,81
POS,0.55,-0.60,0.02,83
POS,0.56,-0.60,0.06,83
POS,0.59,-0.58,0.07,83
POS,0.56,-0.59,0.04,82
POS,0.55,-0.59,0.08,81
POS,0.55,-0.60,0.06,83
POS,0.57,-0.60,0.06,83
POS,0.54,-0.60,0.06,81
POS,0.54,-0.61,0.03,83
POS,0.58,-0.60,0.02,88
POS,0.55,-0.61,0.02,81
POS,0.56,-0.60,0.02,80
POS,0.58,-0.59,-0.01,83
POS,0.56,-0.59,0.01,81
POS,0.59,-0.58,0.02,83
POS,0.57,-0.59,0.01,82
POS,0.55,-0.60,0.03,81
POS,0.57,-0.60,0.07,85
POS,0.56,-0.60,0.06,81
POS,0.57,-0.59,0.04,81
POS,0.58,-0.59,0.04,83
POS,0.56,-0.60,0.05,82
POS,0.54,-0.59,0.01,81
POS,0.56,-0.59,0.04,83
POS,0.57,-0.59,0.01,83
POS,0.52,-0.60,0.06,83
POS,0.57,-0.59,0.04,84
POS,0.56,-0.59,0.04,82
POS,0.54,-0.60,0.06,81
POS,0.54,-0.60,0.08,83
POS,0.58,-0.58,0.04,84
POS,0.58,-0.59,0.03,82
POS,0.57,-0.60,0.02,82
POS,0.55,-0.60,0.01,81
POS,0.53,-0.61,0.04,83
POS,0.57,-0.59,0.03,84
POS,0.54,-0.60,0.00,82
POS,0.55,-0.60,-0.01,82
POS,0.57,-0.59,-0.03,83
POS,0.56,-0.60,0.00,83
POS,0.61,-0.58,0.01,85
POS,0.57,-0.60,0.00,82
POS,0.60,-0.58,0.01,83
POS,0.61,-0.58,0.02,83
POS,0.58,-0.59,0.02,80
POS,0.55,-0.60,0.05,82
POS,0.57,-0.60,0.04,84
POS,0.54,-0.60,0.05,80
POS,0.56,-0.60,0.03,83
POS,0.57,-0.60,0.03,83
POS,0.58,-0.60,0.02,83
POS,0.61,-0.59,0.05,85
POS,0.59,-0.59,0.01,82
POS,0.60,-0.59,0.01,83
POS,0.61,-0.59,0.01,84
POS,0.62,-0.59,-0.00,84
POS,0.59,-0.59,0.04,81
POS,0.57,-0.59,0.02,81
POS,0.60,-0.59,0.04,85
POS,0.63,-0.57,0.05,85
POS,0.62,-0.58,0.05,83
POS,0.59,-0.58,0.03,78
POS,0.57,-0.59,0.03,82
POS,0.55,-0.61,0.07,84
POS,0.55,-0.61,0.06,82
POS,0.59,-0.59,0.04,85
POS,0.58,-0.60,0.05,82
POS,0.60,-0.59,0.02,83
POS,0.61,-0.58,0.01,84
POS,0.58,-0.59,0.02,82
POS,0.57,-0.59,0.01,80
POS,0.55,-0.60,0.02,82
POS,0.56,-0.60,0.03,82
POS,0.58,-0.59,-0.00,84
POS,0.60,-0.60,0.02,85
POS,0.61,-0.60,0.01,84
POS,0.63,-0.58,0.01,84
POS,0.60,-0.60,0.02,82
POS,0.58,-0.60,0.00,82
POS,0.59,-0.60,-0.01,83
POS,0.59,-0.59,-0.00,81
POS,0.56,-0.60,-0.03,82
POS,0.54,-0.61,-0.03,83
POS,0.56,-0.61,-0.00,83
POS,0.53,-0.62,0.01,82
POS,0.51,-0.62,-0.00,82
POS,0.52,-0.63,0.00,83
POS,0.51,-0.63,-0.00,82
POS,0.47,-0.62,0.05,81
POS,0.52,-0.61,0.02,84
POS,0.54,-0.60,0.04,82
POS,0.57,-0.59,0.02,83
POS,0.56,-0.60,0.04,83
POS,0.55,-0.59,0.03,79
POS,0.57,-0.58,0.02,81
POS,0.60,-0.57,0.03,84
POS,0.61,-0.58,0.01,83
POS,0.62,-0.58,0.00,83
POS,0.60,-0.60,0.01,84
POS,0.58,-0.60,0.04,82
POS,0.58,-0.61,0.03,84
POS,0.61,-0.60,0.01,84
POS,0.58,-0.59,0.02,79
POS,0.56,-0.60,0.03,82
POS,0.57,-0.61,0.03,83
POS,0.55,-0.61,0.02,81
POS,0.55,-0.61,0.04,82
POS,0.57,-0.60,0.03,84
POS,0.59,-0.60,0.01,83
POS,0.56,-0.61,0.00,82
POS,0.53,-0.61,0.02,82
POS,0.56,-0.59,0.02,81
POS,0.56,-0.60,0.01,82
POS,0.58,-0.59,0.06,98
POS,0.53,-0.60,0.07,83
POS,0.55,-0.60,0.07,83
POS,0.56,-0.60,0.06,83
POS,0.55,-0.61,0.04,82
POS,0.52,-0.61,0.05,82
POS,0.52,-0.61,0.05,81
POS,0.54,-0.61,0.02,82
POS,0.56,-0.59,-0.01,83
POS,0.56,-0.59,-0.01,80
POS,0.57,-0.58,0.03,82
POS,0.60,-0.56,0.06,84
POS,0.56,-0.58,0.07,81
POS,0.57,-0.58,0.04,82
POS,0.58,-0.59,0.05,84
POS,0.55,-0.60,0.06,82
POS,0.56,-0.60,0.03,82
POS,0.58,-0.59,0.02,83
POS,0.56,-0.59,-0.00,81
POS,0.59,-0.59,-0.01,84
POS,0.62,-0.58,-0.02,84
POS,0.60,-0.58,0.00,82
POS,0.57,-0.60,0.01,97
POS,0.59,-0.59,-0.01,83
POS,0.58,-0.60,0.03,83
POS,0.56,-0.61,0.05,82
POS,0.58,-0.61,0.03,84
POS,0.60,-0.60,0.02,83
POS,0.59,-0.60,0.01,82
POS,0.57,-0.61,0.02,83
POS,0.57,-0.61,0.03,83
POS,0.56,-0.62,0.04,83
POS,0.57,-0.60,0.02,81
POS,0.58,-0.61,0.03,84
POS,0.57,-0.61,0.03,82
POS,0.56,-0.61,0.01,81
POS,0.57,-0.60,-0.01,81
POS,0.58,-0.59,-0.00,81
POS,0.56,-0.61,-0.01,83
POS,0.60,-0.59,0.02,86
POS,0.60,-0.60,0.02,83
POS,0.57,-0.60,0.03,81
POS,0.60,-0.58,0.02,85
POS,0.56,-0.60,0.03,83
POS,0.57,-0.61,0.01,83
POS,0.59,-0.59,-0.00,82
POS,0.57,-0.60,-0.02,83
POS,0.57,-0.61,0.00,83
POS,0.56,-0.61,0.02,83
POS,0.56,-0.61,0.01,82
POS,0.57,-0.60,0.01,81
POS,0.57,-0.59,0.01,79
POS,0.56,-0.59,0.02,82
POS,0.58,-0.59,-0.01,83
POS,0.57,-0.60,-0.00,82
POS,0.58,-0.60,0.02,83
POS,0.60,-0.58,0.05,82
POS,0.60,-0.57,0.02,81
POS,0.58,-0.58,0.02,80
POS,0.58,-0.59,0.01,83
POS,0.57,-0.59,0.03,82
POS,0.58,-0.60,0.04,84
POS,0.55,-0.60,0.04,81
POS,0.54,-0.60,0.01,82
POS,0.56,-0.58,-0.03,83
POS,0.55,-0.59,0.00,82
POS,0.59,-0.58,-0.01,83
POS,0.58,-0.59,0.01,83
POS,0.57,-0.59,-0.00,81
POS,0.60,-0.59,0.01,84
POS,0.60,-0.59,-0.00,83
POS,0.62,-0.58,-0.01,83
POS,0.59,-0.59,-0.03,83
POS,0.58,-0.59,0.00,82
POS,0.62,-0.58,0.02,85
POS,0.62,-0.57,0.06,83
POS,0.62,-0.56,0.01,83
POS,0.60,-0.57,-0.02,83
POS,0.60,-0.58,0.02,83
POS,0.59,-0.59,0.02,82
POS,0.60,-0.59,0.01,84
POS,0.57,-0.59,0.01,80
POS,0.59,-0.59,0.00,83
POS,0.60,-0.59,0.00,84
POS,0.62,-0.58,-0.01,83
POS,0.62,-0.58,-0.02,83
POS,0.64,-0.57,-0.03,84
POS,0.63,-0.57,-0.02,82
POS,0.60,-0.58,-0.01,82
POS,0.57,-0.60,0.02,82
POS,0.59,-0.59,0.03,83
POS,0.55,-0.59,0.00,81
POS,0.58,-0.59,-0.00,84
POS,0.56,-0.59,-0.02,80
POS,0.56,-0.59,0.00,83
POS,0.56,-0.60,-0.00,82
POS,0.56,-0.61,0.03,84
POS,0.60,-0.59,0.01,85
POS,0.57,-0.60,0.04,82
POS,0.60,-0.58,0.03,84
POS,0.58,-0.59,0.04,82
POS,0.55,-0.60,0.05,81
POS,0.60,-0.57,0.06,84
POS,0.61,-0.57,0.03,83
POS,0.61,-0.58,0.01,83
POS,0.63,-0.57,-0.01,84
POS,0.61,-0.58,0.01,82
POS,0.57,-0.60,-0.01,83
POS,0.59,-0.59,0.00,83
POS,0.62,-0.57,-0.04,85
POS,0.61,-0.57,-0.00,82
POS,0.61,-0.58,-0.03,83
POS,0.60,-0.59,-0.01,83
POS,0.60,-0.59,-0.01,82
POS,0.62,-0.58,-0.01,83
POS,0.64,-0.57,-0.02,84
POS,0.63,-0.58,0.00,84
POS,0.64,-0.58,0.02,83
POS,0.64,-0.57,0.03,82
POS,0.68,-0.54,0.04,84
POS,0.67,-0.55,0.02,83
POS,0.64,-0.56,-0.02,84
POS,0.59,-0.59,-0.02,82
POS,0.60,-0.58,-0.02,83
POS,0.59,-0.59,-0.04,82
POS,0.58,-0.59,-0.02,81
POS,0.59,-0.60,-0.01,84
POS,0.58,-0.61,-0.01,83
POS,0.58,-0.60,-0.01,82
POS,0.60,-0.59,-0.00,83
POS,0.56,-0.60,-0.01,81
POS,0.54,-0.60,-0.02,82
POS,0.56,-0.60,-0.00,84
POS,0.58,-0.57,0.08,96
POS,0.53,-0.59,0.06,82
POS,0.54,-0.60,0.06,83
POS,0.57,-0.59,0.04,83
POS,0.58,-0.59,0.06,83
POS,0.57,-0.59,0.01,84
POS,0.53,-0.59,0.00,79
POS,0.56,-0.59,0.01,83
POS,0.59,-0.57,0.04,84
POS,0.60,-0.56,0.02,81
POS,0.59,-0.58,0.01,83
POS,0.60,-0.57,0.03,82
POS,0.64,-0.56,0.00,85
POS,0.61,-0.57,-0.01,82
POS,0.60,-0.57,-0.03,82
POS,0.56,-0.59,-0.03,81
POS,0.58,-0.58,0.01,84
POS,0.58,-0.59,0.01,83
POS,0.57,-0.59,0.00,80
POS,0.59,-0.58,0.03,83
POS,0.60,-0.57,0.01,81
POS,0.60,-0.58,0.03,83
POS,0.61,-0.58,0.04,83
POS,0.61,-0.58,0.05,88
POS,0.62,-0.59,0.03,83
POS,0.63,-0.58,0.02,83
POS,0.64,-0.58,0.01,84
POS,0.63,-0.58,0.03,84
POS,0.61,-0.59,0.00,82
POS,0.60,-0.60,0.04,83
POS,0.62,-0.58,0.03,83
POS,0.61,-0.59,0.02,83
POS,0.62,-0.58,0.04,83
POS,0.62,-0.58,0.05,82
POS,0.58,-0.60,0.05,82
POS,0.59,-0.59,0.03,83
POS,0.59,-0.59,0.04,82
POS,0.62,-0.58,0.02,84
POS,0.57,-0.59,0.02,80
POS,0.61,-0.57,0.02,84
POS,0.59,-0.59,0.02,83
POS,0.59,-0.59,0.03,82
POS,0.59,-0.56,0.09,96
POS,0.59,-0.55,0.03,83
POS,0.57,-0.58,0.02,83
POS,0.56,-0.58,0.02,80
POS,0.59,-0.58,0.01,84
POS,0.58,-0.59,0.03,83
POS,0.58,-0.59,0.00,82
POS,0.61,-0.58,-0.01,84
POS,0.59,-0.59,0.01,82
POS,0.59,-0.58,0.02,81
POS,0.60,-0.58,-0.00,83
POS,0.60,-0.59,0.02,83
POS,0.59,-0.59,0.00,82
POS,0.62,-0.57,-0.00,84
POS,0.59,-0.59,-0.00,82
POS,0.58,-0.59,0.02,82
POS,0.60,-0.59,0.01,83
POS,0.60,-0.59,0.02,82
POS,0.59,-0.59,0.02,81
POS,0.60,-0.59,0.00,82
POS,0.60,-0.58,0.02,82
POS,0.61,-0.58,0.00,83
POS,0.59,-0.59,0.02,82
POS,0.58,-0.60,0.01,81
POS,0.60,-0.59,0.01,83
POS,0.58,-0.60,0.03,83
POS,0.61,-0.59,0.04,85
POS,0.59,-0.60,0.03,82
POS,0.61,-0.60,0.02,84
POS,0.58,-0.60,0.06,82
POS,0.58,-0.61,0.06,83
POS,0.58,-0.61,0.07,84
POS,0.54,-0.62,0.05,82
POS,0.56,-0.61,0.04,82
POS,0.54,-0.61,0.03,82
POS,0.55,-0.62,0.02,83
POS,0.54,-0.62,0.02,83
POS,0.54,-0.62,-0.00,82
POS,0.56,-0.60,-0.01,81
POS,0.56,-0.61,0.01,83
POS,0.58,-0.61,0.01,84
POS,0.58,-0.62,0.02,84
POS,0.56,-0.62,0.05,82
POS,0.57,-0.61,0.06,82
POS,0.57,-0.60,0.05,82
POS,0.59,-0.60,0.05,85
POS,0.56,-0.61,0.04,82
POS,0.56,-0.62,0.05,83
POS,0.57,-0.60,0.04,82
POS,0.58,-0.60,0.01,83
POS,0.58,-0.60,-0.01,82
POS,0.57,-0.60,-0.01,81
POS,0.55,-0.60,0.00,80
POS,0.56,-0.59,-0.02,81
POS,0.55,-0.60,-0.00,82
POS,0.57,-0.60,-0.02,84
POS,0.55,-0.61,0.01,82
POS,0.57,-0.60,0.02,82
POS,0.59,-0.59,0.00,83
POS,0.58,-0.60,-0.02,83
POS,0.56,-0.59,-0.05,82
POS,0.54,-0.60,-0.02,82
POS,0.56,-0.60,-0.00,82
POS,0.59,-0.59,-0.01,84
POS,0.57,-0.59,0.00,81
POS,0.59,-0.59,-0.01,84
POS,0.57,-0.58,-0.04,81
POS,0.58,-0.58,-0.04,82
POS,0.56,-0.59,-0.00,81
POS,0.55,-0.59,-0.01,80
POS,0.59,-0.56,0.02,83
POS,0.56,-0.58,0.03,82
POS,0.55,-0.59,0.03,82
POS,0.54,-0.61,0.03,83
POS,0.56,-0.60,0.02,82
POS,0.57,-0.61,0.01,84
POS,0.60,-0.59,0.04,84
POS,0.58,-0.59,0.07,82
POS,0.62,-0.57,0.06,84
POS,0.60,-0.58,0.05,82
POS,0.62,-0.58,0.03,84
POS,0.61,-0.57,0.06,82
POS,0.60,-0.58,0.03,82
POS,0.59,-0.59,0.05,82
POS,0.57,-0.59,0.04,80
POS,0.60,-0.57,0.02,84
POS,0.60,-0.57,0.03,81
POS,0.58,-0.58,0.05,82
POS,0.56,-0.59,0.07,81
POS,0.57,-0.58,0.04,82
POS,0.58,-0.59,0.05,83
POS,0.55,-0.60,0.05,82
POS,0.53,-0.60,0.10,81
POS,0.55,-0.59,0.07,83
POS,0.56,-0.59,0.07,82
POS,0.59,-0.58,0.04,84
POS,0.60,-0.58,0.02,83
POS,0.59,-0.59,0.04,83
POS,0.58,-0.59,0.02,81
POS,0.60,-0.58,0.00,83
POS,0.57,-0.59,0.00,81
POS,0.58,-0.59,0.04,83
POS,0.57,-0.59,0.03,81
POS,0.56,-0.60,0.04,97
POS,0.57,-0.60,0.03,83
POS,0.59,-0.60,0.03,83
POS,0.59,-0.60,0.03,83
POS,0.58,-0.60,-0.00,82
POS,0.58,-0.60,0.01,83
POS,0.59,-0.59,0.03,82
POS,0.63,-0.57,0.04,84
POS,0.59,-0.57,0.01,81
POS,0.56,-0.59,0.02,81
POS,0.52,-0.60,0.01,81
POS,0.54,-0.60,0.03,82
POS,0.55,-0.60,0.04,83
POS,0.57,-0.60,0.05,84
POS,0.57,-0.60,0.03,81
POS,0.53,-0.61,0.06,83
POS,0.55,-0.61,0.08,83
POS,0.58,-0.59,0.07,84
POS,0.57,-0.58,0.03,81
POS,0.59,-0.57,0.00,83
POS,0.60,-0.57,-0.00,82
POS,0.52,-0.59,0.02,92
POS,0.51,-0.60,0.02,82
POS,0.52,-0.61,0.02,82
POS,0.53,-0.60,0.05,82
POS,0.53,-0.61,0.08,83
POS,0.52,-0.61,0.05,82
POS,0.52,-0.61,0.03,82
POS,0.52,-0.62,0.03,83
POS,0.54,-0.62,0.03,83
POS,0.54,-0.61,0.01,81
POS,0.55,-0.61,0.00,83
POS,0.58,-0.60,-0.02,83
POS,0.60,-0.59,-0.05,84
POS,0.60,-0.58,-0.01,81
POS,0.61,-0.57,-0.03,82
POS,0.60,-0.57,-0.02,80
POS,0.62,-0.56,-0.03,83
POS,0.60,-0.57,0.00,82
POS,0.61,-0.57,0.02,82
POS,0.62,-0.57,0.01,84
POS,0.61,-0.57,-0.03,83
POS,0.61,-0.57,-0.02,83
POS,0.60,-0.57,-0.03,82
POS,0.63,-0.57,-0.03,84
POS,0.65,-0.55,-0.06,85
POS,0.63,-0.55,-0.07,82
POS,0.66,-0.54,-0.07,85
POS,0.67,-0.53,-0.09,84
POS,0.66,-0.54,-0.04,82
POS,0.65,-0.55,-0.04,83
POS,0.63,-0.56,-0.03,81
POS,0.63,-0.56,0.00,82
POS,0.61,-0.57,0.04,82
POS,0.61,-0.57,0.03,82
POS,0.64,-0.56,0.00,85
POS,0.64,-0.56,-0.00,82
POS,0.62,-0.57,-0.00,82
POS,0.61,-0.57,0.01,81
POS,0.61,-0.58,0.02,83
POS,0.64,-0.56,0.00,83
POS,0.64,-0.56,0.03,82
POS,0.63,-0.56,0.02,81
POS,0.61,-0.57,0.02,82
POS,0.60,-0.58,0.01,82
POS,0.57,-0.59,0.03,82
POS,0.59,-0.59,0.04,85
POS,0.62,-0.59,0.03,84
POS,0.64,-0.57,0.03,85
POS,0.62,-0.58,0.04,82
POS,0.60,-0.59,0.03,83
POS,0.59,-0.59,0.04,82
POS,0.61,-0.58,-0.01,85
POS,0.62,-0.57,0.02,82
POS,0.61,-0.57,0.03,81
POS,0.63,-0.56,0.01,83
POS,0.59,-0.58,0.01,82
POS,0.60,-0.57,-0.01,82
POS,0.62,-0.57,-0.00,84
POS,0.63,-0.57,0.01,84
POS,0.63,-0.58,0.01,84
POS,0.60,-0.59,0.01,82
POS,0.62,-0.59,0.06,86
POS,0.56,-0.60,0.09,81
POS,0.55,-0.60,0.04,82
POS,0.55,-0.60,0.05,82
POS,0.58,-0.59,0.04,83
POS,0.61,-0.57,0.02,84
POS,0.62,-0.57,0.04,82
POS,0.62,-0.56,-0.01,84
POS,0.64,-0.55,-0.05,86
POS,0.65,-0.55,-0.03,84
POS,0.64,-0.54,0.05,96
POS,0.63,-0.55,0.02,82
POS,0.62,-0.56,0.02,83
POS,0.60,-0.56,-0.02,83
POS,0.59,-0.57,0.03,82
POS,0.57,-0.58,0.04,82
POS,0.57,-0.59,0.05,83
POS,0.57,-0.59,0.06,81
POS,0.57,-0.59,0.07,83
POS,0.58,-0.59,0.03,82
POS,0.54,-0.60,0.01,81
POS,0.54,-0.61,0.02,82
POS,0.56,-0.61,0.03,84
POS,0.56,-0.61,0.03,82
POS,0.60,-0.59,0.02,84
POS,0.57,-0.59,0.02,80
POS,0.55,-0.60,0.00,81
POS,0.57,-0.58,-0.02,81
POS,0.56,-0.59,-0.01,82
POS,0.56,-0.59,0.02,82
POS,0.57,-0.59,0.04,82
POS,0.58,-0.60,0.03,83
POS,0.57,-0.60,0.01,82
POS,0.58,-0.59,0.00,82
POS,0.60,-0.57,0.04,82
POS,0.61,-0.59,0.04,85
POS,0.62,-0.58,0.06,83
POS,0.61,-0.58,0.07,82
POS,0.59,-0.58,0.06,80
POS,0.56,-0.56,-0.01,83
POS,0.55,-0.57,-0.01,82
POS,0.54,-0.58,0.01,81
POS,0.54,-0.59,0.02,82
POS,0.54,-0.58,0.08,96
POS,0.53,-0.59,0.07,82
POS,0.52,-0.60,0.04,81
POS,0.56,-0.59,0.02,84
POS,0.57,-0.59,-0.01,81
POS,0.60,-0.57,-0.01,84
POS,0.61,-0.58,-0.03,84
POS,0.60,-0.59,-0.01,83
POS,0.60,-0.59,-0.00,82
POS,0.60,-0.59,0.03,83
POS,0.58,-0.60,-0.00,83
POS,0.58,-0.59,-0.02,81
POS,0.61,-0.58,-0.02,84
POS,0.62,-0.58,-0.00,84
POS,0.61,-0.59,0.00,83
POS,0.59,-0.59,-0.01,81
POS,0.58,-0.59,0.01,81
POS,0.58,-0.59,0.00,83
POS,0.59,-0.59,0.04,83
POS,0.56,-0.60,0.04,82
POS,0.56,-0.61,0.03,82
POS,0.55,-0.61,0.04,82
POS,0.55,-0.61,0.03,82
POS,0.55,-0.61,0.05,83
POS,0.55,-0.62,0.05,83
POS,0.54,-0.62,0.04,82
POS,0.52,-0.63,0.05,83
POS,0.54,-0.62,0.04,82
POS,0.59,-0.59,0.03,84
POS,0.59,-0.59,0.03,82
POS,0.61,-0.58,0.03,83
POS,0.59,-0.57,0.00,79
POS,0.55,-0.59,0.03,82
POS,0.57,-0.58,0.05,83
POS,0.59,-0.58,0.07,82
POS,0.61,-0.57,0.02,84
POS,0.62,-0.57,0.02,83
POS,0.62,-0.57,0.00,83
POS,0.59,-0.58,0.02,80
POS,0.62,-0.57,0.07,85
POS,0.62,-0.58,0.06,83
POS,0.58,-0.59,0.04,81
POS,0.59,-0.59,0.04,83
POS,0.59,-0.59,0.04,83
POS,0.59,-0.58,-0.01,84
POS,0.60,-0.57,-0.03,82
POS,0.63,-0.57,-0.02,85
POS,0.62,-0.59,-0.00,84
POS,0.65,-0.57,0.01,99
POS,0.66,-0.57,-0.00,84
POS,0.66,-0.56,0.01,82
POS,0.63,-0.58,0.01,82
POS,0.61,-0.59,0.02,84
POS,0.63,-0.58,0.03,83
POS,0.61,-0.58,0.06,81
POS,0.61,-0.58,-0.00,85
POS,0.60,-0.57,0.06,82
POS,0.58,-0.59,0.05,82
POS,0.56,-0.59,0.00,83
POS,0.59,-0.59,-0.01,84
POS,0.62,-0.58,-0.01,86
POS,0.63,-0.57,0.01,82
POS,0.63,-0.56,-0.03,82
POS,0.65,-0.56,-0.03,84
POS,0.66,-0.55,-0.05,84
POS,0.63,-0.57,-0.02,83
POS,0.62,-0.58,0.01,83
POS,0.62,-0.58,-0.02,83
POS,0.57,-0.60,-0.01,82
POS,0.58,-0.60,0.01,83
POS,0.58,-0.60,0.00,81
POS,0.55,-0.60,-0.00,81
POS,0.58,-0.59,-0.02,83
POS,0.59,-0.60,-0.01,84
POS,0.57,-0.60,-0.02,82
POS,0.56,-0.61,0.03,83
POS,0.53,-0.61,0.04,82
POS,0.57,-0.60,0.02,84
POS,0.57,-0.60,0.01,82
POS,0.52,-0.62,0.03,83
POS,0.50,-0.62,0.07,82
POS,0.50,-0.62,0.04,81
POS,0.55,-0.59,-0.01,85
POS,0.55,-0.59,0.00,82
POS,0.55,-0.61,0.03,84
POS,0.53,-0.62,0.01,83
POS,0.55,-0.61,-0.01,82
POS,0.55,-0.62,0.01,84
POS,0.55,-0.62,-0.00,83
POS,0.56,-0.60,0.02,81
POS,0.55,-0.60,-0.00,81
POS,0.52,-0.60,0.00,80
POS,0.53,-0.60,0.01,82
POS,0.56,-0.59,0.02,83
POS,0.58,-0.57,0.01,81
POS,0.58,-0.59,0.01,83
POS,0.60,-0.58,-0.00,83
POS,0.61,-0.58,0.01,83
POS,0.61,-0.58,0.02,83
POS,0.64,-0.56,0.01,83
POS,0.63,-0.57,0.00,83
POS,0.63,-0.58,0.01,83
POS,0.61,-0.58,0.04,83
POS,0.60,-0.58,0.03,80
POS,0.61,-0.57,0.04,82
POS,0.59,-0.58,0.01,81
POS,0.59,-0.58,0.00,82
POS,0.58,-0.58,-0.02,82
POS,0.59,-0.58,-0.02,82
POS,0.60,-0.58,-0.00,84
POS,0.61,-0.58,-0.00,82
POS,0.57,-0.59,0.01,81
POS,0.59,-0.58,0.01,82
POS,0.57,-0.58,-0.00,81
POS,0.60,-0.58,-0.01,84
POS,0.59,-0.59,0.03,83
POS,0.57,-0.59,0.02,81
POS,0.56,-0.60,0.02,82
POS,0.55,-0.61,0.01,82
POS,0.54,-0.61,0.01,81
POS,0.53,-0.62,0.01,83
POS,0.57,-0.60,0.00,83
POS,0.57,-0.60,0.00,82
POS,0.57,-0.60,0.00,81
POS,0.58,-0.60,0.01,83
POS,0.56,-0.61,0.02,82
POS,0.58,-0.59,0.00,83
POS,0.56,-0.61,0.00,82
POS,0.54,-0.61,0.01,81
POS,0.57,-0.61,0.01,84
POS,0.58,-0.59,-0.00,81
POS,0.54,-0.60,-0.03,83
POS,0.57,-0.59,-0.02,84
POS,0.58,-0.58,-0.00,82
POS,0.59,-0.58,-0.02,82
POS,0.59,-0.58,0.00,82
POS,0.61,-0.57,-0.02,82
POS,0.58,-0.58,0.01,82
POS,0.58,-0.59,0.01,83
POS,0.58,-0.59,-0.00,83
POS,0.60,-0.59,-0.01,83
POS,0.57,-0.60,0.01,83
POS,0.57,-0.60,0.05,83
POS,0.53,-0.60,0.03,80
POS,0.56,-0.59,0.04,82
POS,0.57,-0.59,0.03,82
POS,0.57,-0.58,0.06,82
POS,0.54,-0.59,0.02,82
POS,0.55,-0.58,0.01,80
POS,0.59,-0.57,0.03,85
POS,0.56,-0.58,0.02,81
POS,0.56,-0.58,-0.01,81
POS,0.53,-0.60,0.00,83
POS,0.56,-0.60,0.02,84
POS,0.56,-0.60,-0.01,82
POS,0.55,-0.60,0.02,81
POS,0.53,-0.61,-0.01,83
POS,0.54,-0.61,-0.03,82
POS,0.55,-0.60,-0.01,83
POS,0.53,-0.61,-0.01,82
POS,0.53,-0.60,-0.01,81
POS,0.54,-0.60,-0.01,81
POS,0.56,-0.60,0.01,84
POS,0.55,-0.60,0.03,82
POS,0.57,-0.61,0.04,84
POS,0.58,-0.59,0.00,82
POS,0.57,-0.59,-0.00,82
POS,0.56,-0.59,-0.03,82
POS,0.56,-0.60,-0.03,82
POS,0.55,-0.59,-0.03,80
POS,0.55,-0.59,-0.02,81
POS,0.57,-0.60,-0.00,84
POS,0.57,-0.60,0.05,84
POS,0.56,-0.60,0.01,83
POS,0.58,-0.60,-0.02,84
POS,0.60,-0.59,0.02,83
POS,0.58,-0.59,0.03,82
POS,0.60,-0.58,0.04,83
POS,0.58,-0.59,0.06,82
POS,0.59,-0.59,0.03,83
POS,0.60,-0.58,0.04,81
POS,0.62,-0.56,0.02,84
POS,0.62,-0.57,-0.00,83
POS,0.58,-0.59,0.01,82
POS,0.61,-0.57,0.01,84
POS,0.61,-0.58,0.02,83
POS,0.62,-0.57,0.04,82
POS,0.60,-0.59,0.04,84
POS,0.59,-0.59,0.03,82
POS,0.59,-0.58,-0.00,81
POS,0.60,-0.58,-0.01,84
POS,0.61,-0.57,0.02,83
POS,0.66,-0.55,0.04,85
POS,0.62,-0.56,0.02,79
POS,0.62,-0.56,0.03,82
POS,0.62,-0.57,0.04,84
POS,0.64,-0.57,0.03,84
POS,0.61,-0.58,0.00,82
POS,0.59,-0.59,0.02,83
POS,0.56,-0.60,0.04,81
POS,0.59,-0.58,0.01,83
POS,0.58,-0.59,0.04,82
POS,0.59,-0.60,0.04,83
POS,0.58,-0.60,0.05,82
POS,0.60,-0.59,0.04,83
POS,0.61,-0.58,0.05,83
POS,0.62,-0.58,0.00,84
POS,0.64,-0.57,-0.00,86
POS,0.64,-0.57,0.02,84
POS,0.61,-0.58,0.02,81
POS,0.62,-0.57,-0.02,84
POS,0.66,-0.56,-0.03,86
POS,0.68,-0.56,-0.00,87
POS,0.64,-0.58,0.01,83
POS,0.64,-0.58,0.04,84
POS,0.59,-0.59,0.02,80
POS,0.59,-0.59,0.04,83
POS,0.55,-0.60,0.08,95
POS,0.52,-0.61,0.04,82
POS,0.58,-0.59,0.03,85
POS,0.58,-0.58,0.05,82
POS,0.58,-0.59,0.07,83
POS,0.54,-0.60,0.05,80
POS,0.57,-0.59,0.03,83
POS,0.57,-0.59,0.05,82
POS,0.58,-0.58,0.02,82
POS,0.57,-0.58,0.04,81
POS,0.56,-0.59,0.04,82
POS,0.57,-0.58,0.03,81
POS,0.59,-0.58,0.03,84
POS,0.56,-0.59,0.03,81
POS,0.58,-0.59,0.02,83
POS,0.59,-0.59,0.03,82
POS,0.61,-0.58,0.03,84
POS,0.63,-0.58,0.01,85
POS,0.60,-0.59,-0.01,83
POS,0.58,-0.59,-0.02,81
POS,0.56,-0.60,0.02,82
POS,0.58,-0.59,0.02,83
POS,0.60,-0.58,0.02,82
POS,0.57,-0.59,0.03,81
POS,0.59,-0.59,0.02,83
POS,0.57,-0.60,0.04,82
POS,0.58,-0.60,0.04,84
POS,0.58,-0.60,0.05,83
POS,0.59,-0.60,0.04,83
POS,0.62,-0.58,0.02,84
POS,0.58,-0.59,0.02,81
POS,0.59,-0.59,0.02,83
POS,0.57,-0.60,0.03,81
POS,0.60,-0.59,0.01,84
POS,0.62,-0.58,0.00,84
POS,0.62,-0.58,0.03,83
POS,0.59,-0.58,0.02,79
POS,0.60,-0.58,0.02,83
POS,0.58,-0.59,0.02,80
POS,0.54,-0.60,0.04,82
POS,0.54,-0.60,0.02,82
POS,0.55,-0.61,0.04,84
POS,0.54,-0.61,0.03,82
POS,0.55,-0.61,0.08,83
POS,0.55,-0.60,0.02,84
POS,0.56,-0.60,-0.00,82
POS,0.53,-0.61,0.02,82
POS,0.56,-0.59,0.01,81
POS,0.58,-0.58,0.01,83
POS,0.58,-0.59,0.03,82
POS,0.60,-0.58,0.03,83
POS,0.60,-0.59,0.04,83
POS,0.58,-0.60,0.07,84
POS,0.59,-0.59,0.04,82
POS,0.56,-0.60,0.01,82
POS,0.56,-0.61,0.01,83
POS,0.57,-0.60,0.02,82
POS,0.59,-0.59,0.03,83
POS,0.61,-0.58,0.04,84
POS,0.63,-0.57,0.02,84
POS,0.60,-0.58,0.05,82
POS,0.57,-0.59,0.05,81
POS,0.57,-0.60,0.07,83
POS,0.55,-0.60,0.07,80
POS,0.55,-0.59,0.07,81
POS,0.58,-0.59,0.06,85
POS,0.60,-0.58,0.02,83
POS,0.62,-0.57,0.01,84
POS,0.60,-0.58,-0.00,82
POS,0.58,-0.59,-0.01,81
POS,0.56,-0.60,-0.00,82
POS,0.56,-0.60,-0.00,82
POS,0.55,-0.60,0.02,82
POS,0.58,-0.58,-0.01,82
POS,0.60,-0.58,-0.02,84
POS,0.58,-0.59,-0.02,81
POS,0.62,-0.57,0.01,84
POS,0.63,-0.56,0.02,84
POS,0.61,-0.58,0.01,82
POS,0.62,-0.57,0.05,84
POS,0.57,-0.58,0.01,83
POS,0.58,-0.59,0.00,83
POS,0.56,-0.60,-0.00,81
POS,0.58,-0.58,-0.00,81
POS,0.60,-0.58,-0.02,83
POS,0.60,-0.58,-0.02,82
POS,0.61,-0.57,-0.02,82
POS,0.58,-0.59,0.01,83
POS,0.58,-0.60,0.02,84
POS,0.57,-0.61,0.03,82
POS,0.55,-0.62,0.03,83
POS,0.58,-0.60,0.04,84
POS,0.55,-0.61,0.02,82
POS,0.58,-0.60,0.01,83
POS,0.55,-0.61,0.03,82
POS,0.54,-0.61,0.00,82
POS,0.60,-0.58,-0.01,83
POS,0.60,-0.57,-0.05,84
POS,0.59,-0.59,-0.05,82
POS,0.59,-0.58,-0.03,80
POS,0.57,-0.58,-0.03,81
POS,0.60,-0.57,-0.02,84
POS,0.61,-0.57,-0.02,83
POS,0.64,-0.55,-0.05,85
POS,0.65,-0.55,-0.08,86
POS,0.68,-0.54,-0.04,84
POS,0.62,-0.56,-0.04,82
POS,0.59,-0.56,0.03,95
POS,0.56,-0.57,0.05,80
POS,0.56,-0.58,0.03,82
POS,0.57,-0.58,0.01,82
POS,0.56,-0.59,0.01,82
POS,0.54,-0.59,0.03,80
POS,0.57,-0.58,0.01,81
POS,0.59,-0.57,-0.02,83
POS,0.60,-0.57,0.00,82
POS,0.61,-0.56,-0.01,81
POS,0.64,-0.55,-0.01,85
POS,0.63,-0.56,-0.00,83
POS,0.62,-0.58,0.01,83
POS,0.60,-0.59,0.02,83
POS,0.59,-0.60,0.01,83
POS,0.57,-0.60,0.01,81
POS,0.59,-0.59,0.03,83
POS,0.58,-0.59,0.05,82
POS,0.60,-0.58,0.03,83
POS,0.60,-0.58,0.05,81
POS,0.59,-0.57,0.02,81
POS,0.56,-0.59,0.03,82
POS,0.55,-0.60,0.02,82
POS,0.53,-0.61,0.02,82
POS,0.54,-0.60,0.02,82
POS,0.55,-0.60,-0.01,82
POS,0.52,-0.61,0.03,83
POS,0.53,-0.61,0.02,82
POS,0.52,-0.62,0.03,83
POS,0.50,-0.62,0.02,82
POS,0.53,-0.61,0.03,82
POS,0.56,-0.60,0.03,84
POS,0.57,-0.60,0.02,81
POS,0.57,-0.60,0.04,82
POS,0.58,-0.60,0.05,83
POS,0.55,-0.60,0.06,82
POS,0.56,-0.59,0.07,80
POS,0.56,-0.59,0.06,82
POS,0.60,-0.58,0.04,85
POS,0.59,-0.59,0.04,83
POS,0.58,-0.60,0.06,82
POS,0.54,-0.60,0.04,81
POS,0.51,-0.61,0.02,82
POS,0.52,-0.32,0.03,80
POS,0.53,-0.39,0.03,83
POS,0.55,-0.43,0.06,82
POS,0.54,-0.48,0.05,82
POS,0.55,-0.51,0.04,83
POS,0.56,-0.54,0.02,83
POS,0.59,-0.54,-0.01,84
POS,0.58,-0.55,-0.01,81
POS,0.55,-0.57,-0.01,82
POS,0.57,-0.58,0.01,83
POS,0.55,-0.59,0.05,83
POS,0.55,-0.59,0.09,82
POS,0.54,-0.59,0.07,81
POS,0.56,-0.58,0.03,82
POS,0.58,-0.58,0.04,82
POS,0.61,-0.57,0.05,84
POS,0.63,-0.56,0.02,84
POS,0.62,-0.56,0.06,82
POS,0.59,-0.58,0.04,83
POS,0.56,-0.60,0.03,83
POS,0.54,-0.61,0.01,82
POS,0.54,-0.61,0.02,82
POS,0.55,-0.60,-0.01,83
POS,0.56,-0.60,-0.01,81
POS,0.58,-0.59,0.00,83
POS,0.61,-0.59,0.04,86
POS,0.59,-0.60,0.04,82
POS,0.60,-0.60,0.04,85
POS,0.62,-0.60,0.02,84
POS,0.62,-0.59,-0.01,83
POS,0.60,-0.59,-0.01,82
POS,0.62,-0.58,-0.01,83
POS,0.58,-0.59,0.01,80
POS,0.57,-0.59,0.00,82
POS,0.57,-0.60,-0.00,82
POS,0.59,-0.59,-0.02,84
POS,0.60,-0.60,-0.01,84
POS,0.58,-0.60,-0.00,81
POS,0.57,-0.60,0.00,82
POS,0.55,-0.61,0.04,83
POS,0.56,-0.60,0.04,83
POS,0.58,-0.60,0.02,84
POS,0.59,-0.59,0.03,82
POS,0.61,-0.58,-0.00,83
POS,0.61,-0.58,0.01,82
POS,0.60,-0.60,0.02,84
POS,0.59,-0.61,0.04,83
POS,0.58,-0.61,0.02,82
POS,0.60,-0.60,0.01,84
POS,0.61,-0.59,0.01,82
POS,0.61,-0.58,-0.03,84
POS,0.60,-0.58,-0.00,82
POS,0.60,-0.58,0.00,82
POS,0.63,-0.58,0.00,85
POS,0.61,-0.59,0.03,82
POS,0.58,-0.59,0.04,81
POS,0.57,-0.60,0.03,83
POS,0.55,-0.61,0.04,82
POS,0.56,-0.60,0.01,82
POS,0.59,-0.59,0.00,84
POS,0.58,-0.59,-0.01,82
POS,0.62,-0.57,-0.04,83
POS,0.62,-0.55,-0.07,84
POS,0.60,-0.56,-0.06,81
POS,0.60,-0.57,-0.03,82
POS,0.56,-0.58,0.01,81
POS,0.54,-0.59,-0.01,82
POS,0.53,-0.60,0.00,81
POS,0.57,-0.58,-0.00,84
POS,0.59,-0.58,-0.01,83
POS,0.59,-0.58,-0.01,82
POS,0.60,-0.59,0.00,83
POS,0.62,-0.57,-0.03,84
POS,0.63,-0.57,-0.01,82
POS,0.62,-0.57,0.02,83
POS,0.60,-0.58,0.02,81
POS,0.59,-0.58,0.02,83
POS,0.59,-0.58,0.04,82
POS,0.60,-0.58,0.05,83
POS,0.63,-0.56,0.06,83
POS,0.65,-0.56,0.03,84
POS,0.61,-0.58,0.05,82
POS,0.55,-0.59,0.06,81
POS,0.55,-0.58,0.07,80
POS,0.58,-0.57,0.06,82
POS,0.56,-0.58,0.06,82
POS,0.56,-0.59,0.09,83
POS,0.56,-0.59,0.06,81
POS,0.54,-0.60,0.07,82
POS,0.56,-0.59,0.08,83
POS,0.55,-0.60,0.09,83
POS,0.55,-0.60,0.04,82
POS,0.56,-0.60,0.06,82
POS,0.59,-0.58,0.08,83
POS,0.60,-0.57,0.04,82
POS,0.62,-0.58,0.04,85
POS,0.63,-0.57,0.04,84
POS,0.65,-0.57,0.04,85
POS,0.61,-0.57,0.04,79
POS,0.59,-0.58,0.05,82
POS,0.59,-0.59,0.02,83
POS,0.56,-0.59,0.02,81
POS,0.58,-0.59,0.02,82
POS,0.57,-0.59,0.03,82
POS,0.59,-0.59,0.04,83
POS,0.60,-0.59,0.04,84
POS,0.59,-0.60,0.06,83
POS,0.60,-0.60,0.05,83
POS,0.57,-0.61,0.03,82
POS,0.54,-0.62,0.01,83
POS,0.51,-0.63,0.03,82
POS,0.52,-0.62,0.01,82
POS,0.56,-0.59,-0.01,83
POS,0.60,-0.57,0.03,83
POS,0.62,-0.56,0.02,83
POS,0.62,-0.56,0.05,83
POS,0.62,-0.56,0.03,82
POS,0.60,-0.58,0.05,83
POS,0.57,-0.59,0.08,83
POS,0.58,-0.58,0.03,84
POS,0.55,-0.59,0.04,81
POS,0.56,-0.59,0.03,83
POS,0.59,-0.59,0.00,83
POS,0.58,-0.59,-0.00,81
POS,0.58,-0.58,0.00,81
POS,0.59,-0.58,0.00,82
POS,0.57,-0.59,0.02,81
POS,0.57,-0.59,-0.00,82
POS,0.54,-0.60,0.02,81
POS,0.54,-0.60,0.02,81
POS,0.57,-0.58,-0.02,85
POS,0.57,-0.59,-0.02,82
POS,0.59,-0.58,0.03,82
POS,0.55,-0.59,0.03,82
POS,0.55,-0.60,0.01,82
POS,0.55,-0.61,0.03,83
POS,0.59,-0.59,0.01,85
POS,0.58,-0.60,0.04,83
POS,0.56,-0.60,0.07,82
POS,0.57,-0.59,0.05,81
POS,0.60,-0.58,0.01,83
POS,0.61,-0.58,0.00,83
POS,0.63,-0.57,-0.00,84
POS,0.63,-0.57,-0.02,82
POS,0.60,-0.57,-0.03,79
POS,0.58,-0.58,-0.01,81
POS,0.62,-0.57,0.01,85
POS,0.60,-0.58,0.03,82
POS,0.59,-0.59,0.05,83
POS,0.58,-0.59,0.07,83
POS,0.56,-0.60,0.09,83
POS,0.53,-0.61,0.07,81
POS,0.52,-0.61,0.05,82
POS,0.54,-0.61,0.03,81
POS,0.57,-0.59,0.06,84
POS,0.58,-0.59,0.09,83
POS,0.57,-0.59,0.09,82
POS,0.57,-0.58,0.04,81
POS,0.60,-0.58,0.04,84
POS,0.60,-0.57,0.01,80
POS,0.58,-0.58,0.01,82
POS,0.56,-0.59,0.01,81
POS,0.59,-0.58,-0.01,82
POS,0.58,-0.58,0.02,83
POS,0.59,-0.58,0.00,81
POS,0.60,-0.58,-0.01,83
POS,0.59,-0.58,-0.03,81
POS,0.56,-0.59,-0.02,82
POS,0.54,-0.60,-0.02,81
POS,0.55,-0.60,-0.01,82
POS,0.53,-0.61,0.01,83
POS,0.54,-0.61,-0.02,83
POS,0.56,-0.61,-0.02,84
POS,0.59,-0.60,-0.01,84
POS,0.61,-0.59,-0.03,84
POS,0.64,-0.57,-0.04,84
POS,0.63,-0.58,-0.01,83
POS,0.63,-0.58,-0.00,83
POS,0.64,-0.57,-0.00,83
POS,0.65,-0.57,-0.00,84
POS,0.65,-0.57,0.01,84
POS,0.61,-0.57,0.00,79
POS,0.61,-0.57,0.01,81
POS,0.59,-0.58,0.04,81
POS,0.59,-0.58,0.04,82
POS,0.55,-0.59,0.05,82
POS,0.53,-0.60,0.07,81
POS,0.53,-0.60,0.07,82
POS,0.54,-0.61,0.06,83
POS,0.52,-0.61,0.03,82
POS,0.52,-0.61,0.02,81
POS,0.50,-0.61,0.01,81
POS,0.51,-0.61,0.01,82
POS,0.52,-0.60,0.04,81
POS,0.54,-0.60,0.03,82
POS,0.57,-0.59,0.02,83
POS,0.61,-0.58,0.01,85
POS,0.61,-0.58,0.01,83
POS,0.59,-0.60,0.03,83
POS,0.59,-0.61,0.07,84
POS,0.58,-0.61,0.06,83
POS,0.61,-0.59,0.00,85
POS,0.61,-0.59,-0.01,83
POS,0.62,-0.58,0.02,83
POS,0.64,-0.56,0.04,83
POS,0.58,-0.57,0.01,81
POS,0.54,-0.58,-0.01,81
POS,0.57,-0.58,-0.02,83
POS,0.54,-0.59,0.01,82
POS,0.58,-0.58,0.04,84
POS,0.57,-0.58,0.06,81
POS,0.58,-0.59,0.04,83
POS,0.56,-0.59,0.03,82
POS,0.56,-0.60,0.03,84
POS,0.58,-0.60,0.06,83
POS,0.58,-0.58,0.00,85
POS,0.60,-0.59,0.02,85
POS,0.60,-0.60,0.03,83
POS,0.56,-0.61,0.02,82
POS,0.53,-0.62,0.04,83
POS,0.50,-0.63,0.04,82
POS,0.51,-0.62,0.06,82
POS,0.51,-0.62,0.04,82
POS,0.52,-0.62,0.08,84
POS,0.52,-0.63,0.06,83
POS,0.53,-0.62,0.06,82
POS,0.57,-0.60,0.03,83
POS,0.57,-0.60,0.04,83
POS,0.56,-0.61,0.05,82
POS,0.60,-0.58,0.01,84
POS,0.62,-0.57,-0.02,84
POS,0.58,-0.59,0.01,83
POS,0.54,-0.60,0.02,81
POS,0.58,-0.58,0.05,84
POS,0.61,-0.57,0.02,84
POS,0.63,-0.56,0.05,84
POS,0.64,-0.56,0.02,83
POS,0.62,-0.56,0.02,79
POS,0.61,-0.56,0.01,81
POS,0.59,-0.58,0.01,82
POS,0.61,-0.57,-0.02,84
POS,0.60,-0.56,-0.03,79
POS,0.59,-0.57,-0.04,81
POS,0.56,-0.58,-0.03,81
POS,0.57,-0.58,-0.01,82
POS,0.59,-0.58,0.00,83
POS,0.58,-0.59,0.03,82
POS,0.55,-0.60,0.02,82
POS,0.54,-0.61,0.01,82
POS,0.53,-0.61,0.02,81
POS,0.51,-0.62,0.02,83
POS,0.53,-0.61,0.00,82
POS,0.56,-0.60,0.01,83
POS,0.59,-0.59,-0.00,84
POS,0.57,-0.60,0.02,82
POS,0.57,-0.60,0.05,83
POS,0.58,-0.60,0.04,83
POS,0.60,-0.59,0.02,83
POS,0.62,-0.57,0.04,83
POS,0.60,-0.57,0.01,82
POS,0.62,-0.57,0.01,83
POS,0.62,-0.57,0.03,83
POS,0.61,-0.58,0.01,82
POS,0.59,-0.59,0.03,82
POS,0.57,-0.60,0.03,82
POS,0.54,-0.60,-0.01,83
POS,0.55,-0.60,0.00,83
POS,0.55,-0.61,0.01,82
POS,0.57,-0.60,-0.01,83
POS,0.56,-0.60,-0.00,81
POS,0.59,-0.59,-0.02,83
POS,0.59,-0.59,-0.03,83
POS,0.62,-0.58,-0.04,84
POS,0.62,-0.57,-0.05,82
POS,0.59,-0.58,-0.05,82
POS,0.58,-0.59,-0.02,83
POS,0.59,-0.59,-0.01,83
POS,0.56,-0.60,0.03,82
POS,0.56,-0.60,0.00,83
POS,0.58,-0.59,-0.00,82
POS,0.56,-0.60,-0.00,81
POS,0.56,-0.60,0.01,81
POS,0.53,-0.60,0.03,81
POS,0.55,-0.60,0.02,82
POS,0.56,-0.59,0.05,82
POS,0.53,-0.60,0.03,80
POS,0.57,-0.59,0.02,84
POS,0.57,-0.57,-0.02,81
POS,0.58,-0.57,0.00,83
POS,0.59,-0.57,-0.02,83
POS,0.62,-0.56,0.01,84
POS,0.63,-0.57,0.00,84
POS,0.60,-0.57,0.00,80
POS,0.63,-0.56,-0.03,85
POS,0.64,-0.56,-0.02,84
POS,0.63,-0.57,-0.01,83
POS,0.63,-0.57,-0.00,83
POS,0.63,-0.56,-0.04,84
POS,0.61,-0.57,-0.03,81
POS,0.60,-0.57,-0.04,82
POS,0.63,-0.56,0.00,83
POS,0.63,-0.56,-0.01,83
POS,0.62,-0.57,0.03,83
POS,0.59,-0.58,0.02,81
POS,0.61,-0.57,0.01,84
POS,0.59,-0.58,-0.01,82
POS,0.55,-0.60,-0.01,82
POS,0.58,-0.60,0.01,84
POS,0.56,-0.61,0.04,84
POS,0.60,-0.59,0.03,85
POS,0.62,-0.59,-0.00,84
POS,0.63,-0.57,-0.03,84
POS,0.65,-0.56,-0.03,83
POS,0.64,-0.56,-0.01,82
POS,0.64,-0.56,0.02,83
POS,0.63,-0.57,0.03,81
POS,0.63,-0.57,0.01,82
POS,0.62,-0.56,-0.00,80
POS,0.62,-0.56,0.00,82
POS,0.61,-0.56,-0.01,80
POS,0.59,-0.57,0.03,82
POS,0.59,-0.57,0.06,82
POS,0.60,-0.57,0.04,82
POS,0.58,-0.58,0.06,83
POS,0.61,-0.59,0.06,85
POS,0.59,-0.59,0.02,82
POS,0.57,-0.60,0.02,82
POS,0.58,-0.60,0.01,82
POS,0.55,-0.61,0.03,82
POS,0.54,-0.61,0.05,83
POS,0.56,-0.61,0.05,83
POS,0.54,-0.61,0.07,81
POS,0.54,-0.61,0.07,82
POS,0.56,-0.59,0.03,82
POS,0.56,-0.59,0.00,81
POS,0.56,-0.60,0.00,82
POS,0.55,-0.60,0.03,82
POS,0.52,-0.60,0.01,81
POS,0.55,-0.59,0.02,84
POS,0.57,-0.60,0.01,83
POS,0.57,-0.60,0.01,82
POS,0.60,-0.59,0.01,84
POS,0.61,-0.58,0.00,84
POS,0.63,-0.58,0.00,83
POS,0.61,-0.58,0.01,80
POS,0.58,-0.58,-0.01,81
POS,0.58,-0.59,0.01,82
POS,0.59,-0.58,-0.01,82
POS,0.55,-0.59,-0.00,80
POS,0.56,-0.58,0.03,82
POS,0.57,-0.58,-0.01,83
POS,0.60,-0.57,-0.02,84
POS,0.61,-0.56,0.00,82
POS,0.59,-0.58,0.01,83
POS,0.58,-0.59,0.02,82
POS,0.58,-0.59,0.02,82
POS,0.55,-0.60,0.03,82
POS,0.54,-0.60,0.04,81
POS,0.56,-0.59,0.03,81
POS,0.57,-0.58,0.04,80
POS,0.59,-0.57,0.01,82
POS,0.61,-0.57,0.01,84
POS,0.61,-0.57,0.03,82
POS,0.58,-0.58,0.04,81
POS,0.57,-0.59,0.06,82
POS,0.60,-0.58,0.03,84
POS,0.57,-0.59,0.02,82
POS,0.58,-0.59,0.05,83
POS,0.58,-0.60,0.02,83
POS,0.57,-0.60,0.05,82
POS,0.56,-0.61,0.02,84
POS,0.56,-0.61,0.01,82
POS,0.56,-0.60,0.04,80
POS,0.52,-0.60,0.05,81
POS,0.50,-0.61,0.06,82
POS,0.51,-0.61,0.01,83
POS,0.52,-0.61,0.03,81
POS,0.55,-0.60,0.03,82
POS,0.54,-0.60,0.00,82
POS,0.54,-0.61,-0.01,82
POS,0.54,-0.61,-0.01,83
POS,0.55,-0.60,0.04,83
POS,0.59,-0.59,0.04,83
POS,0.57,-0.59,0.05,82
POS,0.54,-0.60,0.06,81
POS,0.54,-0.61,0.08,84
POS,0.57,-0.62,0.07,86
POS,0.54,-0.62,0.08,82
POS,0.56,-0.61,0.06,82
POS,0.58,-0.60,0.04,83
POS,0.59,-0.60,0.04,83
POS,0.58,-0.60,0.04,83
POS,0.56,-0.61,0.04,83
POS,0.54,-0.62,0.05,82
POS,0.57,-0.60,0.03,84
POS,0.58,-0.61,0.05,84
POS,0.58,-0.61,0.06,83
POS,0.54,-0.61,0.04,81
POS,0.55,-0.61,0.05,81
POS,0.56,-0.59,0.01,81
POS,0.55,-0.60,0.01,82
POS,0.59,-0.57,0.03,83
POS,0.61,-0.57,0.01,83
POS,0.62,-0.57,0.02,84
POS,0.61,-0.57,0.01,81
POS,0.58,-0.59,0.02,82
POS,0.58,-0.59,-0.01,83
POS,0.55,-0.60,-0.02,82
POS,0.53,-0.61,-0.03,81
POS,0.52,-0.61,-0.03,81
POS,0.53,-0.60,-0.01,80
POS,0.57,-0.59,0.01,85
POS,0.56,-0.59,-0.01,81
POS,0.59,-0.58,0.01,84
POS,0.56,-0.59,0.02,81
POS,0.55,-0.59,0.02,82
POS,0.56,-0.59,0.04,82
POS,0.56,-0.60,0.04,83
POS,0.58,-0.59,0.05,83
POS,0.62,-0.56,0.06,82
POS,0.58,-0.58,0.02,82
POS,0.57,-0.59,0.03,82
POS,0.57,-0.59,0.03,83
POS,0.57,-0.60,0.03,83
POS,0.57,-0.59,0.02,81
POS,0.58,-0.58,0.02,81
POS,0.54,-0.60,0.03,82
POS,0.58,-0.59,0.03,84
POS,0.52,-0.60,0.01,81
POS,0.55,-0.60,0.02,83
POS,0.55,-0.60,0.04,83
POS,0.54,-0.62,0.05,84
POS,0.54,-0.61,0.03,82
POS,0.56,-0.61,0.03,83
POS,0.55,-0.60,0.02,80
POS,0.58,-0.59,0.02,83
POS,0.56,-0.59,-0.01,82
POS,0.55,-0.60,0.03,83
POS,0.54,-0.60,0.01,80
POS,0.53,-0.61,-0.00,83
POS,0.58,-0.59,0.01,84
POS,0.61,-0.58,-0.02,84
POS,0.57,-0.59,0.02,81
POS,0.61,-0.58,0.02,85
POS,0.61,-0.57,0.00,82
POS,0.61,-0.58,0.01,82
POS,0.62,-0.57,-0.01,82
POS,0.63,-0.56,-0.01,83
POS,0.64,-0.56,-0.02,84
POS,0.62,-0.57,-0.02,82
POS,0.59,-0.57,-0.02,79
POS,0.57,-0.58,-0.01,80
POS,0.55,-0.59,0.01,81
POS,0.56,-0.59,-0.00,81
POS,0.57,-0.58,-0.00,82
POS,0.59,-0.59,0.02,84
POS,0.56,-0.59,0.04,82
POS,0.57,-0.59,0.04,82
POS,0.54,-0.61,0.04,83
POS,0.55,-0.60,0.08,81
POS,0.56,-0.59,0.07,80
POS,0.56,-0.60,0.06,83
POS,0.56,-0.60,0.03,82
POS,0.54,-0.61,0.01,81
POS,0.55,-0.59,-0.04,84
POS,0.56,-0.58,-0.03,79
POS,0.56,-0.58,-0.07,84
POS,0.60,-0.56,-0.06,83
POS,0.60,-0.57,-0.04,82
POS,0.58,-0.58,0.01,83
POS,0.57,-0.59,0.00,82
POS,0.58,-0.59,0.00,83
POS,0.59,-0.58,-0.01,82
POS,0.56,-0.59,0.02,82
POS,0.56,-0.60,0.06,83
POS,0.54,-0.61,0.07,83
POS,0.53,-0.60,0.09,80
POS,0.55,-0.60,0.07,83
POS,0.55,-0.60,0.07,82
POS,0.55,-0.60,0.04,81
POS,0.57,-0.59,0.04,82
POS,0.58,-0.60,0.05,84
POS,0.56,-0.60,0.03,81
POS,0.56,-0.60,0.05,82
POS,0.58,-0.60,0.02,84
POS,0.57,-0.60,0.05,83
POS,0.58,-0.60,0.03,82
POS,0.59,-0.60,0.04,83
POS,0.59,-0.60,0.06,82
POS,0.61,-0.59,0.07,84
POS,0.59,-0.59,0.05,81
POS,0.60,-0.59,0.04,83
POS,0.58,-0.60,0.05,82
POS,0.60,-0.58,0.04,82
POS,0.61,-0.58,0.03,82
POS,0.61,-0.58,0.00,83
POS,0.59,-0.59,0.04,82
POS,0.57,-0.58,0.04,78
POS,0.58,-0.55,-0.03,87
POS,0.61,-0.56,-0.02,84
POS,0.63,-0.55,0.01,84
POS,0.64,-0.55,0.00,83
POS,0.64,-0.55,-0.03,83
POS,0.66,-0.55,0.00,86
POS,0.64,-0.56,-0.01,82
POS,0.62,-0.56,-0.02,80
POS,0.62,-0.58,-0.01,84
POS,0.64,-0.57,-0.02,83
POS,0.63,-0.58,-0.00,83
POS,0.59,-0.59,0.01,82
POS,0.59,-0.60,0.03,84
POS,0.58,-0.60,0.03,82
POS,0.58,-0.60,0.01,81
POS,0.58,-0.59,0.02,81
POS,0.56,-0.60,0.03,81
POS,0.57,-0.60,0.02,83
POS,0.56,-0.61,0.04,82
POS,0.59,-0.59,0.01,84
POS,0.58,-0.60,0.01,82
POS,0.59,-0.60,-0.00,83
POS,0.58,-0.60,-0.02,82
POS,0.56,-0.61,-0.01,83
POS,0.55,-0.62,-0.01,82
POS,0.56,-0.61,0.01,84
POS,0.58,-0.60,-0.02,81
POS,0.58,-0.60,-0.02,82
POS,0.58,-0.59,0.01,82
POS,0.55,-0.60,0.02,81
POS,0.58,-0.59,0.03,83
POS,0.61,-0.58,0.02,84
POS,0.58,-0.58,0.01,79
POS,0.57,-0.59,0.03,82
POS,0.60,-0.58,0.03,84
POS,0.59,-0.58,0.05,82
POS,0.56,-0.58,0.02,81
POS,0.58,-0.58,0.00,83
POS,0.61,-0.56,-0.05,86
POS,0.62,-0.55,-0.02,83
POS,0.60,-0.56,0.02,81
POS,0.55,-0.58,0.02,80
POS,0.54,-0.58,0.01,81
POS,0.52,-0.60,0.01,82
POS,0.50,-0.61,0.02,82
POS,0.49,-0.62,0.02,82
POS,0.47,-0.62,-0.00,82
POS,0.51,-0.61,0.02,84
POS,0.56,-0.59,0.05,84
POS,0.58,-0.59,0.01,83
POS,0.60,-0.58,0.03,83
POS,0.61,-0.58,0.05,83
POS,0.60,-0.58,0.03,82
POS,0.60,-0.59,0.03,83
POS,0.59,-0.59,0.05,82
POS,0.58,-0.60,0.06,83
POS,0.58,-0.60,0.03,83
POS,0.58,-0.59,0.07,83
POS,0.59,-0.59,0.04,82
POS,0.56,-0.60,0.05,82
POS,0.54,-0.60,0.03,81
POS,0.57,-0.59,0.00,82
POS,0.59,-0.58,0.00,83
POS,0.59,-0.58,-0.00,81
POS,0.61,-0.57,0.03,84
POS,0.60,-0.57,0.03,81
POS,0.62,-0.56,0.00,82
POS,0.61,-0.57,0.02,82
POS,0.62,-0.56,0.03,82
POS,0.63,-0.57,0.04,84
POS,0.64,-0.57,0.03,84
POS,0.62,-0.58,0.04,82
POS,0.64,-0.57,0.01,84
POS,0.60,-0.57,0.02,80
POS,0.60,-0.57,0.02,81
POS,0.59,-0.58,0.02,82
POS,0.60,-0.58,0.05,83
POS,0.59,-0.58,0.02,82
POS,0.55,-0.59,0.04,80
POS,0.54,-0.60,0.06,82
POS,0.58,-0.57,0.01,84
POS,0.59,-0.58,0.00,82
POS,0.61,-0.56,-0.02,83
POS,0.61,-0.56,0.02,82
POS,0.61,-0.57,-0.00,82
POS,0.60,-0.58,-0.01,83
POS,0.62,-0.58,-0.02,84
POS,0.60,-0.58,0.01,82
POS,0.61,-0.59,0.01,84
POS,0.59,-0.60,-0.01,83
POS,0.60,-0.60,-0.03,83
POS,0.57,-0.60,-0.03,81
POS,0.60,-0.59,-0.00,84
POS,0.59,-0.59,-0.02,80
POS,0.59,-0.58,-0.02,81
POS,0.64,-0.56,-0.02,84
POS,0.62,-0.57,0.01,82
POS,0.64,-0.56,-0.01,83
POS,0.59,-0.27,0.04,80
POS,0.61,-0.35,0.03,83
POS,0.62,-0.40,0.03,83
POS,0.59,-0.46,0.01,82
POS,0.60,-0.49,0.02,83
POS,0.55,-0.53,0.01,81
POS,0.52,-0.55,0.04,82
POS,0.52,-0.56,0.06,81
POS,0.55,-0.57,0.07,83
POS,0.57,-0.57,0.05,83
POS,0.57,-0.58,0.05,82
POS,0.58,-0.58,0.03,82
POS,0.58,-0.59,0.06,83
POS,0.54,-0.59,0.04,81
POS,0.56,-0.60,0.03,83
POS,0.55,-0.60,0.02,82
POS,0.55,-0.60,0.04,81
POS,0.54,-0.60,0.03,80
POS,0.55,-0.59,0.03,81
POS,0.57,-0.58,-0.02,84
POS,0.57,-0.59,-0.01,83
POS,0.56,-0.60,-0.00,82
POS,0.58,-0.59,0.02,83
POS,0.56,-0.60,-0.00,82
POS,0.54,-0.60,0.01,81
POS,0.56,-0.60,0.02,83
POS,0.56,-0.60,0.03,83
POS,0.54,-0.60,0.01,80
POS,0.58,-0.59,-0.01,84
POS,0.56,-0.30,-0.04,82
POS,0.55,-0.38,-0.02,82
POS,0.55,-0.43,-0.04,82
POS,0.58,-0.46,-0.03,83
POS,0.60,-0.49,-0.03,84
POS,0.64,-0.49,-0.03,84
POS,0.64,-0.52,-0.00,84
POS,0.62,-0.53,-0.02,82
POS,0.61,-0.55,0.01,81
POS,0.58,-0.57,-0.00,81
POS,0.55,-0.58,0.02,82
POS,0.56,-0.58,0.05,83
POS,0.56,-0.59,0.04,81
POS,0.56,-0.59,0.03,82
POS,0.58,-0.59,0.05,88
POS,0.58,-0.59,0.04,82
POS,0.57,-0.59,0.04,82
POS,0.56,-0.60,0.01,83
POS,0.55,-0.60,0.06,83
POS,0.57,-0.60,0.05,83
POS,0.58,-0.59,0.04,82
POS,0.58,-0.59,0.04,83
POS,0.60,-0.58,0.02,82
POS,0.58,-0.59,0.01,82
POS,0.59,-0.59,0.03,83
POS,0.60,-0.59,0.01,83
POS,0.61,-0.58,0.01,84
POS,0.61,-0.58,-0.02,84
POS,0.57,-0.58,-0.02,80
POS,0.58,-0.59,-0.00,83
POS,0.60,-0.58,-0.00,84
POS,0.57,-0.59,-0.02,82
POS,0.62,-0.56,-0.05,85
POS,0.57,-0.58,-0.00,82
POS,0.59,-0.58,-0.01,83
POS,0.60,-0.58,-0.04,83
POS,0.58,-0.58,-0.02,80
POS,0.60,-0.57,-0.02,82
POS,0.60,-0.58,-0.03,83
POS,0.59,-0.58,-0.04,82
POS,0.58,-0.59,0.01,83
POS,0.58,-0.59,0.03,83
POS,0.61,-0.58,0.01,83
POS,0.60,-0.58,0.01,82
POS,0.57,-0.59,0.02,81
POS,0.56,-0.58,-0.02,82
POS,0.57,-0.58,0.00,83
POS,0.54,-0.60,0.01,82
POS,0.58,-0.59,-0.01,84
POS,0.59,-0.58,-0.03,82
POS,0.58,-0.58,-0.00,81
POS,0.58,-0.59,0.00,83
POS,0.58,-0.60,0.01,83
POS,0.59,-0.59,-0.01,82
POS,0.59,-0.59,-0.03,82
POS,0.62,-0.57,-0.03,84
POS,0.58,-0.59,0.01,82
POS,0.55,-0.60,-0.00,82
POS,0.55,-0.61,0.03,82
POS,0.54,-0.61,0.02,82
POS,0.58,-0.60,0.01,85
POS,0.60,-0.59,0.01,84
POS,0.60,-0.59,-0.01,82
POS,0.59,-0.59,0.01,83
POS,0.59,-0.60,0.03,82
POS,0.59,-0.59,0.05,82
POS,0.61,-0.58,0.06,84
POS,0.60,-0.57,0.02,80
POS,0.62,-0.57,0.00,84
POS,0.60,-0.58,-0.00,82
POS,0.59,-0.58,0.02,81
POS,0.61,-0.57,-0.00,82
POS,0.63,-0.56,-0.02,85
POS,0.62,-0.57,-0.02,83
POS,0.62,-0.58,-0.01,84
POS,0.62,-0.58,-0.02,82
POS,0.60,-0.59,-0.01,82
POS,0.58,-0.60,0.01,83
POS,0.56,-0.60,0.05,82
POS,0.57,-0.60,0.06,83
POS,0.56,-0.60,0.04,81
POS,0.54,-0.61,0.03,81
POS,0.56,-0.60,0.03,83
POS,0.60,-0.59,-0.01,84
POS,0.58,-0.60,0.00,82
POS,0.57,-0.60,0.01,83
POS,0.56,-0.61,0.00,82
POS,0.54,-0.61,0.01,82
POS,0.54,-0.61,-0.03,83
POS,0.53,-0.61,-0.03,81
POS,0.52,-0.62,-0.03,83
POS,0.54,-0.61,0.00,83
POS,0.53,-0.60,-0.01,80
POS,0.55,-0.60,0.02,83
POS,0.53,-0.61,0.02,83
POS,0.55,-0.61,0.01,83
POS,0.55,-0.61,0.00,82
POS,0.55,-0.62,-0.00,83
POS,0.57,-0.60,-0.02,82
POS,0.55,-0.60,-0.02,81
POS,0.56,-0.60,0.00,83
POS,0.57,-0.60,0.03,83
POS,0.59,-0.58,-0.00,82
POS,0.58,-0.59,0.02,82
POS,0.59,-0.59,0.04,84
POS,0.61,-0.59,0.03,83
POS,0.57,-0.60,0.03,82
POS,0.58,-0.59,0.03,83
POS,0.56,-0.61,0.05,83
POS,0.58,-0.61,0.05,84
POS,0.55,-0.61,0.03,82
POS,0.53,-0.62,0.02,82
POS,0.52,-0.62,0.01,81
POS,0.53,-0.61,-0.02,82
POS,0.55,-0.60,-0.05,84
POS,0.54,-0.60,-0.02,82
POS,0.53,-0.61,-0.01,81
POS,0.53,-0.61,-0.01,81
POS,0.57,-0.59,-0.00,84
POS,0.58,-0.59,0.02,84
POS,0.58,-0.59,0.03,81
POS,0.59,-0.59,0.03,83
POS,0.58,-0.59,0.01,81
POS,0.56,-0.59,0.04,81
POS,0.57,-0.59,0.01,82
POS,0.56,-0.59,-0.01,81
POS,0.55,-0.59,-0.01,82
POS,0.57,-0.60,-0.02,84
POS,0.55,-0.60,-0.00,81
POS,0.56,-0.60,0.02,83
POS,0.55,-0.61,0.03,82
POS,0.54,-0.61,0.03,82
POS,0.56,-0.61,0.03,83
POS,0.55,-0.60,0.04,81
POS,0.53,-0.60,0.05,80
POS,0.52,-0.60,0.01,83
POS,0.55,-0.60,0.02,84
POS,0.58,-0.59,0.01,82
POS,0.57,-0.59,0.05,83
POS,0.56,-0.60,0.04,82
POS,0.56,-0.60,0.03,81
POS,0.59,-0.59,0.02,84
POS,0.58,-0.60,0.05,84
POS,0.59,-0.59,0.06,82
POS,0.59,-0.58,0.04,81
POS,0.59,-0.59,0.07,82
POS,0.58,-0.58,0.00,85
POS,0.59,-0.58,0.03,83
POS,0.59,-0.59,0.03,83
POS,0.60,-0.60,0.04,84
POS,0.62,-0.59,0.03,84
POS,0.60,-0.60,0.03,83
POS,0.60,-0.60,0.05,83
POS,0.60,-0.60,0.03,83
POS,0.58,-0.60,0.03,82
POS,0.56,-0.61,0.07,83
POS,0.57,-0.59,0.03,79
POS,0.62,-0.57,-0.01,86
POS,0.60,-0.58,-0.04,84
POS,0.62,-0.58,-0.03,84
POS,0.56,-0.59,-0.03,82
POS,0.55,-0.60,0.01,82
POS,0.59,-0.58,-0.00,85
POS,0.59,-0.59,-0.00,84
POS,0.60,-0.59,0.00,83
POS,0.60,-0.59,0.04,83
POS,0.59,-0.59,0.01,81
POS,0.61,-0.58,-0.00,83
POS,0.58,-0.59,-0.00,81
POS,0.57,-0.58,0.03,81
POS,0.59,-0.58,0.07,84
POS,0.60,-0.58,0.03,82
POS,0.59,-0.58,0.01,82
POS,0.61,-0.57,-0.02,84
POS,0.62,-0.58,-0.01,84
POS,0.57,-0.58,-0.00,80
POS,0.58,-0.58,-0.01,80
POS,0.58,-0.58,0.00,83
POS,0.58,-0.59,0.03,83
POS,0.61,-0.58,0.03,85
POS,0.57,-0.59,0.04,81
POS,0.58,-0.59,0.04,82
POS,0.59,-0.59,0.07,84
POS,0.61,-0.57,0.01,85
POS,0.59,-0.58,-0.01,81
POS,0.61,-0.57,0.02,83
POS,0.58,-0.58,0.04,82
POS,0.55,-0.60,0.02,82
POS,0.57,-0.59,-0.00,82
POS,0.58,-0.59,0.05,84
POS,0.60,-0.58,0.04,83
POS,0.60,-0.60,0.05,84
POS,0.61,-0.59,0.08,84
POS,0.63,-0.58,0.06,83
POS,0.59,-0.59,0.08,83
POS,0.62,-0.58,0.05,84
POS,0.58,-0.59,0.06,81
POS,0.59,-0.59,0.06,84
POS,0.56,-0.59,0.02,82
POS,0.57,-0.59,-0.01,83
POS,0.58,-0.59,0.00,83
POS,0.59,-0.59,-0.02,83
POS,0.57,-0.60,0.00,83
POS,0.56,-0.60,0.02,80
POS,0.57,-0.59,0.04,82
POS,0.59,-0.58,0.05,83
POS,0.62,-0.56,-0.01,86
POS,0.60,-0.58,0.01,83
POS,0.62,-0.58,0.03,84
POS,0.63,-0.58,0.06,85
POS,0.63,-0.58,0.03,82
POS,0.63,-0.57,0.03,83
POS,0.61,-0.58,0.06,83
POS,0.61,-0.59,0.05,83
POS,0.58,-0.60,0.06,83
POS,0.58,-0.60,0.06,82
POS,0.55,-0.59,0.02,80
POS,0.55,-0.58,0.03,80
POS,0.53,-0.59,0.03,81
POS,0.55,-0.59,0.02,81
POS,0.57,-0.58,0.01,83
POS,0.56,-0.59,0.05,82
POS,0.56,-0.60,0.06,83
POS,0.56,-0.60,0.06,83
POS,0.57,-0.61,0.04,84
POS,0.60,-0.59,0.05,84
POS,0.61,-0.59,0.04,84
POS,0.59,-0.59,0.04,82
POS,0.61,-0.59,0.00,84
POS,0.57,-0.60,0.01,82
POS,0.60,-0.58,-0.01,82
POS,0.57,-0.59,-0.02,82
POS,0.61,-0.57,-0.05,84
POS,0.59,-0.58,-0.02,82
POS,0.56,-0.59,0.01,82
POS,0.59,-0.59,0.01,84
POS,0.55,-0.60,0.03,82
POS,0.57,-0.59,-0.01,83
POS,0.55,-0.60,0.04,83
POS,0.57,-0.60,0.07,84
POS,0.58,-0.59,0.02,83
POS,0.56,-0.59,-0.00,81
POS,0.58,-0.57,-0.03,82
POS,0.56,-0.58,-0.04,81
POS,0.54,-0.59,-0.02,81
POS,0.55,-0.59,-0.01,82
POS,0.55,-0.59,-0.01,81
POS,0.56,-0.59,-0.02,82
POS,0.55,-0.60,0.03,83
POS,0.53,-0.60,0.04,80
POS,0.57,-0.59,0.04,83
POS,0.58,-0.58,0.01,83
POS,0.56,-0.58,0.04,81
POS,0.55,-0.58,0.03,80
POS,0.53,-0.60,0.04,83
POS,0.54,-0.59,0.02,80
POS,0.57,-0.59,0.02,83
POS,0.55,-0.59,0.02,80
POS,0.56,-0.60,0.04,84
POS,0.59,-0.58,0.03,84
POS,0.62,-0.57,0.02,84
POS,0.59,-0.58,0.03,81
POS,0.59,-0.58,0.04,82
POS,0.60,-0.58,0.02,83
POS,0.57,-0.60,0.02,83
POS,0.56,-0.60,-0.01,82
POS,0.54,-0.60,0.02,81
POS,0.52,-0.61,0.05,83
POS,0.53,-0.60,0.01,82
POS,0.53,-0.59,0.02,80
POS,0.54,-0.59,-0.00,81
POS,0.56,-0.59,0.01,83
POS,0.57,-0.60,0.00,83
POS,0.56,-0.61,0.03,84
POS,0.57,-0.61,0.04,83
POS,0.58,-0.60,0.03,83
POS,0.57,-0.61,0.06,83
POS,0.55,-0.61,0.05,82
POS,0.57,-0.60,0.02,82
POS,0.59,-0.59,0.01,83
POS,0.57,-0.60,0.03,82
POS,0.58,-0.60,0.05,84
POS,0.59,-0.59,0.04,82
POS,0.58,-0.60,0.03,82
POS,0.57,-0.60,0.03,83
POS,0.57,-0.61,0.04,84
POS,0.57,-0.61,0.02,81
POS,0.56,-0.61,0.01,82
POS,0.57,-0.61,0.01,84
POS,0.58,-0.60,0.01,81
POS,0.57,-0.60,0.01,82
POS,0.60,-0.58,-0.02,83
POS,0.59,-0.59,-0.05,84
POS,0.59,-0.59,-0.04,82
POS,0.55,-0.60,-0.04,82
POS,0.55,-0.59,-0.06,81
POS,0.56,-0.60,0.00,84
POS,0.57,-0.59,0.02,83
POS,0.58,-0.59,0.04,82
POS,0.57,-0.58,0.01,79
POS,0.57,-0.58,0.01,81
POS,0.56,-0.59,0.05,83
POS,0.55,-0.60,0.03,81
POS,0.55,-0.60,0.02,82
POS,0.59,-0.58,0.04,83
POS,0.61,-0.58,0.05,99
POS,0.58,-0.58,0.05,80
POS,0.56,-0.59,0.06,82
POS,0.53,-0.61,0.03,82
POS,0.56,-0.60,0.02,83
POS,0.53,-0.61,0.04,82
POS,0.54,-0.60,0.01,82
POS,0.56,-0.60,0.01,82
POS,0.54,-0.59,0.00,79
POS,0.54,-0.61,0.01,84
POS,0.55,-0.61,0.02,83
POS,0.58,-0.60,0.02,84
POS,0.59,-0.59,0.02,82
POS,0.59,-0.59,0.04,83
POS,0.61,-0.58,0.01,83
POS,0.61,-0.59,0.02,83
POS,0.58,-0.59,0.01,81
POS,0.59,-0.59,0.01,83
POS,0.59,-0.59,0.01,83
POS,0.60,-0.59,0.03,83
POS,0.59,-0.59,0.05,82
POS,0.57,-0.58,0.02,80
POS,0.60,-0.56,0.02,83
POS,0.58,-0.57,0.00,81
POS,0.56,-0.58,0.02,81
POS,0.55,-0.59,0.05,82
POS,0.60,-0.58,0.06,85
POS,0.56,-0.57,0.01,81
POS,0.55,-0.58,0.01,81
POS,0.54,-0.59,0.02,82
POS,0.55,-0.59,0.01,82
POS,0.55,-0.59,0.02,81
POS,0.55,-0.59,0.02,81
POS,0.57,-0.59,0.02,82
POS,0.58,-0.59,0.01,82
POS,0.59,-0.59,0.01,84
POS,0.59,-0.59,0.01,81
POS,0.60,-0.59,0.03,83
POS,0.62,-0.58,0.03,84
POS,0.63,-0.58,0.03,85
POS,0.60,-0.60,0.04,82
POS,0.61,-0.59,0.05,83
POS,0.59,-0.59,0.03,81
POS,0.59,-0.59,0.04,83
POS,0.61,-0.58,-0.01,85
POS,0.58,-0.59,0.02,82
POS,0.59,-0.59,0.03,84
POS,0.60,-0.57,-0.02,84
POS,0.60,-0.58,-0.00,82
POS,0.59,-0.59,0.00,83
POS,0.56,-0.60,-0.01,81
POS,0.58,-0.59,-0.01,83
POS,0.58,-0.59,0.01,82
POS,0.59,-0.60,0.01,84
POS,0.57,-0.61,0.02,83
POS,0.60,-0.59,0.06,84
POS,0.63,-0.58,0.03,85
POS,0.62,-0.59,0.05,83
POS,0.59,-0.58,0.00,82
POS,0.61,-0.57,-0.01,82
POS,0.58,-0.58,-0.02,82
POS,0.58,-0.59,-0.01,83
POS,0.60,-0.58,-0.01,84
POS,0.62,-0.58,-0.01,84
POS,0.59,-0.59,0.02,82
POS,0.57,-0.59,0.02,81
POS,0.59,-0.59,0.04,84
POS,0.62,-0.57,0.01,83
POS,0.60,-0.58,-0.02,82
POS,0.58,-0.59,-0.02,82
POS,0.55,-0.59,-0.02,81
POS,0.59,-0.58,-0.02,84
POS,0.58,-0.59,-0.01,83
POS,0.56,-0.60,0.01,82
POS,0.58,-0.59,0.02,83
POS,0.57,-0.60,0.02,83
POS,0.57,-0.59,0.01,80
POS,0.58,-0.59,0.04,83
POS,0.58,-0.59,0.04,82
POS,0.57,-0.59,0.06,81
POS,0.57,-0.60,0.05,83
POS,0.56,-0.60,0.03,82
POS,0.59,-0.59,0.06,84
POS,0.59,-0.59,0.06,83
POS,0.61,-0.58,0.04,83
POS,0.60,-0.59,0.04,82
POS,0.61,-0.58,0.03,81
POS,0.61,-0.58,0.02,83
POS,0.61,-0.58,0.03,82
POS,0.59,-0.59,0.01,81
POS,0.61,-0.58,0.02,84
POS,0.61,-0.58,0.04,83
POS,0.62,-0.58,0.02,83
POS,0.62,-0.58,0.04,82
POS,0.58,-0.59,0.00,83
POS,0.60,-0.58,0.01,84
POS,0.59,-0.59,0.02,81
POS,0.56,-0.60,0.01,81
POS,0.58,-0.60,0.01,84
POS,0.60,-0.59,0.01,83
POS,0.60,-0.60,0.02,83
POS,0.57,-0.60,0.02,81
POS,0.60,-0.59,0.01,84
POS,0.59,-0.59,0.03,82
POS,0.57,-0.60,0.02,82
POS,0.57,-0.59,0.05,81
POS,0.60,-0.58,0.06,84
POS,0.59,-0.59,0.04,82
POS,0.58,-0.59,0.05,81
POS,0.60,-0.58,0.03,84
POS,0.60,-0.58,0.01,82
POS,0.59,-0.59,0.03,83
POS,0.57,-0.60,0.02,81
POS,0.57,-0.59,-0.03,83
POS,0.60,-0.58,-0.01,85
POS,0.58,-0.58,0.00,79
POS,0.57,-0.58,-0.00,81
POS,0.59,-0.57,-0.01,82
POS,0.60,-0.57,0.02,82
POS,0.56,-0.58,0.02,81
POS,0.56,-0.58,0.01,79
POS,0.58,-0.58,0.01,83
POS,0.60,-0.58,0.00,84
POS,0.62,-0.58,0.00,84
POS,0.62,-0.58,0.01,83
POS,0.60,-0.59,-0.00,82
POS,0.59,-0.60,-0.00,83
POS,0.58,-0.61,-0.02,84
POS,0.58,-0.61,-0.02,83
POS,0.60,-0.59,-0.05,83
POS,0.62,-0.58,-0.06,84
POS,0.61,-0.59,-0.05,82
POS,0.60,-0.58,-0.02,79
POS,0.60,-0.58,0.01,83
POS,0.57,-0.59,-0.00,81
POS,0.60,-0.57,-0.00,83
POS,0.59,-0.58,0.00,81
POS,0.60,-0.58,0.01,83
POS,0.57,-0.59,0.02,82
POS,0.58,-0.59,0.01,82
POS,0.58,-0.59,-0.03,83
POS,0.56,-0.61,-0.00,83
POS,0.55,-0.62,0.02,83
POS,0.57,-0.61,-0.00,83
POS,0.58,-0.61,0.00,83
POS,0.57,-0.61,0.02,83
POS,0.58,-0.61,0.02,84
POS,0.59,-0.60,0.03,82
POS,0.60,-0.59,0.02,83
POS,0.57,-0.60,0.03,81
POS,0.57,-0.60,0.05,83
POS,0.56,-0.60,0.05,81
POS,0.58,-0.60,0.06,84
POS,0.59,-0.59,0.03,82
POS,0.60,-0.59,0.01,83
POS,0.60,-0.59,0.02,83
POS,0.60,-0.60,0.03,84
POS,0.61,-0.59,0.04,83
POS,0.56,-0.61,0.02,82
POS,0.55,-0.62,0.05,84
POS,0.57,-0.61,0.03,83
POS,0.55,-0.62,0.01,82
POS,0.55,-0.61,0.02,82
POS,0.56,-0.60,-0.03,85
POS,0.59,-0.60,-0.02,84
POS,0.59,-0.59,-0.04,82
POS,0.58,-0.61,-0.02,84
POS,0.61,-0.59,-0.02,83
POS,0.61,-0.58,-0.04,82
POS,0.60,-0.59,-0.03,82
POS,0.62,-0.59,-0.00,85
POS,0.59,-0.60,-0.00,82
POS,0.60,-0.60,-0.01,84
POS,0.59,-0.61,-0.01,84
POS,0.59,-0.61,-0.01,83
POS,0.59,-0.60,-0.04,83
POS,0.59,-0.60,-0.00,83
POS,0.58,-0.60,0.01,82
POS,0.59,-0.59,0.05,83
POS,0.58,-0.59,0.02,81
POS,0.59,-0.58,0.03,82
POS,0.59,-0.58,0.00,82
POS,0.56,-0.59,0.04,81
POS,0.55,-0.59,0.03,82
POS,0.54,-0.59,0.05,80
POS,0.54,-0.60,0.05,82
POS,0.56,-0.60,0.04,82
POS,0.57,-0.58,-0.00,83
POS,0.58,-0.59,0.01,83
POS,0.56,-0.59,0.04,81
POS,0.60,-0.58,0.05,84
POS,0.60,-0.58,0.04,83
POS,0.56,-0.59,0.04,82
POS,0.56,-0.60,0.06,83
POS,0.59,-0.58,0.03,84
POS,0.58,-0.59,0.01,82
POS,0.61,-0.58,-0.00,84
POS,0.60,-0.59,0.03,83
POS,0.58,-0.59,0.00,81
POS,0.60,-0.58,-0.01,83
POS,0.60,-0.58,0.02,82
POS,0.58,-0.59,0.05,83
POS,0.59,-0.59,0.01,82
POS,0.62,-0.56,0.07,98
POS,0.63,-0.56,0.03,84
POS,0.62,-0.57,0.03,83
POS,0.60,-0.58,0.03,82
POS,0.61,-0.58,0.03,83
POS,0.62,-0.58,0.02,84
POS,0.61,-0.58,0.04,83
POS,0.59,-0.57,-0.01,83
POS,0.60,-0.57,-0.02,83
POS,0.60,-0.57,-0.01,81
POS,0.60,-0.58,0.02,82
POS,0.62,-0.57,0.03,84
POS,0.59,-0.58,0.03,81
POS,0.60,-0.58,0.04,84
POS,0.59,-0.58,0.05,80
POS,0.59,-0.57,0.00,83
POS,0.59,-0.58,0.02,83
POS,0.57,-0.59,0.03,82
POS,0.58,-0.59,0.02,82
POS,0.60,-0.58,-0.00,82
POS,0.58,-0.59,-0.02,81
POS,0.58,-0.59,0.01,83
POS,0.59,-0.58,-0.03,84
POS,0.58,-0.59,0.00,82
POS,0.56,-0.59,-0.01,81
POS,0.58,-0.58,-0.01,82
POS,0.60,-0.58,-0.01,83
POS,0.62,-0.58,0.01,84
POS,0.63,-0.57,-0.01,83
POS,0.60,-0.57,-0.01,80
POS,0.60,-0.57,-0.01,81
POS,0.63,-0.56,-0.02,84
POS,0.58,-0.58,-0.00,83
POS,0.58,-0.59,0.00,83
POS,0.59,-0.59,-0.01,82
POS,0.56,-0.60,0.01,82
POS,0.58,-0.60,0.00,83
POS,0.60,-0.58,-0.01,82
POS,0.63,-0.57,0.00,85
POS,0.60,-0.59,-0.00,82
POS,0.61,-0.59,0.03,84
POS,0.61,-0.58,0.01,80
POS,0.62,-0.58,0.02,84
POS,0.58,-0.59,0.03,82
POS,0.60,-0.58,-0.01,84
POS,0.60,-0.57,-0.02,81
POS,0.58,-0.58,-0.02,82
POS,0.58,-0.54,0.09,93
POS,0.58,-0.55,0.07,82
POS,0.58,-0.56,0.11,83
POS,0.58,-0.57,0.08,82
POS,0.61,-0.56,0.09,83
POS,0.57,-0.57,0.10,81
POS,0.54,-0.59,0.09,83
POS,0.57,-0.59,0.09,84
POS,0.55,-0.58,0.05,78
POS,0.54,-0.59,0.02,82
POS,0.56,-0.59,0.01,82
POS,0.56,-0.59,0.05,82
POS,0.58,-0.58,0.04,83
POS,0.59,-0.58,0.00,83
POS,0.57,-0.59,0.05,84
POS,0.58,-0.58,0.05,81
POS,0.60,-0.58,0.05,83
POS,0.58,-0.57,-0.00,84
POS,0.58,-0.58,-0.01,82
POS,0.61,-0.56,-0.01,84
POS,0.58,-0.57,-0.02,81
POS,0.62,-0.56,-0.02,84
POS,0.60,-0.57,0.00,81
POS,0.56,-0.58,-0.01,81
POS,0.58,-0.59,0.02,84
POS,0.54,-0.60,0.04,82
POS,0.53,-0.61,0.04,82
POS,0.57,-0.59,0.03,84
POS,0.55,-0.61,0.05,83
POS,0.56,-0.61,0.04,82
POS,0.57,-0.60,0.05,82
POS,0.57,-0.59,0.04,80
POS,0.59,-0.59,0.03,83
POS,0.59,-0.59,0.01,83
POS,0.58,-0.60,0.01,82
POS,0.59,-0.60,-0.01,84
POS,0.57,-0.60,-0.02,81
POS,0.59,-0.60,-0.02,84
POS,0.59,-0.60,-0.03,83
POS,0.60,-0.60,-0.02,83
POS,0.62,-0.58,-0.02,84
POS,0.60,-0.60,0.00,83
POS,0.58,-0.60,0.01,82
POS,0.55,-0.61,0.04,82
POS,0.56,-0.60,0.05,82
POS,0.58,-0.59,0.03,82
POS,0.59,-0.59,0.03,83
POS,0.56,-0.58,-0.01,82
POS,0.57,-0.58,0.01,82
POS,0.58,-0.58,0.00,82
POS,0.58,-0.58,0.03,82
POS,0.58,-0.59,0.06,84
POS,0.56,-0.60,0.08,83
POS,0.54,-0.60,0.04,81
POS,0.59,-0.59,0.02,85
POS,0.59,-0.59,-0.01,83
POS,0.60,-0.58,-0.00,83
POS,0.61,-0.57,-0.00,81
POS,0.61,-0.58,-0.03,83
POS,0.60,-0.58,-0.03,81
POS,0.61,-0.58,-0.03,83
POS,0.62,-0.58,-0.03,83
POS,0.59,-0.59,-0.01,82
POS,0.57,-0.59,-0.01,80
POS,0.56,-0.60,-0.01,82
POS,0.53,-0.61,-0.01,82
POS,0.56,-0.60,0.02,84
POS,0.56,-0.61,0.01,82
POS,0.56,-0.61,-0.01,82
POS,0.58,-0.60,0.01,84
POS,0.56,-0.61,0.05,82
POS,0.54,-0.61,0.04,81
POS,0.55,-0.60,0.04,82
POS,0.55,-0.61,0.05,83
POS,0.59,-0.59,0.04,84
POS,0.61,-0.58,0.02,84
POS,0.63,-0.58,0.04,84
POS,0.63,-0.58,0.04,83
POS,0.57,-0.59,0.01,81
POS,0.57,-0.59,0.03,81
POS,0.55,-0.59,0.05,80
POS,0.55,-0.59,0.06,82
POS,0.56,-0.59,0.04,83
POS,0.55,-0.60,0.04,81
POS,0.58,-0.59,0.04,84
POS,0.57,-0.60,0.06,84
POS,0.56,-0.61,0.05,83
POS,0.55,-0.62,0.04,82
POS,0.59,-0.60,0.05,85
POS,0.59,-0.60,0.04,83
POS,0.58,-0.61,0.03,82
POS,0.56,-0.61,0.02,82
POS,0.57,-0.61,0.02,83
POS,0.58,-0.60,0.01,81
POS,0.59,-0.59,0.00,83
POS,0.55,-0.60,-0.03,83
POS,0.59,-0.59,-0.02,84
POS,0.62,-0.57,-0.04,84
POS,0.63,-0.55,-0.06,83
POS,0.65,-0.55,-0.02,84
POS,0.64,-0.56,-0.04,84
POS,0.65,-0.56,-0.02,83
POS,0.64,-0.56,0.00,82
POS,0.64,-0.56,0.00,83
POS,0.63,-0.57,0.01,82
POS,0.61,-0.58,0.03,83
POS,0.64,-0.57,0.01,85
POS,0.62,-0.57,0.05,81
POS,0.57,-0.58,0.02,80
POS,0.58,-0.59,0.04,84
POS,0.61,-0.58,0.02,84
POS,0.60,-0.58,0.01,81
POS,0.59,-0.59,0.02,83
POS,0.57,-0.61,0.01,84
POS,0.55,-0.61,-0.00,81
POS,0.56,-0.60,0.04,83
POS,0.59,-0.58,0.06,83
POS,0.60,-0.58,0.05,83
POS,0.62,-0.58,0.04,83
POS,0.58,-0.58,0.06,81
POS,0.54,-0.59,0.03,80
POS,0.58,-0.58,0.04,84
POS,0.57,-0.59,0.02,82
POS,0.58,-0.59,0.01,83
POS,0.56,-0.59,-0.01,80
POS,0.55,-0.59,0.00,81
POS,0.56,-0.60,-0.01,83
POS,0.58,-0.59,-0.01,83
POS,0.57,-0.59,0.02,81
POS,0.58,-0.59,0.00,82
POS,0.57,-0.59,-0.01,81
POS,0.53,-0.60,-0.02,82
POS,0.57,-0.59,-0.02,85
POS,0.59,-0.59,0.02,83
POS,0.58,-0.60,0.04,83
POS,0.56,-0.59,0.03,79
POS,0.57,-0.59,0.05,83
POS,0.58,-0.60,0.08,84
POS,0.54,-0.60,0.05,80
POS,0.53,-0.60,0.07,82
POS,0.54,-0.60,0.08,82
POS,0.56,-0.59,0.10,83
POS,0.56,-0.60,0.08,82
POS,0.58,-0.59,0.04,83
POS,0.62,-0.57,-0.00,85
POS,0.63,-0.56,0.03,83
POS,0.60,-0.58,0.02,82
POS,0.61,-0.58,0.04,83
POS,0.63,-0.57,0.03,83
POS,0.60,-0.57,0.07,81
POS,0.59,-0.58,0.07,82
POS,0.62,-0.57,0.06,85
POS,0.62,-0.57,0.05,82
POS,0.58,-0.58,0.05,80
POS,0.59,-0.58,0.05,83
POS,0.56,-0.59,0.07,83
POS,0.57,-0.59,0.06,83
POS,0.59,-0.60,0.10,85
POS,0.58,-0.61,0.07,83
POS,0.59,-0.59,0.02,83
POS,0.56,-0.59,0.01,80
POS,0.57,-0.60,0.02,84
POS,0.59,-0.59,0.00,83
POS,0.59,-0.59,0.02,83
POS,0.61,-0.58,0.01,84
POS,0.63,-0.57,0.04,83
POS,0.62,-0.58,0.03,83
POS,0.63,-0.59,0.03,84
POS,0.64,-0.59,0.07,85
POS,0.60,-0.59,0.04,81
POS,0.60,-0.59,0.05,82
POS,0.60,-0.59,0.07,84
POS,0.60,-0.60,0.04,84
POS,0.58,-0.60,0.05,81
POS,0.58,-0.61,0.08,84
POS,0.59,-0.60,0.04,83
POS,0.62,-0.58,0.05,83
POS,0.57,-0.59,0.03,82
POS,0.56,-0.59,0.04,80
POS,0.55,-0.58,0.03,78
POS,0.58,-0.57,0.01,83
POS,0.57,-0.59,0.01,82
POS,0.59,-0.58,0.02,83
POS,0.59,-0.58,0.02,81
POS,0.58,-0.58,0.00,81
POS,0.56,-0.59,0.03,83
POS,0.59,-0.58,0.02,82
POS,0.60,-0.59,0.03,84
POS,0.57,-0.59,0.05,81
POS,0.58,-0.59,0.06,83
POS,0.56,-0.60,0.08,82
POS,0.58,-0.60,0.06,83
POS,0.53,-0.60,0.06,81
POS,0.53,-0.61,0.06,82
POS,0.55,-0.61,0.05,82
POS,0.56,-0.60,0.03,81
POS,0.56,-0.60,0.03,82
POS,0.56,-0.60,0.05,82
POS,0.55,-0.59,0.03,80
POS,0.58,-0.59,0.02,83
POS,0.59,-0.58,0.05,82
POS,0.55,-0.60,0.07,83
POS,0.59,-0.59,0.05,84
POS,0.59,-0.59,0.04,82
POS,0.61,-0.58,0.03,84
POS,0.61,-0.59,0.05,84
POS,0.59,-0.59,0.06,82
POS,0.60,-0.59,0.05,82
POS,0.61,-0.58,0.02,82
POS,0.63,-0.57,0.01,84
POS,0.58,-0.59,0.05,84
POS,0.57,-0.59,0.04,80
POS,0.57,-0.60,0.04,83
POS,0.61,-0.60,0.08,87
POS,0.64,-0.58,0.05,85
POS,0.60,-0.59,0.06,82
POS,0.58,-0.61,0.07,84
POS,0.56,-0.61,0.04,82
POS,0.60,-0.60,0.04,86
POS,0.59,-0.60,0.05,82
POS,0.56,-0.61,0.05,82
POS,0.62,-0.59,0.06,86
POS,0.62,-0.59,0.06,84
POS,0.63,-0.59,0.02,84
POS,0.59,-0.60,0.02,81
POS,0.55,-0.61,0.02,83
POS,0.56,-0.60,0.02,81
POS,0.55,-0.60,0.02,81
POS,0.54,-0.60,0.05,81
POS,0.57,-0.59,0.05,84
POS,0.59,-0.59,0.07,84
POS,0.58,-0.60,0.06,83
POS,0.58,-0.59,0.03,81
POS,0.58,-0.59,0.04,82
POS,0.58,-0.59,0.04,82
POS,0.57,-0.59,0.02,81
POS,0.54,-0.61,0.02,82
POS,0.56,-0.59,0.02,83
POS,0.57,-0.59,0.00,81
POS,0.56,-0.60,0.01,82
POS,0.52,-0.60,0.01,81
POS,0.60,-0.57,0.00,83
POS,0.58,-0.58,0.03,83
POS,0.61,-0.57,0.03,84
POS,0.62,-0.57,0.03,84
POS,0.61,-0.58,0.05,83
POS,0.61,-0.57,0.03,82
POS,0.60,-0.58,0.00,83
POS,0.58,-0.60,0.01,83
POS,0.56,-0.61,0.03,83
POS,0.58,-0.60,0.03,82
POS,0.55,-0.60,0.04,81
POS,0.60,-0.59,0.07,86
POS,0.60,-0.59,0.06,83
POS,0.60,-0.58,0.06,81
POS,0.60,-0.59,0.06,83
POS,0.62,-0.55,0.14,95
POS,0.63,-0.55,0.12,84
POS,0.60,-0.56,0.08,81
POS,0.61,-0.56,0.05,81
POS,0.58,-0.57,0.04,82
POS,0.61,-0.59,0.05,86
POS,0.57,-0.60,0.02,82
POS,0.55,-0.60,0.01,82
POS,0.56,-0.60,0.01,83
POS,0.58,-0.60,0.00,83
POS,0.61,-0.59,0.01,84
POS,0.60,-0.59,-0.01,82
POS,0.61,-0.59,0.01,83
POS,0.61,-0.59,0.00,83
POS,0.59,-0.60,-0.00,82
POS,0.58,-0.61,0.02,83
POS,0.58,-0.61,0.03,83
POS,0.60,-0.61,0.04,84
POS,0.60,-0.61,0.07,84
POS,0.58,-0.61,0.07,82
POS,0.59,-0.61,0.07,83
POS,0.59,-0.61,0.06,83
POS,0.58,-0.60,0.03,80
POS,0.58,-0.61,0.04,84
POS,0.60,-0.60,0.02,83
POS,0.58,-0.60,0.05,82
POS,0.59,-0.60,0.05,83
POS,0.58,-0.61,0.08,84
POS,0.59,-0.62,0.08,85
POS,0.59,-0.61,0.05,82
POS,0.60,-0.61,0.05,83
POS,0.64,-0.59,0.07,87
POS,0.60,-0.59,0.06,80
POS,0.61,-0.59,0.05,83
POS,0.58,-0.59,0.06,80
POS,0.59,-0.59,0.05,83
POS,0.59,-0.60,0.07,84
POS,0.57,-0.60,0.05,81
POS,0.57,-0.60,0.05,83
POS,0.58,-0.60,0.04,83
POS,0.59,-0.60,0.07,84
POS,0.57,-0.59,0.03,81
POS,0.62,-0.57,0.01,84
POS,0.59,-0.58,-0.01,92
POS,0.58,-0.59,-0.00,82
POS,0.58,-0.59,0.00,82
POS,0.56,-0.60,0.02,82
POS,0.61,-0.58,0.02,85
POS,0.59,-0.58,0.01,81
POS,0.61,-0.58,-0.02,84
POS,0.61,-0.57,-0.03,80
POS,0.63,-0.57,0.01,85
POS,0.65,-0.56,0.01,84
POS,0.62,-0.57,0.02,82
POS,0.61,-0.58,0.01,82
POS,0.63,-0.57,0.01,83
POS,0.63,-0.58,0.02,84
POS,0.61,-0.57,-0.01,80
POS,0.58,-0.58,0.02,82
POS,0.57,-0.59,0.00,82
POS,0.61,-0.57,0.02,85
POS,0.57,-0.60,0.03,84
POS,0.55,-0.61,0.03,82
POS,0.58,-0.60,0.03,83
POS,0.61,-0.58,0.01,84
POS,0.59,-0.59,-0.00,83
POS,0.62,-0.59,0.00,85
POS,0.60,-0.59,0.02,81
POS,0.63,-0.56,-0.03,85
POS,0.63,-0.57,-0.02,83
POS,0.63,-0.57,0.02,83
POS,0.62,-0.58,0.02,83
POS,0.61,-0.58,0.05,82
POS,0.62,-0.57,0.01,83
POS,0.58,-0.59,0.03,83
POS,0.60,-0.58,0.07,84
POS,0.59,-0.59,0.05,82
POS,0.61,-0.58,0.07,83
POS,0.61,-0.59,0.07,84
POS,0.62,-0.58,0.04,83
POS,0.60,-0.58,0.03,80
POS,0.56,-0.60,0.07,83
POS,0.53,-0.60,0.11,83
POS,0.52,-0.61,0.08,82
POS,0.52,-0.60,0.09,81
POS,0.56,-0.59,0.09,85
POS,0.52,-0.60,0.05,82
POS,0.53,-0.60,0.05,81
POS,0.52,-0.61,0.03,83
POS,0.57,-0.59,0.02,85
POS,0.59,-0.59,0.02,84
POS,0.56,-0.60,0.04,81
POS,0.60,-0.59,0.04,85
POS,0.59,-0.59,0.04,82
POS,0.60,-0.58,0.02,82
POS,0.59,-0.59,0.04,83
POS,0.59,-0.59,0.00,84
POS,0.60,-0.59,0.03,84
POS,0.62,-0.58,0.03,84
POS,0.58,-0.60,0.07,83
POS,0.58,-0.59,0.10,82
POS,0.61,-0.58,0.08,83
POS,0.60,-0.58,0.05,82
POS,0.63,-0.56,0.00,85
POS,0.62,-0.58,0.03,83
POS,0.64,-0.57,0.03,84
POS,0.58,-0.59,0.04,82
POS,0.60,-0.58,0.10,85
POS,0.63,-0.57,0.07,85
POS,0.63,-0.57,0.04,83
POS,0.61,-0.58,0.04,82
POS,0.58,-0.58,0.02,80
POS,0.61,-0.57,-0.01,85
POS,0.63,-0.58,-0.01,84
POS,0.61,-0.58,0.04,82
POS,0.60,-0.59,0.08,84
POS,0.59,-0.59,0.04,83
POS,0.56,-0.60,0.04,81
POS,0.58,-0.59,-0.02,86
POS,0.60,-0.58,-0.04,84
POS,0.61,-0.59,0.01,84
POS,0.59,-0.60,0.04,83
POS,0.58,-0.60,0.04,82
POS,0.62,-0.57,0.05,82
POS,0.61,-0.57,0.08,82
POS,0.60,-0.58,0.06,82
POS,0.59,-0.58,0.08,81
POS,0.61,-0.56,0.03,83
POS,0.61,-0.57,0.03,83
POS,0.62,-0.57,0.02,83
POS,0.60,-0.59,0.07,84
POS,0.61,-0.57,0.01,84
POS,0.61,-0.58,0.04,83
POS,0.60,-0.58,0.00,82
POS,0.55,-0.59,0.03,82
POS,0.56,-0.59,0.02,81
POS,0.56,-0.60,0.03,83
POS,0.58,-0.60,0.00,83
POS,0.61,-0.59,-0.00,85
POS,0.59,-0.59,0.05,82
POS,0.60,-0.59,0.05,84
POS,0.61,-0.56,-0.02,88
POS,0.61,-0.57,-0.03,82
POS,0.59,-0.58,0.02,83
POS,0.60,-0.58,0.00,82
POS,0.60,-0.59,0.01,84
POS,0.61,-0.58,-0.02,82
POS,0.61,-0.58,-0.02,83
POS,0.60,-0.58,-0.00,81
POS,0.61,-0.57,0.01,82
POS,0.57,-0.59,0.01,82
POS,0.59,-0.60,0.02,85
POS,0.59,-0.59,0.02,81
POS,0.55,-0.60,-0.00,81
POS,0.58,-0.59,-0.03,84
POS,0.59,-0.58,0.03,83
POS,0.56,-0.60,0.03,82
POS,0.58,-0.59,0.01,83
POS,0.57,-0.60,0.01,82
POS,0.61,-0.58,0.04,86
POS,0.62,-0.59,0.05,85
POS,0.59,-0.59,0.06,81
POS,0.59,-0.60,0.05,83
POS,0.57,-0.60,0.05,82
POS,0.59,-0.60,0.05,83
POS,0.62,-0.60,0.04,86
POS,0.60,-0.59,-0.01,84
POS,0.61,-0.59,0.00,83
POS,0.61,-0.59,0.04,84
POS,0.61,-0.59,0.06,83
POS,0.58,-0.59,0.08,81
POS,0.55,-0.59,0.09,80
POS,0.54,-0.59,0.06,80
POS,0.55,-0.60,0.05,82
POS,0.56,-0.59,0.06,82
POS,0.59,-0.58,0.05,84
POS,0.62,-0.58,0.05,85
POS,0.59,-0.60,0.02,82
POS,0.58,-0.61,0.02,83
POS,0.56,-0.61,0.03,82
POS,0.56,-0.61,0.04,82
POS,0.59,-0.59,0.03,84
POS,0.59,-0.60,0.02,83
POS,0.60,-0.60,0.02,83
POS,0.62,-0.59,0.01,85
POS,0.60,-0.61,0.05,84
POS,0.56,-0.60,0.03,80
POS,0.58,-0.60,0.04,89
POS,0.56,-0.60,0.04,81
POS,0.57,-0.60,0.03,82
POS,0.56,-0.60,0.02,82
POS,0.56,-0.60,0.07,83
POS,0.59,-0.61,0.07,86
POS,0.60,-0.60,0.03,83
POS,0.62,-0.59,0.03,84
POS,0.65,-0.58,0.03,86
POS,0.61,-0.59,0.01,81
POS,0.63,-0.58,0.06,85
POS,0.61,-0.59,0.02,83
POS,0.66,-0.58,0.04,87
POS,0.61,-0.59,0.05,82
POS,0.59,-0.61,0.09,85
POS,0.65,-0.58,0.06,86
POS,0.63,-0.59,0.02,82
POS,0.62,-0.59,0.00,83
POS,0.61,-0.59,-0.01,83
POS,0.62,-0.59,-0.02,83
POS,0.58,-0.59,-0.02,80
POS,0.58,-0.59,-0.01,81
POS,0.58,-0.59,0.02,82
POS,0.61,-0.57,0.03,83
POS,0.58,-0.58,0.04,80
POS,0.58,-0.58,0.04,81
POS,0.54,-0.59,0.04,82
POS,0.55,-0.60,0.05,83
POS,0.56,-0.59,0.05,81
POS,0.56,-0.59,0.01,82
POS,0.53,-0.60,0.03,81
POS,0.56,-0.59,0.00,83
POS,0.53,-0.58,-0.03,82
POS,0.53,-0.59,-0.06,84
POS,0.56,-0.59,-0.03,84
POS,0.56,-0.61,0.00,85
POS,0.55,-0.60,0.00,80
POS,0.59,-0.59,-0.01,85
POS,0.58,-0.60,0.03,84
POS,0.61,-0.58,0.02,84
POS,0.59,-0.59,0.04,81
POS,0.60,-0.59,0.03,83
POS,0.61,-0.59,0.05,85
POS,0.61,-0.60,0.05,84
POS,0.62,-0.59,0.01,83
POS,0.63,-0.58,0.01,83
POS,0.64,-0.58,0.02,84
POS,0.62,-0.59,-0.00,83
POS,0.60,-0.60,-0.01,81
POS,0.57,-0.61,-0.01,82
POS,0.58,-0.61,0.04,85
POS,0.60,-0.60,0.04,83
POS,0.60,-0.60,0.02,84
POS,0.63,-0.61,0.04,86
POS,0.62,-0.61,0.06,84
POS,0.58,-0.61,0.06,82
POS,0.63,-0.59,0.05,86
POS,0.60,-0.60,0.02,83
POS,0.56,-0.61,0.02,81
POS,0.60,-0.59,0.03,84
POS,0.59,-0.60,0.03,83
POS,0.63,-0.58,0.05,86
POS,0.61,-0.57,0.02,79
POS,0.59,-0.58,-0.01,82
POS,0.59,-0.58,0.00,82
POS,0.56,-0.59,-0.00,81
POS,0.57,-0.59,0.01,83
POS,0.58,-0.60,0.03,83