POS,0.78,-0.25,-0.30,94
POS,0.78,-0.26,-0.32,95
POS,0.76,-0.27,-0.33,94
POS,0.77,-0.27,-0.34,94
POS,0.78,-0.27,-0.29,88
POS,0.78,-0.31,-0.26,86
POS,0.79,-0.20,-0.29,99
POS,0.82,-0.26,-0.21,86
POS,0.82,-0.22,-0.26,94
POS,0.81,-0.26,-0.24,87
POS,0.82,-0.23,-0.27,93
POS,0.83,-0.21,-0.28,95
POS,0.80,-0.19,-0.32,92
POS,0.79,-0.18,-0.34,93
POS,0.81,-0.19,-0.32,95
POS,0.81,-0.19,-0.32,94
POS,0.81,-0.19,-0.33,94
POS,0.83,-0.19,-0.33,95
POS,0.85,-0.19,-0.31,95
POS,0.84,-0.20,-0.33,94
POS,0.82,-0.22,-0.29,88
POS,0.80,-0.19,-0.33,92
POS,0.80,-0.22,-0.30,90
POS,0.83,-0.23,-0.27,91
POS,0.82,-0.25,-0.28,94
POS,0.85,-0.28,-0.23,86
POS,0.85,-0.33,-0.19,87
POS,0.85,-0.34,-0.15,81
POS,0.85,-0.35,-0.11,80
POS,0.81,-0.34,-0.14,88
POS,0.79,-0.32,-0.20,94
POS,0.79,-0.33,-0.17,81
POS,0.80,-0.35,-0.13,83
POS,0.80,-0.31,-0.20,94
POS,0.80,-0.30,-0.24,95
POS,0.80,-0.29,-0.27,95
POS,0.82,-0.22,-0.38,96
POS,0.83,-0.19,-0.36,93
POS,0.81,-0.22,-0.32,85
POS,0.77,-0.21,-0.36,91
POS,0.76,-0.19,-0.38,92
POS,0.76,-0.18,-0.38,93
POS,0.77,-0.20,-0.38,95
POS,0.80,-0.17,-0.36,94
POS,0.78,-0.23,-0.33,89
POS,0.80,-0.17,-0.32,92
POS,0.83,-0.18,-0.29,93
POS,0.85,-0.17,-0.27,94
POS,0.81,-0.21,-0.27,89
POS,0.80,-0.26,-0.23,84
POS,0.77,-0.30,-0.24,90
POS,0.79,-0.25,-0.28,94
POS,0.81,-0.23,-0.29,95
POS,0.80,-0.26,-0.30,93
POS,0.80,-0.22,-0.32,93
POS,0.77,-0.23,-0.35,93
POS,0.80,-0.21,-0.35,94
POS,0.82,-0.22,-0.33,94
POS,0.82,-0.22,-0.34,95
POS,0.84,-0.20,-0.31,94
POS,0.81,-0.21,-0.33,94
POS,0.80,-0.19,-0.34,93
POS,0.81,-0.22,-0.24,77
POS,0.90,-0.34,-0.17,95
POS,0.84,-0.37,-0.21,90
POS,0.92,-0.41,-0.14,94
POS,0.90,-0.40,-0.13,84
POS,0.87,-0.35,-0.18,93
POS,0.86,-0.36,-0.18,88
POS,0.84,-0.35,-0.17,84
POS,0.86,-0.29,-0.21,95
POS,0.82,-0.25,-0.27,91
POS,0.81,-0.22,-0.30,93
POS,0.80,-0.25,-0.28,90
POS,0.80,-0.22,-0.31,93
POS,0.79,-0.26,-0.27,85
POS,0.78,-0.24,-0.31,92
POS,0.79,-0.22,-0.32,94
POS,0.80,-0.20,-0.33,94
POS,0.79,-0.22,-0.33,94
POS,0.80,-0.25,-0.29,87
POS,0.80,-0.26,-0.28,94
POS,0.77,-0.25,-0.32,92
POS,0.79,-0.26,-0.31,93
POS,0.78,-0.29,-0.28,88
POS,0.80,-0.26,-0.30,94
POS,0.81,-0.30,-0.24,84
POS,0.82,-0.28,-0.27,95
POS,0.83,-0.25,-0.29,94
POS,0.82,-0.28,-0.25,85
POS,0.82,-0.28,-0.23,96
POS,0.85,-0.38,-0.16,92
POS,0.85,-0.30,-0.22,93
POS,0.86,-0.24,-0.26,94
POS,0.90,-0.28,-0.19,90
POS,0.89,-0.20,-0.24,93
POS,0.89,-0.18,-0.23,94
POS,0.86,-0.20,-0.20,85
POS,0.84,-0.23,-0.22,92
POS,0.84,-0.22,-0.24,94
POS,0.82,-0.23,-0.24,91
POS,0.82,-0.20,-0.28,93
POS,0.80,-0.21,-0.31,94
POS,0.80,-0.22,-0.29,93
POS,0.81,-0.20,-0.32,94
POS,0.77,-0.23,-0.34,93
POS,0.78,-0.25,-0.25,76
POS,0.78,-0.21,-0.29,92
POS,0.74,-0.26,-0.39,95
POS,0.74,-0.25,-0.39,94
POS,0.76,-0.25,-0.39,95
POS,0.75,-0.26,-0.36,92
POS,0.80,-0.24,-0.34,95
POS,0.82,-0.21,-0.32,95
POS,0.79,-0.25,-0.31,89
POS,0.78,-0.25,-0.33,93
POS,0.77,-0.28,-0.28,85
POS,0.79,-0.27,-0.26,92
POS,0.79,-0.27,-0.26,92
POS,0.78,-0.26,-0.26,93
POS,0.78,-0.25,-0.30,94
POS,0.82,-0.28,-0.24,86
POS,0.82,-0.27,-0.25,95
POS,0.82,-0.21,-0.29,92
POS,0.80,-0.22,-0.29,94
POS,0.82,-0.24,-0.23,82
POS,0.79,-0.28,-0.22,86
POS,0.80,-0.23,-0.27,93
POS,0.81,-0.25,-0.22,83
POS,0.81,-0.29,-0.15,82
POS,0.81,-0.26,-0.21,94
POS,0.79,-0.25,-0.26,93
POS,0.82,-0.27,-0.25,91
POS,0.79,-0.26,-0.30,93
POS,0.80,-0.25,-0.29,95
POS,0.81,-0.24,-0.29,95
POS,0.82,-0.21,-0.30,93
POS,0.81,-0.25,-0.28,88
POS,0.82,-0.19,-0.30,93
POS,0.85,-0.28,-0.22,90
POS,0.86,-0.19,-0.23,93
POS,0.85,-0.23,-0.21,86
POS,0.81,-0.26,-0.22,90
POS,0.80,-0.28,-0.35,98
POS,0.81,-0.25,-0.34,94
POS,0.84,-0.24,-0.30,91
POS,0.83,-0.31,-0.22,87
POS,0.82,-0.30,-0.24,95
POS,0.82,-0.26,-0.28,94
POS,0.80,-0.29,-0.28,92
POS,0.82,-0.23,-0.30,93
POS,0.80,-0.23,-0.33,93
POS,0.79,-0.28,-0.27,82
POS,0.82,-0.25,-0.26,94
POS,0.83,-0.26,-0.21,81
POS,0.83,-0.24,-0.24,94
POS,0.84,-0.20,-0.27,94
POS,0.85,-0.26,-0.22,86
POS,0.82,-0.29,-0.22,88
POS,0.79,-0.30,-0.23,91
POS,0.81,-0.29,-0.25,96
POS,0.82,-0.20,-0.29,93
POS,0.83,-0.16,-0.31,93
POS,0.82,-0.14,-0.33,93
POS,0.82,-0.20,-0.24,80
POS,0.83,-0.23,-0.22,87
POS,0.85,-0.27,-0.18,85
POS,0.89,-0.33,-0.13,91
POS,0.86,-0.15,-0.15,89
POS,0.86,-0.12,-0.21,93
POS,0.83,-0.16,-0.24,94
POS,0.82,-0.17,-0.27,93
POS,0.83,-0.14,-0.29,93
POS,0.84,-0.15,-0.29,94
POS,0.86,-0.13,-0.30,94
POS,0.86,-0.12,-0.30,94
POS,0.85,-0.14,-0.32,94
POS,0.85,-0.14,-0.34,94
POS,0.85,-0.15,-0.35,94
POS,0.84,-0.12,-0.36,93
POS,0.82,-0.17,-0.34,92
POS,0.82,-0.21,-0.31,91
POS,0.83,-0.22,-0.31,95
POS,0.84,-0.21,-0.32,95
POS,0.81,-0.23,-0.31,92
POS,0.80,-0.27,-0.27,86
POS,0.79,-0.28,-0.27,91
POS,0.82,-0.21,-0.28,93
POS,0.85,-0.17,-0.28,94
POS,0.80,-0.17,-0.33,91
POS,0.78,-0.23,-0.30,87
POS,0.80,-0.23,-0.29,95
POS,0.78,-0.27,-0.25,82
POS,0.81,-0.30,-0.22,87
POS,0.83,-0.32,-0.19,86
POS,0.84,-0.28,-0.22,94
POS,0.85,-0.21,-0.24,93
POS,0.83,-0.25,-0.20,80
POS,0.82,-0.26,-0.18,85
POS,0.85,-0.30,-0.13,87
POS,0.82,-0.25,-0.21,92
POS,0.81,-0.29,-0.19,85
POS,0.87,-0.33,-0.14,90
POS,0.85,-0.30,-0.20,94
POS,0.84,-0.28,-0.23,94
POS,0.84,-0.27,-0.24,94
POS,0.79,-0.26,-0.26,91
POS,0.80,-0.26,-0.25,93
POS,0.82,-0.27,-0.25,93
POS,0.79,-0.32,-0.23,85
POS,0.75,-0.35,-0.24,88
POS,0.79,-0.31,-0.24,95
POS,0.78,-0.23,-0.29,91
POS,0.74,-0.25,-0.32,92
POS,0.78,-0.23,-0.31,95
POS,0.79,-0.20,-0.33,93
POS,0.77,-0.20,-0.31,92
POS,0.77,-0.22,-0.33,94
POS,0.78,-0.21,-0.34,93
POS,0.80,-0.21,-0.34,95
POS,0.80,-0.20,-0.36,94
POS,0.81,-0.27,-0.26,86
POS,0.81,-0.23,-0.28,93
POS,0.89,-0.28,-0.20,93
POS,0.86,-0.29,-0.24,95
POS,0.85,-0.31,-0.20,83
POS,0.93,-0.41,-0.14,95
POS,0.91,-0.37,-0.17,94
POS,0.89,-0.29,-0.22,93
POS,0.87,-0.24,-0.27,93
POS,0.84,-0.26,-0.25,87
POS,0.85,-0.24,-0.27,94
POS,0.84,-0.23,-0.30,94
POS,0.82,-0.21,-0.34,93
POS,0.81,-0.18,-0.36,93
POS,0.84,-0.16,-0.35,95
POS,0.80,-0.21,-0.33,90
POS,0.80,-0.19,-0.35,93
POS,0.80,-0.20,-0.35,94
POS,0.81,-0.18,-0.33,94
POS,0.82,-0.20,-0.33,95
POS,0.82,-0.19,-0.34,94
POS,0.82,-0.16,-0.36,93
POS,0.82,-0.16,-0.37,94
POS,0.78,-0.23,-0.33,86
POS,0.79,-0.25,-0.30,91
POS,0.80,-0.24,-0.32,95
POS,0.79,-0.29,-0.27,84
POS,0.76,-0.27,-0.31,92
POS,0.79,-0.27,-0.30,94
POS,0.80,-0.24,-0.30,93
POS,0.80,-0.20,-0.33,93
POS,0.79,-0.21,-0.34,94
POS,0.81,-0.22,-0.32,95
POS,0.82,-0.23,-0.31,94
POS,0.82,-0.25,-0.30,93
POS,0.82,-0.21,-0.32,93
POS,0.82,-0.21,-0.31,95
POS,0.78,-0.23,-0.35,93
POS,0.87,-0.29,-0.25,93
POS,0.86,-0.29,-0.25,92
POS,0.84,-0.28,-0.28,94
POS,0.85,-0.25,-0.29,95
POS,0.86,-0.18,-0.29,93
POS,0.85,-0.21,-0.29,94
POS,0.82,-0.20,-0.34,93
POS,0.81,-0.26,-0.28,85
POS,0.78,-0.27,-0.32,93
POS,0.82,-0.25,-0.29,93
POS,0.82,-0.26,-0.29,93
POS,0.81,-0.26,-0.31,95
POS,0.74,-0.27,-0.36,92
POS,0.76,-0.25,-0.36,94
POS,0.77,-0.26,-0.35,94
POS,0.78,-0.22,-0.36,93
POS,0.80,-0.21,-0.37,95
POS,0.84,-0.28,-0.27,88
POS,0.83,-0.23,-0.29,93
POS,0.81,-0.22,-0.32,93
POS,0.82,-0.25,-0.26,81
POS,0.83,-0.20,-0.28,94
POS,0.83,-0.19,-0.31,94
POS,0.81,-0.18,-0.34,92
POS,0.81,-0.14,-0.35,93
POS,0.81,-0.18,-0.31,89
POS,0.78,-0.22,-0.30,91
POS,0.73,-0.25,-0.37,94
POS,0.75,-0.26,-0.37,95
POS,0.77,-0.27,-0.30,85
POS,0.79,-0.27,-0.24,82
POS,0.78,-0.29,-0.23,89
POS,0.81,-0.24,-0.23,94
POS,0.85,-0.31,-0.17,90
POS,0.85,-0.28,-0.21,94
POS,0.86,-0.23,-0.23,94
POS,0.81,-0.21,-0.29,91
POS,0.77,-0.22,-0.32,92
POS,0.79,-0.22,-0.33,95
POS,0.78,-0.24,-0.31,91
POS,0.79,-0.22,-0.33,94
POS,0.81,-0.19,-0.34,94
POS,0.81,-0.16,-0.35,92
POS,0.80,-0.20,-0.35,94
POS,0.83,-0.19,-0.35,95
POS,0.83,-0.23,-0.32,92
POS,0.86,-0.30,-0.24,89
POS,0.85,-0.26,-0.28,93
POS,0.82,-0.23,-0.31,92
POS,0.86,-0.30,-0.25,90
POS,0.88,-0.27,-0.24,94
POS,0.87,-0.29,-0.22,86
POS,0.85,-0.30,-0.19,85
POS,0.84,-0.30,-0.16,81
POS,0.84,-0.29,-0.18,92
POS,0.83,-0.30,-0.17,84
POS,0.82,-0.29,-0.20,94
POS,0.84,-0.32,-0.17,86
POS,0.86,-0.31,-0.19,93
POS,0.87,-0.25,-0.22,94
POS,0.83,-0.29,-0.19,82
POS,0.83,-0.28,-0.23,95
POS,0.81,-0.26,-0.27,93
POS,0.75,-0.26,-0.36,93
POS,0.77,-0.22,-0.35,93
POS,0.79,-0.21,-0.36,94
POS,0.78,-0.26,-0.30,84
POS,0.78,-0.28,-0.27,88
POS,0.76,-0.30,-0.28,90
POS,0.85,-0.38,-0.19,94
POS,0.82,-0.37,-0.21,90
POS,0.84,-0.31,-0.24,95
POS,0.84,-0.26,-0.28,93
POS,0.83,-0.25,-0.31,94
POS,0.82,-0.29,-0.28,89
POS,0.79,-0.27,-0.32,93
POS,0.78,-0.30,-0.26,81
POS,0.84,-0.33,-0.21,90
POS,0.85,-0.28,-0.24,94
POS,0.86,-0.27,-0.25,95
POS,0.83,-0.29,-0.24,88
POS,0.81,-0.23,-0.27,92
POS,0.80,-0.17,-0.31,91
POS,0.81,-0.17,-0.31,94
POS,0.91,-0.25,-0.22,94
POS,0.86,-0.25,-0.27,93
POS,0.88,-0.35,-0.20,92
POS,0.86,-0.29,-0.26,93
POS,0.88,-0.31,-0.21,86
POS,0.88,-0.27,-0.24,95
POS,0.89,-0.23,-0.23,94
POS,0.91,-0.26,-0.20,88
POS,0.88,-0.19,-0.25,92
POS,0.84,-0.23,-0.22,82
POS,0.83,-0.22,-0.26,93
POS,0.84,-0.18,-0.28,93
POS,0.85,-0.15,-0.29,93
POS,0.87,-0.14,-0.28,95
POS,0.88,-0.21,-0.20,86
POS,0.84,-0.23,-0.25,94
POS,0.82,-0.11,-0.28,96
POS,0.84,-0.19,-0.20,86
POS,0.83,-0.18,-0.25,93
POS,0.83,-0.22,-0.20,81
POS,0.80,-0.27,-0.20,87
POS,0.80,-0.27,-0.20,90
POS,0.80,-0.24,-0.22,93
POS,0.83,-0.27,-0.16,85
POS,0.83,-0.28,-0.18,91
POS,0.81,-0.29,-0.18,87
POS,0.83,-0.26,-0.20,95
POS,0.79,-0.30,-0.17,78
POS,0.79,-0.32,-0.12,79
POS,0.79,-0.32,-0.17,94
POS,0.80,-0.30,-0.22,95
POS,0.82,-0.26,-0.25,95
POS,0.81,-0.24,-0.28,93
POS,0.86,-0.28,-0.23,90
POS,0.85,-0.31,-0.20,84
POS,0.83,-0.31,-0.15,73
POS,0.83,-0.26,-0.22,93
POS,0.83,-0.28,-0.19,84
POS,0.82,-0.28,-0.19,91
POS,0.80,-0.31,-0.18,85
POS,0.80,-0.33,-0.17,84
POS,0.89,-0.39,-0.13,94
POS,0.89,-0.44,-0.09,90
POS,0.84,-0.41,-0.16,94
POS,0.83,-0.39,-0.18,91
POS,0.82,-0.35,-0.22,94
POS,0.80,-0.32,-0.24,94
POS,0.81,-0.31,-0.25,93
POS,0.80,-0.30,-0.24,91
POS,0.81,-0.24,-0.25,93
POS,0.83,-0.21,-0.25,94
POS,0.81,-0.21,-0.28,93
POS,0.81,-0.24,-0.27,90
POS,0.81,-0.28,-0.25,89
POS,0.82,-0.26,-0.27,95
POS,0.80,-0.25,-0.28,93
POS,0.82,-0.24,-0.29,95
POS,0.81,-0.28,-0.27,89
POS,0.82,-0.26,-0.25,92
POS,0.80,-0.29,-0.27,93
POS,0.77,-0.29,-0.34,94
POS,0.80,-0.26,-0.34,95
POS,0.82,-0.23,-0.34,94
POS,0.83,-0.29,-0.27,86
POS,0.82,-0.26,-0.27,93
POS,0.82,-0.27,-0.25,88
POS,0.81,-0.26,-0.22,86
POS,0.82,-0.21,-0.26,93
POS,0.91,-0.25,-0.18,93
POS,0.90,-0.23,-0.22,95
POS,0.86,-0.23,-0.26,93
POS,0.83,-0.25,-0.28,93
POS,0.82,-0.24,-0.31,93
POS,0.83,-0.30,-0.23,85
POS,0.80,-0.30,-0.25,93
POS,0.81,-0.27,-0.28,94
POS,0.80,-0.25,-0.31,93
POS,0.87,-0.30,-0.23,92
POS,0.85,-0.32,-0.22,87
POS,0.81,-0.34,-0.22,86
POS,0.80,-0.36,-0.16,79
POS,0.80,-0.34,-0.20,94
POS,0.78,-0.36,-0.20,87
POS,0.81,-0.35,-0.17,86
POS,0.81,-0.34,-0.16,83
POS,0.85,-0.36,-0.10,89
POS,0.90,-0.40,-0.06,92
POS,0.90,-0.34,-0.14,94
POS,0.83,-0.32,-0.22,92
POS,0.82,-0.33,-0.22,91
POS,0.81,-0.33,-0.20,85
POS,0.80,-0.26,-0.26,92
POS,0.79,-0.25,-0.29,93
POS,0.76,-0.27,-0.30,92
POS,0.77,-0.29,-0.25,82
POS,0.80,-0.26,-0.27,95
POS,0.80,-0.22,-0.31,93
POS,0.78,-0.27,-0.30,91
POS,0.77,-0.27,-0.27,88
POS,0.77,-0.23,-0.31,92
POS,0.79,-0.21,-0.32,94
POS,0.79,-0.17,-0.34,93
POS,0.82,-0.20,-0.31,93
POS,0.81,-0.16,-0.33,92
POS,0.83,-0.24,-0.24,87
POS,0.84,-0.21,-0.27,94
POS,0.84,-0.19,-0.28,93
POS,0.81,-0.24,-0.26,86
POS,0.81,-0.22,-0.28,94
POS,0.78,-0.22,-0.32,93
POS,0.79,-0.23,-0.31,95
POS,0.78,-0.28,-0.27,85
POS,0.75,-0.26,-0.32,91
POS,0.78,-0.27,-0.26,85
POS,0.78,-0.25,-0.29,94
POS,0.80,-0.27,-0.25,87
POS,0.82,-0.21,-0.28,94
POS,0.89,-0.27,-0.20,92
POS,0.86,-0.30,-0.20,87
POS,0.86,-0.28,-0.24,95
POS,0.86,-0.27,-0.27,95
POS,0.85,-0.27,-0.24,89
POS,0.84,-0.27,-0.21,85
POS,0.86,-0.24,-0.24,95
POS,0.95,-0.29,-0.17,94
POS,0.90,-0.28,-0.22,94
POS,0.91,-0.30,-0.19,86
POS,0.87,-0.25,-0.25,92
POS,0.84,-0.24,-0.29,93
POS,0.84,-0.21,-0.31,94
POS,0.84,-0.24,-0.31,94
POS,0.82,-0.25,-0.33,95
POS,0.83,-0.22,-0.33,94
POS,0.83,-0.23,-0.33,95
POS,0.84,-0.19,-0.34,93
POS,0.81,-0.24,-0.30,84
POS,0.79,-0.24,-0.32,93
POS,0.80,-0.26,-0.31,93
POS,0.81,-0.23,-0.32,94
POS,0.81,-0.24,-0.28,90
POS,0.82,-0.23,-0.30,94
POS,0.78,-0.22,-0.33,92
POS,0.80,-0.22,-0.32,95
POS,0.77,-0.26,-0.30,88
POS,0.77,-0.27,-0.26,84
POS,0.76,-0.28,-0.27,93
POS,0.88,-0.37,-0.18,95
POS,0.86,-0.32,-0.22,94
POS,0.87,-0.26,-0.24,94
POS,0.82,-0.30,-0.23,87
POS,0.83,-0.30,-0.21,87
POS,0.83,-0.30,-0.24,95
POS,0.82,-0.32,-0.20,81
POS,0.83,-0.29,-0.22,95
POS,0.82,-0.28,-0.23,93
POS,0.81,-0.30,-0.22,88
POS,0.81,-0.25,-0.27,93
POS,0.79,-0.27,-0.25,85
POS,0.77,-0.25,-0.30,92
POS,0.82,-0.24,-0.22,88
POS,0.82,-0.27,-0.19,83
POS,0.84,-0.26,-0.20,93
POS,0.85,-0.27,-0.22,94
POS,0.81,-0.27,-0.25,94
POS,0.81,-0.25,-0.29,94
POS,0.81,-0.27,-0.26,87
POS,0.80,-0.28,-0.28,93
POS,0.82,-0.23,-0.30,94
POS,0.84,-0.21,-0.30,94
POS,0.85,-0.19,-0.31,94
POS,0.83,-0.23,-0.32,94
POS,0.83,-0.20,-0.33,93
POS,0.81,-0.18,-0.35,92
POS,0.83,-0.17,-0.35,95
POS,0.83,-0.20,-0.34,94
POS,0.80,-0.20,-0.36,93
POS,0.77,-0.23,-0.37,94
POS,0.77,-0.26,-0.33,89
POS,0.77,-0.25,-0.44,96
POS,0.77,-0.23,-0.41,93
POS,0.80,-0.25,-0.38,93
POS,0.79,-0.28,-0.32,85
POS,0.78,-0.25,-0.34,93
POS,0.79,-0.22,-0.37,94
POS,0.81,-0.21,-0.36,95
POS,0.85,-0.22,-0.29,88
POS,0.84,-0.22,-0.40,96
POS,0.82,-0.21,-0.39,93
POS,0.77,-0.23,-0.42,93
POS,0.77,-0.21,-0.41,93
POS,0.79,-0.22,-0.39,95
POS,0.80,-0.24,-0.38,95
POS,0.82,-0.28,-0.30,85
POS,0.81,-0.26,-0.33,94
POS,0.81,-0.28,-0.29,89
POS,0.78,-0.25,-0.33,92
POS,0.78,-0.25,-0.33,95
POS,0.76,-0.28,-0.31,89
POS,0.80,-0.24,-0.31,95
POS,0.83,-0.22,-0.31,95
POS,0.83,-0.18,-0.31,93
POS,0.84,-0.18,-0.31,95
POS,0.84,-0.19,-0.27,89
POS,0.81,-0.20,-0.28,93
POS,0.73,-0.25,-0.32,92
POS,0.76,-0.26,-0.30,92
POS,0.79,-0.24,-0.29,94
POS,0.79,-0.29,-0.26,88
POS,0.81,-0.28,-0.27,95
POS,0.82,-0.28,-0.25,91
POS,0.87,-0.32,-0.21,89
POS,0.87,-0.35,-0.17,85
POS,0.86,-0.34,-0.19,92
POS,0.83,-0.36,-0.19,87
POS,0.81,-0.34,-0.21,93
POS,0.79,-0.31,-0.25,93
POS,0.82,-0.28,-0.26,95
POS,0.83,-0.33,-0.19,85
POS,0.79,-0.32,-0.31,95
POS,0.79,-0.31,-0.31,94
POS,0.77,-0.31,-0.33,94
POS,0.77,-0.29,-0.34,94
POS,0.79,-0.25,-0.34,94
POS,0.74,-0.25,-0.43,94
POS,0.75,-0.24,-0.38,93
POS,0.76,-0.21,-0.39,93
POS,0.79,-0.23,-0.34,91
POS,0.75,-0.21,-0.41,93
POS,0.76,-0.23,-0.39,94
POS,0.77,-0.26,-0.37,93
POS,0.77,-0.31,-0.32,87
POS,0.75,-0.33,-0.30,87
POS,0.77,-0.31,-0.29,95
POS,0.77,-0.30,-0.32,94
POS,0.80,-0.27,-0.31,95
POS,0.77,-0.27,-0.35,93
POS,0.79,-0.26,-0.33,94
POS,0.82,-0.27,-0.29,91
POS,0.82,-0.23,-0.31,93
POS,0.78,-0.23,-0.38,93
POS,0.78,-0.20,-0.38,92
POS,0.83,-0.17,-0.33,94
POS,0.84,-0.18,-0.33,95
POS,0.80,-0.16,-0.36,91
POS,0.83,-0.20,-0.29,85
POS,0.86,-0.17,-0.28,95
POS,0.93,-0.27,-0.20,93
POS,0.92,-0.30,-0.17,86
POS,0.85,-0.29,-0.27,93
POS,0.85,-0.30,-0.26,91
POS,0.82,-0.32,-0.23,86
POS,0.84,-0.30,-0.23,93
POS,0.82,-0.30,-0.26,95
POS,0.80,-0.32,-0.19,74
POS,0.80,-0.27,-0.25,93
POS,0.79,-0.31,-0.23,88
POS,0.81,-0.27,-0.25,94
POS,0.81,-0.28,-0.26,95
POS,0.81,-0.30,-0.27,93
POS,0.76,-0.29,-0.35,93
POS,0.77,-0.28,-0.32,92
POS,0.81,-0.31,-0.23,86
POS,0.82,-0.28,-0.25,94
POS,0.82,-0.26,-0.27,94
POS,0.81,-0.25,-0.29,94
POS,0.83,-0.23,-0.30,94
POS,0.82,-0.25,-0.30,93
POS,0.78,-0.24,-0.34,92
POS,0.80,-0.19,-0.34,93
POS,0.81,-0.22,-0.31,90
POS,0.84,-0.25,-0.27,90
POS,0.82,-0.22,-0.31,92
POS,0.81,-0.25,-0.32,94
POS,0.82,-0.19,-0.33,93
POS,0.83,-0.20,-0.33,95
POS,0.80,-0.20,-0.35,92
POS,0.78,-0.20,-0.37,93
POS,0.81,-0.18,-0.36,94
POS,0.78,-0.17,-0.38,92
POS,0.83,-0.20,-0.28,87
POS,0.87,-0.25,-0.22,89
POS,0.86,-0.27,-0.19,82
POS,0.86,-0.20,-0.23,93
POS,0.83,-0.22,-0.28,94
POS,0.79,-0.22,-0.32,93
POS,0.76,-0.24,-0.34,93
POS,0.77,-0.24,-0.35,95
POS,0.77,-0.26,-0.31,87
POS,0.79,-0.19,-0.31,93
POS,0.78,-0.21,-0.29,91
POS,0.80,-0.18,-0.31,93
POS,0.79,-0.20,-0.28,90
POS,0.77,-0.22,-0.28,92
POS,0.88,-0.29,-0.20,94
POS,0.84,-0.30,-0.22,91
POS,0.87,-0.23,-0.22,94
POS,0.86,-0.25,-0.24,94
POS,0.86,-0.27,-0.23,91
POS,0.84,-0.30,-0.24,92
POS,0.83,-0.26,-0.27,93
POS,0.84,-0.21,-0.28,93
POS,0.89,-0.34,-0.21,94
POS,0.87,-0.37,-0.15,83
POS,0.84,-0.37,-0.20,93
POS,0.84,-0.33,-0.22,95
POS,0.83,-0.32,-0.25,95
POS,0.78,-0.27,-0.34,92
POS,0.80,-0.31,-0.26,85
POS,0.80,-0.32,-0.22,82
POS,0.80,-0.29,-0.26,94
POS,0.80,-0.30,-0.26,91
POS,0.75,-0.31,-0.32,94
POS,0.78,-0.28,-0.32,95
POS,0.79,-0.22,-0.33,92
POS,0.80,-0.20,-0.35,93
POS,0.78,-0.26,-0.32,89
POS,0.80,-0.25,-0.32,95
POS,0.81,-0.27,-0.27,85
POS,0.83,-0.18,-0.29,93
POS,0.81,-0.20,-0.31,94
POS,0.84,-0.21,-0.28,92
POS,0.79,-0.21,-0.31,91
POS,0.75,-0.24,-0.38,94
POS,0.76,-0.23,-0.38,93
POS,0.77,-0.24,-0.33,89
POS,0.77,-0.28,-0.25,78
POS,0.78,-0.28,-0.23,88
POS,0.81,-0.29,-0.24,94
POS,0.81,-0.25,-0.26,94
POS,0.81,-0.26,-0.27,94
POS,0.79,-0.30,-0.24,84
POS,0.83,-0.31,-0.20,87
POS,0.79,-0.32,-0.23,92
POS,0.79,-0.31,-0.26,94
POS,0.79,-0.32,-0.21,81
POS,0.90,-0.40,-0.14,95
POS,0.84,-0.39,-0.19,91
POS,0.83,-0.37,-0.19,88
POS,0.81,-0.38,-0.21,91
POS,0.81,-0.32,-0.25,93
POS,0.83,-0.27,-0.26,94
POS,0.80,-0.28,-0.28,94
POS,0.82,-0.27,-0.27,93
POS,0.78,-0.28,-0.28,92
POS,0.80,-0.22,-0.30,99
POS,0.78,-0.26,-0.28,88
POS,0.80,-0.23,-0.30,94
POS,0.77,-0.23,-0.30,92
POS,0.78,-0.21,-0.31,93
POS,0.78,-0.22,-0.33,94
POS,0.84,-0.27,-0.24,90
POS,0.81,-0.29,-0.24,90
POS,0.80,-0.28,-0.36,96
POS,0.77,-0.29,-0.36,93
POS,0.78,-0.23,-0.36,92
POS,0.78,-0.21,-0.36,93
POS,0.81,-0.21,-0.34,95
POS,0.80,-0.20,-0.34,92
POS,0.74,-0.26,-0.33,88
POS,0.79,-0.35,-0.24,92
POS,0.80,-0.33,-0.21,84
POS,0.84,-0.37,-0.17,89
POS,0.83,-0.35,-0.17,87
POS,0.83,-0.33,-0.20,95
POS,0.82,-0.29,-0.25,93
POS,0.81,-0.29,-0.21,83
POS,0.80,-0.30,-0.20,86
POS,0.79,-0.31,-0.19,85
POS,0.81,-0.31,-0.17,84
POS,0.76,-0.31,-0.21,91
POS,0.79,-0.27,-0.23,94
POS,0.77,-0.28,-0.25,93
POS,0.79,-0.28,-0.24,91
POS,0.81,-0.25,-0.26,94
POS,0.81,-0.23,-0.29,94
POS,0.82,-0.21,-0.31,94
POS,0.89,-0.25,-0.25,92
POS,0.89,-0.30,-0.18,85
POS,0.86,-0.27,-0.24,93
POS,0.83,-0.28,-0.27,94
POS,0.78,-0.29,-0.31,93
POS,0.85,-0.31,-0.22,90
POS,0.85,-0.26,-0.26,94
POS,0.91,-0.29,-0.21,92
POS,0.88,-0.28,-0.23,94
POS,0.87,-0.26,-0.24,94
POS,0.86,-0.24,-0.28,94
POS,0.87,-0.23,-0.29,95
POS,0.85,-0.24,-0.31,95
POS,0.85,-0.22,-0.33,94
POS,0.83,-0.23,-0.33,94
POS,0.81,-0.20,-0.34,92
POS,0.81,-0.17,-0.36,93
POS,0.80,-0.20,-0.36,94
POS,0.82,-0.25,-0.29,85
POS,0.81,-0.27,-0.29,92
POS,0.81,-0.25,-0.31,94
POS,0.78,-0.30,-0.29,88
POS,0.77,-0.31,-0.30,93
POS,0.80,-0.33,-0.22,85
POS,0.82,-0.32,-0.19,86
POS,0.81,-0.34,-0.21,91
POS,0.82,-0.31,-0.18,83
POS,0.83,-0.23,-0.22,93
POS,0.80,-0.29,-0.16,80
POS,0.74,-0.33,-0.19,86
POS,0.76,-0.34,-0.15,81
POS,0.78,-0.36,-0.14,85
POS,0.76,-0.34,-0.21,93
POS,0.76,-0.33,-0.25,95
POS,0.78,-0.31,-0.27,95
POS,0.76,-0.31,-0.30,94
POS,0.83,-0.37,-0.21,92
POS,0.80,-0.36,-0.22,89
POS,0.78,-0.37,-0.24,91
POS,0.77,-0.35,-0.23,88
POS,0.77,-0.32,-0.24,94
POS,0.77,-0.29,-0.27,93
POS,0.74,-0.28,-0.30,92
POS,0.71,-0.28,-0.34,92
POS,0.76,-0.27,-0.33,96
POS,0.77,-0.24,-0.34,93
POS,0.78,-0.26,-0.28,82
POS,0.77,-0.28,-0.25,86
POS,0.77,-0.26,-0.24,93
POS,0.79,-0.19,-0.27,93
POS,0.83,-0.31,-0.20,92
POS,0.81,-0.32,-0.20,87
POS,0.81,-0.31,-0.19,86
POS,0.83,-0.32,-0.16,85
POS,0.82,-0.32,-0.17,88
POS,0.80,-0.32,-0.17,88
POS,0.79,-0.36,-0.12,83
POS,0.76,-0.37,-0.15,87
POS,0.88,-0.43,-0.09,95
POS,0.82,-0.42,-0.14,89
POS,0.82,-0.38,-0.19,95
POS,0.79,-0.39,-0.19,86
POS,0.76,-0.38,-0.22,90
POS,0.76,-0.32,-0.27,93
POS,0.78,-0.30,-0.29,95
POS,0.77,-0.31,-0.28,91
POS,0.76,-0.31,-0.31,94
POS,0.86,-0.30,-0.23,93
POS,0.83,-0.32,-0.17,75
POS,0.83,-0.32,-0.21,93
POS,0.83,-0.24,-0.25,93
POS,0.82,-0.24,-0.29,94
POS,0.82,-0.22,-0.31,94
POS,0.79,-0.25,-0.29,87
POS,0.77,-0.25,-0.32,94
POS,0.91,-0.30,-0.22,95
POS,0.94,-0.33,-0.19,90
POS,0.89,-0.27,-0.25,92
POS,0.84,-0.27,-0.29,94
POS,0.82,-0.28,-0.26,88
POS,0.87,-0.33,-0.18,90
POS,0.82,-0.33,-0.23,94
POS,0.82,-0.31,-0.21,89
POS,0.82,-0.28,-0.21,93
POS,0.81,-0.25,-0.23,93
POS,0.86,-0.30,-0.16,90
POS,0.94,-0.35,-0.10,93
POS,0.86,-0.35,-0.15,90
POS,0.86,-0.25,-0.21,93
POS,0.85,-0.26,-0.24,95
POS,0.84,-0.26,-0.23,90
POS,0.81,-0.28,-0.23,89
POS,0.81,-0.31,-0.21,86
POS,0.79,-0.33,-0.19,84
POS,0.80,-0.30,-0.23,94
POS,0.79,-0.30,-0.26,94
POS,0.79,-0.26,-0.29,93
POS,0.80,-0.28,-0.24,83
POS,0.78,-0.31,-0.24,89
POS,0.78,-0.27,-0.25,93
POS,0.78,-0.29,-0.27,93
POS,0.76,-0.32,-0.26,87
POS,0.73,-0.33,-0.28,91
POS,0.75,-0.34,-0.23,81
POS,0.72,-0.34,-0.25,91
POS,0.73,-0.33,-0.25,90
POS,0.71,-0.34,-0.26,90
POS,0.77,-0.37,-0.18,89
POS,0.78,-0.31,-0.22,93
POS,0.79,-0.31,-0.20,85
POS,0.75,-0.30,-0.23,91
POS,0.75,-0.31,-0.25,92
POS,0.72,-0.32,-0.27,91
POS,0.72,-0.33,-0.24,84
POS,0.74,-0.29,-0.27,93
POS,0.75,-0.31,-0.22,80
POS,0.76,-0.24,-0.27,92
POS,0.75,-0.27,-0.27,91
POS,0.77,-0.24,-0.26,94
POS,0.78,-0.17,-0.28,92
POS,0.77,-0.21,-0.27,89
POS,0.75,-0.25,-0.27,89
POS,0.76,-0.27,-0.26,90
POS,0.73,-0.30,-0.27,90
POS,0.74,-0.26,-0.30,93
POS,0.71,-0.30,-0.31,90
POS,0.71,-0.31,-0.32,93
POS,0.68,-0.31,-0.34,92
POS,0.68,-0.29,-0.40,93
POS,0.71,-0.31,-0.34,85
POS,0.72,-0.32,-0.31,88
POS,0.76,-0.27,-0.29,94
POS,0.77,-0.27,-0.26,89
POS,0.79,-0.27,-0.19,78
POS,0.85,-0.28,-0.13,89
POS,0.83,-0.28,-0.14,89
POS,0.81,-0.29,-0.18,92
POS,0.83,-0.28,-0.18,91
POS,0.79,-0.29,-0.22,93
POS,0.79,-0.30,-0.24,93
POS,0.84,-0.35,-0.20,90
POS,0.82,-0.31,-0.21,93
POS,0.82,-0.30,-0.19,85
POS,0.83,-0.29,-0.16,82
POS,0.80,-0.27,-0.19,92
POS,0.76,-0.29,-0.23,92
POS,0.76,-0.31,-0.22,88
POS,0.77,-0.26,-0.26,92
POS,0.79,-0.32,-0.19,87
POS,0.82,-0.34,-0.15,87
POS,0.83,-0.30,-0.21,94
POS,0.82,-0.32,-0.17,80
POS,0.83,-0.36,-0.12,86
POS,0.80,-0.32,-0.17,92
POS,0.80,-0.32,-0.18,90
POS,0.81,-0.26,-0.22,93
POS,0.81,-0.24,-0.26,94
POS,0.79,-0.26,-0.26,91
POS,0.82,-0.27,-0.26,93
POS,0.82,-0.24,-0.28,94
POS,0.82,-0.25,-0.26,91
POS,0.80,-0.26,-0.27,93
POS,0.81,-0.27,-0.24,87
POS,0.77,-0.31,-0.24,87
POS,0.78,-0.28,-0.24,94
POS,0.80,-0.29,-0.21,85
POS,0.81,-0.25,-0.25,94
POS,0.84,-0.17,-0.27,93
POS,0.82,-0.22,-0.22,80
POS,0.80,-0.23,-0.26,94
POS,0.78,-0.22,-0.30,92
POS,0.79,-0.22,-0.32,94
POS,0.79,-0.18,-0.34,92
POS,0.77,-0.22,-0.34,93
POS,0.76,-0.24,-0.34,93
POS,0.77,-0.23,-0.34,94
POS,0.77,-0.24,-0.35,94
POS,0.77,-0.26,-0.32,89
POS,0.80,-0.25,-0.26,84
POS,0.77,-0.28,-0.25,87
POS,0.79,-0.26,-0.27,94
POS,0.81,-0.30,-0.22,84
POS,0.80,-0.30,-0.23,92
POS,0.81,-0.27,-0.25,94
POS,0.87,-0.33,-0.18,92
POS,0.83,-0.30,-0.23,92
POS,0.81,-0.29,-0.27,94
POS,0.80,-0.27,-0.30,94
POS,0.83,-0.29,-0.24,86
POS,0.83,-0.29,-0.25,92
POS,0.81,-0.25,-0.30,92
POS,0.80,-0.25,-0.31,94
POS,0.82,-0.21,-0.30,94
POS,0.82,-0.23,-0.31,95
POS,0.81,-0.17,-0.36,93
POS,0.87,-0.27,-0.26,92
POS,0.85,-0.18,-0.30,92
POS,0.84,-0.16,-0.33,93
POS,0.82,-0.14,-0.35,92
POS,0.83,-0.11,-0.36,93
POS,0.82,-0.11,-0.38,93
POS,0.86,-0.23,-0.27,92
POS,0.86,-0.25,-0.20,77
POS,0.83,-0.25,-0.24,94
POS,0.81,-0.26,-0.28,95
POS,0.81,-0.28,-0.26,88
POS,0.79,-0.30,-0.23,86
POS,0.76,-0.33,-0.25,89
POS,0.74,-0.34,-0.23,85
POS,0.71,-0.35,-0.27,92
POS,0.70,-0.33,-0.30,92
POS,0.73,-0.28,-0.32,94
POS,0.73,-0.30,-0.33,94
POS,0.77,-0.23,-0.31,93
POS,0.78,-0.20,-0.34,93
POS,0.77,-0.23,-0.31,90
POS,0.79,-0.22,-0.33,94
POS,0.79,-0.22,-0.30,92
POS,0.75,-0.22,-0.33,91
POS,0.75,-0.24,-0.33,94
POS,0.76,-0.26,-0.29,86
POS,0.76,-0.26,-0.32,94
POS,0.85,-0.31,-0.23,92
POS,0.83,-0.31,-0.23,91
POS,0.82,-0.30,-0.26,95
POS,0.84,-0.31,-0.21,85
POS,0.86,-0.25,-0.24,95
POS,0.85,-0.20,-0.29,93
POS,0.85,-0.21,-0.24,85
POS,0.82,-0.23,-0.26,94
POS,0.80,-0.21,-0.30,93
POS,0.85,-0.28,-0.24,90
POS,0.80,-0.33,-0.41,99
POS,0.76,-0.34,-0.39,92
POS,0.74,-0.32,-0.39,93
POS,0.77,-0.27,-0.39,94
POS,0.77,-0.27,-0.38,95
POS,0.76,-0.28,-0.38,94
POS,0.76,-0.28,-0.37,95
POS,0.77,-0.30,-0.31,85
POS,0.78,-0.29,-0.28,90
POS,0.86,-0.32,-0.23,92
POS,0.85,-0.33,-0.22,86
POS,0.85,-0.33,-0.18,82
POS,0.83,-0.32,-0.19,92
POS,0.83,-0.32,-0.19,89
POS,0.85,-0.27,-0.21,95
POS,0.81,-0.30,-0.19,80
POS,0.79,-0.33,-0.19,87
POS,0.80,-0.32,-0.19,90
POS,0.76,-0.34,-0.23,91
POS,0.76,-0.34,-0.21,86
POS,0.78,-0.28,-0.26,93
POS,0.76,-0.31,-0.24,85
POS,0.87,-0.34,-0.17,94
POS,0.84,-0.33,-0.21,93
POS,0.82,-0.33,-0.19,86
POS,0.83,-0.35,-0.16,85
POS,0.82,-0.32,-0.19,94
POS,0.81,-0.28,-0.25,93
POS,0.83,-0.23,-0.28,94
POS,0.82,-0.24,-0.30,95
POS,0.82,-0.24,-0.31,94
POS,0.80,-0.23,-0.30,93
POS,0.79,-0.23,-0.33,94
POS,0.79,-0.24,-0.31,92
POS,0.78,-0.25,-0.30,92
POS,0.79,-0.27,-0.25,84
POS,0.79,-0.28,-0.23,89
POS,0.81,-0.28,-0.25,95
POS,0.79,-0.24,-0.29,92
POS,0.80,-0.25,-0.24,83
POS,0.79,-0.26,-0.28,94
POS,0.79,-0.29,-0.27,90
POS,0.78,-0.31,-0.27,90
POS,0.75,-0.34,-0.27,89
POS,0.76,-0.35,-0.20,78
POS,0.77,-0.29,-0.25,93
POS,0.87,-0.29,-0.19,93
POS,0.84,-0.28,-0.23,94
POS,0.95,-0.36,-0.15,95
POS,0.90,-0.31,-0.22,93
POS,0.86,-0.33,-0.20,84
POS,0.84,-0.32,-0.22,93
POS,0.84,-0.32,-0.16,79
POS,0.84,-0.31,-0.13,80
POS,0.83,-0.33,-0.13,85
POS,0.90,-0.41,-0.10,94
POS,0.88,-0.36,-0.16,94
POS,0.86,-0.33,-0.22,94
POS,0.85,-0.31,-0.20,87
POS,0.84,-0.32,-0.19,86
POS,0.84,-0.32,-0.16,82
POS,0.82,-0.33,-0.16,85
POS,0.84,-0.29,-0.21,95
POS,0.93,-0.39,-0.14,95
POS,0.89,-0.37,-0.20,95
POS,0.87,-0.35,-0.19,88
POS,0.86,-0.35,-0.22,94
POS,0.83,-0.33,-0.27,94
POS,0.84,-0.30,-0.29,95
POS,0.83,-0.29,-0.31,95
POS,0.84,-0.29,-0.24,81
POS,0.82,-0.25,-0.29,93
POS,0.80,-0.29,-0.26,86
POS,0.77,-0.32,-0.22,81
POS,0.77,-0.31,-0.24,94
POS,0.77,-0.31,-0.25,91
POS,0.79,-0.29,-0.22,90
POS,0.78,-0.30,-0.23,91
POS,0.77,-0.28,-0.28,94
POS,0.80,-0.28,-0.20,80
POS,0.76,-0.29,-0.22,90
POS,0.79,-0.31,-0.18,82
POS,0.80,-0.27,-0.17,90
POS,0.79,-0.31,-0.16,85
POS,0.79,-0.32,-0.18,89
POS,0.77,-0.31,-0.23,94
POS,0.80,-0.24,-0.27,94
POS,0.86,-0.33,-0.19,93
POS,0.84,-0.34,-0.19,89
POS,0.86,-0.30,-0.21,95
POS,0.90,-0.33,-0.18,99
POS,0.89,-0.31,-0.13,79
POS,0.86,-0.31,-0.20,95
POS,0.86,-0.21,-0.22,93
POS,0.86,-0.24,-0.20,87
POS,0.85,-0.24,-0.17,83
POS,0.81,-0.29,-0.19,88
POS,0.79,-0.22,-0.25,91
POS,0.80,-0.21,-0.27,94
POS,0.80,-0.23,-0.29,95
POS,0.79,-0.25,-0.31,95
POS,0.78,-0.28,-0.26,81
POS,0.77,-0.23,-0.30,91
POS,0.84,-0.33,-0.22,93
POS,0.84,-0.32,-0.19,85
POS,0.82,-0.29,-0.25,94
POS,0.81,-0.24,-0.29,92
POS,0.81,-0.20,-0.30,93
POS,0.77,-0.26,-0.30,89
POS,0.78,-0.26,-0.30,95
POS,0.78,-0.25,-0.29,94
POS,0.76,-0.27,-0.27,87
POS,0.75,-0.29,-0.25,86
POS,0.75,-0.25,-0.29,93
POS,0.76,-0.23,-0.33,93
POS,0.75,-0.27,-0.30,87
POS,0.75,-0.27,-0.28,89
POS,0.75,-0.30,-0.26,88
POS,0.76,-0.25,-0.29,93
POS,0.74,-0.27,-0.28,88
POS,0.75,-0.29,-0.24,83
POS,0.74,-0.25,-0.29,92
POS,0.72,-0.30,-0.25,81
POS,0.73,-0.28,-0.25,93
POS,0.73,-0.30,-0.24,88
POS,0.75,-0.27,-0.26,94
POS,0.75,-0.28,-0.26,93
POS,0.77,-0.24,-0.28,94
POS,0.80,-0.22,-0.29,95
POS,0.81,-0.23,-0.30,95
POS,0.82,-0.23,-0.29,95
POS,0.80,-0.21,-0.36,94
POS,0.82,-0.18,-0.36,94
POS,0.82,-0.20,-0.29,80
POS,0.80,-0.19,-0.32,93
POS,0.80,-0.17,-0.34,93
POS,0.81,-0.22,-0.31,91
POS,0.82,-0.24,-0.30,93
POS,0.82,-0.27,-0.26,85
POS,0.84,-0.25,-0.25,94
POS,0.83,-0.26,-0.25,93
POS,0.83,-0.28,-0.25,92
POS,0.79,-0.30,-0.28,92
POS,0.78,-0.25,-0.31,92
POS,0.74,-0.26,-0.38,94
POS,0.78,-0.22,-0.38,94
POS,0.78,-0.19,-0.38,93
POS,0.78,-0.16,-0.40,92
POS,0.77,-0.17,-0.41,94
POS,0.76,-0.21,-0.37,91
POS,0.79,-0.17,-0.37,93
POS,0.78,-0.11,-0.39,92
POS,0.78,-0.18,-0.33,84
POS,0.78,-0.15,-0.35,92
POS,0.82,-0.19,-0.28,86
POS,0.80,-0.24,-0.26,88
POS,0.80,-0.20,-0.29,92
POS,0.78,-0.23,-0.28,89
POS,0.79,-0.24,-0.27,94
POS,0.79,-0.21,-0.31,93
POS,0.79,-0.24,-0.30,92
POS,0.80,-0.26,-0.28,92
POS,0.79,-0.27,-0.30,95
POS,0.76,-0.27,-0.33,93
POS,0.78,-0.21,-0.35,93
POS,0.80,-0.16,-0.36,93
POS,0.78,-0.23,-0.30,83
POS,0.79,-0.24,-0.29,92
POS,0.80,-0.27,-0.23,82
POS,0.81,-0.28,-0.20,84
POS,0.76,-0.30,-0.24,92
POS,0.79,-0.30,-0.26,96
POS,0.80,-0.22,-0.29,93
POS,0.81,-0.24,-0.29,94
POS,0.77,-0.24,-0.33,92
POS,0.80,-0.24,-0.32,95
POS,0.79,-0.27,-0.32,93
POS,0.77,-0.24,-0.35,91
POS,0.80,-0.25,-0.32,93
POS,0.82,-0.21,-0.33,94
POS,0.79,-0.25,-0.31,88
POS,0.78,-0.25,-0.33,94
POS,0.79,-0.22,-0.32,94
POS,0.79,-0.23,-0.33,94
POS,0.78,-0.24,-0.34,94
POS,0.81,-0.23,-0.33,95
POS,0.82,-0.26,-0.31,91
POS,0.84,-0.24,-0.30,95
POS,0.84,-0.27,-0.28,92
POS,0.85,-0.22,-0.30,94
POS,0.79,-0.27,-0.30,89
POS,0.80,-0.25,-0.31,95
POS,0.81,-0.23,-0.33,94
POS,0.82,-0.18,-0.32,93
POS,0.81,-0.20,-0.32,95
POS,0.80,-0.20,-0.34,93
POS,0.79,-0.22,-0.34,95
POS,0.78,-0.25,-0.33,92
POS,0.79,-0.26,-0.33,94
POS,0.77,-0.29,-0.31,90
POS,0.79,-0.29,-0.30,93
POS,0.77,-0.25,-0.33,92
POS,0.77,-0.27,-0.29,86
POS,0.79,-0.30,-0.26,88
POS,0.80,-0.30,-0.27,94
POS,0.80,-0.25,-0.31,93
POS,0.78,-0.25,-0.33,93
POS,0.78,-0.26,-0.34,95
POS,0.75,-0.29,-0.32,89
POS,0.85,-0.34,-0.24,94
POS,0.83,-0.35,-0.20,82
POS,0.85,-0.32,-0.23,96
POS,0.84,-0.31,-0.25,94
POS,0.82,-0.31,-0.25,91
POS,0.81,-0.31,-0.23,88
POS,0.81,-0.29,-0.26,95
POS,0.80,-0.30,-0.28,94
POS,0.79,-0.31,-0.29,92
POS,0.77,-0.29,-0.31,93
POS,0.79,-0.25,-0.33,94
POS,0.81,-0.21,-0.34,94
POS,0.78,-0.25,-0.34,92
POS,0.78,-0.26,-0.33,94
POS,0.80,-0.23,-0.33,94
POS,0.79,-0.26,-0.35,95
POS,0.78,-0.28,-0.34,94
POS,0.80,-0.26,-0.35,95
POS,0.80,-0.27,-0.33,93
POS,0.78,-0.24,-0.36,92
POS,0.74,-0.29,-0.34,88
POS,0.76,-0.28,-0.33,95
POS,0.74,-0.28,-0.33,93
POS,0.77,-0.27,-0.33,95
POS,0.76,-0.30,-0.29,87
POS,0.79,-0.37,-0.22,90
POS,0.80,-0.38,-0.18,82
POS,0.79,-0.36,-0.23,94
POS,0.77,-0.35,-0.27,94
POS,0.75,-0.32,-0.30,93
POS,0.77,-0.28,-0.32,93
POS,0.79,-0.21,-0.33,93
POS,0.80,-0.19,-0.35,94
POS,0.78,-0.25,-0.28,81
POS,0.86,-0.32,-0.20,93
POS,0.84,-0.34,-0.17,80
POS,0.90,-0.41,-0.11,93
POS,0.90,-0.37,-0.14,94
POS,0.87,-0.31,-0.20,93
POS,0.81,-0.27,-0.27,90
POS,0.83,-0.31,-0.20,87
POS,0.79,-0.31,-0.29,94
POS,0.79,-0.33,-0.29,92
POS,0.81,-0.28,-0.30,94
POS,0.82,-0.29,-0.29,92
POS,0.80,-0.25,-0.32,92
POS,0.85,-0.29,-0.26,89
POS,0.84,-0.26,-0.29,94
POS,0.83,-0.28,-0.23,79
POS,0.83,-0.26,-0.26,94
POS,0.80,-0.30,-0.24,85
POS,0.81,-0.23,-0.27,93
POS,0.80,-0.23,-0.29,94
POS,0.81,-0.20,-0.29,94
POS,0.83,-0.22,-0.29,94
POS,0.80,-0.22,-0.30,92
POS,0.81,-0.23,-0.32,95
POS,0.85,-0.28,-0.23,89
POS,0.83,-0.25,-0.28,93
POS,0.81,-0.26,-0.30,94
POS,0.76,-0.29,-0.37,94
POS,0.77,-0.26,-0.37,94
POS,0.80,-0.24,-0.37,95
POS,0.80,-0.21,-0.38,93
POS,0.83,-0.21,-0.36,96
POS,0.82,-0.21,-0.37,94
POS,0.83,-0.21,-0.36,95
POS,0.81,-0.25,-0.31,84
POS,0.82,-0.21,-0.31,93
POS,0.85,-0.17,-0.31,94
POS,0.81,-0.20,-0.32,93
POS,0.81,-0.21,-0.33,94
POS,0.79,-0.23,-0.34,94
POS,0.82,-0.20,-0.32,94
POS,0.83,-0.21,-0.33,95
POS,0.85,-0.17,-0.33,94
POS,0.86,-0.18,-0.33,95
POS,0.85,-0.23,-0.27,83
POS,0.85,-0.17,-0.30,93
POS,0.83,-0.19,-0.32,94
POS,0.84,-0.16,-0.33,94
POS,0.83,-0.20,-0.29,87
POS,0.83,-0.18,-0.32,93
POS,0.85,-0.18,-0.32,95
POS,0.86,-0.16,-0.32,94
POS,0.84,-0.14,-0.35,93
POS,0.84,-0.19,-0.30,87
POS,0.82,-0.13,-0.32,91
POS,0.81,-0.16,-0.34,94
POS,0.83,-0.22,-0.25,85
POS,0.88,-0.26,-0.21,90
POS,0.88,-0.22,-0.25,94
POS,0.85,-0.26,-0.23,86
POS,0.84,-0.27,-0.26,95
POS,0.82,-0.24,-0.29,93
POS,0.85,-0.22,-0.29,95
POS,0.87,-0.25,-0.24,86
POS,0.85,-0.28,-0.22,87
POS,0.86,-0.25,-0.25,95
POS,0.83,-0.29,-0.21,82
POS,0.82,-0.29,-0.21,90
POS,0.81,-0.32,-0.19,84
POS,0.82,-0.30,-0.23,95
POS,0.83,-0.30,-0.19,84
POS,0.83,-0.26,-0.24,94
POS,0.85,-0.23,-0.26,95
POS,0.88,-0.34,-0.19,92
POS,0.88,-0.32,-0.21,94
POS,0.87,-0.29,-0.25,95
POS,0.87,-0.26,-0.27,95
POS,0.88,-0.23,-0.26,95
POS,0.88,-0.29,-0.20,86
POS,0.88,-0.24,-0.23,94
POS,0.86,-0.22,-0.26,93
POS,0.86,-0.22,-0.27,95
POS,0.83,-0.22,-0.30,94
POS,0.83,-0.20,-0.32,94
POS,0.83,-0.22,-0.32,94
POS,0.85,-0.21,-0.32,95
POS,0.85,-0.23,-0.29,91
POS,0.84,-0.25,-0.26,90
POS,0.82,-0.28,-0.25,89
POS,0.83,-0.25,-0.28,95
POS,0.81,-0.28,-0.26,88
POS,0.84,-0.32,-0.19,87
POS,0.87,-0.27,-0.22,95
POS,0.87,-0.25,-0.25,95
POS,0.86,-0.28,-0.20,81
POS,0.85,-0.24,-0.25,94
POS,0.82,-0.27,-0.25,90
POS,0.81,-0.29,-0.26,92
POS,0.83,-0.33,-0.21,85
POS,0.86,-0.27,-0.24,95
POS,0.84,-0.24,-0.28,94
POS,0.85,-0.19,-0.30,93
POS,0.85,-0.19,-0.31,95
POS,0.84,-0.18,-0.33,94
POS,0.84,-0.17,-0.35,93
POS,0.84,-0.20,-0.30,87
POS,0.83,-0.23,-0.27,89
POS,0.83,-0.24,-0.40,96
POS,0.92,-0.27,-0.30,94
POS,0.91,-0.18,-0.32,93
POS,0.92,-0.23,-0.24,87
POS,0.90,-0.24,-0.22,90
POS,0.89,-0.22,-0.25,94
POS,0.87,-0.25,-0.23,86
POS,0.85,-0.25,-0.24,95
POS,0.86,-0.21,-0.27,94
POS,0.86,-0.22,-0.28,96
POS,0.84,-0.23,-0.29,94
POS,0.82,-0.23,-0.31,94
POS,0.81,-0.24,-0.30,94
POS,0.79,-0.28,-0.28,89
POS,0.79,-0.29,-0.27,91
POS,0.77,-0.34,-0.28,91
POS,0.76,-0.34,-0.27,90
POS,0.79,-0.29,-0.29,94
POS,0.80,-0.26,-0.30,94
POS,0.80,-0.27,-0.28,91
POS,0.81,-0.29,-0.26,89
POS,0.79,-0.29,-0.26,92
POS,0.82,-0.27,-0.27,95
POS,0.84,-0.25,-0.28,95
POS,0.83,-0.23,-0.31,94
POS,0.83,-0.20,-0.33,93
POS,0.83,-0.14,-0.34,92
POS,0.83,-0.04,-0.32,94
POS,0.83,-0.13,-0.27,84
POS,0.82,-0.16,-0.27,94
POS,0.83,-0.14,-0.29,94
POS,0.89,-0.26,-0.20,93
POS,0.86,-0.25,-0.25,94
POS,0.84,-0.28,-0.23,88
POS,0.84,-0.26,-0.26,94
POS,0.84,-0.27,-0.21,83
POS,0.82,-0.19,-0.27,92
POS,0.81,-0.19,-0.30,93
POS,0.82,-0.16,-0.32,93
POS,0.82,-0.17,-0.32,95
POS,0.84,-0.23,-0.26,84
POS,0.81,-0.21,-0.30,92
POS,0.80,-0.19,-0.32,93
POS,0.81,-0.18,-0.33,94
POS,0.82,-0.16,-0.34,94
POS,0.86,-0.24,-0.28,89
POS,0.85,-0.17,-0.29,92
POS,0.85,-0.13,-0.31,92
POS,0.84,-0.14,-0.31,94
POS,0.85,-0.18,-0.29,92
POS,0.86,-0.17,-0.31,94
POS,0.84,-0.18,-0.31,94
POS,0.84,-0.15,-0.33,93
POS,0.81,-0.21,-0.27,83
POS,0.82,-0.18,-0.29,93
POS,0.83,-0.20,-0.28,94
POS,0.80,-0.22,-0.31,94
POS,0.80,-0.24,-0.25,82
POS,0.81,-0.17,-0.29,92
POS,0.81,-0.17,-0.30,94
POS,0.84,-0.18,-0.29,95
POS,0.83,-0.20,-0.30,95
POS,0.83,-0.24,-0.24,79
POS,0.81,-0.26,-0.26,93
POS,0.83,-0.22,-0.26,94
POS,0.85,-0.21,-0.26,95
POS,0.84,-0.21,-0.28,94
POS,0.85,-0.19,-0.30,94
POS,0.85,-0.30,-0.21,90
POS,0.85,-0.34,-0.15,84
POS,0.83,-0.29,-0.20,93
POS,0.86,-0.34,-0.17,89
POS,0.86,-0.29,-0.21,94
POS,0.87,-0.25,-0.24,94
POS,0.86,-0.28,-0.26,93
POS,0.82,-0.25,-0.30,92
POS,0.81,-0.27,-0.24,77
POS,0.81,-0.26,-0.26,94
POS,0.80,-0.25,-0.28,94
POS,0.78,-0.27,-0.27,90
POS,0.80,-0.25,-0.28,95
POS,0.81,-0.21,-0.30,94
POS,0.81,-0.23,-0.31,94
POS,0.83,-0.21,-0.31,94
POS,0.84,-0.17,-0.32,93
POS,0.85,-0.17,-0.31,95
POS,0.88,-0.23,-0.24,88
POS,0.85,-0.22,-0.28,93
POS,0.83,-0.26,-0.23,80
POS,0.83,-0.25,-0.26,95
POS,0.83,-0.25,-0.27,95
POS,0.82,-0.28,-0.19,76
POS,0.86,-0.25,-0.19,93
POS,0.87,-0.19,-0.22,93
POS,0.87,-0.15,-0.26,93
POS,0.84,-0.21,-0.22,84
POS,0.84,-0.21,-0.26,94
POS,0.84,-0.18,-0.30,93
POS,0.80,-0.21,-0.32,94
POS,0.81,-0.23,-0.32,95
POS,0.82,-0.33,-0.24,90
POS,0.80,-0.29,-0.28,93
POS,0.84,-0.22,-0.26,94
POS,0.83,-0.21,-0.28,94
POS,0.84,-0.19,-0.31,94
POS,0.85,-0.20,-0.28,92
POS,0.86,-0.21,-0.28,94
POS,0.86,-0.20,-0.30,95
POS,0.84,-0.23,-0.31,95
POS,0.84,-0.23,-0.30,95
POS,0.84,-0.25,-0.30,93
POS,0.85,-0.22,-0.30,94
POS,0.83,-0.24,-0.32,95
POS,0.85,-0.23,-0.31,96
POS,0.85,-0.17,-0.33,93
POS,0.85,-0.16,-0.34,94
POS,0.85,-0.16,-0.34,94
POS,0.86,-0.16,-0.33,95
POS,0.84,-0.20,-0.31,91
POS,0.82,-0.23,-0.33,95
POS,0.83,-0.24,-0.31,94
POS,0.80,-0.27,-0.29,89
POS,0.81,-0.28,-0.28,91
POS,0.82,-0.25,-0.30,94
POS,0.81,-0.25,-0.32,94
POS,0.81,-0.24,-0.33,94
POS,0.85,-0.19,-0.31,94
POS,0.86,-0.20,-0.30,95
POS,0.87,-0.19,-0.31,94
POS,0.86,-0.17,-0.32,94
POS,0.86,-0.21,-0.30,92
POS,0.84,-0.25,-0.30,93
POS,0.84,-0.27,-0.30,93
POS,0.91,-0.40,-0.22,95
POS,0.89,-0.33,-0.26,93
POS,0.87,-0.31,-0.27,95
POS,0.87,-0.28,-0.27,95
POS,0.88,-0.24,-0.27,94
POS,0.86,-0.24,-0.28,95
POS,0.87,-0.21,-0.28,95
POS,0.87,-0.17,-0.29,93
POS,0.85,-0.19,-0.31,94
POS,0.84,-0.22,-0.25,82
POS,0.85,-0.21,-0.28,95
POS,0.77,-0.25,-0.33,92
POS,0.81,-0.22,-0.31,95
POS,0.82,-0.20,-0.33,94
POS,0.84,-0.16,-0.34,94
POS,0.86,-0.13,-0.33,94
POS,0.84,-0.16,-0.34,95
POS,0.84,-0.14,-0.34,93
POS,0.84,-0.15,-0.34,94
POS,0.85,-0.19,-0.32,94
POS,0.84,-0.20,-0.33,95
POS,0.84,-0.18,-0.34,93
POS,0.82,-0.19,-0.35,94
POS,0.83,-0.17,-0.36,93
POS,0.85,-0.15,-0.34,94
POS,0.85,-0.18,-0.32,94
POS,0.80,-0.17,-0.36,91
POS,0.81,-0.21,-0.33,92
POS,0.82,-0.21,-0.33,95
POS,0.83,-0.20,-0.33,94
POS,0.83,-0.22,-0.30,91
POS,0.80,-0.22,-0.33,93
POS,0.79,-0.18,-0.36,92
POS,0.79,-0.20,-0.36,94
POS,0.81,-0.26,-0.28,85
POS,0.76,-0.29,-0.30,90
POS,0.85,-0.38,-0.22,94
POS,0.83,-0.36,-0.25,95
POS,0.84,-0.37,-0.21,85
POS,0.84,-0.33,-0.24,94
POS,0.84,-0.27,-0.28,94
POS,0.80,-0.28,-0.31,93
POS,0.79,-0.26,-0.33,93
POS,0.80,-0.26,-0.32,94
POS,0.81,-0.22,-0.33,93
POS,0.81,-0.22,-0.33,95
POS,0.83,-0.16,-0.34,94
POS,0.77,-0.21,-0.37,93
POS,0.81,-0.29,-0.26,89
POS,0.84,-0.29,-0.25,93
POS,0.91,-0.32,-0.18,92
POS,0.87,-0.30,-0.24,94
POS,0.84,-0.25,-0.28,92
POS,0.85,-0.21,-0.31,94
POS,0.88,-0.28,-0.23,89
POS,0.86,-0.26,-0.26,94
POS,0.85,-0.25,-0.29,94
POS,0.85,-0.21,-0.31,94
POS,0.83,-0.24,-0.32,94
POS,0.82,-0.27,-0.28,86
POS,0.80,-0.23,-0.32,92
POS,0.80,-0.21,-0.33,93
POS,0.80,-0.20,-0.34,94
POS,0.81,-0.19,-0.35,94
POS,0.81,-0.21,-0.35,95
POS,0.76,-0.23,-0.40,93
POS,0.76,-0.15,-0.44,93
POS,0.80,-0.15,-0.41,95
POS,0.87,-0.24,-0.29,92
POS,0.88,-0.21,-0.30,95
POS,0.86,-0.21,-0.32,94
POS,0.85,-0.21,-0.34,95
POS,0.92,-0.31,-0.27,94
POS,0.89,-0.31,-0.25,87
POS,0.88,-0.32,-0.20,81
POS,0.94,-0.35,-0.14,93
POS,0.90,-0.36,-0.13,83
POS,0.86,-0.33,-0.20,93
POS,0.83,-0.34,-0.19,86
POS,0.83,-0.29,-0.24,94
POS,0.84,-0.24,-0.28,94
POS,0.84,-0.20,-0.30,93
POS,0.87,-0.26,-0.23,89
POS,0.85,-0.22,-0.27,93
POS,0.86,-0.20,-0.29,95
POS,0.86,-0.20,-0.30,95
POS,0.83,-0.22,-0.30,92
POS,0.82,-0.25,-0.27,88
POS,0.82,-0.24,-0.30,94
POS,0.80,-0.29,-0.24,83
POS,0.77,-0.28,-0.26,93
POS,0.77,-0.20,-0.31,91
POS,0.77,-0.23,-0.27,86
POS,0.76,-0.21,-0.31,92
POS,0.73,-0.23,-0.35,93
POS,0.73,-0.25,-0.32,90
POS,0.82,-0.30,-0.22,92
POS,0.84,-0.27,-0.25,95
POS,0.80,-0.27,-0.27,93
POS,0.81,-0.27,-0.28,94
POS,0.81,-0.24,-0.31,93
POS,0.90,-0.35,-0.21,95
POS,0.89,-0.39,-0.18,87
POS,0.87,-0.36,-0.23,95
POS,0.90,-0.39,-0.17,89
POS,0.88,-0.39,-0.12,83
POS,0.84,-0.35,-0.17,93
POS,0.85,-0.29,-0.22,94
POS,0.82,-0.32,-0.21,85
POS,0.82,-0.35,-0.17,84
POS,0.79,-0.37,-0.19,87
POS,0.81,-0.43,-0.14,91
POS,0.78,-0.39,-0.19,93
POS,0.85,-0.40,-0.13,90
POS,0.80,-0.40,-0.15,86
POS,0.78,-0.40,-0.15,83
POS,0.77,-0.34,-0.21,92
POS,0.74,-0.33,-0.24,92
POS,0.75,-0.33,-0.27,94
POS,0.77,-0.28,-0.30,94
POS,0.79,-0.27,-0.31,95
POS,0.80,-0.27,-0.26,86
POS,0.83,-0.23,-0.28,95
POS,0.81,-0.20,-0.32,92
POS,0.81,-0.21,-0.32,95
POS,0.81,-0.18,-0.33,93
POS,0.81,-0.23,-0.24,78
POS,0.81,-0.30,-0.18,86
POS,0.80,-0.32,-0.17,84
POS,0.78,-0.30,-0.23,93
POS,0.78,-0.25,-0.27,92
POS,0.75,-0.25,-0.31,92
POS,0.74,-0.28,-0.28,86
POS,0.76,-0.26,-0.30,94
POS,0.73,-0.25,-0.32,91
POS,0.73,-0.29,-0.29,87
POS,0.74,-0.26,-0.31,93
POS,0.81,-0.38,-0.23,94
POS,0.78,-0.35,-0.27,92
POS,0.79,-0.26,-0.29,92
POS,0.79,-0.25,-0.31,94
POS,0.80,-0.27,-0.26,84
POS,0.80,-0.26,-0.28,94
POS,0.80,-0.27,-0.27,91
POS,0.80,-0.19,-0.30,91
POS,0.82,-0.23,-0.22,85
POS,0.83,-0.22,-0.26,94
POS,0.83,-0.23,-0.24,91
POS,0.85,-0.19,-0.26,94
POS,0.84,-0.19,-0.29,94
POS,0.82,-0.21,-0.30,94
POS,0.84,-0.16,-0.32,94
POS,0.79,-0.23,-0.29,84
POS,0.80,-0.22,-0.32,94
POS,0.80,-0.26,-0.31,92
POS,0.80,-0.27,-0.32,95
POS,0.82,-0.28,-0.32,95
POS,0.84,-0.25,-0.32,95
POS,0.84,-0.23,-0.33,95
POS,0.86,-0.25,-0.32,94
POS,0.87,-0.21,-0.32,94
POS,0.86,-0.20,-0.34,94
POS,0.85,-0.21,-0.34,95
POS,0.86,-0.19,-0.33,94
POS,0.85,-0.17,-0.34,93
POS,0.86,-0.19,-0.33,95
POS,0.85,-0.22,-0.33,95
POS,0.84,-0.19,-0.34,93
POS,0.85,-0.15,-0.35,93
POS,0.84,-0.15,-0.36,93
POS,0.85,-0.17,-0.34,95
POS,0.86,-0.15,-0.32,94
POS,0.86,-0.14,-0.32,94
POS,0.89,-0.14,-0.29,94
POS,0.89,-0.15,-0.29,94
POS,0.89,-0.15,-0.28,95
POS,0.88,-0.14,-0.29,93
POS,0.88,-0.14,-0.30,94
POS,0.88,-0.15,-0.29,95
POS,0.84,-0.20,-0.29,90
POS,0.81,-0.21,-0.28,93
POS,0.82,-0.19,-0.31,93
POS,0.78,-0.22,-0.31,92
POS,0.79,-0.23,-0.30,94
POS,0.80,-0.24,-0.30,95
POS,0.77,-0.25,-0.30,92
POS,0.79,-0.25,-0.31,95
POS,0.76,-0.24,-0.34,92
POS,0.80,-0.28,-0.27,86
POS,0.79,-0.24,-0.30,92
POS,0.79,-0.25,-0.27,88
POS,0.81,-0.23,-0.28,94
POS,0.82,-0.20,-0.29,94
POS,0.79,-0.21,-0.31,92
POS,0.79,-0.22,-0.32,95
POS,0.81,-0.22,-0.32,95
POS,0.82,-0.23,-0.26,82
POS,0.78,-0.27,-0.25,86
POS,0.79,-0.30,-0.24,91
POS,0.78,-0.32,-0.24,89
POS,0.78,-0.26,-0.28,92
POS,0.80,-0.25,-0.29,95
POS,0.76,-0.26,-0.30,92
POS,0.78,-0.27,-0.29,93
POS,0.78,-0.28,-0.24,81
POS,0.77,-0.27,-0.27,93
POS,0.77,-0.12,-0.28,94
POS,0.77,-0.17,-0.26,89
POS,0.76,-0.17,-0.30,93
POS,0.76,-0.21,-0.28,90
POS,0.76,-0.23,-0.26,89
POS,0.77,-0.25,-0.21,80
POS,0.75,-0.28,-0.22,88
POS,0.78,-0.23,-0.24,93
POS,0.76,-0.27,-0.24,89
POS,0.78,-0.24,-0.27,94
POS,0.79,-0.25,-0.28,94
POS,0.79,-0.29,-0.25,86
POS,0.80,-0.27,-0.27,95
POS,0.78,-0.27,-0.30,94
POS,0.89,-0.31,-0.20,94
POS,0.89,-0.28,-0.23,95
POS,0.88,-0.28,-0.25,96
POS,0.86,-0.27,-0.22,86
POS,0.84,-0.29,-0.19,81
POS,0.82,-0.31,-0.19,86
POS,0.81,-0.29,-0.22,95
POS,0.77,-0.30,-0.34,95
POS,0.80,-0.28,-0.34,95
POS,0.79,-0.31,-0.30,87
POS,0.79,-0.32,-0.24,79
POS,0.78,-0.35,-0.20,83
POS,0.78,-0.31,-0.24,93
POS,0.78,-0.32,-0.22,86
POS,0.81,-0.34,-0.19,86
POS,0.78,-0.34,-0.20,89
POS,0.76,-0.30,-0.25,92
POS,0.78,-0.27,-0.27,94
POS,0.77,-0.30,-0.25,87
POS,0.76,-0.33,-0.21,83
POS,0.73,-0.36,-0.23,88
POS,0.71,-0.35,-0.26,92
POS,0.74,-0.34,-0.24,89
POS,0.78,-0.30,-0.25,96
POS,0.76,-0.30,-0.29,94
POS,0.77,-0.31,-0.27,89
POS,0.76,-0.30,-0.27,93
POS,0.75,-0.30,-0.27,91
POS,0.77,-0.21,-0.30,92
POS,0.87,-0.30,-0.21,94
POS,0.84,-0.29,-0.25,94
POS,0.82,-0.26,-0.27,93
POS,0.82,-0.27,-0.27,93
POS,0.81,-0.27,-0.29,94
POS,0.79,-0.27,-0.30,93
POS,0.79,-0.28,-0.24,80
POS,0.76,-0.32,-0.24,88
POS,0.76,-0.33,-0.23,88
POS,0.74,-0.33,-0.27,93
POS,0.75,-0.33,-0.27,93
POS,0.74,-0.35,-0.22,81
POS,0.77,-0.31,-0.24,95
POS,0.76,-0.33,-0.22,85
POS,0.74,-0.34,-0.23,87
POS,0.80,-0.36,-0.19,89
POS,0.80,-0.32,-0.21,94
POS,0.81,-0.30,-0.20,89
POS,0.79,-0.28,-0.26,93
POS,0.78,-0.27,-0.27,93
POS,0.78,-0.28,-0.25,89
POS,0.86,-0.37,-0.18,93
POS,0.88,-0.29,-0.20,94
POS,0.87,-0.25,-0.24,94
POS,0.86,-0.22,-0.28,94
POS,0.84,-0.21,-0.30,93
POS,0.81,-0.24,-0.31,93
POS,0.80,-0.25,-0.29,91
POS,0.80,-0.24,-0.31,94
POS,0.79,-0.24,-0.31,94
POS,0.80,-0.22,-0.32,94
POS,0.79,-0.22,-0.32,93
POS,0.77,-0.27,-0.23,76
POS,0.78,-0.27,-0.25,94
POS,0.80,-0.31,-0.20,84
POS,0.80,-0.32,-0.19,85
POS,0.76,-0.31,-0.23,93
POS,0.79,-0.24,-0.26,93
POS,0.80,-0.22,-0.28,94
POS,0.79,-0.23,-0.26,89
POS,0.77,-0.24,-0.30,93
POS,0.75,-0.24,-0.33,92
POS,0.78,-0.18,-0.32,93
POS,0.78,-0.21,-0.33,95
POS,0.72,-0.22,-0.40,92
POS,0.68,-0.25,-0.42,93
POS,0.70,-0.27,-0.36,88
POS,0.73,-0.24,-0.37,93
POS,0.77,-0.20,-0.36,94
POS,0.76,-0.24,-0.33,88
POS,0.74,-0.26,-0.33,93
POS,0.77,-0.24,-0.34,94
POS,0.79,-0.21,-0.34,94
POS,0.81,-0.28,-0.25,86
POS,0.81,-0.26,-0.28,95
POS,0.83,-0.23,-0.29,94
POS,0.85,-0.27,-0.24,86
POS,0.84,-0.30,-0.18,78
POS,0.83,-0.25,-0.24,93
POS,0.80,-0.25,-0.26,94
POS,0.79,-0.30,-0.23,84
POS,0.82,-0.21,-0.25,93
POS,0.83,-0.17,-0.28,94
POS,0.85,-0.17,-0.28,95
POS,0.83,-0.21,-0.26,88
POS,0.81,-0.14,-0.30,91
POS,0.81,-0.16,-0.30,94
POS,0.81,-0.21,-0.25,83
POS,0.81,-0.25,-0.24,89
POS,0.83,-0.26,-0.25,94
POS,0.83,-0.26,-0.26,95
POS,0.80,-0.30,-0.23,82
POS,0.87,-0.38,-0.16,93
POS,0.86,-0.40,-0.12,84
POS,0.84,-0.37,-0.18,95
POS,0.82,-0.31,-0.24,93
POS,0.83,-0.23,-0.27,93
POS,0.81,-0.23,-0.30,94
POS,0.79,-0.23,-0.31,93
POS,0.81,-0.22,-0.30,95
POS,0.80,-0.20,-0.33,93
POS,0.79,-0.24,-0.28,84
POS,0.81,-0.21,-0.28,94
POS,0.81,-0.25,-0.24,83
POS,0.82,-0.23,-0.27,94
POS,0.82,-0.21,-0.30,94
POS,0.83,-0.19,-0.31,94
POS,0.84,-0.18,-0.31,94
POS,0.82,-0.18,-0.34,93
POS,0.82,-0.22,-0.28,83
POS,0.80,-0.27,-0.25,85
POS,0.79,-0.27,-0.29,94
POS,0.83,-0.32,-0.22,89
POS,0.83,-0.31,-0.18,83
POS,0.79,-0.28,-0.26,92
POS,0.78,-0.26,-0.30,93
POS,0.81,-0.23,-0.29,94
POS,0.83,-0.24,-0.27,91
POS,0.79,-0.27,-0.28,90
POS,0.80,-0.25,-0.29,95
POS,0.82,-0.26,-0.28,93
POS,0.82,-0.24,-0.28,94
POS,0.82,-0.25,-0.30,95
POS,0.81,-0.21,-0.33,93
POS,0.82,-0.18,-0.32,93
POS,0.81,-0.18,-0.34,93
POS,0.81,-0.12,-0.36,92
POS,0.81,-0.14,-0.36,94
POS,0.81,-0.10,-0.40,93
POS,0.81,-0.09,-0.40,93
POS,0.80,-0.11,-0.39,93
POS,0.81,-0.07,-0.38,92
POS,0.80,-0.07,-0.40,92
POS,0.80,-0.13,-0.38,95
POS,0.79,-0.08,-0.40,92
POS,0.87,-0.17,-0.28,93
POS,0.86,-0.22,-0.24,83
POS,0.85,-0.18,-0.27,93
POS,0.81,-0.20,-0.31,94
POS,0.79,-0.25,-0.31,92
POS,0.78,-0.25,-0.33,94
POS,0.78,-0.20,-0.35,91
POS,0.79,-0.20,-0.33,95
POS,0.81,-0.19,-0.34,94
POS,0.80,-0.22,-0.35,95
POS,0.80,-0.21,-0.37,94
POS,0.79,-0.21,-0.38,94
POS,0.78,-0.26,-0.27,79
POS,0.78,-0.22,-0.31,92
POS,0.80,-0.21,-0.32,95
POS,0.78,-0.21,-0.35,93
POS,0.76,-0.27,-0.30,85
POS,0.74,-0.29,-0.30,90
POS,0.77,-0.28,-0.31,95
POS,0.75,-0.33,-0.23,80
POS,0.77,-0.27,-0.27,94
POS,0.78,-0.26,-0.30,97
POS,0.79,-0.27,-0.27,88
POS,0.75,-0.29,-0.29,92
POS,0.72,-0.29,-0.32,92
POS,0.73,-0.30,-0.27,84
POS,0.77,-0.27,-0.28,95
POS,0.77,-0.27,-0.26,88
POS,0.77,-0.24,-0.29,93
POS,0.77,-0.25,-0.28,91
POS,0.79,-0.27,-0.23,83
POS,0.78,-0.24,-0.27,93
POS,0.78,-0.21,-0.31,93
POS,0.76,-0.25,-0.27,84
POS,0.80,-0.24,-0.29,95
POS,0.79,-0.28,-0.25,84
POS,0.79,-0.23,-0.30,93
POS,0.79,-0.25,-0.25,83
POS,0.80,-0.22,-0.28,94
POS,0.79,-0.26,-0.22,78
POS,0.79,-0.24,-0.26,94
POS,0.78,-0.29,-0.23,84
POS,0.80,-0.34,-0.16,86
POS,0.84,-0.42,-0.11,92
POS,0.82,-0.43,-0.10,84
POS,0.83,-0.43,-0.10,85
POS,0.83,-0.39,-0.12,91
POS,0.79,-0.40,-0.09,79
POS,0.78,-0.39,-0.14,91
POS,0.78,-0.35,-0.19,95
POS,0.77,-0.37,-0.15,79
POS,0.80,-0.43,-0.11,90
POS,0.81,-0.39,-0.15,94
POS,0.82,-0.27,-0.22,93
POS,0.78,-0.27,-0.27,93
POS,0.75,-0.31,-0.24,83
POS,0.75,-0.27,-0.28,93
POS,0.78,-0.35,-0.21,90
POS,0.77,-0.28,-0.27,92
POS,0.80,-0.23,-0.30,94
POS,0.80,-0.26,-0.23,77
POS,0.81,-0.22,-0.26,94
POS,0.81,-0.28,-0.21,84
POS,0.81,-0.23,-0.27,93
POS,0.83,-0.23,-0.28,96
POS,0.82,-0.25,-0.29,94
POS,0.78,-0.29,-0.28,87
POS,0.81,-0.26,-0.30,95
POS,0.80,-0.28,-0.28,89
POS,0.82,-0.27,-0.30,95
POS,0.89,-0.31,-0.21,92
POS,0.86,-0.29,-0.26,94
POS,0.86,-0.29,-0.27,95
POS,0.84,-0.32,-0.24,85
POS,0.82,-0.33,-0.21,82
POS,0.84,-0.36,-0.15,86
POS,0.82,-0.37,-0.13,83
POS,0.82,-0.29,-0.19,93
POS,0.81,-0.30,-0.17,82
POS,0.81,-0.32,-0.15,83
POS,0.71,-0.39,-0.17,96
POS,0.75,-0.33,-0.19,94
POS,0.78,-0.30,-0.21,95
POS,0.79,-0.30,-0.20,88
POS,0.78,-0.26,-0.24,92
POS,0.78,-0.23,-0.29,93
POS,0.77,-0.24,-0.28,92
POS,0.74,-0.26,-0.33,93
POS,0.80,-0.30,-0.25,89
POS,0.87,-0.36,-0.18,93
POS,0.87,-0.32,-0.22,95
POS,0.83,-0.34,-0.23,90
POS,0.81,-0.29,-0.29,93
POS,0.80,-0.22,-0.32,92
POS,0.79,-0.25,-0.26,78
POS,0.80,-0.26,-0.25,92
POS,0.78,-0.29,-0.23,86
POS,0.79,-0.25,-0.27,93
POS,0.75,-0.31,-0.25,85
POS,0.75,-0.28,-0.29,93
POS,0.77,-0.26,-0.31,95
POS,0.80,-0.28,-0.28,91
POS,0.78,-0.23,-0.32,92
POS,0.80,-0.23,-0.34,95
POS,0.76,-0.29,-0.31,87
POS,0.78,-0.27,-0.31,95
POS,0.76,-0.28,-0.32,93
POS,0.77,-0.28,-0.31,94
POS,0.76,-0.26,-0.33,93
POS,0.76,-0.28,-0.31,91
POS,0.78,-0.24,-0.31,93
POS,0.75,-0.22,-0.35,92
POS,0.76,-0.23,-0.32,92
POS,0.79,-0.20,-0.31,94
POS,0.81,-0.15,-0.30,93
POS,0.82,-0.21,-0.28,90
POS,0.80,-0.23,-0.30,94
POS,0.83,-0.21,-0.30,95
POS,0.80,-0.24,-0.32,94
POS,0.81,-0.26,-0.31,93
POS,0.80,-0.18,-0.34,92
POS,0.82,-0.16,-0.34,94
POS,0.79,-0.21,-0.33,92
POS,0.78,-0.24,-0.35,95
POS,0.80,-0.21,-0.35,94
POS,0.80,-0.24,-0.34,94
POS,0.79,-0.27,-0.32,89
POS,0.83,-0.34,-0.22,90
POS,0.81,-0.33,-0.27,95
POS,0.80,-0.24,-0.31,91
POS,0.77,-0.24,-0.34,93
POS,0.79,-0.25,-0.30,90
POS,0.79,-0.22,-0.32,93
POS,0.80,-0.18,-0.33,93
POS,0.82,-0.11,-0.35,93
POS,0.88,-0.16,-0.26,91
POS,0.85,-0.20,-0.28,94
POS,0.85,-0.22,-0.26,90
POS,0.85,-0.22,-0.21,83
POS,0.94,-0.29,-0.15,94
POS,0.89,-0.32,-0.15,84
POS,0.87,-0.31,-0.16,90
POS,0.85,-0.32,-0.14,80
POS,0.81,-0.28,-0.22,91
POS,0.79,-0.28,-0.25,94
POS,0.80,-0.29,-0.19,79
POS,0.83,-0.32,-0.16,86
POS,0.82,-0.34,-0.15,85
POS,0.81,-0.32,-0.21,95
POS,0.78,-0.32,-0.24,93
POS,0.79,-0.33,-0.23,89
POS,0.81,-0.30,-0.25,95
POS,0.79,-0.33,-0.22,83
POS,0.80,-0.30,-0.24,95
POS,0.81,-0.26,-0.28,94
POS,0.81,-0.26,-0.25,89
POS,0.85,-0.32,-0.20,90
POS,0.81,-0.31,-0.25,94
POS,0.81,-0.30,-0.26,94
POS,0.84,-0.31,-0.23,89
POS,0.79,-0.34,-0.23,86
POS,0.76,-0.33,-0.29,93
POS,0.76,-0.30,-0.27,93
POS,0.79,-0.26,-0.28,94
POS,0.78,-0.23,-0.30,92
POS,0.78,-0.24,-0.33,94
POS,0.78,-0.20,-0.33,92
POS,0.80,-0.30,-0.25,89
POS,0.84,-0.26,-0.25,95
POS,0.84,-0.24,-0.26,95
POS,0.84,-0.27,-0.26,93
POS,0.81,-0.30,-0.26,89
POS,0.82,-0.28,-0.27,95
POS,0.79,-0.31,-0.24,82
POS,0.79,-0.31,-0.26,94
POS,0.78,-0.31,-0.27,93
POS,0.76,-0.29,-0.30,93
POS,0.79,-0.27,-0.29,95
POS,0.76,-0.30,-0.30,92
POS,0.79,-0.27,-0.29,95
POS,0.80,-0.25,-0.31,94
POS,0.82,-0.23,-0.32,94
POS,0.84,-0.21,-0.30,95
POS,0.82,-0.22,-0.30,94
POS,0.81,-0.24,-0.31,95
POS,0.82,-0.25,-0.44,97
POS,0.81,-0.27,-0.37,85
POS,0.81,-0.27,-0.31,86
POS,0.81,-0.24,-0.32,93
POS,0.81,-0.26,-0.34,96
POS,0.82,-0.28,-0.28,85
POS,0.84,-0.32,-0.23,86
POS,0.87,-0.34,-0.16,89
POS,0.86,-0.27,-0.22,93
POS,0.82,-0.25,-0.28,92
POS,0.82,-0.26,-0.29,95
POS,0.81,-0.27,-0.29,93
POS,0.83,-0.23,-0.28,94
POS,0.84,-0.23,-0.26,92
POS,0.81,-0.27,-0.26,90
POS,0.80,-0.26,-0.25,90
POS,0.81,-0.25,-0.27,94
POS,0.81,-0.21,-0.28,93
POS,0.80,-0.25,-0.23,79
POS,0.78,-0.28,-0.22,87
POS,0.81,-0.23,-0.25,94
POS,0.76,-0.28,-0.26,89
POS,0.77,-0.31,-0.26,90
POS,0.77,-0.31,-0.22,83
POS,0.79,-0.29,-0.25,95
POS,0.80,-0.30,-0.23,86
POS,0.82,-0.25,-0.25,94
POS,0.84,-0.26,-0.24,92
POS,0.80,-0.28,-0.26,93
POS,0.75,-0.29,-0.34,93
POS,0.76,-0.25,-0.34,93
POS,0.77,-0.27,-0.33,93
POS,0.79,-0.27,-0.32,94
POS,0.78,-0.25,-0.34,93
POS,0.78,-0.27,-0.33,92
POS,0.76,-0.32,-0.30,87
POS,0.75,-0.31,-0.29,92
POS,0.77,-0.31,-0.23,79
POS,0.82,-0.28,-0.21,92
POS,0.82,-0.32,-0.16,84
POS,0.81,-0.34,-0.18,89
POS,0.83,-0.30,-0.21,95
POS,0.84,-0.25,-0.26,94
POS,0.85,-0.34,-0.19,90
POS,0.83,-0.36,-0.19,88
POS,0.84,-0.33,-0.23,95
POS,0.86,-0.38,-0.17,90
POS,0.85,-0.36,-0.22,95
POS,0.84,-0.35,-0.24,94
POS,0.95,-0.39,-0.16,95
POS,0.93,-0.33,-0.21,94
POS,0.92,-0.27,-0.24,94
POS,0.91,-0.18,-0.26,93
POS,0.85,-0.23,-0.39,96
POS,0.79,-0.24,-0.44,93
POS,0.76,-0.24,-0.44,92
POS,0.74,-0.27,-0.39,90
POS,0.77,-0.23,-0.38,94
POS,0.77,-0.25,-0.37,95
POS,0.78,-0.26,-0.34,91
POS,0.77,-0.25,-0.30,91
POS,0.79,-0.23,-0.31,94
POS,0.80,-0.26,-0.28,90
POS,0.81,-0.22,-0.29,93
POS,0.81,-0.16,-0.30,92
POS,0.78,-0.15,-0.34,91
POS,0.79,-0.19,-0.33,93
POS,0.76,-0.21,-0.34,92
POS,0.78,-0.19,-0.32,94
POS,0.78,-0.20,-0.32,94
POS,0.78,-0.22,-0.33,95
POS,0.80,-0.20,-0.33,94
POS,0.81,-0.21,-0.32,95
POS,0.83,-0.19,-0.44,96
POS,0.82,-0.24,-0.41,93
POS,0.81,-0.26,-0.39,94
POS,0.82,-0.25,-0.38,95
POS,0.81,-0.29,-0.32,85
POS,0.80,-0.28,-0.30,94
POS,0.82,-0.27,-0.28,92
POS,0.82,-0.26,-0.30,95
POS,0.81,-0.26,-0.30,95
POS,0.81,-0.27,-0.29,92
POS,0.82,-0.26,-0.27,93
POS,0.81,-0.28,-0.28,93
POS,0.79,-0.30,-0.26,88
POS,0.79,-0.30,-0.24,89
POS,0.81,-0.28,-0.25,95
POS,0.81,-0.22,-0.28,92
POS,0.77,-0.25,-0.36,95
POS,0.78,-0.25,-0.34,93
POS,0.81,-0.22,-0.31,94
POS,0.86,-0.31,-0.22,92
POS,0.86,-0.34,-0.18,84
POS,0.86,-0.29,-0.22,94
POS,0.86,-0.28,-0.23,93
POS,0.81,-0.28,-0.26,92
POS,0.81,-0.28,-0.25,90
POS,0.80,-0.27,-0.27,94
POS,0.80,-0.29,-0.24,88
POS,0.79,-0.33,-0.20,83
POS,0.80,-0.32,-0.21,92
POS,0.79,-0.31,-0.25,94
POS,0.76,-0.30,-0.33,94
POS,0.79,-0.25,-0.31,94
POS,0.80,-0.22,-0.32,93
POS,0.84,-0.22,-0.29,92
POS,0.83,-0.27,-0.29,92
POS,0.82,-0.27,-0.30,95
POS,0.82,-0.27,-0.28,91
POS,0.82,-0.32,-0.23,84
POS,0.80,-0.34,-0.22,89
POS,0.84,-0.36,-0.19,88
POS,0.85,-0.28,-0.22,93
POS,0.82,-0.33,-0.21,85
POS,0.82,-0.32,-0.16,76
POS,0.82,-0.31,-0.19,93
POS,0.79,-0.29,-0.21,93
POS,0.81,-0.30,-0.20,88
POS,0.77,-0.32,-0.23,91
POS,0.72,-0.35,-0.33,95
POS,0.74,-0.33,-0.26,80
POS,0.74,-0.29,-0.30,92
POS,0.74,-0.31,-0.30,92
POS,0.77,-0.25,-0.29,93
POS,0.79,-0.25,-0.28,93
POS,0.81,-0.28,-0.25,88
POS,0.82,-0.28,-0.24,91
POS,0.82,-0.28,-0.20,80
POS,0.83,-0.29,-0.20,91
POS,0.79,-0.32,-0.20,86
POS,0.75,-0.30,-0.26,92
POS,0.75,-0.31,-0.27,92
POS,0.78,-0.30,-0.27,93
POS,0.75,-0.32,-0.26,88
POS,0.78,-0.28,-0.27,94
POS,0.79,-0.26,-0.28,94
POS,0.79,-0.26,-0.31,95
POS,0.78,-0.25,-0.32,93
POS,0.77,-0.28,-0.28,86
POS,0.78,-0.28,-0.28,94
POS,0.76,-0.25,-0.32,92
POS,0.77,-0.21,-0.33,92
POS,0.77,-0.25,-0.32,93
POS,0.78,-0.25,-0.32,95
POS,0.75,-0.23,-0.36,91
POS,0.73,-0.27,-0.35,91
POS,0.69,-0.27,-0.39,92
POS,0.71,-0.28,-0.33,87
POS,0.74,-0.27,-0.33,95
POS,0.69,-0.29,-0.37,93
POS,0.66,-0.30,-0.39,92
POS,0.71,-0.29,-0.35,93
POS,0.75,-0.26,-0.35,95
POS,0.75,-0.25,-0.35,93
POS,0.76,-0.28,-0.33,91
POS,0.78,-0.23,-0.33,94
POS,0.81,-0.22,-0.32,95
POS,0.81,-0.20,-0.32,94
POS,0.80,-0.24,-0.31,92
POS,0.83,-0.24,-0.31,96
POS,0.80,-0.28,-0.30,90
POS,0.82,-0.26,-0.29,95
POS,0.83,-0.27,-0.28,92
POS,0.84,-0.26,-0.29,95
POS,0.85,-0.27,-0.28,93
POS,0.86,-0.28,-0.29,95
POS,0.81,-0.31,-0.29,90
POS,0.74,-0.34,-0.38,94
POS,0.74,-0.33,-0.35,92
POS,0.75,-0.33,-0.34,93
POS,0.75,-0.34,-0.34,93
POS,0.78,-0.31,-0.33,95
POS,0.75,-0.27,-0.36,91
POS,0.79,-0.21,-0.34,93
POS,0.74,-0.23,-0.36,92
POS,0.78,-0.25,-0.33,92
POS,0.79,-0.22,-0.33,94
POS,0.77,-0.23,-0.32,93
POS,0.77,-0.26,-0.30,91
POS,0.80,-0.27,-0.29,93
POS,0.80,-0.24,-0.30,93
POS,0.83,-0.27,-0.24,85
POS,0.83,-0.25,-0.25,94
POS,0.84,-0.23,-0.26,95
POS,0.83,-0.24,-0.29,95
POS,0.83,-0.22,-0.30,93
POS,0.88,-0.35,-0.23,99
POS,0.83,-0.36,-0.22,86
POS,0.85,-0.37,-0.18,85
POS,0.84,-0.36,-0.14,78
POS,0.83,-0.36,-0.12,81
POS,0.82,-0.30,-0.19,93
POS,0.83,-0.29,-0.18,88
POS,0.80,-0.30,-0.22,93
POS,0.89,-0.30,-0.15,93
POS,0.87,-0.26,-0.21,94
POS,0.88,-0.31,-0.15,86
POS,0.83,-0.32,-0.19,91
POS,0.93,-0.36,-0.14,94
POS,0.87,-0.36,-0.15,86
POS,0.87,-0.29,-0.20,94
POS,0.86,-0.28,-0.25,94
POS,0.83,-0.27,-0.28,94
POS,0.84,-0.31,-0.23,85
POS,0.86,-0.28,-0.24,95
POS,0.93,-0.34,-0.16,94
POS,0.89,-0.27,-0.22,92
POS,0.88,-0.22,-0.26,93
POS,0.86,-0.20,-0.29,94
POS,0.83,-0.22,-0.32,94
POS,0.80,-0.26,-0.25,78
POS,0.82,-0.26,-0.26,95
POS,0.79,-0.28,-0.26,90
POS,0.80,-0.31,-0.22,83
POS,0.78,-0.32,-0.24,92
POS,0.78,-0.33,-0.23,87
POS,0.78,-0.30,-0.26,94
POS,0.77,-0.29,-0.27,93
POS,0.77,-0.28,-0.30,94
POS,0.76,-0.27,-0.30,93
POS,0.77,-0.28,-0.23,79
POS,0.78,-0.25,-0.34,95
POS,0.77,-0.28,-0.28,82
POS,0.78,-0.29,-0.26,90
POS,0.78,-0.28,-0.28,94
POS,0.81,-0.24,-0.29,94
POS,0.79,-0.25,-0.30,93
POS,0.76,-0.30,-0.25,80
POS,0.83,-0.33,-0.21,90
POS,0.81,-0.35,-0.20,85
POS,0.85,-0.33,-0.17,88
POS,0.90,-0.33,-0.13,91
POS,0.88,-0.29,-0.18,94
POS,0.84,-0.33,-0.15,83
POS,0.85,-0.28,-0.21,94
POS,0.85,-0.28,-0.17,82
POS,0.83,-0.24,-0.24,93
POS,0.81,-0.27,-0.24,90
POS,0.82,-0.20,-0.26,93
POS,0.82,-0.18,-0.30,93
POS,0.81,-0.23,-0.26,84
POS,0.82,-0.22,-0.28,95
POS,0.82,-0.22,-0.28,95
POS,0.82,-0.23,-0.29,95
POS,0.83,-0.21,-0.30,94
POS,0.82,-0.25,-0.26,84
POS,0.81,-0.24,-0.29,94
POS,0.80,-0.25,-0.31,95
POS,0.80,-0.23,-0.34,94
POS,0.76,-0.26,-0.33,90
POS,0.76,-0.25,-0.34,94
POS,0.78,-0.21,-0.35,93
POS,0.84,-0.26,-0.26,90
POS,0.83,-0.23,-0.30,94
POS,0.84,-0.21,-0.31,94
POS,0.83,-0.17,-0.33,93
POS,0.84,-0.19,-0.32,94
POS,0.85,-0.17,-0.32,94
POS,0.84,-0.21,-0.24,77
POS,0.84,-0.20,-0.27,94
POS,0.85,-0.17,-0.28,94
POS,0.83,-0.22,-0.24,84
POS,0.86,-0.20,-0.25,95
POS,0.83,-0.25,-0.25,90
POS,0.80,-0.25,-0.29,93
POS,0.82,-0.25,-0.30,96
POS,0.87,-0.32,-0.21,91
POS,0.86,-0.33,-0.21,90
POS,0.85,-0.34,-0.21,91
POS,0.82,-0.30,-0.26,93
POS,0.84,-0.27,-0.28,95
POS,0.82,-0.29,-0.28,92
POS,0.81,-0.26,-0.31,93
POS,0.80,-0.18,-0.34,92
POS,0.81,-0.16,-0.35,93
POS,0.81,-0.18,-0.36,95
POS,0.79,-0.19,-0.37,93
POS,0.81,-0.20,-0.36,95
POS,0.79,-0.25,-0.32,87
POS,0.81,-0.30,-0.26,85
POS,0.84,-0.27,-0.26,95
POS,0.84,-0.24,-0.28,94
POS,0.83,-0.21,-0.30,93
POS,0.85,-0.20,-0.29,95
POS,0.85,-0.20,-0.25,89
POS,0.84,-0.18,-0.30,93
POS,0.81,-0.21,-0.32,94
POS,0.84,-0.17,-0.32,94
POS,0.78,-0.21,-0.36,93
POS,0.80,-0.18,-0.36,94
POS,0.80,-0.16,-0.38,93
POS,0.81,-0.17,-0.37,95
POS,0.84,-0.23,-0.29,86
POS,0.85,-0.27,-0.24,85
POS,0.83,-0.31,-0.18,79
POS,0.85,-0.32,-0.16,85
POS,0.84,-0.29,-0.21,94
POS,0.90,-0.35,-0.14,92
POS,0.87,-0.30,-0.20,93
POS,0.84,-0.31,-0.20,96
POS,0.82,-0.25,-0.26,92
POS,0.77,-0.23,-0.31,90
POS,0.77,-0.21,-0.34,93
POS,0.76,-0.21,-0.36,93
POS,0.77,-0.23,-0.30,84
POS,0.79,-0.22,-0.30,94
POS,0.80,-0.24,-0.25,85
POS,0.78,-0.22,-0.30,92
POS,0.82,-0.30,-0.21,89
POS,0.83,-0.28,-0.22,94
POS,0.82,-0.29,-0.18,78
POS,0.88,-0.37,-0.13,92
POS,0.86,-0.31,-0.20,93
POS,0.86,-0.22,-0.33,95
POS,0.85,-0.18,-0.35,93
POS,0.82,-0.21,-0.36,94
POS,0.80,-0.20,-0.38,93
POS,0.82,-0.26,-0.30,86
POS,0.82,-0.25,-0.32,94
POS,0.78,-0.21,-0.36,90
POS,0.79,-0.24,-0.26,77
POS,0.79,-0.21,-0.30,93
POS,0.79,-0.23,-0.26,86
POS,0.78,-0.25,-0.25,89
POS,0.77,-0.25,-0.29,94
POS,0.78,-0.18,-0.35,93
POS,0.85,-0.27,-0.25,92
POS,0.85,-0.24,-0.28,94
POS,0.85,-0.23,-0.30,95
POS,0.84,-0.26,-0.25,82
POS,0.84,-0.21,-0.29,93
POS,0.84,-0.20,-0.31,94
POS,0.85,-0.16,-0.32,94
POS,0.83,-0.18,-0.34,93
POS,0.79,-0.18,-0.36,91
POS,0.78,-0.22,-0.34,92
POS,0.78,-0.21,-0.36,93
POS,0.84,-0.30,-0.27,92
POS,0.93,-0.40,-0.19,95
POS,0.86,-0.40,-0.18,82
POS,0.82,-0.39,-0.20,89
POS,0.82,-0.35,-0.24,95
POS,0.83,-0.30,-0.27,95
POS,0.82,-0.28,-0.29,94
POS,0.80,-0.30,-0.29,91
POS,0.78,-0.32,-0.28,88
POS,0.77,-0.28,-0.31,92
POS,0.79,-0.27,-0.26,84
POS,0.78,-0.27,-0.29,94
POS,0.79,-0.30,-0.22,80
POS,0.80,-0.35,-0.18,86
POS,0.78,-0.35,-0.20,90
POS,0.85,-0.40,-0.14,92
POS,0.92,-0.46,-0.10,94
POS,0.85,-0.47,-0.10,81
POS,0.85,-0.44,-0.08,79
POS,0.87,-0.42,-0.05,86
POS,0.85,-0.36,-0.14,93
POS,0.82,-0.30,-0.22,92
POS,0.83,-0.29,-0.18,80
POS,0.86,-0.30,-0.13,85
POS,0.85,-0.28,-0.17,94
POS,0.80,-0.32,-0.18,86
POS,0.82,-0.25,-0.22,94
POS,0.81,-0.28,-0.22,88
POS,0.80,-0.31,-0.19,83
POS,0.83,-0.33,-0.13,85
POS,0.80,-0.34,-0.16,88
POS,0.80,-0.34,-0.14,81
POS,0.80,-0.29,-0.20,93
POS,0.79,-0.30,-0.19,86
POS,0.79,-0.29,-0.24,94
POS,0.78,-0.24,-0.28,92
POS,0.81,-0.20,-0.29,94
POS,0.79,-0.18,-0.33,92
POS,0.79,-0.24,-0.26,81
POS,0.78,-0.24,-0.29,94
POS,0.81,-0.19,-0.30,94
POS,0.80,-0.18,-0.32,93
POS,0.76,-0.22,-0.35,93
POS,0.75,-0.26,-0.29,82
POS,0.77,-0.26,-0.29,95
POS,0.78,-0.29,-0.22,78
POS,0.81,-0.25,-0.24,95
POS,0.81,-0.26,-0.26,95
POS,0.78,-0.22,-0.31,91
POS,0.81,-0.18,-0.33,94
POS,0.80,-0.18,-0.35,93
POS,0.77,-0.22,-0.33,90
POS,0.81,-0.26,-0.24,86
POS,0.83,-0.22,-0.26,94
POS,0.84,-0.20,-0.28,94
POS,0.86,-0.31,-0.21,92
POS,0.86,-0.28,-0.24,95
POS,0.86,-0.27,-0.26,95
POS,0.83,-0.22,-0.31,92
POS,0.81,-0.25,-0.31,93
POS,0.82,-0.25,-0.31,95
POS,0.82,-0.25,-0.32,95
POS,0.82,-0.21,-0.33,93
POS,0.82,-0.20,-0.34,94
POS,0.82,-0.23,-0.33,94
POS,0.84,-0.19,-0.33,94
POS,0.81,-0.22,-0.34,94
POS,0.84,-0.23,-0.30,92
POS,0.83,-0.22,-0.33,94
POS,0.82,-0.24,-0.31,92
POS,0.79,-0.24,-0.32,93
POS,0.91,-0.29,-0.24,95
POS,0.87,-0.30,-0.24,91
POS,0.83,-0.29,-0.25,93
POS,0.81,-0.30,-0.23,85
POS,0.83,-0.18,-0.26,97
POS,0.83,-0.22,-0.23,85
POS,0.84,-0.18,-0.26,94
POS,0.86,-0.17,-0.26,95
POS,0.85,-0.17,-0.29,94
POS,0.85,-0.19,-0.28,94
POS,0.85,-0.23,-0.21,80
POS,0.82,-0.27,-0.20,87
POS,0.81,-0.28,-0.21,90
POS,0.79,-0.32,-0.21,88
POS,0.80,-0.32,-0.16,79
POS,0.87,-0.29,-0.11,92
POS,0.85,-0.31,-0.07,75
POS,0.82,-0.33,-0.13,91
POS,0.81,-0.30,-0.15,93
POS,0.78,-0.30,-0.18,91
POS,0.81,-0.32,-0.16,85
POS,0.80,-0.33,-0.16,84
POS,0.79,-0.30,-0.22,93
POS,0.86,-0.38,-0.15,93
POS,0.85,-0.34,-0.20,95
POS,0.86,-0.28,-0.24,94
POS,0.87,-0.23,-0.27,94
POS,0.87,-0.20,-0.28,94
POS,0.87,-0.18,-0.29,94
POS,0.86,-0.16,-0.31,93
POS,0.84,-0.21,-0.28,87
POS,0.80,-0.27,-0.23,81
POS,0.84,-0.32,-0.17,89
POS,0.82,-0.32,-0.22,94
POS,0.80,-0.34,-0.22,88
POS,0.79,-0.28,-0.27,92
POS,0.79,-0.20,-0.32,92
POS,0.78,-0.19,-0.34,93
POS,0.79,-0.21,-0.29,88
POS,0.80,-0.23,-0.29,94
POS,0.79,-0.25,-0.26,87
POS,0.82,-0.26,-0.25,92
POS,0.82,-0.25,-0.27,94
POS,0.83,-0.21,-0.30,94
POS,0.80,-0.24,-0.29,91
POS,0.83,-0.16,-0.28,93
POS,0.84,-0.16,-0.30,95
POS,0.84,-0.20,-0.27,89
POS,0.85,-0.18,-0.27,94
POS,0.82,-0.20,-0.30,93
POS,0.80,-0.23,-0.29,91
POS,0.79,-0.25,-0.30,94
POS,0.78,-0.24,-0.31,94
POS,0.76,-0.27,-0.32,93
POS,0.79,-0.26,-0.30,93
POS,0.80,-0.23,-0.29,94
POS,0.81,-0.25,-0.29,94
POS,0.78,-0.12,-0.32,95
POS,0.80,-0.14,-0.31,95
POS,0.81,-0.15,-0.33,94
POS,0.84,-0.13,-0.33,94
POS,0.79,-0.17,-0.34,93
POS,0.79,-0.20,-0.33,94
POS,0.80,-0.21,-0.34,95
POS,0.81,-0.21,-0.33,95
POS,0.82,-0.19,-0.33,94
POS,0.82,-0.18,-0.34,93
POS,0.84,-0.20,-0.31,93
POS,0.83,-0.24,-0.30,92
POS,0.84,-0.20,-0.31,94
POS,0.81,-0.21,-0.32,93
POS,0.80,-0.26,-0.25,81
POS,0.77,-0.28,-0.34,95
POS,0.79,-0.29,-0.32,93
POS,0.83,-0.26,-0.30,94
POS,0.81,-0.30,-0.29,91
POS,0.83,-0.25,-0.29,94
POS,0.78,-0.29,-0.38,95
POS,0.77,-0.32,-0.32,83
POS,0.77,-0.33,-0.26,81
POS,0.82,-0.30,-0.22,87
POS,0.81,-0.27,-0.26,93
POS,0.80,-0.25,-0.28,94
POS,0.80,-0.28,-0.27,91
POS,0.82,-0.23,-0.28,94
POS,0.84,-0.21,-0.28,94
POS,0.87,-0.19,-0.26,94
POS,0.86,-0.20,-0.27,95
POS,0.85,-0.22,-0.29,95
POS,0.84,-0.22,-0.30,95
POS,0.82,-0.22,-0.36,94
POS,0.85,-0.19,-0.32,95
POS,0.84,-0.21,-0.32,95
POS,0.80,-0.21,-0.33,91
POS,0.81,-0.23,-0.30,90
POS,0.81,-0.24,-0.30,95
POS,0.81,-0.27,-0.29,91
POS,0.82,-0.25,-0.27,93
POS,0.83,-0.24,-0.30,95
POS,0.79,-0.25,-0.36,94
POS,0.79,-0.27,-0.34,92
POS,0.78,-0.20,-0.36,91
POS,0.79,-0.22,-0.34,94
POS,0.79,-0.22,-0.33,93
POS,0.82,-0.21,-0.31,95
POS,0.79,-0.20,-0.34,92
POS,0.82,-0.15,-0.33,93
POS,0.83,-0.14,-0.34,94
POS,0.85,-0.15,-0.30,93
POS,0.81,-0.20,-0.28,88
POS,0.81,-0.18,-0.31,93
POS,0.83,-0.19,-0.30,95
POS,0.83,-0.20,-0.31,95
POS,0.83,-0.25,-0.27,87