
dwm> POS,0.19,-0.25,0.25,72
POS,0.17,-0.26,0.24,69
POS,0.16,-0.25,0.27,79
POS,0.15,-0.25,0.27,69
POS,0.17,-0.25,0.28,72
POS,0.17,-0.26,0.27,69
POS,0.15,-0.27,0.26,69
POS,0.17,-0.28,0.27,73
POS,0.18,-0.28,0.28,72
POS,0.17,-0.28,0.28,71
POS,0.17,-0.27,0.28,70
POS,0.18,-0.28,0.27,71
POS,0.18,-0.28,0.27,69
POS,0.18,-0.29,0.28,76
POS,0.20,-0.30,0.27,67
POS,0.21,-0.30,0.27,68
POS,0.18,-0.28,0.31,80
POS,0.15,-0.26,0.29,77
POS,0.17,-0.29,0.28,69
POS,0.20,-0.30,0.27,67
POS,0.20,-0.31,0.26,73
POS,0.18,-0.29,0.27,74
POS,0.17,-0.28,0.26,64
POS,0.18,-0.27,0.27,69
POS,0.16,-0.27,0.26,70
POS,0.18,-0.28,0.26,70
POS,0.17,-0.28,0.26,72
POS,0.16,-0.28,0.27,78
POS,0.15,-0.27,0.27,71
POS,0.17,-0.28,0.27,69
POS,0.18,-0.30,0.26,72
POS,0.16,-0.30,0.25,72
POS,0.15,-0.30,0.25,73
POS,0.15,-0.29,0.25,72
POS,0.18,-0.30,0.26,67
POS,0.17,-0.30,0.26,75
POS,0.18,-0.30,0.26,68
POS,0.21,-0.30,0.28,67
POS,0.21,-0.30,0.27,68
POS,0.22,-0.29,0.27,66
POS,0.23,-0.30,0.28,70
POS,0.23,-0.29,0.28,64
POS,0.21,-0.28,0.28,70
POS,0.21,-0.27,0.29,69
POS,0.19,-0.29,0.26,72
POS,0.19,-0.30,0.24,67
POS,0.20,-0.30,0.25,68
POS,0.22,-0.28,0.27,66
POS,0.22,-0.28,0.27,67
POS,0.23,-0.28,0.27,65
POS,0.24,-0.28,0.27,61
POS,0.22,-0.27,0.27,71
POS,0.24,-0.28,0.27,63
POS,0.23,-0.28,0.28,70
POS,0.22,-0.28,0.28,73
POS,0.23,-0.29,0.27,66
POS,0.22,-0.31,0.25,74
POS,0.19,-0.31,0.25,71
POS,0.19,-0.31,0.25,73
POS,0.18,-0.30,0.25,67
POS,0.17,-0.30,0.24,71
POS,0.21,-0.29,0.25,59
POS,0.21,-0.29,0.25,68
POS,0.21,-0.30,0.27,74
POS,0.21,-0.29,0.27,68
POS,0.19,-0.27,0.28,73
POS,0.17,-0.28,0.25,66
POS,0.17,-0.29,0.25,73
POS,0.18,-0.28,0.26,66
POS,0.18,-0.29,0.26,74
POS,0.18,-0.29,0.26,68
POS,0.18,-0.29,0.24,63
POS,0.17,-0.29,0.24,70
POS,0.18,-0.28,0.25,69
POS,0.16,-0.28,0.25,72
POS,0.18,-0.28,0.25,69
POS,0.18,-0.29,0.24,70
POS,0.16,-0.30,0.23,71
POS,0.16,-0.28,0.24,69
POS,0.15,-0.28,0.24,74
POS,0.14,-0.27,0.24,69
POS,0.17,-0.30,0.25,72
POS,0.16,-0.30,0.25,73
POS,0.16,-0.29,0.25,72
POS,0.16,-0.28,0.26,73
POS,0.16,-0.28,0.27,72
POS,0.16,-0.28,0.26,72
POS,0.18,-0.29,0.26,65
POS,0.17,-0.28,0.25,65
POS,0.17,-0.27,0.27,76
POS,0.15,-0.27,0.27,73
POS,0.17,-0.26,0.28,68
POS,0.16,-0.26,0.27,70
POS,0.18,-0.26,0.28,67
POS,0.18,-0.26,0.29,74
POS,0.15,-0.26,0.26,70
POS,0.17,-0.26,0.27,65
POS,0.18,-0.24,0.29,67
POS,0.18,-0.26,0.28,74
POS,0.16,-0.27,0.25,69
POS,0.18,-0.28,0.27,70
POS,0.19,-0.25,0.28,64
POS,0.17,-0.27,0.27,76
POS,0.16,-0.28,0.27,75
POS,0.18,-0.26,0.27,63
POS,0.22,-0.28,0.27,65
POS,0.22,-0.28,0.28,68
POS,0.24,-0.28,0.29,63
POS,0.24,-0.29,0.28,70
POS,0.23,-0.27,0.29,67
POS,0.21,-0.28,0.27,70
POS,0.19,-0.27,0.27,73
POS,0.19,-0.25,0.28,68
POS,0.20,-0.26,0.28,69
POS,0.20,-0.27,0.27,70
POS,0.19,-0.27,0.28,74
POS,0.20,-0.27,0.30,74
POS,0.22,-0.28,0.31,70
POS,0.21,-0.28,0.30,72
POS,0.20,-0.27,0.31,74
POS,0.20,-0.28,0.29,71
POS,0.21,-0.30,0.29,70
POS,0.23,-0.30,0.30,68
POS,0.21,-0.30,0.28,72
POS,0.21,-0.30,0.28,72
POS,0.21,-0.31,0.28,71
POS,0.22,-0.32,0.27,69
POS,0.19,-0.30,0.26,72
POS,0.19,-0.29,0.28,70
POS,0.20,-0.30,0.26,69
POS,0.18,-0.28,0.25,67
POS,0.18,-0.30,0.25,73
POS,0.19,-0.28,0.25,65
POS,0.17,-0.27,0.27,76
POS,0.19,-0.26,0.27,66
POS,0.17,-0.26,0.27,72
POS,0.17,-0.25,0.29,71
POS,0.16,-0.23,0.29,73
POS,0.19,-0.25,0.29,67
POS,0.18,-0.26,0.28,70
POS,0.18,-0.25,0.27,66
POS,0.16,-0.23,0.27,73
POS,0.18,-0.25,0.27,67
POS,0.19,-0.24,0.28,66
POS,0.19,-0.24,0.28,68
POS,0.20,-0.25,0.29,70
POS,0.19,-0.26,0.27,65
POS,0.19,-0.28,0.27,76
POS,0.17,-0.28,0.26,71
POS,0.16,-0.27,0.27,72
POS,0.16,-0.27,0.27,73
POS,0.16,-0.26,0.27,69
POS,0.17,-0.27,0.26,68
POS,0.18,-0.28,0.26,69
POS,0.17,-0.27,0.27,70
POS,0.19,-0.28,0.27,70
POS,0.21,-0.30,0.26,69
POS,0.19,-0.29,0.27,75
POS,0.18,-0.28,0.28,72
POS,0.19,-0.29,0.28,73
POS,0.21,-0.29,0.29,69
POS,0.19,-0.29,0.27,69
POS,0.19,-0.28,0.27,71
POS,0.19,-0.27,0.28,68
POS,0.19,-0.28,0.28,72
POS,0.20,-0.30,0.28,72
POS,0.18,-0.29,0.28,75
POS,0.20,-0.30,0.28,69
POS,0.19,-0.29,0.29,74
POS,0.17,-0.29,0.29,77
POS,0.19,-0.31,0.28,70
POS,0.18,-0.29,0.27,68
POS,0.17,-0.28,0.28,73
POS,0.16,-0.26,0.29,77
POS,0.14,-0.25,0.29,76
POS,0.15,-0.25,0.29,69
POS,0.14,-0.25,0.29,73
POS,0.14,-0.27,0.28,76
POS,0.14,-0.27,0.27,68
POS,0.14,-0.26,0.26,66
POS,0.16,-0.28,0.25,69
POS,0.17,-0.27,0.26,68
POS,0.17,-0.27,0.27,75
POS,0.18,-0.28,0.26,69
POS,0.17,-0.29,0.25,69
POS,0.18,-0.29,0.26,68
POS,0.19,-0.30,0.26,73
POS,0.19,-0.28,0.27,67
POS,0.18,-0.28,0.27,70
POS,0.17,-0.27,0.27,71
POS,0.18,-0.27,0.28,71
POS,0.20,-0.28,0.27,66
POS,0.18,-0.28,0.27,72
POS,0.18,-0.29,0.16,95
POS,0.17,-0.28,0.19,73
POS,0.19,-0.27,0.21,62
POS,0.21,-0.29,0.23,69
POS,0.19,-0.30,0.21,71
POS,0.17,-0.29,0.22,72
POS,0.17,-0.29,0.23,70
POS,0.17,-0.30,0.23,70
POS,0.19,-0.29,0.24,68
POS,0.19,-0.29,0.25,69
POS,0.18,-0.29,0.25,69
POS,0.17,-0.29,0.25,72
POS,0.21,-0.28,0.26,60
POS,0.24,-0.28,0.26,58
POS,0.23,-0.30,0.25,70
POS,0.22,-0.28,0.25,67
POS,0.21,-0.28,0.25,69
POS,0.21,-0.28,0.26,67
POS,0.20,-0.29,0.24,68
POS,0.19,-0.30,0.23,68
POS,0.21,-0.29,0.24,62
POS,0.21,-0.29,0.24,67
POS,0.24,-0.28,0.26,59
POS,0.26,-0.30,0.25,63
POS,0.24,-0.30,0.25,71
POS,0.23,-0.29,0.27,69
POS,0.23,-0.29,0.27,69
POS,0.22,-0.29,0.28,71
POS,0.22,-0.28,0.28,69
POS,0.19,-0.28,0.28,76
POS,0.23,-0.28,0.28,58
POS,0.23,-0.28,0.29,70
POS,0.21,-0.28,0.29,72
POS,0.19,-0.28,0.27,69
POS,0.18,-0.27,0.27,73
POS,0.18,-0.28,0.28,75
POS,0.17,-0.25,0.28,68
POS,0.17,-0.28,0.28,75
POS,0.19,-0.26,0.28,64
POS,0.18,-0.28,0.27,72
POS,0.17,-0.27,0.27,71
POS,0.18,-0.27,0.28,69
POS,0.17,-0.26,0.27,70
POS,0.18,-0.27,0.27,71
POS,0.18,-0.26,0.27,66
POS,0.17,-0.28,0.26,72
POS,0.17,-0.28,0.28,77
POS,0.16,-0.29,0.28,78
POS,0.14,-0.28,0.28,74
POS,0.14,-0.28,0.28,74
POS,0.15,-0.30,0.16,96
POS,0.14,-0.27,0.21,76
POS,0.14,-0.27,0.23,76
POS,0.17,-0.27,0.25,66
POS,0.16,-0.14,0.27,77
POS,0.17,-0.17,0.27,69
POS,0.17,-0.21,0.26,73
POS,0.20,-0.25,0.27,72
POS,0.17,-0.24,0.28,76
POS,0.15,-0.24,0.27,73
POS,0.15,-0.26,0.26,74
POS,0.13,-0.25,0.26,74
POS,0.16,-0.27,0.27,70
POS,0.17,-0.28,0.28,71
POS,0.17,-0.29,0.27,73
POS,0.18,-0.27,0.28,70
POS,0.17,-0.26,0.28,72
POS,0.17,-0.27,0.27,66
POS,0.16,-0.26,0.27,68
POS,0.17,-0.28,0.25,73
POS,0.17,-0.26,0.27,72
POS,0.15,-0.25,0.26,71
POS,0.17,-0.28,0.27,71
POS,0.19,-0.28,0.28,69
POS,0.19,-0.29,0.26,70
POS,0.21,-0.30,0.26,69
POS,0.19,-0.30,0.25,70
POS,0.17,-0.30,0.25,73
POS,0.17,-0.30,0.25,71
POS,0.18,-0.28,0.27,72
POS,0.16,-0.28,0.26,68
POS,0.18,-0.28,0.26,67
POS,0.18,-0.27,0.26,66
POS,0.19,-0.26,0.26,60
POS,0.20,-0.28,0.26,72
POS,0.21,-0.30,0.26,70
POS,0.22,-0.30,0.26,65
POS,0.23,-0.29,0.26,64
POS,0.23,-0.30,0.25,66
POS,0.23,-0.31,0.24,68
POS,0.23,-0.30,0.26,71
POS,0.21,-0.30,0.26,72
POS,0.31,-0.22,0.22,75
POS,0.28,-0.24,0.23,71
POS,0.26,-0.26,0.24,70
POS,0.23,-0.28,0.23,75
POS,0.23,-0.28,0.23,66
POS,0.25,-0.28,0.23,54
POS,0.30,-0.27,0.24,49
POS,0.27,-0.29,0.24,71
POS,0.25,-0.28,0.27,75
POS,0.25,-0.30,0.25,69
POS,0.24,-0.31,0.25,69
POS,0.23,-0.31,0.25,70
POS,0.22,-0.29,0.26,69
POS,0.25,-0.30,0.26,64
POS,0.27,-0.30,0.26,60
POS,0.28,-0.30,0.27,65
POS,0.27,-0.30,0.26,67
POS,0.26,-0.30,0.27,68
POS,0.23,-0.30,0.27,76
POS,0.22,-0.29,0.29,73
POS,0.22,-0.30,0.28,68
POS,0.21,-0.29,0.27,69
POS,0.23,-0.31,0.28,70
POS,0.21,-0.31,0.26,73
POS,0.19,-0.30,0.27,73
POS,0.20,-0.31,0.25,68
POS,0.23,-0.31,0.27,71
POS,0.25,-0.31,0.28,62
POS,0.25,-0.30,0.26,60
POS,0.26,-0.29,0.27,61
POS,0.27,-0.28,0.27,61
POS,0.25,-0.28,0.28,70
POS,0.26,-0.28,0.28,63
POS,0.27,-0.28,0.28,65
POS,0.24,-0.30,0.28,75
POS,0.25,-0.31,0.26,67
POS,0.22,-0.31,0.25,70
POS,0.23,-0.31,0.25,68
POS,0.21,-0.31,0.24,71
POS,0.21,-0.30,0.26,70
POS,0.21,-0.30,0.27,70
POS,0.20,-0.30,0.27,74
POS,0.19,-0.29,0.27,69
POS,0.19,-0.29,0.27,69
POS,0.20,-0.29,0.28,72
POS,0.20,-0.29,0.28,68
POS,0.20,-0.29,0.28,71
POS,0.21,-0.31,0.29,74
POS,0.22,-0.30,0.30,69
POS,0.21,-0.29,0.30,74
POS,0.21,-0.29,0.29,69
POS,0.22,-0.28,0.31,70
POS,0.23,-0.28,0.30,64
POS,0.22,-0.29,0.28,72
POS,0.22,-0.29,0.30,73
POS,0.21,-0.28,0.30,70
POS,0.19,-0.26,0.30,75
POS,0.19,-0.26,0.30,73
POS,0.20,-0.26,0.29,64
POS,0.17,-0.26,0.29,74
POS,0.16,-0.24,0.28,71
POS,0.18,-0.26,0.28,66
POS,0.18,-0.27,0.26,68
POS,0.19,-0.28,0.27,70
POS,0.18,-0.27,0.27,70
POS,0.19,-0.28,0.27,70
POS,0.20,-0.30,0.28,73
POS,0.18,-0.28,0.28,72
POS,0.17,-0.27,0.26,67
POS,0.17,-0.26,0.27,70
POS,0.18,-0.26,0.27,67
POS,0.17,-0.25,0.27,70
POS,0.18,-0.27,0.27,72
POS,0.17,-0.27,0.26,66
POS,0.16,-0.27,0.26,72
POS,0.17,-0.28,0.25,70
POS,0.17,-0.27,0.26,70
POS,0.16,-0.27,0.26,72
POS,0.17,-0.26,0.27,68
POS,0.15,-0.26,0.27,76
POS,0.15,-0.26,0.28,72
POS,0.17,-0.27,0.26,66
POS,0.16,-0.27,0.26,72
POS,0.17,-0.26,0.27,65
POS,0.16,-0.25,0.26,70
POS,0.19,-0.26,0.27,66
POS,0.17,-0.26,0.27,73
POS,0.18,-0.27,0.28,72
POS,0.22,-0.28,0.30,69
POS,0.21,-0.26,0.31,72
POS,0.21,-0.27,0.30,68
POS,0.23,-0.28,0.29,63
POS,0.24,-0.30,0.27,68
POS,0.22,-0.30,0.27,74
POS,0.21,-0.30,0.26,69
POS,0.23,-0.30,0.27,67
POS,0.22,-0.32,0.25,71
POS,0.22,-0.30,0.27,69
POS,0.21,-0.29,0.27,69
POS,0.21,-0.29,0.27,70
POS,0.22,-0.30,0.28,68
POS,0.23,-0.30,0.27,65
POS,0.22,-0.30,0.27,73
POS,0.23,-0.31,0.27,68
POS,0.23,-0.29,0.28,65
POS,0.23,-0.29,0.27,67
POS,0.21,-0.30,0.26,73
POS,0.20,-0.29,0.28,73
POS,0.19,-0.28,0.27,70
POS,0.18,-0.27,0.26,63
POS,0.19,-0.29,0.26,69
POS,0.19,-0.27,0.26,66
POS,0.20,-0.29,0.26,69
POS,0.19,-0.29,0.26,73
POS,0.18,-0.27,0.25,64
POS,0.19,-0.28,0.26,69
POS,0.20,-0.30,0.26,71
POS,0.19,-0.30,0.26,73
POS,0.17,-0.29,0.25,66
POS,0.17,-0.29,0.26,73
POS,0.17,-0.29,0.26,75
POS,0.16,-0.29,0.25,67
POS,0.16,-0.30,0.24,73
POS,0.17,-0.29,0.25,66
POS,0.17,-0.28,0.25,70
POS,0.18,-0.27,0.27,69
POS,0.20,-0.28,0.27,70
POS,0.20,-0.30,0.27,71
POS,0.20,-0.29,0.28,73
POS,0.18,-0.28,0.29,75
POS,0.18,-0.28,0.28,69
POS,0.18,-0.29,0.28,75
POS,0.17,-0.29,0.29,75
POS,0.19,-0.28,0.29,64
POS,0.20,-0.28,0.29,70
POS,0.20,-0.28,0.29,71
POS,0.20,-0.29,0.28,70
POS,0.17,-0.27,0.28,74
POS,0.18,-0.26,0.28,62
POS,0.18,-0.26,0.28,72
POS,0.20,-0.28,0.28,67
POS,0.20,-0.27,0.28,69
POS,0.20,-0.27,0.28,69
POS,0.20,-0.27,0.28,70
POS,0.18,-0.26,0.26,63
POS,0.17,-0.26,0.26,70
POS,0.18,-0.26,0.27,72
POS,0.21,-0.27,0.28,64
POS,0.21,-0.29,0.26,69
POS,0.22,-0.28,0.28,70
POS,0.22,-0.28,0.28,69
POS,0.20,-0.28,0.27,71
POS,0.19,-0.30,0.27,77
POS,0.17,-0.29,0.26,73
POS,0.16,-0.29,0.27,72
POS,0.15,-0.28,0.26,71
POS,0.16,-0.28,0.26,71
POS,0.15,-0.29,0.26,74
POS,0.15,-0.30,0.25,71
POS,0.19,-0.28,0.27,63
POS,0.18,-0.28,0.26,70
POS,0.19,-0.29,0.26,70
POS,0.17,-0.29,0.24,68
POS,0.18,-0.30,0.24,70
POS,0.17,-0.26,0.25,67
POS,0.18,-0.28,0.24,69
POS,0.19,-0.27,0.25,63
POS,0.19,-0.28,0.25,70
POS,0.18,-0.27,0.25,69
POS,0.21,-0.28,0.27,69
POS,0.20,-0.29,0.26,68
POS,0.19,-0.29,0.25,71
POS,0.19,-0.30,0.25,73
POS,0.19,-0.31,0.25,72
POS,0.19,-0.31,0.25,71
POS,0.19,-0.32,0.25,74
POS,0.19,-0.33,0.24,70
POS,0.18,-0.31,0.25,74
POS,0.19,-0.31,0.26,68
POS,0.18,-0.30,0.26,71
POS,0.18,-0.29,0.26,71
POS,0.19,-0.30,0.26,68
POS,0.19,-0.31,0.26,75
POS,0.19,-0.29,0.28,72
POS,0.18,-0.28,0.26,64
POS,0.19,-0.29,0.27,69
POS,0.18,-0.28,0.26,71
POS,0.18,-0.29,0.26,72
POS,0.19,-0.30,0.26,68
POS,0.19,-0.29,0.27,75
POS,0.18,-0.28,0.27,68
POS,0.18,-0.28,0.25,61
POS,0.17,-0.28,0.26,74
POS,0.18,-0.28,0.27,69
POS,0.18,-0.29,0.27,74
POS,0.17,-0.29,0.27,71
POS,0.17,-0.26,0.28,72
POS,0.16,-0.28,0.26,71
POS,0.17,-0.28,0.27,70
POS,0.18,-0.30,0.27,73
POS,0.16,-0.30,0.25,69
POS,0.16,-0.27,0.26,69
POS,0.18,-0.29,0.26,70
POS,0.19,-0.30,0.26,70
POS,0.18,-0.28,0.27,73
POS,0.18,-0.28,0.27,71
POS,0.19,-0.29,0.27,71
POS,0.20,-0.30,0.28,71
POS,0.22,-0.31,0.28,70
POS,0.23,-0.30,0.29,67
POS,0.22,-0.29,0.29,70
POS,0.22,-0.30,0.28,70
POS,0.22,-0.31,0.27,68
POS,0.20,-0.30,0.26,70
POS,0.20,-0.29,0.27,69
POS,0.19,-0.28,0.27,71
POS,0.18,-0.28,0.26,71
POS,0.17,-0.28,0.26,69
POS,0.20,-0.28,0.27,67
POS,0.21,-0.27,0.27,62
POS,0.21,-0.28,0.28,72
POS,0.22,-0.28,0.29,68
POS,0.20,-0.29,0.28,73
POS,0.19,-0.30,0.27,73
POS,0.18,-0.30,0.24,65
POS,0.19,-0.29,0.25,70
POS,0.20,-0.29,0.26,70
POS,0.18,-0.28,0.26,71
POS,0.18,-0.30,0.26,73
POS,0.18,-0.29,0.27,69
POS,0.18,-0.29,0.26,71
POS,0.20,-0.29,0.26,64
POS,0.21,-0.29,0.27,68
POS,0.23,-0.29,0.27,65
POS,0.23,-0.28,0.28,69
POS,0.23,-0.29,0.28,68
POS,0.26,-0.30,0.29,67
POS,0.26,-0.29,0.29,65
POS,0.23,-0.30,0.27,70
POS,0.24,-0.31,0.26,66
POS,0.23,-0.28,0.28,71
POS,0.24,-0.28,0.29,65
POS,0.24,-0.28,0.29,68
POS,0.23,-0.28,0.28,70
POS,0.23,-0.28,0.30,72
POS,0.21,-0.27,0.30,73
POS,0.23,-0.27,0.31,67
POS,0.23,-0.29,0.30,72
POS,0.23,-0.30,0.28,65
POS,0.22,-0.29,0.28,69

POS,0.21,-0.30,0.26,70
POS,0.22,-0.29,0.28,67
POS,0.21,-0.27,0.28,67
POS,0.21,-0.25,0.28,66
POS,0.22,-0.28,0.27,68
POS,0.20,-0.29,0.25,70
POS,0.19,-0.28,0.25,63
POS,0.21,-0.28,0.26,69
POS,0.22,-0.28,0.27,66
POS,0.23,-0.30,0.27,70
POS,0.23,-0.29,0.27,68
POS,0.23,-0.30,0.27,69
POS,0.22,-0.29,0.29,73
POS,0.21,-0.28,0.29,73
POS,0.23,-0.29,0.29,64
POS,0.23,-0.29,0.30,72
POS,0.23,-0.31,0.28,70
POS,0.22,-0.30,0.28,72
POS,0.22,-0.30,0.28,68
POS,0.22,-0.29,0.28,67
POS,0.24,-0.30,0.29,69
POS,0.25,-0.30,0.29,68
POS,0.22,-0.30,0.28,72
POS,0.22,-0.30,0.28,67
POS,0.21,-0.29,0.27,67
POS,0.20,-0.29,0.27,71
POS,0.20,-0.28,0.27,69
POS,0.18,-0.27,0.26,67
POS,0.19,-0.27,0.26,70
POS,0.18,-0.27,0.15,92
POS,0.16,-0.28,0.17,74
POS,0.15,-0.27,0.19,69
POS,0.18,-0.27,0.22,64
POS,0.20,-0.27,0.24,68
POS,0.19,-0.27,0.25,70
POS,0.20,-0.27,0.26,69
POS,0.23,-0.29,0.26,65
POS,0.23,-0.29,0.27,69
POS,0.24,-0.29,0.27,63
POS,0.25,-0.30,0.27,69
POS,0.25,-0.30,0.28,67
POS,0.24,-0.30,0.28,70
POS,0.24,-0.30,0.29,72
POS,0.23,-0.31,0.28,70
POS,0.24,-0.31,0.29,73
POS,0.24,-0.30,0.30,65
POS,0.24,-0.29,0.30,69
POS,0.25,-0.28,0.31,67
POS,0.23,-0.26,0.31,69
POS,0.21,-0.26,0.30,71
POS,0.22,-0.27,0.30,68
POS,0.24,-0.29,0.28,62
POS,0.24,-0.28,0.29,68
POS,0.22,-0.29,0.28,73
POS,0.23,-0.28,0.28,62
POS,0.23,-0.27,0.29,65
POS,0.22,-0.26,0.28,69
POS,0.20,-0.26,0.29,74
POS,0.20,-0.26,0.28,68
POS,0.22,-0.29,0.26,66
POS,0.21,-0.28,0.27,70
POS,0.20,-0.28,0.27,71
POS,0.19,-0.26,0.27,71
POS,0.19,-0.27,0.26,66
POS,0.20,-0.28,0.27,68
POS,0.21,-0.29,0.26,68
POS,0.23,-0.28,0.28,68
POS,0.23,-0.27,0.29,68
POS,0.23,-0.28,0.28,67
POS,0.22,-0.28,0.28,69
POS,0.22,-0.29,0.27,70
POS,0.24,-0.29,0.27,61
POS,0.23,-0.29,0.26,64
POS,0.21,-0.28,0.27,74
POS,0.21,-0.26,0.28,68
POS,0.18,-0.27,0.27,72
POS,0.18,-0.26,0.25,61
POS,0.17,-0.27,0.25,72
POS,0.18,-0.26,0.26,69
POS,0.19,-0.27,0.27,68
POS,0.20,-0.27,0.28,67
POS,0.22,-0.27,0.29,66
POS,0.22,-0.27,0.28,69
POS,0.23,-0.27,0.28,65
POS,0.23,-0.28,0.28,68
POS,0.23,-0.29,0.29,72
POS,0.22,-0.28,0.29,70
POS,0.22,-0.30,0.29,73
POS,0.20,-0.30,0.29,76
POS,0.24,-0.31,0.30,70
POS,0.23,-0.29,0.30,68
POS,0.24,-0.30,0.30,68
POS,0.25,-0.29,0.29,64
POS,0.24,-0.28,0.30,68
POS,0.24,-0.28,0.29,68
POS,0.21,-0.26,0.29,72
POS,0.23,-0.26,0.30,66
POS,0.22,-0.28,0.29,70
POS,0.22,-0.29,0.27,67
POS,0.23,-0.30,0.28,71
POS,0.21,-0.29,0.27,69
POS,0.21,-0.29,0.28,73
POS,0.21,-0.28,0.28,67
POS,0.21,-0.29,0.28,70
POS,0.20,-0.29,0.27,69
POS,0.21,-0.29,0.28,69
POS,0.21,-0.28,0.28,68
POS,0.20,-0.28,0.28,70
POS,0.20,-0.28,0.28,71
POS,0.19,-0.29,0.27,72
POS,0.21,-0.30,0.27,69
POS,0.21,-0.29,0.27,67
POS,0.21,-0.28,0.28,69
POS,0.21,-0.28,0.28,70
POS,0.20,-0.28,0.29,73
POS,0.20,-0.27,0.29,69
POS,0.19,-0.28,0.28,70
POS,0.18,-0.27,0.27,71
POS,0.19,-0.28,0.28,72
POS,0.18,-0.27,0.29,72
POS,0.16,-0.26,0.29,77
POS,0.19,-0.27,0.30,69
POS,0.16,-0.26,0.29,75
POS,0.14,-0.26,0.27,68
POS,0.16,-0.27,0.27,69
POS,0.17,-0.26,0.28,69
POS,0.16,-0.24,0.28,72
POS,0.18,-0.26,0.28,70
POS,0.18,-0.26,0.27,66
POS,0.17,-0.27,0.27,73
POS,0.15,-0.24,0.28,76
POS,0.17,-0.25,0.28,67
POS,0.16,-0.24,0.28,73
POS,0.17,-0.25,0.27,70
POS,0.16,-0.26,0.27,72
POS,0.17,-0.24,0.28,68
POS,0.17,-0.26,0.25,66
POS,0.16,-0.25,0.26,69
POS,0.16,-0.26,0.26,69
POS,0.19,-0.27,0.27,69
POS,0.18,-0.27,0.26,66
POS,0.18,-0.27,0.26,70
POS,0.20,-0.28,0.26,65
POS,0.22,-0.30,0.26,68
POS,0.24,-0.29,0.28,66
POS,0.23,-0.30,0.27,71
POS,0.23,-0.30,0.27,69
POS,0.23,-0.30,0.27,69
POS,0.23,-0.29,0.28,67
POS,0.20,-0.28,0.27,70
POS,0.19,-0.27,0.26,65
POS,0.19,-0.27,0.26,70
POS,0.19,-0.27,0.27,71
POS,0.18,-0.26,0.27,69
POS,0.18,-0.28,0.28,75
POS,0.19,-0.28,0.27,69
POS,0.20,-0.29,0.27,70
POS,0.21,-0.29,0.28,70
POS,0.21,-0.30,0.28,73
POS,0.20,-0.30,0.28,73
POS,0.21,-0.30,0.28,68
POS,0.21,-0.29,0.28,69
POS,0.23,-0.30,0.28,65
POS,0.24,-0.30,0.28,67
POS,0.23,-0.30,0.27,69
POS,0.22,-0.29,0.28,70
POS,0.21,-0.28,0.27,69
POS,0.20,-0.27,0.28,72
POS,0.20,-0.28,0.28,73
POS,0.20,-0.26,0.30,69
POS,0.20,-0.27,0.29,71
POS,0.21,-0.29,0.25,65
POS,0.21,-0.29,0.26,68
POS,0.22,-0.28,0.26,66
POS,0.20,-0.28,0.27,74
POS,0.21,-0.29,0.26,69
POS,0.21,-0.29,0.28,71
POS,0.22,-0.29,0.29,70
POS,0.23,-0.30,0.29,69
POS,0.24,-0.30,0.29,67
POS,0.25,-0.30,0.28,64
POS,0.24,-0.30,0.28,70
POS,0.23,-0.30,0.29,74
POS,0.24,-0.29,0.30,68
POS,0.24,-0.31,0.29,72
POS,0.25,-0.31,0.30,69
POS,0.25,-0.32,0.30,72
POS,0.23,-0.31,0.29,71
POS,0.23,-0.30,0.30,68
POS,0.21,-0.29,0.29,72
POS,0.21,-0.28,0.30,68
POS,0.21,-0.29,0.28,69
POS,0.21,-0.30,0.27,71
POS,0.21,-0.31,0.26,71
POS,0.19,-0.30,0.27,73
POS,0.18,-0.28,0.27,69
POS,0.19,-0.29,0.28,76
POS,0.19,-0.30,0.29,73
POS,0.19,-0.30,0.29,72
POS,0.21,-0.30,0.30,70
POS,0.21,-0.31,0.29,72
POS,0.21,-0.32,0.28,70
POS,0.23,-0.32,0.29,68
POS,0.23,-0.31,0.29,67
POS,0.25,-0.31,0.29,68
POS,0.26,-0.31,0.30,67
POS,0.24,-0.30,0.30,72
POS,0.23,-0.28,0.32,73
POS,0.21,-0.28,0.32,77
POS,0.23,-0.29,0.33,72
POS,0.23,-0.30,0.32,69
POS,0.23,-0.30,0.31,68
POS,0.23,-0.31,0.28,69
POS,0.21,-0.30,0.28,74
POS,0.19,-0.29,0.29,74
POS,0.19,-0.26,0.29,68
POS,0.19,-0.27,0.28,70
POS,0.19,-0.27,0.28,70
POS,0.18,-0.28,0.27,71
POS,0.18,-0.28,0.26,69
POS,0.20,-0.29,0.26,67
POS,0.20,-0.29,0.26,70
POS,0.18,-0.29,0.26,71
POS,0.21,-0.31,0.25,65
POS,0.23,-0.32,0.26,68
POS,0.25,-0.32,0.27,69
POS,0.23,-0.31,0.28,73
POS,0.23,-0.31,0.28,71
POS,0.24,-0.30,0.28,64
POS,0.24,-0.30,0.29,70
POS,0.22,-0.29,0.29,74
POS,0.24,-0.30,0.29,66
POS,0.24,-0.30,0.30,71
POS,0.21,-0.30,0.28,68
POS,0.25,-0.30,0.27,60
POS,0.25,-0.29,0.28,69
POS,0.26,-0.29,0.29,63
POS,0.24,-0.29,0.29,73
POS,0.23,-0.30,0.28,71
POS,0.23,-0.29,0.28,69
POS,0.25,-0.29,0.28,60
POS,0.24,-0.29,0.28,70
POS,0.25,-0.30,0.27,62
POS,0.25,-0.29,0.27,64
POS,0.25,-0.30,0.26,67
POS,0.22,-0.30,0.24,69
POS,0.21,-0.29,0.25,72
POS,0.21,-0.28,0.26,62
POS,0.20,-0.28,0.25,70
POS,0.21,-0.29,0.28,73
POS,0.21,-0.29,0.27,71
POS,0.21,-0.29,0.28,69
POS,0.20,-0.28,0.28,69
POS,0.19,-0.28,0.27,68
POS,0.21,-0.28,0.28,69
POS,0.20,-0.29,0.28,73
POS,0.20,-0.29,0.27,70
POS,0.21,-0.30,0.27,70
POS,0.21,-0.29,0.27,64
POS,0.22,-0.29,0.27,65
POS,0.21,-0.30,0.27,73
POS,0.20,-0.31,0.26,73
POS,0.23,-0.32,0.27,69
POS,0.22,-0.31,0.27,68
POS,0.23,-0.31,0.28,70
POS,0.23,-0.31,0.27,68
POS,0.22,-0.30,0.26,69
POS,0.22,-0.31,0.27,71
POS,0.22,-0.32,0.27,71
POS,0.21,-0.31,0.27,72
POS,0.20,-0.32,0.26,74
POS,0.19,-0.31,0.27,72
POS,0.19,-0.29,0.26,65
POS,0.21,-0.30,0.27,70
POS,0.21,-0.31,0.28,73
POS,0.21,-0.30,0.27,69
POS,0.19,-0.28,0.28,74
POS,0.19,-0.27,0.28,67
POS,0.16,-0.26,0.28,75
POS,0.17,-0.27,0.28,73
POS,0.19,-0.27,0.29,70
POS,0.18,-0.27,0.29,73
POS,0.18,-0.29,0.28,75
POS,0.19,-0.31,0.28,73
POS,0.19,-0.30,0.27,70
POS,0.18,-0.29,0.26,65
POS,0.20,-0.29,0.27,66
POS,0.18,-0.27,0.26,66
POS,0.20,-0.29,0.26,70
POS,0.19,-0.27,0.27,71
POS,0.17,-0.28,0.27,76
POS,0.14,-0.26,0.27,77
POS,0.16,-0.27,0.28,72
POS,0.18,-0.27,0.28,66
POS,0.17,-0.26,0.28,73
POS,0.18,-0.27,0.29,73
POS,0.22,-0.29,0.29,65
POS,0.23,-0.30,0.29,71
POS,0.21,-0.30,0.29,74
POS,0.20,-0.29,0.30,76
POS,0.20,-0.30,0.29,71
POS,0.20,-0.30,0.28,69
POS,0.18,-0.29,0.28,72
POS,0.16,-0.28,0.27,74
POS,0.17,-0.29,0.27,72
POS,0.16,-0.26,0.27,70
POS,0.16,-0.24,0.29,71
POS,0.15,-0.26,0.27,71
POS,0.18,-0.27,0.27,68
POS,0.18,-0.28,0.28,74
POS,0.18,-0.29,0.28,74
POS,0.17,-0.29,0.27,71
POS,0.17,-0.30,0.27,75
POS,0.19,-0.31,0.28,72
POS,0.17,-0.28,0.27,68
POS,0.16,-0.27,0.28,75
POS,0.18,-0.30,0.28,74
POS,0.18,-0.29,0.28,69
POS,0.20,-0.29,0.27,67
POS,0.18,-0.28,0.27,71
POS,0.17,-0.27,0.27,69
POS,0.20,-0.30,0.26,70
POS,0.19,-0.29,0.27,71
POS,0.18,-0.29,0.27,71
POS,0.18,-0.28,0.27,70
POS,0.18,-0.28,0.27,73
POS,0.19,-0.29,0.28,71
POS,0.20,-0.30,0.27,70
POS,0.21,-0.30,0.29,71
POS,0.21,-0.29,0.29,69
POS,0.20,-0.29,0.29,72
POS,0.21,-0.30,0.29,71
POS,0.21,-0.31,0.29,73
POS,0.20,-0.30,0.30,74
POS,0.21,-0.30,0.30,73
POS,0.20,-0.29,0.30,71
POS,0.21,-0.30,0.30,72
POS,0.20,-0.31,0.28,72
POS,0.21,-0.31,0.28,68
POS,0.22,-0.31,0.29,71
POS,0.22,-0.29,0.29,69
POS,0.22,-0.30,0.29,70
POS,0.22,-0.29,0.29,70
POS,0.21,-0.30,0.29,72
POS,0.20,-0.28,0.30,74
POS,0.18,-0.27,0.29,70
POS,0.17,-0.27,0.28,72
POS,0.16,-0.27,0.27,69
POS,0.16,-0.26,0.27,70
POS,0.16,-0.27,0.28,74
POS,0.18,-0.28,0.28,70
POS,0.18,-0.26,0.28,70
POS,0.18,-0.27,0.29,74
POS,0.16,-0.28,0.27,74
POS,0.15,-0.28,0.26,69
POS,0.17,-0.30,0.26,71
POS,0.20,-0.29,0.27,62
POS,0.20,-0.30,0.28,75
POS,0.20,-0.30,0.29,73
POS,0.20,-0.29,0.29,72
POS,0.19,-0.28,0.28,70
POS,0.17,-0.28,0.27,68
POS,0.17,-0.29,0.25,67
POS,0.18,-0.29,0.25,70
POS,0.17,-0.28,0.26,73
POS,0.17,-0.26,0.28,69
POS,0.19,-0.28,0.27,69
POS,0.18,-0.30,0.26,75
POS,0.19,-0.30,0.27,71
POS,0.19,-0.31,0.28,76
POS,0.18,-0.30,0.28,72
POS,0.18,-0.30,0.29,74
POS,0.17,-0.28,0.29,73
POS,0.19,-0.29,0.30,73
POS,0.19,-0.29,0.28,67
POS,0.21,-0.32,0.27,72
POS,0.18,-0.27,0.25,89
POS,0.18,-0.26,0.26,70
POS,0.19,-0.28,0.26,69
POS,0.16,-0.26,0.25,74
POS,0.17,-0.26,0.27,71
POS,0.17,-0.25,0.26,64
POS,0.16,-0.25,0.26,68
POS,0.16,-0.26,0.26,72
POS,0.17,-0.27,0.28,75
POS,0.17,-0.27,0.27,71
POS,0.17,-0.27,0.27,72
POS,0.15,-0.28,0.27,75
POS,0.16,-0.28,0.28,75
POS,0.15,-0.26,0.27,68
POS,0.16,-0.27,0.28,71
POS,0.15,-0.27,0.27,73
POS,0.16,-0.28,0.28,75
POS,0.16,-0.29,0.28,76
POS,0.17,-0.28,0.28,69
POS,0.17,-0.28,0.27,68
POS,0.20,-0.27,0.28,65
POS,0.17,-0.26,0.28,73
POS,0.19,-0.27,0.28,68
POS,0.20,-0.28,0.27,66
POS,0.21,-0.28,0.27,67
POS,0.18,-0.26,0.24,92
POS,0.20,-0.28,0.25,69
POS,0.19,-0.27,0.25,71
POS,0.20,-0.28,0.26,70
POS,0.19,-0.28,0.27,70
POS,0.18,-0.28,0.27,74
POS,0.16,-0.27,0.26,72
POS,0.17,-0.28,0.27,71
POS,0.18,-0.30,0.26,72
POS,0.18,-0.30,0.27,75
POS,0.17,-0.31,0.26,72
POS,0.18,-0.30,0.27,69
POS,0.19,-0.30,0.26,68
POS,0.18,-0.29,0.25,67
POS,0.18,-0.28,0.26,68
POS,0.20,-0.29,0.27,70
POS,0.18,-0.28,0.26,68
POS,0.18,-0.28,0.26,71
POS,0.16,-0.28,0.27,78
POS,0.15,-0.28,0.27,74
POS,0.19,-0.28,0.27,62
POS,0.20,-0.28,0.27,67
POS,0.19,-0.29,0.27,74
POS,0.19,-0.28,0.27,70
POS,0.19,-0.29,0.28,73
POS,0.23,-0.29,0.28,63
POS,0.21,-0.28,0.28,72
POS,0.22,-0.29,0.28,68
POS,0.22,-0.30,0.27,70
POS,0.22,-0.30,0.28,72
POS,0.21,-0.30,0.27,72
POS,0.19,-0.30,0.27,74
POS,0.20,-0.29,0.29,72
POS,0.19,-0.29,0.28,71
POS,0.18,-0.29,0.29,76
POS,0.18,-0.30,0.29,75
POS,0.17,-0.28,0.30,76
POS,0.18,-0.28,0.29,67
POS,0.19,-0.30,0.28,71
POS,0.19,-0.30,0.28,71
POS,0.18,-0.29,0.29,74
POS,0.17,-0.28,0.29,75
POS,0.16,-0.29,0.28,73
POS,0.17,-0.28,0.27,67
POS,0.17,-0.28,0.26,70
POS,0.17,-0.27,0.29,75
POS,0.17,-0.26,0.28,64
POS,0.19,-0.27,0.29,69
POS,0.16,-0.27,0.28,75
POS,0.18,-0.29,0.27,69
POS,0.18,-0.28,0.27,73
POS,0.18,-0.26,0.28,69
POS,0.17,-0.25,0.29,74
POS,0.17,-0.26,0.29,74
POS,0.18,-0.26,0.31,72
POS,0.17,-0.23,0.30,67
POS,0.19,-0.25,0.30,67
POS,0.19,-0.26,0.30,73
POS,0.18,-0.28,0.27,73
POS,0.17,-0.28,0.27,72
POS,0.18,-0.28,0.26,67
POS,0.19,-0.29,0.27,71
POS,0.21,-0.29,0.28,69
POS,0.22,-0.28,0.29,67
POS,0.21,-0.29,0.29,71
POS,0.21,-0.29,0.28,71
POS,0.21,-0.29,0.28,67
POS,0.22,-0.30,0.28,73
POS,0.22,-0.30,0.28,70
POS,0.22,-0.30,0.29,70
POS,0.20,-0.32,0.17,97
POS,0.21,-0.31,0.22,71
POS,0.21,-0.31,0.24,71
POS,0.22,-0.32,0.25,71
POS,0.23,-0.31,0.26,68
POS,0.21,-0.31,0.25,73
POS,0.20,-0.31,0.26,73
POS,0.21,-0.30,0.26,62
POS,0.22,-0.31,0.26,67
POS,0.24,-0.32,0.26,68
POS,0.24,-0.30,0.27,67
POS,0.24,-0.30,0.28,69
POS,0.20,-0.28,0.28,76
POS,0.22,-0.28,0.28,66
POS,0.23,-0.29,0.28,66
POS,0.26,-0.29,0.28,60
POS,0.24,-0.29,0.27,71
POS,0.25,-0.28,0.28,60
POS,0.25,-0.30,0.28,74
POS,0.23,-0.30,0.29,75
POS,0.24,-0.30,0.31,73
POS,0.23,-0.29,0.31,71
POS,0.22,-0.31,0.31,75
POS,0.21,-0.29,0.31,73
POS,0.21,-0.29,0.31,69
POS,0.22,-0.29,0.29,68
POS,0.22,-0.30,0.29,69
POS,0.24,-0.29,0.29,62
POS,0.25,-0.28,0.29,64
POS,0.25,-0.28,0.30,67
POS,0.26,-0.28,0.31,69
POS,0.26,-0.28,0.31,66
POS,0.24,-0.28,0.30,71
POS,0.24,-0.29,0.29,70
POS,0.24,-0.30,0.28,65
POS,0.23,-0.30,0.28,73
POS,0.21,-0.30,0.26,68
POS,0.20,-0.31,0.26,74
POS,0.20,-0.30,0.27,71
POS,0.20,-0.30,0.27,70
POS,0.20,-0.30,0.27,72
POS,0.18,-0.29,0.26,72
POS,0.18,-0.30,0.26,72
POS,0.16,-0.30,0.26,72
POS,0.17,-0.30,0.26,72
POS,0.18,-0.29,0.26,70
POS,0.19,-0.29,0.27,68
POS,0.20,-0.30,0.28,70
POS,0.20,-0.29,0.28,71
POS,0.20,-0.28,0.28,71
POS,0.18,-0.29,0.27,73
POS,0.18,-0.27,0.26,64
POS,0.18,-0.27,0.27,70
POS,0.19,-0.26,0.28,67
POS,0.19,-0.26,0.28,70
POS,0.18,-0.26,0.27,66
POS,0.18,-0.27,0.27,70
POS,0.18,-0.26,0.27,69
POS,0.16,-0.26,0.28,78
POS,0.17,-0.26,0.29,70
POS,0.16,-0.26,0.28,71

POS,0.16,-0.24,0.30,74
POS,0.17,-0.25,0.30,68
POS,0.16,-0.26,0.28,73
POS,0.17,-0.26,0.28,71
POS,0.18,-0.27,0.28,68
POS,0.19,-0.27,0.28,67
POS,0.21,-0.29,0.29,71
POS,0.21,-0.29,0.29,69
POS,0.18,-0.28,0.28,75
POS,0.18,-0.27,0.27,67
POS,0.22,-0.27,0.29,65
POS,0.21,-0.27,0.29,71
POS,0.20,-0.28,0.28,72
POS,0.16,-0.25,0.27,74
POS,0.16,-0.25,0.27,71
POS,0.15,-0.27,0.27,76
POS,0.15,-0.27,0.27,75
POS,0.17,-0.28,0.27,66
POS,0.17,-0.28,0.27,71
POS,0.16,-0.27,0.27,73
POS,0.14,-0.26,0.27,74
POS,0.16,-0.26,0.27,70
POS,0.15,-0.27,0.27,74
POS,0.16,-0.27,0.27,71
POS,0.16,-0.28,0.28,74
POS,0.15,-0.29,0.26,73
POS,0.17,-0.29,0.26,67
POS,0.20,-0.29,0.27,63
POS,0.19,-0.29,0.26,70
POS,0.17,-0.27,0.26,70
POS,0.16,-0.28,0.25,73
POS,0.17,-0.29,0.26,72
POS,0.21,-0.29,0.27,65
POS,0.21,-0.30,0.27,71
POS,0.21,-0.29,0.27,69
POS,0.20,-0.28,0.27,70
POS,0.20,-0.28,0.28,71
POS,0.20,-0.28,0.28,68
POS,0.21,-0.29,0.28,71
POS,0.20,-0.29,0.28,73
POS,0.19,-0.29,0.28,72
POS,0.21,-0.30,0.28,67
POS,0.23,-0.31,0.28,68
POS,0.24,-0.31,0.28,67
POS,0.24,-0.30,0.28,69
POS,0.21,-0.30,0.27,71
POS,0.21,-0.30,0.27,73
POS,0.22,-0.31,0.27,66
POS,0.21,-0.28,0.27,69
POS,0.20,-0.28,0.28,72
POS,0.21,-0.29,0.29,73
POS,0.24,-0.30,0.29,66
POS,0.23,-0.30,0.29,71
POS,0.21,-0.28,0.30,76
POS,0.21,-0.29,0.30,71
POS,0.22,-0.29,0.28,67
POS,0.21,-0.29,0.28,69
POS,0.21,-0.27,0.28,68
POS,0.22,-0.29,0.28,70
POS,0.22,-0.31,0.26,71
POS,0.23,-0.32,0.27,70
POS,0.22,-0.31,0.26,69
POS,0.21,-0.29,0.27,69
POS,0.20,-0.28,0.28,72
POS,0.22,-0.28,0.29,68
POS,0.22,-0.28,0.29,67
POS,0.20,-0.27,0.29,73
POS,0.21,-0.28,0.28,68
POS,0.21,-0.28,0.28,67
POS,0.21,-0.28,0.29,71
POS,0.21,-0.28,0.29,72
POS,0.22,-0.28,0.29,67
POS,0.21,-0.28,0.30,73
POS,0.20,-0.29,0.29,75
POS,0.18,-0.29,0.27,70
POS,0.17,-0.29,0.27,72
POS,0.19,-0.31,0.28,74
POS,0.19,-0.31,0.27,71
POS,0.20,-0.31,0.28,72
POS,0.18,-0.30,0.28,74
POS,0.18,-0.31,0.28,74
POS,0.18,-0.30,0.28,73
POS,0.17,-0.30,0.28,75
POS,0.15,-0.30,0.28,76
POS,0.19,-0.29,0.29,64
POS,0.20,-0.29,0.29,68
POS,0.20,-0.30,0.28,72
POS,0.20,-0.30,0.28,70
POS,0.19,-0.29,0.29,73
POS,0.21,-0.31,0.27,70
POS,0.21,-0.30,0.29,71
POS,0.22,-0.30,0.27,62
POS,0.21,-0.29,0.27,69
POS,0.21,-0.29,0.28,73
POS,0.22,-0.29,0.29,67
POS,0.20,-0.29,0.27,69
POS,0.20,-0.29,0.27,68
POS,0.23,-0.29,0.26,59
POS,0.26,-0.29,0.26,62
POS,0.25,-0.29,0.27,66
POS,0.25,-0.30,0.27,69
POS,0.24,-0.29,0.27,69
POS,0.22,-0.31,0.26,74
POS,0.21,-0.30,0.27,71
POS,0.23,-0.30,0.27,66
POS,0.21,-0.30,0.27,71
POS,0.22,-0.29,0.28,69
POS,0.21,-0.28,0.29,73
POS,0.22,-0.29,0.28,68
POS,0.23,-0.29,0.28,67
POS,0.23,-0.29,0.28,65
POS,0.23,-0.27,0.28,66
POS,0.22,-0.27,0.29,70
POS,0.21,-0.27,0.29,70
POS,0.22,-0.27,0.28,62
POS,0.20,-0.27,0.27,69
POS,0.21,-0.28,0.26,67
POS,0.20,-0.28,0.26,69
POS,0.20,-0.29,0.26,69
POS,0.22,-0.30,0.26,68
POS,0.20,-0.29,0.26,70
POS,0.20,-0.27,0.28,71
POS,0.21,-0.28,0.28,68
POS,0.21,-0.28,0.28,69
POS,0.19,-0.28,0.28,74
POS,0.19,-0.29,0.26,67
POS,0.19,-0.29,0.26,71
POS,0.17,-0.28,0.26,72
POS,0.18,-0.29,0.26,68
POS,0.17,-0.29,0.26,74
POS,0.17,-0.29,0.26,72
POS,0.18,-0.29,0.27,72
POS,0.18,-0.28,0.27,67
POS,0.19,-0.29,0.26,66
POS,0.19,-0.29,0.27,72
POS,0.18,-0.29,0.27,73
POS,0.18,-0.30,0.26,72
POS,0.20,-0.30,0.27,66
POS,0.20,-0.28,0.28,70
POS,0.19,-0.28,0.27,72
POS,0.17,-0.29,0.26,69
POS,0.18,-0.29,0.26,72
POS,0.18,-0.28,0.27,70
POS,0.17,-0.27,0.26,64
POS,0.18,-0.28,0.28,74
POS,0.19,-0.30,0.26,69
POS,0.18,-0.31,0.26,75
POS,0.17,-0.28,0.26,68
POS,0.16,-0.28,0.25,71
POS,0.17,-0.28,0.26,70
POS,0.18,-0.29,0.26,70
POS,0.16,-0.28,0.26,74
POS,0.18,-0.29,0.26,69
POS,0.18,-0.29,0.27,71
POS,0.19,-0.28,0.26,67
POS,0.21,-0.27,0.27,62
POS,0.22,-0.29,0.28,70
POS,0.20,-0.28,0.28,71
POS,0.22,-0.29,0.28,70
POS,0.22,-0.29,0.29,69
POS,0.24,-0.29,0.29,66
POS,0.24,-0.29,0.30,70
POS,0.25,-0.29,0.28,59
POS,0.24,-0.29,0.29,71
POS,0.22,-0.28,0.29,72
POS,0.23,-0.28,0.29,69
POS,0.22,-0.29,0.29,72
POS,0.23,-0.32,0.29,76
POS,0.23,-0.32,0.28,69
POS,0.23,-0.31,0.29,71
POS,0.23,-0.32,0.28,69
POS,0.23,-0.32,0.28,70
POS,0.22,-0.31,0.28,69
POS,0.23,-0.31,0.28,69
POS,0.23,-0.31,0.29,73
POS,0.23,-0.30,0.29,65
POS,0.24,-0.30,0.30,69
POS,0.23,-0.31,0.29,72
POS,0.24,-0.31,0.29,71
POS,0.22,-0.32,0.27,72
POS,0.20,-0.29,0.28,71
POS,0.19,-0.29,0.27,73
POS,0.22,-0.30,0.27,66
POS,0.23,-0.32,0.26,67
POS,0.24,-0.33,0.26,71
POS,0.24,-0.32,0.26,67
POS,0.22,-0.32,0.25,70
POS,0.22,-0.33,0.24,69
POS,0.23,-0.31,0.25,63
POS,0.20,-0.31,0.25,74
POS,0.20,-0.30,0.26,70
POS,0.19,-0.30,0.26,70
POS,0.18,-0.28,0.26,70
POS,0.19,-0.28,0.28,74
POS,0.17,-0.28,0.26,67
POS,0.17,-0.28,0.26,73
POS,0.19,-0.28,0.26,64
POS,0.20,-0.26,0.27,60
POS,0.21,-0.27,0.27,68
POS,0.20,-0.27,0.26,67
POS,0.22,-0.27,0.28,66
POS,0.23,-0.27,0.27,64
POS,0.23,-0.28,0.27,69
POS,0.22,-0.28,0.27,70
POS,0.23,-0.29,0.27,67
POS,0.23,-0.29,0.27,68
POS,0.25,-0.30,0.28,69
POS,0.25,-0.31,0.28,68
POS,0.23,-0.30,0.27,72
POS,0.23,-0.31,0.27,69
POS,0.24,-0.31,0.27,68
POS,0.23,-0.31,0.28,72
POS,0.23,-0.29,0.30,73
POS,0.20,-0.29,0.28,68
POS,0.20,-0.29,0.28,72
POS,0.20,-0.32,0.27,78
POS,0.20,-0.31,0.28,69
POS,0.18,-0.30,0.25,66
POS,0.21,-0.31,0.26,68
POS,0.21,-0.30,0.27,70
POS,0.19,-0.29,0.26,72
POS,0.22,-0.30,0.29,70
POS,0.23,-0.30,0.28,64
POS,0.21,-0.29,0.27,72
POS,0.21,-0.28,0.29,71
POS,0.22,-0.30,0.27,68
POS,0.23,-0.30,0.27,68
POS,0.25,-0.31,0.27,66
POS,0.25,-0.32,0.27,68
POS,0.23,-0.32,0.27,74
POS,0.21,-0.31,0.26,70
POS,0.22,-0.31,0.26,69
POS,0.21,-0.30,0.26,69
POS,0.22,-0.30,0.27,67
POS,0.23,-0.29,0.28,67
POS,0.23,-0.28,0.28,69
POS,0.23,-0.27,0.29,66
POS,0.22,-0.28,0.28,70
POS,0.23,-0.30,0.28,71
POS,0.23,-0.29,0.29,69
POS,0.22,-0.28,0.29,70
POS,0.22,-0.28,0.29,69
POS,0.23,-0.28,0.29,67
POS,0.20,-0.28,0.29,73
POS,0.21,-0.28,0.30,70
POS,0.21,-0.29,0.28,70
POS,0.20,-0.29,0.28,72
POS,0.19,-0.28,0.28,73
POS,0.20,-0.28,0.29,70
POS,0.19,-0.28,0.28,71
POS,0.18,-0.29,0.28,73
POS,0.22,-0.30,0.28,67

POS,0.21,-0.27,0.29,71
POS,0.20,-0.29,0.28,71
POS,0.21,-0.30,0.28,73
POS,0.21,-0.31,0.27,72
POS,0.19,-0.30,0.28,74
POS,0.19,-0.29,0.29,73
POS,0.16,-0.27,0.28,73
POS,0.15,-0.27,0.26,69
POS,0.18,-0.27,0.28,68
POS,0.20,-0.28,0.28,66
POS,0.20,-0.29,0.28,73
POS,0.22,-0.30,0.30,74
POS,0.21,-0.30,0.30,74
POS,0.20,-0.29,0.29,71
POS,0.18,-0.26,0.28,66
POS,0.19,-0.29,0.28,73
POS,0.18,-0.30,0.27,74
POS,0.20,-0.30,0.28,70
POS,0.20,-0.30,0.28,70
POS,0.21,-0.31,0.27,71
POS,0.22,-0.32,0.27,69
POS,0.21,-0.31,0.28,73
POS,0.23,-0.31,0.28,67
POS,0.21,-0.30,0.28,73
POS,0.22,-0.29,0.30,72
POS,0.23,-0.30,0.29,69
POS,0.23,-0.30,0.29,70
POS,0.21,-0.30,0.29,74
POS,0.22,-0.30,0.28,68
POS,0.22,-0.30,0.30,72
POS,0.21,-0.30,0.29,71
POS,0.20,-0.30,0.28,72
POS,0.22,-0.30,0.29,69
POS,0.23,-0.31,0.30,72
POS,0.23,-0.30,0.30,68
POS,0.22,-0.29,0.30,71
POS,0.21,-0.29,0.28,70
POS,0.20,-0.29,0.29,72
POS,0.21,-0.29,0.29,70
POS,0.20,-0.28,0.29,71
POS,0.18,-0.27,0.29,71
POS,0.18,-0.28,0.28,71
POS,0.17,-0.27,0.27,70
POS,0.17,-0.27,0.27,70
POS,0.18,-0.29,0.27,70
POS,0.21,-0.28,0.29,70
POS,0.21,-0.29,0.29,71
POS,0.21,-0.29,0.29,72
POS,0.20,-0.30,0.28,71
POS,0.21,-0.30,0.28,70
POS,0.19,-0.28,0.29,75
POS,0.20,-0.29,0.15,91
POS,0.19,-0.28,0.18,70
POS,0.18,-0.28,0.20,70
POS,0.20,-0.28,0.23,69
POS,0.19,-0.28,0.24,70
POS,0.18,-0.28,0.24,73
POS,0.19,-0.28,0.25,71
POS,0.19,-0.29,0.26,73
POS,0.18,-0.29,0.27,74
POS,0.19,-0.29,0.28,71
POS,0.20,-0.29,0.29,72
POS,0.21,-0.30,0.29,69
POS,0.20,-0.29,0.29,74
POS,0.18,-0.29,0.28,73
POS,0.17,-0.28,0.27,66
POS,0.16,-0.29,0.26,72
POS,0.17,-0.28,0.27,71
POS,0.19,-0.30,0.28,73
POS,0.19,-0.29,0.28,70
POS,0.20,-0.31,0.28,72
POS,0.21,-0.31,0.28,70
POS,0.23,-0.32,0.28,70
POS,0.20,-0.30,0.29,75
POS,0.19,-0.30,0.29,75
POS,0.20,-0.30,0.30,71
POS,0.20,-0.30,0.28,70
POS,0.19,-0.29,0.29,73
POS,0.19,-0.27,0.28,64
POS,0.16,-0.24,0.28,74
POS,0.18,-0.25,0.28,68
POS,0.19,-0.27,0.28,69
POS,0.19,-0.25,0.27,66
POS,0.18,-0.27,0.27,74
POS,0.17,-0.28,0.26,71
POS,0.19,-0.28,0.27,66
POS,0.18,-0.27,0.26,67
POS,0.20,-0.28,0.25,65
POS,0.21,-0.29,0.26,68
POS,0.23,-0.29,0.27,64
POS,0.20,-0.28,0.28,77
POS,0.21,-0.28,0.28,68
POS,0.20,-0.30,0.28,76
POS,0.19,-0.31,0.27,74
POS,0.21,-0.32,0.27,70
POS,0.18,-0.31,0.27,76
POS,0.20,-0.33,0.26,71
POS,0.20,-0.33,0.26,71
POS,0.18,-0.31,0.27,75
POS,0.17,-0.29,0.27,69
POS,0.17,-0.29,0.25,67
POS,0.18,-0.30,0.26,73
POS,0.19,-0.31,0.27,72
POS,0.22,-0.32,0.27,66
POS,0.20,-0.32,0.24,68
POS,0.20,-0.31,0.26,70
POS,0.19,-0.30,0.26,72
POS,0.19,-0.31,0.26,74
POS,0.19,-0.32,0.25,71
POS,0.16,-0.30,0.25,73
POS,0.16,-0.29,0.25,69
POS,0.18,-0.28,0.26,67
POS,0.18,-0.30,0.26,75
POS,0.17,-0.29,0.26,74
POS,0.18,-0.29,0.26,66
POS,0.18,-0.29,0.26,70
POS,0.18,-0.30,0.26,72
POS,0.18,-0.31,0.25,74
POS,0.18,-0.30,0.26,73
POS,0.21,-0.30,0.29,70
POS,0.19,-0.29,0.30,76
POS,0.21,-0.30,0.30,71
POS,0.19,-0.30,0.29,75
POS,0.17,-0.28,0.27,65
POS,0.17,-0.29,0.27,76
POS,0.18,-0.31,0.27,75
POS,0.19,-0.31,0.27,66
POS,0.18,-0.30,0.26,71
POS,0.18,-0.29,0.28,72
POS,0.19,-0.31,0.28,73
POS,0.22,-0.31,0.27,66
POS,0.22,-0.32,0.28,72
POS,0.22,-0.32,0.27,71
POS,0.21,-0.32,0.27,71
POS,0.21,-0.30,0.27,69
POS,0.22,-0.30,0.28,69
POS,0.19,-0.30,0.28,75
POS,0.19,-0.29,0.28,72
POS,0.19,-0.30,0.27,73
POS,0.20,-0.30,0.28,69
POS,0.21,-0.30,0.30,73
POS,0.21,-0.30,0.30,73
POS,0.20,-0.29,0.30,74
POS,0.19,-0.29,0.30,76
POS,0.18,-0.29,0.29,72
POS,0.19,-0.28,0.31,71
POS,0.20,-0.29,0.29,69
POS,0.17,-0.28,0.28,74
POS,0.16,-0.28,0.27,71
POS,0.18,-0.28,0.27,67
POS,0.16,-0.27,0.27,72
POS,0.17,-0.28,0.27,73
POS,0.18,-0.30,0.27,72
POS,0.17,-0.29,0.27,73
POS,0.16,-0.29,0.28,77
POS,0.16,-0.29,0.27,71
POS,0.17,-0.29,0.29,74
POS,0.17,-0.29,0.29,76
POS,0.19,-0.31,0.29,71
POS,0.19,-0.31,0.28,71
POS,0.18,-0.30,0.27,70
POS,0.19,-0.31,0.27,71
POS,0.20,-0.32,0.28,73
POS,0.21,-0.32,0.29,73
POS,0.19,-0.31,0.29,75
POS,0.17,-0.30,0.27,69
POS,0.18,-0.29,0.26,66
POS,0.18,-0.29,0.25,65
POS,0.20,-0.30,0.27,71
POS,0.21,-0.30,0.28,69
POS,0.22,-0.29,0.29,68
POS,0.20,-0.30,0.28,73
POS,0.22,-0.30,0.29,68
POS,0.22,-0.28,0.29,68
POS,0.23,-0.28,0.30,67
POS,0.20,-0.29,0.28,71
POS,0.19,-0.30,0.27,75
POS,0.17,-0.29,0.26,72
POS,0.18,-0.27,0.26,61
POS,0.18,-0.26,0.27,71
POS,0.20,-0.28,0.27,66
POS,0.19,-0.28,0.28,76
POS,0.17,-0.28,0.27,75
POS,0.17,-0.30,0.27,72
POS,0.18,-0.30,0.27,70
POS,0.20,-0.30,0.27,70
POS,0.20,-0.30,0.27,69
POS,0.20,-0.30,0.28,73
POS,0.21,-0.30,0.28,70
POS,0.22,-0.32,0.28,73
POS,0.21,-0.33,0.27,71
POS,0.20,-0.32,0.27,74
POS,0.20,-0.33,0.27,71
POS,0.20,-0.32,0.27,71
POS,0.20,-0.32,0.28,75
POS,0.21,-0.32,0.28,69
POS,0.20,-0.31,0.29,76
POS,0.18,-0.29,0.29,72
POS,0.18,-0.29,0.28,70
POS,0.16,-0.29,0.29,78
POS,0.18,-0.29,0.27,67
POS,0.17,-0.28,0.27,73
POS,0.17,-0.29,0.28,75
POS,0.16,-0.30,0.27,73
POS,0.16,-0.31,0.26,76
POS,0.17,-0.31,0.26,69
POS,0.19,-0.30,0.28,69
POS,0.19,-0.30,0.27,71
POS,0.18,-0.28,0.28,72
POS,0.17,-0.27,0.28,72
POS,0.17,-0.28,0.28,75
POS,0.15,-0.27,0.26,71
POS,0.15,-0.29,0.25,73
POS,0.17,-0.30,0.26,72
POS,0.16,-0.28,0.27,72
POS,0.15,-0.28,0.27,72
POS,0.16,-0.28,0.27,70
POS,0.19,-0.28,0.27,66
POS,0.18,-0.26,0.27,68
POS,0.18,-0.27,0.27,72
POS,0.16,-0.26,0.28,73
POS,0.14,-0.26,0.27,75
POS,0.16,-0.26,0.28,71
POS,0.18,-0.28,0.29,73
POS,0.20,-0.29,0.29,68
POS,0.19,-0.29,0.28,70
POS,0.21,-0.29,0.27,63
POS,0.18,-0.28,0.28,78
POS,0.18,-0.28,0.28,74
POS,0.18,-0.26,0.29,67
POS,0.19,-0.28,0.28,71
POS,0.20,-0.27,0.27,63
POS,0.21,-0.28,0.29,71
POS,0.21,-0.28,0.31,74
POS,0.21,-0.28,0.29,68
POS,0.19,-0.28,0.29,74
POS,0.20,-0.29,0.28,69
POS,0.20,-0.28,0.28,68
POS,0.24,-0.29,0.28,62
POS,0.22,-0.29,0.28,74
POS,0.20,-0.29,0.28,73
POS,0.19,-0.28,0.29,74
POS,0.21,-0.30,0.30,73
POS,0.21,-0.30,0.29,70
POS,0.20,-0.31,0.28,71
POS,0.20,-0.30,0.29,74
POS,0.18,-0.29,0.29,73
POS,0.16,-0.28,0.27,70
POS,0.18,-0.29,0.30,76
POS,0.18,-0.28,0.29,69
POS,0.18,-0.29,0.28,71
POS,0.19,-0.31,0.27,73
POS,0.18,-0.31,0.26,73
POS,0.16,-0.30,0.26,71
POS,0.20,-0.29,0.26,61
POS,0.18,-0.29,0.25,71
POS,0.18,-0.30,0.27,74
POS,0.20,-0.30,0.28,71
POS,0.17,-0.27,0.28,75
POS,0.16,-0.27,0.27,70
POS,0.18,-0.28,0.28,70
POS,0.18,-0.29,0.27,73
POS,0.17,-0.28,0.27,70
POS,0.18,-0.30,0.27,72
POS,0.16,-0.29,0.27,73
POS,0.18,-0.29,0.27,68
POS,0.19,-0.29,0.29,74
POS,0.17,-0.29,0.28,73
POS,0.18,-0.29,0.28,71
POS,0.19,-0.28,0.29,68
POS,0.18,-0.28,0.28,71
POS,0.21,-0.28,0.28,65
POS,0.21,-0.29,0.28,71
POS,0.18,-0.28,0.28,75
POS,0.19,-0.28,0.28,68
POS,0.17,-0.28,0.28,75
POS,0.17,-0.27,0.28,70
POS,0.16,-0.27,0.27,70
POS,0.17,-0.29,0.28,75
POS,0.16,-0.28,0.28,73
POS,0.16,-0.26,0.28,71
POS,0.18,-0.27,0.28,67
POS,0.17,-0.26,0.28,72
POS,0.17,-0.25,0.28,66
POS,0.16,-0.23,0.27,68
POS,0.17,-0.24,0.27,70
POS,0.18,-0.27,0.27,72
POS,0.16,-0.27,0.27,76
POS,0.17,-0.27,0.28,73
POS,0.17,-0.27,0.27,68
POS,0.15,-0.27,0.26,72
POS,0.15,-0.28,0.28,76
POS,0.15,-0.28,0.28,74
POS,0.15,-0.27,0.27,66
POS,0.17,-0.28,0.27,71
POS,0.17,-0.27,0.27,69
POS,0.20,-0.27,0.29,70
POS,0.19,-0.26,0.30,71
POS,0.19,-0.27,0.29,73
POS,0.19,-0.27,0.29,70
POS,0.19,-0.28,0.29,73
POS,0.20,-0.28,0.30,70
POS,0.20,-0.30,0.28,71
POS,0.19,-0.29,0.28,72
POS,0.21,-0.29,0.29,70
POS,0.22,-0.30,0.29,69
POS,0.22,-0.30,0.29,70
POS,0.22,-0.29,0.29,70
POS,0.23,-0.30,0.29,68
POS,0.24,-0.30,0.29,69
POS,0.23,-0.30,0.29,70
POS,0.24,-0.29,0.29,64
POS,0.23,-0.30,0.27,70
POS,0.22,-0.29,0.29,72
POS,0.21,-0.29,0.29,73
POS,0.21,-0.29,0.29,71
POS,0.22,-0.29,0.29,70
POS,0.21,-0.29,0.30,71
POS,0.22,-0.29,0.28,62
POS,0.22,-0.28,0.29,70
POS,0.22,-0.29,0.29,70
POS,0.22,-0.29,0.29,71
POS,0.21,-0.28,0.29,70
POS,0.22,-0.27,0.29,63
POS,0.20,-0.28,0.29,76
POS,0.20,-0.29,0.28,72
POS,0.19,-0.30,0.26,73
POS,0.17,-0.29,0.27,74
POS,0.17,-0.29,0.26,68
POS,0.18,-0.29,0.26,68
POS,0.17,-0.29,0.25,70
POS,0.19,-0.28,0.27,67
POS,0.22,-0.29,0.27,64
POS,0.21,-0.29,0.29,75
POS,0.22,-0.28,0.29,65
POS,0.20,-0.28,0.29,75
POS,0.20,-0.29,0.29,71
POS,0.21,-0.28,0.30,70
POS,0.20,-0.29,0.30,74
POS,0.21,-0.29,0.29,68
POS,0.22,-0.30,0.27,66
POS,0.22,-0.29,0.28,71
POS,0.24,-0.29,0.29,65
POS,0.23,-0.29,0.29,69
POS,0.21,-0.29,0.28,73
POS,0.21,-0.28,0.28,65
POS,0.21,-0.27,0.28,67
POS,0.20,-0.28,0.28,73
POS,0.20,-0.28,0.28,71
POS,0.17,-0.27,0.27,70
POS,0.16,-0.27,0.26,72
POS,0.16,-0.28,0.26,73
POS,0.16,-0.28,0.26,69
POS,0.19,-0.28,0.26,66
POS,0.18,-0.29,0.26,71
POS,0.17,-0.28,0.26,73
POS,0.17,-0.29,0.27,72
POS,0.18,-0.29,0.28,73

POS,0.17,-0.27,0.27,66
POS,0.16,-0.26,0.27,73
POS,0.15,-0.28,0.27,75
POS,0.15,-0.29,0.27,76
POS,0.17,-0.28,0.30,74
POS,0.18,-0.29,0.28,65
POS,0.20,-0.30,0.28,70
POS,0.18,-0.29,0.28,71
POS,0.17,-0.29,0.26,69
POS,0.19,-0.28,0.28,69
POS,0.19,-0.29,0.28,73
POS,0.21,-0.29,0.28,66
POS,0.22,-0.29,0.29,68
POS,0.22,-0.29,0.29,69
POS,0.22,-0.30,0.30,74
POS,0.23,-0.30,0.29,67
POS,0.22,-0.29,0.29,69
POS,0.22,-0.29,0.30,73
POS,0.22,-0.29,0.29,69
POS,0.21,-0.28,0.29,68
POS,0.22,-0.28,0.29,66
POS,0.23,-0.28,0.29,66
POS,0.22,-0.28,0.28,71
POS,0.21,-0.29,0.28,73
POS,0.22,-0.29,0.28,69
POS,0.18,-0.30,0.27,76
POS,0.19,-0.30,0.27,71
POS,0.21,-0.31,0.28,71
POS,0.21,-0.32,0.28,74
POS,0.21,-0.32,0.29,73
POS,0.20,-0.32,0.28,74
POS,0.19,-0.31,0.28,72
POS,0.19,-0.31,0.28,73
POS,0.20,-0.32,0.27,71
POS,0.20,-0.31,0.28,71
POS,0.20,-0.31,0.27,72
POS,0.18,-0.31,0.27,74
POS,0.19,-0.31,0.28,71
POS,0.18,-0.31,0.28,76
POS,0.20,-0.29,0.29,67
POS,0.21,-0.29,0.29,65
POS,0.22,-0.28,0.29,68
POS,0.21,-0.30,0.29,73
POS,0.22,-0.30,0.30,72

POS,0.21,-0.28,0.30,70
POS,0.20,-0.27,0.30,74
POS,0.19,-0.27,0.31,75
POS,0.18,-0.27,0.31,74
POS,0.17,-0.28,0.31,77
POS,0.18,-0.26,0.30,67
POS,0.19,-0.27,0.28,63
POS,0.19,-0.29,0.28,74
POS,0.20,-0.29,0.30,73
POS,0.20,-0.29,0.29,69
POS,0.22,-0.30,0.29,70
POS,0.20,-0.30,0.28,74
POS,0.21,-0.31,0.28,69
POS,0.22,-0.32,0.27,68
POS,0.22,-0.31,0.28,67
POS,0.23,-0.30,0.28,70
POS,0.20,-0.29,0.27,73
POS,0.18,-0.28,0.27,68
POS,0.18,-0.26,0.26,64
POS,0.17,-0.27,0.26,71
POS,0.18,-0.27,0.26,69
POS,0.18,-0.27,0.26,67
POS,0.20,-0.26,0.29,70
POS,0.21,-0.27,0.29,70
POS,0.22,-0.28,0.28,64
POS,0.22,-0.28,0.28,69
POS,0.21,-0.28,0.28,71
POS,0.23,-0.28,0.29,68
POS,0.23,-0.29,0.28,68
POS,0.24,-0.30,0.29,70
POS,0.24,-0.30,0.28,66
POS,0.24,-0.31,0.27,69
POS,0.22,-0.30,0.26,68
POS,0.22,-0.31,0.27,72
POS,0.21,-0.31,0.27,73
POS,0.20,-0.31,0.26,69
POS,0.19,-0.30,0.27,74
POS,0.17,-0.29,0.26,69
POS,0.18,-0.29,0.26,69
POS,0.18,-0.29,0.26,73
POS,0.20,-0.30,0.27,68
POS,0.18,-0.30,0.27,74
POS,0.19,-0.28,0.27,68
POS,0.18,-0.28,0.27,73
POS,0.16,-0.28,0.26,69
POS,0.19,-0.28,0.28,67
POS,0.21,-0.29,0.28,70
POS,0.20,-0.28,0.28,73
POS,0.19,-0.29,0.27,72
POS,0.18,-0.30,0.26,70
POS,0.19,-0.29,0.27,70
POS,0.18,-0.30,0.25,68
POS,0.18,-0.31,0.25,73
POS,0.19,-0.30,0.25,66
POS,0.21,-0.31,0.24,66
POS,0.18,-0.30,0.25,72
POS,0.16,-0.28,0.25,73
POS,0.16,-0.28,0.26,75
POS,0.16,-0.27,0.27,73
POS,0.16,-0.28,0.27,74
POS,0.17,-0.28,0.26,68
POS,0.15,-0.26,0.27,75
POS,0.17,-0.27,0.28,71
POS,0.16,-0.28,0.28,76
POS,0.16,-0.27,0.29,73
POS,0.15,-0.27,0.27,70
POS,0.17,-0.28,0.27,70
POS,0.17,-0.29,0.27,71
POS,0.19,-0.29,0.29,72
POS,0.17,-0.28,0.28,73
POS,0.16,-0.27,0.27,69
POS,0.15,-0.26,0.28,73
POS,0.15,-0.26,0.28,74
POS,0.14,-0.23,0.28,70
POS,0.17,-0.26,0.29,72
POS,0.19,-0.26,0.31,72
POS,0.19,-0.25,0.29,65
POS,0.20,-0.27,0.30,73
POS,0.22,-0.27,0.31,68
POS,0.21,-0.26,0.31,70
POS,0.20,-0.26,0.30,70
POS,0.20,-0.26,0.31,72
POS,0.20,-0.26,0.32,74
POS,0.20,-0.28,0.32,74
POS,0.19,-0.29,0.29,71
POS,0.17,-0.27,0.29,72
POS,0.16,-0.28,0.28,73
POS,0.16,-0.26,0.27,68
POS,0.15,-0.26,0.28,78
POS,0.14,-0.25,0.28,72
POS,0.16,-0.28,0.28,73
POS,0.17,-0.29,0.28,74
POS,0.17,-0.29,0.28,71
POS,0.18,-0.30,0.27,72
POS,0.18,-0.30,0.27,73
POS,0.17,-0.29,0.26,66
POS,0.17,-0.28,0.26,67
POS,0.17,-0.27,0.27,73
POS,0.17,-0.27,0.27,69
POS,0.14,-0.27,0.25,75
POS,0.14,-0.27,0.27,76
POS,0.17,-0.27,0.28,68
POS,0.17,-0.27,0.28,69
POS,0.18,-0.27,0.28,69
POS,0.19,-0.30,0.27,73
POS,0.18,-0.27,0.26,64
POS,0.17,-0.27,0.25,69
POS,0.16,-0.28,0.26,76
POS,0.17,-0.29,0.27,74
POS,0.16,-0.28,0.26,66
POS,0.17,-0.28,0.27,72
POS,0.16,-0.28,0.25,66
POS,0.20,-0.27,0.27,65
POS,0.19,-0.28,0.27,72
POS,0.20,-0.28,0.29,72
POS,0.19,-0.27,0.28,65
POS,0.18,-0.28,0.26,70
POS,0.18,-0.26,0.28,70
POS,0.18,-0.24,0.28,70
POS,0.17,-0.24,0.28,71
POS,0.18,-0.25,0.28,68
POS,0.18,-0.25,0.27,67
POS,0.17,-0.26,0.26,70
POS,0.17,-0.26,0.28,74
POS,0.18,-0.27,0.27,70
POS,0.17,-0.27,0.28,74
POS,0.15,-0.25,0.26,65
POS,0.16,-0.26,0.26,71
POS,0.16,-0.26,0.27,75
POS,0.15,-0.27,0.27,74
POS,0.16,-0.28,0.28,74
POS,0.16,-0.28,0.28,74
POS,0.16,-0.28,0.27,71
POS,0.15,-0.27,0.27,73
POS,0.16,-0.29,0.27,72
POS,0.18,-0.29,0.27,69
POS,0.18,-0.30,0.27,74
POS,0.17,-0.29,0.27,67
POS,0.17,-0.28,0.28,75
POS,0.16,-0.27,0.29,74
POS,0.16,-0.27,0.29,74
POS,0.16,-0.28,0.29,73
POS,0.16,-0.28,0.29,74
POS,0.16,-0.27,0.28,68
POS,0.18,-0.29,0.28,71
POS,0.19,-0.31,0.28,72
POS,0.17,-0.28,0.28,72
POS,0.18,-0.29,0.28,72
POS,0.17,-0.28,0.27,70
POS,0.18,-0.30,0.27,75
POS,0.16,-0.28,0.28,73
POS,0.17,-0.29,0.28,72
POS,0.15,-0.26,0.28,74
POS,0.18,-0.27,0.29,70
POS,0.16,-0.25,0.28,71
POS,0.14,-0.24,0.27,73
POS,0.17,-0.26,0.27,67
POS,0.17,-0.27,0.27,72
POS,0.19,-0.26,0.29,70
POS,0.18,-0.26,0.15,92
POS,0.17,-0.28,0.18,74
POS,0.16,-0.27,0.20,71
POS,0.18,-0.27,0.23,69
POS,0.19,-0.26,0.25,70
POS,0.19,-0.27,0.27,71
POS,0.18,-0.26,0.27,71
POS,0.19,-0.26,0.27,70
POS,0.17,-0.25,0.27,71
POS,0.18,-0.25,0.29,73
POS,0.16,-0.25,0.29,77
POS,0.13,-0.23,0.29,76
POS,0.15,-0.25,0.29,73
POS,0.18,-0.26,0.28,63
POS,0.21,-0.29,0.27,67
POS,0.20,-0.29,0.27,73
POS,0.22,-0.29,0.28,68
POS,0.22,-0.28,0.29,67
POS,0.22,-0.29,0.28,73
POS,0.22,-0.29,0.28,69
POS,0.20,-0.29,0.27,71
POS,0.20,-0.29,0.27,67
POS,0.20,-0.30,0.27,73
POS,0.21,-0.29,0.26,61
POS,0.22,-0.27,0.27,65
POS,0.21,-0.27,0.28,70
POS,0.19,-0.27,0.27,72
POS,0.19,-0.28,0.28,72
POS,0.18,-0.26,0.28,71
POS,0.16,-0.27,0.27,73
POS,0.17,-0.27,0.26,69
POS,0.17,-0.28,0.26,72
POS,0.18,-0.29,0.26,72
POS,0.17,-0.30,0.26,74
POS,0.19,-0.29,0.27,71
POS,0.18,-0.28,0.26,64
POS,0.16,-0.26,0.26,70
POS,0.16,-0.28,0.26,74
POS,0.16,-0.29,0.26,76
POS,0.16,-0.30,0.26,75
POS,0.17,-0.31,0.27,74
POS,0.17,-0.30,0.27,71
POS,0.16,-0.29,0.27,72
POS,0.14,-0.29,0.26,76
POS,0.17,-0.28,0.27,65
POS,0.16,-0.29,0.25,71
POS,0.15,-0.28,0.27,75
POS,0.17,-0.28,0.26,65
POS,0.17,-0.28,0.26,72
POS,0.17,-0.28,0.26,72
POS,0.18,-0.29,0.27,69
POS,0.19,-0.30,0.26,69
POS,0.17,-0.28,0.27,74
POS,0.17,-0.29,0.26,73
POS,0.19,-0.30,0.25,63
POS,0.17,-0.29,0.25,72
POS,0.19,-0.29,0.26,67
POS,0.20,-0.30,0.25,70
POS,0.20,-0.30,0.26,69
POS,0.21,-0.30,0.27,71
POS,0.19,-0.30,0.28,75
POS,0.18,-0.29,0.27,70
POS,0.17,-0.30,0.27,76
POS,0.17,-0.29,0.27,70
POS,0.19,-0.30,0.28,73
POS,0.18,-0.30,0.26,68
POS,0.16,-0.29,0.26,73
POS,0.18,-0.30,0.26,68
POS,0.17,-0.31,0.25,72
POS,0.18,-0.33,0.24,75
POS,0.16,-0.32,0.24,73
POS,0.17,-0.32,0.25,72
POS,0.17,-0.31,0.26,75
POS,0.18,-0.31,0.28,70
POS,0.20,-0.30,0.28,69
POS,0.19,-0.30,0.26,66
POS,0.18,-0.29,0.26,70
POS,0.19,-0.29,0.27,69
POS,0.18,-0.28,0.27,72
POS,0.17,-0.28,0.26,71
POS,0.17,-0.29,0.28,75
POS,0.17,-0.29,0.28,75
POS,0.18,-0.27,0.29,67
POS,0.17,-0.28,0.29,77
POS,0.18,-0.28,0.30,72
POS,0.21,-0.30,0.28,64
POS,0.21,-0.29,0.28,70
POS,0.21,-0.29,0.28,71
POS,0.17,-0.27,0.29,79
POS,0.17,-0.27,0.28,66
POS,0.19,-0.27,0.28,65
POS,0.20,-0.29,0.28,72
POS,0.21,-0.29,0.29,72
POS,0.22,-0.30,0.29,70
POS,0.21,-0.30,0.29,72
POS,0.22,-0.30,0.29,68
POS,0.22,-0.30,0.29,71
POS,0.19,-0.27,0.33,82
POS,0.19,-0.26,0.32,69
POS,0.20,-0.28,0.30,70
POS,0.22,-0.30,0.28,65
POS,0.23,-0.31,0.28,71
POS,0.21,-0.31,0.28,75
POS,0.23,-0.30,0.29,66
POS,0.21,-0.31,0.28,74
POS,0.22,-0.30,0.28,65
POS,0.22,-0.28,0.28,68
POS,0.20,-0.29,0.28,73
POS,0.21,-0.30,0.27,71
POS,0.21,-0.29,0.29,72
POS,0.20,-0.30,0.28,73
POS,0.20,-0.30,0.30,75
POS,0.21,-0.29,0.30,67
POS,0.20,-0.31,0.28,75
POS,0.20,-0.32,0.27,72
POS,0.19,-0.30,0.29,77
POS,0.18,-0.30,0.29,76
POS,0.18,-0.29,0.27,63
POS,0.14,-0.24,0.30,84
POS,0.16,-0.24,0.29,66

POS,0.16,-0.24,0.27,58
POS,0.15,-0.24,0.27,75
POS,0.18,-0.26,0.27,68
POS,0.17,-0.26,0.26,67
POS,0.19,-0.28,0.26,69
POS,0.20,-0.30,0.25,70
POS,0.19,-0.28,0.27,71
POS,0.20,-0.30,0.26,73
POS,0.19,-0.31,0.27,75
POS,0.20,-0.31,0.26,68
POS,0.21,-0.29,0.26,62
POS,0.21,-0.29,0.27,71
POS,0.23,-0.29,0.28,67
POS,0.21,-0.28,0.28,68
POS,0.20,-0.28,0.28,76
POS,0.18,-0.27,0.27,68
POS,0.18,-0.26,0.27,65
POS,0.18,-0.28,0.26,73
POS,0.17,-0.27,0.26,70
POS,0.17,-0.27,0.27,70
POS,0.16,-0.26,0.27,71
POS,0.17,-0.28,0.26,72
POS,0.21,-0.28,0.27,62
POS,0.19,-0.28,0.27,72
POS,0.19,-0.29,0.25,68
POS,0.20,-0.30,0.26,70
POS,0.20,-0.30,0.27,73
POS,0.21,-0.32,0.26,72
POS,0.18,-0.30,0.27,77
POS,0.19,-0.28,0.29,72
POS,0.20,-0.29,0.30,69
POS,0.20,-0.29,0.28,68
POS,0.21,-0.28,0.28,69
POS,0.22,-0.29,0.29,65
POS,0.25,-0.30,0.27,65
POS,0.24,-0.29,0.29,69
POS,0.23,-0.29,0.30,72
POS,0.21,-0.28,0.29,71
POS,0.23,-0.29,0.30,70
POS,0.24,-0.28,0.30,65
POS,0.23,-0.29,0.30,74
POS,0.23,-0.31,0.28,69
POS,0.26,-0.32,0.29,68
POS,0.25,-0.31,0.28,68
POS,0.26,-0.31,0.28,66
POS,0.24,-0.31,0.27,71
POS,0.23,-0.32,0.27,72
POS,0.23,-0.31,0.28,68
POS,0.20,-0.29,0.29,77
POS,0.22,-0.29,0.28,67
POS,0.19,-0.28,0.29,76
POS,0.17,-0.28,0.27,70
POS,0.16,-0.27,0.27,73
POS,0.15,-0.28,0.26,74
POS,0.17,-0.30,0.27,70
POS,0.16,-0.27,0.25,62
POS,0.17,-0.28,0.26,71
POS,0.18,-0.30,0.26,72
POS,0.17,-0.29,0.26,72
POS,0.17,-0.28,0.28,74
POS,0.15,-0.27,0.26,66
POS,0.16,-0.28,0.26,72
POS,0.16,-0.27,0.27,73
POS,0.17,-0.27,0.27,66
POS,0.09,-0.30,0.28,98
POS,0.13,-0.31,0.28,71
POS,0.15,-0.31,0.27,70
POS,0.15,-0.29,0.28,75
POS,0.19,-0.31,0.28,70
POS,0.17,-0.31,0.27,71
POS,0.17,-0.31,0.26,70
POS,0.18,-0.30,0.27,69
POS,0.20,-0.30,0.27,69
POS,0.18,-0.28,0.27,70
POS,0.17,-0.27,0.28,74
POS,0.18,-0.28,0.27,67
POS,0.18,-0.28,0.27,73
POS,0.19,-0.29,0.27,72
POS,0.18,-0.29,0.27,70
POS,0.17,-0.28,0.26,70
POS,0.17,-0.28,0.27,74
POS,0.19,-0.30,0.26,68
POS,0.18,-0.29,0.25,66
POS,0.18,-0.29,0.27,72
POS,0.17,-0.26,0.26,66
POS,0.17,-0.24,0.28,73
POS,0.21,-0.27,0.28,66
POS,0.21,-0.27,0.29,71
POS,0.21,-0.27,0.29,71
POS,0.21,-0.27,0.29,69
POS,0.20,-0.28,0.28,71
POS,0.20,-0.28,0.28,68
POS,0.20,-0.28,0.29,72
POS,0.21,-0.28,0.30,72
POS,0.23,-0.28,0.31,68
POS,0.22,-0.30,0.29,72
POS,0.22,-0.29,0.29,67
POS,0.23,-0.30,0.28,68
POS,0.21,-0.29,0.29,74
POS,0.20,-0.29,0.30,74
POS,0.19,-0.27,0.29,70
POS,0.19,-0.28,0.28,71
POS,0.17,-0.27,0.28,74
POS,0.20,-0.28,0.31,72
POS,0.20,-0.29,0.30,71
POS,0.21,-0.28,0.29,66
POS,0.20,-0.29,0.28,73
POS,0.22,-0.30,0.28,67
POS,0.21,-0.31,0.28,73
POS,0.21,-0.32,0.27,73
POS,0.19,-0.30,0.29,77
POS,0.20,-0.30,0.29,70
POS,0.21,-0.30,0.31,75
POS,0.20,-0.31,0.29,72
POS,0.22,-0.30,0.30,70
POS,0.21,-0.31,0.28,69
POS,0.22,-0.30,0.29,69
POS,0.23,-0.30,0.29,67
POS,0.24,-0.30,0.30,70
POS,0.24,-0.31,0.28,67
POS,0.24,-0.31,0.28,70
POS,0.23,-0.31,0.29,73
POS,0.24,-0.29,0.31,68
POS,0.23,-0.28,0.31,71
POS,0.23,-0.29,0.30,70
POS,0.22,-0.31,0.28,72
POS,0.23,-0.30,0.28,66
POS,0.22,-0.29,0.29,72
POS,0.21,-0.30,0.28,71
POS,0.22,-0.29,0.28,68
POS,0.21,-0.29,0.28,71
POS,0.18,-0.29,0.26,71
POS,0.19,-0.28,0.28,71
POS,0.20,-0.29,0.28,69
POS,0.18,-0.29,0.27,75
POS,0.19,-0.28,0.29,71
POS,0.18,-0.28,0.30,75
POS,0.18,-0.29,0.29,73
POS,0.17,-0.27,0.29,73
POS,0.18,-0.28,0.29,70
POS,0.19,-0.27,0.30,68
POS,0.18,-0.27,0.28,67
POS,0.19,-0.28,0.28,72
POS,0.18,-0.28,0.28,72
POS,0.17,-0.27,0.28,71
POS,0.17,-0.28,0.26,71
POS,0.16,-0.29,0.26,73
POS,0.16,-0.29,0.26,73
POS,0.16,-0.28,0.26,71
POS,0.17,-0.28,0.27,71
POS,0.17,-0.28,0.26,65
POS,0.16,-0.27,0.25,68
POS,0.16,-0.27,0.26,72
POS,0.18,-0.25,0.28,66
POS,0.19,-0.27,0.27,70
POS,0.19,-0.28,0.28,73
POS,0.20,-0.26,0.29,70
POS,0.19,-0.27,0.28,70
POS,0.16,-0.27,0.26,71
POS,0.19,-0.28,0.26,67
POS,0.17,-0.27,0.25,67
POS,0.17,-0.29,0.25,74
POS,0.20,-0.29,0.29,71
POS,0.20,-0.30,0.29,76
POS,0.20,-0.30,0.29,72
POS,0.20,-0.31,0.27,70
POS,0.22,-0.31,0.27,65
POS,0.23,-0.31,0.28,68
POS,0.23,-0.30,0.29,69
POS,0.20,-0.29,0.29,76
POS,0.19,-0.29,0.27,70
POS,0.18,-0.28,0.27,73
POS,0.18,-0.29,0.27,72
POS,0.19,-0.29,0.28,68
POS,0.20,-0.30,0.27,71
POS,0.19,-0.29,0.27,71
POS,0.20,-0.27,0.27,63
POS,0.21,-0.28,0.29,73
POS,0.22,-0.28,0.30,71
POS,0.21,-0.28,0.30,72
POS,0.20,-0.28,0.29,71
POS,0.18,-0.29,0.28,72
POS,0.17,-0.28,0.28,73
POS,0.18,-0.29,0.27,70
POS,0.17,-0.29,0.27,72
POS,0.17,-0.30,0.27,74
POS,0.17,-0.30,0.27,74
POS,0.18,-0.30,0.27,71
POS,0.21,-0.29,0.29,67
POS,0.20,-0.28,0.29,73
POS,0.20,-0.29,0.29,73
POS,0.20,-0.28,0.29,65
POS,0.19,-0.27,0.29,71
POS,0.19,-0.27,0.29,72
POS,0.21,-0.27,0.28,64
POS,0.20,-0.27,0.29,74
POS,0.18,-0.28,0.28,74
POS,0.17,-0.27,0.27,68
POS,0.19,-0.28,0.28,68
POS,0.19,-0.28,0.28,72
POS,0.19,-0.29,0.28,74
POS,0.20,-0.29,0.29,69
POS,0.21,-0.29,0.29,70
POS,0.22,-0.28,0.31,70
POS,0.22,-0.29,0.31,70
POS,0.23,-0.29,0.29,63
POS,0.23,-0.30,0.29,71
POS,0.22,-0.29,0.30,73
POS,0.21,-0.30,0.29,72
POS,0.23,-0.29,0.30,68
POS,0.23,-0.29,0.31,71
POS,0.26,-0.30,0.29,61
POS,0.25,-0.28,0.31,71
POS,0.25,-0.28,0.31,67
POS,0.22,-0.28,0.31,77
POS,0.24,-0.29,0.29,60
POS,0.25,-0.29,0.29,69
POS,0.23,-0.29,0.29,75
POS,0.25,-0.29,0.30,67
POS,0.29,-0.30,0.29,61
POS,0.29,-0.30,0.29,66
POS,0.28,-0.30,0.29,67
POS,0.29,-0.30,0.30,69
POS,0.28,-0.31,0.28,65
POS,0.27,-0.30,0.29,70
POS,0.26,-0.31,0.28,68
POS,0.26,-0.29,0.29,66
POS,0.23,-0.30,0.29,77
POS,0.22,-0.30,0.29,73
POS,0.21,-0.30,0.29,74
POS,0.20,-0.30,0.29,72
POS,0.18,-0.28,0.27,68
POS,0.18,-0.26,0.28,68
POS,0.16,-0.25,0.28,74
POS,0.17,-0.27,0.28,71
POS,0.17,-0.26,0.27,68
POS,0.18,-0.29,0.27,73
POS,0.18,-0.29,0.27,71
POS,0.17,-0.29,0.25,65
POS,0.21,-0.29,0.26,63
POS,0.22,-0.29,0.27,68
POS,0.23,-0.29,0.27,66
POS,0.23,-0.29,0.27,65
POS,0.24,-0.30,0.27,69
POS,0.22,-0.30,0.28,74
POS,0.24,-0.30,0.28,66
POS,0.24,-0.30,0.27,64
POS,0.24,-0.31,0.27,71
POS,0.26,-0.31,0.29,70
POS,0.25,-0.31,0.29,70
POS,0.26,-0.29,0.30,68
POS,0.17,-0.34,0.31,98
POS,0.19,-0.34,0.31,71
POS,0.19,-0.33,0.30,73
POS,0.21,-0.33,0.30,70
POS,0.20,-0.33,0.28,71
POS,0.19,-0.30,0.28,69
POS,0.22,-0.30,0.28,60
POS,0.22,-0.28,0.28,67
POS,0.20,-0.28,0.28,73
POS,0.19,-0.27,0.28,72
POS,0.18,-0.27,0.26,63
POS,0.20,-0.28,0.25,61
POS,0.20,-0.29,0.24,69
POS,0.21,-0.29,0.25,68
POS,0.21,-0.28,0.27,69
POS,0.21,-0.28,0.27,70
POS,0.19,-0.27,0.28,74
POS,0.20,-0.28,0.27,68
POS,0.21,-0.29,0.27,68
POS,0.20,-0.29,0.28,74
POS,0.22,-0.29,0.27,64
POS,0.22,-0.29,0.28,68
POS,0.24,-0.30,0.27,67
POS,0.24,-0.30,0.28,70
POS,0.22,-0.28,0.28,70
POS,0.23,-0.29,0.28,66
POS,0.21,-0.29,0.27,71
POS,0.21,-0.27,0.28,70
POS,0.18,-0.27,0.28,74
POS,0.19,-0.27,0.28,71
POS,0.18,-0.27,0.27,69
POS,0.16,-0.25,0.27,72
POS,0.19,-0.27,0.26,65
POS,0.19,-0.26,0.28,69
POS,0.17,-0.26,0.27,71
POS,0.16,-0.26,0.26,73
POS,0.16,-0.26,0.27,72
POS,0.16,-0.27,0.28,74
POS,0.16,-0.27,0.26,67
POS,0.16,-0.27,0.28,73
POS,0.17,-0.28,0.28,74
POS,0.17,-0.28,0.28,74
POS,0.18,-0.27,0.29,68
POS,0.16,-0.26,0.28,70
POS,0.16,-0.27,0.28,71
POS,0.17,-0.27,0.29,74
POS,0.18,-0.27,0.29,67
POS,0.17,-0.28,0.29,76
POS,0.17,-0.28,0.28,69
POS,0.15,-0.25,0.27,69
POS,0.17,-0.26,0.27,70
POS,0.18,-0.28,0.27,70
POS,0.19,-0.27,0.28,70
POS,0.17,-0.27,0.27,68
POS,0.16,-0.27,0.26,72
POS,0.17,-0.29,0.26,70
POS,0.18,-0.29,0.26,70
POS,0.17,-0.29,0.26,73
POS,0.17,-0.28,0.27,72
POS,0.17,-0.27,0.26,67
POS,0.19,-0.29,0.27,70
POS,0.17,-0.28,0.26,69
POS,0.18,-0.27,0.28,71
POS,0.19,-0.28,0.28,71
POS,0.19,-0.26,0.29,69
POS,0.20,-0.28,0.28,69
POS,0.20,-0.27,0.30,73
POS,0.19,-0.25,0.29,66
POS,0.20,-0.28,0.28,72
POS,0.30,-0.20,0.24,77
POS,0.27,-0.21,0.25,71
POS,0.26,-0.22,0.26,67
POS,0.26,-0.24,0.27,68
POS,0.25,-0.25,0.27,66
POS,0.25,-0.27,0.26,67
POS,0.24,-0.26,0.28,73
POS,0.24,-0.27,0.29,70
POS,0.24,-0.28,0.29,71
POS,0.23,-0.28,0.30,71
POS,0.22,-0.28,0.29,70
POS,0.20,-0.29,0.29,74
POS,0.20,-0.28,0.29,71
POS,0.22,-0.29,0.28,67
POS,0.22,-0.29,0.30,69
POS,0.23,-0.29,0.29,65
POS,0.22,-0.28,0.28,71
POS,0.20,-0.28,0.29,75
POS,0.21,-0.29,0.28,69
POS,0.21,-0.29,0.29,71
POS,0.20,-0.29,0.30,75
POS,0.20,-0.30,0.27,69
POS,0.21,-0.30,0.28,70
POS,0.20,-0.30,0.28,73
POS,0.18,-0.28,0.28,71
POS,0.19,-0.29,0.28,70
POS,0.19,-0.31,0.26,72
POS,0.18,-0.28,0.27,70
POS,0.19,-0.29,0.27,69
POS,0.20,-0.28,0.27,68
POS,0.18,-0.28,0.26,70
POS,0.18,-0.29,0.27,74
POS,0.16,-0.28,0.26,72
POS,0.17,-0.28,0.27,70
POS,0.19,-0.29,0.26,65
POS,0.17,-0.29,0.25,73
POS,0.17,-0.29,0.26,72
POS,0.16,-0.28,0.27,75
POS,0.16,-0.28,0.27,71
POS,0.19,-0.28,0.28,69
POS,0.20,-0.29,0.29,70
POS,0.20,-0.29,0.29,70
POS,0.22,-0.30,0.29,71
POS,0.20,-0.30,0.29,75
POS,0.21,-0.30,0.29,69
POS,0.21,-0.28,0.30,69
POS,0.21,-0.29,0.29,73
POS,0.19,-0.28,0.30,73
POS,0.18,-0.28,0.28,69
POS,0.20,-0.27,0.28,65
POS,0.21,-0.29,0.28,69
POS,0.21,-0.29,0.28,73
POS,0.20,-0.29,0.28,72
POS,0.20,-0.30,0.27,72
POS,0.18,-0.30,0.25,68
POS,0.17,-0.30,0.25,72
POS,0.16,-0.29,0.25,71
POS,0.19,-0.30,0.25,68
POS,0.18,-0.31,0.26,77
POS,0.22,-0.32,0.25,64
POS,0.20,-0.31,0.26,75
POS,0.20,-0.31,0.25,70
POS,0.21,-0.30,0.26,65
POS,0.22,-0.29,0.27,67
POS,0.20,-0.29,0.27,72
POS,0.20,-0.29,0.27,71
POS,0.20,-0.28,0.28,70
POS,0.18,-0.29,0.26,72
POS,0.17,-0.29,0.24,67
POS,0.19,-0.29,0.25,65
POS,0.19,-0.29,0.26,71
POS,0.20,-0.30,0.26,68
POS,0.20,-0.28,0.27,71
POS,0.21,-0.27,0.28,67
POS,0.20,-0.28,0.28,73
POS,0.19,-0.29,0.27,71
POS,0.20,-0.28,0.26,65
POS,0.18,-0.28,0.27,75
POS,0.17,-0.29,0.25,70
POS,0.19,-0.29,0.25,67
POS,0.18,-0.29,0.25,70
POS,0.20,-0.30,0.24,65
POS,0.22,-0.29,0.26,61
POS,0.22,-0.29,0.27,71
POS,0.24,-0.28,0.28,64
POS,0.23,-0.27,0.28,67
POS,0.22,-0.26,0.28,64
POS,0.21,-0.27,0.29,76
POS,0.20,-0.27,0.29,72
POS,0.19,-0.27,0.30,77
POS,0.17,-0.27,0.28,67
POS,0.17,-0.26,0.27,68
POS,0.15,-0.26,0.26,69
POS,0.16,-0.27,0.27,73
POS,0.18,-0.27,0.27,68
POS,0.17,-0.27,0.28,74
POS,0.16,-0.27,0.27,72
POS,0.18,-0.28,0.28,70
POS,0.18,-0.27,0.28,71
POS,0.17,-0.28,0.28,74
POS,0.16,-0.28,0.26,71
POS,0.18,-0.28,0.28,68
POS,0.19,-0.28,0.28,69
POS,0.18,-0.28,0.27,69
POS,0.19,-0.30,0.28,76
POS,0.19,-0.29,0.29,72
POS,0.20,-0.31,0.27,71
POS,0.22,-0.31,0.30,71
POS,0.20,-0.31,0.29,74
POS,0.20,-0.30,0.30,73
POS,0.21,-0.30,0.29,69
POS,0.21,-0.31,0.29,70
POS,0.20,-0.32,0.28,76
POS,0.20,-0.33,0.28,72
POS,0.19,-0.32,0.27,74
POS,0.17,-0.31,0.27,72
POS,0.17,-0.31,0.27,75
POS,0.20,-0.32,0.28,70
POS,0.18,-0.30,0.29,77
POS,0.19,-0.30,0.30,71
POS,0.21,-0.30,0.28,64
POS,0.21,-0.29,0.29,70
POS,0.20,-0.28,0.29,74
POS,0.19,-0.26,0.30,72
POS,0.20,-0.28,0.28,68
POS,0.18,-0.28,0.28,75
POS,0.16,-0.28,0.26,71
POS,0.17,-0.28,0.27,71
POS,0.17,-0.27,0.28,74
POS,0.19,-0.27,0.30,70
POS,0.18,-0.28,0.29,72
POS,0.18,-0.28,0.28,74
POS,0.16,-0.28,0.28,74
POS,0.19,-0.28,0.29,69
POS,0.18,-0.27,0.29,70
POS,0.17,-0.25,0.30,77
POS,0.19,-0.27,0.31,70
POS,0.21,-0.28,0.30,66
POS,0.23,-0.28,0.31,68
POS,0.21,-0.28,0.30,74
POS,0.23,-0.28,0.31,70
POS,0.24,-0.29,0.31,68
POS,0.23,-0.29,0.31,72
POS,0.24,-0.30,0.31,69
POS,0.24,-0.31,0.28,66
POS,0.24,-0.30,0.29,66
POS,0.27,-0.30,0.29,62
POS,0.24,-0.30,0.29,75
POS,0.23,-0.30,0.29,72
POS,0.23,-0.29,0.30,70
POS,0.22,-0.30,0.30,74
POS,0.22,-0.30,0.30,70
POS,0.19,-0.29,0.30,77
POS,0.18,-0.28,0.28,62
POS,0.21,-0.29,0.28,69
POS,0.21,-0.29,0.28,69
POS,0.18,-0.29,0.27,74
POS,0.21,-0.29,0.27,64
POS,0.21,-0.29,0.28,70
POS,0.22,-0.30,0.28,69
POS,0.22,-0.30,0.28,72
POS,0.23,-0.31,0.28,68
POS,0.24,-0.32,0.27,68
POS,0.22,-0.31,0.27,72
POS,0.23,-0.31,0.26,62
POS,0.24,-0.31,0.28,68
POS,0.23,-0.30,0.28,72
POS,0.24,-0.29,0.30,70
POS,0.23,-0.30,0.29,72
POS,0.21,-0.29,0.31,78
POS,0.20,-0.28,0.31,71
POS,0.22,-0.28,0.30,64
POS,0.22,-0.26,0.32,72
POS,0.24,-0.27,0.31,63
POS,0.26,-0.28,0.31,68
POS,0.27,-0.30,0.29,65
POS,0.29,-0.30,0.29,62
POS,0.27,-0.29,0.29,70
POS,0.28,-0.30,0.29,64
POS,0.27,-0.31,0.29,71
POS,0.25,-0.30,0.28,67
POS,0.23,-0.30,0.27,72
POS,0.22,-0.31,0.27,73
POS,0.22,-0.31,0.27,70
POS,0.22,-0.31,0.27,70
POS,0.21,-0.30,0.27,73
POS,0.20,-0.29,0.28,73
POS,0.21,-0.29,0.28,65
POS,0.21,-0.30,0.28,71
POS,0.21,-0.29,0.29,71
POS,0.21,-0.30,0.29,71
POS,0.22,-0.30,0.28,68
POS,0.22,-0.30,0.29,69
POS,0.23,-0.29,0.29,66
POS,0.24,-0.29,0.30,68
POS,0.24,-0.29,0.29,67
POS,0.25,-0.28,0.29,65
POS,0.25,-0.28,0.31,72
POS,0.26,-0.29,0.31,66
POS,0.26,-0.29,0.30,67
POS,0.26,-0.31,0.29,70
POS,0.25,-0.31,0.30,70
POS,0.25,-0.30,0.30,69
POS,0.25,-0.31,0.28,66
POS,0.24,-0.31,0.28,71
POS,0.25,-0.29,0.28,62
POS,0.23,-0.30,0.28,75
POS,0.21,-0.27,0.30,74
POS,0.22,-0.28,0.28,63
POS,0.21,-0.27,0.29,72
POS,0.21,-0.29,0.27,71
POS,0.21,-0.28,0.27,67
POS,0.21,-0.28,0.28,70
POS,0.21,-0.27,0.29,70
POS,0.21,-0.27,0.29,70
POS,0.19,-0.28,0.29,76
POS,0.22,-0.30,0.28,67
POS,0.20,-0.30,0.28,75
POS,0.20,-0.31,0.28,73
POS,0.20,-0.31,0.28,73
POS,0.20,-0.30,0.12,90
POS,0.20,-0.31,0.16,72
POS,0.21,-0.30,0.20,70
POS,0.21,-0.31,0.22,72
POS,0.21,-0.30,0.24,71
POS,0.19,-0.30,0.25,76
POS,0.18,-0.29,0.26,72
POS,0.18,-0.28,0.27,75
POS,0.21,-0.29,0.27,64
POS,0.22,-0.29,0.28,70
POS,0.20,-0.29,0.28,73
POS,0.20,-0.30,0.28,73
POS,0.17,-0.27,0.28,73
POS,0.19,-0.28,0.29,69
POS,0.17,-0.29,0.27,73
POS,0.18,-0.28,0.27,69
POS,0.18,-0.27,0.29,71
POS,0.17,-0.26,0.28,68
POS,0.17,-0.23,0.29,70
POS,0.17,-0.25,0.27,67
POS,0.17,-0.26,0.26,68
POS,0.17,-0.24,0.29,73
POS,0.17,-0.26,0.28,74
POS,0.17,-0.28,0.28,73
POS,0.17,-0.28,0.27,71
POS,0.18,-0.28,0.28,71
POS,0.19,-0.28,0.29,72
POS,0.19,-0.28,0.30,71
POS,0.20,-0.28,0.30,71
POS,0.18,-0.25,0.30,74
POS,0.17,-0.22,0.30,70
POS,0.16,-0.23,0.29,72
POS,0.18,-0.24,0.30,70
POS,0.19,-0.24,0.30,66
POS,0.17,-0.24,0.30,75
POS,0.16,-0.23,0.29,69
POS,0.18,-0.26,0.27,69
POS,0.19,-0.28,0.27,70
POS,0.21,-0.30,0.27,69
POS,0.23,-0.30,0.27,66
POS,0.21,-0.29,0.29,76
POS,0.20,-0.28,0.29,72
POS,0.21,-0.28,0.30,69
POS,0.21,-0.28,0.29,71
POS,0.23,-0.30,0.29,68
POS,0.23,-0.29,0.29,70
POS,0.22,-0.29,0.29,70
POS,0.23,-0.29,0.30,71
POS,0.23,-0.29,0.30,68
POS,0.21,-0.28,0.29,73
POS,0.20,-0.29,0.28,70
POS,0.21,-0.30,0.27,69
POS,0.22,-0.29,0.29,70
POS,0.20,-0.30,0.28,75
POS,0.20,-0.29,0.29,71
POS,0.19,-0.30,0.27,73
POS,0.18,-0.28,0.26,60
POS,0.19,-0.29,0.27,71
POS,0.19,-0.29,0.26,72
POS,0.17,-0.28,0.27,74
POS,0.20,-0.28,0.27,61
POS,0.20,-0.29,0.27,72
POS,0.21,-0.29,0.27,69
POS,0.19,-0.27,0.30,76
POS,0.20,-0.26,0.30,69
POS,0.21,-0.27,0.30,68
POS,0.21,-0.29,0.29,71
POS,0.20,-0.28,0.29,76
POS,0.20,-0.27,0.30,70
POS,0.18,-0.28,0.29,74
POS,0.16,-0.27,0.28,72
POS,0.16,-0.25,0.29,72
POS,0.16,-0.25,0.29,72
POS,0.19,-0.27,0.28,64
POS,0.19,-0.27,0.27,70
POS,0.20,-0.27,0.28,66
POS,0.18,-0.26,0.27,67
POS,0.17,-0.26,0.26,69
POS,0.17,-0.27,0.27,74
POS,0.18,-0.27,0.27,70
POS,0.17,-0.28,0.25,71
POS,0.18,-0.30,0.26,73
POS,0.20,-0.31,0.27,70
POS,0.19,-0.29,0.27,71
POS,0.17,-0.29,0.25,68
POS,0.16,-0.29,0.26,75
POS,0.15,-0.28,0.28,78
POS,0.16,-0.28,0.28,72
POS,0.17,-0.28,0.28,71
POS,0.17,-0.28,0.27,69
POS,0.18,-0.28,0.27,66
POS,0.18,-0.28,0.26,70
POS,0.17,-0.26,0.26,69
POS,0.17,-0.26,0.26,68
POS,0.21,-0.27,0.28,70
POS,0.20,-0.27,0.29,71
POS,0.20,-0.28,0.29,73
POS,0.23,-0.29,0.28,66
POS,0.24,-0.30,0.27,64
POS,0.25,-0.29,0.28,65
POS,0.24,-0.30,0.28,69
POS,0.22,-0.30,0.28,74
POS,0.22,-0.30,0.28,70
POS,0.22,-0.30,0.27,71
POS,0.22,-0.30,0.27,64
POS,0.22,-0.30,0.27,70
POS,0.22,-0.30,0.28,70
POS,0.22,-0.30,0.28,70
POS,0.21,-0.30,0.29,74
POS,0.21,-0.28,0.29,71
POS,0.22,-0.29,0.29,67
POS,0.26,-0.29,0.29,61
POS,0.23,-0.29,0.28,72
POS,0.22,-0.29,0.28,73
POS,0.21,-0.30,0.28,73
POS,0.21,-0.30,0.28,71
POS,0.20,-0.28,0.29,73
POS,0.21,-0.29,0.28,68
POS,0.21,-0.29,0.29,71
POS,0.22,-0.28,0.29,66
POS,0.20,-0.28,0.29,74
POS,0.20,-0.28,0.30,72
POS,0.19,-0.27,0.29,71
POS,0.18,-0.28,0.28,71
POS,0.16,-0.27,0.26,69
POS,0.20,-0.28,0.27,63
POS,0.20,-0.29,0.27,73
POS,0.20,-0.29,0.27,70
POS,0.21,-0.30,0.28,71
POS,0.22,-0.30,0.28,67
POS,0.23,-0.29,0.29,67
POS,0.21,-0.29,0.30,75
POS,0.24,-0.29,0.29,63
POS,0.23,-0.30,0.29,73
POS,0.23,-0.30,0.29,69
POS,0.23,-0.30,0.28,71
POS,0.23,-0.30,0.29,70
POS,0.21,-0.30,0.29,76
POS,0.22,-0.31,0.29,69
POS,0.22,-0.31,0.29,68
POS,0.22,-0.30,0.28,68
POS,0.23,-0.30,0.28,66
POS,0.21,-0.31,0.28,76
POS,0.23,-0.30,0.28,64
POS,0.23,-0.30,0.28,69
POS,0.24,-0.32,0.27,70
POS,0.22,-0.32,0.27,74
POS,0.22,-0.31,0.28,70
POS,0.21,-0.31,0.27,71
POS,0.22,-0.30,0.26,66
POS,0.22,-0.29,0.26,65
POS,0.21,-0.29,0.28,72
POS,0.21,-0.29,0.28,72
POS,0.21,-0.28,0.29,69
POS,0.23,-0.28,0.30,68
POS,0.23,-0.29,0.28,68
POS,0.25,-0.29,0.29,66
POS,0.23,-0.29,0.29,72
POS,0.21,-0.30,0.28,75
POS,0.20,-0.30,0.27,70
POS,0.20,-0.30,0.28,72
POS,0.17,-0.30,0.26,74
POS,0.18,-0.30,0.27,69
POS,0.18,-0.30,0.26,72
POS,0.17,-0.30,0.27,75
POS,0.20,-0.30,0.28,67
POS,0.20,-0.28,0.29,72
POS,0.20,-0.29,0.29,71
POS,0.19,-0.30,0.28,73
POS,0.18,-0.28,0.28,70
POS,0.16,-0.26,0.27,70
POS,0.16,-0.26,0.28,73
POS,0.18,-0.28,0.27,68
POS,0.18,-0.29,0.26,75
POS,0.20,-0.31,0.25,66
POS,0.20,-0.29,0.26,68
POS,0.21,-0.29,0.26,68
POS,0.24,-0.31,0.27,67
POS,0.23,-0.30,0.27,71
POS,0.23,-0.30,0.28,68
POS,0.22,-0.30,0.28,73
POS,0.21,-0.31,0.27,72
POS,0.21,-0.30,0.27,69
POS,0.21,-0.30,0.27,68
POS,0.22,-0.29,0.28,69
POS,0.21,-0.29,0.28,70
POS,0.21,-0.29,0.28,69
POS,0.20,-0.28,0.27,69
POS,0.20,-0.29,0.27,71
POS,0.20,-0.30,0.27,71
POS,0.22,-0.29,0.29,70
POS,0.20,-0.28,0.29,72
POS,0.21,-0.29,0.28,67
POS,0.22,-0.30,0.29,72
POS,0.23,-0.31,0.29,70
POS,0.21,-0.31,0.28,73
POS,0.22,-0.31,0.28,65
POS,0.24,-0.30,0.26,57
POS,0.23,-0.29,0.28,73
POS,0.23,-0.29,0.29,70
POS,0.21,-0.27,0.27,65
POS,0.19,-0.27,0.28,73
POS,0.18,-0.29,0.27,76
POS,0.18,-0.29,0.27,71
POS,0.16,-0.29,0.26,72
POS,0.17,-0.29,0.27,72
POS,0.15,-0.28,0.27,76
POS,0.17,-0.28,0.28,68
POS,0.17,-0.28,0.26,68
POS,0.17,-0.28,0.27,70
POS,0.15,-0.26,0.27,72
POS,0.14,-0.24,0.27,72
POS,0.15,-0.26,0.27,72
POS,0.15,-0.25,0.28,73
POS,0.15,-0.26,0.27,73
POS,0.17,-0.27,0.28,69
POS,0.17,-0.27,0.28,74
POS,0.17,-0.26,0.28,71
POS,0.17,-0.26,0.29,69
POS,0.18,-0.28,0.28,75
POS,0.19,-0.28,0.27,66
POS,0.19,-0.29,0.28,70
POS,0.20,-0.29,0.28,70
POS,0.23,-0.30,0.28,66
POS,0.21,-0.29,0.28,72
POS,0.21,-0.28,0.29,72
POS,0.23,-0.29,0.29,68
POS,0.22,-0.29,0.29,70
POS,0.22,-0.29,0.30,73
POS,0.22,-0.29,0.30,68
POS,0.21,-0.28,0.30,72
POS,0.21,-0.30,0.29,72
POS,0.20,-0.28,0.30,72
POS,0.21,-0.28,0.30,69
POS,0.19,-0.28,0.30,75
POS,0.19,-0.27,0.29,69
POS,0.17,-0.27,0.27,67
POS,0.21,-0.27,0.29,69
POS,0.21,-0.27,0.29,68
POS,0.21,-0.28,0.28,69
POS,0.22,-0.28,0.28,65
POS,0.21,-0.29,0.28,73
POS,0.20,-0.28,0.29,74
POS,0.21,-0.29,0.28,70
POS,0.18,-0.29,0.29,77
POS,0.19,-0.27,0.29,66
POS,0.20,-0.29,0.28,69
POS,0.21,-0.29,0.29,73
POS,0.23,-0.29,0.29,66
POS,0.21,-0.29,0.30,75
POS,0.20,-0.30,0.28,71
POS,0.19,-0.29,0.28,73
POS,0.17,-0.29,0.27,71
POS,0.17,-0.29,0.27,75
POS,0.20,-0.30,0.27,65
POS,0.22,-0.29,0.27,64
POS,0.20,-0.31,0.27,76
POS,0.20,-0.30,0.29,74
POS,0.20,-0.31,0.29,72
POS,0.22,-0.31,0.29,70
POS,0.22,-0.31,0.29,70
POS,0.20,-0.31,0.29,75
POS,0.19,-0.30,0.29,77
POS,0.18,-0.30,0.28,73
POS,0.19,-0.30,0.29,70
POS,0.18,-0.31,0.27,71
POS,0.19,-0.31,0.27,71
POS,0.17,-0.29,0.27,72
POS,0.17,-0.27,0.28,70
POS,0.18,-0.28,0.26,69
POS,0.19,-0.29,0.27,69
POS,0.19,-0.29,0.26,70
POS,0.19,-0.29,0.28,72
POS,0.18,-0.27,0.28,73
POS,0.19,-0.28,0.28,69
POS,0.20,-0.29,0.27,69
POS,0.20,-0.29,0.27,70
POS,0.21,-0.28,0.29,67
POS,0.22,-0.28,0.30,70
POS,0.21,-0.29,0.29,72
POS,0.20,-0.28,0.29,71
POS,0.21,-0.27,0.29,66
POS,0.23,-0.30,0.28,70
POS,0.22,-0.30,0.28,72
POS,0.22,-0.30,0.29,71
POS,0.22,-0.29,0.30,71
POS,0.23,-0.29,0.30,65
POS,0.21,-0.29,0.28,72
POS,0.23,-0.29,0.29,68
POS,0.24,-0.29,0.29,65
POS,0.23,-0.29,0.29,71
POS,0.22,-0.29,0.30,72
POS,0.23,-0.30,0.29,69
POS,0.24,-0.29,0.30,66
POS,0.24,-0.30,0.29,69
POS,0.24,-0.31,0.28,71
POS,0.24,-0.31,0.28,70
POS,0.24,-0.32,0.28,70
POS,0.24,-0.31,0.28,69
POS,0.23,-0.31,0.29,72
POS,0.23,-0.31,0.28,68
POS,0.23,-0.30,0.29,69
POS,0.22,-0.30,0.30,75
POS,0.23,-0.30,0.30,69
POS,0.23,-0.31,0.29,71
POS,0.32,-0.22,0.25,75
POS,0.30,-0.24,0.25,70
POS,0.29,-0.25,0.29,71
POS,0.28,-0.27,0.27,66
POS,0.29,-0.28,0.28,67
POS,0.27,-0.28,0.28,70
POS,0.25,-0.29,0.29,73
POS,0.26,-0.29,0.29,67
POS,0.25,-0.28,0.30,69
POS,0.24,-0.27,0.30,68
POS,0.22,-0.27,0.29,72
POS,0.21,-0.28,0.30,74
POS,0.21,-0.29,0.28,70
POS,0.19,-0.28,0.29,76
POS,0.17,-0.26,0.29,75
POS,0.17,-0.26,0.29,71
POS,0.17,-0.26,0.27,65
POS,0.17,-0.27,0.28,72
POS,0.17,-0.28,0.27,71
POS,0.16,-0.27,0.27,74
POS,0.16,-0.28,0.26,72
POS,0.17,-0.29,0.27,74
POS,0.15,-0.28,0.24,65
POS,0.16,-0.28,0.25,67
POS,0.19,-0.30,0.26,71
POS,0.18,-0.29,0.25,66
POS,0.19,-0.29,0.26,68
POS,0.20,-0.28,0.27,66
POS,0.20,-0.30,0.27,73
POS,0.21,-0.29,0.27,68
POS,0.23,-0.29,0.27,63
POS,0.22,-0.30,0.27,71
POS,0.21,-0.30,0.26,71
POS,0.22,-0.30,0.27,65
POS,0.22,-0.30,0.28,73
POS,0.21,-0.30,0.27,68
POS,0.19,-0.30,0.26,72
POS,0.19,-0.28,0.26,65
POS,0.19,-0.29,0.26,74
POS,0.18,-0.30,0.25,73
POS,0.19,-0.30,0.25,66
POS,0.18,-0.29,0.25,71
POS,0.18,-0.28,0.28,73
POS,0.17,-0.25,0.29,73
POS,0.19,-0.27,0.29,69
POS,0.19,-0.26,0.29,69
POS,0.19,-0.27,0.28,71
POS,0.18,-0.26,0.29,72
POS,0.18,-0.26,0.27,65
POS,0.19,-0.27,0.26,68
POS,0.17,-0.26,0.27,72
POS,0.19,-0.26,0.26,65
POS,0.20,-0.28,0.27,71
POS,0.20,-0.28,0.27,68
POS,0.19,-0.28,0.26,69
POS,0.21,-0.29,0.26,65
POS,0.19,-0.28,0.26,71
POS,0.19,-0.28,0.26,69
POS,0.19,-0.28,0.26,70
POS,0.20,-0.29,0.26,69
POS,0.21,-0.30,0.26,70
POS,0.18,-0.29,0.27,75
POS,0.18,-0.29,0.27,74
POS,0.20,-0.28,0.29,67
POS,0.24,-0.28,0.28,59
POS,0.24,-0.28,0.29,69
POS,0.22,-0.30,0.27,73
POS,0.22,-0.29,0.27,66
POS,0.21,-0.29,0.28,71
POS,0.24,-0.30,0.28,68
POS,0.23,-0.30,0.28,72
POS,0.22,-0.31,0.28,74
POS,0.23,-0.31,0.29,69
POS,0.22,-0.30,0.29,72
POS,0.23,-0.29,0.30,68
POS,0.24,-0.31,0.28,66
POS,0.20,-0.30,0.27,75
POS,0.22,-0.30,0.27,64
POS,0.22,-0.28,0.28,67
POS,0.25,-0.29,0.29,63
POS,0.24,-0.29,0.29,70
POS,0.23,-0.29,0.29,70
POS,0.24,-0.29,0.29,70
POS,0.22,-0.29,0.30,74
POS,0.21,-0.28,0.29,70
POS,0.20,-0.29,0.29,73
POS,0.20,-0.29,0.28,70
POS,0.21,-0.29,0.29,70
POS,0.20,-0.29,0.30,76
POS,0.21,-0.30,0.30,69
POS,0.21,-0.29,0.29,70
POS,0.19,-0.29,0.27,70
POS,0.20,-0.31,0.28,74
POS,0.21,-0.31,0.27,67
POS,0.19,-0.31,0.27,75
POS,0.17,-0.30,0.27,73
POS,0.16,-0.30,0.25,69
POS,0.19,-0.31,0.26,70
POS,0.19,-0.31,0.27,73
POS,0.18,-0.30,0.27,74
POS,0.19,-0.30,0.27,69
POS,0.18,-0.30,0.27,73
POS,0.20,-0.31,0.28,71
POS,0.20,-0.31,0.27,72
POS,0.20,-0.31,0.26,67
POS,0.20,-0.31,0.26,72
POS,0.23,-0.32,0.27,68
POS,0.23,-0.31,0.28,69
POS,0.25,-0.32,0.29,71
POS,0.23,-0.31,0.29,74
POS,0.22,-0.31,0.28,70
POS,0.23,-0.32,0.28,69
POS,0.23,-0.31,0.28,68
POS,0.23,-0.31,0.28,72
POS,0.22,-0.30,0.30,74
POS,0.21,-0.30,0.29,71
POS,0.21,-0.30,0.29,69
POS,0.21,-0.29,0.29,70
POS,0.21,-0.30,0.29,69
POS,0.23,-0.30,0.29,67
POS,0.22,-0.30,0.29,72
POS,0.24,-0.30,0.29,66
POS,0.24,-0.30,0.29,68
POS,0.22,-0.29,0.28,71
POS,0.20,-0.28,0.29,73
POS,0.18,-0.27,0.28,74
POS,0.16,-0.27,0.26,68
POS,0.17,-0.28,0.26,69
POS,0.19,-0.27,0.29,72
POS,0.20,-0.30,0.27,71
POS,0.20,-0.29,0.28,71
POS,0.20,-0.27,0.28,65
POS,0.19,-0.27,0.28,72
POS,0.19,-0.27,0.28,70
POS,0.20,-0.30,0.27,73
POS,0.19,-0.28,0.28,72
POS,0.17,-0.26,0.28,72
POS,0.18,-0.28,0.27,72
POS,0.16,-0.28,0.26,74
POS,0.16,-0.29,0.26,73
POS,0.17,-0.29,0.26,70
POS,0.18,-0.29,0.26,68
POS,0.18,-0.28,0.28,74
POS,0.19,-0.29,0.29,73
POS,0.19,-0.27,0.29,66
POS,0.18,-0.27,0.28,69
POS,0.19,-0.28,0.28,73
POS,0.17,-0.29,0.27,73
POS,0.19,-0.29,0.27,66
POS,0.18,-0.29,0.28,76
POS,0.19,-0.30,0.27,72
POS,0.18,-0.31,0.27,74
POS,0.17,-0.30,0.27,72
POS,0.16,-0.29,0.26,73
POS,0.17,-0.30,0.27,70
POS,0.18,-0.31,0.27,73
POS,0.18,-0.29,0.27,72
POS,0.18,-0.29,0.28,70
POS,0.17,-0.29,0.28,76
POS,0.18,-0.30,0.27,69
POS,0.19,-0.29,0.28,70
POS,0.20,-0.29,0.28,70
POS,0.19,-0.26,0.29,70
POS,0.20,-0.27,0.30,70
POS,0.19,-0.27,0.30,76
POS,0.18,-0.25,0.30,71
POS,0.16,-0.26,0.27,68
POS,0.18,-0.29,0.27,72
POS,0.20,-0.30,0.28,73
POS,0.20,-0.30,0.29,71
POS,0.21,-0.30,0.29,71
POS,0.21,-0.30,0.29,70
POS,0.22,-0.30,0.29,67
POS,0.23,-0.30,0.29,70
POS,0.21,-0.30,0.29,73
POS,0.21,-0.30,0.28,72
POS,0.20,-0.30,0.28,73
POS,0.19,-0.29,0.28,72
POS,0.20,-0.29,0.28,69
POS,0.18,-0.29,0.26,68
POS,0.19,-0.28,0.27,68
POS,0.18,-0.29,0.27,73
POS,0.19,-0.30,0.28,73
POS,0.20,-0.31,0.27,71
POS,0.19,-0.28,0.29,71
POS,0.20,-0.29,0.29,70
POS,0.19,-0.26,0.31,76
POS,0.20,-0.29,0.30,72
POS,0.20,-0.30,0.28,69
POS,0.19,-0.29,0.28,73
POS,0.20,-0.30,0.28,70
POS,0.19,-0.31,0.28,75
POS,0.18,-0.31,0.28,77
POS,0.19,-0.31,0.29,70
POS,0.21,-0.30,0.30,69
POS,0.21,-0.31,0.28,70
POS,0.22,-0.31,0.28,70
POS,0.20,-0.29,0.28,71
POS,0.23,-0.29,0.29,66
POS,0.21,-0.29,0.29,74
POS,0.20,-0.29,0.28,71
POS,0.19,-0.29,0.28,72
POS,0.18,-0.30,0.27,74
POS,0.17,-0.29,0.26,70
POS,0.16,-0.29,0.27,73
POS,0.16,-0.29,0.27,76
POS,0.16,-0.28,0.28,74
POS,0.16,-0.28,0.29,73
POS,0.16,-0.27,0.28,72
POS,0.16,-0.27,0.28,72
POS,0.16,-0.26,0.28,72
POS,0.17,-0.28,0.27,71
POS,0.18,-0.28,0.28,69
POS,0.17,-0.28,0.28,76
POS,0.18,-0.29,0.28,71
POS,0.19,-0.29,0.29,72
POS,0.18,-0.27,0.27,62
POS,0.18,-0.25,0.28,69
POS,0.22,-0.28,0.26,65
POS,0.22,-0.29,0.27,70
POS,0.22,-0.28,0.28,69
POS,0.22,-0.28,0.29,70
POS,0.21,-0.27,0.30,74
POS,0.21,-0.27,0.30,70
POS,0.22,-0.28,0.29,69
POS,0.21,-0.28,0.29,70
POS,0.21,-0.29,0.29,73
POS,0.20,-0.30,0.29,73
POS,0.21,-0.29,0.29,69
POS,0.21,-0.29,0.29,67
POS,0.22,-0.29,0.29,69
POS,0.23,-0.30,0.28,69
POS,0.20,-0.30,0.28,76
POS,0.22,-0.31,0.29,70
POS,0.22,-0.31,0.28,70
POS,0.21,-0.31,0.28,72
POS,0.21,-0.29,0.29,71
POS,0.22,-0.30,0.29,69
POS,0.22,-0.29,0.30,71
POS,0.20,-0.29,0.29,75
POS,0.17,-0.27,0.30,77
POS,0.20,-0.29,0.29,68
POS,0.22,-0.29,0.29,66
POS,0.21,-0.30,0.29,74
POS,0.19,-0.30,0.29,75
POS,0.19,-0.31,0.28,72
POS,0.19,-0.28,0.29,69
POS,0.18,-0.27,0.29,73
POS,0.19,-0.27,0.31,73
POS,0.20,-0.28,0.30,69
POS,0.20,-0.28,0.29,70
POS,0.22,-0.30,0.29,69
POS,0.21,-0.29,0.30,72
POS,0.23,-0.29,0.30,68
POS,0.22,-0.29,0.30,68
POS,0.21,-0.28,0.30,74
POS,0.21,-0.29,0.29,70
POS,0.22,-0.30,0.29,70
POS,0.22,-0.32,0.28,73
POS,0.22,-0.31,0.28,70
POS,0.23,-0.30,0.29,68
POS,0.23,-0.30,0.30,71
POS,0.23,-0.30,0.30,70
POS,0.22,-0.29,0.30,72
POS,0.23,-0.30,0.29,64
POS,0.23,-0.29,0.28,67
POS,0.21,-0.29,0.28,75
POS,0.21,-0.28,0.29,69
POS,0.20,-0.27,0.29,72
POS,0.21,-0.28,0.29,67
POS,0.21,-0.29,0.28,70
POS,0.20,-0.28,0.29,75
POS,0.19,-0.28,0.28,67
POS,0.20,-0.27,0.28,64
POS,0.20,-0.28,0.28,71
POS,0.20,-0.29,0.27,71
POS,0.21,-0.28,0.28,66
POS,0.22,-0.30,0.28,71
POS,0.21,-0.29,0.28,72
POS,0.20,-0.29,0.28,70
POS,0.20,-0.29,0.28,71
POS,0.20,-0.28,0.28,71
POS,0.19,-0.28,0.26,68
POS,0.18,-0.27,0.26,68
POS,0.18,-0.28,0.26,72
POS,0.19,-0.28,0.26,67
POS,0.21,-0.28,0.26,62
POS,0.21,-0.29,0.27,71
POS,0.18,-0.28,0.28,76
POS,0.18,-0.28,0.26,68
POS,0.19,-0.29,0.27,69
POS,0.17,-0.28,0.26,70
POS,0.17,-0.28,0.26,69
POS,0.18,-0.29,0.26,72
POS,0.19,-0.30,0.26,69
POS,0.19,-0.29,0.28,71
POS,0.21,-0.30,0.26,71
POS,0.21,-0.30,0.27,71
POS,0.21,-0.30,0.27,72
POS,0.22,-0.30,0.28,67
POS,0.22,-0.30,0.28,71
POS,0.22,-0.30,0.28,69
POS,0.22,-0.30,0.28,71
POS,0.21,-0.30,0.28,73
POS,0.21,-0.31,0.28,68
POS,0.20,-0.31,0.28,74
POS,0.21,-0.32,0.28,72
POS,0.21,-0.31,0.28,67
POS,0.23,-0.31,0.27,67
POS,0.23,-0.30,0.28,70
POS,0.22,-0.30,0.28,70
POS,0.23,-0.30,0.28,64
POS,0.21,-0.29,0.29,76
POS,0.21,-0.27,0.30,69
POS,0.20,-0.27,0.30,74
POS,0.21,-0.29,0.27,68
POS,0.20,-0.29,0.28,73
POS,0.19,-0.30,0.28,74
POS,0.17,-0.28,0.28,75
POS,0.16,-0.27,0.28,71
POS,0.17,-0.27,0.28,71
POS,0.18,-0.29,0.28,73
POS,0.17,-0.29,0.27,72
POS,0.18,-0.29,0.27,70
POS,0.17,-0.28,0.28,75
POS,0.17,-0.29,0.27,71
POS,0.17,-0.29,0.29,75
POS,0.18,-0.28,0.29,69
POS,0.19,-0.30,0.28,72
POS,0.21,-0.29,0.30,68
POS,0.21,-0.31,0.28,74
POS,0.20,-0.31,0.27,71
POS,0.19,-0.30,0.27,72
POS,0.20,-0.31,0.28,74
POS,0.21,-0.32,0.28,70
POS,0.21,-0.32,0.28,71
POS,0.23,-0.32,0.28,67
POS,0.22,-0.30,0.28,67
POS,0.21,-0.30,0.29,74
POS,0.21,-0.29,0.29,73
POS,0.21,-0.30,0.28,69
POS,0.21,-0.31,0.28,72
POS,0.22,-0.30,0.28,65
POS,0.21,-0.29,0.29,72
POS,0.21,-0.28,0.29,71
POS,0.22,-0.28,0.30,70
POS,0.22,-0.28,0.31,71
POS,0.21,-0.28,0.30,69
POS,0.21,-0.29,0.28,70
POS,0.22,-0.28,0.29,67
POS,0.20,-0.28,0.30,75
POS,0.22,-0.28,0.29,65
POS,0.23,-0.29,0.29,69
POS,0.21,-0.29,0.29,73
POS,0.22,-0.29,0.29,71
POS,0.22,-0.30,0.28,70
POS,0.22,-0.29,0.30,71
POS,0.21,-0.28,0.30,71
POS,0.20,-0.28,0.30,74
POS,0.21,-0.29,0.30,69
POS,0.22,-0.30,0.27,67
POS,0.20,-0.30,0.26,71
POS,0.20,-0.30,0.26,68
POS,0.21,-0.29,0.27,67
POS,0.21,-0.28,0.27,63
POS,0.21,-0.28,0.28,73
POS,0.20,-0.28,0.27,69
POS,0.21,-0.28,0.28,70
POS,0.20,-0.29,0.28,72
POS,0.20,-0.29,0.27,68
POS,0.21,-0.29,0.27,64
POS,0.22,-0.29,0.27,69
POS,0.23,-0.29,0.27,66
POS,0.21,-0.29,0.27,72
POS,0.22,-0.29,0.27,67
POS,0.22,-0.30,0.27,71
POS,0.23,-0.31,0.26,66
POS,0.22,-0.31,0.26,70
POS,0.24,-0.31,0.27,67
POS,0.22,-0.29,0.28,74
POS,0.20,-0.28,0.29,74
POS,0.22,-0.28,0.30,67
POS,0.21,-0.29,0.28,68
POS,0.20,-0.28,0.28,71
POS,0.21,-0.28,0.28,67
POS,0.22,-0.28,0.28,63
POS,0.21,-0.30,0.27,75
POS,0.21,-0.29,0.27,66
POS,0.21,-0.30,0.27,71
POS,0.21,-0.29,0.27,70
POS,0.21,-0.30,0.26,69
POS,0.20,-0.30,0.27,75
POS,0.19,-0.29,0.26,70
POS,0.18,-0.30,0.25,71
POS,0.19,-0.31,0.26,72
POS,0.17,-0.30,0.25,70
POS,0.17,-0.29,0.26,73
POS,0.18,-0.29,0.27,72
POS,0.17,-0.29,0.27,73
POS,0.18,-0.29,0.28,69
POS,0.18,-0.28,0.28,69
POS,0.18,-0.27,0.26,64
POS,0.19,-0.27,0.28,70
POS,0.16,-0.26,0.27,70
POS,0.18,-0.25,0.27,64
POS,0.17,-0.28,0.27,76
POS,0.16,-0.26,0.26,69
POS,0.18,-0.27,0.28,71
POS,0.18,-0.27,0.28,72
POS,0.18,-0.27,0.28,73
POS,0.18,-0.27,0.28,71
POS,0.19,-0.28,0.28,69
POS,0.18,-0.27,0.30,77
POS,0.17,-0.27,0.30,74
POS,0.19,-0.27,0.30,69
POS,0.18,-0.27,0.30,73
POS,0.18,-0.27,0.28,68
POS,0.18,-0.27,0.30,74
POS,0.17,-0.28,0.31,78
POS,0.16,-0.27,0.28,64
POS,0.15,-0.27,0.28,74
POS,0.17,-0.28,0.29,72
POS,0.15,-0.28,0.28,74
POS,0.17,-0.29,0.27,71
POS,0.17,-0.30,0.26,73
POS,0.16,-0.29,0.27,73
POS,0.20,-0.28,0.29,65
POS,0.20,-0.29,0.27,71
POS,0.18,-0.30,0.26,73
POS,0.17,-0.28,0.28,74
POS,0.18,-0.28,0.27,67
POS,0.17,-0.26,0.28,73
POS,0.15,-0.24,0.27,70
POS,0.17,-0.26,0.28,73
POS,0.17,-0.27,0.27,71
POS,0.16,-0.27,0.27,71
POS,0.17,-0.28,0.26,71
POS,0.17,-0.28,0.27,73
POS,0.17,-0.27,0.27,70
POS,0.17,-0.27,0.27,70
POS,0.16,-0.27,0.26,71
POS,0.16,-0.26,0.28,73
POS,0.17,-0.27,0.27,70
POS,0.16,-0.27,0.28,75
POS,0.16,-0.27,0.28,73
POS,0.16,-0.28,0.29,75
POS,0.17,-0.28,0.28,71
POS,0.18,-0.26,0.28,67
POS,0.17,-0.26,0.28,69
POS,0.18,-0.27,0.28,73
POS,0.18,-0.26,0.28,68
POS,0.17,-0.25,0.28,70
POS,0.18,-0.26,0.29,71
POS,0.19,-0.27,0.28,70
POS,0.19,-0.27,0.28,71
POS,0.17,-0.26,0.27,70
POS,0.17,-0.26,0.28,73
POS,0.16,-0.23,0.29,73
POS,0.17,-0.24,0.29,69
POS,0.16,-0.26,0.28,73
POS,0.17,-0.26,0.28,72
POS,0.17,-0.26,0.27,63
POS,0.16,-0.24,0.28,73
POS,0.17,-0.27,0.26,71
POS,0.18,-0.27,0.26,70
POS,0.20,-0.29,0.27,71
POS,0.21,-0.29,0.28,67
POS,0.19,-0.29,0.28,76
POS,0.20,-0.28,0.29,70
POS,0.18,-0.28,0.29,72
POS,0.18,-0.25,0.29,70
POS,0.15,-0.24,0.29,76
POS,0.18,-0.26,0.29,71
POS,0.18,-0.27,0.28,68
POS,0.15,-0.27,0.28,76
POS,0.16,-0.27,0.28,72
POS,0.17,-0.28,0.28,69
POS,0.16,-0.27,0.27,68
POS,0.15,-0.26,0.26,70
POS,0.16,-0.27,0.27,72
POS,0.15,-0.24,0.27,74
POS,0.18,-0.26,0.29,71
POS,0.18,-0.27,0.28,68
POS,0.19,-0.28,0.28,73
POS,0.17,-0.27,0.28,72
POS,0.16,-0.26,0.29,77
POS,0.16,-0.27,0.29,73
POS,0.18,-0.29,0.30,74
POS,0.17,-0.29,0.28,70
POS,0.16,-0.29,0.28,74
POS,0.16,-0.27,0.29,71
POS,0.17,-0.28,0.27,67
POS,0.19,-0.29,0.28,72
POS,0.19,-0.29,0.29,71
POS,0.16,-0.28,0.28,75
POS,0.17,-0.28,0.28,70
POS,0.16,-0.27,0.28,73
POS,0.14,-0.26,0.28,76
POS,0.15,-0.26,0.29,74
POS,0.19,-0.27,0.29,64
POS,0.20,-0.28,0.29,69
POS,0.21,-0.28,0.29,65
POS,0.22,-0.27,0.30,68
POS,0.22,-0.27,0.29,67
POS,0.21,-0.28,0.28,72
POS,0.19,-0.28,0.28,73
POS,0.21,-0.29,0.29,70
POS,0.20,-0.27,0.30,73
POS,0.20,-0.29,0.27,67
POS,0.20,-0.29,0.29,74
POS,0.20,-0.28,0.29,72
POS,0.19,-0.28,0.28,69
POS,0.21,-0.28,0.29,66
POS,0.18,-0.27,0.29,77
POS,0.21,-0.29,0.30,70
POS,0.21,-0.29,0.29,70
POS,0.22,-0.28,0.29,62
POS,0.24,-0.28,0.29,64
POS,0.24,-0.29,0.29,69
POS,0.23,-0.29,0.28,69
POS,0.21,-0.29,0.28,73
POS,0.21,-0.29,0.28,71
POS,0.21,-0.30,0.29,72
POS,0.20,-0.31,0.28,75
POS,0.22,-0.31,0.27,63
POS,0.21,-0.30,0.27,73
POS,0.21,-0.31,0.27,72
POS,0.20,-0.31,0.27,73
POS,0.20,-0.31,0.26,72
POS,0.21,-0.30,0.28,69
POS,0.22,-0.29,0.29,67
POS,0.22,-0.30,0.28,68
POS,0.22,-0.29,0.28,68
POS,0.24,-0.29,0.29,66
POS,0.24,-0.30,0.28,68
POS,0.24,-0.30,0.28,69
POS,0.23,-0.30,0.28,73
POS,0.23,-0.30,0.28,71
POS,0.22,-0.29,0.28,66
POS,0.23,-0.29,0.28,66
POS,0.22,-0.29,0.28,72
POS,0.21,-0.30,0.27,70
POS,0.24,-0.29,0.29,65
POS,0.23,-0.29,0.29,72
POS,0.23,-0.30,0.28,71
POS,0.22,-0.31,0.27,72
POS,0.21,-0.30,0.28,70
POS,0.22,-0.30,0.29,71
POS,0.21,-0.30,0.30,75
POS,0.22,-0.29,0.30,68
POS,0.25,-0.30,0.28,58
POS,0.24,-0.30,0.28,71
POS,0.22,-0.29,0.28,74
POS,0.22,-0.29,0.29,68
POS,0.24,-0.28,0.29,62
POS,0.22,-0.29,0.29,73
POS,0.20,-0.28,0.28,72
POS,0.20,-0.28,0.29,73
POS,0.19,-0.28,0.28,73
POS,0.19,-0.30,0.29,75
POS,0.19,-0.29,0.28,70
POS,0.19,-0.29,0.27,69
POS,0.19,-0.29,0.27,69
POS,0.18,-0.30,0.26,74
POS,0.18,-0.30,0.27,73
POS,0.18,-0.30,0.25,69
POS,0.19,-0.29,0.26,65
POS,0.19,-0.29,0.26,72
POS,0.18,-0.27,0.28,75
POS,0.19,-0.29,0.26,69
POS,0.20,-0.29,0.26,67
POS,0.20,-0.30,0.28,76
POS,0.20,-0.31,0.28,73
POS,0.19,-0.30,0.28,73
POS,0.19,-0.30,0.28,73
POS,0.19,-0.29,0.29,71
POS,0.19,-0.28,0.28,67
POS,0.20,-0.29,0.30,73
POS,0.23,-0.30,0.28,61
POS,0.23,-0.29,0.30,72
POS,0.23,-0.29,0.30,69
POS,0.25,-0.30,0.29,67
POS,0.26,-0.31,0.29,68
POS,0.26,-0.30,0.30,69
POS,0.25,-0.32,0.29,71
POS,0.25,-0.32,0.28,70
POS,0.23,-0.31,0.29,72
POS,0.23,-0.31,0.29,72
POS,0.22,-0.30,0.29,71
POS,0.23,-0.30,0.29,68
POS,0.23,-0.30,0.30,72
POS,0.22,-0.30,0.30,74
POS,0.20,-0.29,0.31,75
POS,0.22,-0.29,0.31,70
POS,0.23,-0.30,0.31,70
POS,0.23,-0.31,0.30,72
POS,0.22,-0.30,0.30,70
POS,0.23,-0.30,0.30,67
POS,0.21,-0.29,0.30,72
POS,0.23,-0.30,0.30,70
POS,0.21,-0.29,0.29,71
POS,0.20,-0.28,0.29,72
POS,0.18,-0.27,0.29,72
POS,0.20,-0.27,0.28,65
POS,0.18,-0.26,0.27,69
POS,0.18,-0.28,0.26,72
POS,0.18,-0.28,0.25,65
POS,0.19,-0.29,0.26,69
POS,0.21,-0.28,0.27,67
POS,0.23,-0.26,0.29,62
POS,0.22,-0.26,0.28,65
POS,0.24,-0.27,0.28,66
POS,0.25,-0.28,0.27,63
POS,0.24,-0.29,0.27,71
POS,0.22,-0.28,0.27,70
POS,0.24,-0.29,0.27,66
POS,0.24,-0.27,0.29,66
POS,0.22,-0.27,0.29,72
POS,0.23,-0.28,0.28,68
POS,0.23,-0.28,0.28,65
POS,0.25,-0.28,0.28,61
POS,0.24,-0.28,0.28,67
POS,0.24,-0.28,0.27,66
POS,0.22,-0.27,0.29,73
POS,0.23,-0.29,0.28,71
POS,0.23,-0.28,0.29,67
POS,0.22,-0.28,0.28,68
POS,0.22,-0.27,0.29,68
POS,0.22,-0.29,0.29,73
POS,0.23,-0.30,0.29,71
POS,0.20,-0.30,0.28,72
POS,0.20,-0.30,0.27,71
POS,0.20,-0.30,0.27,71
POS,0.20,-0.31,0.26,72
POS,0.20,-0.30,0.26,68
POS,0.18,-0.29,0.26,71
POS,0.18,-0.27,0.27,68
POS,0.19,-0.29,0.27,72
POS,0.21,-0.30,0.27,67
POS,0.21,-0.29,0.27,70
POS,0.20,-0.29,0.27,70
POS,0.22,-0.29,0.28,68
POS,0.21,-0.29,0.28,73
POS,0.22,-0.29,0.28,67
POS,0.22,-0.28,0.29,69
POS,0.21,-0.29,0.28,71
POS,0.20,-0.29,0.28,75
POS,0.21,-0.28,0.29,69
POS,0.23,-0.29,0.29,64
POS,0.24,-0.29,0.29,67
POS,0.24,-0.28,0.30,69
POS,0.25,-0.30,0.27,61
POS,0.24,-0.30,0.28,73
POS,0.22,-0.29,0.29,75
POS,0.22,-0.29,0.29,70
POS,0.21,-0.28,0.30,73
POS,0.19,-0.28,0.29,73
POS,0.17,-0.28,0.26,67
POS,0.20,-0.29,0.28,70
POS,0.21,-0.29,0.28,66
POS,0.25,-0.30,0.27,65
POS,0.24,-0.31,0.27,69
POS,0.22,-0.31,0.26,73
POS,0.21,-0.30,0.28,73
POS,0.24,-0.31,0.29,70
POS,0.23,-0.31,0.29,71
POS,0.22,-0.30,0.29,71
POS,0.23,-0.28,0.31,69
POS,0.20,-0.28,0.31,76
POS,0.22,-0.27,0.32,69
POS,0.22,-0.29,0.30,70
POS,0.20,-0.29,0.29,72
POS,0.21,-0.30,0.28,70
POS,0.21,-0.32,0.28,73
POS,0.19,-0.31,0.27,71
POS,0.17,-0.29,0.27,74
POS,0.18,-0.30,0.27,71
POS,0.18,-0.29,0.28,72
POS,0.17,-0.28,0.29,74
POS,0.18,-0.28,0.30,74
POS,0.18,-0.29,0.28,69
POS,0.18,-0.29,0.29,72
POS,0.17,-0.28,0.28,70
POS,0.18,-0.28,0.29,70
POS,0.18,-0.27,0.27,62
POS,0.17,-0.27,0.26,68
POS,0.18,-0.27,0.26,68
POS,0.18,-0.28,0.25,68
POS,0.18,-0.27,0.26,69
POS,0.19,-0.27,0.27,70
POS,0.19,-0.27,0.27,69
POS,0.18,-0.26,0.27,66
POS,0.21,-0.28,0.28,70
POS,0.21,-0.28,0.28,71
POS,0.20,-0.28,0.28,71
POS,0.20,-0.27,0.30,74
POS,0.21,-0.27,0.30,68
POS,0.21,-0.27,0.31,69
POS,0.24,-0.29,0.27,61
POS,0.27,-0.31,0.27,65
POS,0.25,-0.30,0.27,70
POS,0.23,-0.28,0.27,69
POS,0.21,-0.27,0.29,73
POS,0.24,-0.27,0.28,62
POS,0.24,-0.28,0.29,69
POS,0.26,-0.28,0.30,67
POS,0.24,-0.29,0.28,70
POS,0.22,-0.28,0.28,73
POS,0.24,-0.28,0.29,65
POS,0.22,-0.28,0.29,72
POS,0.23,-0.30,0.27,68
POS,0.24,-0.30,0.28,68
POS,0.25,-0.30,0.29,69
POS,0.24,-0.30,0.29,70
POS,0.23,-0.29,0.29,70
POS,0.23,-0.30,0.30,71
POS,0.22,-0.28,0.29,69
POS,0.22,-0.29,0.30,71
POS,0.22,-0.30,0.28,70
POS,0.21,-0.30,0.28,73
POS,0.21,-0.30,0.29,70
POS,0.22,-0.29,0.29,68
POS,0.21,-0.29,0.29,71
POS,0.20,-0.28,0.29,75
POS,0.21,-0.29,0.30,71
POS,0.23,-0.30,0.29,66
POS,0.21,-0.15,0.28,73
POS,0.20,-0.19,0.28,72
POS,0.17,-0.22,0.27,75
POS,0.19,-0.24,0.27,66
POS,0.19,-0.24,0.28,73
POS,0.19,-0.25,0.28,69
POS,0.20,-0.27,0.28,70
POS,0.21,-0.29,0.28,73
POS,0.20,-0.29,0.28,72
POS,0.22,-0.28,0.29,65
POS,0.21,-0.29,0.29,75
POS,0.22,-0.29,0.29,68
POS,0.21,-0.29,0.28,68
POS,0.22,-0.30,0.28,68
POS,0.23,-0.29,0.28,67
POS,0.23,-0.29,0.28,67
POS,0.22,-0.28,0.29,71
POS,0.22,-0.27,0.30,69
POS,0.21,-0.28,0.29,73
POS,0.19,-0.27,0.28,69
POS,0.19,-0.27,0.28,70
POS,0.20,-0.28,0.27,66
POS,0.20,-0.28,0.28,72
POS,0.19,-0.28,0.28,73
POS,0.18,-0.27,0.28,72
POS,0.18,-0.29,0.27,71
POS,0.16,-0.29,0.26,73
POS,0.18,-0.28,0.26,68
POS,0.17,-0.27,0.28,75
POS,0.17,-0.28,0.27,67
POS,0.18,-0.28,0.27,71
POS,0.19,-0.27,0.28,65
POS,0.19,-0.29,0.26,72
POS,0.19,-0.30,0.26,71
POS,0.18,-0.28,0.27,73
POS,0.19,-0.25,0.29,69
POS,0.20,-0.26,0.29,66
POS,0.21,-0.28,0.28,70
POS,0.20,-0.29,0.27,73
POS,0.21,-0.28,0.28,68
POS,0.22,-0.29,0.28,68
POS,0.21,-0.29,0.29,73
POS,0.21,-0.29,0.29,70
POS,0.20,-0.28,0.29,71
POS,0.20,-0.28,0.31,73
POS,0.20,-0.28,0.30,71
POS,0.19,-0.28,0.29,72
POS,0.18,-0.26,0.29,71
POS,0.17,-0.27,0.29,74
POS,0.15,-0.25,0.28,74
POS,0.17,-0.28,0.26,66
POS,0.18,-0.28,0.26,70
POS,0.17,-0.27,0.27,72
POS,0.18,-0.29,0.26,72
POS,0.18,-0.28,0.28,73
POS,0.17,-0.31,0.26,74
POS,0.18,-0.31,0.26,72
POS,0.19,-0.29,0.28,69
POS,0.20,-0.28,0.28,63
POS,0.21,-0.29,0.27,70
POS,0.19,-0.28,0.27,72
POS,0.22,-0.28,0.27,60
POS,0.21,-0.28,0.28,72
POS,0.21,-0.29,0.29,73
POS,0.19,-0.29,0.29,77
POS,0.18,-0.29,0.29,73
POS,0.19,-0.30,0.29,72
POS,0.20,-0.31,0.29,72
POS,0.19,-0.31,0.28,74
POS,0.19,-0.31,0.28,75
POS,0.17,-0.30,0.28,74
POS,0.18,-0.31,0.28,75
POS,0.20,-0.31,0.28,68
POS,0.19,-0.30,0.28,69
POS,0.19,-0.29,0.28,71
POS,0.18,-0.29,0.28,72
POS,0.16,-0.28,0.26,70
POS,0.18,-0.29,0.27,69
POS,0.22,-0.29,0.28,65
POS,0.22,-0.28,0.28,68
POS,0.20,-0.28,0.28,72
POS,0.21,-0.29,0.28,69
POS,0.21,-0.29,0.29,73
POS,0.22,-0.28,0.30,68
POS,0.21,-0.29,0.28,70
POS,0.20,-0.29,0.26,69
POS,0.18,-0.28,0.26,68
POS,0.18,-0.28,0.27,74
POS,0.19,-0.28,0.28,69
POS,0.16,-0.28,0.28,78
POS,0.18,-0.27,0.30,67
POS,0.17,-0.26,0.29,70
POS,0.18,-0.26,0.29,71
POS,0.21,-0.27,0.29,65
POS,0.19,-0.28,0.27,71
POS,0.19,-0.29,0.27,74
POS,0.21,-0.30,0.28,69
POS,0.23,-0.31,0.28,72
POS,0.23,-0.32,0.27,67
POS,0.23,-0.31,0.28,70
POS,0.22,-0.31,0.28,73
POS,0.22,-0.32,0.28,73
POS,0.22,-0.31,0.29,72
POS,0.22,-0.31,0.30,71
POS,0.23,-0.31,0.29,68
POS,0.22,-0.31,0.29,72
POS,0.20,-0.29,0.29,74
POS,0.23,-0.30,0.29,67
POS,0.21,-0.30,0.29,74
POS,0.21,-0.31,0.28,71
POS,0.21,-0.30,0.30,73
POS,0.20,-0.29,0.30,72
POS,0.20,-0.29,0.30,70
POS,0.21,-0.30,0.29,71
POS,0.21,-0.30,0.29,71
POS,0.21,-0.29,0.30,70
POS,0.21,-0.31,0.28,73
POS,0.21,-0.31,0.30,75
POS,0.23,-0.30,0.29,60
POS,0.24,-0.29,0.30,68
POS,0.22,-0.31,0.29,77
POS,0.22,-0.30,0.30,68
POS,0.23,-0.30,0.30,70
POS,0.23,-0.30,0.30,70
POS,0.22,-0.30,0.28,66
POS,0.22,-0.31,0.28,70
POS,0.22,-0.30,0.29,72
POS,0.21,-0.29,0.29,72
POS,0.22,-0.29,0.29,69
POS,0.21,-0.31,0.27,71
POS,0.23,-0.31,0.28,68
POS,0.21,-0.31,0.27,72
POS,0.21,-0.30,0.27,69
POS,0.21,-0.29,0.29,72
POS,0.22,-0.30,0.28,68
POS,0.23,-0.30,0.28,65
POS,0.24,-0.29,0.28,63
POS,0.23,-0.27,0.30,73
POS,0.22,-0.28,0.29,68
POS,0.21,-0.30,0.26,72
POS,0.23,-0.30,0.27,67
POS,0.23,-0.31,0.27,71
POS,0.22,-0.30,0.28,72
POS,0.21,-0.31,0.27,72
POS,0.22,-0.30,0.28,68
POS,0.21,-0.30,0.28,72
POS,0.20,-0.30,0.27,71
POS,0.22,-0.31,0.28,68
POS,0.22,-0.31,0.28,73
POS,0.23,-0.30,0.29,68
POS,0.24,-0.30,0.29,68
POS,0.24,-0.31,0.29,68
POS,0.23,-0.31,0.28,68
POS,0.21,-0.30,0.27,70
POS,0.21,-0.30,0.28,70
POS,0.19,-0.29,0.28,76
POS,0.19,-0.27,0.28,68
POS,0.19,-0.28,0.27,68
POS,0.20,-0.27,0.28,64
POS,0.19,-0.28,0.27,73
POS,0.18,-0.29,0.27,76
POS,0.19,-0.31,0.27,71
POS,0.21,-0.31,0.27,70
POS,0.22,-0.31,0.28,68
POS,0.21,-0.30,0.27,68
POS,0.22,-0.29,0.27,67
POS,0.20,-0.28,0.28,72
POS,0.21,-0.28,0.29,70
POS,0.22,-0.28,0.29,67
POS,0.22,-0.29,0.29,71
POS,0.22,-0.30,0.28,71
POS,0.22,-0.29,0.29,69
POS,0.21,-0.29,0.30,74
POS,0.18,-0.30,0.29,77
POS,0.20,-0.28,0.29,63
POS,0.18,-0.28,0.29,75
POS,0.19,-0.29,0.15,91
POS,0.19,-0.30,0.18,73
POS,0.20,-0.29,0.21,68
POS,0.19,-0.29,0.23,74
POS,0.20,-0.29,0.24,67
POS,0.19,-0.29,0.25,72
POS,0.19,-0.29,0.25,71
POS,0.18,-0.29,0.27,75
POS,0.20,-0.30,0.26,68
POS,0.16,-0.28,0.26,77
POS,0.20,-0.29,0.28,67
POS,0.20,-0.28,0.28,70
POS,0.19,-0.28,0.27,69
POS,0.19,-0.27,0.27,68
POS,0.18,-0.28,0.27,73
POS,0.17,-0.27,0.26,66
POS,0.18,-0.28,0.26,70
POS,0.18,-0.28,0.26,72
POS,0.18,-0.29,0.26,72
POS,0.16,-0.29,0.26,73
POS,0.18,-0.29,0.27,69
POS,0.19,-0.30,0.28,74
POS,0.18,-0.29,0.28,72
POS,0.20,-0.29,0.27,65
POS,0.18,-0.28,0.27,70
POS,0.17,-0.28,0.26,71
POS,0.17,-0.28,0.27,73
POS,0.17,-0.28,0.27,71
POS,0.20,-0.29,0.29,70
POS,0.19,-0.29,0.29,73
POS,0.21,-0.31,0.27,70
POS,0.21,-0.31,0.27,71
POS,0.20,-0.29,0.28,73
POS,0.19,-0.28,0.29,71
POS,0.20,-0.28,0.29,69
POS,0.20,-0.27,0.29,67
POS,0.22,-0.27,0.29,68
POS,0.22,-0.30,0.29,73
POS,0.21,-0.30,0.28,70
POS,0.23,-0.29,0.30,67
POS,0.23,-0.29,0.30,71
POS,0.22,-0.29,0.29,69
POS,0.22,-0.28,0.29,69
POS,0.22,-0.28,0.29,69
POS,0.21,-0.29,0.29,71
POS,0.22,-0.29,0.30,70
POS,0.22,-0.29,0.30,72
POS,0.21,-0.30,0.30,75
POS,0.20,-0.30,0.29,72
POS,0.19,-0.28,0.29,74
POS,0.18,-0.26,0.30,73
POS,0.19,-0.27,0.30,68
POS,0.18,-0.28,0.28,71
POS,0.18,-0.26,0.29,72
POS,0.17,-0.27,0.29,77
POS,0.17,-0.28,0.28,71
POS,0.16,-0.27,0.28,71
POS,0.16,-0.25,0.28,71
POS,0.19,-0.27,0.29,70
POS,0.22,-0.29,0.28,65
POS,0.23,-0.28,0.28,65
POS,0.23,-0.27,0.29,67
POS,0.24,-0.29,0.27,65
POS,0.23,-0.27,0.29,73
POS,0.23,-0.29,0.27,66
POS,0.21,-0.28,0.28,76
POS,0.20,-0.28,0.28,71
POS,0.19,-0.28,0.28,74
POS,0.19,-0.28,0.28,72
POS,0.18,-0.30,0.28,75
POS,0.17,-0.28,0.27,71
POS,0.15,-0.28,0.27,75
POS,0.15,-0.28,0.27,74
POS,0.17,-0.29,0.27,67
POS,0.18,-0.28,0.28,71
POS,0.21,-0.27,0.29,62
POS,0.22,-0.29,0.27,69
POS,0.22,-0.30,0.27,70
POS,0.22,-0.29,0.28,69
POS,0.21,-0.29,0.28,71
POS,0.20,-0.28,0.28,74
POS,0.18,-0.29,0.28,74
POS,0.19,-0.29,0.27,65
POS,0.18,-0.28,0.26,69
POS,0.20,-0.27,0.28,69
POS,0.17,-0.26,0.26,71
POS,0.18,-0.25,0.28,68
POS,0.17,-0.25,0.28,73
POS,0.16,-0.26,0.27,71
POS,0.15,-0.26,0.27,73
POS,0.17,-0.26,0.28,70
POS,0.18,-0.26,0.29,70
POS,0.18,-0.27,0.28,67
POS,0.19,-0.27,0.27,69
POS,0.17,-0.27,0.27,70
POS,0.17,-0.28,0.27,74
POS,0.19,-0.28,0.27,68
POS,0.20,-0.30,0.27,70
POS,0.19,-0.28,0.27,70
POS,0.18,-0.29,0.27,73
POS,0.19,-0.31,0.26,72
POS,0.19,-0.31,0.25,71
POS,0.18,-0.30,0.26,70
POS,0.20,-0.30,0.25,66
POS,0.18,-0.31,0.24,69
