,49
POS,0.45,-0.33,0.04,53
POS,0.45,-0.32,0.05,45
POS,0.46,-0.32,0.06,54
POS,0.47,-0.32,0.06,47
POS,0.46,-0.32,0.03,61
POS,0.45,-0.34,0.05,61
POS,0.46,-0.34,0.05,53
POS,0.46,-0.33,0.06,47
POS,0.48,-0.32,0.04,50
POS,0.48,-0.31,0.03,55
POS,0.46,-0.31,0.02,52
POS,0.47,-0.33,0.03,59
POS,0.47,-0.32,0.03,51
POS,0.49,-0.32,0.03,53
POS,0.48,-0.32,0.04,48
POS,0.48,-0.32,0.05,50
POS,0.50,-0.32,0.04,53
POS,0.49,-0.31,0.06,45
POS,0.51,-0.31,0.05,46
POS,0.51,-0.31,0.07,51
POS,0.51,-0.32,0.07,55
POS,0.52,-0.30,0.08,41

POS,0.52,-0.30,0.09,47
POS,0.51,-0.30,0.07,53
POS,0.50,-0.30,0.07,47
POS,0.50,-0.30,0.04,58
POS,0.49,-0.30,0.04,53
POS,0.49,-0.31,0.04,56
POS,0.49,-0.31,0.05,48
POS,0.50,-0.31,0.07,56
POS,0.50,-0.31,0.08,52
POS,0.49,-0.32,0.09,50
POS,0.51,-0.33,0.09,63
POS,0.52,-0.33,0.08,55
POS,0.52,-0.33,0.06,57
POS,0.51,-0.32,0.06,51
POS,0.52,-0.32,0.05,58
POS,0.51,-0.32,0.05,51
POS,0.51,-0.32,0.07,54
POS,0.49,-0.32,0.04,56
POS,0.47,-0.32,0.03,56
POS,0.48,-0.32,0.04,47
POS,0.47,-0.32,0.04,52
POS,0.49,-0.32,0.03,60
POS,0.49,-0.32,0.05,55
POS,0.50,-0.32,0.07,52
POS,0.50,-0.33,0.05,61
POS,0.51,-0.33,0.04,61
POS,0.51,-0.32,0.06,51
POS,0.51,-0.16,0.06,56
POS,0.52,-0.20,0.08,59
POS,0.52,-0.22,0.08,46
POS,0.52,-0.24,0.08,52
POS,0.51,-0.23,0.06,35
POS,0.50,-0.25,0.06,49
POS,0.50,-0.26,0.04,56
POS,0.49,-0.28,0.04,56
POS,0.50,-0.28,0.03,53
POS,0.50,-0.29,0.02,56
POS,0.52,-0.29,0.03,40
POS,0.51,-0.29,0.02,54
POS,0.51,-0.30,0.05,55
POS,0.52,-0.30,0.04,48
POS,0.52,-0.29,0.03,46
POS,0.53,-0.29,0.02,59
POS,0.53,-0.29,0.03,47
POS,0.52,-0.30,0.03,53
POS,0.50,-0.28,0.03,33
POS,0.48,-0.26,0.02,33
POS,0.47,-0.28,0.02,53
POS,0.49,-0.29,0.01,61
POS,0.49,-0.28,0.01,48
POS,0.50,-0.28,0.00,55
POS,0.50,-0.29,0.00,56
POS,0.49,-0.29,0.00,55
POS,0.48,-0.30,-0.01,58
POS,0.48,-0.30,0.00,51
POS,0.48,-0.30,0.00,54
POS,0.48,-0.30,0.01,51
POS,0.49,-0.30,0.02,40
POS,0.49,-0.29,0.01,55
POS,0.49,-0.29,0.01,47
POS,0.50,-0.30,0.01,54
POS,0.49,-0.30,0.01,51
POS,0.50,-0.30,0.03,44
POS,0.48,-0.30,0.02,53
POS,0.48,-0.30,0.03,45
POS,0.49,-0.30,0.02,54
POS,0.50,-0.30,0.03,51
POS,0.50,-0.32,0.04,59
POS,0.51,-0.31,0.04,45
POS,0.51,-0.31,0.05,43
POS,0.49,-0.31,0.02,59
POS,0.48,-0.31,0.03,52
POS,0.49,-0.31,0.03,44
POS,0.48,-0.31,0.02,57
POS,0.49,-0.32,0.01,60
POS,0.49,-0.32,0.02,53
POS,0.49,-0.31,-0.00,59
POS,0.50,-0.31,0.03,57
POS,0.49,-0.32,0.03,56
POS,0.50,-0.31,0.02,57
POS,0.50,-0.31,0.02,53
POS,0.50,-0.31,-0.00,60
POS,0.47,-0.28,-0.00,35
POS,0.49,-0.28,-0.01,54
POS,0.51,-0.29,-0.01,59
POS,0.50,-0.29,0.01,48
POS,0.50,-0.30,0.01,57
POS,0.50,-0.29,-0.01,60
POS,0.52,-0.30,-0.02,65
POS,0.50,-0.31,0.00,49
POS,0.49,-0.30,-0.01,58
POS,0.49,-0.31,-0.01,56
POS,0.49,-0.31,-0.00,56
POS,0.49,-0.31,-0.00,55
POS,0.49,-0.31,0.01,47
POS,0.49,-0.31,0.02,48
POS,0.46,-0.29,0.02,38
POS,0.48,-0.29,0.02,44
POS,0.47,-0.30,0.04,51
POS,0.48,-0.30,0.03,51
POS,0.50,-0.30,0.03,45
POS,0.51,-0.31,0.03,56
POS,0.50,-0.31,0.02,56
POS,0.51,-0.31,0.02,45
POS,0.51,-0.31,0.03,47
POS,0.52,-0.31,0.03,52
POS,0.54,-0.30,0.03,41
POS,0.53,-0.31,0.03,58
POS,0.52,-0.31,0.06,50
POS,0.51,-0.30,0.06,47
POS,0.50,-0.31,0.05,54
POS,0.49,-0.32,0.04,56
POS,0.49,-0.32,0.06,52
POS,0.50,-0.31,0.04,59
POS,0.50,-0.31,0.03,58
POS,0.49,-0.32,0.02,53
POS,0.49,-0.32,0.03,53
POS,0.48,-0.32,0.05,50
POS,0.47,-0.32,0.07,51
POS,0.48,-0.32,0.07,51
POS,0.49,-0.32,0.05,59
POS,0.51,-0.30,0.05,40
POS,0.50,-0.31,0.05,48
POS,0.50,-0.31,0.04,58
POS,0.51,-0.32,0.05,56
POS,0.50,-0.32,0.05,50
POS,0.50,-0.31,0.03,59
POS,0.49,-0.31,0.05,44
POS,0.48,-0.32,0.03,59
POS,0.49,-0.31,0.02,47
POS,0.48,-0.31,0.00,59
POS,0.49,-0.32,0.02,58
POS,0.50,-0.32,0.03,51
POS,0.48,-0.32,0.04,51
POS,0.47,-0.32,0.04,48
POS,0.47,-0.32,0.05,52
POS,0.48,-0.33,0.06,56
POS,0.48,-0.33,0.06,50
POS,0.47,-0.33,0.04,61
POS,0.48,-0.33,0.04,53
POS,0.48,-0.34,0.05,55
POS,0.49,-0.33,0.04,53
POS,0.50,-0.32,0.04,47

POS,0.50,-0.33,0.04,57
POS,0.51,-0.33,0.05,52
POS,0.52,-0.31,0.03,60
POS,0.53,-0.32,0.01,63

POS,0.53,-0.30,-0.00,59
POS,0.52,-0.31,-0.01,61
POS,0.51,-0.30,-0.02,59
POS,0.51,-0.31,-0.02,61
POS,0.50,-0.31,-0.01,54
POS,0.49,-0.32,0.00,55
POS,0.50,-0.32,0.01,49
POS,0.50,-0.32,0.01,55
POS,0.50,-0.33,0.03,55
POS,0.49,-0.33,0.02,59
POS,0.51,-0.32,0.01,60
POS,0.50,-0.31,0.00,54
POS,0.50,-0.31,0.01,44
POS,0.49,-0.30,0.00,53
POS,0.51,-0.30,0.02,44

POS,0.51,-0.31,0.02,56
POS,0.49,-0.31,0.04,44
POS,0.49,-0.31,0.04,47
POS,0.50,-0.31,0.03,50
POS,0.50,-0.31,0.04,54
POS,0.48,-0.31,0.03,52
POS,0.49,-0.31,0.03,49
POS,0.48,-0.32,0.04,51
POS,0.46,-0.33,0.04,54
POS,0.47,-0.32,0.03,52
POS,0.47,-0.32,0.03,55
POS,0.48,-0.33,0.02,60
POS,0.50,-0.32,0.04,47
POS,0.48,-0.33,0.04,52
POS,0.50,-0.33,0.04,51
POS,0.49,-0.33,0.04,56
POS,0.50,-0.33,0.02,61
POS,0.49,-0.33,0.03,51
POS,0.48,-0.33,0.03,52
POS,0.47,-0.33,0.05,47
POS,0.46,-0.32,0.05,45
POS,0.49,-0.32,0.05,46
POS,0.49,-0.33,0.03,63
POS,0.48,-0.32,0.04,49
POS,0.48,-0.32,0.02,57
POS,0.49,-0.31,0.04,40
POS,0.47,-0.28,0.03,30
POS,0.46,-0.26,0.02,33
POS,0.47,-0.27,0.03,47
POS,0.46,-0.27,0.05,38
POS,0.48,-0.29,0.05,55
POS,0.49,-0.29,0.04,51
POS,0.48,-0.29,0.03,46
POS,0.46,-0.28,0.01,56
POS,0.46,-0.27,0.01,31
POS,0.44,-0.25,0.00,32
POS,0.46,-0.26,0.02,47
POS,0.47,-0.26,0.02,43
POS,0.45,-0.25,0.01,40
POS,0.46,-0.27,0.01,53
POS,0.44,-0.25,0.01,29
POS,0.47,-0.25,0.02,39
POS,0.47,-0.26,0.02,50
POS,0.48,-0.28,0.03,53
POS,0.46,-0.26,0.02,37
POS,0.47,-0.28,0.04,56
POS,0.47,-0.29,0.03,57
POS,0.50,-0.29,0.06,52
POS,0.47,-0.27,0.04,37
POS,0.47,-0.28,0.05,44
POS,0.48,-0.28,0.08,55
POS,0.48,-0.29,0.06,53
POS,0.48,-0.29,0.05,52
POS,0.48,-0.30,0.05,54
POS,0.48,-0.31,0.06,55
POS,0.48,-0.32,0.04,57
POS,0.48,-0.32,0.06,50
POS,0.49,-0.31,0.05,43
POS,0.49,-0.31,0.04,57
POS,0.50,-0.31,0.03,51
POS,0.51,-0.31,0.06,55
POS,0.51,-0.30,0.07,45
POS,0.50,-0.32,0.07,60
POS,0.50,-0.32,0.05,56
POS,0.50,-0.32,0.05,50
POS,0.49,-0.32,0.05,54
POS,0.50,-0.32,0.04,60
POS,0.50,-0.32,0.04,52
POS,0.51,-0.31,0.04,50
POS,0.51,-0.31,0.02,60
POS,0.50,-0.32,0.00,62
POS,0.51,-0.31,-0.01,60
POS,0.51,-0.31,-0.02,64
POS,0.51,-0.31,-0.02,58
POS,0.51,-0.31,0.00,49
POS,0.49,-0.32,-0.01,63
POS,0.51,-0.31,0.01,46
POS,0.51,-0.30,-0.02,63
POS,0.52,-0.29,-0.01,38
POS,0.51,-0.30,-0.02,62
POS,0.51,-0.31,-0.01,57
POS,0.53,-0.30,0.00,43
POS,0.53,-0.30,-0.00,58
POS,0.51,-0.30,0.00,51
POS,0.50,-0.30,0.02,48
POS,0.50,-0.31,0.01,61
POS,0.50,-0.31,0.01,54
POS,0.50,-0.31,0.02,42
POS,0.50,-0.30,0.02,46
POS,0.49,-0.30,-0.00,57
POS,0.50,-0.29,-0.00,51
POS,0.48,-0.28,-0.02,56
POS,0.47,-0.29,-0.02,54
POS,0.47,-0.29,-0.01,45
POS,0.47,-0.28,0.02,36
POS,0.47,-0.28,0.04,38
POS,0.46,-0.29,0.02,57
POS,0.47,-0.30,-0.00,65
POS,0.48,-0.31,-0.00,59
POS,0.48,-0.30,0.00,43
POS,0.48,-0.31,-0.03,68
POS,0.50,-0.30,-0.01,43
POS,0.50,-0.31,-0.02,63
POS,0.49,-0.32,-0.00,56
POS,0.48,-0.32,0.02,45
POS,0.47,-0.32,0.03,51
POS,0.47,-0.32,0.03,50
POS,0.47,-0.29,-0.03,74
POS,0.47,-0.30,-0.05,66
POS,0.47,-0.30,-0.04,51
POS,0.48,-0.30,-0.00,49
POS,0.48,-0.31,-0.00,60
POS,0.49,-0.30,-0.01,56
POS,0.48,-0.30,-0.01,54
POS,0.48,-0.29,-0.04,66
POS,0.49,-0.30,-0.05,65
POS,0.49,-0.30,-0.04,58
POS,0.50,-0.31,-0.00,54
POS,0.51,-0.31,0.01,55
POS,0.49,-0.32,0.03,54

POS,0.50,-0.33,0.02,63
POS,0.50,-0.33,0.01,57
POS,0.51,-0.33,0.02,53
POS,0.52,-0.32,-0.01,66
POS,0.52,-0.32,-0.00,55
POS,0.53,-0.32,0.01,49
POS,0.52,-0.31,0.03,47
POS,0.50,-0.32,0.04,49
POS,0.50,-0.31,0.02,59
POS,0.48,-0.31,0.02,46
POS,0.48,-0.30,0.04,44
POS,0.50,-0.29,0.03,44
POS,0.49,-0.30,0.04,53
POS,0.49,-0.30,0.02,55
POS,0.51,-0.30,0.03,46
POS,0.51,-0.30,0.04,47
POS,0.50,-0.30,0.03,53
POS,0.50,-0.31,0.02,61
POS,0.52,-0.30,-0.01,66
POS,0.54,-0.29,-0.03,68
POS,0.55,-0.29,0.01,51
POS,0.54,-0.29,-0.02,67
POS,0.54,-0.29,-0.04,68
POS,0.53,-0.30,-0.03,56
POS,0.52,-0.30,0.00,51
POS,0.51,-0.30,0.00,53
POS,0.49,-0.15,0.01,50
POS,0.49,-0.19,-0.01,58
POS,0.48,-0.21,0.02,42
POS,0.48,-0.24,0.02,54
POS,0.49,-0.25,-0.00,62
POS,0.50,-0.27,0.01,49
POS,0.50,-0.27,-0.02,67
POS,0.48,-0.28,-0.03,56
POS,0.47,-0.29,-0.02,55
POS,0.48,-0.30,-0.02,61
POS,0.49,-0.30,-0.03,61
POS,0.50,-0.30,-0.04,64
POS,0.51,-0.29,-0.04,61
POS,0.51,-0.30,-0.04,61
POS,0.50,-0.30,-0.03,51
POS,0.49,-0.30,-0.03,61
POS,0.50,-0.30,-0.04,60
POS,0.50,-0.29,-0.05,65
POS,0.50,-0.30,-0.03,47
POS,0.51,-0.30,-0.03,60
POS,0.51,-0.30,-0.03,62
POS,0.50,-0.29,-0.07,73
POS,0.50,-0.29,-0.04,47
POS,0.50,-0.30,-0.03,60
POS,0.50,-0.30,-0.02,47
POS,0.49,-0.31,-0.00,51
POS,0.51,-0.31,-0.00,63
POS,0.50,-0.30,-0.03,62
POS,0.50,-0.30,-0.02,55
POS,0.51,-0.30,-0.03,63
POS,0.50,-0.31,-0.04,62
POS,0.49,-0.30,-0.02,49
POS,0.49,-0.31,-0.02,56
POS,0.48,-0.30,-0.00,43
POS,0.48,-0.29,0.02,34
POS,0.49,-0.29,0.02,42
POS,0.49,-0.29,0.02,44
POS,0.49,-0.29,0.03,42
POS,0.49,-0.29,0.01,56
POS,0.49,-0.30,0.02,51
POS,0.49,-0.30,0.00,61
POS,0.50,-0.31,-0.01,63
POS,0.49,-0.30,-0.02,58

POS,0.48,-0.30,-0.01,49
POS,0.48,-0.30,-0.01,57
POS,0.46,-0.28,-0.02,38
POS,0.44,-0.26,-0.01,31
POS,0.47,-0.27,0.00,45
POS,0.45,-0.26,0.00,31
POS,0.47,-0.27,0.02,45
POS,0.50,-0.26,-0.00,63
POS,0.47,-0.25,-0.00,36
POS,0.48,-0.27,0.01,55
POS,0.49,-0.28,0.00,59
POS,0.49,-0.29,0.01,52
POS,0.49,-0.29,0.02,44
POS,0.50,-0.30,0.02,52
POS,0.50,-0.30,0.01,59
POS,0.51,-0.29,0.04,39
POS,0.50,-0.30,0.04,54
POS,0.51,-0.30,0.06,50
POS,0.50,-0.31,0.06,52
POS,0.50,-0.30,0.07,48
POS,0.51,-0.30,0.05,59
POS,0.51,-0.30,0.07,52
POS,0.52,-0.30,0.08,52
POS,0.51,-0.30,0.04,59
POS,0.50,-0.31,0.06,54
POS,0.51,-0.30,0.04,51
POS,0.52,-0.30,0.02,63
POS,0.52,-0.30,0.04,48
POS,0.51,-0.30,0.03,41
POS,0.50,-0.30,0.04,50
POS,0.52,-0.30,0.05,49
POS,0.51,-0.30,0.04,49
POS,0.51,-0.30,0.05,44
POS,0.50,-0.30,0.04,56
POS,0.50,-0.31,0.03,54
POS,0.50,-0.32,0.03,58
POS,0.50,-0.31,0.00,64
POS,0.52,-0.31,0.01,52
POS,0.51,-0.32,0.01,58
POS,0.52,-0.32,-0.00,62
POS,0.52,-0.31,-0.01,59
POS,0.50,-0.28,-0.00,35
POS,0.49,-0.30,-0.00,58
POS,0.52,-0.29,-0.00,51
POS,0.51,-0.29,0.01,50
POS,0.50,-0.30,0.01,56
POS,0.51,-0.30,-0.00,60
POS,0.52,-0.28,0.00,38
POS,0.53,-0.28,0.00,49
POS,0.54,-0.28,0.01,44
POS,0.53,-0.28,-0.00,57
POS,0.54,-0.28,-0.00,53
POS,0.54,-0.28,-0.01,60
POS,0.54,-0.29,-0.01,55
POS,0.50,-0.27,-0.00,28
POS,0.50,-0.27,0.00,46
POS,0.52,-0.13,0.00,59
POS,0.49,-0.15,-0.01,40
POS,0.49,-0.18,-0.01,53
POS,0.49,-0.21,-0.03,63
POS,0.49,-0.23,-0.04,59
POS,0.50,-0.25,-0.02,47
POS,0.48,-0.26,-0.00,47
POS,0.47,-0.25,-0.01,42
POS,0.47,-0.23,-0.01,38
POS,0.49,-0.24,-0.01,56
POS,0.50,-0.26,-0.02,61
POS,0.49,-0.27,-0.02,55
POS,0.50,-0.26,-0.02,55
POS,0.51,-0.27,-0.00,42
POS,0.48,-0.26,-0.01,40
POS,0.50,-0.27,0.01,51
POS,0.51,-0.28,0.03,44
POS,0.51,-0.27,0.00,59
POS,0.52,-0.26,0.00,43
POS,0.49,-0.25,0.01,28
POS,0.50,-0.26,-0.01,60
POS,0.50,-0.28,-0.01,61
POS,0.50,-0.29,0.01,53
POS,0.50,-0.30,-0.00,63
POS,0.49,-0.30,-0.01,57
POS,0.49,-0.30,0.00,47
POS,0.50,-0.30,-0.01,61
POS,0.51,-0.29,-0.00,45
POS,0.49,-0.30,-0.00,50
POS,0.49,-0.30,0.01,49
POS,0.51,-0.29,0.02,44
POS,0.52,-0.30,0.03,44
POS,0.51,-0.30,0.03,44
POS,0.53,-0.30,0.04,46
POS,0.51,-0.30,0.02,59
POS,0.50,-0.30,0.01,52
POS,0.47,-0.28,0.01,38
POS,0.48,-0.29,0.01,51
POS,0.49,-0.29,0.01,45
POS,0.49,-0.29,0.02,42
POS,0.50,-0.29,0.04,48
POS,0.50,-0.28,0.00,63
POS,0.50,-0.29,0.01,52
POS,0.50,-0.29,-0.01,59
POS,0.47,-0.27,-0.01,38
POS,0.48,-0.27,-0.02,60
POS,0.48,-0.29,-0.02,59
POS,0.49,-0.28,-0.02,55
POS,0.49,-0.29,-0.01,54

POS,0.51,-0.28,-0.04,70
POS,0.50,-0.29,-0.03,52
POS,0.48,-0.26,-0.02,34
POS,0.48,-0.28,-0.02,57
POS,0.50,-0.28,-0.00,45
POS,0.49,-0.29,0.01,49
POS,0.50,-0.30,-0.02,67
POS,0.49,-0.30,0.02,53
POS,0.49,-0.30,0.04,48
POS,0.49,-0.30,0.03,56
POS,0.50,-0.30,0.02,51
POS,0.47,-0.27,0.02,29
POS,0.49,-0.27,0.00,58
POS,0.51,-0.27,-0.00,60
POS,0.51,-0.27,-0.02,56
POS,0.51,-0.27,-0.02,57
POS,0.51,-0.28,-0.00,51
POS,0.50,-0.28,-0.02,61
POS,0.50,-0.29,-0.03,64
POS,0.52,-0.29,-0.02,47
POS,0.49,-0.27,-0.01,27
POS,0.50,-0.28,-0.01,59
POS,0.49,-0.29,-0.01,58
POS,0.48,-0.27,-0.01,37
POS,0.48,-0.28,0.00,50
POS,0.49,-0.28,0.01,41
POS,0.52,-0.29,0.01,59
POS,0.52,-0.28,0.00,52
POS,0.51,-0.26,-0.05,71
POS,0.51,-0.26,-0.06,63
POS,0.51,-0.28,-0.05,57
POS,0.51,-0.28,-0.02,51
POS,0.50,-0.29,0.00,50
POS,0.51,-0.29,-0.00,58
POS,0.51,-0.29,-0.01,58
POS,0.49,-0.27,-0.01,33
POS,0.50,-0.27,-0.02,60
POS,0.49,-0.26,-0.01,39
POS,0.49,-0.28,-0.01,55
POS,0.48,-0.29,-0.01,60
POS,0.49,-0.31,0.00,58
POS,0.49,-0.30,-0.01,54
POS,0.48,-0.29,-0.02,55
POS,0.49,-0.29,-0.02,58
POS,0.50,-0.29,-0.00,43
POS,0.49,-0.29,-0.02,59
POS,0.50,-0.29,-0.02,58
POS,0.50,-0.30,-0.01,57
POS,0.53,-0.29,-0.02,61
POS,0.53,-0.29,-0.01,48
POS,0.55,-0.29,0.00,45
POS,0.54,-0.30,0.02,55
POS,0.53,-0.30,0.03,49
POS,0.54,-0.30,0.02,55
POS,0.51,-0.30,-0.00,57
POS,0.49,-0.30,0.01,48
POS,0.48,-0.30,0.03,43
POS,0.48,-0.27,0.02,41
POS,0.50,-0.28,0.02,47
POS,0.52,-0.29,0.03,42
POS,0.53,-0.28,0.03,44
POS,0.54,-0.27,0.02,47
POS,0.54,-0.28,0.01,53
POS,0.53,-0.27,-0.01,64
POS,0.53,-0.28,-0.01,60
POS,0.52,-0.29,0.01,46
POS,0.53,-0.29,0.04,49
POS,0.53,-0.29,0.03,52
POS,0.54,-0.28,0.04,31
POS,0.53,-0.29,0.02,59
POS,0.53,-0.28,-0.01,67
POS,0.50,-0.26,-0.01,34
POS,0.51,-0.26,-0.01,43
POS,0.51,-0.28,0.00,55
POS,0.50,-0.29,0.01,53
POS,0.50,-0.30,0.03,54
POS,0.51,-0.29,0.00,63
POS,0.50,-0.30,-0.00,57
POS,0.49,-0.30,0.02,47
POS,0.51,-0.30,0.01,62
POS,0.50,-0.31,0.02,54
POS,0.51,-0.31,0.01,54
POS,0.51,-0.30,0.03,46
POS,0.51,-0.29,0.05,35
POS,0.51,-0.30,0.05,53
POS,0.49,-0.30,0.03,54
POS,0.48,-0.31,0.02,55
POS,0.49,-0.31,0.02,60
POS,0.49,-0.31,0.03,48
POS,0.50,-0.31,0.03,52
POS,0.51,-0.28,-0.02,71
POS,0.51,-0.29,-0.01,53
POS,0.50,-0.29,-0.00,45
POS,0.51,-0.29,0.02,49
POS,0.52,-0.29,0.04,47
POS,0.51,-0.28,0.01,55
POS,0.50,-0.28,0.01,41
POS,0.49,-0.28,0.02,48
POS,0.46,-0.28,0.00,53
POS,0.46,-0.29,-0.02,63
POS,0.47,-0.29,-0.01,44
POS,0.46,-0.29,-0.02,57
POS,0.46,-0.29,-0.02,52
POS,0.47,-0.29,0.01,46
POS,0.48,-0.29,0.04,47
POS,0.48,-0.29,0.03,52
POS,0.48,-0.29,0.02,53
POS,0.46,-0.29,0.03,43
POS,0.47,-0.30,0.00,63
POS,0.46,-0.30,-0.02,65
POS,0.45,-0.30,-0.02,56
POS,0.45,-0.30,-0.03,55
POS,0.45,-0.30,-0.02,53
POS,0.45,-0.30,-0.04,64
POS,0.47,-0.31,-0.01,53
POS,0.47,-0.31,0.00,52
POS,0.47,-0.31,0.04,48
POS,0.46,-0.31,0.01,61
POS,0.44,-0.28,0.00,37
POS,0.45,-0.29,0.01,54
POS,0.46,-0.31,0.02,58
POS,0.46,-0.31,0.01,58
POS,0.46,-0.32,0.00,58
POS,0.48,-0.32,0.03,52
POS,0.49,-0.31,0.03,47
POS,0.48,-0.30,0.02,50
POS,0.46,-0.30,-0.00,61
POS,0.46,-0.30,0.01,46

POS,0.48,-0.30,0.02,41
POS,0.48,-0.29,0.01,53
POS,0.49,-0.30,-0.00,61
POS,0.48,-0.30,-0.01,60
POS,0.49,-0.31,-0.02,59
POS,0.51,-0.30,-0.02,62
POS,0.50,-0.30,-0.01,51
POS,0.50,-0.30,-0.02,57
POS,0.49,-0.29,-0.03,58
POS,0.49,-0.30,-0.02,56
POS,0.48,-0.30,-0.01,48
POS,0.47,-0.31,-0.01,56
POS,0.47,-0.31,0.01,53
POS,0.46,-0.31,0.02,44
POS,0.46,-0.30,0.03,44
POS,0.47,-0.31,0.02,57
POS,0.48,-0.31,0.02,57
POS,0.48,-0.30,0.03,45
POS,0.48,-0.30,0.01,60
POS,0.48,-0.30,0.00,57
POS,0.48,-0.30,-0.02,61
POS,0.48,-0.29,0.00,45
POS,0.49,-0.28,-0.00,49
POS,0.49,-0.28,0.02,41
POS,0.49,-0.29,0.03,47
POS,0.46,-0.27,0.02,32
POS,0.46,-0.25,0.01,33
POS,0.46,-0.27,0.01,56
POS,0.49,-0.27,0.02,42
POS,0.49,-0.29,0.02,59
POS,0.48,-0.29,0.03,42
POS,0.48,-0.29,0.01,57
POS,0.48,-0.30,-0.01,61
POS,0.50,-0.29,-0.02,64
POS,0.50,-0.29,-0.02,55
POS,0.49,-0.29,-0.02,56
POS,0.51,-0.30,-0.01,57
POS,0.50,-0.30,0.01,45
POS,0.49,-0.30,0.02,51
POS,0.48,-0.31,0.02,50
POS,0.48,-0.30,-0.01,68
POS,0.49,-0.30,-0.01,48
POS,0.47,-0.30,-0.02,58
POS,0.48,-0.30,-0.01,47
POS,0.49,-0.31,0.00,49

POS,0.49,-0.31,0.00,56
POS,0.48,-0.31,0.00,54
POS,0.50,-0.31,0.00,60
POS,0.50,-0.32,0.02,56
POS,0.52,-0.31,0.01,59
POS,0.51,-0.31,0.02,47
POS,0.50,-0.31,-0.00,64
POS,0.49,-0.31,0.00,53
POS,0.49,-0.31,0.01,47
POS,0.48,-0.29,0.00,42
POS,0.48,-0.29,0.01,49
POS,0.49,-0.29,0.04,49
POS,0.48,-0.29,0.02,57
POS,0.48,-0.29,0.01,54
POS,0.49,-0.29,0.00,58
POS,0.48,-0.30,-0.00,57
POS,0.49,-0.29,-0.01,50
POS,0.48,-0.29,-0.02,59
POS,0.49,-0.29,-0.02,57
POS,0.49,-0.30,-0.01,56
POS,0.48,-0.31,0.01,52
POS,0.49,-0.30,0.00,58
POS,0.48,-0.30,0.00,51
POS,0.49,-0.30,-0.01,60
POS,0.49,-0.30,-0.01,50
POS,0.50,-0.30,0.02,55
POS,0.48,-0.31,0.04,45
POS,0.49,-0.30,0.06,49
POS,0.48,-0.30,0.03,56

POS,0.48,-0.31,0.05,53
POS,0.48,-0.32,0.03,60
POS,0.49,-0.32,0.02,61
POS,0.48,-0.31,0.03,49
POS,0.48,-0.31,0.05,47
POS,0.49,-0.31,0.04,49
POS,0.49,-0.31,0.06,48
POS,0.48,-0.31,0.05,51
POS,0.49,-0.30,0.03,52
POS,0.49,-0.30,0.05,49
POS,0.49,-0.30,0.04,49
POS,0.49,-0.30,0.04,47
POS,0.49,-0.31,0.02,59
POS,0.49,-0.31,0.03,51
POS,0.49,-0.30,0.02,44
POS,0.49,-0.31,0.03,52
POS,0.48,-0.30,0.01,55
POS,0.47,-0.30,0.01,49
POS,0.47,-0.31,0.02,55
POS,0.46,-0.32,0.02,54
POS,0.46,-0.31,0.05,44
POS,0.47,-0.32,0.06,54
POS,0.47,-0.31,0.07,48
POS,0.46,-0.31,0.04,59
POS,0.47,-0.30,0.05,43
POS,0.49,-0.31,0.06,59
POS,0.50,-0.32,0.06,58
POS,0.48,-0.32,0.07,51
POS,0.48,-0.32,0.07,48
POS,0.49,-0.32,0.05,59
POS,0.49,-0.32,0.03,57
POS,0.49,-0.30,0.02,53
POS,0.50,-0.31,0.04,53

POS,0.50,-0.31,0.03,54
POS,0.49,-0.31,0.02,52
POS,0.50,-0.31,0.03,58
POS,0.51,-0.31,0.02,60
POS,0.50,-0.31,0.03,49
POS,0.51,-0.31,0.03,48
POS,0.50,-0.32,0.02,57
POS,0.47,-0.29,0.01,37
POS,0.48,-0.29,0.02,51
POS,0.46,-0.30,0.03,44
POS,0.47,-0.30,0.05,48
POS,0.47,-0.30,0.04,52
POS,0.48,-0.30,0.03,57
POS,0.46,-0.27,0.02,31
POS,0.49,-0.27,0.02,49
POS,0.49,-0.28,0.01,51
POS,0.48,-0.28,0.00,57
POS,0.47,-0.30,-0.01,60
POS,0.47,-0.30,-0.03,65
POS,0.46,-0.30,-0.02,51
POS,0.46,-0.30,-0.03,54
POS,0.47,-0.29,-0.04,61
POS,0.46,-0.30,-0.02,51
POS,0.46,-0.31,0.00,52
POS,0.46,-0.31,-0.01,61
POS,0.48,-0.31,-0.02,60
POS,0.50,-0.30,-0.01,51
POS,0.50,-0.31,-0.02,64
POS,0.51,-0.31,-0.00,43
POS,0.52,-0.31,0.01,48
POS,0.51,-0.30,0.00,56
POS,0.49,-0.30,-0.01,54
POS,0.47,-0.30,-0.00,50
POS,0.47,-0.31,0.00,55
POS,0.48,-0.30,0.00,51
POS,0.48,-0.31,0.02,53
POS,0.48,-0.31,0.02,47
POS,0.49,-0.31,0.03,53
POS,0.48,-0.31,0.04,49
POS,0.49,-0.29,0.03,37
POS,0.48,-0.30,0.04,52
POS,0.50,-0.30,0.02,60
POS,0.51,-0.30,0.04,56
POS,0.48,-0.28,0.03,38
POS,0.46,-0.29,0.04,48
POS,0.46,-0.27,0.04,31
POS,0.47,-0.27,0.06,41
POS,0.47,-0.28,0.04,59
POS,0.49,-0.29,0.02,65
POS,0.47,-0.30,0.03,49
POS,0.49,-0.30,0.03,43
POS,0.48,-0.29,-0.00,58
POS,0.49,-0.29,0.01,49
POS,0.50,-0.30,0.02,55
POS,0.48,-0.30,0.01,56
POS,0.47,-0.31,0.01,54
POS,0.48,-0.30,-0.01,60
POS,0.49,-0.30,-0.01,56
POS,0.48,-0.30,-0.02,60
POS,0.49,-0.30,0.01,49
POS,0.49,-0.30,0.01,54
POS,0.49,-0.29,0.00,56
POS,0.50,-0.29,0.01,44
POS,0.49,-0.29,0.01,45
POS,0.48,-0.30,0.03,50
POS,0.50,-0.30,0.01,61
POS,0.49,-0.30,0.01,52
POS,0.49,-0.30,0.02,44
POS,0.49,-0.30,0.03,52
POS,0.49,-0.31,0.02,58
POS,0.48,-0.30,0.00,56
POS,0.49,-0.29,-0.01,57
POS,0.48,-0.30,-0.02,61
POS,0.47,-0.27,-0.02,41
POS,0.50,-0.27,-0.02,50
POS,0.51,-0.28,-0.00,44
POS,0.51,-0.28,0.02,49
POS,0.50,-0.29,0.01,58
POS,0.50,-0.30,0.01,50
POS,0.49,-0.30,0.03,48
POS,0.48,-0.31,0.02,55
POS,0.48,-0.30,0.02,43
POS,0.48,-0.31,0.03,54
POS,0.49,-0.30,0.02,53
POS,0.51,-0.29,0.01,52
POS,0.48,-0.27,0.01,36
POS,0.48,-0.28,0.02,47
POS,0.48,-0.29,0.03,51
POS,0.48,-0.29,0.03,47
POS,0.49,-0.29,0.04,45
POS,0.48,-0.30,0.05,52
POS,0.47,-0.30,0.02,57
POS,0.49,-0.30,0.00,63
POS,0.48,-0.31,-0.01,60
POS,0.49,-0.30,0.02,44
POS,0.49,-0.31,0.01,57
POS,0.47,-0.29,0.01,40
POS,0.48,-0.28,-0.03,69
POS,0.49,-0.28,0.01,36
POS,0.50,-0.29,0.01,53
POS,0.49,-0.29,0.01,52
POS,0.48,-0.30,0.05,52
POS,0.48,-0.30,0.07,50
POS,0.45,-0.28,0.05,37
POS,0.46,-0.28,0.06,36
POS,0.46,-0.29,0.07,50
POS,0.47,-0.29,0.03,61
POS,0.46,-0.29,0.00,64
POS,0.49,-0.29,0.01,42
POS,0.49,-0.30,0.02,52
POS,0.47,-0.27,0.02,28
POS,0.47,-0.28,0.03,49
POS,0.48,-0.28,-0.00,63
POS,0.48,-0.29,0.02,46
POS,0.47,-0.30,0.01,61
POS,0.47,-0.31,0.01,55
POS,0.48,-0.30,0.03,43
POS,0.48,-0.29,-0.02,72
POS,0.48,-0.29,-0.03,59
POS,0.48,-0.30,-0.00,51
POS,0.46,-0.27,-0.00,34
POS,0.47,-0.28,0.01,53
POS,0.48,-0.29,-0.00,60
POS,0.47,-0.28,0.04,42
POS,0.49,-0.29,0.03,58
POS,0.49,-0.30,0.01,60
POS,0.46,-0.28,0.01,33
POS,0.46,-0.29,0.02,50
POS,0.47,-0.29,0.02,48
POS,0.47,-0.29,-0.01,62
POS,0.47,-0.30,0.01,51
POS,0.47,-0.30,-0.00,56
POS,0.48,-0.30,0.01,52
POS,0.49,-0.30,0.01,55
POS,0.46,-0.30,0.02,47
POS,0.47,-0.31,0.02,56
POS,0.47,-0.30,0.04,42
POS,0.46,-0.30,0.04,46
POS,0.48,-0.31,0.03,58

POS,0.48,-0.30,0.03,47
POS,0.49,-0.30,0.04,44
POS,0.48,-0.31,0.03,55
POS,0.47,-0.28,0.02,33
POS,0.48,-0.28,0.04,40
POS,0.48,-0.29,0.02,57
POS,0.48,-0.29,0.03,41
POS,0.47,-0.30,0.04,48
POS,0.48,-0.29,0.06,39
POS,0.48,-0.30,0.04,60
POS,0.47,-0.31,0.05,48
POS,0.48,-0.31,0.04,51
POS,0.49,-0.32,0.04,58
POS,0.49,-0.31,0.06,44
POS,0.48,-0.31,0.05,51
POS,0.48,-0.31,0.07,52
POS,0.50,-0.31,0.07,48
POS,0.50,-0.31,0.04,58
POS,0.48,-0.28,0.03,39
POS,0.48,-0.29,0.02,54
POS,0.49,-0.29,0.03,45
POS,0.50,-0.29,0.03,41
POS,0.48,-0.29,0.03,43
POS,0.48,-0.29,0.01,57
POS,0.47,-0.28,0.01,46
POS,0.47,-0.29,0.01,51
POS,0.46,-0.29,-0.00,57
POS,0.45,-0.30,0.01,47
POS,0.45,-0.30,0.03,47
POS,0.45,-0.30,0.04,45
POS,0.44,-0.32,0.05,52
POS,0.42,-0.29,0.04,31
POS,0.43,-0.30,0.03,57
POS,0.44,-0.30,0.04,50
POS,0.45,-0.31,0.03,56
POS,0.47,-0.30,0.02,57
POS,0.47,-0.31,0.04,50
POS,0.49,-0.31,0.02,59
POS,0.48,-0.31,0.02,56
POS,0.47,-0.31,0.00,57
POS,0.47,-0.30,-0.02,63
POS,0.48,-0.31,0.00,49
POS,0.47,-0.30,0.00,47
POS,0.49,-0.29,0.01,40
POS,0.50,-0.29,0.01,44
POS,0.52,-0.28,0.02,40
POS,0.52,-0.29,0.01,56
POS,0.50,-0.28,0.00,55
POS,0.51,-0.29,0.01,47
POS,0.50,-0.29,-0.01,63
POS,0.47,-0.27,-0.01,31
POS,0.48,-0.28,0.01,52
POS,0.48,-0.29,-0.02,68
POS,0.48,-0.30,-0.01,55
POS,0.48,-0.30,-0.02,57
POS,0.49,-0.31,-0.02,63
POS,0.48,-0.31,-0.01,50
POS,0.47,-0.30,-0.03,61
POS,0.48,-0.30,0.01,50

POS,0.49,-0.30,0.01,44
POS,0.49,-0.30,0.01,45
POS,0.49,-0.30,-0.00,59
POS,0.50,-0.30,0.02,46
POS,0.53,-0.28,0.00,61
POS,0.52,-0.29,0.03,49
POS,0.52,-0.29,0.04,47
POS,0.52,-0.30,0.05,52
POS,0.52,-0.30,0.05,43
POS,0.51,-0.30,0.04,50
POS,0.50,-0.29,0.02,56
POS,0.48,-0.27,0.01,40
POS,0.50,-0.29,0.03,57
POS,0.50,-0.28,0.02,38
POS,0.50,-0.29,0.04,54
POS,0.49,-0.27,0.02,42
POS,0.50,-0.28,0.03,47
POS,0.49,-0.28,0.04,44
POS,0.48,-0.26,0.03,33
POS,0.48,-0.28,0.05,52
POS,0.45,-0.26,0.03,39
POS,0.46,-0.28,0.00,64
POS,0.46,-0.28,0.00,51
POS,0.47,-0.29,0.01,56
POS,0.49,-0.29,0.02,43
POS,0.50,-0.30,0.04,52
POS,0.49,-0.30,0.05,50
POS,0.50,-0.31,0.06,55
POS,0.50,-0.30,0.04,50
POS,0.49,-0.30,0.03,50
POS,0.49,-0.30,0.01,61
POS,0.47,-0.31,0.00,55
POS,0.47,-0.29,-0.04,72
POS,0.48,-0.31,-0.02,60
POS,0.48,-0.32,-0.01,56
POS,0.46,-0.29,-0.01,38
POS,0.47,-0.29,0.01,48
POS,0.46,-0.29,0.01,45
POS,0.46,-0.29,0.02,47
POS,0.46,-0.30,0.01,55
POS,0.44,-0.27,0.01,32
POS,0.46,-0.28,0.01,48
POS,0.47,-0.28,-0.01,61
POS,0.46,-0.29,-0.00,51
POS,0.46,-0.29,-0.02,62
POS,0.47,-0.28,-0.03,56
POS,0.46,-0.28,-0.01,42
POS,0.47,-0.29,0.01,47
POS,0.49,-0.29,-0.01,62
POS,0.48,-0.28,-0.00,46
POS,0.49,-0.28,-0.03,62
POS,0.50,-0.28,0.01,42
POS,0.51,-0.29,0.02,55
POS,0.52,-0.29,0.01,59
POS,0.52,-0.30,0.03,50
POS,0.50,-0.30,0.03,51
POS,0.50,-0.30,0.01,58
POS,0.50,-0.30,0.01,55
POS,0.48,-0.31,-0.01,60
POS,0.48,-0.30,0.00,50
POS,0.48,-0.30,0.01,49
POS,0.48,-0.32,0.02,56
POS,0.49,-0.31,0.01,53
POS,0.49,-0.31,-0.01,64
POS,0.50,-0.31,-0.00,50
POS,0.50,-0.31,0.00,53
POS,0.49,-0.31,0.01,52
POS,0.47,-0.30,0.01,43
POS,0.47,-0.31,0.03,52
POS,0.45,-0.29,0.02,36
POS,0.46,-0.29,0.00,57
POS,0.44,-0.27,-0.00,37
POS,0.45,-0.28,0.00,53
POS,0.46,-0.27,-0.01,56
POS,0.46,-0.28,-0.04,66
POS,0.48,-0.28,-0.01,45
POS,0.48,-0.28,0.01,38
POS,0.50,-0.29,0.01,50

POS,0.49,-0.29,0.01,41
POS,0.49,-0.29,-0.00,60
POS,0.48,-0.30,-0.00,55
POS,0.48,-0.30,-0.02,63
POS,0.47,-0.30,-0.04,61
POS,0.47,-0.30,-0.01,48
POS,0.48,-0.31,0.01,53
POS,0.48,-0.31,0.02,52
POS,0.48,-0.31,0.02,54
POS,0.47,-0.31,0.05,48
POS,0.47,-0.32,0.04,56
POS,0.48,-0.32,0.05,48
POS,0.48,-0.31,0.03,56
POS,0.48,-0.31,0.04,48
POS,0.47,-0.31,0.04,48
POS,0.48,-0.31,0.03,58
POS,0.49,-0.31,0.02,57
POS,0.49,-0.31,0.01,59
POS,0.50,-0.31,0.01,55
POS,0.49,-0.30,-0.00,50
POS,0.48,-0.30,-0.01,58
POS,0.48,-0.32,0.02,59
POS,0.49,-0.31,0.01,56
POS,0.48,-0.31,0.01,48
POS,0.47,-0.30,0.01,50
POS,0.46,-0.30,-0.00,57
POS,0.46,-0.30,-0.02,59
POS,0.48,-0.30,-0.02,59
POS,0.48,-0.29,-0.02,55
POS,0.48,-0.30,0.00,49
POS,0.48,-0.31,0.01,53
POS,0.47,-0.31,0.02,53
POS,0.48,-0.31,0.02,50
POS,0.49,-0.29,-0.02,65
POS,0.48,-0.29,-0.03,56
POS,0.48,-0.29,-0.01,51
POS,0.49,-0.29,-0.01,54
POS,0.48,-0.30,0.00,52
POS,0.46,-0.28,0.00,31
POS,0.45,-0.29,0.01,54
POS,0.45,-0.29,0.00,54
POS,0.45,-0.30,0.00,54
POS,0.45,-0.30,-0.00,52
POS,0.45,-0.30,0.01,51
POS,0.45,-0.31,-0.00,58
POS,0.45,-0.31,0.01,48
POS,0.45,-0.31,-0.00,59
POS,0.44,-0.32,0.02,54
POS,0.46,-0.32,0.01,56
POS,0.46,-0.31,0.03,48
POS,0.46,-0.32,0.03,56
POS,0.47,-0.32,0.03,45
POS,0.48,-0.31,0.02,57
POS,0.50,-0.32,0.02,61
POS,0.48,-0.31,0.00,54
POS,0.48,-0.30,-0.01,58
POS,0.48,-0.30,-0.00,52
POS,0.48,-0.31,-0.00,61
POS,0.48,-0.31,-0.02,60
POS,0.49,-0.31,-0.01,51
POS,0.48,-0.31,0.00,49
POS,0.47,-0.28,0.00,33
POS,0.49,-0.28,-0.00,58
POS,0.49,-0.14,0.01,52
POS,0.49,-0.18,0.01,54
POS,0.49,-0.20,-0.01,59
POS,0.50,-0.23,-0.03,65
POS,0.50,-0.25,-0.04,64
POS,0.51,-0.26,-0.01,53
POS,0.49,-0.28,0.00,53
POS,0.49,-0.29,0.01,54
POS,0.50,-0.29,0.01,52
POS,0.50,-0.29,-0.01,62
POS,0.50,-0.30,-0.02,58
POS,0.49,-0.31,-0.00,55
POS,0.50,-0.31,0.00,45
POS,0.50,-0.31,-0.00,59
POS,0.50,-0.30,-0.00,43
POS,0.50,-0.30,0.01,50
POS,0.50,-0.30,-0.02,68
POS,0.50,-0.30,-0.01,51
POS,0.50,-0.30,-0.03,63
POS,0.50,-0.30,-0.02,54
POS,0.51,-0.29,-0.02,56
POS,0.50,-0.30,0.01,50
POS,0.51,-0.28,-0.00,58
POS,0.48,-0.30,0.01,55
POS,0.49,-0.31,0.02,58
POS,0.50,-0.31,-0.00,61
POS,0.50,-0.30,0.03,43
POS,0.49,-0.30,0.02,55
POS,0.51,-0.28,0.01,45
POS,0.48,-0.27,0.00,40
POS,0.48,-0.28,-0.00,56
POS,0.49,-0.25,-0.04,75
POS,0.50,-0.27,-0.03,48
POS,0.49,-0.28,-0.00,50
POS,0.49,-0.29,-0.01,60
POS,0.49,-0.29,-0.01,56
POS,0.48,-0.29,0.01,44
POS,0.48,-0.31,0.02,54
POS,0.48,-0.30,0.02,49
POS,0.49,-0.30,0.00,58
POS,0.48,-0.30,-0.02,61
POS,0.48,-0.30,-0.03,63
POS,0.49,-0.29,-0.04,59
POS,0.49,-0.29,-0.04,56
POS,0.50,-0.29,-0.02,51
POS,0.48,-0.30,-0.02,50
POS,0.48,-0.29,-0.00,48
POS,0.47,-0.29,0.01,46
POS,0.47,-0.28,0.01,38
POS,0.49,-0.29,0.00,60
POS,0.49,-0.29,0.01,45
POS,0.47,-0.30,0.04,52
POS,0.49,-0.30,0.03,57
POS,0.50,-0.30,0.02,57
POS,0.49,-0.29,-0.02,68
POS,0.48,-0.30,-0.01,53
POS,0.48,-0.30,0.00,50
POS,0.48,-0.29,-0.03,65
POS,0.48,-0.29,-0.03,58
POS,0.48,-0.29,-0.02,44
POS,0.49,-0.29,-0.00,45
POS,0.50,-0.29,-0.00,57
POS,0.50,-0.29,-0.01,56
POS,0.50,-0.28,0.02,44
POS,0.49,-0.29,0.00,57
POS,0.48,-0.29,-0.00,55
POS,0.46,-0.29,0.00,48
POS,0.46,-0.29,0.02,41
POS,0.47,-0.30,0.03,47
POS,0.46,-0.30,0.01,62
POS,0.46,-0.31,-0.00,60
POS,0.47,-0.31,0.02,53
POS,0.48,-0.31,0.01,56
POS,0.47,-0.29,0.00,42
POS,0.48,-0.29,0.01,48
POS,0.48,-0.30,0.03,50
POS,0.48,-0.31,0.01,59
POS,0.47,-0.31,0.00,56
POS,0.46,-0.31,0.01,49
POS,0.47,-0.30,-0.01,62
POS,0.45,-0.30,-0.01,53
POS,0.45,-0.31,-0.02,58
POS,0.46,-0.31,-0.02,57
POS,0.47,-0.31,-0.01,51
POS,0.46,-0.31,-0.01,53
POS,0.47,-0.30,-0.02,59
POS,0.48,-0.31,-0.01,52
POS,0.48,-0.31,0.00,53
POS,0.51,-0.32,0.01,54
POS,0.51,-0.31,0.02,45
POS,0.49,-0.31,0.01,53
POS,0.49,-0.31,0.01,51
POS,0.49,-0.31,0.03,54
POS,0.48,-0.30,-0.00,61
POS,0.49,-0.30,-0.01,57
POS,0.47,-0.31,0.01,51
POS,0.47,-0.30,-0.01,58
POS,0.46,-0.30,-0.02,56
POS,0.47,-0.31,0.01,54
POS,0.46,-0.30,-0.01,56
POS,0.48,-0.30,-0.01,55
POS,0.47,-0.31,-0.02,60
POS,0.48,-0.31,-0.00,49
POS,0.48,-0.31,0.01,47
POS,0.49,-0.30,-0.01,61
POS,0.50,-0.31,-0.01,61
POS,0.47,-0.31,0.00,49
POS,0.47,-0.31,-0.00,53
POS,0.48,-0.29,0.00,39
POS,0.48,-0.30,-0.01,58
POS,0.49,-0.31,-0.00,60
POS,0.49,-0.30,-0.01,58
POS,0.50,-0.30,0.00,45
POS,0.49,-0.30,-0.01,59
POS,0.48,-0.31,-0.03,62
POS,0.49,-0.31,-0.02,58
POS,0.47,-0.32,-0.02,57
POS,0.48,-0.32,-0.00,55
POS,0.48,-0.31,-0.02,56
POS,0.48,-0.30,-0.02,57
POS,0.47,-0.31,-0.01,55
POS,0.47,-0.30,-0.04,68
POS,0.48,-0.30,-0.06,68
POS,0.48,-0.30,-0.04,53
POS,0.48,-0.31,-0.06,66
POS,0.48,-0.31,-0.05,57
POS,0.47,-0.31,-0.04,52
POS,0.48,-0.31,-0.00,52
POS,0.48,-0.30,-0.01,55
POS,0.48,-0.31,0.02,46
POS,0.49,-0.29,0.00,55
POS,0.49,-0.30,0.00,56
POS,0.49,-0.30,0.02,50
POS,0.50,-0.30,-0.00,63
POS,0.50,-0.29,0.00,42
POS,0.50,-0.30,-0.00,58
POS,0.48,-0.27,-0.01,37
POS,0.50,-0.27,0.00,41
POS,0.51,-0.27,-0.00,54
POS,0.51,-0.28,0.01,44
POS,0.49,-0.29,0.02,47
POS,0.50,-0.29,-0.00,63
POS,0.50,-0.29,-0.00,50
POS,0.51,-0.29,-0.00,53
POS,0.51,-0.29,0.02,45
POS,0.50,-0.29,0.03,47
POS,0.50,-0.29,0.03,42
POS,0.51,-0.29,0.03,46
POS,0.49,-0.29,0.00,62
POS,0.49,-0.30,0.00,54
POS,0.50,-0.30,0.03,49
POS,0.49,-0.28,0.02,42
POS,0.50,-0.28,0.00,61
POS,0.49,-0.29,0.00,55
POS,0.49,-0.29,0.01,41
POS,0.48,-0.30,0.02,47
POS,0.47,-0.30,0.04,47
POS,0.47,-0.30,0.01,65
POS,0.47,-0.31,-0.00,59
POS,0.47,-0.31,0.02,50
POS,0.47,-0.31,-0.00,61
POS,0.49,-0.31,-0.01,62
POS,0.49,-0.31,0.00,47
POS,0.49,-0.29,-0.03,67
POS,0.50,-0.30,-0.01,57
POS,0.50,-0.30,0.00,49
POS,0.50,-0.29,-0.00,56
POS,0.49,-0.29,0.00,49
POS,0.49,-0.29,-0.00,54
POS,0.49,-0.30,0.02,50
POS,0.48,-0.30,-0.00,58
POS,0.47,-0.30,-0.02,60
POS,0.49,-0.31,-0.02,62
POS,0.48,-0.31,0.00,53
POS,0.48,-0.31,-0.02,64
POS,0.48,-0.31,-0.02,58
POS,0.48,-0.31,-0.00,47
POS,0.48,-0.30,-0.01,57
POS,0.48,-0.31,-0.01,56
POS,0.47,-0.30,-0.01,54
POS,0.46,-0.32,0.00,53
POS,0.46,-0.29,0.00,33
POS,0.46,-0.30,0.01,50
POS,0.45,-0.30,-0.01,61
POS,0.47,-0.29,-0.01,44
POS,0.46,-0.28,-0.04,65
POS,0.47,-0.29,-0.01,49
POS,0.48,-0.30,-0.01,59
POS,0.49,-0.30,0.00,49
POS,0.48,-0.30,-0.01,58
POS,0.48,-0.31,0.01,50
POS,0.47,-0.31,0.01,51
POS,0.48,-0.31,0.00,58
POS,0.48,-0.31,-0.00,58
POS,0.47,-0.32,-0.00,56
POS,0.47,-0.31,-0.01,59
POS,0.47,-0.32,-0.01,61
POS,0.48,-0.32,0.01,49
POS,0.47,-0.32,0.01,52
POS,0.47,-0.32,-0.01,64
POS,0.46,-0.32,-0.01,56
POS,0.47,-0.32,-0.01,59
POS,0.47,-0.32,0.01,45
POS,0.48,-0.31,0.02,49
POS,0.47,-0.32,0.02,54
POS,0.48,-0.31,0.02,40
POS,0.47,-0.32,0.02,56
POS,0.49,-0.30,-0.00,61
POS,0.49,-0.30,-0.02,60
POS,0.49,-0.31,0.01,57
POS,0.49,-0.31,-0.02,62
POS,0.48,-0.30,-0.01,49
POS,0.49,-0.30,-0.00,42
POS,0.48,-0.31,0.01,54
POS,0.48,-0.30,0.02,47
POS,0.48,-0.30,-0.02,68
POS,0.48,-0.31,-0.01,55
POS,0.49,-0.31,0.00,55
POS,0.47,-0.32,0.02,52
POS,0.47,-0.32,0.01,58
POS,0.47,-0.31,0.02,45
POS,0.51,-0.30,0.01,53
POS,0.50,-0.30,0.00,58
POS,0.50,-0.30,0.01,52
POS,0.49,-0.30,0.00,58
POS,0.48,-0.30,0.02,47
POS,0.48,-0.31,0.03,50
POS,0.47,-0.31,0.03,52
POS,0.46,-0.29,0.02,41
POS,0.47,-0.29,0.02,49
POS,0.47,-0.30,0.02,50
POS,0.48,-0.29,0.01,55
POS,0.47,-0.30,-0.00,61
POS,0.49,-0.30,0.02,54
POS,0.48,-0.31,0.01,56
POS,0.48,-0.31,0.01,50
POS,0.49,-0.31,0.01,59
POS,0.49,-0.30,-0.03,72
POS,0.49,-0.29,-0.04,61
POS,0.49,-0.31,-0.04,63
POS,0.48,-0.32,-0.06,70
POS,0.48,-0.31,-0.04,52
POS,0.47,-0.31,-0.04,56
POS,0.48,-0.31,-0.03,52
POS,0.49,-0.31,-0.03,62
POS,0.50,-0.32,-0.03,62
POS,0.49,-0.32,-0.02,55
POS,0.48,-0.33,-0.01,58
POS,0.47,-0.32,-0.01,54
POS,0.49,-0.31,-0.02,60
POS,0.49,-0.32,-0.01,57
POS,0.49,-0.32,-0.02,60
POS,0.48,-0.32,-0.02,60
POS,0.48,-0.32,0.01,52
POS,0.48,-0.32,-0.02,63
POS,0.48,-0.31,-0.03,60
POS,0.49,-0.31,-0.04,62
POS,0.48,-0.30,-0.03,51
POS,0.50,-0.30,-0.03,61
POS,0.49,-0.31,-0.04,61
POS,0.50,-0.29,-0.05,65
POS,0.49,-0.30,-0.04,56
POS,0.47,-0.31,-0.02,48
POS,0.48,-0.31,0.01,50
POS,0.47,-0.30,-0.01,57
POS,0.49,-0.30,-0.03,63
POS,0.48,-0.30,-0.02,52
POS,0.47,-0.31,-0.01,58

POS,0.47,-0.30,-0.02,55
POS,0.46,-0.28,-0.01,33
POS,0.48,-0.27,-0.03,61
POS,0.50,-0.27,-0.02,41
POS,0.48,-0.28,-0.01,49
POS,0.50,-0.29,0.01,50
POS,0.49,-0.29,0.02,49
POS,0.49,-0.30,0.03,47
POS,0.48,-0.30,0.01,60
POS,0.49,-0.31,0.01,59
POS,0.49,-0.30,-0.00,56
POS,0.48,-0.30,-0.01,56
POS,0.48,-0.30,-0.02,60
POS,0.49,-0.31,-0.02,58
POS,0.48,-0.31,-0.00,50
POS,0.50,-0.31,0.00,53
POS,0.50,-0.32,0.02,61
POS,0.50,-0.32,0.02,52
POS,0.47,-0.30,0.01,38
POS,0.48,-0.30,-0.00,61
POS,0.48,-0.29,0.00,42
POS,0.48,-0.29,-0.01,58
POS,0.49,-0.27,-0.01,40
POS,0.48,-0.29,0.01,51

POS,0.47,-0.30,0.02,49
POS,0.48,-0.30,0.02,49
POS,0.49,-0.30,0.00,62
POS,0.48,-0.31,0.01,56
POS,0.47,-0.31,0.03,43
POS,0.47,-0.30,0.04,41
POS,0.47,-0.30,0.01,62
POS,0.49,-0.30,0.01,45
POS,0.49,-0.31,0.01,58
POS,0.49,-0.31,0.03,52
POS,0.49,-0.31,0.03,48
POS,0.50,-0.30,0.03,38
POS,0.52,-0.29,0.06,48
POS,0.51,-0.29,0.07,47
POS,0.51,-0.30,0.06,58
POS,0.51,-0.31,0.02,65
POS,0.51,-0.31,0.00,62
POS,0.50,-0.32,0.01,58
POS,0.49,-0.29,0.01,27
POS,0.50,-0.28,0.00,51
POS,0.50,-0.29,0.02,51
POS,0.50,-0.29,0.02,45
POS,0.48,-0.27,0.02,30
POS,0.46,-0.26,0.01,36
POS,0.47,-0.27,0.02,50
POS,0.48,-0.27,0.01,58
POS,0.48,-0.29,0.01,57
POS,0.49,-0.29,0.01,46
POS,0.48,-0.30,0.01,53
POS,0.50,-0.31,0.01,64
POS,0.50,-0.32,-0.01,63
POS,0.52,-0.29,-0.04,71
POS,0.51,-0.30,-0.02,49
POS,0.52,-0.30,-0.03,64
POS,0.49,-0.28,-0.03,40
POS,0.49,-0.28,-0.01,42
POS,0.49,-0.28,-0.01,40
POS,0.51,-0.28,0.00,44
POS,0.50,-0.28,0.01,45
POS,0.51,-0.29,0.00,61
POS,0.51,-0.30,-0.01,60
POS,0.51,-0.30,-0.02,63
POS,0.50,-0.30,-0.02,55
POS,0.49,-0.31,-0.03,61
POS,0.49,-0.31,-0.02,56
POS,0.48,-0.32,-0.01,54
POS,0.49,-0.30,-0.01,54

POS,0.48,-0.31,-0.02,61
POS,0.48,-0.31,0.01,49
POS,0.49,-0.31,0.03,56
POS,0.50,-0.31,0.01,63
POS,0.51,-0.31,0.00,55
POS,0.51,-0.30,0.00,56
POS,0.50,-0.30,0.01,50
POS,0.52,-0.30,0.02,42
POS,0.51,-0.31,0.00,63
POS,0.49,-0.32,0.02,49
POS,0.49,-0.31,0.01,56
POS,0.51,-0.30,0.01,51
POS,0.50,-0.31,-0.00,63
POS,0.51,-0.31,-0.01,62
POS,0.50,-0.31,-0.00,53
POS,0.51,-0.32,-0.02,66
POS,0.51,-0.32,-0.01,54
POS,0.49,-0.32,0.01,51
POS,0.49,-0.32,0.01,51
POS,0.49,-0.32,0.01,57
POS,0.51,-0.31,0.02,46
POS,0.50,-0.31,0.02,55
POS,0.50,-0.30,0.00,58
POS,0.50,-0.30,0.02,48
POS,0.50,-0.30,0.03,45
POS,0.50,-0.30,0.03,52
POS,0.51,-0.31,0.04,52
POS,0.51,-0.31,0.04,49
POS,0.50,-0.32,0.05,53
POS,0.50,-0.32,0.06,54
POS,0.51,-0.31,0.02,67
POS,0.52,-0.31,0.02,52
POS,0.51,-0.32,0.01,58
POS,0.50,-0.31,-0.02,65
POS,0.51,-0.30,-0.00,42
POS,0.50,-0.31,0.00,57
POS,0.51,-0.30,0.01,40
POS,0.52,-0.30,0.01,44
POS,0.51,-0.29,-0.02,63
POS,0.51,-0.30,-0.02,58
POS,0.52,-0.30,-0.04,65
POS,0.52,-0.29,-0.04,60
POS,0.52,-0.29,-0.01,47
POS,0.51,-0.30,0.01,49
POS,0.52,-0.30,-0.01,64
POS,0.51,-0.30,-0.02,61
POS,0.51,-0.30,-0.01,54
POS,0.51,-0.31,-0.01,60
POS,0.50,-0.31,-0.01,59
POS,0.51,-0.30,-0.03,61
POS,0.51,-0.30,0.00,46
POS,0.50,-0.31,0.02,53
POS,0.52,-0.31,0.01,54
POS,0.51,-0.31,0.01,52
POS,0.51,-0.30,0.02,42
POS,0.49,-0.32,0.02,58
POS,0.50,-0.32,0.01,62
POS,0.51,-0.33,0.01,62
POS,0.51,-0.33,-0.00,61
POS,0.50,-0.33,0.02,52
POS,0.47,-0.30,0.02,36
POS,0.48,-0.30,0.02,53
POS,0.49,-0.30,0.02,42
POS,0.49,-0.31,0.03,55
POS,0.50,-0.31,0.02,56
POS,0.50,-0.31,0.02,56
POS,0.50,-0.31,0.01,59
POS,0.50,-0.31,0.02,49
POS,0.48,-0.28,0.01,34
POS,0.47,-0.29,0.00,57
POS,0.47,-0.29,-0.01,59
POS,0.48,-0.29,-0.01,45
POS,0.50,-0.29,0.01,42
POS,0.50,-0.30,0.00,60
POS,0.50,-0.30,-0.01,59
POS,0.50,-0.31,-0.02,65
POS,0.52,-0.30,-0.03,63
POS,0.49,-0.28,-0.02,30
POS,0.50,-0.28,-0.02,55
POS,0.50,-0.29,-0.00,53
POS,0.50,-0.30,0.00,55
POS,0.50,-0.30,0.01,47
POS,0.50,-0.29,0.03,41
POS,0.51,-0.30,0.03,50
POS,0.50,-0.28,-0.01,61
POS,0.50,-0.28,-0.02,60
POS,0.49,-0.30,-0.00,52
POS,0.50,-0.30,-0.01,61
POS,0.52,-0.30,0.02,50
POS,0.52,-0.31,0.01,56
POS,0.51,-0.31,0.02,54
POS,0.51,-0.31,0.03,48
POS,0.51,-0.32,0.03,58
POS,0.49,-0.33,0.03,56
POS,0.50,-0.33,0.02,61
POS,0.50,-0.33,0.01,59
POS,0.51,-0.32,0.00,59
POS,0.51,-0.32,-0.01,62
POS,0.51,-0.30,-0.02,57
POS,0.52,-0.31,-0.01,56
POS,0.52,-0.30,-0.02,58
POS,0.52,-0.29,-0.01,42
POS,0.52,-0.30,-0.00,52
POS,0.52,-0.27,-0.04,73
POS,0.52,-0.29,-0.02,55
POS,0.51,-0.29,-0.02,56
POS,0.51,-0.30,0.01,53
POS,0.51,-0.30,0.01,49
POS,0.51,-0.30,0.03,45
POS,0.50,-0.30,0.04,49
POS,0.51,-0.30,0.03,47
POS,0.50,-0.30,0.03,51
POS,0.50,-0.30,0.03,40
POS,0.52,-0.28,0.02,50
POS,0.50,-0.30,0.02,55
POS,0.49,-0.30,0.02,52
POS,0.51,-0.31,0.02,52
POS,0.51,-0.30,0.00,61
POS,0.52,-0.31,0.01,56
POS,0.51,-0.31,-0.00,57
POS,0.51,-0.31,0.01,52
POS,0.51,-0.31,-0.01,61
POS,0.51,-0.30,0.00,40
POS,0.51,-0.30,0.02,50
POS,0.49,-0.30,0.01,54
POS,0.50,-0.30,-0.01,64
POS,0.47,-0.30,-0.01,53
POS,0.48,-0.31,-0.01,61
POS,0.49,-0.31,-0.00,47
POS,0.48,-0.30,-0.01,50
POS,0.49,-0.30,-0.01,58
POS,0.49,-0.31,-0.02,62
POS,0.47,-0.28,-0.02,35
POS,0.48,-0.28,-0.02,59
POS,0.48,-0.29,-0.00,50
POS,0.47,-0.30,-0.00,55
POS,0.49,-0.30,-0.02,65
POS,0.49,-0.30,-0.02,55
POS,0.49,-0.30,-0.01,44
POS,0.49,-0.30,0.01,47
POS,0.47,-0.30,0.01,51
POS,0.47,-0.30,-0.02,65
POS,0.47,-0.30,-0.01,50
POS,0.47,-0.31,-0.01,58
POS,0.48,-0.31,-0.01,59
POS,0.48,-0.31,0.01,48
POS,0.49,-0.30,-0.00,55
POS,0.50,-0.30,-0.01,61
POS,0.49,-0.31,0.00,53
POS,0.48,-0.28,0.00,37
POS,0.49,-0.29,-0.01,64
POS,0.48,-0.29,-0.02,52
POS,0.48,-0.29,-0.00,52
POS,0.49,-0.29,0.03,44
POS,0.49,-0.29,0.03,44
POS,0.48,-0.30,0.02,54
POS,0.50,-0.31,0.01,64
POS,0.50,-0.31,0.02,56
POS,0.48,-0.32,0.03,52
POS,0.49,-0.32,0.04,52
POS,0.48,-0.32,0.04,51
POS,0.48,-0.31,0.03,53
POS,0.49,-0.32,0.04,55
POS,0.51,-0.32,0.02,64
POS,0.50,-0.32,0.04,50
POS,0.51,-0.32,0.04,45
POS,0.51,-0.32,0.04,50
POS,0.50,-0.32,0.04,51
POS,0.48,-0.31,0.00,63
POS,0.49,-0.31,0.02,51
POS,0.48,-0.31,-0.00,62
POS,0.47,-0.32,0.01,52
POS,0.48,-0.31,-0.00,60
POS,0.49,-0.32,0.02,56
POS,0.51,-0.32,0.02,52
POS,0.49,-0.32,-0.00,61
POS,0.51,-0.32,-0.01,63
POS,0.51,-0.31,-0.01,56
POS,0.47,-0.30,-0.01,53
POS,0.49,-0.31,-0.01,56
POS,0.50,-0.31,0.01,52
POS,0.50,-0.31,0.02,52
POS,0.51,-0.30,0.00,60
POS,0.51,-0.31,0.01,51
POS,0.51,-0.30,0.00,54
POS,0.50,-0.31,0.00,58
POS,0.51,-0.30,0.00,52
POS,0.48,-0.28,0.00,37
POS,0.48,-0.29,0.01,51

POS,0.50,-0.29,0.00,53
POS,0.51,-0.28,-0.01,56
POS,0.50,-0.28,-0.02,60
POS,0.48,-0.27,-0.02,41
POS,0.48,-0.29,0.02,56
POS,0.48,-0.29,-0.00,62
POS,0.48,-0.28,-0.03,62
POS,0.48,-0.28,-0.04,59
POS,0.48,-0.28,-0.04,58
POS,0.49,-0.28,-0.03,42
POS,0.50,-0.28,-0.04,64
POS,0.50,-0.28,-0.01,44
POS,0.50,-0.30,-0.00,56
POS,0.49,-0.31,-0.02,65
POS,0.49,-0.31,-0.01,55
POS,0.48,-0.32,-0.00,60
POS,0.48,-0.31,-0.03,66
POS,0.49,-0.31,-0.01,47
POS,0.46,-0.28,-0.01,31
POS,0.46,-0.29,0.02,40
POS,0.47,-0.30,0.01,59
POS,0.48,-0.29,-0.02,64
POS,0.48,-0.29,-0.02,57
POS,0.48,-0.30,-0.02,58
POS,0.47,-0.30,-0.02,53
POS,0.48,-0.27,-0.06,77
POS,0.47,-0.28,-0.05,53
POS,0.47,-0.29,-0.02,51
POS,0.48,-0.30,-0.02,58
POS,0.49,-0.30,-0.02,60
POS,0.48,-0.30,-0.02,52
POS,0.48,-0.31,-0.01,55
POS,0.50,-0.30,-0.01,56
POS,0.49,-0.30,-0.01,57
POS,0.50,-0.31,-0.01,58
POS,0.50,-0.31,-0.02,59
POS,0.50,-0.31,0.02,54
POS,0.50,-0.31,0.00,61
POS,0.51,-0.31,0.01,52
POS,0.49,-0.31,0.01,50
POS,0.48,-0.31,0.03,47
POS,0.46,-0.29,0.02,39
POS,0.47,-0.29,0.03,44
POS,0.48,-0.29,0.01,61
POS,0.46,-0.27,0.01,36
POS,0.46,-0.28,0.02,41
POS,0.47,-0.28,0.02,49
POS,0.48,-0.29,0.02,57
POS,0.49,-0.30,0.03,52
POS,0.49,-0.31,0.03,56
POS,0.49,-0.30,0.03,44
POS,0.50,-0.30,0.01,59
POS,0.50,-0.30,0.01,54
POS,0.50,-0.30,0.04,50
POS,0.49,-0.31,0.05,51
POS,0.47,-0.28,0.04,35
POS,0.49,-0.29,0.01,64
POS,0.51,-0.28,0.01,54
POS,0.51,-0.29,0.02,49
POS,0.49,-0.30,0.03,52
POS,0.49,-0.30,0.02,57
POS,0.49,-0.30,0.02,50
POS,0.49,-0.30,0.02,43
POS,0.49,-0.29,0.02,46
POS,0.49,-0.30,0.03,51
POS,0.49,-0.31,0.03,58
POS,0.50,-0.32,0.03,57
POS,0.50,-0.31,0.02,49
POS,0.50,-0.32,0.03,54
POS,0.51,-0.30,0.02,58
POS,0.50,-0.31,0.02,54
POS,0.50,-0.32,0.02,57
POS,0.48,-0.32,0.01,52
POS,0.48,-0.32,0.00,59
POS,0.47,-0.32,-0.01,60
POS,0.46,-0.32,-0.00,52
POS,0.47,-0.31,-0.01,56
POS,0.47,-0.32,0.01,51
POS,0.47,-0.29,0.00,41
POS,0.48,-0.30,0.01,55
POS,0.48,-0.29,0.02,44
POS,0.48,-0.29,0.01,54
POS,0.50,-0.30,0.03,57
POS,0.47,-0.28,0.01,38
POS,0.49,-0.29,0.03,57
POS,0.50,-0.31,0.01,65
POS,0.49,-0.31,0.01,54
POS,0.50,-0.30,-0.01,63
POS,0.50,-0.31,-0.00,57
POS,0.51,-0.31,0.00,46
POS,0.50,-0.31,0.02,50
POS,0.51,-0.31,0.03,45
POS,0.52,-0.30,0.01,61
POS,0.50,-0.31,0.01,53
POS,0.50,-0.31,0.02,54
POS,0.51,-0.31,0.03,50
POS,0.51,-0.31,0.03,53
POS,0.48,-0.28,0.02,36
POS,0.49,-0.29,0.03,47
POS,0.48,-0.29,0.03,53
POS,0.49,-0.30,0.05,50
POS,0.50,-0.31,0.05,57
POS,0.49,-0.30,0.03,53
POS,0.50,-0.29,0.02,52
POS,0.49,-0.30,0.04,48
POS,0.50,-0.30,0.05,44
POS,0.49,-0.31,0.05,54
POS,0.48,-0.32,0.05,54
POS,0.48,-0.32,0.02,64
POS,0.46,-0.32,0.02,52
POS,0.46,-0.33,0.01,61
POS,0.48,-0.32,0.01,57
POS,0.48,-0.31,-0.02,63
POS,0.47,-0.32,-0.01,56
POS,0.48,-0.33,0.02,56
POS,0.48,-0.32,0.01,58
POS,0.48,-0.32,0.02,52
POS,0.48,-0.32,0.04,52
POS,0.49,-0.33,0.03,62
POS,0.49,-0.32,0.01,57
POS,0.46,-0.30,0.01,39
POS,0.49,-0.29,0.01,43
POS,0.50,-0.29,0.01,57
POS,0.51,-0.30,0.02,50
POS,0.51,-0.30,0.03,54
POS,0.49,-0.30,0.02,46
POS,0.50,-0.30,0.04,47
POS,0.50,-0.30,0.03,56
POS,0.50,-0.30,0.01,58
POS,0.50,-0.30,0.01,56
POS,0.50,-0.29,-0.02,66
POS,0.51,-0.29,-0.02,51
POS,0.51,-0.30,0.00,50
POS,0.50,-0.30,-0.00,59
POS,0.49,-0.31,0.00,50
POS,0.50,-0.31,0.01,49
POS,0.48,-0.30,0.01,49
POS,0.47,-0.30,0.02,47
POS,0.47,-0.30,0.01,55
POS,0.47,-0.31,0.00,58
POS,0.46,-0.31,-0.01,57
POS,0.48,-0.31,0.00,44
POS,0.49,-0.30,-0.01,60
POS,0.50,-0.30,0.00,45
POS,0.51,-0.30,-0.01,60
POS,0.49,-0.30,-0.00,53
POS,0.51,-0.31,0.02,55
POS,0.51,-0.31,-0.00,63
POS,0.50,-0.31,0.02,52
POS,0.49,-0.29,0.01,43
POS,0.48,-0.30,0.02,49
POS,0.48,-0.30,0.02,49
POS,0.49,-0.29,0.02,42
POS,0.49,-0.29,0.01,58
POS,0.48,-0.30,0.01,52
POS,0.51,-0.29,0.01,43
POS,0.50,-0.30,0.01,56
POS,0.49,-0.30,0.03,48
POS,0.49,-0.29,0.01,55
POS,0.50,-0.30,0.01,57
POS,0.50,-0.30,0.02,44
POS,0.49,-0.30,0.02,54
POS,0.48,-0.31,0.03,52
POS,0.49,-0.30,0.01,55
POS,0.48,-0.30,0.01,53
POS,0.47,-0.31,-0.00,59
POS,0.48,-0.30,-0.02,62
POS,0.47,-0.30,0.00,47
POS,0.47,-0.30,0.01,49
POS,0.49,-0.30,0.01,43
POS,0.48,-0.29,-0.00,53
POS,0.47,-0.30,0.00,54
POS,0.47,-0.30,-0.01,60
POS,0.48,-0.31,-0.00,56
POS,0.48,-0.31,0.01,41
POS,0.49,-0.30,0.01,42
POS,0.48,-0.30,0.04,47
POS,0.48,-0.29,0.03,49
POS,0.48,-0.30,0.02,54
POS,0.47,-0.30,0.02,50
POS,0.48,-0.29,0.02,45
POS,0.49,-0.31,0.04,59
POS,0.51,-0.31,0.05,51
POS,0.50,-0.31,0.04,56
POS,0.50,-0.32,0.06,51
POS,0.50,-0.31,0.07,43
POS,0.48,-0.30,0.02,65
POS,0.48,-0.30,0.02,55
POS,0.49,-0.30,0.00,59
POS,0.49,-0.30,-0.01,59
POS,0.48,-0.29,-0.02,52
POS,0.47,-0.27,-0.02,43
POS,0.49,-0.28,-0.02,61
POS,0.49,-0.29,-0.02,60
POS,0.50,-0.30,-0.00,45
POS,0.50,-0.31,0.01,56
POS,0.50,-0.30,-0.00,55
POS,0.48,-0.28,-0.00,40
POS,0.48,-0.29,-0.00,53
POS,0.47,-0.30,-0.02,62
POS,0.47,-0.30,-0.01,52
POS,0.48,-0.30,0.00,47
POS,0.48,-0.30,0.00,52
POS,0.50,-0.30,0.01,49
POS,0.50,-0.31,0.02,52
POS,0.49,-0.30,0.05,46
POS,0.50,-0.31,0.03,61
POS,0.50,-0.30,0.03,41
POS,0.51,-0.30,0.01,61
POS,0.52,-0.30,0.00,60
POS,0.51,-0.30,-0.00,54
POS,0.50,-0.30,0.00,55
POS,0.51,-0.28,-0.02,58
POS,0.51,-0.29,-0.01,53
POS,0.50,-0.29,-0.01,54
POS,0.50,-0.29,-0.00,44
POS,0.47,-0.27,-0.00,35
POS,0.50,-0.28,0.01,47
POS,0.52,-0.28,0.01,52
POS,0.52,-0.29,0.02,47
POS,0.51,-0.28,0.00,58
POS,0.50,-0.28,0.00,49
POS,0.49,-0.29,-0.00,55
POS,0.48,-0.30,0.00,55
POS,0.49,-0.31,0.01,58
POS,0.48,-0.30,0.00,53
POS,0.49,-0.31,0.01,51
POS,0.49,-0.30,0.01,55
POS,0.48,-0.30,-0.00,56
POS,0.49,-0.30,0.01,47
POS,0.48,-0.30,0.01,46
POS,0.47,-0.28,-0.01,58
POS,0.48,-0.29,0.00,47
POS,0.48,-0.29,-0.00,57
POS,0.48,-0.29,0.02,43
POS,0.48,-0.30,-0.00,62
POS,0.48,-0.30,0.02,44
POS,0.48,-0.30,0.03,50
POS,0.47,-0.30,0.03,52
POS,0.48,-0.30,0.01,59
POS,0.48,-0.30,0.03,43
POS,0.48,-0.31,0.04,54
POS,0.49,-0.31,0.05,50
POS,0.49,-0.31,0.04,58
POS,0.49,-0.31,0.04,53
POS,0.48,-0.29,0.02,42
POS,0.48,-0.29,0.04,49
POS,0.45,-0.29,0.02,53
POS,0.44,-0.27,0.02,24
POS,0.45,-0.28,0.04,45
POS,0.45,-0.28,0.03,50
POS,0.45,-0.29,0.03,53
POS,0.46,-0.29,0.02,50
POS,0.48,-0.29,0.03,45
POS,0.48,-0.30,0.03,49
POS,0.49,-0.29,0.01,57
POS,0.49,-0.29,0.03,42
POS,0.48,-0.30,0.02,58
POS,0.49,-0.30,0.02,42
POS,0.50,-0.29,-0.01,69
POS,0.51,-0.29,-0.01,53
POS,0.50,-0.30,0.00,53
POS,0.48,-0.31,0.00,57
POS,0.49,-0.31,-0.00,58
POS,0.49,-0.30,-0.00,54
POS,0.49,-0.29,-0.02,59
POS,0.47,-0.30,-0.03,58
POS,0.49,-0.29,-0.03,59
POS,0.50,-0.29,-0.03,61
POS,0.49,-0.29,-0.02,48
POS,0.49,-0.30,-0.02,58
POS,0.49,-0.31,-0.00,56
POS,0.50,-0.30,-0.01,58
POS,0.47,-0.31,-0.01,57
POS,0.46,-0.31,-0.02,58
POS,0.47,-0.30,0.00,44
POS,0.48,-0.31,0.00,57
POS,0.48,-0.31,0.01,45
POS,0.46,-0.28,0.01,28
POS,0.46,-0.29,0.03,49
POS,0.47,-0.30,0.03,55
POS,0.48,-0.30,0.03,47
POS,0.49,-0.30,0.03,44
POS,0.49,-0.30,0.02,58
POS,0.50,-0.30,0.01,53
POS,0.50,-0.30,-0.00,61
POS,0.51,-0.30,0.00,51
POS,0.49,-0.31,0.01,50
POS,0.49,-0.30,-0.00,56
POS,0.49,-0.31,0.02,51
POS,0.50,-0.30,0.00,58

POS,0.50,-0.30,0.02,42
POS,0.50,-0.30,0.02,55
POS,0.50,-0.32,0.02,58
POS,0.50,-0.31,0.03,45
POS,0.50,-0.31,0.04,51
POS,0.49,-0.31,0.04,43
POS,0.49,-0.30,0.03,41
POS,0.50,-0.30,0.05,47
POS,0.50,-0.30,0.04,58
POS,0.51,-0.30,0.02,60
POS,0.51,-0.30,-0.00,62
POS,0.51,-0.30,-0.00,57
POS,0.50,-0.28,-0.00,38
POS,0.50,-0.29,0.02,51
POS,0.50,-0.29,0.00,61
POS,0.48,-0.30,-0.01,58
POS,0.49,-0.29,-0.03,63
POS,0.48,-0.29,-0.01,41
POS,0.48,-0.29,0.01,49
POS,0.48,-0.29,0.01,42
POS,0.49,-0.28,-0.02,66
POS,0.49,-0.29,0.01,48
POS,0.48,-0.30,0.01,52
POS,0.49,-0.30,0.03,52
POS,0.47,-0.30,0.04,39
POS,0.48,-0.30,0.04,54
POS,0.46,-0.28,0.02,37
POS,0.48,-0.28,0.03,48
POS,0.49,-0.30,0.03,56
POS,0.48,-0.31,0.03,53
POS,0.49,-0.31,0.05,54
POS,0.48,-0.31,0.02,58
POS,0.49,-0.29,-0.01,64
POS,0.45,-0.29,-0.01,52
POS,0.45,-0.28,-0.03,58
POS,0.45,-0.29,0.00,47
POS,0.43,-0.27,0.01,26
POS,0.45,-0.27,0.02,42
POS,0.47,-0.28,0.01,60
POS,0.47,-0.28,0.00,47
POS,0.48,-0.28,-0.02,67
POS,0.48,-0.29,0.01,50
POS,0.48,-0.30,0.02,48
POS,0.49,-0.29,0.00,63
POS,0.50,-0.29,-0.01,61
POS,0.49,-0.30,-0.01,55
POS,0.49,-0.31,0.00,55
POS,0.51,-0.31,0.03,50
POS,0.51,-0.30,0.04,44
POS,0.50,-0.31,0.04,52
POS,0.50,-0.31,0.05,52
POS,0.49,-0.31,0.03,55
POS,0.50,-0.31,0.03,51
POS,0.50,-0.32,0.03,55
POS,0.49,-0.31,0.01,59
POS,0.50,-0.30,0.01,41
POS,0.49,-0.31,0.01,57
POS,0.48,-0.32,-0.02,65
POS,0.47,-0.32,0.02,50
POS,0.46,-0.32,0.01,56
POS,0.45,-0.31,0.01,47
POS,0.47,-0.31,0.04,53
POS,0.47,-0.31,0.02,56
POS,0.48,-0.31,0.00,62
POS,0.50,-0.30,0.01,40
POS,0.50,-0.30,0.01,56
POS,0.51,-0.29,0.01,40
POS,0.51,-0.28,-0.02,64
POS,0.50,-0.28,-0.00,44
POS,0.48,-0.28,-0.04,69
POS,0.49,-0.28,-0.03,54
POS,0.49,-0.28,-0.03,55
POS,0.49,-0.29,-0.02,57
POS,0.51,-0.29,-0.03,62
POS,0.50,-0.30,-0.05,68
POS,0.50,-0.29,-0.06,61
POS,0.49,-0.30,-0.03,52
POS,0.48,-0.31,-0.02,53
POS,0.47,-0.30,-0.05,70
POS,0.49,-0.30,-0.02,45
POS,0.49,-0.30,-0.03,55
POS,0.49,-0.30,-0.02,49
POS,0.49,-0.30,-0.03,62
POS,0.51,-0.30,-0.01,43
POS,0.51,-0.30,0.01,49
POS,0.51,-0.28,-0.01,57
POS,0.51,-0.29,-0.02,59
POS,0.50,-0.30,-0.01,56
POS,0.51,-0.30,-0.02,62
POS,0.49,-0.30,-0.01,52
POS,0.49,-0.31,-0.00,57
POS,0.49,-0.31,-0.02,61
POS,0.49,-0.31,-0.01,56
POS,0.49,-0.32,0.02,56
POS,0.50,-0.31,0.03,45
POS,0.47,-0.29,0.02,29
POS,0.48,-0.30,0.03,57
POS,0.47,-0.30,-0.00,63
POS,0.47,-0.31,-0.01,60
POS,0.45,-0.28,-0.01,33
POS,0.46,-0.29,0.01,51
POS,0.46,-0.27,0.01,30
POS,0.46,-0.28,-0.00,57
POS,0.46,-0.27,-0.03,64
POS,0.47,-0.28,-0.00,53
POS,0.48,-0.30,0.01,54
POS,0.48,-0.30,0.01,55
POS,0.46,-0.28,0.00,34
POS,0.47,-0.28,-0.00,58
POS,0.47,-0.29,-0.00,55
POS,0.47,-0.29,0.02,39
POS,0.47,-0.29,0.04,46
POS,0.48,-0.30,0.03,58
POS,0.49,-0.30,0.03,42
POS,0.47,-0.30,0.03,51
POS,0.47,-0.30,0.01,55
POS,0.49,-0.30,0.00,60
POS,0.48,-0.30,-0.00,55
POS,0.48,-0.31,0.01,51
POS,0.48,-0.31,0.03,52
POS,0.47,-0.31,0.00,61
POS,0.48,-0.30,0.03,42
POS,0.47,-0.30,0.01,56
POS,0.49,-0.30,0.03,44
POS,0.50,-0.30,0.03,42
POS,0.50,-0.30,0.04,49
POS,0.50,-0.31,0.04,56
POS,0.49,-0.32,0.04,53
POS,0.48,-0.32,0.03,58
POS,0.49,-0.32,0.03,51
POS,0.47,-0.29,0.03,27
POS,0.48,-0.29,0.04,46
POS,0.47,-0.30,0.05,52
POS,0.48,-0.30,0.03,58
POS,0.46,-0.28,0.02,39
POS,0.47,-0.28,0.03,42
POS,0.48,-0.28,0.05,43
POS,0.49,-0.28,0.03,60
POS,0.49,-0.28,0.04,44
POS,0.51,-0.29,0.03,60
POS,0.50,-0.29,0.02,53
POS,0.50,-0.29,0.04,45
POS,0.49,-0.29,0.02,55
POS,0.49,-0.29,0.03,47
POS,0.49,-0.29,0.04,47
POS,0.49,-0.30,0.03,59
POS,0.50,-0.31,0.03,55
POS,0.51,-0.30,-0.00,65
POS,0.51,-0.31,-0.01,62
POS,0.50,-0.31,0.01,48
POS,0.50,-0.32,0.01,56
POS,0.49,-0.31,0.02,45
POS,0.48,-0.32,0.02,51
POS,0.47,-0.29,0.02,32
POS,0.48,-0.29,0.03,43
POS,0.48,-0.30,0.03,50
POS,0.49,-0.30,0.00,65
POS,0.49,-0.30,-0.01,60
POS,0.49,-0.30,-0.00,47
POS,0.48,-0.28,-0.04,69
POS,0.50,-0.29,-0.03,60
POS,0.50,-0.29,-0.02,48
POS,0.51,-0.29,-0.02,58
POS,0.49,-0.29,-0.03,57
POS,0.50,-0.31,-0.00,58

POS,0.50,-0.31,0.01,54
POS,0.49,-0.31,0.02,52
POS,0.47,-0.32,0.03,47
POS,0.48,-0.32,0.01,63
POS,0.47,-0.31,-0.03,67
POS,0.47,-0.31,-0.01,48
POS,0.47,-0.31,0.02,51
POS,0.46,-0.31,0.01,54
POS,0.48,-0.31,-0.00,63
POS,0.48,-0.31,-0.01,56
POS,0.46,-0.29,-0.00,34
POS,0.47,-0.30,0.01,55
POS,0.46,-0.30,0.01,53
POS,0.46,-0.30,0.02,44
POS,0.46,-0.30,0.04,46
POS,0.46,-0.30,0.04,46
POS,0.47,-0.31,0.03,57
POS,0.48,-0.31,0.04,49
POS,0.47,-0.31,0.02,56
POS,0.48,-0.30,0.04,44
POS,0.47,-0.28,0.03,33
POS,0.45,-0.26,0.03,31
POS,0.46,-0.27,0.02,51
POS,0.48,-0.27,0.02,40
POS,0.48,-0.28,0.04,51
POS,0.49,-0.28,0.01,63
POS,0.49,-0.27,-0.01,60
POS,0.47,-0.26,-0.01,40
POS,0.46,-0.27,-0.01,51
POS,0.47,-0.28,-0.01,56
POS,0.46,-0.26,-0.01,42
POS,0.46,-0.27,-0.00,49
POS,0.47,-0.27,-0.01,54
POS,0.45,-0.28,-0.00,49
POS,0.45,-0.28,-0.02,58
POS,0.46,-0.29,-0.02,58
POS,0.47,-0.29,-0.02,58
POS,0.47,-0.29,0.01,42
POS,0.47,-0.29,0.03,48
POS,0.48,-0.29,0.05,40
POS,0.48,-0.29,0.01,65
POS,0.48,-0.30,-0.01,62
POS,0.47,-0.31,-0.01,57
POS,0.47,-0.31,0.00,50
POS,0.47,-0.28,0.00,34
POS,0.47,-0.26,0.00,38
POS,0.47,-0.27,-0.02,61
POS,0.47,-0.28,-0.02,57
POS,0.47,-0.29,0.00,48
POS,0.48,-0.29,0.00,53
POS,0.48,-0.30,-0.00,59
POS,0.49,-0.30,0.03,52
POS,0.49,-0.30,0.00,62
POS,0.50,-0.31,0.02,57
POS,0.49,-0.30,-0.01,60
POS,0.45,-0.30,-0.01,52
POS,0.44,-0.30,0.00,50
POS,0.46,-0.30,0.01,42
POS,0.47,-0.31,0.02,54
POS,0.49,-0.31,0.03,46
POS,0.48,-0.30,0.03,47
POS,0.48,-0.30,0.03,50
POS,0.48,-0.30,0.03,44
POS,0.48,-0.30,0.04,46
POS,0.49,-0.30,0.04,47
POS,0.48,-0.30,0.05,43
POS,0.49,-0.30,0.06,47
POS,0.46,-0.29,0.02,57
POS,0.47,-0.29,0.01,57
POS,0.45,-0.27,0.00,35
POS,0.46,-0.28,-0.00,56
POS,0.47,-0.27,-0.01,58
POS,0.49,-0.26,-0.04,64
POS,0.47,-0.28,-0.02,55
POS,0.48,-0.29,-0.03,61
POS,0.47,-0.27,-0.02,32
POS,0.48,-0.28,0.01,41
POS,0.48,-0.28,0.03,46
POS,0.47,-0.29,0.04,47
POS,0.48,-0.29,0.03,56
POS,0.49,-0.30,0.05,52
POS,0.48,-0.31,0.05,53
POS,0.48,-0.32,0.04,56
POS,0.49,-0.31,0.05,51
POS,0.49,-0.31,0.05,47
POS,0.49,-0.30,0.00,68
POS,0.48,-0.30,0.00,53
POS,0.48,-0.31,0.01,51
POS,0.50,-0.31,0.02,44
POS,0.47,-0.28,0.02,29
POS,0.49,-0.29,0.02,47
POS,0.49,-0.29,0.04,46
POS,0.50,-0.29,0.04,50
POS,0.51,-0.28,0.07,40
POS,0.50,-0.28,0.05,42
POS,0.50,-0.28,0.06,46
POS,0.51,-0.29,0.07,52
POS,0.51,-0.29,0.05,54
POS,0.52,-0.29,0.03,60
POS,0.50,-0.30,0.03,54
POS,0.49,-0.31,0.03,49
POS,0.49,-0.30,0.05,41
POS,0.51,-0.29,0.03,61
POS,0.50,-0.30,0.03,53
POS,0.49,-0.29,-0.00,60
POS,0.50,-0.30,0.00,53
POS,0.50,-0.29,-0.01,61
POS,0.47,-0.27,-0.01,28
POS,0.49,-0.27,-0.00,48
POS,0.50,-0.27,-0.03,71
POS,0.51,-0.27,0.01,45
POS,0.48,-0.25,0.01,28
POS,0.49,-0.25,-0.02,63
POS,0.48,-0.27,-0.02,61
POS,0.48,-0.29,0.01,53
POS,0.48,-0.29,-0.01,60
POS,0.49,-0.29,-0.02,58
POS,0.50,-0.29,-0.01,44
POS,0.50,-0.30,0.01,54
POS,0.49,-0.30,0.04,48
POS,0.50,-0.30,0.05,48
POS,0.49,-0.31,0.03,59
POS,0.48,-0.31,0.03,53
POS,0.45,-0.29,0.02,33
POS,0.47,-0.29,0.05,54
POS,0.49,-0.30,0.06,52
POS,0.49,-0.29,0.06,44
POS,0.49,-0.30,0.05,56
POS,0.49,-0.30,0.07,50
POS,0.50,-0.29,0.09,41
POS,0.50,-0.29,0.06,58
POS,0.50,-0.28,0.07,30
POS,0.50,-0.29,0.06,50
POS,0.46,-0.29,0.04,50
POS,0.48,-0.29,0.02,59
POS,0.49,-0.29,0.02,55
POS,0.49,-0.29,0.02,40
POS,0.50,-0.29,-0.00,62
POS,0.50,-0.29,0.03,50
POS,0.50,-0.29,0.01,61
POS,0.49,-0.28,-0.00,53
POS,0.47,-0.28,0.02,30
POS,0.49,-0.29,0.01,62
POS,0.49,-0.29,0.02,50
POS,0.46,-0.27,0.01,34
POS,0.47,-0.28,0.02,44
POS,0.48,-0.28,0.01,59
POS,0.49,-0.29,0.03,45
POS,0.49,-0.30,0.02,59
POS,0.51,-0.30,0.02,46
POS,0.49,-0.30,0.02,48
POS,0.49,-0.31,0.00,63
POS,0.48,-0.31,0.01,57

POS,0.48,-0.32,0.02,54
POS,0.50,-0.32,0.03,47
POS,0.49,-0.32,0.03,49
POS,0.48,-0.33,0.01,65
POS,0.48,-0.32,-0.00,57
POS,0.49,-0.31,0.02,40
POS,0.46,-0.28,0.02,36
POS,0.48,-0.29,0.01,56
POS,0.49,-0.30,0.01,57
POS,0.48,-0.31,0.02,54
POS,0.50,-0.31,0.03,49
POS,0.52,-0.30,0.00,65
POS,0.51,-0.29,-0.00,54
POS,0.51,-0.30,0.02,53
POS,0.51,-0.29,0.03,43
POS,0.51,-0.30,0.05,49
POS,0.51,-0.30,0.04,54
POS,0.50,-0.30,0.02,57
POS,0.51,-0.31,0.02,53
POS,0.50,-0.31,0.03,51
POS,0.50,-0.30,0.01,59
POS,0.51,-0.30,0.01,48
POS,0.50,-0.30,0.03,48
POS,0.50,-0.31,0.02,57
POS,0.49,-0.30,0.01,53
POS,0.52,-0.29,0.01,53
POS,0.50,-0.30,0.00,56
POS,0.49,-0.30,0.01,51
POS,0.48,-0.30,-0.01,59
POS,0.47,-0.31,-0.02,60
POS,0.47,-0.31,-0.02,57
POS,0.48,-0.30,0.01,47
POS,0.47,-0.31,0.03,49
POS,0.48,-0.31,0.01,61
POS,0.49,-0.32,0.01,61
POS,0.49,-0.31,0.00,54
POS,0.49,-0.31,0.01,52
POS,0.49,-0.31,0.02,51
POS,0.48,-0.31,0.01,56
POS,0.49,-0.31,0.00,58
POS,0.49,-0.30,0.02,48
POS,0.48,-0.30,0.02,50
POS,0.51,-0.30,0.01,61
POS,0.49,-0.31,0.02,51
POS,0.50,-0.29,0.01,49
POS,0.51,-0.30,0.02,47
POS,0.50,-0.27,0.01,39
POS,0.51,-0.27,-0.01,60
POS,0.50,-0.28,-0.02,58
POS,0.50,-0.28,-0.00,43
POS,0.50,-0.28,-0.00,47
POS,0.49,-0.29,0.02,47
POS,0.50,-0.29,0.02,42
POS,0.49,-0.28,0.02,36
POS,0.49,-0.28,0.02,51
POS,0.49,-0.29,-0.00,63
POS,0.50,-0.30,0.02,53
POS,0.50,-0.30,0.00,60
POS,0.50,-0.31,0.02,52
POS,0.49,-0.31,0.02,54
POS,0.49,-0.31,0.02,48
POS,0.47,-0.28,0.01,38
POS,0.48,-0.29,0.03,49
POS,0.48,-0.29,0.04,51
POS,0.49,-0.29,0.03,51
POS,0.49,-0.30,0.02,61
POS,0.50,-0.30,0.02,45
POS,0.49,-0.29,0.02,44
POS,0.48,-0.29,0.01,53
POS,0.50,-0.28,-0.01,61
POS,0.50,-0.28,-0.03,64
POS,0.51,-0.29,-0.02,58
POS,0.52,-0.29,0.01,54
POS,0.51,-0.29,-0.00,56
POS,0.51,-0.28,-0.02,59
POS,0.51,-0.29,-0.02,54
POS,0.49,-0.28,-0.02,51
POS,0.49,-0.29,-0.01,51
POS,0.50,-0.27,-0.05,72
POS,0.51,-0.28,-0.03,47
POS,0.50,-0.28,-0.02,51
POS,0.49,-0.29,-0.01,53
POS,0.48,-0.31,0.01,55
POS,0.49,-0.31,0.02,54
POS,0.50,-0.30,-0.00,59
POS,0.49,-0.31,-0.01,59
POS,0.49,-0.31,0.01,51
POS,0.48,-0.30,0.01,50
POS,0.48,-0.31,0.03,53
POS,0.48,-0.32,0.03,54
POS,0.49,-0.31,0.03,50
POS,0.48,-0.32,0.02,58
POS,0.48,-0.32,0.01,58
POS,0.49,-0.30,-0.01,59
POS,0.49,-0.30,0.01,42
POS,0.49,-0.30,0.01,56
POS,0.49,-0.31,-0.01,64
POS,0.49,-0.31,-0.01,55
POS,0.48,-0.31,0.02,50
POS,0.48,-0.31,0.01,56
POS,0.46,-0.31,0.02,42
POS,0.47,-0.31,0.02,50
POS,0.47,-0.31,0.02,50
POS,0.47,-0.30,0.04,41
POS,0.46,-0.30,0.04,51
POS,0.47,-0.29,0.01,58
POS,0.48,-0.29,0.02,47
POS,0.48,-0.30,0.03,50
POS,0.47,-0.30,0.03,49
POS,0.48,-0.31,0.03,57
POS,0.48,-0.31,0.02,50
POS,0.48,-0.30,0.04,41
POS,0.47,-0.30,0.04,49
POS,0.48,-0.31,0.02,61
POS,0.49,-0.30,0.00,61
POS,0.48,-0.31,0.00,55
POS,0.49,-0.31,-0.01,59
POS,0.48,-0.31,-0.00,51
POS,0.48,-0.31,0.02,46
POS,0.50,-0.30,-0.00,63
POS,0.50,-0.30,0.01,49
POS,0.50,-0.31,0.01,58
POS,0.49,-0.31,0.02,53
POS,0.48,-0.31,0.00,59
POS,0.49,-0.31,0.01,45
POS,0.49,-0.31,0.00,56
POS,0.49,-0.30,0.01,41
POS,0.48,-0.30,-0.01,61
POS,0.49,-0.30,0.01,47
POS,0.50,-0.30,0.03,49
POS,0.49,-0.31,0.03,52
POS,0.49,-0.31,0.04,48
POS,0.46,-0.28,0.03,39
POS,0.47,-0.29,0.05,51
POS,0.45,-0.27,0.04,29
POS,0.46,-0.27,0.05,42
POS,0.47,-0.29,0.05,54
POS,0.49,-0.29,0.06,51
POS,0.49,-0.29,0.04,57
POS,0.47,-0.30,0.03,51
POS,0.47,-0.30,0.04,43
POS,0.47,-0.30,0.02,59
POS,0.48,-0.30,0.01,59
POS,0.48,-0.30,0.03,51
POS,0.46,-0.28,0.02,37
POS,0.48,-0.29,0.03,53
POS,0.48,-0.29,0.03,50
POS,0.49,-0.30,0.03,49
POS,0.49,-0.30,0.05,48
POS,0.48,-0.30,0.04,46
POS,0.48,-0.31,0.02,61
POS,0.48,-0.31,0.01,57
POS,0.48,-0.30,0.01,53
POS,0.47,-0.31,0.02,49
POS,0.47,-0.31,0.02,54
POS,0.46,-0.31,0.01,54
POS,0.47,-0.32,0.02,53
POS,0.46,-0.31,0.03,48
POS,0.46,-0.30,0.04,42
POS,0.46,-0.31,0.04,49
POS,0.47,-0.30,0.04,42
POS,0.49,-0.31,0.03,57
POS,0.48,-0.31,0.02,55
POS,0.49,-0.31,0.02,55
POS,0.46,-0.28,0.01,34
POS,0.46,-0.27,0.01,39
POS,0.45,-0.28,-0.00,55
POS,0.47,-0.29,0.01,49
POS,0.48,-0.28,0.00,53
POS,0.48,-0.29,0.02,49
POS,0.49,-0.29,0.02,45
POS,0.49,-0.31,0.02,60
POS,0.48,-0.31,0.03,50
POS,0.46,-0.29,0.02,37
POS,0.46,-0.29,0.03,45
POS,0.48,-0.28,0.02,51
POS,0.48,-0.29,0.03,47
POS,0.48,-0.28,0.04,42
POS,0.48,-0.29,0.04,50
POS,0.47,-0.30,0.04,53
POS,0.47,-0.30,0.05,49
POS,0.48,-0.31,0.04,58
POS,0.49,-0.30,0.01,63
POS,0.47,-0.31,0.03,44
POS,0.48,-0.31,0.01,59
POS,0.47,-0.31,0.04,46
POS,0.48,-0.31,0.04,49
POS,0.48,-0.31,0.03,56
POS,0.48,-0.31,0.03,49
POS,0.46,-0.31,0.03,50
POS,0.45,-0.32,0.02,53
POS,0.46,-0.31,0.00,60
POS,0.47,-0.31,0.01,48
POS,0.47,-0.31,0.03,47
POS,0.48,-0.31,0.05,50
POS,0.47,-0.31,0.03,55
POS,0.48,-0.31,0.02,58
POS,0.47,-0.31,0.02,47
POS,0.48,-0.31,0.02,56
POS,0.47,-0.31,0.03,47
POS,0.46,-0.31,0.02,51
POS,0.48,-0.30,0.03,40
POS,0.47,-0.30,0.00,58
POS,0.46,-0.30,0.03,51
POS,0.48,-0.31,0.02,61
POS,0.48,-0.31,-0.01,63
POS,0.48,-0.31,0.00,53
POS,0.47,-0.31,0.02,46
POS,0.48,-0.31,0.04,45
POS,0.50,-0.30,0.04,42
POS,0.50,-0.30,0.05,48
POS,0.49,-0.30,0.02,64
POS,0.49,-0.31,0.01,58
POS,0.49,-0.32,0.03,55
POS,0.50,-0.32,0.04,54
POS,0.50,-0.32,0.03,56
POS,0.51,-0.31,0.02,61
POS,0.52,-0.31,0.03,46
POS,0.52,-0.31,0.04,45
POS,0.52,-0.31,0.02,62
POS,0.51,-0.31,0.04,46
POS,0.52,-0.31,0.01,66
POS,0.51,-0.31,0.04,48
POS,0.52,-0.31,0.04,45
POS,0.51,-0.31,0.04,56
POS,0.49,-0.32,0.02,60
POS,0.49,-0.33,0.01,61
POS,0.46,-0.30,0.00,37
POS,0.47,-0.30,-0.00,55
POS,0.47,-0.30,-0.00,52
POS,0.48,-0.30,-0.01,61
POS,0.49,-0.30,-0.02,64
POS,0.49,-0.30,-0.02,56
POS,0.50,-0.29,-0.03,61
POS,0.50,-0.30,-0.01,52
POS,0.48,-0.30,-0.02,61
POS,0.48,-0.30,-0.03,58
POS,0.47,-0.30,-0.00,47
POS,0.49,-0.30,-0.02,63
POS,0.48,-0.31,-0.01,56
POS,0.46,-0.28,-0.01,32
POS,0.48,-0.29,0.00,47
POS,0.48,-0.29,0.02,47
POS,0.48,-0.29,0.02,50
POS,0.48,-0.29,0.01,57
POS,0.48,-0.30,0.01,55
POS,0.48,-0.31,0.02,55
POS,0.47,-0.31,0.02,50
POS,0.48,-0.31,0.04,53
POS,0.47,-0.31,0.03,46
POS,0.47,-0.31,0.02,56
POS,0.48,-0.31,0.01,61
POS,0.47,-0.31,0.02,51
POS,0.47,-0.31,0.02,47
POS,0.47,-0.31,0.03,52
POS,0.49,-0.30,0.01,58
POS,0.49,-0.31,0.02,53
POS,0.49,-0.30,-0.01,63
POS,0.46,-0.28,-0.01,40
POS,0.46,-0.29,0.01,49
POS,0.48,-0.29,-0.02,65
POS,0.49,-0.29,-0.03,64
POS,0.50,-0.30,-0.02,58
POS,0.50,-0.29,-0.03,58
POS,0.51,-0.29,-0.00,51
POS,0.51,-0.30,-0.01,58
POS,0.50,-0.30,-0.00,49
POS,0.49,-0.30,-0.00,54
POS,0.49,-0.29,-0.01,53
POS,0.48,-0.29,0.01,47
POS,0.49,-0.30,0.01,47
POS,0.49,-0.30,0.03,46
POS,0.50,-0.30,0.03,51
POS,0.50,-0.30,0.03,52
POS,0.48,-0.31,-0.00,63
POS,0.47,-0.31,-0.01,61
POS,0.48,-0.31,-0.01,56
POS,0.48,-0.31,-0.03,62
POS,0.49,-0.30,-0.02,54
POS,0.47,-0.30,0.01,48
POS,0.48,-0.31,0.01,53
POS,0.47,-0.31,-0.00,58
POS,0.48,-0.31,-0.00,54
POS,0.48,-0.31,0.01,50
POS,0.47,-0.30,0.02,45
POS,0.47,-0.31,0.02,55
POS,0.46,-0.30,0.02,44
POS,0.46,-0.31,0.04,51
POS,0.46,-0.31,0.04,48
POS,0.48,-0.30,0.06,48
POS,0.47,-0.30,0.03,59
POS,0.47,-0.30,0.00,61
POS,0.48,-0.30,0.01,53
POS,0.48,-0.30,-0.01,62
POS,0.47,-0.30,0.01,43
POS,0.47,-0.30,0.03,48
POS,0.48,-0.31,0.02,58
POS,0.47,-0.28,0.02,32
POS,0.47,-0.29,0.02,55
POS,0.47,-0.29,0.03,45
POS,0.47,-0.30,0.03,53
POS,0.47,-0.30,0.03,50
POS,0.48,-0.30,0.03,47
POS,0.49,-0.30,0.02,57
POS,0.50,-0.31,0.02,57
POS,0.50,-0.31,-0.01,70
POS,0.47,-0.29,-0.01,31
POS,0.49,-0.29,-0.00,50
POS,0.49,-0.30,0.01,55
POS,0.48,-0.30,0.01,51
POS,0.48,-0.31,-0.00,61
POS,0.48,-0.31,-0.01,58
POS,0.47,-0.32,-0.01,57
POS,0.48,-0.31,-0.01,55
POS,0.50,-0.31,-0.01,59
POS,0.50,-0.31,-0.03,64
POS,0.50,-0.31,-0.04,64
POS,0.51,-0.31,-0.03,59
POS,0.51,-0.30,-0.03,56
POS,0.50,-0.29,-0.05,62
POS,0.48,-0.30,-0.06,62
POS,0.48,-0.30,-0.08,71
POS,0.48,-0.30,-0.04,45
POS,0.49,-0.29,-0.04,59
POS,0.49,-0.30,-0.01,50
POS,0.46,-0.28,-0.01,30
POS,0.46,-0.28,-0.01,56
POS,0.47,-0.28,-0.03,59
POS,0.48,-0.27,-0.03,57
POS,0.48,-0.28,-0.02,47
POS,0.48,-0.27,-0.05,66
POS,0.49,-0.28,-0.03,57
POS,0.48,-0.28,-0.03,53
POS,0.47,-0.29,-0.03,58
POS,0.47,-0.30,0.00,51
POS,0.47,-0.30,0.00,54
POS,0.47,-0.29,-0.01,57
POS,0.47,-0.29,-0.02,55
POS,0.46,-0.26,-0.02,38
POS,0.47,-0.28,-0.01,51
POS,0.47,-0.28,-0.01,55
POS,0.47,-0.30,0.01,55
POS,0.47,-0.30,0.02,49
POS,0.47,-0.30,0.01,57
POS,0.48,-0.30,-0.01,62
POS,0.49,-0.31,0.00,55
POS,0.48,-0.32,0.02,53
POS,0.47,-0.32,0.00,56
POS,0.47,-0.32,0.01,56
POS,0.47,-0.32,0.02,48
POS,0.49,-0.31,0.03,45
POS,0.49,-0.31,0.03,52
POS,0.49,-0.31,0.02,55
POS,0.48,-0.31,0.02,52
POS,0.48,-0.31,0.04,49
POS,0.49,-0.30,0.03,46
POS,0.49,-0.30,0.05,40
POS,0.49,-0.31,0.05,54
POS,0.48,-0.30,0.05,45
POS,0.49,-0.30,0.04,48
POS,0.49,-0.31,0.03,57
POS,0.50,-0.30,0.02,57
POS,0.49,-0.30,0.00,60
POS,0.49,-0.32,0.00,61
POS,0.51,-0.30,-0.01,61
POS,0.51,-0.30,0.00,47
POS,0.51,-0.31,0.01,59
POS,0.50,-0.32,0.02,51
POS,0.49,-0.31,0.04,42
POS,0.48,-0.30,0.04,43
POS,0.49,-0.15,0.04,55
POS,0.48,-0.19,0.03,57
POS,0.48,-0.23,0.02,57
POS,0.50,-0.23,0.01,59
POS,0.49,-0.26,0.00,58
POS,0.50,-0.27,0.01,44
POS,0.51,-0.27,0.04,47
POS,0.50,-0.28,0.05,49
POS,0.50,-0.28,0.03,55
POS,0.49,-0.30,0.03,51
POS,0.46,-0.28,0.02,37
POS,0.47,-0.28,0.01,59

POS,0.47,-0.29,-0.01,61
POS,0.48,-0.29,0.02,41
POS,0.50,-0.28,-0.01,63
POS,0.50,-0.29,-0.00,49
POS,0.49,-0.30,0.02,52
POS,0.49,-0.31,0.02,55
POS,0.50,-0.30,0.02,45
POS,0.49,-0.30,0.01,54
POS,0.48,-0.31,0.03,49
POS,0.47,-0.31,0.04,46
POS,0.47,-0.31,0.03,57
POS,0.49,-0.31,0.04,51
POS,0.47,-0.29,0.03,31
POS,0.47,-0.29,0.01,61
POS,0.47,-0.30,-0.00,58
POS,0.47,-0.30,-0.00,52
POS,0.48,-0.30,0.01,54
POS,0.47,-0.30,0.00,54
POS,0.49,-0.31,-0.00,62
POS,0.49,-0.31,0.01,51
POS,0.49,-0.30,0.01,53
POS,0.51,-0.28,-0.03,76
POS,0.48,-0.27,-0.03,40
POS,0.50,-0.27,-0.01,42
POS,0.48,-0.26,-0.01,42
POS,0.48,-0.27,-0.00,52
POS,0.50,-0.28,0.01,46
POS,0.50,-0.28,0.01,49
POS,0.47,-0.26,0.01,30
POS,0.47,-0.27,0.02,47
POS,0.47,-0.28,0.02,53
POS,0.48,-0.28,0.01,49
POS,0.49,-0.28,0.02,45
POS,0.47,-0.27,0.01,38
POS,0.47,-0.28,0.03,53
POS,0.48,-0.28,0.02,40
POS,0.49,-0.29,0.02,50
POS,0.51,-0.29,0.03,50
POS,0.51,-0.30,0.02,58
POS,0.52,-0.30,0.02,54
POS,0.51,-0.29,0.01,50
POS,0.51,-0.29,-0.01,60
POS,0.50,-0.29,-0.00,52
POS,0.51,-0.29,0.00,43
POS,0.49,-0.29,0.01,47
POS,0.49,-0.29,-0.00,56
POS,0.50,-0.27,-0.01,53
POS,0.50,-0.28,0.00,47
POS,0.50,-0.29,0.00,56
POS,0.49,-0.29,0.01,42
POS,0.50,-0.29,0.02,51
POS,0.50,-0.30,0.00,62
POS,0.49,-0.31,0.00,58
POS,0.49,-0.31,0.01,50
POS,0.47,-0.31,0.02,46
POS,0.47,-0.32,0.03,51
POS,0.47,-0.31,0.01,59
POS,0.46,-0.32,-0.00,61
POS,0.48,-0.32,0.00,51
POS,0.48,-0.31,0.01,52
POS,0.49,-0.31,0.02,44
POS,0.49,-0.31,0.03,53
POS,0.50,-0.32,0.02,63
POS,0.50,-0.30,0.04,35
POS,0.50,-0.30,0.02,59
POS,0.49,-0.31,0.02,55
POS,0.49,-0.32,0.01,62
POS,0.48,-0.32,-0.01,63
POS,0.49,-0.31,-0.00,44
POS,0.50,-0.31,-0.02,61
POS,0.50,-0.30,-0.03,61
POS,0.51,-0.29,-0.04,61
POS,0.50,-0.29,-0.02,50
POS,0.49,-0.28,-0.06,74
POS,0.47,-0.26,-0.05,31
POS,0.49,-0.27,-0.02,55
POS,0.49,-0.29,-0.00,53
POS,0.50,-0.29,-0.01,57
POS,0.49,-0.29,-0.00,50
POS,0.47,-0.27,-0.00,30
POS,0.47,-0.27,-0.01,54
POS,0.48,-0.28,0.01,53
POS,0.48,-0.30,0.00,61
POS,0.49,-0.30,0.02,45
POS,0.50,-0.30,0.01,59
POS,0.49,-0.30,0.02,51
POS,0.50,-0.31,0.00,62
POS,0.51,-0.30,0.01,44
POS,0.51,-0.31,0.01,59
POS,0.51,-0.31,0.00,57
POS,0.50,-0.31,0.03,52
POS,0.50,-0.31,0.04,53
POS,0.51,-0.30,0.03,40
POS,0.50,-0.30,0.04,49
POS,0.51,-0.30,0.02,60
POS,0.50,-0.30,0.01,56
POS,0.53,-0.29,0.01,52
POS,0.54,-0.30,0.00,63
POS,0.52,-0.30,0.01,51
POS,0.52,-0.30,0.02,51
POS,0.51,-0.29,0.00,56
POS,0.51,-0.30,-0.00,58
POS,0.51,-0.30,0.00,51
POS,0.49,-0.31,0.01,53
POS,0.49,-0.31,0.02,54
POS,0.49,-0.32,0.02,57
POS,0.50,-0.32,0.02,53
POS,0.49,-0.32,0.01,57
POS,0.49,-0.32,0.03,48
POS,0.48,-0.31,0.01,57
POS,0.47,-0.31,0.01,52
POS,0.47,-0.31,0.03,48
POS,0.46,-0.30,0.01,53
POS,0.47,-0.30,0.01,48
POS,0.47,-0.30,0.04,39
POS,0.48,-0.29,0.02,58
POS,0.48,-0.30,0.01,59
POS,0.48,-0.29,0.01,43
POS,0.49,-0.30,0.00,60
POS,0.49,-0.30,0.01,54
POS,0.47,-0.31,-0.01,60
POS,0.48,-0.32,-0.01,62
POS,0.49,-0.31,-0.00,44
POS,0.50,-0.30,-0.01,55
POS,0.51,-0.29,-0.01,49
POS,0.52,-0.29,-0.02,63
POS,0.50,-0.29,-0.02,56
POS,0.51,-0.29,-0.03,61
POS,0.50,-0.30,-0.03,60
POS,0.49,-0.30,-0.02,50
POS,0.49,-0.30,-0.02,54
POS,0.48,-0.31,-0.01,58
POS,0.50,-0.31,-0.00,51
POS,0.49,-0.32,-0.00,57
POS,0.50,-0.32,0.01,49
POS,0.48,-0.31,0.01,49
POS,0.48,-0.30,0.01,48
POS,0.48,-0.30,0.01,55
POS,0.50,-0.30,-0.01,62
POS,0.51,-0.31,-0.00,58
POS,0.50,-0.31,0.00,52
POS,0.50,-0.31,-0.00,58
POS,0.50,-0.31,-0.00,57
POS,0.49,-0.31,-0.00,56
POS,0.48,-0.31,-0.00,56
POS,0.46,-0.29,-0.00,30
POS,0.47,-0.29,0.02,49
POS,0.48,-0.29,0.01,57
POS,0.47,-0.30,0.03,47
POS,0.50,-0.29,0.02,53
POS,0.49,-0.30,0.01,59
POS,0.50,-0.29,-0.00,55
POS,0.49,-0.30,0.01,51
POS,0.48,-0.31,0.02,56
POS,0.48,-0.31,0.01,54
POS,0.48,-0.31,0.02,50
POS,0.49,-0.32,0.01,60
POS,0.49,-0.31,0.02,42
POS,0.49,-0.31,0.03,47
POS,0.49,-0.30,0.03,52
POS,0.50,-0.30,0.03,42
POS,0.47,-0.30,0.02,52
POS,0.49,-0.30,0.04,49
POS,0.51,-0.29,0.01,64
POS,0.51,-0.30,0.02,51
POS,0.51,-0.30,0.01,54
POS,0.50,-0.30,0.02,52
POS,0.50,-0.31,0.02,53
POS,0.50,-0.32,0.03,58
POS,0.49,-0.31,0.01,53
POS,0.49,-0.32,0.01,62
POS,0.48,-0.32,-0.01,59
POS,0.48,-0.31,0.01,39
POS,0.50,-0.31,0.02,46
POS,0.49,-0.30,-0.01,62
POS,0.49,-0.30,-0.02,58
POS,0.50,-0.30,-0.01,48
POS,0.50,-0.30,0.02,49
POS,0.50,-0.30,-0.01,65
POS,0.49,-0.30,-0.01,57
POS,0.50,-0.29,-0.01,52
POS,0.47,-0.27,-0.00,29
POS,0.48,-0.28,-0.00,57
POS,0.46,-0.30,-0.01,61
POS,0.47,-0.30,-0.02,56
POS,0.46,-0.30,0.02,46
POS,0.48,-0.28,0.00,55
POS,0.49,-0.29,-0.00,60
POS,0.50,-0.29,-0.01,59
POS,0.50,-0.29,-0.01,43
POS,0.50,-0.29,-0.02,60
POS,0.50,-0.29,-0.03,59
POS,0.48,-0.30,-0.02,56
POS,0.49,-0.29,-0.03,58
POS,0.50,-0.29,-0.03,60
POS,0.50,-0.30,-0.02,58
POS,0.49,-0.30,-0.02,56
POS,0.49,-0.30,-0.03,59
POS,0.49,-0.29,-0.03,53
POS,0.47,-0.30,-0.01,50
POS,0.47,-0.29,-0.01,51
POS,0.48,-0.29,-0.01,56
POS,0.48,-0.30,-0.02,60
POS,0.47,-0.31,-0.01,55
POS,0.46,-0.31,0.02,40
POS,0.48,-0.30,0.03,44
POS,0.48,-0.30,0.01,60
POS,0.49,-0.30,0.00,57
POS,0.49,-0.31,0.02,55
POS,0.49,-0.30,0.01,55
POS,0.48,-0.30,-0.01,60
POS,0.49,-0.31,-0.01,58
POS,0.48,-0.30,-0.02,56
POS,0.48,-0.30,-0.00,49
POS,0.48,-0.31,-0.00,56
POS,0.48,-0.31,0.01,53
POS,0.48,-0.31,0.01,54
POS,0.48,-0.30,0.00,53
POS,0.48,-0.30,0.02,47
POS,0.48,-0.30,0.03,44
POS,0.47,-0.31,0.03,51
POS,0.48,-0.30,0.04,42
POS,0.49,-0.30,0.01,62
POS,0.48,-0.30,0.01,48

POS,0.49,-0.30,0.00,60
POS,0.49,-0.31,0.01,54
POS,0.49,-0.31,0.00,58
POS,0.49,-0.31,0.01,53
POS,0.49,-0.30,0.03,41
POS,0.48,-0.30,0.02,53
POS,0.47,-0.31,0.01,60
POS,0.45,-0.28,0.01,30
POS,0.48,-0.29,0.03,54
POS,0.47,-0.30,0.02,56
POS,0.48,-0.30,0.02,48
POS,0.49,-0.31,0.05,58
POS,0.50,-0.30,0.04,48
POS,0.48,-0.30,0.04,47
POS,0.47,-0.28,0.03,36
POS,0.45,-0.27,0.02,37
POS,0.46,-0.27,-0.00,59
POS,0.45,-0.28,-0.01,57
POS,0.47,-0.28,-0.02,58
POS,0.46,-0.26,-0.02,42
POS,0.47,-0.27,-0.02,55
POS,0.48,-0.29,-0.03,64
POS,0.48,-0.29,-0.02,55
POS,0.46,-0.27,-0.02,38
POS,0.47,-0.28,-0.01,48
POS,0.49,-0.28,-0.01,58
POS,0.48,-0.29,0.01,49
POS,0.47,-0.30,0.03,45
POS,0.46,-0.30,0.03,49
POS,0.46,-0.31,0.04,53
POS,0.48,-0.30,0.01,60
POS,0.48,-0.31,0.01,57
POS,0.50,-0.31,0.01,54
POS,0.50,-0.31,0.01,47
POS,0.51,-0.30,0.02,41
POS,0.50,-0.30,0.01,50
POS,0.49,-0.29,0.02,47
POS,0.51,-0.29,0.03,44
POS,0.50,-0.30,0.01,61
POS,0.50,-0.31,0.01,56
POS,0.50,-0.31,0.03,49
POS,0.49,-0.28,0.02,40
POS,0.49,-0.29,-0.01,66
POS,0.49,-0.29,0.01,44
POS,0.49,-0.28,-0.00,55
POS,0.47,-0.26,-0.00,31
POS,0.48,-0.27,-0.01,61
POS,0.49,-0.28,-0.01,46
POS,0.48,-0.29,0.02,50
POS,0.48,-0.29,0.02,47
POS,0.47,-0.30,0.02,50
POS,0.48,-0.29,-0.00,61
POS,0.48,-0.28,-0.02,58
POS,0.48,-0.29,0.00,47
POS,0.48,-0.29,0.02,45
POS,0.47,-0.29,0.04,44
POS,0.48,-0.29,0.05,49
POS,0.48,-0.29,0.03,50
POS,0.49,-0.29,0.02,59
POS,0.49,-0.29,0.04,40
POS,0.51,-0.29,0.04,49
POS,0.51,-0.30,0.04,54
POS,0.50,-0.31,0.03,57
POS,0.50,-0.31,0.02,59
POS,0.49,-0.31,0.04,47
POS,0.49,-0.31,0.05,44
POS,0.50,-0.30,0.04,43
POS,0.49,-0.31,0.03,60
POS,0.49,-0.31,0.04,48
POS,0.48,-0.31,0.03,55
POS,0.48,-0.28,0.02,39
POS,0.48,-0.29,0.01,59
POS,0.47,-0.27,-0.00,43
POS,0.48,-0.27,-0.01,57
POS,0.49,-0.28,-0.00,53
POS,0.49,-0.29,-0.01,56
POS,0.49,-0.30,0.02,51
POS,0.48,-0.30,0.03,46
POS,0.50,-0.30,0.02,62
POS,0.49,-0.31,0.02,56
POS,0.49,-0.31,0.04,52
POS,0.50,-0.30,0.03,58
POS,0.50,-0.31,0.02,58
POS,0.51,-0.30,0.01,59
POS,0.51,-0.31,0.01,55
POS,0.50,-0.31,-0.00,60
POS,0.49,-0.30,0.00,51
POS,0.50,-0.31,0.02,53
POS,0.50,-0.30,0.02,50
POS,0.51,-0.30,0.01,60
POS,0.52,-0.29,0.00,57
POS,0.51,-0.29,0.01,42
POS,0.51,-0.30,0.00,58
POS,0.52,-0.30,0.01,53
POS,0.52,-0.30,0.03,45
POS,0.51,-0.30,0.05,44
POS,0.49,-0.29,0.05,40
POS,0.49,-0.30,0.05,54
POS,0.49,-0.30,0.03,52
POS,0.49,-0.30,0.02,58
POS,0.49,-0.31,0.03,55
POS,0.46,-0.31,0.02,51
POS,0.47,-0.30,0.00,58
POS,0.49,-0.30,0.01,44
POS,0.47,-0.30,0.01,50
POS,0.48,-0.31,0.02,47
POS,0.50,-0.30,0.04,46
POS,0.49,-0.30,0.01,63
POS,0.49,-0.30,-0.00,60
POS,0.51,-0.30,0.01,44
POS,0.50,-0.29,-0.01,59
POS,0.49,-0.30,-0.02,57
POS,0.50,-0.30,-0.01,56
POS,0.52,-0.30,-0.01,53
POS,0.48,-0.28,-0.01,37
POS,0.50,-0.28,-0.00,47
POS,0.51,-0.29,0.01,51
POS,0.48,-0.26,0.00,39
POS,0.48,-0.28,0.01,50
POS,0.48,-0.27,-0.01,61
POS,0.50,-0.28,0.02,40
POS,0.50,-0.28,-0.01,59
POS,0.49,-0.27,-0.02,54
POS,0.49,-0.28,-0.01,56
POS,0.49,-0.27,-0.04,66
POS,0.49,-0.28,-0.03,51
POS,0.48,-0.29,-0.03,61
POS,0.48,-0.28,-0.05,64
POS,0.48,-0.29,-0.03,50
POS,0.47,-0.27,-0.03,41
POS,0.49,-0.27,-0.02,40
POS,0.46,-0.25,-0.02,37
POS,0.47,-0.25,-0.02,54
POS,0.48,-0.26,-0.01,39
POS,0.50,-0.27,-0.01,60
POS,0.49,-0.27,-0.02,54
POS,0.47,-0.26,-0.01,33
POS,0.48,-0.27,-0.00,42
POS,0.47,-0.28,0.01,47
POS,0.47,-0.28,-0.01,63
POS,0.48,-0.29,-0.01,54
POS,0.47,-0.29,0.02,47
POS,0.48,-0.29,0.03,42
POS,0.48,-0.31,0.02,59
POS,0.47,-0.31,0.02,53
POS,0.49,-0.31,0.02,44
POS,0.48,-0.28,0.02,34
POS,0.49,-0.28,0.03,45
POS,0.48,-0.29,0.01,64
POS,0.50,-0.29,0.01,40
POS,0.49,-0.29,-0.01,62
POS,0.49,-0.29,-0.02,59
POS,0.49,-0.30,-0.01,55
POS,0.48,-0.29,-0.01,51
POS,0.47,-0.29,-0.03,59
POS,0.49,-0.30,-0.01,44
POS,0.46,-0.28,-0.01,37
POS,0.47,-0.27,-0.01,51
POS,0.46,-0.27,-0.03,58
POS,0.45,-0.28,-0.02,46
POS,0.47,-0.28,-0.01,42
POS,0.47,-0.27,-0.01,49
POS,0.48,-0.28,0.00,56
POS,0.47,-0.29,-0.02,62
POS,0.48,-0.29,-0.02,54
POS,0.49,-0.29,-0.01,41
POS,0.49,-0.29,-0.00,50
POS,0.48,-0.29,-0.01,55
POS,0.49,-0.29,-0.00,47
POS,0.48,-0.30,-0.00,53
POS,0.48,-0.30,-0.01,58
POS,0.48,-0.28,-0.03,59
POS,0.47,-0.29,-0.05,66
POS,0.46,-0.30,-0.02,47
POS,0.46,-0.30,-0.01,54
POS,0.48,-0.30,0.02,47
POS,0.48,-0.29,0.01,53
POS,0.48,-0.29,-0.02,65
POS,0.48,-0.29,-0.02,60
POS,0.48,-0.29,-0.03,54
POS,0.47,-0.30,-0.02,54
POS,0.49,-0.30,-0.00,48
POS,0.49,-0.30,0.01,42
POS,0.50,-0.31,0.00,60
POS,0.50,-0.30,0.00,48
POS,0.50,-0.30,0.01,54
POS,0.50,-0.29,-0.01,58
POS,0.50,-0.30,0.01,50
POS,0.50,-0.29,-0.02,63
POS,0.48,-0.29,-0.01,49
POS,0.49,-0.30,0.00,53
POS,0.50,-0.29,0.01,43
POS,0.49,-0.30,0.03,48
POS,0.50,-0.28,-0.00,65
POS,0.50,-0.27,-0.02,56
POS,0.52,-0.28,-0.01,46
POS,0.51,-0.27,-0.01,54
POS,0.49,-0.28,0.01,44
POS,0.49,-0.29,0.00,57
POS,0.50,-0.29,0.02,45
POS,0.50,-0.29,0.00,59
POS,0.50,-0.29,0.00,46
POS,0.50,-0.29,0.02,49
POS,0.50,-0.31,0.03,55
POS,0.50,-0.31,0.02,54
POS,0.50,-0.31,0.02,48
POS,0.49,-0.30,0.03,44
POS,0.48,-0.30,0.03,47
POS,0.49,-0.29,0.02,55
POS,0.48,-0.30,0.01,57
POS,0.48,-0.30,0.02,48
POS,0.48,-0.31,0.02,53
POS,0.49,-0.31,0.02,53
POS,0.48,-0.31,0.01,55
POS,0.47,-0.30,0.01,52
POS,0.48,-0.31,0.01,53
POS,0.47,-0.30,0.02,49
POS,0.47,-0.31,0.02,51
POS,0.47,-0.30,0.01,52
POS,0.48,-0.30,0.01,58
POS,0.48,-0.30,-0.01,56
POS,0.47,-0.30,-0.02,58
POS,0.48,-0.30,-0.01,52
POS,0.48,-0.30,-0.01,56
POS,0.48,-0.30,-0.01,51
POS,0.47,-0.30,-0.01,56
POS,0.49,-0.30,-0.01,51
POS,0.50,-0.30,0.01,43
POS,0.50,-0.30,0.01,44
POS,0.50,-0.29,0.01,43
POS,0.51,-0.29,0.04,49
POS,0.51,-0.30,0.05,57
POS,0.50,-0.29,0.02,57
POS,0.48,-0.29,0.03,45
POS,0.48,-0.30,0.05,52
POS,0.47,-0.30,0.02,56
POS,0.48,-0.30,0.02,54
POS,0.48,-0.30,0.02,53
POS,0.46,-0.28,0.01,35
POS,0.48,-0.28,0.01,46
POS,0.48,-0.30,0.03,52
POS,0.49,-0.28,-0.00,62
POS,0.49,-0.28,-0.00,53
POS,0.49,-0.29,0.00,53
POS,0.48,-0.29,-0.00,54
POS,0.47,-0.30,0.00,56
POS,0.46,-0.31,-0.00,57
POS,0.47,-0.31,0.01,49
POS,0.48,-0.31,0.03,49
POS,0.50,-0.31,0.04,47
POS,0.49,-0.32,0.03,56
POS,0.47,-0.29,0.02,33
POS,0.50,-0.30,0.02,59
POS,0.48,-0.30,0.02,48
POS,0.48,-0.30,0.03,47
POS,0.47,-0.29,-0.00,63
POS,0.48,-0.30,0.00,54
POS,0.49,-0.30,0.02,50
POS,0.49,-0.30,0.01,52
POS,0.49,-0.30,0.01,57
POS,0.49,-0.31,0.02,54
POS,0.50,-0.31,0.01,56
POS,0.47,-0.28,0.00,40
POS,0.49,-0.28,0.00,52
POS,0.48,-0.29,0.01,50
POS,0.49,-0.30,0.00,60
POS,0.49,-0.30,0.00,56
POS,0.49,-0.31,-0.00,60
POS,0.49,-0.31,0.00,51
POS,0.47,-0.28,0.00,34
POS,0.47,-0.29,0.01,46
POS,0.45,-0.27,0.00,41
POS,0.47,-0.28,0.01,49
POS,0.49,-0.28,0.03,50
POS,0.49,-0.29,0.00,62
POS,0.50,-0.29,0.03,53
POS,0.51,-0.30,0.03,52
POS,0.48,-0.28,0.02,37
POS,0.48,-0.29,-0.01,64
POS,0.49,-0.30,-0.01,62
POS,0.49,-0.30,-0.01,56
POS,0.50,-0.30,-0.00,53
POS,0.50,-0.30,-0.01,60
POS,0.51,-0.30,0.02,44
POS,0.50,-0.31,0.00,60
POS,0.49,-0.30,0.01,45
POS,0.48,-0.31,0.01,52
POS,0.48,-0.30,0.02,44
POS,0.46,-0.28,0.01,38
POS,0.47,-0.29,0.01,54
POS,0.47,-0.30,0.01,56
POS,0.47,-0.29,0.04,40
POS,0.49,-0.30,0.03,57
POS,0.51,-0.29,0.03,43
POS,0.52,-0.28,0.02,41
POS,0.53,-0.28,0.01,59
POS,0.53,-0.28,0.01,55
POS,0.52,-0.28,0.01,41
POS,0.52,-0.29,0.02,44
POS,0.51,-0.29,0.02,53
POS,0.50,-0.29,0.01,55
POS,0.51,-0.29,-0.01,60
POS,0.50,-0.30,0.01,51

POS,0.52,-0.29,-0.00,62
POS,0.52,-0.29,0.01,43
POS,0.51,-0.29,0.03,44
POS,0.51,-0.29,0.04,49
POS,0.52,-0.30,0.05,44
POS,0.52,-0.30,0.03,58
POS,0.51,-0.30,0.05,45
POS,0.52,-0.30,0.05,50
POS,0.52,-0.30,0.04,47
POS,0.51,-0.30,0.02,60
POS,0.50,-0.31,0.03,52
POS,0.50,-0.31,0.03,47
POS,0.49,-0.32,0.04,54
POS,0.49,-0.31,0.04,45
POS,0.49,-0.31,0.03,54
POS,0.49,-0.31,0.02,53
POS,0.49,-0.30,0.04,47
POS,0.49,-0.31,0.06,54
POS,0.49,-0.31,0.04,54
POS,0.49,-0.31,0.03,56
POS,0.48,-0.30,0.04,40
POS,0.48,-0.30,0.03,55
POS,0.50,-0.29,0.01,61
POS,0.51,-0.27,-0.04,79
POS,0.50,-0.28,-0.03,49
POS,0.50,-0.29,-0.04,62
POS,0.49,-0.29,-0.03,54
POS,0.49,-0.30,-0.01,57
POS,0.48,-0.31,0.00,50
POS,0.49,-0.31,-0.01,61
POS,0.50,-0.30,0.00,42
POS,0.51,-0.30,-0.01,61
POS,0.50,-0.30,-0.01,51
POS,0.52,-0.29,-0.01,51
POS,0.51,-0.30,-0.00,56
POS,0.49,-0.30,0.01,44
POS,0.50,-0.29,-0.02,66
POS,0.47,-0.27,-0.01,31
POS,0.48,-0.28,0.01,49
POS,0.48,-0.30,0.02,55
POS,0.49,-0.29,0.02,44
POS,0.50,-0.29,-0.00,62
POS,0.48,-0.30,0.00,52
POS,0.49,-0.30,-0.00,59
POS,0.51,-0.30,0.01,44
POS,0.52,-0.28,-0.02,64
POS,0.51,-0.29,-0.01,57
POS,0.50,-0.29,-0.04,67
POS,0.49,-0.29,-0.03,54
POS,0.50,-0.30,-0.02,57
POS,0.50,-0.30,-0.01,42
POS,0.47,-0.27,-0.00,28
POS,0.48,-0.27,-0.00,52
POS,0.48,-0.27,-0.03,68
POS,0.47,-0.29,-0.02,51
POS,0.45,-0.26,-0.02,34
POS,0.46,-0.26,-0.02,54
POS,0.47,-0.27,-0.02,53
POS,0.48,-0.28,0.01,42
POS,0.48,-0.29,0.01,54
POS,0.49,-0.30,0.02,54
POS,0.48,-0.30,0.01,54
POS,0.48,-0.30,0.01,54
POS,0.50,-0.29,0.04,45
POS,0.49,-0.30,0.04,51
POS,0.49,-0.30,0.02,58

POS,0.49,-0.29,0.01,55
POS,0.49,-0.29,-0.00,56
POS,0.49,-0.29,-0.01,59
POS,0.50,-0.29,-0.01,57
POS,0.51,-0.28,-0.01,55
POS,0.51,-0.28,-0.01,52
POS,0.49,-0.28,-0.01,51
POS,0.48,-0.29,-0.01,55
POS,0.47,-0.27,-0.01,36
POS,0.47,-0.27,-0.01,54
POS,0.49,-0.28,-0.00,45
POS,0.50,-0.28,0.00,45
POS,0.50,-0.29,0.00,55
POS,0.50,-0.29,-0.01,60
POS,0.51,-0.29,-0.01,53
POS,0.49,-0.27,-0.01,39
POS,0.48,-0.27,-0.01,53
POS,0.48,-0.29,0.01,51
POS,0.49,-0.29,0.01,47
POS,0.48,-0.29,-0.02,62
POS,0.48,-0.30,-0.02,60
POS,0.49,-0.29,-0.02,57
POS,0.49,-0.30,-0.02,57
POS,0.49,-0.29,-0.02,57
POS,0.49,-0.29,0.01,42
POS,0.49,-0.29,0.02,47
POS,0.50,-0.29,0.01,57
POS,0.48,-0.29,0.02,44
POS,0.49,-0.29,0.02,47
POS,0.48,-0.30,0.02,52
POS,0.48,-0.29,0.02,48
POS,0.51,-0.28,0.01,49
POS,0.49,-0.28,-0.00,57
POS,0.49,-0.29,0.01,50
POS,0.48,-0.29,0.02,47
POS,0.47,-0.29,0.04,46
POS,0.48,-0.29,0.05,43
POS,0.49,-0.30,0.06,50
POS,0.48,-0.29,0.02,60
POS,0.47,-0.29,0.02,52
POS,0.48,-0.29,0.01,57
POS,0.48,-0.30,0.02,51
POS,0.47,-0.31,0.04,52
POS,0.48,-0.31,0.04,51
POS,0.47,-0.31,0.03,54
POS,0.49,-0.31,0.01,60
POS,0.48,-0.31,0.00,56
POS,0.48,-0.31,0.01,52
POS,0.48,-0.31,0.04,50
POS,0.49,-0.31,0.03,52
POS,0.50,-0.31,0.01,63
POS,0.50,-0.30,-0.00,57
POS,0.50,-0.31,-0.01,62
POS,0.50,-0.32,0.00,55
POS,0.50,-0.32,0.02,53
POS,0.49,-0.31,0.03,44
POS,0.48,-0.31,0.03,51
POS,0.48,-0.30,0.00,61
POS,0.47,-0.30,-0.00,53
POS,0.46,-0.30,0.00,50
POS,0.46,-0.31,0.01,56
POS,0.47,-0.30,0.03,39
POS,0.48,-0.30,0.01,61
POS,0.48,-0.29,-0.00,52
POS,0.47,-0.30,-0.00,56
POS,0.47,-0.30,0.00,44
POS,0.48,-0.30,0.01,42
POS,0.47,-0.30,0.01,54
POS,0.47,-0.31,0.01,54
POS,0.47,-0.30,0.02,50
POS,0.45,-0.28,0.01,39
POS,0.44,-0.26,0.00,35
POS,0.45,-0.28,-0.01,60
POS,0.44,-0.28,-0.01,52
POS,0.44,-0.29,0.00,49
POS,0.46,-0.29,0.01,47
POS,0.48,-0.29,0.03,47
POS,0.47,-0.27,0.02,40
POS,0.47,-0.27,0.01,53
POS,0.48,-0.28,0.02,49
POS,0.48,-0.29,0.01,55
POS,0.49,-0.29,0.02,42
POS,0.49,-0.29,0.01,54
POS,0.51,-0.28,0.01,52
POS,0.50,-0.29,0.01,47
POS,0.49,-0.29,0.01,50
POS,0.48,-0.29,-0.01,58
POS,0.48,-0.29,-0.01,56
POS,0.49,-0.30,0.00,54
POS,0.48,-0.29,-0.00,51
POS,0.49,-0.29,-0.00,55
POS,0.50,-0.30,-0.01,62
POS,0.51,-0.30,0.01,54
POS,0.50,-0.30,-0.01,60
POS,0.47,-0.28,-0.01,37
POS,0.47,-0.28,-0.02,57
POS,0.49,-0.28,-0.01,57
POS,0.48,-0.29,-0.02,56
POS,0.46,-0.27,-0.02,40
POS,0.46,-0.28,-0.00,48
POS,0.48,-0.28,-0.01,61
POS,0.48,-0.28,-0.01,46
POS,0.47,-0.27,-0.00,29
POS,0.49,-0.28,0.01,53
POS,0.49,-0.29,0.01,55
POS,0.50,-0.29,-0.01,64
POS,0.50,-0.29,0.01,50
POS,0.51,-0.29,0.00,56
POS,0.52,-0.28,-0.02,61
POS,0.50,-0.26,-0.02,40
POS,0.49,-0.28,-0.02,58
POS,0.48,-0.29,-0.02,58
POS,0.49,-0.29,0.00,47
POS,0.49,-0.29,-0.01,60
POS,0.50,-0.28,-0.01,42
POS,0.49,-0.29,0.01,51
POS,0.51,-0.30,-0.01,65
POS,0.51,-0.30,-0.01,60
POS,0.50,-0.30,0.01,48
POS,0.50,-0.30,-0.01,59
POS,0.49,-0.30,-0.00,53
POS,0.50,-0.30,0.02,46
POS,0.51,-0.30,0.02,45
POS,0.49,-0.29,0.03,36
POS,0.49,-0.30,0.04,52
POS,0.50,-0.30,0.02,57
POS,0.52,-0.29,0.02,46
POS,0.52,-0.30,0.03,58
POS,0.50,-0.31,0.02,58
POS,0.50,-0.31,0.01,54
POS,0.50,-0.31,0.02,58
POS,0.48,-0.29,0.02,32
POS,0.48,-0.29,0.04,46
POS,0.50,-0.30,0.06,57
POS,0.51,-0.30,0.05,48
POS,0.51,-0.30,0.03,57
POS,0.51,-0.29,-0.00,64
POS,0.50,-0.29,0.00,51
POS,0.52,-0.29,-0.01,66
POS,0.51,-0.29,-0.02,54
POS,0.50,-0.30,-0.01,52
POS,0.50,-0.31,0.00,57
POS,0.50,-0.31,0.02,54
POS,0.49,-0.32,0.02,53
POS,0.46,-0.29,0.01,38
POS,0.49,-0.29,0.02,44
POS,0.49,-0.30,0.01,57
POS,0.46,-0.28,0.01,31
POS,0.48,-0.28,0.01,50
POS,0.49,-0.28,0.04,41
POS,0.49,-0.30,0.02,61
POS,0.48,-0.31,0.04,52
POS,0.49,-0.30,0.04,40
POS,0.50,-0.29,0.02,59
POS,0.48,-0.30,0.01,53
POS,0.49,-0.29,-0.00,57
POS,0.47,-0.30,0.01,51
POS,0.49,-0.29,-0.01,60
POS,0.50,-0.29,0.00,38
POS,0.50,-0.30,0.03,51
POS,0.51,-0.30,0.04,52
POS,0.49,-0.28,0.02,42
POS,0.48,-0.29,0.03,51
POS,0.46,-0.27,0.02,36
POS,0.47,-0.28,0.01,59
POS,0.45,-0.27,0.01,31
POS,0.46,-0.27,0.01,54
POS,0.49,-0.28,-0.01,63
POS,0.47,-0.26,-0.01,37
POS,0.48,-0.27,0.02,48
POS,0.49,-0.27,0.04,37
POS,0.51,-0.26,0.02,56
POS,0.53,-0.26,0.00,62
POS,0.53,-0.27,0.01,41
POS,0.52,-0.28,0.03,51
POS,0.53,-0.28,0.01,63
POS,0.49,-0.27,0.00,40
POS,0.51,-0.27,-0.00,51
POS,0.51,-0.27,0.00,45
POS,0.50,-0.28,-0.00,57
POS,0.50,-0.29,-0.01,60
POS,0.53,-0.27,-0.02,65
POS,0.52,-0.29,-0.02,60
POS,0.50,-0.30,-0.02,57
POS,0.51,-0.29,-0.02,50
POS,0.50,-0.29,-0.02,58
POS,0.50,-0.30,-0.01,50
POS,0.50,-0.30,-0.01,49
POS,0.51,-0.30,-0.00,54
POS,0.52,-0.30,0.00,52
POS,0.51,-0.31,0.01,54
POS,0.51,-0.31,0.02,51
POS,0.51,-0.31,0.01,58
POS,0.50,-0.28,0.01,36
POS,0.49,-0.29,0.01,49
POS,0.51,-0.29,0.02,41
POS,0.52,-0.29,0.02,47
POS,0.52,-0.30,0.03,54
POS,0.51,-0.30,0.03,47
POS,0.53,-0.29,0.03,44
POS,0.52,-0.29,0.01,58
POS,0.52,-0.30,0.01,59
POS,0.51,-0.31,0.01,56
POS,0.51,-0.30,0.01,55
POS,0.50,-0.31,-0.01,62
POS,0.51,-0.31,0.02,54
POS,0.52,-0.30,0.01,59
POS,0.48,-0.28,0.01,33
POS,0.49,-0.28,0.03,40
POS,0.50,-0.28,0.03,43
POS,0.50,-0.28,0.01,58
POS,0.51,-0.29,0.01,59
POS,0.52,-0.30,0.01,52
POS,0.52,-0.30,0.02,47
POS,0.50,-0.30,0.03,50
POS,0.51,-0.29,0.02,54
POS,0.51,-0.29,-0.00,62
POS,0.52,-0.28,-0.01,57
POS,0.53,-0.29,-0.01,55
POS,0.52,-0.29,-0.02,56
POS,0.51,-0.29,-0.01,44
POS,0.52,-0.30,0.01,52
POS,0.50,-0.30,0.01,54
POS,0.51,-0.30,0.01,47
POS,0.50,-0.31,0.02,51
POS,0.51,-0.30,0.01,51
POS,0.51,-0.29,0.04,46
POS,0.50,-0.29,0.01,59
POS,0.50,-0.30,0.01,49
POS,0.50,-0.30,0.03,48
POS,0.51,-0.29,0.00,64
POS,0.50,-0.30,0.00,54
POS,0.52,-0.30,0.02,43
POS,0.52,-0.29,0.01,48
POS,0.52,-0.29,0.01,55
POS,0.49,-0.27,0.01,36
POS,0.48,-0.28,-0.00,55
POS,0.48,-0.28,0.00,42
POS,0.50,-0.28,-0.02,64
POS,0.49,-0.28,-0.00,47
POS,0.50,-0.29,0.01,56
POS,0.49,-0.30,0.03,43
POS,0.49,-0.29,0.03,42
POS,0.49,-0.31,0.02,61
POS,0.49,-0.29,0.01,41
POS,0.48,-0.30,0.02,51

POS,0.48,-0.31,0.02,58
